Scenario - visual LTP Rap V4.0 HVA (based on combined block 1+2 from old 45 135 degree pilot)
Logfile written - 08/04/2015 11:04:35

Subject	Trial	Event Type	Code	Time	TTime	Uncertainty	Duration	Uncertainty	ReqTime	ReqDur	Stim Type	Pair Index

01_S0310_v0	1	Response	128	-602	9231	1
01_S0310_v0	3	Picture	full1n	9833	0	1	3166	2	0	3120	other	0
01_S0310_v0	4	Picture	full1i	20763	0	237	2903	238	0	2790	other	0
01_S0310_v0	4	Response	10	25377	4614	2
01_S0310_v0	5	Picture	full1n	33999	0	1	4500	2	0	4450	other	0
01_S0310_v0	6	Picture	full0n	47166	0	1	3500	2	0	3450	other	0
01_S0310_v0	6	Response	10	56175	9009	4
01_S0310_v0	7	Picture	full1i	57999	0	1	4833	2	0	4790	other	0
01_S0310_v0	8	Picture	full1n	70166	0	1	4333	2	0	4290	other	0
01_S0310_v0	9	Picture	full0i	82332	0	2	3500	3	0	3450	other	0
01_S0310_v0	10	Picture	full0n	94666	0	1	4166	2	0	4120	other	0
01_S0310_v0	11	Picture	blue0i	106136	0	197	3030	198	0	2950	false_alarm	13
01_S0310_v0	11	Response	10	110174	4038	4
01_S0310_v0	12	Picture	full1i	118166	0	1	3833	2	0	3790	other	0
01_S0310_v0	12	Response	10	122376	4210	2
01_S0310_v0	13	Picture	full0n	130999	0	1	5000	2	0	4950	other	0
01_S0310_v0	14	Picture	full0i	143665	0	2	4167	3	0	4120	other	0
01_S0310_v0	15	Picture	full1n	157165	0	1	4167	2	0	4120	other	0
01_S0310_v0	15	Response	10	159973	2808	4
01_S0310_v0	16	Picture	full1i	169832	0	1	3667	2	0	3620	other	0
01_S0310_v0	16	Response	10	174173	4341	4
01_S0310_v0	17	Picture	full1n	181165	0	1	4500	2	0	4450	other	0
01_S0310_v0	17	Response	10	184773	3608	4
01_S0310_v0	18	Picture	blue1i	193332	0	1	3333	2	0	3290	false_alarm	25
01_S0310_v0	18	Response	10	196573	3241	4
01_S0310_v0	19	Picture	full1n	205499	0	1	4333	2	0	4290	other	0
01_S0310_v0	19	Response	10	208772	3273	4
01_S0310_v0	20	Picture	full0n	217665	0	1	4667	2	0	4620	other	0
01_S0310_v0	21	Picture	full1i	229498	0	2	2500	3	0	2450	other	0
01_S0310_v0	21	Response	10	232773	3275	2
01_S0310_v0	21	Response	10	234175	4677	1
01_S0310_v0	22	Picture	full0i	241832	0	1	3000	2	0	2950	other	0
01_S0310_v0	23	Picture	full0n	255332	0	1	5000	2	0	4950	other	0
01_S0310_v0	24	Picture	full0i	268832	0	1	4500	2	0	4450	other	0
01_S0310_v0	25	Picture	full0n	281665	0	1	3000	2	0	2950	other	0
01_S0310_v0	26	Picture	full1n	294331	0	2	3334	3	0	3290	other	0
01_S0310_v0	26	Response	10	296572	2241	2
01_S0310_v0	26	Response	10	296772	2441	2
01_S0310_v0	27	Picture	blue1i	306165	0	1	3166	2	0	3120	false_alarm	40
01_S0310_v0	27	Response	10	308774	2609	1
01_S0310_v0	27	Response	10	310374	4209	1
01_S0310_v0	27	Response	10	318371	12206	4
01_S0310_v0	28	Picture	full0i	318831	0	2	3834	3	0	3790	other	0
01_S0310_v0	29	Picture	full0n	331165	0	1	5000	2	0	4950	other	0
01_S0310_v0	30	Picture	full0i	342998	0	1	2500	2	0	2450	other	0
01_S0310_v0	31	Picture	full1n	354331	0	1	4334	2	0	4290	other	0
01_S0310_v0	31	Response	10	356772	2441	1
01_S0310_v0	31	Response	10	356972	2641	1
01_S0310_v0	32	Picture	full1i	366498	0	1	2833	2	0	2790	other	0
01_S0310_v0	32	Response	10	368971	2473	2
01_S0310_v0	32	Response	10	369171	2673	2
01_S0310_v0	33	Picture	full0n	377998	0	1	2833	2	0	2790	other	0
01_S0310_v0	34	Picture	full1n	388831	0	1	4166	3	0	4120	other	0
01_S0310_v0	34	Response	10	391771	2940	2
01_S0310_v0	34	Response	10	391971	3140	1
01_S0310_v0	35	Picture	full1i	400998	0	1	3666	2	0	3620	other	0
01_S0310_v0	35	Response	10	403371	2373	1
01_S0310_v0	35	Response	10	403571	2573	1
01_S0310_v0	36	Picture	full1n	413831	0	1	3667	2	0	3620	other	0
01_S0310_v0	36	Response	10	416571	2740	1
01_S0310_v0	36	Response	10	416771	2940	1
01_S0310_v0	36	Response	10	418772	4941	1
01_S0310_v0	37	Picture	full0i	425998	0	1	5000	2	0	4950	other	0
01_S0310_v0	38	Picture	blue1i	437331	0	1	2833	2	0	2790	false_alarm	65
01_S0310_v0	38	Response	10	440369	3038	4
01_S0310_v0	38	Response	10	441972	4641	1
01_S0310_v0	39	Picture	full1n	448331	0	1	3000	2	0	2950	other	0
01_S0310_v0	39	Response	10	451369	3038	4
01_S0310_v0	39	Response	10	452771	4440	2
01_S0310_v0	40	Picture	full0n	460997	0	2	2834	3	0	2790	other	0
01_S0310_v0	41	Picture	full0i	471997	0	2	4000	3	0	3950	other	0
01_S0310_v0	42	Picture	full0n	484164	0	1	3667	2	0	3620	other	0
01_S0310_v0	43	Picture	full0i	496997	0	1	2834	2	0	2790	other	0
01_S0310_v0	44	Picture	full0n	510164	0	1	4333	2	0	4290	other	0
01_S0310_v0	45	Picture	full1i	523331	0	1	3666	2	0	3620	other	0
01_S0310_v0	46	Picture	full0i	535997	0	1	3667	2	0	3620	other	0
01_S0310_v0	47	Picture	full1n	546830	0	2	4500	4	0	4450	other	0
01_S0310_v0	47	Response	10	549159	2329	1
01_S0310_v0	47	Response	10	549359	2529	1
01_S0310_v0	47	Response	10	550760	3930	1
01_S0310_v0	48	Picture	full0n	558997	0	1	3167	2	0	3120	other	0
01_S0310_v0	49	Picture	full1i	570497	0	1	3000	2	0	2950	other	0
01_S0310_v0	49	Response	10	572758	2261	2
01_S0310_v0	49	Response	10	572958	2461	2
01_S0310_v0	50	Picture	blue0i	582330	0	1	3167	2	0	3120	other	0
01_S0310_v0	51	Picture	full0n	593830	0	1	3834	2	0	3790	other	0
01_S0310_v0	52	Picture	full0i	606164	0	1	3000	2	0	2950	other	0
01_S0310_v0	53	Picture	full0n	617664	0	1	4833	2	0	4790	other	0
01_S0310_v0	54	Picture	full1n	630830	0	1	2500	2	0	2450	other	0
01_S0310_v0	54	Response	10	633356	2526	4
01_S0310_v0	55	Picture	full1i	641663	0	2	3000	3	0	2950	other	0
01_S0310_v0	55	Response	10	644756	3093	4
01_S0310_v0	55	Response	10	646758	5095	2
01_S0310_v0	56	Picture	full0i	655163	0	2	3000	3	0	2950	other	0
01_S0310_v0	57	Picture	full0n	666497	0	1	3666	2	0	3620	other	0
01_S0310_v0	58	Picture	full1n	679663	0	1	3334	2	0	3290	other	0
01_S0310_v0	58	Response	10	681957	2294	1
01_S0310_v0	58	Response	10	682157	2494	1
01_S0310_v0	59	Picture	full1i	691830	0	1	4500	2	0	4450	other	0
01_S0310_v0	59	Response	10	693955	2125	4
01_S0310_v0	60	Picture	blue1n	703663	0	1	4167	2	0	4120	false_alarm	102
01_S0310_v0	60	Response	10	706755	3092	4
01_S0310_v0	61	Picture	full0i	715996	0	2	2667	3	0	2620	other	0
01_S0310_v0	62	Picture	full0n	728663	0	1	4667	2	0	4620	other	0
01_S0310_v0	63	Picture	full0i	740830	0	1	2666	2	0	2620	other	0
01_S0310_v0	64	Picture	full1i	753663	0	1	4667	2	0	4620	other	0
01_S0310_v0	64	Response	10	755954	2291	4
01_S0310_v0	64	Response	10	757957	4294	1
01_S0310_v0	65	Picture	full0n	765163	0	1	2833	2	0	2790	other	0
01_S0310_v0	66	Picture	full1n	777330	0	1	4000	2	0	3950	other	0
01_S0310_v0	66	Response	10	779955	2625	2
01_S0310_v0	66	Response	10	780155	2825	1
01_S0310_v0	67	Picture	full1i	790163	0	1	3500	2	0	3450	other	0
01_S0310_v0	67	Response	10	793554	3391	4
01_S0310_v0	67	Response	10	795956	5793	1
01_S0310_v0	68	Picture	full1n	802496	0	1	4000	2	0	3950	other	0
01_S0310_v0	68	Response	10	804953	2457	4
01_S0310_v0	69	Picture	full0i	814663	0	1	4500	2	0	4450	other	0
01_S0310_v0	69	Response	10	817555	2892	1
01_S0310_v0	69	Response	10	817755	3092	1
01_S0310_v0	69	Response	10	819556	4893	1
01_S0310_v0	70	Picture	blue0n	826829	0	2	2500	3	0	2450	other	0
01_S0310_v0	71	Picture	full0i	838996	0	1	4167	2	0	4120	other	0
01_S0310_v0	72	Picture	full0n	849829	0	1	4834	2	0	4790	other	0
01_S0310_v0	73	Picture	full0i	860829	0	1	2500	2	0	2450	other	0
01_S0310_v0	74	Picture	full0n	873663	0	1	4833	2	0	4790	other	0
01_S0310_v0	75	Picture	full0i	886329	0	1	3333	3	0	3290	other	0
01_S0310_v0	76	Picture	full1i	899829	0	1	3500	2	0	3450	other	0
01_S0310_v0	76	Response	10	902953	3124	2
01_S0310_v0	76	Response	10	904555	4726	1
01_S0310_v0	77	Picture	full1n	912496	0	1	3833	2	0	3790	other	0
01_S0310_v0	77	Response	10	914953	2457	2
01_S0310_v0	77	Response	10	915153	2657	1
01_S0310_v0	77	Response	10	916954	4458	2
01_S0310_v0	78	Picture	full0n	925329	0	1	4500	2	0	4450	other	0
01_S0310_v0	79	Picture	full0i	937496	0	1	2500	2	0	2450	other	0
01_S0310_v0	80	Picture	full1i	948329	0	1	4167	2	0	4120	other	0
01_S0310_v0	80	Response	10	951353	3024	1
01_S0310_v0	81	Picture	blue0n	961162	0	1	4667	2	0	4620	other	0
01_S0310_v0	82	Picture	full1n	972162	0	1	2500	2	0	2450	other	0
01_S0310_v0	82	Response	10	975951	3789	4
01_S0310_v0	83	Picture	full1i	984495	0	2	3500	3	0	3450	other	0
01_S0310_v0	83	Response	10	988552	4057	1
01_S0310_v0	84	Picture	full1n	995495	0	1	3167	2	0	3120	other	0
01_S0310_v0	84	Response	10	998150	2655	4
01_S0310_v0	84	Response	10	999953	4458	1
01_S0310_v0	85	Picture	full1i	1008662	0	1	3000	2	0	2950	other	0
01_S0310_v0	85	Response	10	1011950	3288	4
01_S0310_v0	86	Picture	full0i	1020162	0	1	3333	2	0	3290	other	0
01_S0310_v0	87	Picture	full0n	1031662	0	1	3000	2	0	2950	other	0
01_S0310_v0	88	Picture	full1n	1043995	0	1	3000	2	0	2950	other	0
01_S0310_v0	88	Response	10	1047550	3555	4
01_S0310_v0	89	Picture	full1i	1056162	0	1	3666	3	0	3620	other	0
01_S0310_v0	89	Response	10	1058750	2588	3
01_S0310_v0	89	Response	10	1060752	4590	1
01_S0310_v0	90	Picture	full1n	1069328	0	1	4000	2	0	3950	other	0
01_S0310_v0	90	Response	10	1071549	2221	4
01_S0310_v0	91	Picture	full1i	1080662	0	1	4833	2	0	4790	other	0
01_S0310_v0	91	Response	10	1082951	2289	1
01_S0310_v0	91	Response	10	1083151	2489	1
01_S0310_v0	92	Picture	full1n	1093828	0	1	2500	2	0	2450	other	0
01_S0310_v0	92	Response	10	1096549	2721	4
01_S0310_v0	92	Response	10	1098752	4924	1
01_S0310_v0	93	Picture	full0i	1105162	0	1	4500	2	0	4450	other	0
01_S0310_v0	94	Picture	blue1i	1116495	0	1	3333	2	0	3290	false_alarm	166
01_S0310_v0	94	Response	10	1119543	3048	10
01_S0310_v0	95	Picture	full1n	1128328	0	1	4500	2	0	4450	other	0
01_S0310_v0	95	Response	10	1131948	3620	4
01_S0310_v0	96	Picture	full0n	1141495	0	1	4166	2	0	4120	other	0
01_S0310_v0	97	Picture	full1i	1152995	0	1	3833	2	0	3790	other	0
01_S0310_v0	97	Response	10	1155751	2756	1
01_S0310_v0	98	Picture	full1n	1163995	0	1	4500	2	0	4450	other	0
01_S0310_v0	98	Response	10	1167349	3354	2
01_S0310_v0	98	Response	10	1167549	3554	2
01_S0310_v0	99	Picture	full1i	1177161	0	1	2834	2	0	2790	other	0
01_S0310_v0	99	Response	10	1179748	2587	4
01_S0310_v0	99	Response	10	1181349	4188	1
01_S0310_v0	100	Picture	full1n	1187995	0	1	3833	2	0	3790	other	0
01_S0310_v0	100	Response	10	1190149	2154	1
01_S0310_v0	100	Response	10	1191750	3755	1
01_S0310_v0	101	Picture	full1i	1200161	0	1	4500	2	0	4450	other	0
01_S0310_v0	101	Response	10	1202349	2188	1
01_S0310_v0	101	Response	10	1202549	2388	1
01_S0310_v0	101	Response	10	1204350	4189	1
01_S0310_v0	102	Picture	full0i	1210994	0	2	3667	3	0	3620	other	0
01_S0310_v0	103	Picture	blue1n	1221994	0	2	4500	3	0	4450	false_alarm	187
01_S0310_v0	103	Response	10	1225348	3354	2
01_S0310_v0	104	Picture	full1i	1232994	0	2	4500	3	0	4450	other	0
01_S0310_v0	105	Picture	full1n	1246494	0	2	4667	3	0	4620	other	0
01_S0310_v0	105	Response	10	1251348	4854	1
01_S0310_v0	106	Picture	full1i	1258328	0	1	3166	2	0	3120	other	0
01_S0310_v0	106	Response	10	1260463	2135	1
01_S0310_v0	107	Picture	full1n	1271828	0	1	2666	2	0	2620	other	0
01_S0310_v0	107	Response	10	1273946	2118	4
01_S0310_v0	108	Picture	full0n	1283661	0	1	4667	2	0	4620	other	0
01_S0310_v0	109	Picture	full0i	1295828	0	1	4999	3	0	4950	other	0
01_S0310_v0	110	Picture	full1i	1308161	0	1	3500	2	0	3450	other	0
01_S0310_v0	110	Response	10	1310546	2385	4
01_S0310_v0	110	Response	10	1312348	4187	2
01_S0310_v0	111	Picture	full1n	1321661	0	1	4833	2	0	4790	other	0
01_S0310_v0	111	Response	10	1324346	2685	3
01_S0310_v0	112	Picture	blue0n	1333994	0	1	4500	2	0	4450	false_alarm	203
01_S0310_v0	112	Response	10	1337747	3753	1
01_S0310_v0	113	Picture	full0i	1345327	0	1	2667	2	0	2620	other	0
01_S0310_v0	114	Picture	full1i	1356827	0	1	3167	2	0	3120	other	0
01_S0310_v0	114	Response	10	1359348	2521	1
01_S0310_v0	114	Response	10	1361148	4321	1
01_S0310_v0	115	Picture	full0n	1369494	0	1	3167	2	0	3120	other	0
01_S0310_v0	116	Picture	full0i	1380327	0	1	3167	2	0	3120	other	0
01_S0310_v0	116	Response	10	1382545	2218	4
01_S0310_v0	116	Response	10	1384147	3820	1
01_S0310_v0	117	Picture	full0n	1392160	0	2	3167	3	0	3120	other	0
01_S0310_v0	118	Picture	full1n	1404994	0	1	3833	2	0	3790	other	0
01_S0310_v0	118	Response	10	1407946	2952	1
01_S0310_v0	119	Picture	full1i	1418494	0	1	4833	2	0	4790	other	0
01_S0310_v0	119	Response	10	1421545	3051	2
01_S0310_v0	120	Picture	full1n	1431327	0	1	4500	2	0	4450	other	0
01_S0310_v0	120	Response	10	1434144	2817	4
01_S0310_v0	121	Picture	blue0i	1442660	0	1	4500	2	0	4450	other	0
01_S0310_v0	122	Picture	full0n	1454494	0	1	5000	2	0	4950	other	0
01_S0310_v0	123	Picture	full1i	1465493	0	2	2500	4	0	2450	other	0
01_S0310_v0	123	Response	10	1468543	3050	4
01_S0310_v0	124	Picture	full0i	1477827	0	1	4666	2	0	4620	other	0
01_S0310_v0	125	Picture	full0n	1489160	0	1	3167	2	0	3120	other	0
01_S0310_v0	126	Picture	full0i	1500493	0	1	4334	2	0	4290	other	0
01_S0310_v0	127	Picture	full0n	1511993	0	1	3667	2	0	3620	other	0
01_S0310_v0	128	Picture	full0i	1523827	0	1	2666	2	0	2620	other	0
01_S0310_v0	129	Picture	blue1n	1537327	0	1	2830	14	0	2790	false_alarm	229
01_S0310_v0	129	Response	10	1541144	3817	1
01_S0310_v0	130	Picture	full0n	1550826	0	2	5000	4	0	4950	other	0
01_S0310_v0	131	Picture	full1i	1561826	0	2	3334	3	0	3290	other	0
01_S0310_v0	131	Response	10	1565343	3517	2
01_S0310_v0	131	Response	10	1565545	3719	1
01_S0310_v0	131	Response	10	1567145	5319	1
01_S0310_v0	132	Picture	full0i	1574493	0	1	2833	2	0	2790	other	0
01_S0310_v0	133	Picture	full0n	1585993	0	1	3833	2	0	3790	other	0
01_S0310_v0	134	Picture	full0i	1598160	0	1	2833	2	0	2790	other	0
01_S0310_v0	135	Picture	full1n	1608993	0	1	3333	2	0	3290	other	0
01_S0310_v0	135	Response	10	1611543	2550	1
01_S0310_v0	136	Picture	82	1620326	0	1	100166	3	0	next	other	0
01_S0310_v0	136	Picture	82	1720492	100166	2	10000	4	100000	next	other	0
01_S0310_v0	136	Picture	82	1730492	110166	2	10000	3	110000	next	other	0
01_S0310_v0	136	Picture	82	1740492	120166	1	10000	2	120000	next	other	0
01_S0310_v0	136	Picture	82	1750492	130166	1	10000	2	130000	next	other	0
01_S0310_v0	136	Picture	82	1760492	140166	1	10000	2	140000	next	other	0
01_S0310_v0	136	Picture	82	1770492	150166	1	10000	2	150000	next	other	0
01_S0310_v0	136	Picture	82	1780492	160166	1	10000	2	160000	next	other	0
01_S0310_v0	136	Picture	82	1790492	170166	1	10000	2	170000	next	other	0
01_S0310_v0	136	Picture	82	1800492	180166	1	10000	2	180000	next	other	0
01_S0310_v0	136	Picture	82	1810492	190166	1	10000	2	190000	10000	other	0
01_S0310_v0	137	Picture	full0n	1820492	0	1	3167	2	0	3120	other	0
01_S0310_v0	138	Picture	full0i	1832825	0	2	2834	3	0	2790	other	0
01_S0310_v0	139	Picture	full0n	1845659	0	1	4500	2	0	4450	other	0
01_S0310_v0	140	Picture	full1n	1857159	0	1	3500	2	0	3450	other	0
01_S0310_v0	140	Response	10	1859929	2770	1
01_S0310_v0	140	Response	10	1860129	2970	1
01_S0310_v0	141	Picture	blue0i	1870659	0	1	4833	2	0	4790	other	0
01_S0310_v0	142	Picture	full0n	1882825	0	1	4333	3	0	4290	other	0
01_S0310_v0	143	Picture	full1i	1895158	0	2	3500	3	0	3450	other	0
01_S0310_v0	143	Response	10	1898127	2969	4
01_S0310_v0	144	Picture	full1n	1906158	0	2	4167	3	0	4120	other	0
01_S0310_v0	144	Response	10	1909927	3769	4
01_S0310_v0	145	Picture	full1i	1917492	0	1	3000	2	0	2950	other	0
01_S0310_v0	145	Response	10	1920127	2635	3
01_S0310_v0	145	Response	10	1922329	4837	1
01_S0310_v0	146	Picture	full0i	1929658	0	1	3834	2	0	3790	other	0
01_S0310_v0	147	Picture	full1n	1940658	0	1	5000	2	0	4950	other	0
01_S0310_v0	147	Response	10	1943327	2669	2
01_S0310_v0	148	Picture	full1i	1953325	0	1	4167	2	0	4120	other	0
01_S0310_v0	148	Response	10	1955526	2201	4
01_S0310_v0	148	Response	10	1957529	4204	1
01_S0310_v0	149	Picture	blue0n	1965492	0	1	4166	2	0	4120	other	0
01_S0310_v0	150	Picture	full0i	1978158	0	1	3667	2	0	3620	other	0
01_S0310_v0	151	Picture	full0n	1988991	0	2	4500	3	0	4450	other	0
01_S0310_v0	152	Picture	full0i	2001325	0	1	3333	2	0	3290	other	0
01_S0310_v0	153	Picture	full0n	2013658	0	1	4333	2	0	4290	other	0
01_S0310_v0	154	Picture	full1n	2025825	0	1	4666	2	0	4620	other	0
01_S0310_v0	154	Response	10	2029726	3901	2
01_S0310_v0	154	Response	10	2029926	4101	1
01_S0310_v0	154	Response	10	2031327	5502	2
01_S0310_v0	155	Picture	full0i	2038991	0	1	2500	2	0	2450	other	0
01_S0310_v0	156	Picture	full1i	2049825	0	1	2999	3	0	2950	other	0
01_S0310_v0	156	Response	10	2054526	4701	1
01_S0310_v0	157	Picture	full0n	2060824	0	2	5000	4	0	4950	other	0
01_S0310_v0	158	Picture	full1n	2073491	0	1	4500	2	0	4450	other	0
01_S0310_v0	158	Response	10	2076325	2834	2
01_S0310_v0	159	Picture	blue1i	2086658	0	1	3000	2	0	2950	false_alarm	288
01_S0310_v0	159	Response	10	2089527	2869	1
01_S0310_v0	160	Picture	full0i	2098158	0	1	3333	2	0	3290	other	0
01_S0310_v0	161	Picture	full0n	2111658	0	1	3166	2	0	3120	other	0
01_S0310_v0	162	Picture	full1n	2124824	0	1	3834	2	0	3790	other	0
01_S0310_v0	162	Response	10	2128525	3701	1
01_S0310_v0	162	Response	10	2128725	3901	1
01_S0310_v0	163	Picture	full1i	2136991	0	1	5000	2	0	4950	other	0
01_S0310_v0	163	Response	10	2140723	3732	4
01_S0310_v0	163	Response	10	2142726	5735	1
01_S0310_v0	164	Picture	full1n	2148824	0	1	2500	2	0	2450	other	0
01_S0310_v0	164	Response	10	2152123	3299	4
01_S0310_v0	165	Picture	full0i	2161991	0	1	4333	2	0	4290	other	0
01_S0310_v0	166	Picture	full0n	2175491	0	1	2832	4	0	2790	other	0
01_S0310_v0	167	Picture	full1i	2187824	0	1	2833	2	0	2790	other	0
01_S0310_v0	167	Response	10	2190322	2498	4
01_S0310_v0	168	Picture	full0i	2200657	0	1	4167	2	0	4120	other	0
01_S0310_v0	169	Picture	full0n	2212157	0	1	3667	2	0	3620	other	0
01_S0310_v0	170	Picture	full0i	2223990	0	2	3667	3	0	3620	other	0
01_S0310_v0	171	Picture	full1n	2237490	0	2	5000	4	0	4950	other	0
01_S0310_v0	171	Response	10	2240322	2832	4
01_S0310_v0	172	Picture	full0n	2248324	0	1	2833	2	0	2790	other	0
01_S0310_v0	173	Picture	blue0i	2259657	0	1	3000	2	0	2950	other	0
01_S0310_v0	174	Picture	full1i	2271490	0	1	2831	5	0	2790	other	0
01_S0310_v0	174	Response	10	2274921	3431	4
01_S0310_v0	175	Picture	full1n	2282490	0	1	4000	2	0	3950	other	0
01_S0310_v0	175	Response	10	2286322	3832	2
01_S0310_v0	176	Picture	full1i	2294657	0	1	3667	2	0	3620	other	0
01_S0310_v0	176	Response	10	2297122	2465	2
01_S0310_v0	176	Response	10	2297322	2665	1
01_S0310_v0	177	Picture	full1n	2306490	0	1	2833	3	0	2790	other	0
01_S0310_v0	177	Response	10	2308921	2431	4
01_S0310_v0	177	Response	10	2310723	4233	1
01_S0310_v0	178	Picture	blue1i	2318823	0	2	4334	3	0	4290	false_alarm	321
01_S0310_v0	178	Response	10	2322320	3497	4
01_S0310_v0	179	Picture	full0n	2330990	0	1	3667	2	0	3620	other	0
01_S0310_v0	180	Picture	full1n	2343823	0	2	3667	3	0	3620	other	0
01_S0310_v0	180	Response	10	2347320	3497	4
01_S0310_v0	181	Picture	full0i	2354823	0	1	4500	2	0	4450	other	0
01_S0310_v0	182	Picture	full1i	2367490	0	1	3167	2	0	3120	other	0
01_S0310_v0	182	Response	10	2369920	2430	4
01_S0310_v0	183	Picture	full0n	2380157	0	1	3000	2	0	2950	other	0
01_S0310_v0	184	Picture	full1n	2392823	0	1	3167	2	0	3120	other	0
01_S0310_v0	184	Response	10	2395321	2498	1
01_S0310_v0	185	Picture	full1i	2404990	0	1	3833	2	0	3790	other	0
01_S0310_v0	185	Response	10	2409719	4729	4
01_S0310_v0	186	Picture	full1n	2417823	0	1	3000	2	0	2950	other	0
01_S0310_v0	186	Response	10	2420920	3097	2
01_S0310_v0	187	Picture	full1i	2431323	0	1	4833	2	0	4790	other	0
01_S0310_v0	187	Response	10	2433920	2597	1
01_S0310_v0	187	Response	10	2435921	4598	1
01_S0310_v0	188	Picture	full0i	2442823	0	1	2500	2	0	2450	other	0
01_S0310_v0	189	Picture	blue0n	2454156	0	1	3000	2	0	2950	other	0
01_S0310_v0	190	Picture	full1n	2466323	0	1	3000	2	0	2950	other	0
01_S0310_v0	190	Response	10	2469918	3595	4
01_S0310_v0	191	Picture	full1i	2479156	0	1	3667	2	0	3620	other	0
01_S0310_v0	191	Response	10	2483318	4162	4
01_S0310_v0	192	Picture	full0i	2492656	0	1	3333	2	0	3290	other	0
01_S0310_v0	193	Picture	full0n	2503489	0	2	4500	3	0	4450	other	0
01_S0310_v0	194	Picture	full0i	2516156	0	1	4167	2	0	4120	other	0
01_S0310_v0	195	Picture	full1n	2527156	0	1	2667	2	0	2620	other	0
01_S0310_v0	195	Response	10	2530319	3163	1
01_S0310_v0	195	Response	10	2532520	5364	1
01_S0310_v0	196	Picture	full1i	2539323	0	1	4666	2	0	4620	other	0
01_S0310_v0	196	Response	10	2542118	2795	2
01_S0310_v0	197	Picture	blue1n	2550323	0	1	2666	2	0	2620	false_alarm	353
01_S0310_v0	197	Response	10	2552920	2597	1
01_S0310_v0	198	Picture	full0n	2562656	0	1	4666	3	0	4620	other	0
01_S0310_v0	199	Picture	full1i	2575822	0	2	2834	3	0	2790	other	0
01_S0310_v0	199	Response	10	2578517	2695	3
01_S0310_v0	200	Picture	full0i	2586656	0	1	4000	2	0	3950	other	0
01_S0310_v0	201	Picture	full0n	2598822	0	1	3500	2	0	3450	other	0
01_S0310_v0	202	Picture	full0i	2610656	0	1	4000	2	0	3950	other	0
01_S0310_v0	203	Picture	full1n	2621656	0	1	4500	2	0	4450	other	0
01_S0310_v0	203	Response	10	2623916	2260	4
01_S0310_v0	203	Response	10	2625718	4062	2
01_S0310_v0	204	Picture	full1i	2635156	0	1	2500	2	0	2450	other	0
01_S0310_v0	204	Response	10	2639517	4361	1
01_S0310_v0	204	Response	10	2639717	4561	1
01_S0310_v0	205	Picture	full1n	2646989	0	1	4166	3	0	4120	other	0
01_S0310_v0	205	Response	10	2649717	2728	1
01_S0310_v0	205	Response	10	2651318	4329	1
01_S0310_v0	206	Picture	blue1i	2660155	0	2	4834	3	0	4790	false_alarm	370
01_S0310_v0	206	Response	10	2662915	2760	4
01_S0310_v0	207	Picture	full1n	2671155	0	2	2500	3	0	2450	other	0
01_S0310_v0	207	Response	10	2674515	3360	4
01_S0310_v0	208	Picture	full1i	2683989	0	1	4833	2	0	4790	other	0
01_S0310_v0	208	Response	10	2687915	3926	4
01_S0310_v0	208	Response	10	2689918	5929	1
01_S0310_v0	209	Picture	full1n	2695322	0	1	3333	2	0	3290	other	0
01_S0310_v0	209	Response	10	2698316	2994	1
01_S0310_v0	210	Picture	full0n	2707989	0	1	3500	2	0	3450	other	0
01_S0310_v0	211	Picture	full0i	2720655	0	1	3834	2	0	3790	other	0
01_S0310_v0	212	Picture	full1i	2733822	0	1	4500	2	0	4450	other	0
01_S0310_v0	212	Response	10	2737717	3895	1
01_S0310_v0	213	Picture	full1n	2744655	0	1	2500	2	0	2450	other	0
01_S0310_v0	214	Picture	full0n	2756155	0	1	4167	2	0	4120	other	0
01_S0310_v0	215	Picture	full1i	2768988	0	1	4667	2	0	4620	other	0
01_S0310_v0	215	Response	10	2772116	3128	2
01_S0310_v0	216	Picture	blue0i	2780822	0	1	2500	2	0	2450	false_alarm	387
01_S0310_v0	216	Response	10	2785313	4491	4
01_S0310_v0	217	Picture	full0n	2792655	0	1	3500	2	0	3450	other	0
01_S0310_v0	218	Picture	full0i	2804155	0	1	3167	2	0	3120	other	0
01_S0310_v0	219	Picture	full0n	2814988	0	1	3000	2	0	2950	other	0
01_S0310_v0	220	Picture	full1n	2827321	0	2	3334	3	0	3290	other	0
01_S0310_v0	220	Response	10	2829714	2393	2
01_S0310_v0	220	Response	10	2831715	4394	2
01_S0310_v0	221	Picture	full1i	2840155	0	1	3000	2	0	2950	other	0
01_S0310_v0	221	Response	10	2844114	3959	1
01_S0310_v0	222	Picture	full0i	2852488	0	1	3000	2	0	2950	other	0
01_S0310_v0	223	Picture	full0n	2865988	0	1	3667	2	0	3620	other	0
01_S0310_v0	224	Picture	full0i	2879488	0	1	4000	2	0	3950	other	0
01_S0310_v0	225	Picture	blue1n	2891655	0	1	4833	2	0	4790	false_alarm	400
01_S0310_v0	225	Response	10	2894513	2858	2
01_S0310_v0	226	Picture	full0n	2905154	0	2	2500	4	0	2450	other	0
01_S0310_v0	227	Picture	full1i	2916488	0	1	4500	2	0	4450	other	0
01_S0310_v0	227	Response	10	2919913	3425	1
01_S0310_v0	227	Response	10	2921514	5026	1
01_S0310_v0	228	Picture	full0i	2929654	0	2	3334	3	0	3290	other	0
01_S0310_v0	229	Picture	full0n	2942321	0	1	4500	2	0	4450	other	0
01_S0310_v0	230	Picture	full1n	2953154	0	1	4167	2	0	4120	other	0
01_S0310_v0	230	Response	10	2955901	2747	4
01_S0310_v0	231	Picture	full0i	2966321	0	1	3833	2	0	3790	other	0
01_S0310_v0	232	Picture	full0n	2979154	0	1	4500	2	0	4450	other	0
01_S0310_v0	233	Picture	full0i	2991321	0	1	2833	2	0	2790	other	0
01_S0310_v0	234	Picture	full0n	3002821	0	1	3833	2	0	3790	other	0
01_S0310_v0	235	Picture	full0i	3014321	0	1	4500	2	0	4450	other	0
01_S0310_v0	236	Picture	full1i	3027154	0	1	3667	2	0	3620	other	0
01_S0310_v0	236	Response	10	3030100	2946	4
01_S0310_v0	237	Picture	full0n	3038487	0	1	4500	2	0	4450	other	0
01_S0310_v0	238	Picture	full0i	3049821	0	1	4500	2	0	4450	other	0
01_S0310_v0	239	Picture	full0n	3061987	0	1	4667	2	0	4620	other	0
01_S0310_v0	240	Picture	full0i	3075487	0	1	3167	2	0	3120	other	0
01_S0310_v0	241	Picture	blue0n	3088654	0	1	2666	2	0	2620	other	0
01_S0310_v0	242	Picture	full1n	3099987	0	1	4667	2	0	4620	other	0
01_S0310_v0	242	Response	10	3103501	3514	2
01_S0310_v0	243	Picture	full1i	3112154	0	1	5000	2	0	4950	other	0
01_S0310_v0	243	Response	10	3115098	2944	4
01_S0310_v0	244	Picture	full0i	3123654	0	1	3500	2	0	3450	other	0
01_S0310_v0	245	Picture	full0n	3136820	0	1	4834	2	0	4790	other	0
01_S0310_v0	246	Picture	full1n	3148987	0	1	4500	2	0	4450	other	0
01_S0310_v0	246	Response	10	3153899	4912	2
01_S0310_v0	247	Picture	full1i	3161320	0	1	2667	2	0	2620	other	0
01_S0310_v0	247	Response	10	3164098	2778	4
01_S0310_v0	247	Response	10	3166500	5180	1
01_S0310_v0	248	Picture	full0i	3173987	0	1	3166	2	0	3120	other	0
01_S0310_v0	249	Picture	full1n	3186820	0	1	3167	2	0	3120	other	0
01_S0310_v0	249	Response	10	3190699	3879	1
01_S0310_v0	249	Response	10	3192700	5880	1
01_S0310_v0	250	Picture	blue1i	3198320	0	1	3167	2	0	3120	false_alarm	437
01_S0310_v0	250	Response	10	3201098	2778	2
01_S0310_v0	251	Picture	full1n	3209320	0	1	3167	2	0	3120	other	0
01_S0310_v0	251	Response	10	3211897	2577	4
01_S0310_v0	252	Picture	full0n	3221487	0	1	3833	2	0	3790	other	0
01_S0310_v0	253	Picture	full0i	3233320	0	1	4833	2	0	4790	other	0
01_S0310_v0	254	Picture	full0n	3245486	0	2	4500	4	0	4450	other	0
01_S0310_v0	255	Picture	full1i	3256320	0	1	4500	2	0	4450	other	0
01_S0310_v0	255	Response	10	3259298	2978	1
01_S0310_v0	255	Response	10	3259498	3178	1
01_S0310_v0	255	Response	10	3261299	4979	1
01_S0310_v0	256	Picture	full1n	3268486	0	1	5000	2	0	4950	other	0
01_S0310_v0	256	Response	10	3272697	4211	2
01_S0310_v0	256	Response	10	3274299	5813	1
01_S0310_v0	257	Picture	full0i	3280653	0	1	2500	2	0	2450	other	0
01_S0310_v0	258	Picture	full1i	3292820	0	1	4666	2	0	4620	other	0
01_S0310_v0	258	Response	10	3295496	2676	4
01_S0310_v0	259	Picture	full1n	3304153	0	1	3167	2	0	3120	other	0
01_S0310_v0	259	Response	10	3307497	3344	1
01_S0310_v0	260	Picture	full1i	3315653	0	1	4333	2	0	4290	other	0
01_S0310_v0	260	Response	10	3318763	3110	2
01_S0310_v0	261	Picture	full1n	3327819	0	2	3667	3	0	3620	other	0
01_S0310_v0	261	Response	10	3331095	3276	4
01_S0310_v0	262	Picture	full1i	3340153	0	1	2666	2	0	2620	other	0
01_S0310_v0	262	Response	10	3343096	2943	2
01_S0310_v0	262	Response	10	3343295	3142	4
01_S0310_v0	262	Response	10	3345098	4945	1
01_S0310_v0	263	Picture	blue0n	3351986	0	1	2833	2	0	2790	other	0
01_S0310_v0	264	Picture	full1n	3362986	0	1	5000	2	0	4950	other	0
01_S0310_v0	264	Response	10	3367096	4110	1
01_S0310_v0	264	Response	10	3368497	5511	1
01_S0310_v0	265	Picture	full0i	3374486	0	1	3333	2	0	3290	other	0
01_S0310_v0	266	Picture	full1i	3385819	0	1	2834	2	0	2790	other	0
01_S0310_v0	266	Response	10	3388294	2475	4
01_S0310_v0	267	Picture	full1n	3397653	0	1	3833	2	0	3790	other	0
01_S0310_v0	267	Response	10	3402295	4642	2
01_S0310_v0	268	Picture	full1i	3408986	0	1	2833	2	0	2790	other	0
01_S0310_v0	268	Response	10	3411494	2508	4
01_S0310_v0	269	Picture	full0n	3419819	0	1	3333	2	0	3290	other	0
01_S0310_v0	270	Picture	default	3431152	0	2	2667	3	0	2500	other	0
01_S0310_v0	271	Picture	default	3451319	0	1	12448	2	0	2500	other	0


Event Type	Code	Type	Response	RT	RT Uncertainty	Time	Uncertainty	Duration	Uncertainty	ReqTime	ReqDur

Picture	full1n	other				9833	1	3166	2	0	3120
Picture	full1i	other				20763	237	2903	238	0	2790
Picture	full1n	other				33999	1	4500	2	0	4450
Picture	full0n	other				47166	1	3500	2	0	3450
Picture	full1i	other				57999	1	4833	2	0	4790
Picture	full1n	other				70166	1	4333	2	0	4290
Picture	full0i	other				82332	2	3500	3	0	3450
Picture	full0n	other				94666	1	4166	2	0	4120
Picture	blue0i	false_alarm	2	4038	201	106136	197	3030	198	0	2950
Picture	full1i	other				118166	1	3833	2	0	3790
Picture	full0n	other				130999	1	5000	2	0	4950
Picture	full0i	other				143665	2	4167	3	0	4120
Picture	full1n	other				157165	1	4167	2	0	4120
Picture	full1i	other				169832	1	3667	2	0	3620
Picture	full1n	other				181165	1	4500	2	0	4450
Picture	blue1i	false_alarm	2	3241	5	193332	1	3333	2	0	3290
Picture	full1n	other				205499	1	4333	2	0	4290
Picture	full0n	other				217665	1	4667	2	0	4620
Picture	full1i	other				229498	2	2500	3	0	2450
Picture	full0i	other				241832	1	3000	2	0	2950
Picture	full0n	other				255332	1	5000	2	0	4950
Picture	full0i	other				268832	1	4500	2	0	4450
Picture	full0n	other				281665	1	3000	2	0	2950
Picture	full1n	other				294331	2	3334	3	0	3290
Picture	blue1i	false_alarm	2	2609	2	306165	1	3166	2	0	3120
Picture	full0i	other				318831	2	3834	3	0	3790
Picture	full0n	other				331165	1	5000	2	0	4950
Picture	full0i	other				342998	1	2500	2	0	2450
Picture	full1n	other				354331	1	4334	2	0	4290
Picture	full1i	other				366498	1	2833	2	0	2790
Picture	full0n	other				377998	1	2833	2	0	2790
Picture	full1n	other				388831	1	4166	3	0	4120
Picture	full1i	other				400998	1	3666	2	0	3620
Picture	full1n	other				413831	1	3667	2	0	3620
Picture	full0i	other				425998	1	5000	2	0	4950
Picture	blue1i	false_alarm	2	3038	5	437331	1	2833	2	0	2790
Picture	full1n	other				448331	1	3000	2	0	2950
Picture	full0n	other				460997	2	2834	3	0	2790
Picture	full0i	other				471997	2	4000	3	0	3950
Picture	full0n	other				484164	1	3667	2	0	3620
Picture	full0i	other				496997	1	2834	2	0	2790
Picture	full0n	other				510164	1	4333	2	0	4290
Picture	full1i	other				523331	1	3666	2	0	3620
Picture	full0i	other				535997	1	3667	2	0	3620
Picture	full1n	other				546830	2	4500	4	0	4450
Picture	full0n	other				558997	1	3167	2	0	3120
Picture	full1i	other				570497	1	3000	2	0	2950
Picture	blue0i	other				582330	1	3167	2	0	3120
Picture	full0n	other				593830	1	3834	2	0	3790
Picture	full0i	other				606164	1	3000	2	0	2950
Picture	full0n	other				617664	1	4833	2	0	4790
Picture	full1n	other				630830	1	2500	2	0	2450
Picture	full1i	other				641663	2	3000	3	0	2950
Picture	full0i	other				655163	2	3000	3	0	2950
Picture	full0n	other				666497	1	3666	2	0	3620
Picture	full1n	other				679663	1	3334	2	0	3290
Picture	full1i	other				691830	1	4500	2	0	4450
Picture	blue1n	false_alarm	2	3092	5	703663	1	4167	2	0	4120
Picture	full0i	other				715996	2	2667	3	0	2620
Picture	full0n	other				728663	1	4667	2	0	4620
Picture	full0i	other				740830	1	2666	2	0	2620
Picture	full1i	other				753663	1	4667	2	0	4620
Picture	full0n	other				765163	1	2833	2	0	2790
Picture	full1n	other				777330	1	4000	2	0	3950
Picture	full1i	other				790163	1	3500	2	0	3450
Picture	full1n	other				802496	1	4000	2	0	3950
Picture	full0i	other				814663	1	4500	2	0	4450
Picture	blue0n	other				826829	2	2500	3	0	2450
Picture	full0i	other				838996	1	4167	2	0	4120
Picture	full0n	other				849829	1	4834	2	0	4790
Picture	full0i	other				860829	1	2500	2	0	2450
Picture	full0n	other				873663	1	4833	2	0	4790
Picture	full0i	other				886329	1	3333	3	0	3290
Picture	full1i	other				899829	1	3500	2	0	3450
Picture	full1n	other				912496	1	3833	2	0	3790
Picture	full0n	other				925329	1	4500	2	0	4450
Picture	full0i	other				937496	1	2500	2	0	2450
Picture	full1i	other				948329	1	4167	2	0	4120
Picture	blue0n	other				961162	1	4667	2	0	4620
Picture	full1n	other				972162	1	2500	2	0	2450
Picture	full1i	other				984495	2	3500	3	0	3450
Picture	full1n	other				995495	1	3167	2	0	3120
Picture	full1i	other				1008662	1	3000	2	0	2950
Picture	full0i	other				1020162	1	3333	2	0	3290
Picture	full0n	other				1031662	1	3000	2	0	2950
Picture	full1n	other				1043995	1	3000	2	0	2950
Picture	full1i	other				1056162	1	3666	3	0	3620
Picture	full1n	other				1069328	1	4000	2	0	3950
Picture	full1i	other				1080662	1	4833	2	0	4790
Picture	full1n	other				1093828	1	2500	2	0	2450
Picture	full0i	other				1105162	1	4500	2	0	4450
Picture	blue1i	false_alarm	2	3048	11	1116495	1	3333	2	0	3290
Picture	full1n	other				1128328	1	4500	2	0	4450
Picture	full0n	other				1141495	1	4166	2	0	4120
Picture	full1i	other				1152995	1	3833	2	0	3790
Picture	full1n	other				1163995	1	4500	2	0	4450
Picture	full1i	other				1177161	1	2834	2	0	2790
Picture	full1n	other				1187995	1	3833	2	0	3790
Picture	full1i	other				1200161	1	4500	2	0	4450
Picture	full0i	other				1210994	2	3667	3	0	3620
Picture	blue1n	false_alarm	2	3354	4	1221994	2	4500	3	0	4450
Picture	full1i	other				1232994	2	4500	3	0	4450
Picture	full1n	other				1246494	2	4667	3	0	4620
Picture	full1i	other				1258328	1	3166	2	0	3120
Picture	full1n	other				1271828	1	2666	2	0	2620
Picture	full0n	other				1283661	1	4667	2	0	4620
Picture	full0i	other				1295828	1	4999	3	0	4950
Picture	full1i	other				1308161	1	3500	2	0	3450
Picture	full1n	other				1321661	1	4833	2	0	4790
Picture	blue0n	false_alarm	2	3753	2	1333994	1	4500	2	0	4450
Picture	full0i	other				1345327	1	2667	2	0	2620
Picture	full1i	other				1356827	1	3167	2	0	3120
Picture	full0n	other				1369494	1	3167	2	0	3120
Picture	full0i	other				1380327	1	3167	2	0	3120
Picture	full0n	other				1392160	2	3167	3	0	3120
Picture	full1n	other				1404994	1	3833	2	0	3790
Picture	full1i	other				1418494	1	4833	2	0	4790
Picture	full1n	other				1431327	1	4500	2	0	4450
Picture	blue0i	other				1442660	1	4500	2	0	4450
Picture	full0n	other				1454494	1	5000	2	0	4950
Picture	full1i	other				1465493	2	2500	4	0	2450
Picture	full0i	other				1477827	1	4666	2	0	4620
Picture	full0n	other				1489160	1	3167	2	0	3120
Picture	full0i	other				1500493	1	4334	2	0	4290
Picture	full0n	other				1511993	1	3667	2	0	3620
Picture	full0i	other				1523827	1	2666	2	0	2620
Picture	blue1n	false_alarm	2	3817	2	1537327	1	2830	14	0	2790
Picture	full0n	other				1550826	2	5000	4	0	4950
Picture	full1i	other				1561826	2	3334	3	0	3290
Picture	full0i	other				1574493	1	2833	2	0	2790
Picture	full0n	other				1585993	1	3833	2	0	3790
Picture	full0i	other				1598160	1	2833	2	0	2790
Picture	full1n	other				1608993	1	3333	2	0	3290
Picture	82	other				1620326	1	100166	3	0	next
Picture	82	other				1720492	2	10000	4	100000	next
Picture	82	other				1730492	2	10000	3	110000	next
Picture	82	other				1740492	1	10000	2	120000	next
Picture	82	other				1750492	1	10000	2	130000	next
Picture	82	other				1760492	1	10000	2	140000	next
Picture	82	other				1770492	1	10000	2	150000	next
Picture	82	other				1780492	1	10000	2	160000	next
Picture	82	other				1790492	1	10000	2	170000	next
Picture	82	other				1800492	1	10000	2	180000	next
Picture	82	other				1810492	1	10000	2	190000	10000
Picture	full0n	other				1820492	1	3167	2	0	3120
Picture	full0i	other				1832825	2	2834	3	0	2790
Picture	full0n	other				1845659	1	4500	2	0	4450
Picture	full1n	other				1857159	1	3500	2	0	3450
Picture	blue0i	other				1870659	1	4833	2	0	4790
Picture	full0n	other				1882825	1	4333	3	0	4290
Picture	full1i	other				1895158	2	3500	3	0	3450
Picture	full1n	other				1906158	2	4167	3	0	4120
Picture	full1i	other				1917492	1	3000	2	0	2950
Picture	full0i	other				1929658	1	3834	2	0	3790
Picture	full1n	other				1940658	1	5000	2	0	4950
Picture	full1i	other				1953325	1	4167	2	0	4120
Picture	blue0n	other				1965492	1	4166	2	0	4120
Picture	full0i	other				1978158	1	3667	2	0	3620
Picture	full0n	other				1988991	2	4500	3	0	4450
Picture	full0i	other				2001325	1	3333	2	0	3290
Picture	full0n	other				2013658	1	4333	2	0	4290
Picture	full1n	other				2025825	1	4666	2	0	4620
Picture	full0i	other				2038991	1	2500	2	0	2450
Picture	full1i	other				2049825	1	2999	3	0	2950
Picture	full0n	other				2060824	2	5000	4	0	4950
Picture	full1n	other				2073491	1	4500	2	0	4450
Picture	blue1i	false_alarm	2	2869	2	2086658	1	3000	2	0	2950
Picture	full0i	other				2098158	1	3333	2	0	3290
Picture	full0n	other				2111658	1	3166	2	0	3120
Picture	full1n	other				2124824	1	3834	2	0	3790
Picture	full1i	other				2136991	1	5000	2	0	4950
Picture	full1n	other				2148824	1	2500	2	0	2450
Picture	full0i	other				2161991	1	4333	2	0	4290
Picture	full0n	other				2175491	1	2832	4	0	2790
Picture	full1i	other				2187824	1	2833	2	0	2790
Picture	full0i	other				2200657	1	4167	2	0	4120
Picture	full0n	other				2212157	1	3667	2	0	3620
Picture	full0i	other				2223990	2	3667	3	0	3620
Picture	full1n	other				2237490	2	5000	4	0	4950
Picture	full0n	other				2248324	1	2833	2	0	2790
Picture	blue0i	other				2259657	1	3000	2	0	2950
Picture	full1i	other				2271490	1	2831	5	0	2790
Picture	full1n	other				2282490	1	4000	2	0	3950
Picture	full1i	other				2294657	1	3667	2	0	3620
Picture	full1n	other				2306490	1	2833	3	0	2790
Picture	blue1i	false_alarm	2	3497	6	2318823	2	4334	3	0	4290
Picture	full0n	other				2330990	1	3667	2	0	3620
Picture	full1n	other				2343823	2	3667	3	0	3620
Picture	full0i	other				2354823	1	4500	2	0	4450
Picture	full1i	other				2367490	1	3167	2	0	3120
Picture	full0n	other				2380157	1	3000	2	0	2950
Picture	full1n	other				2392823	1	3167	2	0	3120
Picture	full1i	other				2404990	1	3833	2	0	3790
Picture	full1n	other				2417823	1	3000	2	0	2950
Picture	full1i	other				2431323	1	4833	2	0	4790
Picture	full0i	other				2442823	1	2500	2	0	2450
Picture	blue0n	other				2454156	1	3000	2	0	2950
Picture	full1n	other				2466323	1	3000	2	0	2950
Picture	full1i	other				2479156	1	3667	2	0	3620
Picture	full0i	other				2492656	1	3333	2	0	3290
Picture	full0n	other				2503489	2	4500	3	0	4450
Picture	full0i	other				2516156	1	4167	2	0	4120
Picture	full1n	other				2527156	1	2667	2	0	2620
Picture	full1i	other				2539323	1	4666	2	0	4620
Picture	blue1n	false_alarm	2	2597	2	2550323	1	2666	2	0	2620
Picture	full0n	other				2562656	1	4666	3	0	4620
Picture	full1i	other				2575822	2	2834	3	0	2790
Picture	full0i	other				2586656	1	4000	2	0	3950
Picture	full0n	other				2598822	1	3500	2	0	3450
Picture	full0i	other				2610656	1	4000	2	0	3950
Picture	full1n	other				2621656	1	4500	2	0	4450
Picture	full1i	other				2635156	1	2500	2	0	2450
Picture	full1n	other				2646989	1	4166	3	0	4120
Picture	blue1i	false_alarm	2	2760	6	2660155	2	4834	3	0	4790
Picture	full1n	other				2671155	2	2500	3	0	2450
Picture	full1i	other				2683989	1	4833	2	0	4790
Picture	full1n	other				2695322	1	3333	2	0	3290
Picture	full0n	other				2707989	1	3500	2	0	3450
Picture	full0i	other				2720655	1	3834	2	0	3790
Picture	full1i	other				2733822	1	4500	2	0	4450
Picture	full1n	other				2744655	1	2500	2	0	2450
Picture	full0n	other				2756155	1	4167	2	0	4120
Picture	full1i	other				2768988	1	4667	2	0	4620
Picture	blue0i	false_alarm	2	4491	5	2780822	1	2500	2	0	2450
Picture	full0n	other				2792655	1	3500	2	0	3450
Picture	full0i	other				2804155	1	3167	2	0	3120
Picture	full0n	other				2814988	1	3000	2	0	2950
Picture	full1n	other				2827321	2	3334	3	0	3290
Picture	full1i	other				2840155	1	3000	2	0	2950
Picture	full0i	other				2852488	1	3000	2	0	2950
Picture	full0n	other				2865988	1	3667	2	0	3620
Picture	full0i	other				2879488	1	4000	2	0	3950
Picture	blue1n	false_alarm	2	2858	3	2891655	1	4833	2	0	4790
Picture	full0n	other				2905154	2	2500	4	0	2450
Picture	full1i	other				2916488	1	4500	2	0	4450
Picture	full0i	other				2929654	2	3334	3	0	3290
Picture	full0n	other				2942321	1	4500	2	0	4450
Picture	full1n	other				2953154	1	4167	2	0	4120
Picture	full0i	other				2966321	1	3833	2	0	3790
Picture	full0n	other				2979154	1	4500	2	0	4450
Picture	full0i	other				2991321	1	2833	2	0	2790
Picture	full0n	other				3002821	1	3833	2	0	3790
Picture	full0i	other				3014321	1	4500	2	0	4450
Picture	full1i	other				3027154	1	3667	2	0	3620
Picture	full0n	other				3038487	1	4500	2	0	4450
Picture	full0i	other				3049821	1	4500	2	0	4450
Picture	full0n	other				3061987	1	4667	2	0	4620
Picture	full0i	other				3075487	1	3167	2	0	3120
Picture	blue0n	other				3088654	1	2666	2	0	2620
Picture	full1n	other				3099987	1	4667	2	0	4620
Picture	full1i	other				3112154	1	5000	2	0	4950
Picture	full0i	other				3123654	1	3500	2	0	3450
Picture	full0n	other				3136820	1	4834	2	0	4790
Picture	full1n	other				3148987	1	4500	2	0	4450
Picture	full1i	other				3161320	1	2667	2	0	2620
Picture	full0i	other				3173987	1	3166	2	0	3120
Picture	full1n	other				3186820	1	3167	2	0	3120
Picture	blue1i	false_alarm	2	2778	3	3198320	1	3167	2	0	3120
Picture	full1n	other				3209320	1	3167	2	0	3120
Picture	full0n	other				3221487	1	3833	2	0	3790
Picture	full0i	other				3233320	1	4833	2	0	4790
Picture	full0n	other				3245486	2	4500	4	0	4450
Picture	full1i	other				3256320	1	4500	2	0	4450
Picture	full1n	other				3268486	1	5000	2	0	4950
Picture	full0i	other				3280653	1	2500	2	0	2450
Picture	full1i	other				3292820	1	4666	2	0	4620
Picture	full1n	other				3304153	1	3167	2	0	3120
Picture	full1i	other				3315653	1	4333	2	0	4290
Picture	full1n	other				3327819	2	3667	3	0	3620
Picture	full1i	other				3340153	1	2666	2	0	2620
Picture	blue0n	other				3351986	1	2833	2	0	2790
Picture	full1n	other				3362986	1	5000	2	0	4950
Picture	full0i	other				3374486	1	3333	2	0	3290
Picture	full1i	other				3385819	1	2834	2	0	2790
Picture	full1n	other				3397653	1	3833	2	0	3790
Picture	full1i	other				3408986	1	2833	2	0	2790
Picture	full0n	other				3419819	1	3333	2	0	3290
Picture	default	other				3431152	2	2667	3	0	2500
Picture	default	other				3451319	1	12448	2	0	2500
