Scenario - visual LTP Rap V4.0 HVB (based on combined block 1+2 from old 45 135 degree pilot)
Logfile written - 08/04/2015 11:10:58

Subject	Trial	Event Type	Code	Time	TTime	Uncertainty	Duration	Uncertainty	ReqTime	ReqDur	Stim Type	Pair Index

01_S0310_v0	1	Response	128	13916	23749	2
01_S0310_v0	3	Picture	full1n	24333	0	1	4666	2	0	4620	other	0
01_S0310_v0	3	Response	10	26985	2652	4
01_S0310_v0	3	Response	10	29187	4854	2
01_S0310_v0	4	Picture	full0n	35803	0	197	2696	198	0	2620	other	0
01_S0310_v0	5	Picture	full0i	47666	0	1	4333	2	0	4290	other	0
01_S0310_v0	6	Picture	blue0n	60466	0	201	2700	202	0	2620	false_alarm	8
01_S0310_v0	6	Response	10	65785	5319	2
01_S0310_v0	6	Response	10	65986	5520	1
01_S0310_v0	6	Response	10	66987	6521	1
01_S0310_v0	7	Picture	full1i	72466	0	201	4033	202	0	3950	other	0
01_S0310_v0	7	Response	10	74785	2319	2
01_S0310_v0	7	Response	10	76587	4121	1
01_S0310_v0	7	Response	10	78185	5719	2
01_S0310_v0	8	Picture	full1n	83499	0	1	2500	2	0	2450	other	0
01_S0310_v0	8	Response	10	85984	2485	4
01_S0310_v0	9	Picture	full0i	94832	0	1	4834	2	0	4790	other	0
01_S0310_v0	10	Picture	full1i	105666	0	1	2500	2	0	2450	other	0
01_S0310_v0	10	Response	10	108384	2718	3
01_S0310_v0	11	Picture	full0n	117832	0	1	2834	2	0	2790	other	0
01_S0310_v0	12	Picture	full1n	131332	0	1	4667	2	0	4620	other	0
01_S0310_v0	12	Response	10	133984	2652	2
01_S0310_v0	13	Picture	full1i	143499	0	1	4833	2	0	4790	other	0
01_S0310_v0	13	Response	10	146383	2884	4
01_S0310_v0	14	Picture	full1n	154332	0	1	4167	2	0	4120	other	0
01_S0310_v0	14	Response	10	156784	2452	2
01_S0310_v0	15	Picture	full1i	167165	0	1	4667	2	0	4620	other	0
01_S0310_v0	15	Response	10	169784	2619	1
01_S0310_v0	15	Response	10	169984	2819	1
01_S0310_v0	16	Picture	full0i	180332	0	1	4000	2	0	3950	other	0
01_S0310_v0	17	Picture	blue0n	192999	0	1	3000	2	0	2950	other	0
01_S0310_v0	18	Picture	full0i	205165	0	1	4333	3	0	4290	other	0
01_S0310_v0	19	Picture	full0n	215998	0	2	4167	3	0	4120	other	0
01_S0310_v0	20	Picture	full1n	228665	0	1	3167	2	0	3120	other	0
01_S0310_v0	20	Response	10	230582	1917	4
01_S0310_v0	21	Picture	full0i	239665	0	1	3833	2	0	3790	other	0
01_S0310_v0	22	Picture	full0n	252498	0	1	4167	2	0	4120	other	0
01_S0310_v0	23	Picture	full1i	263998	0	1	2500	2	0	2450	other	0
01_S0310_v0	23	Response	10	266582	2584	2
01_S0310_v0	24	Picture	full1n	275832	0	1	4166	2	0	4120	other	0
01_S0310_v0	24	Response	10	278181	2349	4
01_S0310_v0	25	Picture	full0i	286665	0	1	3000	2	0	2950	other	0
01_S0310_v0	26	Picture	full0n	299331	0	2	2834	3	0	2790	other	0
01_S0310_v0	27	Picture	full0i	311165	0	1	3166	2	0	3120	other	0
01_S0310_v0	28	Picture	full1i	322665	0	1	4833	2	0	4790	other	0
01_S0310_v0	28	Response	10	325182	2517	1
01_S0310_v0	28	Response	10	325382	2717	1
01_S0310_v0	29	Picture	blue1n	333998	0	1	4167	2	0	4120	false_alarm	49
01_S0310_v0	29	Response	10	336381	2383	2
01_S0310_v0	29	Response	10	336581	2583	2
01_S0310_v0	30	Picture	full0n	345498	0	1	5000	2	0	4950	other	0
01_S0310_v0	31	Picture	full1i	357665	0	1	4500	2	0	4450	other	0
01_S0310_v0	31	Response	10	360580	2915	4
01_S0310_v0	31	Response	10	362182	4517	1
01_S0310_v0	32	Picture	full1n	368998	0	1	4500	2	0	4450	other	0
01_S0310_v0	32	Response	10	371571	2573	1
01_S0310_v0	32	Response	10	373172	4174	1
01_S0310_v0	33	Picture	full1i	380331	0	1	4167	2	0	4120	other	0
01_S0310_v0	33	Response	10	382371	2040	1
01_S0310_v0	33	Response	10	382571	2240	1
01_S0310_v0	33	Response	10	384172	3841	1
01_S0310_v0	34	Picture	full1n	393831	0	1	4500	2	0	4450	other	0
01_S0310_v0	34	Response	10	396970	3139	2
01_S0310_v0	35	Picture	full0i	406664	0	1	2500	2	0	2450	other	0
01_S0310_v0	35	Response	10	409770	3106	2
01_S0310_v0	36	Picture	full0n	417998	0	1	4000	2	0	3950	other	0
01_S0310_v0	37	Picture	full0i	430664	0	1	4834	2	0	4790	other	0
01_S0310_v0	38	Picture	full1i	442164	0	1	2834	2	0	2790	other	0
01_S0310_v0	38	Response	10	445371	3207	2
01_S0310_v0	39	Picture	full1n	455331	0	1	4333	2	0	4290	other	0
01_S0310_v0	39	Response	10	457970	2639	1
01_S0310_v0	39	Response	10	459571	4240	1
01_S0310_v0	40	Picture	full1i	467497	0	2	3334	3	0	3290	other	0
01_S0310_v0	40	Response	10	469568	2071	4
01_S0310_v0	41	Picture	full1n	479831	0	1	5000	2	0	4950	other	0
01_S0310_v0	41	Response	10	482368	2537	4
01_S0310_v0	41	Response	10	484371	4540	1
01_S0310_v0	42	Picture	full0n	492164	0	1	3167	2	0	3120	other	0
01_S0310_v0	43	Picture	full0i	503664	0	1	4000	2	0	3950	other	0
01_S0310_v0	44	Picture	full0n	517164	0	1	4000	2	0	3950	other	0
01_S0310_v0	45	Picture	blue1i	530664	0	1	4833	2	0	4790	false_alarm	82
01_S0310_v0	45	Response	10	532967	2303	4
01_S0310_v0	46	Picture	full0i	542497	0	1	3000	2	0	2950	other	0
01_S0310_v0	47	Picture	full1n	555330	0	2	3167	3	0	3120	other	0
01_S0310_v0	47	Response	10	558368	3038	2
01_S0310_v0	48	Picture	full1i	568497	0	1	3333	2	0	3290	other	0
01_S0310_v0	48	Response	10	572567	4070	3
01_S0310_v0	49	Picture	full0n	581164	0	1	2833	2	0	2790	other	0
01_S0310_v0	50	Picture	blue1n	592497	0	1	4167	2	0	4120	false_alarm	90
01_S0310_v0	50	Response	10	596366	3869	4
01_S0310_v0	51	Picture	full1i	603497	0	1	3667	2	0	3620	other	0
01_S0310_v0	51	Response	10	606166	2669	4
01_S0310_v0	52	Picture	blue0i	614330	0	1	3834	2	0	3790	other	0
01_S0310_v0	53	Picture	full1n	625330	0	1	3000	2	0	2950	other	0
01_S0310_v0	53	Response	10	627967	2637	2
01_S0310_v0	53	Response	10	630168	4838	1
01_S0310_v0	54	Picture	full1i	637163	0	2	4834	3	0	4790	other	0
01_S0310_v0	54	Response	10	639765	2602	4
01_S0310_v0	54	Response	10	641768	4605	1
01_S0310_v0	55	Picture	full1n	649330	0	1	4500	2	0	4450	other	0
01_S0310_v0	55	Response	10	651967	2637	1
01_S0310_v0	56	Picture	full1i	661163	0	1	4500	2	0	4450	other	0
01_S0310_v0	56	Response	10	663566	2403	2
01_S0310_v0	57	Picture	blue1n	673497	0	1	3166	2	0	3120	false_alarm	105
01_S0310_v0	57	Response	10	675765	2268	4
01_S0310_v0	58	Picture	full0n	684830	0	1	4500	2	0	4450	other	0
01_S0310_v0	59	Picture	full1i	696330	0	1	3167	2	0	3120	other	0
01_S0310_v0	59	Response	10	699765	3435	3
01_S0310_v0	60	Picture	full1n	707663	0	1	3500	2	0	3450	other	0
01_S0310_v0	60	Response	10	711764	4101	4
01_S0310_v0	60	Response	10	713967	6304	1
01_S0310_v0	61	Picture	full1i	718496	0	2	4334	3	0	4290	other	0
01_S0310_v0	61	Response	10	724166	5670	1
01_S0310_v0	61	Response	10	724366	5870	1
01_S0310_v0	62	Picture	full1n	729496	0	2	3000	3	0	2950	other	0
01_S0310_v0	62	Response	10	733765	4269	2
01_S0310_v0	63	Picture	full1i	740830	0	1	3500	2	0	3450	other	0
01_S0310_v0	63	Response	10	744164	3334	4
01_S0310_v0	64	Picture	blue1n	752663	0	1	3333	2	0	3290	false_alarm	120
01_S0310_v0	64	Response	10	755564	2901	4
01_S0310_v0	65	Picture	full0i	764996	0	1	3167	2	0	3120	other	0
01_S0310_v0	66	Picture	full1i	778163	0	1	4667	2	0	4620	other	0
01_S0310_v0	66	Response	10	780963	2800	4
01_S0310_v0	67	Picture	full0n	790329	0	2	2667	3	0	2620	other	0
01_S0310_v0	68	Picture	full1n	803163	0	1	3666	2	0	3620	other	0
01_S0310_v0	68	Response	10	806364	3201	2
01_S0310_v0	68	Response	10	806564	3401	2
01_S0310_v0	69	Picture	full1i	814663	0	1	4833	2	0	4790	other	0
01_S0310_v0	69	Response	10	817764	3101	2
01_S0310_v0	69	Response	10	817965	3302	2
01_S0310_v0	69	Response	10	819965	5302	2
01_S0310_v0	70	Picture	full1n	825496	0	1	3333	2	0	3290	other	0
01_S0310_v0	70	Response	10	829164	3668	1
01_S0310_v0	71	Picture	full1i	837663	0	1	3833	2	0	3790	other	0
01_S0310_v0	71	Response	10	840162	2499	4
01_S0310_v0	71	Response	10	842165	4502	1
01_S0310_v0	72	Picture	full0i	848663	0	1	3833	2	0	3790	other	0
01_S0310_v0	73	Picture	full1n	862162	0	4	4501	5	0	4450	other	0
01_S0310_v0	73	Response	10	864562	2400	4
01_S0310_v0	74	Picture	full0n	874496	0	1	4833	2	0	4790	other	0
01_S0310_v0	75	Picture	full1i	885329	0	1	2667	2	0	2620	other	0
01_S0310_v0	75	Response	10	887762	2433	4
01_S0310_v0	76	Picture	full0i	896829	0	1	4500	2	0	4450	other	0
01_S0310_v0	77	Picture	full1n	908996	0	1	4333	2	0	4290	other	0
01_S0310_v0	77	Response	10	912363	3367	1
01_S0310_v0	78	Picture	full0n	921162	0	2	3834	3	0	3790	other	0
01_S0310_v0	79	Picture	blue0i	933496	0	1	2833	2	0	2790	other	0
01_S0310_v0	80	Picture	full0n	946996	0	1	4165	4	0	4120	other	0
01_S0310_v0	81	Picture	full0i	959161	0	3	2501	4	0	2450	other	0
01_S0310_v0	82	Picture	full1i	971995	0	2	4834	3	0	4790	other	0
01_S0310_v0	82	Response	10	974628	2633	2
01_S0310_v0	83	Picture	full1n	982995	0	1	2834	2	0	2790	other	0
01_S0310_v0	83	Response	10	986160	3165	4
01_S0310_v0	84	Picture	full1i	995662	0	1	4000	2	0	3950	other	0
01_S0310_v0	84	Response	10	997961	2299	2
01_S0310_v0	85	Picture	full0n	1009162	0	1	3833	2	0	3790	other	0
01_S0310_v0	86	Picture	full1n	1020495	0	1	4665	4	0	4620	other	0
01_S0310_v0	86	Response	10	1023360	2865	4
01_S0310_v0	87	Picture	full1i	1032329	0	1	4000	2	0	3950	other	0
01_S0310_v0	87	Response	10	1035946	3617	2
01_S0310_v0	88	Picture	full1n	1043328	0	2	3167	3	0	3120	other	0
01_S0310_v0	88	Response	10	1045959	2631	4
01_S0310_v0	89	Picture	full0i	1056828	0	2	3834	3	0	3790	other	0
01_S0310_v0	90	Picture	full1i	1069995	0	1	2500	2	0	2450	other	0
01_S0310_v0	90	Response	10	1075159	5164	4
01_S0310_v0	91	Picture	full0n	1082162	0	1	4333	2	0	4290	other	0
01_S0310_v0	92	Picture	full0i	1094995	0	1	4000	2	0	3950	other	0
01_S0310_v0	93	Picture	full0n	1107162	0	1	4166	2	0	4120	other	0
01_S0310_v0	94	Picture	full1n	1119328	0	1	4167	2	0	4120	other	0
01_S0310_v0	94	Response	10	1122558	3230	4
01_S0310_v0	95	Picture	full0i	1132495	0	1	4333	2	0	4290	other	0
01_S0310_v0	96	Picture	blue1i	1143995	0	1	4000	2	0	3950	false_alarm	173
01_S0310_v0	96	Response	10	1147358	3363	4
01_S0310_v0	96	Response	10	1148760	4765	2
01_S0310_v0	97	Picture	full0n	1154995	0	1	2833	2	0	2790	other	0
01_S0310_v0	98	Picture	full1n	1166328	0	1	4167	2	0	4120	other	0
01_S0310_v0	98	Response	10	1168759	2431	1
01_S0310_v0	99	Picture	full0i	1178995	0	1	3166	2	0	3120	other	0
01_S0310_v0	100	Picture	full0n	1191661	0	1	3667	2	0	3620	other	0
01_S0310_v0	101	Picture	full1i	1204495	0	1	3833	2	0	3790	other	0
01_S0310_v0	101	Response	10	1207158	2663	2
01_S0310_v0	102	Picture	full0i	1217994	0	2	3500	3	0	3450	other	0
01_S0310_v0	103	Picture	full0n	1230328	0	1	2500	2	0	2450	other	0
01_S0310_v0	104	Picture	full0i	1241828	0	1	2833	2	0	2790	other	0
01_S0310_v0	105	Picture	full0n	1253161	0	1	3500	2	0	3450	other	0
01_S0310_v0	106	Picture	full0i	1265494	0	1	3000	2	0	2950	other	0
01_S0310_v0	107	Picture	full1n	1277661	0	1	5000	2	0	4950	other	0
01_S0310_v0	107	Response	10	1280157	2496	2
01_S0310_v0	107	Response	10	1280357	2696	1
01_S0310_v0	108	Picture	full0n	1289827	0	2	4334	3	0	4290	other	0
01_S0310_v0	109	Picture	full0i	1302161	0	1	4833	2	0	4790	other	0
01_S0310_v0	110	Picture	full0n	1315661	0	1	3500	2	0	3450	other	0
01_S0310_v0	111	Picture	blue0i	1327494	0	1	3833	2	0	3790	false_alarm	194
01_S0310_v0	111	Response	10	1331156	3662	2
01_S0310_v0	111	Response	10	1331356	3862	2
01_S0310_v0	112	Picture	full0n	1339661	0	1	3333	2	0	3290	other	0
01_S0310_v0	112	Response	10	1339758	97	1
01_S0310_v0	113	Picture	full0i	1352827	0	1	3000	2	0	2950	other	0
01_S0310_v0	114	Picture	full1i	1363827	0	1	2667	2	0	2620	other	0
01_S0310_v0	114	Response	10	1366356	2529	1
01_S0310_v0	114	Response	10	1366556	2729	1
01_S0310_v0	115	Picture	full1n	1376994	0	1	3333	2	0	3290	other	0
01_S0310_v0	115	Response	10	1380356	3362	1
01_S0310_v0	115	Response	10	1380556	3562	1
01_S0310_v0	115	Response	10	1381757	4763	1
01_S0310_v0	116	Picture	full0n	1390160	0	2	4834	3	0	4790	other	0
01_S0310_v0	117	Picture	full1i	1403660	0	2	4334	3	0	4290	other	0
01_S0310_v0	117	Response	10	1408354	4694	4
01_S0310_v0	118	Picture	full1n	1415827	0	1	3833	2	0	3790	other	0
01_S0310_v0	118	Response	10	1420554	4727	3
01_S0310_v0	119	Picture	full1i	1427660	0	1	4000	2	0	3950	other	0
01_S0310_v0	119	Response	10	1432355	4695	1
01_S0310_v0	120	Picture	full1n	1438494	0	1	3166	2	0	3120	other	0
01_S0310_v0	120	Response	10	1442553	4059	4
01_S0310_v0	121	Picture	blue0i	1450660	0	1	4334	2	0	4290	false_alarm	216
01_S0310_v0	121	Response	10	1454953	4293	4
01_S0310_v0	122	Picture	full0n	1462493	0	2	3000	4	0	2950	other	0
01_S0310_v0	122	Response	10	1465756	3263	1
01_S0310_v0	123	Picture	full0i	1474827	0	1	4333	2	0	4290	other	0
01_S0310_v0	124	Picture	full1i	1487993	0	2	2667	3	0	2620	other	0
01_S0310_v0	124	Response	10	1491754	3761	1
01_S0310_v0	124	Response	10	1491954	3961	1
01_S0310_v0	125	Picture	full0n	1498827	0	1	4166	2	0	4120	other	0
01_S0310_v0	126	Picture	full0i	1510993	0	1	4834	2	0	4790	other	0
01_S0310_v0	127	Picture	full0n	1523660	0	1	2667	2	0	2620	other	0
01_S0310_v0	128	Picture	full0i	1536493	0	1	3167	2	0	3120	other	0
01_S0310_v0	129	Picture	full0n	1549326	0	2	4834	3	0	4790	other	0
01_S0310_v0	130	Picture	full0i	1561493	0	1	3667	2	0	3620	other	0
01_S0310_v0	131	Picture	blue1n	1573826	0	2	4500	3	0	4450	false_alarm	230
01_S0310_v0	131	Response	10	1577353	3527	1
01_S0310_v0	131	Response	10	1577553	3727	1
01_S0310_v0	132	Picture	full0n	1586493	0	1	4166	3	0	4120	other	0
01_S0310_v0	133	Picture	full0i	1599160	0	1	4666	2	0	4620	other	0
01_S0310_v0	134	Picture	full1i	1612326	0	1	4334	2	0	4290	other	0
01_S0310_v0	134	Response	10	1616342	4016	2
01_S0310_v0	134	Response	10	1616542	4216	1
01_S0310_v0	135	Picture	full1n	1623826	0	1	3667	2	0	3620	other	0
01_S0310_v0	135	Response	10	1627341	3515	3
01_S0310_v0	136	Picture	82	1634826	0	1	100166	2	0	next	other	0
01_S0310_v0	136	Picture	82	1734992	100166	1	10000	2	100000	next	other	0
01_S0310_v0	136	Picture	82	1744992	110166	1	10000	2	110000	next	other	0
01_S0310_v0	136	Picture	82	1754992	120166	1	10000	2	120000	next	other	0
01_S0310_v0	136	Picture	82	1764992	130166	1	10000	2	130000	next	other	0
01_S0310_v0	136	Picture	82	1774992	140166	1	10000	2	140000	next	other	0
01_S0310_v0	136	Picture	82	1784992	150166	1	10000	2	150000	next	other	0
01_S0310_v0	136	Picture	82	1794992	160166	1	10000	2	160000	next	other	0
01_S0310_v0	136	Picture	82	1804992	170166	1	10000	2	170000	next	other	0
01_S0310_v0	136	Picture	82	1814992	180166	1	10000	2	180000	next	other	0
01_S0310_v0	136	Picture	82	1824992	190166	1	10000	2	190000	10000	other	0
01_S0310_v0	137	Picture	full0n	1834992	0	1	4667	2	0	4620	other	0
01_S0310_v0	138	Picture	full1n	1846325	0	1	2667	2	0	2620	other	0
01_S0310_v0	138	Response	10	1850938	4613	2
01_S0310_v0	139	Picture	full1i	1858492	0	1	4333	2	0	4290	other	0
01_S0310_v0	139	Response	10	1861938	3446	2
01_S0310_v0	140	Picture	full1n	1870325	0	1	2667	2	0	2620	other	0
01_S0310_v0	140	Response	10	1872738	2413	2
01_S0310_v0	140	Response	10	1872939	2614	2
01_S0310_v0	141	Picture	full0i	1881158	0	2	4000	4	0	3950	other	0
01_S0310_v0	142	Picture	full0n	1893992	0	1	2500	2	0	2450	other	0
01_S0310_v0	143	Picture	full1i	1905492	0	1	4833	2	0	4790	other	0
01_S0310_v0	143	Response	10	1908538	3046	1
01_S0310_v0	143	Response	10	1910339	4847	1
01_S0310_v0	144	Picture	full0i	1917825	0	1	2500	2	0	2450	other	0
01_S0310_v0	145	Picture	blue0n	1929992	0	1	2833	2	0	2790	other	0
01_S0310_v0	146	Picture	full0i	1941825	0	1	4667	2	0	4620	other	0
01_S0310_v0	147	Picture	full1n	1954658	0	1	4833	3	0	4790	other	0
01_S0310_v0	147	Response	10	1957532	2874	2
01_S0310_v0	148	Picture	full0n	1965991	0	2	4167	3	0	4120	other	0
01_S0310_v0	149	Picture	full0i	1978658	0	1	4667	2	0	4620	other	0
01_S0310_v0	150	Picture	blue1i	1990991	0	2	4000	3	0	3950	false_alarm	271
01_S0310_v0	150	Response	10	1993935	2944	4
01_S0310_v0	151	Picture	full1n	2002825	0	1	3000	2	0	2950	other	0
01_S0310_v0	151	Response	10	2007136	4311	2
01_S0310_v0	152	Picture	full1i	2013658	0	1	4333	2	0	4290	other	0
01_S0310_v0	152	Response	10	2015936	2278	1
01_S0310_v0	153	Picture	full1n	2025158	0	1	4167	2	0	4120	other	0
01_S0310_v0	153	Response	10	2028334	3176	4
01_S0310_v0	154	Picture	full0n	2037325	0	1	3166	2	0	3120	other	0
01_S0310_v0	155	Picture	full1i	2049991	0	1	3833	3	0	3790	other	0
01_S0310_v0	155	Response	10	2053534	3543	4
01_S0310_v0	156	Picture	full1n	2063158	0	1	4166	2	0	4120	other	0
01_S0310_v0	156	Response	10	2066735	3577	2
01_S0310_v0	156	Response	10	2066935	3777	1
01_S0310_v0	156	Response	10	2068536	5378	2
01_S0310_v0	157	Picture	full0i	2075324	0	2	2500	3	0	2450	other	0
01_S0310_v0	158	Picture	blue0n	2087491	0	1	4167	2	0	4120	other	0
01_S0310_v0	159	Picture	full1i	2098491	0	1	3000	2	0	2950	other	0
01_S0310_v0	159	Response	10	2101533	3042	4
01_S0310_v0	160	Picture	full1n	2111158	0	1	2833	2	0	2790	other	0
01_S0310_v0	160	Response	10	2113935	2777	1
01_S0310_v0	161	Picture	full1i	2121991	0	1	3167	2	0	3120	other	0
01_S0310_v0	161	Response	10	2124736	2745	1
01_S0310_v0	162	Picture	full0i	2135157	0	2	4834	3	0	4790	other	0
01_S0310_v0	163	Picture	full0n	2147324	0	1	4167	2	0	4120	other	0
01_S0310_v0	164	Picture	full1n	2158324	0	1	5000	2	0	4950	other	0
01_S0310_v0	164	Response	10	2161135	2811	2
01_S0310_v0	165	Picture	full0i	2171824	0	1	4500	2	0	4450	other	0
01_S0310_v0	166	Picture	full1i	2183157	0	1	4500	2	0	4450	other	0
01_S0310_v0	166	Response	10	2186732	3575	4
01_S0310_v0	167	Picture	full0n	2196324	0	1	4167	2	0	4120	other	0
01_S0310_v0	168	Picture	full0i	2207824	0	1	4500	2	0	4450	other	0
01_S0310_v0	169	Picture	blue0n	2219990	0	2	2500	4	0	2450	other	0
01_S0310_v0	170	Picture	full1n	2231490	0	2	4000	3	0	3950	other	0
01_S0310_v0	170	Response	10	2234933	3443	1
01_S0310_v0	170	Response	10	2235133	3643	1
01_S0310_v0	171	Picture	full1i	2242990	0	1	4834	2	0	4790	other	0
01_S0310_v0	171	Response	10	2246531	3541	4
01_S0310_v0	172	Picture	full0i	2256490	0	1	2834	2	0	2790	other	0
01_S0310_v0	173	Picture	full0n	2269157	0	1	4333	2	0	4290	other	0
01_S0310_v0	174	Picture	full0i	2280490	0	1	3334	2	0	3290	other	0
01_S0310_v0	175	Picture	full0n	2292324	0	1	5000	2	0	4950	other	0
01_S0310_v0	176	Picture	full1n	2304490	0	1	3167	2	0	3120	other	0
01_S0310_v0	176	Response	10	2307732	3242	1
01_S0310_v0	176	Response	10	2307932	3442	1
01_S0310_v0	176	Response	10	2309933	5443	1
01_S0310_v0	177	Picture	full1i	2315490	0	1	4000	2	0	3950	other	0
01_S0310_v0	177	Response	10	2318930	3440	4
01_S0310_v0	177	Response	10	2320933	5443	1
01_S0310_v0	178	Picture	full1n	2326490	0	1	4000	2	0	3950	other	0
01_S0310_v0	178	Response	10	2329931	3441	2
01_S0310_v0	178	Response	10	2330131	3641	1
01_S0310_v0	179	Picture	full0i	2337490	0	1	4833	2	0	4790	other	0
01_S0310_v0	180	Picture	full1i	2348323	0	1	3000	2	0	2950	other	0
01_S0310_v0	181	Picture	full0n	2360657	0	1	3166	2	0	3120	other	0
01_S0310_v0	182	Picture	full0i	2373323	0	1	3334	2	0	3290	other	0
01_S0310_v0	183	Picture	blue1n	2385490	0	1	2833	2	0	2790	false_alarm	327
01_S0310_v0	183	Response	10	2387729	2239	4
01_S0310_v0	184	Picture	full0n	2397823	0	1	4167	2	0	4120	other	0
01_S0310_v0	185	Picture	full0i	2409656	0	2	3667	3	0	3620	other	0
01_S0310_v0	186	Picture	full1i	2421823	0	1	3833	2	0	3790	other	0
01_S0310_v0	186	Response	10	2426330	4507	1
01_S0310_v0	187	Picture	full0n	2435323	0	1	3000	2	0	2950	other	0
01_S0310_v0	188	Picture	full0i	2447156	0	1	4834	2	0	4790	other	0
01_S0310_v0	189	Picture	full0n	2460656	0	1	4500	2	0	4450	other	0
01_S0310_v0	190	Picture	full0i	2472156	0	1	4500	2	0	4450	other	0
01_S0310_v0	191	Picture	full0n	2483489	0	2	3167	3	0	3120	other	0
01_S0310_v0	192	Picture	full1n	2496656	0	1	4500	2	0	4450	other	0
01_S0310_v0	192	Response	10	2500129	3473	1
01_S0310_v0	192	Response	10	2500244	3588	1
01_S0310_v0	193	Picture	blue0i	2508989	0	1	3167	2	0	3120	other	0
01_S0310_v0	194	Picture	full0n	2521656	0	1	3500	2	0	3450	other	0
01_S0310_v0	194	Response	10	2526930	5274	1
01_S0310_v0	195	Picture	full0i	2533989	0	1	4334	2	0	4290	other	0
01_S0310_v0	196	Picture	full0n	2544823	0	1	2999	3	0	2950	other	0
01_S0310_v0	197	Picture	full0i	2557656	0	1	3500	2	0	3450	other	0
01_S0310_v0	198	Picture	full0n	2569822	0	2	3334	3	0	3290	other	0
01_S0310_v0	199	Picture	full1i	2581989	0	1	3167	2	0	3120	other	0
01_S0310_v0	199	Response	10	2584926	2937	4
01_S0310_v0	200	Picture	blue0i	2594156	0	1	4666	2	0	4620	other	0
01_S0310_v0	201	Picture	full1n	2606322	0	1	2667	2	0	2620	other	0
01_S0310_v0	201	Response	10	2609927	3605	1
01_S0310_v0	202	Picture	full0n	2617156	0	1	3666	2	0	3620	other	0
01_S0310_v0	203	Picture	full0i	2629489	0	1	4833	2	0	4790	other	0
01_S0310_v0	204	Picture	full0n	2642655	0	2	3334	3	0	3290	other	0
01_S0310_v0	205	Picture	full0i	2655822	0	1	3833	2	0	3790	other	0
01_S0310_v0	206	Picture	full1i	2667989	0	1	3833	2	0	3790	other	0
01_S0310_v0	206	Response	10	2671725	3736	4
01_S0310_v0	207	Picture	full0n	2679822	0	1	4500	2	0	4450	other	0
01_S0310_v0	208	Picture	full1n	2690822	0	1	4833	2	0	4790	other	0
01_S0310_v0	208	Response	10	2695124	4302	4
01_S0310_v0	209	Picture	full0i	2702655	0	1	2667	2	0	2620	other	0
01_S0310_v0	210	Picture	full1i	2714155	0	1	4500	2	0	4450	other	0
01_S0310_v0	210	Response	10	2717325	3170	2
01_S0310_v0	210	Response	10	2719327	5172	1
01_S0310_v0	211	Picture	full0n	2727655	0	1	4333	2	0	4290	other	0
01_S0310_v0	212	Picture	full1n	2739155	0	1	3833	2	0	3790	other	0
01_S0310_v0	212	Response	10	2743326	4171	2
01_S0310_v0	213	Picture	full1i	2751488	0	2	2834	3	0	2790	other	0
01_S0310_v0	213	Response	10	2754723	3235	4
01_S0310_v0	214	Picture	blue1n	2762822	0	1	4166	2	0	4120	false_alarm	371
01_S0310_v0	214	Response	10	2765723	2901	4
01_S0310_v0	215	Picture	full1i	2773822	0	1	2500	2	0	2450	other	0
01_S0310_v0	215	Response	10	2778723	4901	4
01_S0310_v0	216	Picture	full0i	2786488	0	1	4834	2	0	4790	other	0
01_S0310_v0	217	Picture	full0n	2799322	0	1	2833	2	0	2790	other	0
01_S0310_v0	218	Picture	full0i	2811988	0	1	4000	2	0	3950	other	0
01_S0310_v0	219	Picture	blue1n	2822988	0	1	3833	2	0	3790	false_alarm	378
01_S0310_v0	219	Response	10	2825124	2136	1
01_S0310_v0	219	Response	10	2825324	2336	1
01_S0310_v0	219	Response	10	2827125	4137	1
01_S0310_v0	220	Picture	full0n	2833988	0	1	4667	2	0	4620	other	0
01_S0310_v0	221	Picture	full0i	2847488	0	1	4000	2	0	3950	other	0
01_S0310_v0	222	Picture	full0n	2858821	0	1	3167	2	0	3120	other	0
01_S0310_v0	223	Picture	full1i	2872321	0	1	3834	2	0	3790	other	0
01_S0310_v0	223	Response	10	2875512	3191	4
01_S0310_v0	224	Picture	full0i	2884988	0	1	2500	2	0	2450	other	0
01_S0310_v0	225	Picture	full1n	2896321	0	1	4333	2	0	4290	other	0
01_S0310_v0	225	Response	10	2900113	3792	1
01_S0310_v0	226	Picture	full1i	2908988	0	1	4000	2	0	3950	other	0
01_S0310_v0	226	Response	10	2913311	4323	4
01_S0310_v0	226	Response	10	2914714	5726	1
01_S0310_v0	227	Picture	full1n	2920488	0	1	4166	2	0	4120	other	0
01_S0310_v0	227	Response	10	2924312	3824	2
01_S0310_v0	227	Response	10	2924512	4024	1
01_S0310_v0	228	Picture	full0n	2931488	0	1	4166	2	0	4120	other	0
01_S0310_v0	229	Picture	full1i	2944321	0	1	4333	2	0	4290	other	0
01_S0310_v0	229	Response	10	2948710	4389	4
01_S0310_v0	230	Picture	full0i	2956488	0	1	4000	2	0	3950	other	0
01_S0310_v0	231	Picture	full1n	2967821	0	1	2833	2	0	2790	other	0
01_S0310_v0	231	Response	10	2971110	3289	4
01_S0310_v0	232	Picture	blue0n	2978654	0	1	4167	2	0	4120	other	0
01_S0310_v0	233	Picture	full1i	2990821	0	1	3166	2	0	3120	other	0
01_S0310_v0	233	Response	10	2995111	4290	2
01_S0310_v0	233	Response	10	2995311	4490	1
01_S0310_v0	233	Response	10	2997312	6491	2
01_S0310_v0	234	Picture	full1n	3002154	0	1	3667	2	0	3620	other	0
01_S0310_v0	234	Response	10	3006511	4357	1
01_S0310_v0	235	Picture	full0i	3014987	0	1	3834	2	0	3790	other	0
01_S0310_v0	236	Picture	full1i	3026487	0	1	3500	2	0	3450	other	0
01_S0310_v0	236	Response	10	3029509	3022	4
01_S0310_v0	237	Picture	full1n	3038821	0	1	2500	2	0	2450	other	0
01_S0310_v0	237	Response	10	3044309	5488	4
01_S0310_v0	238	Picture	full1i	3052321	0	1	2833	2	0	2790	other	0
01_S0310_v0	238	Response	10	3057909	5588	4
01_S0310_v0	238	Response	10	3059911	7590	2
01_S0310_v0	239	Picture	full1n	3065154	0	1	3500	2	0	3450	other	0
01_S0310_v0	239	Response	10	3069510	4356	1
01_S0310_v0	239	Response	10	3069710	4556	1
01_S0310_v0	239	Response	10	3072311	7157	1
01_S0310_v0	240	Picture	full1i	3076987	0	1	3000	2	0	2950	other	0
01_S0310_v0	240	Response	10	3081508	4521	4
01_S0310_v0	241	Picture	full0n	3090154	0	1	5000	2	0	4950	other	0
01_S0310_v0	242	Picture	full1n	3100987	0	1	4333	2	0	4290	other	0
01_S0310_v0	242	Response	10	3105109	4122	2
01_S0310_v0	242	Response	10	3106911	5924	1
01_S0310_v0	243	Picture	full1i	3114154	0	1	4833	2	0	4790	other	0
01_S0310_v0	243	Response	10	3116909	2755	2
01_S0310_v0	244	Picture	full1n	3126487	0	1	3500	2	0	3450	other	0
01_S0310_v0	244	Response	10	3128908	2421	4
01_S0310_v0	245	Picture	full1i	3139653	0	2	3834	3	0	3790	other	0
01_S0310_v0	245	Response	10	3141909	2256	1
01_S0310_v0	245	Response	10	3144910	5257	1
01_S0310_v0	246	Picture	full1n	3152820	0	1	3333	2	0	3290	other	0
01_S0310_v0	246	Response	10	3155107	2287	4
01_S0310_v0	247	Picture	full1i	3164987	0	1	3000	2	0	2950	other	0
01_S0310_v0	247	Response	10	3168107	3120	4
01_S0310_v0	248	Picture	full0i	3177820	0	1	2667	2	0	2620	other	0
01_S0310_v0	248	Response	10	3181507	3687	4
01_S0310_v0	249	Picture	full0n	3188820	0	1	3333	2	0	3290	other	0
01_S0310_v0	250	Picture	blue1n	3201487	0	1	4833	2	0	4790	false_alarm	441
01_S0310_v0	250	Response	10	3205907	4420	4
01_S0310_v0	251	Picture	full0i	3212820	0	1	4333	2	0	4290	other	0
01_S0310_v0	252	Picture	full0n	3224986	0	2	3834	3	0	3790	other	0
01_S0310_v0	253	Picture	full0i	3236486	0	2	4000	3	0	3950	other	0
01_S0310_v0	254	Picture	full0n	3248320	0	1	3166	2	0	3120	other	0
01_S0310_v0	255	Picture	full1i	3261820	0	1	4333	2	0	4290	other	0
01_S0310_v0	255	Response	10	3264706	2886	4
01_S0310_v0	256	Picture	full1n	3273986	0	1	3000	2	0	2950	other	0
01_S0310_v0	256	Response	10	3277306	3320	3
01_S0310_v0	256	Response	10	3279908	5922	1
01_S0310_v0	257	Picture	full1i	3284820	0	1	4333	2	0	4290	other	0
01_S0310_v0	257	Response	10	3287505	2685	4
01_S0310_v0	257	Response	10	3289708	4888	1
01_S0310_v0	258	Picture	blue0i	3298320	0	1	2666	2	0	2620	other	0
01_S0310_v0	259	Picture	full1n	3311819	0	2	4167	3	0	4120	other	0
01_S0310_v0	260	Picture	full1i	3322653	0	1	4833	2	0	4790	other	0
01_S0310_v0	260	Response	10	3325705	3052	4
01_S0310_v0	261	Picture	full1n	3334153	0	1	2666	2	0	2620	other	0
01_S0310_v0	261	Response	10	3334905	752	4
01_S0310_v0	262	Picture	full1i	3346486	0	1	3167	2	0	3120	other	0
01_S0310_v0	262	Response	10	3349107	2621	1
01_S0310_v0	263	Picture	full1n	3359319	0	1	4834	2	0	4790	other	0
01_S0310_v0	263	Response	10	3361707	2388	1
01_S0310_v0	264	Picture	full1i	3370653	0	1	3666	2	0	3620	other	0
01_S0310_v0	264	Response	10	3373507	2854	1
01_S0310_v0	265	Picture	full0n	3383486	0	1	4500	2	0	4450	other	0
01_S0310_v0	266	Picture	full1n	3396319	0	1	4167	2	0	4120	other	0
01_S0310_v0	266	Response	10	3399704	3385	4
01_S0310_v0	267	Picture	blue1i	3408152	0	2	4667	3	0	4620	false_alarm	470
01_S0310_v0	267	Response	10	3410505	2353	1
01_S0310_v0	268	Picture	full0i	3420319	0	1	4333	2	0	4290	other	0
01_S0310_v0	269	Picture	full0n	3433486	0	1	3666	2	0	3620	other	0
01_S0310_v0	270	Picture	default	3445652	0	1	2667	2	0	2500	other	0
01_S0310_v0	271	Picture	default	3465819	0	1	12229	2	0	2500	other	0


Event Type	Code	Type	Response	RT	RT Uncertainty	Time	Uncertainty	Duration	Uncertainty	ReqTime	ReqDur

Picture	full1n	other				24333	1	4666	2	0	4620
Picture	full0n	other				35803	197	2696	198	0	2620
Picture	full0i	other				47666	1	4333	2	0	4290
Picture	blue0n	false_alarm	2	5319	203	60466	201	2700	202	0	2620
Picture	full1i	other				72466	201	4033	202	0	3950
Picture	full1n	other				83499	1	2500	2	0	2450
Picture	full0i	other				94832	1	4834	2	0	4790
Picture	full1i	other				105666	1	2500	2	0	2450
Picture	full0n	other				117832	1	2834	2	0	2790
Picture	full1n	other				131332	1	4667	2	0	4620
Picture	full1i	other				143499	1	4833	2	0	4790
Picture	full1n	other				154332	1	4167	2	0	4120
Picture	full1i	other				167165	1	4667	2	0	4620
Picture	full0i	other				180332	1	4000	2	0	3950
Picture	blue0n	other				192999	1	3000	2	0	2950
Picture	full0i	other				205165	1	4333	3	0	4290
Picture	full0n	other				215998	2	4167	3	0	4120
Picture	full1n	other				228665	1	3167	2	0	3120
Picture	full0i	other				239665	1	3833	2	0	3790
Picture	full0n	other				252498	1	4167	2	0	4120
Picture	full1i	other				263998	1	2500	2	0	2450
Picture	full1n	other				275832	1	4166	2	0	4120
Picture	full0i	other				286665	1	3000	2	0	2950
Picture	full0n	other				299331	2	2834	3	0	2790
Picture	full0i	other				311165	1	3166	2	0	3120
Picture	full1i	other				322665	1	4833	2	0	4790
Picture	blue1n	false_alarm	2	2383	3	333998	1	4167	2	0	4120
Picture	full0n	other				345498	1	5000	2	0	4950
Picture	full1i	other				357665	1	4500	2	0	4450
Picture	full1n	other				368998	1	4500	2	0	4450
Picture	full1i	other				380331	1	4167	2	0	4120
Picture	full1n	other				393831	1	4500	2	0	4450
Picture	full0i	other				406664	1	2500	2	0	2450
Picture	full0n	other				417998	1	4000	2	0	3950
Picture	full0i	other				430664	1	4834	2	0	4790
Picture	full1i	other				442164	1	2834	2	0	2790
Picture	full1n	other				455331	1	4333	2	0	4290
Picture	full1i	other				467497	2	3334	3	0	3290
Picture	full1n	other				479831	1	5000	2	0	4950
Picture	full0n	other				492164	1	3167	2	0	3120
Picture	full0i	other				503664	1	4000	2	0	3950
Picture	full0n	other				517164	1	4000	2	0	3950
Picture	blue1i	false_alarm	2	2303	5	530664	1	4833	2	0	4790
Picture	full0i	other				542497	1	3000	2	0	2950
Picture	full1n	other				555330	2	3167	3	0	3120
Picture	full1i	other				568497	1	3333	2	0	3290
Picture	full0n	other				581164	1	2833	2	0	2790
Picture	blue1n	false_alarm	2	3869	5	592497	1	4167	2	0	4120
Picture	full1i	other				603497	1	3667	2	0	3620
Picture	blue0i	other				614330	1	3834	2	0	3790
Picture	full1n	other				625330	1	3000	2	0	2950
Picture	full1i	other				637163	2	4834	3	0	4790
Picture	full1n	other				649330	1	4500	2	0	4450
Picture	full1i	other				661163	1	4500	2	0	4450
Picture	blue1n	false_alarm	2	2268	5	673497	1	3166	2	0	3120
Picture	full0n	other				684830	1	4500	2	0	4450
Picture	full1i	other				696330	1	3167	2	0	3120
Picture	full1n	other				707663	1	3500	2	0	3450
Picture	full1i	other				718496	2	4334	3	0	4290
Picture	full1n	other				729496	2	3000	3	0	2950
Picture	full1i	other				740830	1	3500	2	0	3450
Picture	blue1n	false_alarm	2	2901	5	752663	1	3333	2	0	3290
Picture	full0i	other				764996	1	3167	2	0	3120
Picture	full1i	other				778163	1	4667	2	0	4620
Picture	full0n	other				790329	2	2667	3	0	2620
Picture	full1n	other				803163	1	3666	2	0	3620
Picture	full1i	other				814663	1	4833	2	0	4790
Picture	full1n	other				825496	1	3333	2	0	3290
Picture	full1i	other				837663	1	3833	2	0	3790
Picture	full0i	other				848663	1	3833	2	0	3790
Picture	full1n	other				862162	4	4501	5	0	4450
Picture	full0n	other				874496	1	4833	2	0	4790
Picture	full1i	other				885329	1	2667	2	0	2620
Picture	full0i	other				896829	1	4500	2	0	4450
Picture	full1n	other				908996	1	4333	2	0	4290
Picture	full0n	other				921162	2	3834	3	0	3790
Picture	blue0i	other				933496	1	2833	2	0	2790
Picture	full0n	other				946996	1	4165	4	0	4120
Picture	full0i	other				959161	3	2501	4	0	2450
Picture	full1i	other				971995	2	4834	3	0	4790
Picture	full1n	other				982995	1	2834	2	0	2790
Picture	full1i	other				995662	1	4000	2	0	3950
Picture	full0n	other				1009162	1	3833	2	0	3790
Picture	full1n	other				1020495	1	4665	4	0	4620
Picture	full1i	other				1032329	1	4000	2	0	3950
Picture	full1n	other				1043328	2	3167	3	0	3120
Picture	full0i	other				1056828	2	3834	3	0	3790
Picture	full1i	other				1069995	1	2500	2	0	2450
Picture	full0n	other				1082162	1	4333	2	0	4290
Picture	full0i	other				1094995	1	4000	2	0	3950
Picture	full0n	other				1107162	1	4166	2	0	4120
Picture	full1n	other				1119328	1	4167	2	0	4120
Picture	full0i	other				1132495	1	4333	2	0	4290
Picture	blue1i	false_alarm	2	3363	5	1143995	1	4000	2	0	3950
Picture	full0n	other				1154995	1	2833	2	0	2790
Picture	full1n	other				1166328	1	4167	2	0	4120
Picture	full0i	other				1178995	1	3166	2	0	3120
Picture	full0n	other				1191661	1	3667	2	0	3620
Picture	full1i	other				1204495	1	3833	2	0	3790
Picture	full0i	other				1217994	2	3500	3	0	3450
Picture	full0n	other				1230328	1	2500	2	0	2450
Picture	full0i	other				1241828	1	2833	2	0	2790
Picture	full0n	other				1253161	1	3500	2	0	3450
Picture	full0i	other				1265494	1	3000	2	0	2950
Picture	full1n	other				1277661	1	5000	2	0	4950
Picture	full0n	other				1289827	2	4334	3	0	4290
Picture	full0i	other				1302161	1	4833	2	0	4790
Picture	full0n	other				1315661	1	3500	2	0	3450
Picture	blue0i	false_alarm	2	3662	3	1327494	1	3833	2	0	3790
Picture	full0n	other				1339661	1	3333	2	0	3290
Picture	full0i	other				1352827	1	3000	2	0	2950
Picture	full1i	other				1363827	1	2667	2	0	2620
Picture	full1n	other				1376994	1	3333	2	0	3290
Picture	full0n	other				1390160	2	4834	3	0	4790
Picture	full1i	other				1403660	2	4334	3	0	4290
Picture	full1n	other				1415827	1	3833	2	0	3790
Picture	full1i	other				1427660	1	4000	2	0	3950
Picture	full1n	other				1438494	1	3166	2	0	3120
Picture	blue0i	false_alarm	2	4293	5	1450660	1	4334	2	0	4290
Picture	full0n	other				1462493	2	3000	4	0	2950
Picture	full0i	other				1474827	1	4333	2	0	4290
Picture	full1i	other				1487993	2	2667	3	0	2620
Picture	full0n	other				1498827	1	4166	2	0	4120
Picture	full0i	other				1510993	1	4834	2	0	4790
Picture	full0n	other				1523660	1	2667	2	0	2620
Picture	full0i	other				1536493	1	3167	2	0	3120
Picture	full0n	other				1549326	2	4834	3	0	4790
Picture	full0i	other				1561493	1	3667	2	0	3620
Picture	blue1n	false_alarm	2	3527	3	1573826	2	4500	3	0	4450
Picture	full0n	other				1586493	1	4166	3	0	4120
Picture	full0i	other				1599160	1	4666	2	0	4620
Picture	full1i	other				1612326	1	4334	2	0	4290
Picture	full1n	other				1623826	1	3667	2	0	3620
Picture	82	other				1634826	1	100166	2	0	next
Picture	82	other				1734992	1	10000	2	100000	next
Picture	82	other				1744992	1	10000	2	110000	next
Picture	82	other				1754992	1	10000	2	120000	next
Picture	82	other				1764992	1	10000	2	130000	next
Picture	82	other				1774992	1	10000	2	140000	next
Picture	82	other				1784992	1	10000	2	150000	next
Picture	82	other				1794992	1	10000	2	160000	next
Picture	82	other				1804992	1	10000	2	170000	next
Picture	82	other				1814992	1	10000	2	180000	next
Picture	82	other				1824992	1	10000	2	190000	10000
Picture	full0n	other				1834992	1	4667	2	0	4620
Picture	full1n	other				1846325	1	2667	2	0	2620
Picture	full1i	other				1858492	1	4333	2	0	4290
Picture	full1n	other				1870325	1	2667	2	0	2620
Picture	full0i	other				1881158	2	4000	4	0	3950
Picture	full0n	other				1893992	1	2500	2	0	2450
Picture	full1i	other				1905492	1	4833	2	0	4790
Picture	full0i	other				1917825	1	2500	2	0	2450
Picture	blue0n	other				1929992	1	2833	2	0	2790
Picture	full0i	other				1941825	1	4667	2	0	4620
Picture	full1n	other				1954658	1	4833	3	0	4790
Picture	full0n	other				1965991	2	4167	3	0	4120
Picture	full0i	other				1978658	1	4667	2	0	4620
Picture	blue1i	false_alarm	2	2944	6	1990991	2	4000	3	0	3950
Picture	full1n	other				2002825	1	3000	2	0	2950
Picture	full1i	other				2013658	1	4333	2	0	4290
Picture	full1n	other				2025158	1	4167	2	0	4120
Picture	full0n	other				2037325	1	3166	2	0	3120
Picture	full1i	other				2049991	1	3833	3	0	3790
Picture	full1n	other				2063158	1	4166	2	0	4120
Picture	full0i	other				2075324	2	2500	3	0	2450
Picture	blue0n	other				2087491	1	4167	2	0	4120
Picture	full1i	other				2098491	1	3000	2	0	2950
Picture	full1n	other				2111158	1	2833	2	0	2790
Picture	full1i	other				2121991	1	3167	2	0	3120
Picture	full0i	other				2135157	2	4834	3	0	4790
Picture	full0n	other				2147324	1	4167	2	0	4120
Picture	full1n	other				2158324	1	5000	2	0	4950
Picture	full0i	other				2171824	1	4500	2	0	4450
Picture	full1i	other				2183157	1	4500	2	0	4450
Picture	full0n	other				2196324	1	4167	2	0	4120
Picture	full0i	other				2207824	1	4500	2	0	4450
Picture	blue0n	other				2219990	2	2500	4	0	2450
Picture	full1n	other				2231490	2	4000	3	0	3950
Picture	full1i	other				2242990	1	4834	2	0	4790
Picture	full0i	other				2256490	1	2834	2	0	2790
Picture	full0n	other				2269157	1	4333	2	0	4290
Picture	full0i	other				2280490	1	3334	2	0	3290
Picture	full0n	other				2292324	1	5000	2	0	4950
Picture	full1n	other				2304490	1	3167	2	0	3120
Picture	full1i	other				2315490	1	4000	2	0	3950
Picture	full1n	other				2326490	1	4000	2	0	3950
Picture	full0i	other				2337490	1	4833	2	0	4790
Picture	full1i	other				2348323	1	3000	2	0	2950
Picture	full0n	other				2360657	1	3166	2	0	3120
Picture	full0i	other				2373323	1	3334	2	0	3290
Picture	blue1n	false_alarm	2	2239	5	2385490	1	2833	2	0	2790
Picture	full0n	other				2397823	1	4167	2	0	4120
Picture	full0i	other				2409656	2	3667	3	0	3620
Picture	full1i	other				2421823	1	3833	2	0	3790
Picture	full0n	other				2435323	1	3000	2	0	2950
Picture	full0i	other				2447156	1	4834	2	0	4790
Picture	full0n	other				2460656	1	4500	2	0	4450
Picture	full0i	other				2472156	1	4500	2	0	4450
Picture	full0n	other				2483489	2	3167	3	0	3120
Picture	full1n	other				2496656	1	4500	2	0	4450
Picture	blue0i	other				2508989	1	3167	2	0	3120
Picture	full0n	other				2521656	1	3500	2	0	3450
Picture	full0i	other				2533989	1	4334	2	0	4290
Picture	full0n	other				2544823	1	2999	3	0	2950
Picture	full0i	other				2557656	1	3500	2	0	3450
Picture	full0n	other				2569822	2	3334	3	0	3290
Picture	full1i	other				2581989	1	3167	2	0	3120
Picture	blue0i	other				2594156	1	4666	2	0	4620
Picture	full1n	other				2606322	1	2667	2	0	2620
Picture	full0n	other				2617156	1	3666	2	0	3620
Picture	full0i	other				2629489	1	4833	2	0	4790
Picture	full0n	other				2642655	2	3334	3	0	3290
Picture	full0i	other				2655822	1	3833	2	0	3790
Picture	full1i	other				2667989	1	3833	2	0	3790
Picture	full0n	other				2679822	1	4500	2	0	4450
Picture	full1n	other				2690822	1	4833	2	0	4790
Picture	full0i	other				2702655	1	2667	2	0	2620
Picture	full1i	other				2714155	1	4500	2	0	4450
Picture	full0n	other				2727655	1	4333	2	0	4290
Picture	full1n	other				2739155	1	3833	2	0	3790
Picture	full1i	other				2751488	2	2834	3	0	2790
Picture	blue1n	false_alarm	2	2901	5	2762822	1	4166	2	0	4120
Picture	full1i	other				2773822	1	2500	2	0	2450
Picture	full0i	other				2786488	1	4834	2	0	4790
Picture	full0n	other				2799322	1	2833	2	0	2790
Picture	full0i	other				2811988	1	4000	2	0	3950
Picture	blue1n	false_alarm	2	2136	2	2822988	1	3833	2	0	3790
Picture	full0n	other				2833988	1	4667	2	0	4620
Picture	full0i	other				2847488	1	4000	2	0	3950
Picture	full0n	other				2858821	1	3167	2	0	3120
Picture	full1i	other				2872321	1	3834	2	0	3790
Picture	full0i	other				2884988	1	2500	2	0	2450
Picture	full1n	other				2896321	1	4333	2	0	4290
Picture	full1i	other				2908988	1	4000	2	0	3950
Picture	full1n	other				2920488	1	4166	2	0	4120
Picture	full0n	other				2931488	1	4166	2	0	4120
Picture	full1i	other				2944321	1	4333	2	0	4290
Picture	full0i	other				2956488	1	4000	2	0	3950
Picture	full1n	other				2967821	1	2833	2	0	2790
Picture	blue0n	other				2978654	1	4167	2	0	4120
Picture	full1i	other				2990821	1	3166	2	0	3120
Picture	full1n	other				3002154	1	3667	2	0	3620
Picture	full0i	other				3014987	1	3834	2	0	3790
Picture	full1i	other				3026487	1	3500	2	0	3450
Picture	full1n	other				3038821	1	2500	2	0	2450
Picture	full1i	other				3052321	1	2833	2	0	2790
Picture	full1n	other				3065154	1	3500	2	0	3450
Picture	full1i	other				3076987	1	3000	2	0	2950
Picture	full0n	other				3090154	1	5000	2	0	4950
Picture	full1n	other				3100987	1	4333	2	0	4290
Picture	full1i	other				3114154	1	4833	2	0	4790
Picture	full1n	other				3126487	1	3500	2	0	3450
Picture	full1i	other				3139653	2	3834	3	0	3790
Picture	full1n	other				3152820	1	3333	2	0	3290
Picture	full1i	other				3164987	1	3000	2	0	2950
Picture	full0i	other				3177820	1	2667	2	0	2620
Picture	full0n	other				3188820	1	3333	2	0	3290
Picture	blue1n	false_alarm	2	4420	5	3201487	1	4833	2	0	4790
Picture	full0i	other				3212820	1	4333	2	0	4290
Picture	full0n	other				3224986	2	3834	3	0	3790
Picture	full0i	other				3236486	2	4000	3	0	3950
Picture	full0n	other				3248320	1	3166	2	0	3120
Picture	full1i	other				3261820	1	4333	2	0	4290
Picture	full1n	other				3273986	1	3000	2	0	2950
Picture	full1i	other				3284820	1	4333	2	0	4290
Picture	blue0i	other				3298320	1	2666	2	0	2620
Picture	full1n	other				3311819	2	4167	3	0	4120
Picture	full1i	other				3322653	1	4833	2	0	4790
Picture	full1n	other				3334153	1	2666	2	0	2620
Picture	full1i	other				3346486	1	3167	2	0	3120
Picture	full1n	other				3359319	1	4834	2	0	4790
Picture	full1i	other				3370653	1	3666	2	0	3620
Picture	full0n	other				3383486	1	4500	2	0	4450
Picture	full1n	other				3396319	1	4167	2	0	4120
Picture	blue1i	false_alarm	2	2353	3	3408152	2	4667	3	0	4620
Picture	full0i	other				3420319	1	4333	2	0	4290
Picture	full0n	other				3433486	1	3666	2	0	3620
Picture	default	other				3445652	1	2667	2	0	2500
Picture	default	other				3465819	1	12229	2	0	2500

The following output port codes were not sent because of a conflict on the port.
Port	Code	Time(ms)
1	10	133976
