Scenario - visual LTP Rap V4.0 HVB (based on combined block 1+2 from old 45 135 degree pilot)
Logfile written - 02/23/2016 16:04:09

Subject	Trial	Event Type	Code	Time	TTime	Uncertainty	Duration	Uncertainty	ReqTime	ReqDur	Stim Type	Pair Index

01_S0308_v0	1	Response	128	28984	38817	2
01_S0308_v0	3	Picture	full1n	39166	0	1	4667	2	0	4620	other	0
01_S0308_v0	4	Picture	full0n	50636	0	198	2697	199	0	2620	other	0
01_S0308_v0	5	Picture	full0i	62499	0	1	4334	2	0	4290	other	0
01_S0308_v0	6	Picture	blue0n	75299	0	201	2700	202	0	2620	false_alarm	6
01_S0308_v0	6	Response	10	81829	6530	1
01_S0308_v0	7	Picture	full1i	87307	0	193	4026	194	0	3950	other	0
01_S0308_v0	8	Picture	full1n	98333	0	1	2500	2	0	2450	other	0
01_S0308_v0	9	Picture	full0i	109666	0	1	4833	2	0	4790	other	0
01_S0308_v0	10	Picture	full1i	120499	0	1	2500	2	0	2450	other	0
01_S0308_v0	11	Picture	full0n	132666	0	1	2833	2	0	2790	other	0
01_S0308_v0	12	Picture	full1n	146166	0	1	4666	2	0	4620	other	0
01_S0308_v0	13	Picture	full1i	158332	0	2	4834	3	0	4790	other	0
01_S0308_v0	14	Picture	full1n	169166	0	1	4166	2	0	4120	other	0
01_S0308_v0	15	Picture	full1i	181999	0	1	4667	2	0	4620	other	0
01_S0308_v0	16	Picture	full0i	195166	0	1	4000	2	0	3950	other	0
01_S0308_v0	17	Picture	blue0n	207832	0	1	3000	2	0	2950	other	0
01_S0308_v0	18	Picture	full0i	219999	0	1	4333	2	0	4290	other	0
01_S0308_v0	19	Picture	full0n	230832	0	1	4167	2	0	4120	other	0
01_S0308_v0	20	Picture	full1n	243499	0	1	3167	2	0	3120	other	0
01_S0308_v0	21	Picture	full0i	254499	0	1	3833	2	0	3790	other	0
01_S0308_v0	22	Picture	full0n	267329	0	31	4170	32	0	4120	other	0
01_S0308_v0	23	Picture	full1i	278832	0	1	2500	2	0	2450	other	0
01_S0308_v0	24	Picture	full1n	290666	0	1	4166	2	0	4120	other	0
01_S0308_v0	25	Picture	full0i	301499	0	1	3000	2	0	2950	other	0
01_S0308_v0	26	Picture	full0n	314165	0	2	2834	3	0	2790	other	0
01_S0308_v0	27	Picture	full0i	325999	0	1	3166	3	0	3120	other	0
01_S0308_v0	28	Picture	full1i	337499	0	1	4833	2	0	4790	other	0
01_S0308_v0	29	Picture	blue1n	348832	0	1	4167	2	0	4120	false_alarm	30
01_S0308_v0	29	Response	10	354223	5391	4
01_S0308_v0	29	Response	10	356826	7994	1
01_S0308_v0	30	Picture	full0n	360332	0	1	5000	2	0	4950	other	0
01_S0308_v0	31	Picture	full1i	372499	0	1	4500	2	0	4450	other	0
01_S0308_v0	32	Picture	full1n	383832	0	1	4500	2	0	4450	other	0
01_S0308_v0	33	Picture	full1i	395165	0	2	4167	3	0	4120	other	0
01_S0308_v0	34	Picture	full1n	408665	0	1	4500	2	0	4450	other	0
01_S0308_v0	35	Picture	full0i	421499	0	1	2500	2	0	2450	other	0
01_S0308_v0	36	Picture	full0n	432832	0	1	4000	2	0	3950	other	0
01_S0308_v0	37	Picture	full0i	445499	0	1	4833	2	0	4790	other	0
01_S0308_v0	38	Picture	full1i	456999	0	1	2833	2	0	2790	other	0
01_S0308_v0	39	Picture	full1n	470165	0	1	4334	2	0	4290	other	0
01_S0308_v0	40	Picture	full1i	482332	0	1	3333	2	0	3290	other	0
01_S0308_v0	41	Picture	full1n	494665	0	1	5000	2	0	4950	other	0
01_S0308_v0	42	Picture	full0n	506999	0	1	3166	2	0	3120	other	0
01_S0308_v0	43	Picture	full0i	518499	0	1	3999	3	0	3950	other	0
01_S0308_v0	44	Picture	full0n	531998	0	2	4000	4	0	3950	other	0
01_S0308_v0	45	Picture	blue1i	545498	0	2	4834	3	0	4790	false_alarm	48
01_S0308_v0	45	Response	10	550421	4923	4
01_S0308_v0	46	Picture	full0i	557332	0	1	3000	2	0	2950	other	0
01_S0308_v0	47	Picture	full1n	570165	0	1	3167	2	0	3120	other	0
01_S0308_v0	48	Picture	full1i	583332	0	1	3333	2	0	3290	other	0
01_S0308_v0	49	Picture	full0n	595998	0	2	2834	3	0	2790	other	0
01_S0308_v0	50	Picture	blue1n	607332	0	1	4166	2	0	4120	false_alarm	54
01_S0308_v0	50	Response	10	613020	5688	4
01_S0308_v0	51	Picture	full1i	618332	0	1	3666	2	0	3620	other	0
01_S0308_v0	52	Picture	blue0i	629165	0	1	3833	2	0	3790	false_alarm	57
01_S0308_v0	52	Response	10	635622	6457	2
01_S0308_v0	52	Response	10	635822	6657	1
01_S0308_v0	53	Picture	full1n	640165	0	1	3000	2	0	2950	other	0
01_S0308_v0	54	Picture	full1i	651998	0	1	4834	2	0	4790	other	0
01_S0308_v0	55	Picture	full1n	664165	0	1	4500	2	0	4450	other	0
01_S0308_v0	56	Picture	full1i	675998	0	1	4500	2	0	4450	other	0
01_S0308_v0	57	Picture	blue1n	688332	0	1	3166	2	0	3120	false_alarm	64
01_S0308_v0	57	Response	10	692419	4087	4
01_S0308_v0	58	Picture	full0n	699665	0	1	4500	2	0	4450	other	0
01_S0308_v0	59	Picture	full1i	711165	0	1	3167	2	0	3120	other	0
01_S0308_v0	60	Picture	full1n	722498	0	1	3500	2	0	3450	other	0
01_S0308_v0	61	Picture	full1i	733331	0	2	4334	3	0	4290	other	0
01_S0308_v0	62	Picture	full1n	744331	0	2	3000	4	0	2950	other	0
01_S0308_v0	63	Picture	full1i	755665	0	1	3500	2	0	3450	other	0
01_S0308_v0	64	Picture	blue1n	767498	0	1	3333	2	0	3290	false_alarm	72
01_S0308_v0	64	Response	10	771821	4323	1
01_S0308_v0	64	Response	10	772021	4523	1
01_S0308_v0	65	Picture	full0i	779831	0	2	3167	3	0	3120	other	0
01_S0308_v0	66	Picture	full1i	792998	0	1	4667	2	0	4620	other	0
01_S0308_v0	67	Picture	full0n	805165	0	1	2666	2	0	2620	other	0
01_S0308_v0	68	Picture	full1n	817998	0	1	3667	2	0	3620	other	0
01_S0308_v0	69	Picture	full1i	829498	0	1	4833	2	0	4790	other	0
01_S0308_v0	70	Picture	full1n	840331	0	1	3334	2	0	3290	other	0
01_S0308_v0	71	Picture	full1i	852498	0	1	3833	2	0	3790	other	0
01_S0308_v0	72	Picture	full0i	863498	0	1	3833	2	0	3790	other	0
01_S0308_v0	73	Picture	full1n	876998	0	1	4500	2	0	4450	other	0
01_S0308_v0	74	Picture	full0n	889331	0	1	4834	2	0	4790	other	0
01_S0308_v0	75	Picture	full1i	900165	0	1	2666	2	0	2620	other	0
01_S0308_v0	76	Picture	full0i	911665	0	1	4500	2	0	4450	other	0
01_S0308_v0	77	Picture	full1n	923831	0	1	4334	2	0	4290	other	0
01_S0308_v0	78	Picture	full0n	935998	0	1	3833	2	0	3790	other	0
01_S0308_v0	79	Picture	blue0i	948331	0	1	2833	3	0	2790	false_alarm	89
01_S0308_v0	79	Response	10	952419	4088	1
01_S0308_v0	79	Response	10	952618	4287	2
01_S0308_v0	80	Picture	full0n	961831	0	1	4167	2	0	4120	other	0
01_S0308_v0	81	Picture	full0i	973998	0	1	2500	2	0	2450	other	0
01_S0308_v0	82	Picture	full1i	986831	0	1	4833	2	0	4790	other	0
01_S0308_v0	83	Picture	full1n	997831	0	1	2833	2	0	2790	other	0
01_S0308_v0	84	Picture	full1i	1010498	0	1	4000	2	0	3950	other	0
01_S0308_v0	85	Picture	full0n	1023998	0	1	3833	2	0	3790	other	0
01_S0308_v0	86	Picture	full1n	1035331	0	1	4667	2	0	4620	other	0
01_S0308_v0	87	Picture	full1i	1047164	0	1	4000	2	0	3950	other	0
01_S0308_v0	88	Picture	full1n	1058164	0	1	3167	2	0	3120	other	0
01_S0308_v0	89	Picture	full0i	1071664	0	1	3834	2	0	3790	other	0
01_S0308_v0	90	Picture	full1i	1084831	0	1	2483	24	0	2450	other	0
01_S0308_v0	91	Picture	full0n	1096998	0	1	4333	2	0	4290	other	0
01_S0308_v0	92	Picture	full0i	1109831	0	1	4000	2	0	3950	other	0
01_S0308_v0	93	Picture	full0n	1121998	0	1	4166	2	0	4120	other	0
01_S0308_v0	94	Picture	full1n	1134164	0	1	4167	2	0	4120	other	0
01_S0308_v0	95	Picture	full0i	1147331	0	1	4333	2	0	4290	other	0
01_S0308_v0	96	Picture	blue1i	1158831	0	1	4000	2	0	3950	false_alarm	108
01_S0308_v0	96	Response	10	1166606	7775	1
01_S0308_v0	97	Picture	full0n	1169831	0	1	2833	2	0	2790	other	0
01_S0308_v0	98	Picture	full1n	1181164	0	1	4167	2	0	4120	other	0
01_S0308_v0	99	Picture	full0i	1193831	0	1	3166	2	0	3120	other	0
01_S0308_v0	100	Picture	full0n	1206497	0	2	3667	3	0	3620	other	0
01_S0308_v0	101	Picture	full1i	1219331	0	1	3833	2	0	3790	other	0
01_S0308_v0	102	Picture	full0i	1232831	0	1	3500	2	0	3450	other	0
01_S0308_v0	103	Picture	full0n	1245164	0	1	2500	2	0	2450	other	0
01_S0308_v0	104	Picture	full0i	1256664	0	1	2833	2	0	2790	other	0
01_S0308_v0	104	Response	10	1263802	7138	4
01_S0308_v0	105	Picture	full0n	1267997	0	1	3500	2	0	3450	other	0
01_S0308_v0	106	Picture	full0i	1280331	0	1	3000	2	0	2950	other	0
01_S0308_v0	107	Picture	full1n	1292497	0	1	5000	2	0	4950	other	0
01_S0308_v0	108	Picture	full0n	1304664	0	1	4333	2	0	4290	other	0
01_S0308_v0	109	Picture	full0i	1316997	0	1	4834	2	0	4790	other	0
01_S0308_v0	110	Picture	full0n	1330497	0	1	3500	2	0	3450	other	0
01_S0308_v0	111	Picture	blue0i	1342331	0	1	3833	2	0	3790	false_alarm	125
01_S0308_v0	111	Response	10	1347004	4673	1
01_S0308_v0	111	Response	10	1347202	4871	2
01_S0308_v0	112	Picture	full0n	1354497	0	1	3333	3	0	3290	other	0
01_S0308_v0	113	Picture	full0i	1367664	0	1	3000	2	0	2950	other	0
01_S0308_v0	114	Picture	full1i	1378664	0	1	2666	2	0	2620	other	0
01_S0308_v0	115	Picture	full1n	1391830	0	2	3334	3	0	3290	other	0
01_S0308_v0	116	Picture	full0n	1404997	0	1	4833	2	0	4790	other	0
01_S0308_v0	117	Picture	full1i	1418497	0	1	4333	2	0	4290	other	0
01_S0308_v0	118	Picture	full1n	1430664	0	1	3833	2	0	3790	other	0
01_S0308_v0	119	Picture	full1i	1442497	0	1	4000	2	0	3950	other	0
01_S0308_v0	120	Picture	full1n	1453330	0	1	3167	2	0	3120	other	0
01_S0308_v0	121	Picture	blue0i	1465497	0	1	4333	2	0	4290	false_alarm	137
01_S0308_v0	121	Response	10	1471200	5703	3
01_S0308_v0	121	Response	10	1473602	8105	1
01_S0308_v0	122	Picture	full0n	1477330	0	1	3000	2	0	2950	other	0
01_S0308_v0	123	Picture	full0i	1489664	0	1	4333	2	0	4290	other	0
01_S0308_v0	124	Picture	full1i	1502830	0	1	2667	2	0	2620	other	0
01_S0308_v0	125	Picture	full0n	1513664	0	1	4166	2	0	4120	other	0
01_S0308_v0	126	Picture	full0i	1525830	0	1	4834	2	0	4790	other	0
01_S0308_v0	127	Picture	full0n	1538497	0	1	2667	2	0	2620	other	0
01_S0308_v0	128	Picture	full0i	1551330	0	1	3167	2	0	3120	other	0
01_S0308_v0	129	Picture	full0n	1564163	0	2	4834	3	0	4790	other	0
01_S0308_v0	130	Picture	full0i	1576330	0	1	3667	2	0	3620	other	0
01_S0308_v0	131	Picture	blue1n	1588663	0	2	4500	3	0	4450	false_alarm	149
01_S0308_v0	131	Response	10	1593399	4736	2
01_S0308_v0	132	Picture	full0n	1601330	0	1	4167	2	0	4120	other	0
01_S0308_v0	133	Picture	full0i	1613997	0	1	4666	2	0	4620	other	0
01_S0308_v0	134	Picture	full1i	1627163	0	2	4334	3	0	4290	other	0
01_S0308_v0	135	Picture	full1n	1638663	0	1	3667	2	0	3620	other	0
01_S0308_v0	136	Picture	82	1649663	0	1	100167	2	0	next	other	0
01_S0308_v0	136	Picture	82	1749830	100167	1	10000	2	100000	next	other	0
01_S0308_v0	136	Picture	82	1759830	110167	1	10000	2	110000	next	other	0
01_S0308_v0	136	Picture	82	1769830	120167	1	10000	2	120000	next	other	0
01_S0308_v0	136	Picture	82	1779830	130167	1	10000	2	130000	next	other	0
01_S0308_v0	136	Picture	82	1789830	140167	1	10000	2	140000	next	other	0
01_S0308_v0	136	Picture	82	1799830	150167	1	10000	2	150000	next	other	0
01_S0308_v0	136	Picture	82	1809830	160167	1	10000	2	160000	next	other	0
01_S0308_v0	136	Picture	82	1819830	170167	1	10000	2	170000	next	other	0
01_S0308_v0	136	Picture	82	1829830	180167	1	10000	2	180000	next	other	0
01_S0308_v0	136	Picture	82	1839830	190167	1	10000	2	190000	10000	other	0
01_S0308_v0	137	Picture	full0n	1849830	0	1	4666	2	0	4620	other	0
01_S0308_v0	138	Picture	full1n	1861163	0	1	2667	2	0	2620	other	0
01_S0308_v0	139	Picture	full1i	1873330	0	1	4333	2	0	4290	other	0
01_S0308_v0	140	Picture	full1n	1885163	0	1	2667	2	0	2620	other	0
01_S0308_v0	141	Picture	full0i	1895996	0	1	3998	5	0	3950	other	0
01_S0308_v0	142	Picture	full0n	1908830	0	1	2500	2	0	2450	other	0
01_S0308_v0	143	Picture	full1i	1920330	0	1	4833	2	0	4790	other	0
01_S0308_v0	144	Picture	full0i	1932663	0	1	2500	2	0	2450	other	0
01_S0308_v0	145	Picture	blue0n	1944830	0	1	2833	2	0	2790	false_alarm	174
01_S0308_v0	145	Response	10	1949396	4566	2
01_S0308_v0	145	Response	10	1949596	4766	1
01_S0308_v0	146	Picture	full0i	1956663	0	1	4666	3	0	4620	other	0
01_S0308_v0	147	Picture	full1n	1969496	0	1	4833	3	0	4790	other	0
01_S0308_v0	148	Picture	full0n	1980829	0	2	4167	3	0	4120	other	0
01_S0308_v0	149	Picture	full0i	1993496	0	1	4667	2	0	4620	other	0
01_S0308_v0	150	Picture	blue1i	2005829	0	2	4000	3	0	3950	false_alarm	181
01_S0308_v0	150	Response	10	2011796	5967	1
01_S0308_v0	151	Picture	full1n	2017663	0	1	3000	2	0	2950	other	0
01_S0308_v0	152	Picture	full1i	2028496	0	1	4333	2	0	4290	other	0
01_S0308_v0	153	Picture	full1n	2039996	0	1	4167	2	0	4120	other	0
01_S0308_v0	154	Picture	full0n	2052163	0	1	3166	2	0	3120	other	0
01_S0308_v0	155	Picture	full1i	2064829	0	1	3834	2	0	3790	other	0
01_S0308_v0	156	Picture	full1n	2077996	0	1	4167	2	0	4120	other	0
01_S0308_v0	157	Picture	full0i	2090163	0	1	2500	2	0	2450	other	0
01_S0308_v0	158	Picture	blue0n	2102329	0	1	4167	2	0	4120	false_alarm	190
01_S0308_v0	158	Response	10	2107192	4863	4
01_S0308_v0	159	Picture	full1i	2113329	0	1	3000	2	0	2950	other	0
01_S0308_v0	160	Picture	full1n	2125996	0	1	2833	2	0	2790	other	0
01_S0308_v0	161	Picture	full1i	2136829	0	1	3167	2	0	3120	other	0
01_S0308_v0	162	Picture	full0i	2149996	0	1	4833	2	0	4790	other	0
01_S0308_v0	163	Picture	full0n	2162162	0	2	4167	3	0	4120	other	0
01_S0308_v0	164	Picture	full1n	2173162	0	2	5000	4	0	4950	other	0
01_S0308_v0	165	Picture	full0i	2186662	0	2	4500	3	0	4450	other	0
01_S0308_v0	166	Picture	full1i	2197996	0	1	4500	2	0	4450	other	0
01_S0308_v0	167	Picture	full0n	2211162	0	2	4167	3	0	4120	other	0
01_S0308_v0	168	Picture	full0i	2222662	0	2	4500	3	0	4450	other	0
01_S0308_v0	169	Picture	blue0n	2234829	0	1	2500	2	0	2450	other	0
01_S0308_v0	170	Picture	full1n	2246329	0	1	4000	2	0	3950	other	0
01_S0308_v0	171	Picture	full1i	2257829	0	1	4833	2	0	4790	other	0
01_S0308_v0	172	Picture	full0i	2271329	0	1	2833	2	0	2790	other	0
01_S0308_v0	173	Picture	full0n	2283996	0	1	4333	2	0	4290	other	0
01_S0308_v0	174	Picture	full0i	2295329	0	1	3333	2	0	3290	other	0
01_S0308_v0	175	Picture	full0n	2307162	0	1	5000	2	0	4950	other	0
01_S0308_v0	176	Picture	full1n	2319329	0	1	3167	2	0	3120	other	0
01_S0308_v0	177	Picture	full1i	2330329	0	1	4000	2	0	3950	other	0
01_S0308_v0	178	Picture	full1n	2341329	0	1	4000	2	0	3950	other	0
01_S0308_v0	179	Picture	full0i	2352329	0	1	4833	2	0	4790	other	0
01_S0308_v0	180	Picture	full1i	2363162	0	1	3000	2	0	2950	other	0
01_S0308_v0	181	Picture	full0n	2375495	0	2	3167	3	0	3120	other	0
01_S0308_v0	182	Picture	full0i	2388162	0	1	3333	3	0	3290	other	0
01_S0308_v0	183	Picture	blue1n	2400329	0	1	2833	2	0	2790	false_alarm	216
01_S0308_v0	183	Response	10	2405978	5649	4
01_S0308_v0	184	Picture	full0n	2412662	0	1	4167	2	0	4120	other	0
01_S0308_v0	185	Picture	full0i	2424495	0	2	3667	3	0	3620	other	0
01_S0308_v0	186	Picture	full1i	2436662	0	1	3833	2	0	3790	other	0
01_S0308_v0	187	Picture	full0n	2450162	0	1	3000	2	0	2950	other	0
01_S0308_v0	188	Picture	full0i	2461995	0	2	4834	3	0	4790	other	0
01_S0308_v0	189	Picture	full0n	2475495	0	1	4500	2	0	4450	other	0
01_S0308_v0	190	Picture	full0i	2486995	0	1	4500	2	0	4450	other	0
01_S0308_v0	191	Picture	full0n	2498329	0	1	3166	2	0	3120	other	0
01_S0308_v0	192	Picture	full1n	2511495	0	1	4500	2	0	4450	other	0
01_S0308_v0	193	Picture	blue0i	2523829	0	1	3166	2	0	3120	false_alarm	227
01_S0308_v0	193	Response	10	2530777	6948	3
01_S0308_v0	194	Picture	full0n	2536495	0	1	3500	2	0	3450	other	0
01_S0308_v0	195	Picture	full0i	2548829	0	1	4333	2	0	4290	other	0
01_S0308_v0	196	Picture	full0n	2559662	0	1	3000	2	0	2950	other	0
01_S0308_v0	197	Picture	full0i	2572495	0	1	3500	2	0	3450	other	0
01_S0308_v0	198	Picture	full0n	2584662	0	1	3333	2	0	3290	other	0
01_S0308_v0	199	Picture	full1i	2596828	0	2	3167	3	0	3120	other	0
01_S0308_v0	200	Picture	blue0i	2608995	0	1	4667	2	0	4620	false_alarm	235
01_S0308_v0	200	Response	10	2614376	5381	3
01_S0308_v0	201	Picture	full1n	2621162	0	1	2666	2	0	2620	other	0
01_S0308_v0	202	Picture	full0n	2631995	0	1	3667	2	0	3620	other	0
01_S0308_v0	203	Picture	full0i	2644328	0	1	4834	2	0	4790	other	0
01_S0308_v0	204	Picture	full0n	2657495	0	1	3333	2	0	3290	other	0
01_S0308_v0	205	Picture	full0i	2670662	0	1	3833	2	0	3790	other	0
01_S0308_v0	206	Picture	full1i	2682828	0	1	3834	2	0	3790	other	0
01_S0308_v0	207	Picture	full0n	2694662	0	1	4500	2	0	4450	other	0
01_S0308_v0	208	Picture	full1n	2705662	0	1	4833	2	0	4790	other	0
01_S0308_v0	209	Picture	full0i	2717495	0	1	2667	2	0	2620	other	0
01_S0308_v0	210	Picture	full1i	2728995	0	1	4500	2	0	4450	other	0
01_S0308_v0	211	Picture	full0n	2742495	0	1	4333	2	0	4290	other	0
01_S0308_v0	212	Picture	full1n	2753995	0	1	3833	2	0	3790	other	0
01_S0308_v0	213	Picture	full1i	2766328	0	1	2833	3	0	2790	other	0
01_S0308_v0	214	Picture	blue1n	2777661	0	2	4167	3	0	4120	false_alarm	250
01_S0308_v0	214	Response	10	2782574	4913	3
01_S0308_v0	215	Picture	full1i	2788661	0	2	2500	4	0	2450	other	0
01_S0308_v0	216	Picture	full0i	2801328	0	1	4833	2	0	4790	other	0
01_S0308_v0	217	Picture	full0n	2814161	0	2	2834	3	0	2790	other	0
01_S0308_v0	218	Picture	full0i	2826828	0	1	4000	2	0	3950	other	0
01_S0308_v0	219	Picture	blue1n	2837828	0	1	3833	2	0	3790	false_alarm	256
01_S0308_v0	219	Response	10	2842174	4346	2
01_S0308_v0	220	Picture	full0n	2848828	0	1	4667	2	0	4620	other	0
01_S0308_v0	221	Picture	full0i	2862328	0	1	4000	2	0	3950	other	0
01_S0308_v0	222	Picture	full0n	2873661	0	1	3167	2	0	3120	other	0
01_S0308_v0	223	Picture	full1i	2887161	0	1	3834	2	0	3790	other	0
01_S0308_v0	224	Picture	full0i	2899828	0	1	2500	2	0	2450	other	0
01_S0308_v0	225	Picture	full1n	2911161	0	1	4334	2	0	4290	other	0
01_S0308_v0	226	Picture	full1i	2923828	0	1	4000	2	0	3950	other	0
01_S0308_v0	227	Picture	full1n	2935328	0	1	4167	2	0	4120	other	0
01_S0308_v0	228	Picture	full0n	2946328	0	1	4167	2	0	4120	other	0
01_S0308_v0	229	Picture	full1i	2959161	0	1	4334	2	0	4290	other	0
01_S0308_v0	230	Picture	full0i	2971328	0	1	4000	2	0	3950	other	0
01_S0308_v0	231	Picture	full1n	2982661	0	1	2833	3	0	2790	other	0
01_S0308_v0	232	Picture	blue0n	2993494	0	2	4167	3	0	4120	false_alarm	270
01_S0308_v0	232	Response	10	2998971	5477	4
01_S0308_v0	233	Picture	full1i	3005661	0	1	3167	2	0	3120	other	0
01_S0308_v0	234	Picture	full1n	3016994	0	2	3667	3	0	3620	other	0
01_S0308_v0	235	Picture	full0i	3029828	0	1	3833	2	0	3790	other	0
01_S0308_v0	236	Picture	full1i	3041328	0	1	3500	2	0	3450	other	0
01_S0308_v0	237	Picture	full1n	3053661	0	1	2500	2	0	2450	other	0
01_S0308_v0	238	Picture	full1i	3067161	0	1	2833	2	0	2790	other	0
01_S0308_v0	239	Picture	full1n	3079994	0	1	3500	2	0	3450	other	0
01_S0308_v0	240	Picture	full1i	3091828	0	1	3000	2	0	2950	other	0
01_S0308_v0	241	Picture	full0n	3104994	0	1	5000	2	0	4950	other	0
01_S0308_v0	242	Picture	full1n	3115828	0	1	4333	2	0	4290	other	0
01_S0308_v0	243	Picture	full1i	3128994	0	1	4834	2	0	4790	other	0
01_S0308_v0	244	Picture	full1n	3141328	0	1	3500	2	0	3450	other	0
01_S0308_v0	245	Picture	full1i	3154494	0	1	3833	3	0	3790	other	0
01_S0308_v0	246	Picture	full1n	3167661	0	1	3333	2	0	3290	other	0
01_S0308_v0	247	Picture	full1i	3179827	0	2	3000	4	0	2950	other	0
01_S0308_v0	248	Picture	full0i	3192661	0	1	2666	3	0	2620	other	0
01_S0308_v0	249	Picture	full0n	3203661	0	1	3333	2	0	3290	other	0
01_S0308_v0	250	Picture	blue1n	3216327	0	2	4834	3	0	4790	false_alarm	289
01_S0308_v0	250	Response	10	3221568	5241	4
01_S0308_v0	251	Picture	full0i	3227661	0	1	4333	2	0	4290	other	0
01_S0308_v0	252	Picture	full0n	3239827	0	2	3834	3	0	3790	other	0
01_S0308_v0	253	Picture	full0i	3251327	0	1	4000	2	0	3950	other	0
01_S0308_v0	254	Picture	full0n	3263161	0	1	3166	2	0	3120	other	0
01_S0308_v0	255	Picture	full1i	3276661	0	1	4333	2	0	4290	other	0
01_S0308_v0	256	Picture	full1n	3288827	0	1	3000	2	0	2950	other	0
01_S0308_v0	257	Picture	full1i	3299661	0	1	4333	2	0	4290	other	0
01_S0308_v0	258	Picture	blue0i	3313161	0	1	2666	2	0	2620	other	0
01_S0308_v0	259	Picture	full1n	3326661	0	1	4166	2	0	4120	other	0
01_S0308_v0	260	Picture	full1i	3337494	0	1	4833	2	0	4790	other	0
01_S0308_v0	261	Picture	full1n	3348994	0	1	2667	2	0	2620	other	0
01_S0308_v0	262	Picture	full1i	3361327	0	1	3167	2	0	3120	other	0
01_S0308_v0	263	Picture	full1n	3374160	0	2	4834	3	0	4790	other	0
01_S0308_v0	264	Picture	full1i	3385494	0	1	3666	3	0	3620	other	0
01_S0308_v0	265	Picture	full0n	3398327	0	1	4500	2	0	4450	other	0
01_S0308_v0	266	Picture	full1n	3411160	0	2	4167	3	0	4120	other	0
01_S0308_v0	267	Picture	blue1i	3422994	0	1	4666	2	0	4620	false_alarm	307
01_S0308_v0	267	Response	10	3428768	5774	2
01_S0308_v0	268	Picture	full0i	3435160	0	1	4334	2	0	4290	other	0
01_S0308_v0	269	Picture	full0n	3448327	0	1	3667	2	0	3620	other	0
01_S0308_v0	270	Picture	default	3460494	0	1	2666	2	0	2500	other	0
01_S0308_v0	271	Picture	default	3480660	0	1	7117	2	0	2500	other	0


Event Type	Code	Type	Response	RT	RT Uncertainty	Time	Uncertainty	Duration	Uncertainty	ReqTime	ReqDur

Picture	full1n	other				39166	1	4667	2	0	4620
Picture	full0n	other				50636	198	2697	199	0	2620
Picture	full0i	other				62499	1	4334	2	0	4290
Picture	blue0n	false_alarm	2	6530	202	75299	201	2700	202	0	2620
Picture	full1i	other				87307	193	4026	194	0	3950
Picture	full1n	other				98333	1	2500	2	0	2450
Picture	full0i	other				109666	1	4833	2	0	4790
Picture	full1i	other				120499	1	2500	2	0	2450
Picture	full0n	other				132666	1	2833	2	0	2790
Picture	full1n	other				146166	1	4666	2	0	4620
Picture	full1i	other				158332	2	4834	3	0	4790
Picture	full1n	other				169166	1	4166	2	0	4120
Picture	full1i	other				181999	1	4667	2	0	4620
Picture	full0i	other				195166	1	4000	2	0	3950
Picture	blue0n	other				207832	1	3000	2	0	2950
Picture	full0i	other				219999	1	4333	2	0	4290
Picture	full0n	other				230832	1	4167	2	0	4120
Picture	full1n	other				243499	1	3167	2	0	3120
Picture	full0i	other				254499	1	3833	2	0	3790
Picture	full0n	other				267329	31	4170	32	0	4120
Picture	full1i	other				278832	1	2500	2	0	2450
Picture	full1n	other				290666	1	4166	2	0	4120
Picture	full0i	other				301499	1	3000	2	0	2950
Picture	full0n	other				314165	2	2834	3	0	2790
Picture	full0i	other				325999	1	3166	3	0	3120
Picture	full1i	other				337499	1	4833	2	0	4790
Picture	blue1n	false_alarm	2	5391	5	348832	1	4167	2	0	4120
Picture	full0n	other				360332	1	5000	2	0	4950
Picture	full1i	other				372499	1	4500	2	0	4450
Picture	full1n	other				383832	1	4500	2	0	4450
Picture	full1i	other				395165	2	4167	3	0	4120
Picture	full1n	other				408665	1	4500	2	0	4450
Picture	full0i	other				421499	1	2500	2	0	2450
Picture	full0n	other				432832	1	4000	2	0	3950
Picture	full0i	other				445499	1	4833	2	0	4790
Picture	full1i	other				456999	1	2833	2	0	2790
Picture	full1n	other				470165	1	4334	2	0	4290
Picture	full1i	other				482332	1	3333	2	0	3290
Picture	full1n	other				494665	1	5000	2	0	4950
Picture	full0n	other				506999	1	3166	2	0	3120
Picture	full0i	other				518499	1	3999	3	0	3950
Picture	full0n	other				531998	2	4000	4	0	3950
Picture	blue1i	false_alarm	2	4923	6	545498	2	4834	3	0	4790
Picture	full0i	other				557332	1	3000	2	0	2950
Picture	full1n	other				570165	1	3167	2	0	3120
Picture	full1i	other				583332	1	3333	2	0	3290
Picture	full0n	other				595998	2	2834	3	0	2790
Picture	blue1n	false_alarm	2	5688	5	607332	1	4166	2	0	4120
Picture	full1i	other				618332	1	3666	2	0	3620
Picture	blue0i	false_alarm	2	6457	3	629165	1	3833	2	0	3790
Picture	full1n	other				640165	1	3000	2	0	2950
Picture	full1i	other				651998	1	4834	2	0	4790
Picture	full1n	other				664165	1	4500	2	0	4450
Picture	full1i	other				675998	1	4500	2	0	4450
Picture	blue1n	false_alarm	2	4087	5	688332	1	3166	2	0	3120
Picture	full0n	other				699665	1	4500	2	0	4450
Picture	full1i	other				711165	1	3167	2	0	3120
Picture	full1n	other				722498	1	3500	2	0	3450
Picture	full1i	other				733331	2	4334	3	0	4290
Picture	full1n	other				744331	2	3000	4	0	2950
Picture	full1i	other				755665	1	3500	2	0	3450
Picture	blue1n	false_alarm	2	4323	2	767498	1	3333	2	0	3290
Picture	full0i	other				779831	2	3167	3	0	3120
Picture	full1i	other				792998	1	4667	2	0	4620
Picture	full0n	other				805165	1	2666	2	0	2620
Picture	full1n	other				817998	1	3667	2	0	3620
Picture	full1i	other				829498	1	4833	2	0	4790
Picture	full1n	other				840331	1	3334	2	0	3290
Picture	full1i	other				852498	1	3833	2	0	3790
Picture	full0i	other				863498	1	3833	2	0	3790
Picture	full1n	other				876998	1	4500	2	0	4450
Picture	full0n	other				889331	1	4834	2	0	4790
Picture	full1i	other				900165	1	2666	2	0	2620
Picture	full0i	other				911665	1	4500	2	0	4450
Picture	full1n	other				923831	1	4334	2	0	4290
Picture	full0n	other				935998	1	3833	2	0	3790
Picture	blue0i	false_alarm	2	4088	2	948331	1	2833	3	0	2790
Picture	full0n	other				961831	1	4167	2	0	4120
Picture	full0i	other				973998	1	2500	2	0	2450
Picture	full1i	other				986831	1	4833	2	0	4790
Picture	full1n	other				997831	1	2833	2	0	2790
Picture	full1i	other				1010498	1	4000	2	0	3950
Picture	full0n	other				1023998	1	3833	2	0	3790
Picture	full1n	other				1035331	1	4667	2	0	4620
Picture	full1i	other				1047164	1	4000	2	0	3950
Picture	full1n	other				1058164	1	3167	2	0	3120
Picture	full0i	other				1071664	1	3834	2	0	3790
Picture	full1i	other				1084831	1	2483	24	0	2450
Picture	full0n	other				1096998	1	4333	2	0	4290
Picture	full0i	other				1109831	1	4000	2	0	3950
Picture	full0n	other				1121998	1	4166	2	0	4120
Picture	full1n	other				1134164	1	4167	2	0	4120
Picture	full0i	other				1147331	1	4333	2	0	4290
Picture	blue1i	false_alarm	2	7775	2	1158831	1	4000	2	0	3950
Picture	full0n	other				1169831	1	2833	2	0	2790
Picture	full1n	other				1181164	1	4167	2	0	4120
Picture	full0i	other				1193831	1	3166	2	0	3120
Picture	full0n	other				1206497	2	3667	3	0	3620
Picture	full1i	other				1219331	1	3833	2	0	3790
Picture	full0i	other				1232831	1	3500	2	0	3450
Picture	full0n	other				1245164	1	2500	2	0	2450
Picture	full0i	other				1256664	1	2833	2	0	2790
Picture	full0n	other				1267997	1	3500	2	0	3450
Picture	full0i	other				1280331	1	3000	2	0	2950
Picture	full1n	other				1292497	1	5000	2	0	4950
Picture	full0n	other				1304664	1	4333	2	0	4290
Picture	full0i	other				1316997	1	4834	2	0	4790
Picture	full0n	other				1330497	1	3500	2	0	3450
Picture	blue0i	false_alarm	2	4673	2	1342331	1	3833	2	0	3790
Picture	full0n	other				1354497	1	3333	3	0	3290
Picture	full0i	other				1367664	1	3000	2	0	2950
Picture	full1i	other				1378664	1	2666	2	0	2620
Picture	full1n	other				1391830	2	3334	3	0	3290
Picture	full0n	other				1404997	1	4833	2	0	4790
Picture	full1i	other				1418497	1	4333	2	0	4290
Picture	full1n	other				1430664	1	3833	2	0	3790
Picture	full1i	other				1442497	1	4000	2	0	3950
Picture	full1n	other				1453330	1	3167	2	0	3120
Picture	blue0i	false_alarm	2	5703	4	1465497	1	4333	2	0	4290
Picture	full0n	other				1477330	1	3000	2	0	2950
Picture	full0i	other				1489664	1	4333	2	0	4290
Picture	full1i	other				1502830	1	2667	2	0	2620
Picture	full0n	other				1513664	1	4166	2	0	4120
Picture	full0i	other				1525830	1	4834	2	0	4790
Picture	full0n	other				1538497	1	2667	2	0	2620
Picture	full0i	other				1551330	1	3167	2	0	3120
Picture	full0n	other				1564163	2	4834	3	0	4790
Picture	full0i	other				1576330	1	3667	2	0	3620
Picture	blue1n	false_alarm	2	4736	4	1588663	2	4500	3	0	4450
Picture	full0n	other				1601330	1	4167	2	0	4120
Picture	full0i	other				1613997	1	4666	2	0	4620
Picture	full1i	other				1627163	2	4334	3	0	4290
Picture	full1n	other				1638663	1	3667	2	0	3620
Picture	82	other				1649663	1	100167	2	0	next
Picture	82	other				1749830	1	10000	2	100000	next
Picture	82	other				1759830	1	10000	2	110000	next
Picture	82	other				1769830	1	10000	2	120000	next
Picture	82	other				1779830	1	10000	2	130000	next
Picture	82	other				1789830	1	10000	2	140000	next
Picture	82	other				1799830	1	10000	2	150000	next
Picture	82	other				1809830	1	10000	2	160000	next
Picture	82	other				1819830	1	10000	2	170000	next
Picture	82	other				1829830	1	10000	2	180000	next
Picture	82	other				1839830	1	10000	2	190000	10000
Picture	full0n	other				1849830	1	4666	2	0	4620
Picture	full1n	other				1861163	1	2667	2	0	2620
Picture	full1i	other				1873330	1	4333	2	0	4290
Picture	full1n	other				1885163	1	2667	2	0	2620
Picture	full0i	other				1895996	1	3998	5	0	3950
Picture	full0n	other				1908830	1	2500	2	0	2450
Picture	full1i	other				1920330	1	4833	2	0	4790
Picture	full0i	other				1932663	1	2500	2	0	2450
Picture	blue0n	false_alarm	2	4566	3	1944830	1	2833	2	0	2790
Picture	full0i	other				1956663	1	4666	3	0	4620
Picture	full1n	other				1969496	1	4833	3	0	4790
Picture	full0n	other				1980829	2	4167	3	0	4120
Picture	full0i	other				1993496	1	4667	2	0	4620
Picture	blue1i	false_alarm	2	5967	3	2005829	2	4000	3	0	3950
Picture	full1n	other				2017663	1	3000	2	0	2950
Picture	full1i	other				2028496	1	4333	2	0	4290
Picture	full1n	other				2039996	1	4167	2	0	4120
Picture	full0n	other				2052163	1	3166	2	0	3120
Picture	full1i	other				2064829	1	3834	2	0	3790
Picture	full1n	other				2077996	1	4167	2	0	4120
Picture	full0i	other				2090163	1	2500	2	0	2450
Picture	blue0n	false_alarm	2	4863	5	2102329	1	4167	2	0	4120
Picture	full1i	other				2113329	1	3000	2	0	2950
Picture	full1n	other				2125996	1	2833	2	0	2790
Picture	full1i	other				2136829	1	3167	2	0	3120
Picture	full0i	other				2149996	1	4833	2	0	4790
Picture	full0n	other				2162162	2	4167	3	0	4120
Picture	full1n	other				2173162	2	5000	4	0	4950
Picture	full0i	other				2186662	2	4500	3	0	4450
Picture	full1i	other				2197996	1	4500	2	0	4450
Picture	full0n	other				2211162	2	4167	3	0	4120
Picture	full0i	other				2222662	2	4500	3	0	4450
Picture	blue0n	other				2234829	1	2500	2	0	2450
Picture	full1n	other				2246329	1	4000	2	0	3950
Picture	full1i	other				2257829	1	4833	2	0	4790
Picture	full0i	other				2271329	1	2833	2	0	2790
Picture	full0n	other				2283996	1	4333	2	0	4290
Picture	full0i	other				2295329	1	3333	2	0	3290
Picture	full0n	other				2307162	1	5000	2	0	4950
Picture	full1n	other				2319329	1	3167	2	0	3120
Picture	full1i	other				2330329	1	4000	2	0	3950
Picture	full1n	other				2341329	1	4000	2	0	3950
Picture	full0i	other				2352329	1	4833	2	0	4790
Picture	full1i	other				2363162	1	3000	2	0	2950
Picture	full0n	other				2375495	2	3167	3	0	3120
Picture	full0i	other				2388162	1	3333	3	0	3290
Picture	blue1n	false_alarm	2	5649	5	2400329	1	2833	2	0	2790
Picture	full0n	other				2412662	1	4167	2	0	4120
Picture	full0i	other				2424495	2	3667	3	0	3620
Picture	full1i	other				2436662	1	3833	2	0	3790
Picture	full0n	other				2450162	1	3000	2	0	2950
Picture	full0i	other				2461995	2	4834	3	0	4790
Picture	full0n	other				2475495	1	4500	2	0	4450
Picture	full0i	other				2486995	1	4500	2	0	4450
Picture	full0n	other				2498329	1	3166	2	0	3120
Picture	full1n	other				2511495	1	4500	2	0	4450
Picture	blue0i	false_alarm	2	6948	4	2523829	1	3166	2	0	3120
Picture	full0n	other				2536495	1	3500	2	0	3450
Picture	full0i	other				2548829	1	4333	2	0	4290
Picture	full0n	other				2559662	1	3000	2	0	2950
Picture	full0i	other				2572495	1	3500	2	0	3450
Picture	full0n	other				2584662	1	3333	2	0	3290
Picture	full1i	other				2596828	2	3167	3	0	3120
Picture	blue0i	false_alarm	2	5381	4	2608995	1	4667	2	0	4620
Picture	full1n	other				2621162	1	2666	2	0	2620
Picture	full0n	other				2631995	1	3667	2	0	3620
Picture	full0i	other				2644328	1	4834	2	0	4790
Picture	full0n	other				2657495	1	3333	2	0	3290
Picture	full0i	other				2670662	1	3833	2	0	3790
Picture	full1i	other				2682828	1	3834	2	0	3790
Picture	full0n	other				2694662	1	4500	2	0	4450
Picture	full1n	other				2705662	1	4833	2	0	4790
Picture	full0i	other				2717495	1	2667	2	0	2620
Picture	full1i	other				2728995	1	4500	2	0	4450
Picture	full0n	other				2742495	1	4333	2	0	4290
Picture	full1n	other				2753995	1	3833	2	0	3790
Picture	full1i	other				2766328	1	2833	3	0	2790
Picture	blue1n	false_alarm	2	4913	5	2777661	2	4167	3	0	4120
Picture	full1i	other				2788661	2	2500	4	0	2450
Picture	full0i	other				2801328	1	4833	2	0	4790
Picture	full0n	other				2814161	2	2834	3	0	2790
Picture	full0i	other				2826828	1	4000	2	0	3950
Picture	blue1n	false_alarm	2	4346	3	2837828	1	3833	2	0	3790
Picture	full0n	other				2848828	1	4667	2	0	4620
Picture	full0i	other				2862328	1	4000	2	0	3950
Picture	full0n	other				2873661	1	3167	2	0	3120
Picture	full1i	other				2887161	1	3834	2	0	3790
Picture	full0i	other				2899828	1	2500	2	0	2450
Picture	full1n	other				2911161	1	4334	2	0	4290
Picture	full1i	other				2923828	1	4000	2	0	3950
Picture	full1n	other				2935328	1	4167	2	0	4120
Picture	full0n	other				2946328	1	4167	2	0	4120
Picture	full1i	other				2959161	1	4334	2	0	4290
Picture	full0i	other				2971328	1	4000	2	0	3950
Picture	full1n	other				2982661	1	2833	3	0	2790
Picture	blue0n	false_alarm	2	5477	6	2993494	2	4167	3	0	4120
Picture	full1i	other				3005661	1	3167	2	0	3120
Picture	full1n	other				3016994	2	3667	3	0	3620
Picture	full0i	other				3029828	1	3833	2	0	3790
Picture	full1i	other				3041328	1	3500	2	0	3450
Picture	full1n	other				3053661	1	2500	2	0	2450
Picture	full1i	other				3067161	1	2833	2	0	2790
Picture	full1n	other				3079994	1	3500	2	0	3450
Picture	full1i	other				3091828	1	3000	2	0	2950
Picture	full0n	other				3104994	1	5000	2	0	4950
Picture	full1n	other				3115828	1	4333	2	0	4290
Picture	full1i	other				3128994	1	4834	2	0	4790
Picture	full1n	other				3141328	1	3500	2	0	3450
Picture	full1i	other				3154494	1	3833	3	0	3790
Picture	full1n	other				3167661	1	3333	2	0	3290
Picture	full1i	other				3179827	2	3000	4	0	2950
Picture	full0i	other				3192661	1	2666	3	0	2620
Picture	full0n	other				3203661	1	3333	2	0	3290
Picture	blue1n	false_alarm	2	5241	6	3216327	2	4834	3	0	4790
Picture	full0i	other				3227661	1	4333	2	0	4290
Picture	full0n	other				3239827	2	3834	3	0	3790
Picture	full0i	other				3251327	1	4000	2	0	3950
Picture	full0n	other				3263161	1	3166	2	0	3120
Picture	full1i	other				3276661	1	4333	2	0	4290
Picture	full1n	other				3288827	1	3000	2	0	2950
Picture	full1i	other				3299661	1	4333	2	0	4290
Picture	blue0i	other				3313161	1	2666	2	0	2620
Picture	full1n	other				3326661	1	4166	2	0	4120
Picture	full1i	other				3337494	1	4833	2	0	4790
Picture	full1n	other				3348994	1	2667	2	0	2620
Picture	full1i	other				3361327	1	3167	2	0	3120
Picture	full1n	other				3374160	2	4834	3	0	4790
Picture	full1i	other				3385494	1	3666	3	0	3620
Picture	full0n	other				3398327	1	4500	2	0	4450
Picture	full1n	other				3411160	2	4167	3	0	4120
Picture	blue1i	false_alarm	2	5774	3	3422994	1	4666	2	0	4620
Picture	full0i	other				3435160	1	4334	2	0	4290
Picture	full0n	other				3448327	1	3667	2	0	3620
Picture	default	other				3460494	1	2666	2	0	2500
Picture	default	other				3480660	1	7117	2	0	2500
