Scenario - visual LTP Rap V4.0 HVC (based on combined block 1+2 from old 45 135 degree pilot)
Logfile written - 02/26/2016 16:25:24

Subject	Trial	Event Type	Code	Time	TTime	Uncertainty	Duration	Uncertainty	ReqTime	ReqDur	Stim Type	Pair Index

01_S-325_v0	1	Response	128	1017202	1027035	1
01_S-325_v0	3	Picture	full1n	1027664	0	1	3166	3	0	3120	other	0
01_S-325_v0	4	Picture	full1i	1038594	0	238	2903	239	0	2790	other	0
01_S-325_v0	5	Picture	full1n	1051830	0	2	4500	3	0	4450	other	0
01_S-325_v0	6	Picture	full0n	1064997	0	1	3500	2	0	3450	other	0
01_S-325_v0	7	Picture	full1i	1075830	0	2	4834	3	0	4790	other	0
01_S-325_v0	8	Picture	full1n	1087997	0	1	4333	2	0	4290	other	0
01_S-325_v0	9	Picture	full0i	1100164	0	1	3500	2	0	3450	other	0
01_S-325_v0	10	Picture	full0n	1112497	0	1	4167	2	0	4120	other	0
01_S-325_v0	11	Picture	blue0i	1123967	0	198	3030	199	0	2950	false_alarm	11
01_S-325_v0	11	Response	10	1132553	8586	3
01_S-325_v0	11	Response	10	1135155	11188	1
01_S-325_v0	12	Picture	full1i	1135997	0	1	3833	2	0	3790	other	0
01_S-325_v0	13	Picture	full0n	1148830	0	1	5000	2	0	4950	other	0
01_S-325_v0	14	Picture	full0i	1161497	0	1	4166	3	0	4120	other	0
01_S-325_v0	15	Picture	full1n	1174997	0	1	4166	3	0	4120	other	0
01_S-325_v0	16	Picture	full1i	1187663	0	2	3667	3	0	3620	other	0
01_S-325_v0	17	Picture	full1n	1198997	0	1	4500	2	0	4450	other	0
01_S-325_v0	18	Picture	blue1i	1211163	0	2	3334	3	0	3290	false_alarm	20
01_S-325_v0	18	Response	10	1215354	4191	1
01_S-325_v0	18	Response	10	1215554	4391	1
01_S-325_v0	19	Picture	full1n	1223330	0	1	4333	2	0	4290	other	0
01_S-325_v0	20	Picture	full0n	1235497	0	1	4666	2	0	4620	other	0
01_S-325_v0	21	Picture	full1i	1247330	0	1	2500	2	0	2450	other	0
01_S-325_v0	22	Picture	full0i	1259663	0	1	3000	2	0	2950	other	0
01_S-325_v0	23	Picture	full0n	1273163	0	1	5000	2	0	4950	other	0
01_S-325_v0	24	Picture	full0i	1286663	0	1	4500	2	0	4450	other	0
01_S-325_v0	25	Picture	full0n	1299497	0	1	3000	2	0	2950	other	0
01_S-325_v0	26	Picture	full1n	1312163	0	1	3334	2	0	3290	other	0
01_S-325_v0	27	Picture	blue1i	1323996	0	2	3167	3	0	3120	false_alarm	31
01_S-325_v0	27	Response	10	1327550	3554	4
01_S-325_v0	28	Picture	full0i	1336663	0	1	3833	3	0	3790	other	0
01_S-325_v0	29	Picture	full0n	1348996	0	2	5000	3	0	4950	other	0
01_S-325_v0	30	Picture	full0i	1360830	0	1	2500	2	0	2450	other	0
01_S-325_v0	31	Picture	full1n	1372163	0	1	4333	2	0	4290	other	0
01_S-325_v0	32	Picture	full1i	1384330	0	1	2833	2	0	2790	other	0
01_S-325_v0	33	Picture	full0n	1395830	0	1	2833	2	0	2790	other	0
01_S-325_v0	34	Picture	full1n	1406663	0	1	4167	2	0	4120	other	0
01_S-325_v0	35	Picture	full1i	1418830	0	1	3666	2	0	3620	other	0
01_S-325_v0	36	Picture	full1n	1431663	0	1	3667	2	0	3620	other	0
01_S-325_v0	37	Picture	full0i	1443830	0	1	5000	2	0	4950	other	0
01_S-325_v0	38	Picture	blue1i	1455163	0	1	2833	2	0	2790	false_alarm	43
01_S-325_v0	38	Response	10	1459951	4788	2
01_S-325_v0	38	Response	10	1460147	4984	12
01_S-325_v0	39	Picture	full1n	1466163	0	1	3000	2	0	2950	other	0
01_S-325_v0	40	Picture	full0n	1478829	0	2	2834	3	0	2790	other	0
01_S-325_v0	41	Picture	full0i	1489829	0	2	4000	3	0	3950	other	0
01_S-325_v0	42	Picture	full0n	1501996	0	1	3667	2	0	3620	other	0
01_S-325_v0	43	Picture	full0i	1514829	0	2	2834	3	0	2790	other	0
01_S-325_v0	44	Picture	full0n	1527996	0	1	4333	2	0	4290	other	0
01_S-325_v0	45	Picture	full1i	1541163	0	1	3666	2	0	3620	other	0
01_S-325_v0	46	Picture	full0i	1553829	0	1	3667	2	0	3620	other	0
01_S-325_v0	47	Picture	full1n	1564663	0	1	4500	2	0	4450	other	0
01_S-325_v0	48	Picture	full0n	1576829	0	1	3167	2	0	3120	other	0
01_S-325_v0	49	Picture	full1i	1588329	0	1	3000	2	0	2950	other	0
01_S-325_v0	50	Picture	blue0i	1600161	0	12	3168	13	0	3120	false_alarm	57
01_S-325_v0	50	Response	10	1604547	4386	4
01_S-325_v0	50	Response	10	1607350	7189	1
01_S-325_v0	51	Picture	full0n	1611663	0	1	3833	2	0	3790	other	0
01_S-325_v0	52	Picture	full0i	1623996	0	1	3000	2	0	2950	other	0
01_S-325_v0	53	Picture	full0n	1635496	0	1	4833	2	0	4790	other	0
01_S-325_v0	54	Picture	full1n	1648662	0	2	2500	3	0	2450	other	0
01_S-325_v0	54	Response	10	1651946	3284	4
01_S-325_v0	55	Picture	full1i	1659496	0	1	3000	2	0	2950	other	0
01_S-325_v0	56	Picture	full0i	1672996	0	1	3000	2	0	2950	other	0
01_S-325_v0	57	Picture	full0n	1684329	0	1	3667	2	0	3620	other	0
01_S-325_v0	58	Picture	full1n	1697496	0	1	3333	2	0	3290	other	0
01_S-325_v0	59	Picture	full1i	1709662	0	1	4500	2	0	4450	other	0
01_S-325_v0	60	Picture	blue1n	1721496	0	1	4166	2	0	4120	false_alarm	70
01_S-325_v0	60	Response	10	1725748	4252	1
01_S-325_v0	61	Picture	full0i	1733829	0	1	2667	2	0	2620	other	0
01_S-325_v0	62	Picture	full0n	1746496	0	1	4666	2	0	4620	other	0
01_S-325_v0	63	Picture	full0i	1758662	0	1	2667	2	0	2620	other	0
01_S-325_v0	64	Picture	full1i	1771495	0	2	4667	3	0	4620	other	0
01_S-325_v0	65	Picture	full0n	1782995	0	2	2834	3	0	2790	other	0
01_S-325_v0	66	Picture	full1n	1795162	0	1	4000	2	0	3950	other	0
01_S-325_v0	67	Picture	full1i	1807995	0	2	3500	3	0	3450	other	0
01_S-325_v0	68	Picture	full1n	1820329	0	1	4000	2	0	3950	other	0
01_S-325_v0	69	Picture	full0i	1832495	0	1	4500	2	0	4450	other	0
01_S-325_v0	70	Picture	blue0n	1844662	0	1	2500	2	0	2450	false_alarm	81
01_S-325_v0	70	Response	10	1848744	4082	4
01_S-325_v0	71	Picture	full0i	1856829	0	1	4166	2	0	4120	other	0
01_S-325_v0	72	Picture	full0n	1867662	0	1	4833	2	0	4790	other	0
01_S-325_v0	73	Picture	full0i	1878662	0	1	2500	2	0	2450	other	0
01_S-325_v0	74	Picture	full0n	1891495	0	1	4834	2	0	4790	other	0
01_S-325_v0	75	Picture	full0i	1904162	0	1	3333	2	0	3290	other	0
01_S-325_v0	76	Picture	full1i	1917662	0	1	3500	2	0	3450	other	0
01_S-325_v0	77	Picture	full1n	1930328	0	2	3834	3	0	3790	other	0
01_S-325_v0	78	Picture	full0n	1943162	0	1	4500	2	0	4450	other	0
01_S-325_v0	79	Picture	full0i	1955328	0	2	2500	3	0	2450	other	0
01_S-325_v0	80	Picture	full1i	1966162	0	1	4166	2	0	4120	other	0
01_S-325_v0	81	Picture	blue0n	1978995	0	1	4667	2	0	4620	false_alarm	93
01_S-325_v0	81	Response	10	1982942	3947	4
01_S-325_v0	82	Picture	full1n	1989995	0	1	2500	2	0	2450	other	0
01_S-325_v0	83	Picture	full1i	2002328	0	1	3500	2	0	3450	other	0
01_S-325_v0	84	Picture	full1n	2013328	0	1	3167	2	0	3120	other	0
01_S-325_v0	85	Picture	full1i	2026495	0	1	3000	2	0	2950	other	0
01_S-325_v0	86	Picture	full0i	2037995	0	1	3333	2	0	3290	other	0
01_S-325_v0	87	Picture	full0n	2049495	0	1	3000	2	0	2950	other	0
01_S-325_v0	88	Picture	full1n	2061828	0	1	3000	2	0	2950	other	0
01_S-325_v0	89	Picture	full1i	2073995	0	1	3666	3	0	3620	other	0
01_S-325_v0	90	Picture	full1n	2087161	0	2	4000	3	0	3950	other	0
01_S-325_v0	91	Picture	full1i	2098495	0	1	4833	2	0	4790	other	0
01_S-325_v0	92	Picture	full1n	2111661	0	2	2500	3	0	2450	other	0
01_S-325_v0	93	Picture	full0i	2122995	0	1	4500	2	0	4450	other	0
01_S-325_v0	94	Picture	blue1i	2134328	0	1	3333	2	0	3290	false_alarm	107
01_S-325_v0	94	Response	10	2138540	4212	4
01_S-325_v0	94	Response	10	2140943	6615	1
01_S-325_v0	95	Picture	full1n	2146161	0	1	4500	2	0	4450	other	0
01_S-325_v0	96	Picture	full0n	2159328	0	1	4167	2	0	4120	other	0
01_S-325_v0	97	Picture	full1i	2170828	0	1	3833	2	0	3790	other	0
01_S-325_v0	98	Picture	full1n	2181828	0	1	4500	2	0	4450	other	0
01_S-325_v0	99	Picture	full1i	2194995	0	1	2833	2	0	2790	other	0
01_S-325_v0	100	Picture	full1n	2205828	0	1	3833	2	0	3790	other	0
01_S-325_v0	101	Picture	full1i	2217994	0	2	4500	4	0	4450	other	0
01_S-325_v0	102	Picture	full0i	2228828	0	1	3666	3	0	3620	other	0
01_S-325_v0	103	Picture	blue1n	2239828	0	1	4500	2	0	4450	false_alarm	118
01_S-325_v0	103	Response	10	2244132	4304	1
01_S-325_v0	103	Response	10	2244329	4501	4
01_S-325_v0	104	Picture	full1i	2250828	0	1	4500	2	0	4450	other	0
01_S-325_v0	105	Picture	full1n	2264328	0	1	4666	2	0	4620	other	0
01_S-325_v0	106	Picture	full1i	2276161	0	1	3167	2	0	3120	other	0
01_S-325_v0	107	Picture	full1n	2289661	0	1	2667	2	0	2620	other	0
01_S-325_v0	108	Picture	full0n	2301494	0	1	4667	2	0	4620	other	0
01_S-325_v0	109	Picture	full0i	2313661	0	1	5000	2	0	4950	other	0
01_S-325_v0	110	Picture	full1i	2325994	0	1	3500	2	0	3450	other	0
01_S-325_v0	111	Picture	full1n	2339494	0	1	4834	2	0	4790	other	0
01_S-325_v0	112	Picture	blue0n	2351827	0	2	4500	4	0	4450	false_alarm	129
01_S-325_v0	112	Response	10	2356130	4303	2
01_S-325_v0	112	Response	10	2357930	6103	2
01_S-325_v0	113	Picture	full0i	2363161	0	1	2666	3	0	2620	other	0
01_S-325_v0	114	Picture	full1i	2374661	0	1	3166	3	0	3120	other	0
01_S-325_v0	115	Picture	full0n	2387327	0	4	3167	5	0	3120	other	0
01_S-325_v0	116	Picture	full0i	2398161	0	1	3166	5	0	3120	other	0
01_S-325_v0	117	Picture	full0n	2409994	0	1	3167	2	0	3120	other	0
01_S-325_v0	118	Picture	full1n	2422827	0	2	3834	3	0	3790	other	0
01_S-325_v0	119	Picture	full1i	2436327	0	1	4834	2	0	4790	other	0
01_S-325_v0	120	Picture	full1n	2449161	0	1	4500	2	0	4450	other	0
01_S-325_v0	121	Picture	blue0i	2460494	0	1	4500	2	0	4450	false_alarm	140
01_S-325_v0	121	Response	10	2466129	5635	1
01_S-325_v0	122	Picture	full0n	2472327	0	1	4999	5	0	4950	other	0
01_S-325_v0	123	Picture	full1i	2483327	0	1	2500	2	0	2450	other	0
01_S-325_v0	124	Picture	full0i	2495660	0	2	4667	3	0	4620	other	0
01_S-325_v0	125	Picture	full0n	2506994	0	1	3166	3	0	3120	other	0
01_S-325_v0	126	Picture	full0i	2518326	0	4	4334	6	0	4290	other	0
01_S-325_v0	127	Picture	full0n	2529827	0	1	3667	2	0	3620	other	0
01_S-325_v0	128	Picture	full0i	2541660	0	2	2665	6	0	2620	other	0
01_S-325_v0	129	Picture	blue1n	2555160	0	2	2834	3	0	2790	false_alarm	149
01_S-325_v0	129	Response	10	2558925	3765	4
01_S-325_v0	130	Picture	full0n	2568660	0	1	5000	2	0	4950	other	0
01_S-325_v0	131	Picture	full1i	2579660	0	1	3334	2	0	3290	other	0
01_S-325_v0	132	Picture	full0i	2592325	0	4	2835	5	0	2790	other	0
01_S-325_v0	133	Picture	full0n	2603827	0	1	3833	2	0	3790	other	0
01_S-325_v0	134	Picture	full0i	2615994	0	1	2833	2	0	2790	other	0
01_S-325_v0	135	Picture	full1n	2626827	0	1	3333	2	0	3290	other	0
01_S-325_v0	136	Picture	82	2638160	0	1	100167	2	0	next	other	0
01_S-325_v0	136	Picture	82	2738327	100167	1	10000	2	100000	next	other	0
01_S-325_v0	136	Picture	82	2748327	110167	1	10000	2	110000	next	other	0
01_S-325_v0	136	Picture	82	2758327	120167	1	10000	2	120000	next	other	0
01_S-325_v0	136	Picture	82	2768327	130167	1	10000	2	130000	next	other	0
01_S-325_v0	136	Picture	82	2778327	140167	1	10000	2	140000	next	other	0
01_S-325_v0	136	Picture	82	2788327	150167	1	9999	3	150000	next	other	0
01_S-325_v0	136	Picture	82	2798326	160166	2	10000	4	160000	next	other	0
01_S-325_v0	136	Picture	82	2808326	170166	2	10000	4	170000	next	other	0
01_S-325_v0	136	Picture	82	2818326	180166	2	10000	3	180000	next	other	0
01_S-325_v0	136	Picture	82	2828326	190166	1	10000	3	190000	10000	other	0
01_S-325_v0	137	Picture	full0n	2838326	0	2	3167	3	0	3120	other	0
01_S-325_v0	138	Picture	full0i	2850660	0	1	2833	2	0	2790	other	0
01_S-325_v0	139	Picture	full0n	2863493	0	1	4500	2	0	4450	other	0
01_S-325_v0	140	Picture	full1n	2874993	0	1	3500	2	0	3450	other	0
01_S-325_v0	141	Picture	blue0i	2888493	0	1	4833	2	0	4790	false_alarm	172
01_S-325_v0	141	Response	10	2894124	5631	1
01_S-325_v0	141	Response	10	2896524	8031	1
01_S-325_v0	142	Picture	full0n	2900660	0	1	4333	2	0	4290	other	0
01_S-325_v0	143	Picture	full1i	2912993	0	1	3500	2	0	3450	other	0
01_S-325_v0	144	Picture	full1n	2923993	0	1	4167	2	0	4120	other	0
01_S-325_v0	145	Picture	full1i	2935326	0	1	3000	2	0	2950	other	0
01_S-325_v0	146	Picture	full0i	2947493	0	1	3833	2	0	3790	other	0
01_S-325_v0	147	Picture	full1n	2958493	0	1	5000	2	0	4950	other	0
01_S-325_v0	148	Picture	full1i	2971159	0	2	4167	3	0	4120	other	0
01_S-325_v0	149	Picture	blue0n	2983326	0	1	4167	2	0	4120	false_alarm	182
01_S-325_v0	149	Response	10	2987720	4394	4
01_S-325_v0	150	Picture	full0i	2995993	0	1	3666	2	0	3620	other	0
01_S-325_v0	151	Picture	full0n	3006826	0	1	4500	2	0	4450	other	0
01_S-325_v0	152	Picture	full0i	3019159	0	1	3334	2	0	3290	other	0
01_S-325_v0	153	Picture	full0n	3031493	0	1	4333	2	0	4290	other	0
01_S-325_v0	154	Picture	full1n	3043659	0	1	4667	2	0	4620	other	0
01_S-325_v0	155	Picture	full0i	3056826	0	1	2500	2	0	2450	other	0
01_S-325_v0	156	Picture	full1i	3067659	0	1	3000	2	0	2950	other	0
01_S-325_v0	157	Picture	full0n	3078659	0	1	5000	2	0	4950	other	0
01_S-325_v0	158	Picture	full1n	3091326	0	1	4500	2	0	4450	other	0
01_S-325_v0	159	Picture	blue1i	3104492	0	2	3000	3	0	2950	false_alarm	193
01_S-325_v0	159	Response	10	3109121	4629	1
01_S-325_v0	159	Response	10	3109321	4829	1
01_S-325_v0	159	Response	10	3111721	7229	1
01_S-325_v0	160	Picture	full0i	3115992	0	2	3334	3	0	3290	other	0
01_S-325_v0	161	Picture	full0n	3129492	0	2	3167	3	0	3120	other	0
01_S-325_v0	162	Picture	full1n	3142659	0	1	3833	2	0	3790	other	0
01_S-325_v0	163	Picture	full1i	3154826	0	1	5000	2	0	4950	other	0
01_S-325_v0	164	Picture	full1n	3166659	0	1	2500	2	0	2450	other	0
01_S-325_v0	165	Picture	full0i	3179826	0	1	4333	2	0	4290	other	0
01_S-325_v0	166	Picture	full0n	3193326	0	1	2833	2	0	2790	other	0
01_S-325_v0	167	Picture	full1i	3205659	0	1	2833	2	0	2790	other	0
01_S-325_v0	168	Picture	full0i	3218492	0	1	4167	2	0	4120	other	0
01_S-325_v0	169	Picture	full0n	3229992	0	1	3667	2	0	3620	other	0
01_S-325_v0	170	Picture	full0i	3241825	0	2	3667	3	0	3620	other	0
01_S-325_v0	171	Picture	full1n	3255325	0	2	5000	3	0	4950	other	0
01_S-325_v0	172	Picture	full0n	3266159	0	1	2833	2	0	2790	other	0
01_S-325_v0	173	Picture	blue0i	3277492	0	1	3000	2	0	2950	false_alarm	210
01_S-325_v0	173	Response	10	3283116	5624	4
01_S-325_v0	173	Response	10	3285519	8027	1
01_S-325_v0	174	Picture	full1i	3289325	0	1	2834	2	0	2790	other	0
01_S-325_v0	175	Picture	full1n	3300325	0	1	4000	2	0	3950	other	0
01_S-325_v0	176	Picture	full1i	3312492	0	1	3667	2	0	3620	other	0
01_S-325_v0	177	Picture	full1n	3324325	0	1	2834	2	0	2790	other	0
01_S-325_v0	178	Picture	blue1i	3336659	0	1	4333	2	0	4290	false_alarm	217
01_S-325_v0	178	Response	10	3341318	4659	2
01_S-325_v0	178	Response	10	3341518	4859	2
01_S-325_v0	179	Picture	full0n	3348825	0	1	3667	2	0	3620	other	0
01_S-325_v0	180	Picture	full1n	3361659	0	1	3666	2	0	3620	other	0
01_S-325_v0	181	Picture	full0i	3372658	0	2	4500	4	0	4450	other	0
01_S-325_v0	182	Picture	full1i	3385325	0	1	3167	2	0	3120	other	0
01_S-325_v0	183	Picture	full0n	3397992	0	1	3000	2	0	2950	other	0
01_S-325_v0	184	Picture	full1n	3410658	0	2	3167	3	0	3120	other	0
01_S-325_v0	185	Picture	full1i	3422825	0	1	3833	2	0	3790	other	0
01_S-325_v0	186	Picture	full1n	3435658	0	1	3000	2	0	2950	other	0
01_S-325_v0	187	Picture	full1i	3449158	0	1	4834	2	0	4790	other	0
01_S-325_v0	188	Picture	full0i	3460658	0	1	2500	2	0	2450	other	0
01_S-325_v0	189	Picture	blue0n	3471992	0	1	3000	2	0	2950	false_alarm	230
01_S-325_v0	189	Response	10	3477504	5512	4
01_S-325_v0	190	Picture	full1n	3484158	0	1	3000	2	0	2950	other	0
01_S-325_v0	191	Picture	full1i	3496992	0	1	3666	2	0	3620	other	0
01_S-325_v0	192	Picture	full0i	3510491	0	2	3334	3	0	3290	other	0
01_S-325_v0	193	Picture	full0n	3521325	0	1	4500	2	0	4450	other	0
01_S-325_v0	194	Picture	full0i	3533991	0	2	4167	3	0	4120	other	0
01_S-325_v0	195	Picture	full1n	3544991	0	2	2667	3	0	2620	other	0
01_S-325_v0	196	Picture	full1i	3557158	0	1	4667	2	0	4620	other	0
01_S-325_v0	197	Picture	blue1n	3568158	0	1	2667	2	0	2620	false_alarm	239
01_S-325_v0	197	Response	10	3572906	4748	1
01_S-325_v0	198	Picture	full0n	3580491	0	1	4667	2	0	4620	other	0
01_S-325_v0	199	Picture	full1i	3593658	0	1	2833	2	0	2790	other	0
01_S-325_v0	200	Picture	full0i	3604491	0	1	4000	2	0	3950	other	0
01_S-325_v0	201	Picture	full0n	3616658	0	1	3500	2	0	3450	other	0
01_S-325_v0	202	Picture	full0i	3628491	0	1	4000	2	0	3950	other	0
01_S-325_v0	203	Picture	full1n	3639491	0	1	4500	2	0	4450	other	0
01_S-325_v0	204	Picture	full1i	3652991	0	1	2500	2	0	2450	other	0
01_S-325_v0	205	Picture	full1n	3664824	0	2	4167	3	0	4120	other	0
01_S-325_v0	206	Picture	blue1i	3677991	0	1	4833	2	0	4790	false_alarm	249
01_S-325_v0	206	Response	10	3682702	4711	3
01_S-325_v0	207	Picture	full1n	3688991	0	1	2500	2	0	2450	other	0
01_S-325_v0	208	Picture	full1i	3701824	0	2	4834	3	0	4790	other	0
01_S-325_v0	209	Picture	full1n	3713158	0	1	3333	2	0	3290	other	0
01_S-325_v0	210	Picture	full0n	3725824	0	1	3500	2	0	3450	other	0
01_S-325_v0	211	Picture	full0i	3738491	0	1	3833	2	0	3790	other	0
01_S-325_v0	212	Picture	full1i	3751658	0	1	4500	2	0	4450	other	0
01_S-325_v0	213	Picture	full1n	3762491	0	1	2500	2	0	2450	other	0
01_S-325_v0	214	Picture	full0n	3773991	0	1	4167	2	0	4120	other	0
01_S-325_v0	215	Picture	full1i	3786824	0	1	4667	2	0	4620	other	0
01_S-325_v0	216	Picture	blue0i	3798657	0	2	2500	4	0	2450	false_alarm	260
01_S-325_v0	216	Response	10	3804100	5443	4
01_S-325_v0	217	Picture	full0n	3810491	0	1	3500	2	0	3450	other	0
01_S-325_v0	218	Picture	full0i	3821991	0	1	3166	2	0	3120	other	0
01_S-325_v0	219	Picture	full0n	3832824	0	1	3000	2	0	2950	other	0
01_S-325_v0	220	Picture	full1n	3845157	0	2	3334	3	0	3290	other	0
01_S-325_v0	221	Picture	full1i	3857991	0	1	3000	2	0	2950	other	0
01_S-325_v0	222	Picture	full0i	3870324	0	1	3000	2	0	2950	other	0
01_S-325_v0	223	Picture	full0n	3883824	0	1	3667	2	0	3620	other	0
01_S-325_v0	224	Picture	full0i	3897324	0	1	4000	2	0	3950	other	0
01_S-325_v0	225	Picture	blue1n	3909491	0	1	4818	26	0	4790	false_alarm	270
01_S-325_v0	225	Response	10	3913299	3808	4
01_S-325_v0	226	Picture	full0n	3922991	0	1	2500	2	0	2450	other	0
01_S-325_v0	227	Picture	full1i	3934324	0	1	4500	2	0	4450	other	0
01_S-325_v0	228	Picture	full0i	3947490	0	2	3334	3	0	3290	other	0
01_S-325_v0	229	Picture	full0n	3960157	0	1	4500	2	0	4450	other	0
01_S-325_v0	230	Picture	full1n	3970990	0	2	4167	3	0	4120	other	0
01_S-325_v0	231	Picture	full0i	3984157	0	1	3833	2	0	3790	other	0
01_S-325_v0	232	Picture	full0n	3996990	0	2	4500	3	0	4450	other	0
01_S-325_v0	233	Picture	full0i	4009157	0	1	2833	2	0	2790	other	0
01_S-325_v0	234	Picture	full0n	4020657	0	1	3833	2	0	3790	other	0
01_S-325_v0	235	Picture	full0i	4032157	0	1	4500	2	0	4450	other	0
01_S-325_v0	236	Picture	full1i	4044990	0	1	3667	2	0	3620	other	0
01_S-325_v0	237	Picture	full0n	4056324	0	1	4500	2	0	4450	other	0
01_S-325_v0	238	Picture	full0i	4067657	0	1	4500	2	0	4450	other	0
01_S-325_v0	239	Picture	full0n	4079824	0	1	4666	2	0	4620	other	0
01_S-325_v0	240	Picture	full0i	4093323	0	2	3167	3	0	3120	other	0
01_S-325_v0	241	Picture	blue0n	4106490	0	1	2667	2	0	2620	false_alarm	287
01_S-325_v0	241	Response	10	4111299	4809	1
01_S-325_v0	242	Picture	full1n	4117823	0	2	4667	3	0	4620	other	0
01_S-325_v0	243	Picture	full1i	4129990	0	1	5000	2	0	4950	other	0
01_S-325_v0	244	Picture	full0i	4141490	0	1	3500	2	0	3450	other	0
01_S-325_v0	245	Picture	full0n	4154657	0	1	4833	2	0	4790	other	0
01_S-325_v0	246	Picture	full1n	4166823	0	1	4500	2	0	4450	other	0
01_S-325_v0	247	Picture	full1i	4179157	0	1	2666	2	0	2620	other	0
01_S-325_v0	248	Picture	full0i	4191823	0	1	3167	2	0	3120	other	0
01_S-325_v0	249	Picture	full1n	4204657	0	1	3166	2	0	3120	other	0
01_S-325_v0	250	Picture	blue1i	4216157	0	1	3166	2	0	3120	false_alarm	297
01_S-325_v0	250	Response	10	4221898	5741	1
01_S-325_v0	251	Picture	full1n	4227156	0	2	3167	3	0	3120	other	0
01_S-325_v0	252	Picture	full0n	4239323	0	1	3833	3	0	3790	other	0
01_S-325_v0	253	Picture	full0i	4251156	0	2	4834	3	0	4790	other	0
01_S-325_v0	254	Picture	full0n	4263323	0	1	4500	2	0	4450	other	0
01_S-325_v0	255	Picture	full1i	4274156	0	2	4500	3	0	4450	other	0
01_S-325_v0	256	Picture	full1n	4286323	0	1	5000	2	0	4950	other	0
01_S-325_v0	257	Picture	full0i	4298490	0	1	2500	2	0	2450	other	0
01_S-325_v0	258	Picture	full1i	4310656	0	1	4667	2	0	4620	other	0
01_S-325_v0	259	Picture	full1n	4321990	0	1	3166	2	0	3120	other	0
01_S-325_v0	260	Picture	full1i	4333490	0	1	4333	2	0	4290	other	0
01_S-325_v0	261	Picture	full1n	4345656	0	1	3667	2	0	3620	other	0
01_S-325_v0	262	Picture	full1i	4357990	0	1	2666	2	0	2620	other	0
01_S-325_v0	263	Picture	blue0n	4369823	0	1	2833	2	0	2790	false_alarm	311
01_S-325_v0	263	Response	10	4374893	5070	4
01_S-325_v0	264	Picture	full1n	4380823	0	1	5000	2	0	4950	other	0
01_S-325_v0	265	Picture	full0i	4392323	0	1	3333	2	0	3290	other	0
01_S-325_v0	266	Picture	full1i	4403656	0	1	2833	2	0	2790	other	0
01_S-325_v0	267	Picture	full1n	4415489	0	2	3834	3	0	3790	other	0
01_S-325_v0	268	Picture	full1i	4426823	0	1	2833	2	0	2790	other	0
01_S-325_v0	269	Picture	full0n	4437656	0	1	3333	2	0	3290	other	0
01_S-325_v0	270	Picture	default	4448989	0	1	2667	2	0	2500	other	0
01_S-325_v0	271	Picture	default	4469156	0	1	7118	2	0	2500	other	0


Event Type	Code	Type	Response	RT	RT Uncertainty	Time	Uncertainty	Duration	Uncertainty	ReqTime	ReqDur

Picture	full1n	other				1027664	1	3166	3	0	3120
Picture	full1i	other				1038594	238	2903	239	0	2790
Picture	full1n	other				1051830	2	4500	3	0	4450
Picture	full0n	other				1064997	1	3500	2	0	3450
Picture	full1i	other				1075830	2	4834	3	0	4790
Picture	full1n	other				1087997	1	4333	2	0	4290
Picture	full0i	other				1100164	1	3500	2	0	3450
Picture	full0n	other				1112497	1	4167	2	0	4120
Picture	blue0i	false_alarm	2	8586	201	1123967	198	3030	199	0	2950
Picture	full1i	other				1135997	1	3833	2	0	3790
Picture	full0n	other				1148830	1	5000	2	0	4950
Picture	full0i	other				1161497	1	4166	3	0	4120
Picture	full1n	other				1174997	1	4166	3	0	4120
Picture	full1i	other				1187663	2	3667	3	0	3620
Picture	full1n	other				1198997	1	4500	2	0	4450
Picture	blue1i	false_alarm	2	4191	3	1211163	2	3334	3	0	3290
Picture	full1n	other				1223330	1	4333	2	0	4290
Picture	full0n	other				1235497	1	4666	2	0	4620
Picture	full1i	other				1247330	1	2500	2	0	2450
Picture	full0i	other				1259663	1	3000	2	0	2950
Picture	full0n	other				1273163	1	5000	2	0	4950
Picture	full0i	other				1286663	1	4500	2	0	4450
Picture	full0n	other				1299497	1	3000	2	0	2950
Picture	full1n	other				1312163	1	3334	2	0	3290
Picture	blue1i	false_alarm	2	3554	6	1323996	2	3167	3	0	3120
Picture	full0i	other				1336663	1	3833	3	0	3790
Picture	full0n	other				1348996	2	5000	3	0	4950
Picture	full0i	other				1360830	1	2500	2	0	2450
Picture	full1n	other				1372163	1	4333	2	0	4290
Picture	full1i	other				1384330	1	2833	2	0	2790
Picture	full0n	other				1395830	1	2833	2	0	2790
Picture	full1n	other				1406663	1	4167	2	0	4120
Picture	full1i	other				1418830	1	3666	2	0	3620
Picture	full1n	other				1431663	1	3667	2	0	3620
Picture	full0i	other				1443830	1	5000	2	0	4950
Picture	blue1i	false_alarm	2	4788	3	1455163	1	2833	2	0	2790
Picture	full1n	other				1466163	1	3000	2	0	2950
Picture	full0n	other				1478829	2	2834	3	0	2790
Picture	full0i	other				1489829	2	4000	3	0	3950
Picture	full0n	other				1501996	1	3667	2	0	3620
Picture	full0i	other				1514829	2	2834	3	0	2790
Picture	full0n	other				1527996	1	4333	2	0	4290
Picture	full1i	other				1541163	1	3666	2	0	3620
Picture	full0i	other				1553829	1	3667	2	0	3620
Picture	full1n	other				1564663	1	4500	2	0	4450
Picture	full0n	other				1576829	1	3167	2	0	3120
Picture	full1i	other				1588329	1	3000	2	0	2950
Picture	blue0i	false_alarm	2	4386	16	1600161	12	3168	13	0	3120
Picture	full0n	other				1611663	1	3833	2	0	3790
Picture	full0i	other				1623996	1	3000	2	0	2950
Picture	full0n	other				1635496	1	4833	2	0	4790
Picture	full1n	other				1648662	2	2500	3	0	2450
Picture	full1i	other				1659496	1	3000	2	0	2950
Picture	full0i	other				1672996	1	3000	2	0	2950
Picture	full0n	other				1684329	1	3667	2	0	3620
Picture	full1n	other				1697496	1	3333	2	0	3290
Picture	full1i	other				1709662	1	4500	2	0	4450
Picture	blue1n	false_alarm	2	4252	2	1721496	1	4166	2	0	4120
Picture	full0i	other				1733829	1	2667	2	0	2620
Picture	full0n	other				1746496	1	4666	2	0	4620
Picture	full0i	other				1758662	1	2667	2	0	2620
Picture	full1i	other				1771495	2	4667	3	0	4620
Picture	full0n	other				1782995	2	2834	3	0	2790
Picture	full1n	other				1795162	1	4000	2	0	3950
Picture	full1i	other				1807995	2	3500	3	0	3450
Picture	full1n	other				1820329	1	4000	2	0	3950
Picture	full0i	other				1832495	1	4500	2	0	4450
Picture	blue0n	false_alarm	2	4082	5	1844662	1	2500	2	0	2450
Picture	full0i	other				1856829	1	4166	2	0	4120
Picture	full0n	other				1867662	1	4833	2	0	4790
Picture	full0i	other				1878662	1	2500	2	0	2450
Picture	full0n	other				1891495	1	4834	2	0	4790
Picture	full0i	other				1904162	1	3333	2	0	3290
Picture	full1i	other				1917662	1	3500	2	0	3450
Picture	full1n	other				1930328	2	3834	3	0	3790
Picture	full0n	other				1943162	1	4500	2	0	4450
Picture	full0i	other				1955328	2	2500	3	0	2450
Picture	full1i	other				1966162	1	4166	2	0	4120
Picture	blue0n	false_alarm	2	3947	5	1978995	1	4667	2	0	4620
Picture	full1n	other				1989995	1	2500	2	0	2450
Picture	full1i	other				2002328	1	3500	2	0	3450
Picture	full1n	other				2013328	1	3167	2	0	3120
Picture	full1i	other				2026495	1	3000	2	0	2950
Picture	full0i	other				2037995	1	3333	2	0	3290
Picture	full0n	other				2049495	1	3000	2	0	2950
Picture	full1n	other				2061828	1	3000	2	0	2950
Picture	full1i	other				2073995	1	3666	3	0	3620
Picture	full1n	other				2087161	2	4000	3	0	3950
Picture	full1i	other				2098495	1	4833	2	0	4790
Picture	full1n	other				2111661	2	2500	3	0	2450
Picture	full0i	other				2122995	1	4500	2	0	4450
Picture	blue1i	false_alarm	2	4212	5	2134328	1	3333	2	0	3290
Picture	full1n	other				2146161	1	4500	2	0	4450
Picture	full0n	other				2159328	1	4167	2	0	4120
Picture	full1i	other				2170828	1	3833	2	0	3790
Picture	full1n	other				2181828	1	4500	2	0	4450
Picture	full1i	other				2194995	1	2833	2	0	2790
Picture	full1n	other				2205828	1	3833	2	0	3790
Picture	full1i	other				2217994	2	4500	4	0	4450
Picture	full0i	other				2228828	1	3666	3	0	3620
Picture	blue1n	false_alarm	2	4304	2	2239828	1	4500	2	0	4450
Picture	full1i	other				2250828	1	4500	2	0	4450
Picture	full1n	other				2264328	1	4666	2	0	4620
Picture	full1i	other				2276161	1	3167	2	0	3120
Picture	full1n	other				2289661	1	2667	2	0	2620
Picture	full0n	other				2301494	1	4667	2	0	4620
Picture	full0i	other				2313661	1	5000	2	0	4950
Picture	full1i	other				2325994	1	3500	2	0	3450
Picture	full1n	other				2339494	1	4834	2	0	4790
Picture	blue0n	false_alarm	2	4303	4	2351827	2	4500	4	0	4450
Picture	full0i	other				2363161	1	2666	3	0	2620
Picture	full1i	other				2374661	1	3166	3	0	3120
Picture	full0n	other				2387327	4	3167	5	0	3120
Picture	full0i	other				2398161	1	3166	5	0	3120
Picture	full0n	other				2409994	1	3167	2	0	3120
Picture	full1n	other				2422827	2	3834	3	0	3790
Picture	full1i	other				2436327	1	4834	2	0	4790
Picture	full1n	other				2449161	1	4500	2	0	4450
Picture	blue0i	false_alarm	2	5635	2	2460494	1	4500	2	0	4450
Picture	full0n	other				2472327	1	4999	5	0	4950
Picture	full1i	other				2483327	1	2500	2	0	2450
Picture	full0i	other				2495660	2	4667	3	0	4620
Picture	full0n	other				2506994	1	3166	3	0	3120
Picture	full0i	other				2518326	4	4334	6	0	4290
Picture	full0n	other				2529827	1	3667	2	0	3620
Picture	full0i	other				2541660	2	2665	6	0	2620
Picture	blue1n	false_alarm	2	3765	6	2555160	2	2834	3	0	2790
Picture	full0n	other				2568660	1	5000	2	0	4950
Picture	full1i	other				2579660	1	3334	2	0	3290
Picture	full0i	other				2592325	4	2835	5	0	2790
Picture	full0n	other				2603827	1	3833	2	0	3790
Picture	full0i	other				2615994	1	2833	2	0	2790
Picture	full1n	other				2626827	1	3333	2	0	3290
Picture	82	other				2638160	1	100167	2	0	next
Picture	82	other				2738327	1	10000	2	100000	next
Picture	82	other				2748327	1	10000	2	110000	next
Picture	82	other				2758327	1	10000	2	120000	next
Picture	82	other				2768327	1	10000	2	130000	next
Picture	82	other				2778327	1	10000	2	140000	next
Picture	82	other				2788327	1	9999	3	150000	next
Picture	82	other				2798326	2	10000	4	160000	next
Picture	82	other				2808326	2	10000	4	170000	next
Picture	82	other				2818326	2	10000	3	180000	next
Picture	82	other				2828326	1	10000	3	190000	10000
Picture	full0n	other				2838326	2	3167	3	0	3120
Picture	full0i	other				2850660	1	2833	2	0	2790
Picture	full0n	other				2863493	1	4500	2	0	4450
Picture	full1n	other				2874993	1	3500	2	0	3450
Picture	blue0i	false_alarm	2	5631	2	2888493	1	4833	2	0	4790
Picture	full0n	other				2900660	1	4333	2	0	4290
Picture	full1i	other				2912993	1	3500	2	0	3450
Picture	full1n	other				2923993	1	4167	2	0	4120
Picture	full1i	other				2935326	1	3000	2	0	2950
Picture	full0i	other				2947493	1	3833	2	0	3790
Picture	full1n	other				2958493	1	5000	2	0	4950
Picture	full1i	other				2971159	2	4167	3	0	4120
Picture	blue0n	false_alarm	2	4394	5	2983326	1	4167	2	0	4120
Picture	full0i	other				2995993	1	3666	2	0	3620
Picture	full0n	other				3006826	1	4500	2	0	4450
Picture	full0i	other				3019159	1	3334	2	0	3290
Picture	full0n	other				3031493	1	4333	2	0	4290
Picture	full1n	other				3043659	1	4667	2	0	4620
Picture	full0i	other				3056826	1	2500	2	0	2450
Picture	full1i	other				3067659	1	3000	2	0	2950
Picture	full0n	other				3078659	1	5000	2	0	4950
Picture	full1n	other				3091326	1	4500	2	0	4450
Picture	blue1i	false_alarm	2	4629	3	3104492	2	3000	3	0	2950
Picture	full0i	other				3115992	2	3334	3	0	3290
Picture	full0n	other				3129492	2	3167	3	0	3120
Picture	full1n	other				3142659	1	3833	2	0	3790
Picture	full1i	other				3154826	1	5000	2	0	4950
Picture	full1n	other				3166659	1	2500	2	0	2450
Picture	full0i	other				3179826	1	4333	2	0	4290
Picture	full0n	other				3193326	1	2833	2	0	2790
Picture	full1i	other				3205659	1	2833	2	0	2790
Picture	full0i	other				3218492	1	4167	2	0	4120
Picture	full0n	other				3229992	1	3667	2	0	3620
Picture	full0i	other				3241825	2	3667	3	0	3620
Picture	full1n	other				3255325	2	5000	3	0	4950
Picture	full0n	other				3266159	1	2833	2	0	2790
Picture	blue0i	false_alarm	2	5624	5	3277492	1	3000	2	0	2950
Picture	full1i	other				3289325	1	2834	2	0	2790
Picture	full1n	other				3300325	1	4000	2	0	3950
Picture	full1i	other				3312492	1	3667	2	0	3620
Picture	full1n	other				3324325	1	2834	2	0	2790
Picture	blue1i	false_alarm	2	4659	3	3336659	1	4333	2	0	4290
Picture	full0n	other				3348825	1	3667	2	0	3620
Picture	full1n	other				3361659	1	3666	2	0	3620
Picture	full0i	other				3372658	2	4500	4	0	4450
Picture	full1i	other				3385325	1	3167	2	0	3120
Picture	full0n	other				3397992	1	3000	2	0	2950
Picture	full1n	other				3410658	2	3167	3	0	3120
Picture	full1i	other				3422825	1	3833	2	0	3790
Picture	full1n	other				3435658	1	3000	2	0	2950
Picture	full1i	other				3449158	1	4834	2	0	4790
Picture	full0i	other				3460658	1	2500	2	0	2450
Picture	blue0n	false_alarm	2	5512	5	3471992	1	3000	2	0	2950
Picture	full1n	other				3484158	1	3000	2	0	2950
Picture	full1i	other				3496992	1	3666	2	0	3620
Picture	full0i	other				3510491	2	3334	3	0	3290
Picture	full0n	other				3521325	1	4500	2	0	4450
Picture	full0i	other				3533991	2	4167	3	0	4120
Picture	full1n	other				3544991	2	2667	3	0	2620
Picture	full1i	other				3557158	1	4667	2	0	4620
Picture	blue1n	false_alarm	2	4748	2	3568158	1	2667	2	0	2620
Picture	full0n	other				3580491	1	4667	2	0	4620
Picture	full1i	other				3593658	1	2833	2	0	2790
Picture	full0i	other				3604491	1	4000	2	0	3950
Picture	full0n	other				3616658	1	3500	2	0	3450
Picture	full0i	other				3628491	1	4000	2	0	3950
Picture	full1n	other				3639491	1	4500	2	0	4450
Picture	full1i	other				3652991	1	2500	2	0	2450
Picture	full1n	other				3664824	2	4167	3	0	4120
Picture	blue1i	false_alarm	2	4711	4	3677991	1	4833	2	0	4790
Picture	full1n	other				3688991	1	2500	2	0	2450
Picture	full1i	other				3701824	2	4834	3	0	4790
Picture	full1n	other				3713158	1	3333	2	0	3290
Picture	full0n	other				3725824	1	3500	2	0	3450
Picture	full0i	other				3738491	1	3833	2	0	3790
Picture	full1i	other				3751658	1	4500	2	0	4450
Picture	full1n	other				3762491	1	2500	2	0	2450
Picture	full0n	other				3773991	1	4167	2	0	4120
Picture	full1i	other				3786824	1	4667	2	0	4620
Picture	blue0i	false_alarm	2	5443	6	3798657	2	2500	4	0	2450
Picture	full0n	other				3810491	1	3500	2	0	3450
Picture	full0i	other				3821991	1	3166	2	0	3120
Picture	full0n	other				3832824	1	3000	2	0	2950
Picture	full1n	other				3845157	2	3334	3	0	3290
Picture	full1i	other				3857991	1	3000	2	0	2950
Picture	full0i	other				3870324	1	3000	2	0	2950
Picture	full0n	other				3883824	1	3667	2	0	3620
Picture	full0i	other				3897324	1	4000	2	0	3950
Picture	blue1n	false_alarm	2	3808	5	3909491	1	4818	26	0	4790
Picture	full0n	other				3922991	1	2500	2	0	2450
Picture	full1i	other				3934324	1	4500	2	0	4450
Picture	full0i	other				3947490	2	3334	3	0	3290
Picture	full0n	other				3960157	1	4500	2	0	4450
Picture	full1n	other				3970990	2	4167	3	0	4120
Picture	full0i	other				3984157	1	3833	2	0	3790
Picture	full0n	other				3996990	2	4500	3	0	4450
Picture	full0i	other				4009157	1	2833	2	0	2790
Picture	full0n	other				4020657	1	3833	2	0	3790
Picture	full0i	other				4032157	1	4500	2	0	4450
Picture	full1i	other				4044990	1	3667	2	0	3620
Picture	full0n	other				4056324	1	4500	2	0	4450
Picture	full0i	other				4067657	1	4500	2	0	4450
Picture	full0n	other				4079824	1	4666	2	0	4620
Picture	full0i	other				4093323	2	3167	3	0	3120
Picture	blue0n	false_alarm	2	4809	2	4106490	1	2667	2	0	2620
Picture	full1n	other				4117823	2	4667	3	0	4620
Picture	full1i	other				4129990	1	5000	2	0	4950
Picture	full0i	other				4141490	1	3500	2	0	3450
Picture	full0n	other				4154657	1	4833	2	0	4790
Picture	full1n	other				4166823	1	4500	2	0	4450
Picture	full1i	other				4179157	1	2666	2	0	2620
Picture	full0i	other				4191823	1	3167	2	0	3120
Picture	full1n	other				4204657	1	3166	2	0	3120
Picture	blue1i	false_alarm	2	5741	2	4216157	1	3166	2	0	3120
Picture	full1n	other				4227156	2	3167	3	0	3120
Picture	full0n	other				4239323	1	3833	3	0	3790
Picture	full0i	other				4251156	2	4834	3	0	4790
Picture	full0n	other				4263323	1	4500	2	0	4450
Picture	full1i	other				4274156	2	4500	3	0	4450
Picture	full1n	other				4286323	1	5000	2	0	4950
Picture	full0i	other				4298490	1	2500	2	0	2450
Picture	full1i	other				4310656	1	4667	2	0	4620
Picture	full1n	other				4321990	1	3166	2	0	3120
Picture	full1i	other				4333490	1	4333	2	0	4290
Picture	full1n	other				4345656	1	3667	2	0	3620
Picture	full1i	other				4357990	1	2666	2	0	2620
Picture	blue0n	false_alarm	2	5070	5	4369823	1	2833	2	0	2790
Picture	full1n	other				4380823	1	5000	2	0	4950
Picture	full0i	other				4392323	1	3333	2	0	3290
Picture	full1i	other				4403656	1	2833	2	0	2790
Picture	full1n	other				4415489	2	3834	3	0	3790
Picture	full1i	other				4426823	1	2833	2	0	2790
Picture	full0n	other				4437656	1	3333	2	0	3290
Picture	default	other				4448989	1	2667	2	0	2500
Picture	default	other				4469156	1	7118	2	0	2500
