Scenario - visual LTP Rap V4.0 HVD (based on combined block 1+2 from old 45 135 degree pilot)
Logfile written - 08/04/2015 12:04:34

Subject	Trial	Event Type	Code	Time	TTime	Uncertainty	Duration	Uncertainty	ReqTime	ReqDur	Stim Type	Pair Index

01_S0310_v02	1	Response	128	23096	32929	1
01_S0310_v02	3	Picture	full1n	33333	0	1	4666	2	0	4620	other	0
01_S0310_v02	4	Picture	full0n	44803	0	197	2696	198	0	2620	other	0
01_S0310_v02	5	Picture	full0i	56666	0	1	4333	2	0	4290	other	0
01_S0310_v02	6	Picture	blue0n	69466	0	201	2700	202	0	2620	other	0
01_S0310_v02	7	Picture	full1i	81467	0	200	4032	201	0	3950	other	0
01_S0310_v02	7	Response	10	83666	2199	2
01_S0310_v02	7	Response	10	83866	2399	1
01_S0310_v02	8	Picture	full1n	92499	0	1	2500	2	0	2450	other	0
01_S0310_v02	8	Response	10	95863	3364	4
01_S0310_v02	8	Response	10	97466	4967	1
01_S0310_v02	9	Picture	full0i	103832	0	1	4834	2	0	4790	other	0
01_S0310_v02	10	Picture	full1i	114666	0	1	2500	2	0	2450	other	0
01_S0310_v02	10	Response	10	117663	2997	4
01_S0310_v02	11	Picture	full0n	126832	0	1	2831	5	0	2790	other	0
01_S0310_v02	12	Picture	full1n	140332	0	1	4667	2	0	4620	other	0
01_S0310_v02	12	Response	10	142865	2533	2
01_S0310_v02	12	Response	10	143065	2733	1
01_S0310_v02	12	Response	10	144665	4333	2
01_S0310_v02	13	Picture	full1i	152499	0	1	4833	2	0	4790	other	0
01_S0310_v02	13	Response	10	155219	2720	1
01_S0310_v02	14	Picture	full1n	163332	0	1	4167	2	0	4120	other	0
01_S0310_v02	14	Response	10	166662	3330	4
01_S0310_v02	15	Picture	full1i	176165	0	1	4667	2	0	4620	other	0
01_S0310_v02	15	Response	10	179262	3097	4
01_S0310_v02	16	Picture	full0i	189332	0	1	4000	2	0	3950	other	0
01_S0310_v02	17	Picture	blue0n	201998	0	2	3000	4	0	2950	other	0
01_S0310_v02	18	Picture	full0i	214165	0	1	4333	2	0	4290	other	0
01_S0310_v02	19	Picture	full0n	224998	0	2	4167	3	0	4120	other	0
01_S0310_v02	20	Picture	full1n	237665	0	1	3167	2	0	3120	other	0
01_S0310_v02	20	Response	10	240061	2396	4
01_S0310_v02	21	Picture	full0i	248665	0	1	3833	2	0	3790	other	0
01_S0310_v02	22	Picture	full0n	261498	0	1	4167	2	0	4120	other	0
01_S0310_v02	23	Picture	full1i	272998	0	1	2500	2	0	2450	other	0
01_S0310_v02	23	Response	10	277463	4465	2
01_S0310_v02	23	Response	10	277663	4665	1
01_S0310_v02	24	Picture	full1n	284831	0	2	4167	3	0	4120	other	0
01_S0310_v02	24	Response	10	287463	2632	1
01_S0310_v02	24	Response	10	289463	4632	1
01_S0310_v02	25	Picture	full0i	295665	0	1	3000	2	0	2950	other	0
01_S0310_v02	26	Picture	full0n	308331	0	2	2834	3	0	2790	other	0
01_S0310_v02	27	Picture	full0i	320165	0	1	3166	2	0	3120	other	0
01_S0310_v02	28	Picture	full1i	331665	0	1	4833	2	0	4790	other	0
01_S0310_v02	28	Response	10	334463	2798	1
01_S0310_v02	29	Picture	blue1n	342998	0	1	4167	2	0	4120	false_alarm	46
01_S0310_v02	29	Response	10	345860	2862	3
01_S0310_v02	30	Picture	full0n	354498	0	1	5000	2	0	4950	other	0
01_S0310_v02	31	Picture	full1i	366664	0	2	4500	3	0	4450	other	0
01_S0310_v02	31	Response	10	369662	2998	1
01_S0310_v02	31	Response	10	369859	3195	4
01_S0310_v02	31	Response	10	371262	4598	1
01_S0310_v02	32	Picture	full1n	377998	0	1	4500	2	0	4450	other	0
01_S0310_v02	32	Response	10	380862	2864	1
01_S0310_v02	32	Response	10	381062	3064	1
01_S0310_v02	33	Picture	full1i	389331	0	1	4167	2	0	4120	other	0
01_S0310_v02	33	Response	10	392059	2728	4
01_S0310_v02	34	Picture	full1n	402831	0	1	4500	2	0	4450	other	0
01_S0310_v02	34	Response	10	405061	2230	2
01_S0310_v02	35	Picture	full0i	415664	0	1	2500	2	0	2450	other	0
01_S0310_v02	36	Picture	full0n	426998	0	1	4000	2	0	3950	other	0
01_S0310_v02	37	Picture	full0i	439664	0	1	4833	3	0	4790	other	0
01_S0310_v02	38	Picture	full1i	451164	0	1	2833	2	0	2790	other	0
01_S0310_v02	38	Response	10	454058	2894	4
01_S0310_v02	39	Picture	full1n	464331	0	1	4333	2	0	4290	other	0
01_S0310_v02	39	Response	10	466860	2529	2
01_S0310_v02	40	Picture	full1i	476497	0	1	3334	2	0	3290	other	0
01_S0310_v02	40	Response	10	479058	2561	3
01_S0310_v02	41	Picture	full1n	488831	0	1	5000	2	0	4950	other	0
01_S0310_v02	41	Response	10	491660	2829	1
01_S0310_v02	42	Picture	full0n	501164	0	1	3167	2	0	3120	other	0
01_S0310_v02	43	Picture	full0i	512664	0	1	4000	2	0	3950	other	0
01_S0310_v02	44	Picture	full0n	526164	0	1	4000	2	0	3950	other	0
01_S0310_v02	45	Picture	blue1i	539664	0	1	4833	2	0	4790	false_alarm	74
01_S0310_v02	45	Response	10	542457	2793	3
01_S0310_v02	46	Picture	full0i	551497	0	1	3000	2	0	2950	other	0
01_S0310_v02	47	Picture	full1n	564330	0	1	3167	2	0	3120	other	0
01_S0310_v02	47	Response	10	567256	2926	4
01_S0310_v02	48	Picture	full1i	577497	0	1	3333	2	0	3290	other	0
01_S0310_v02	48	Response	10	580659	3162	1
01_S0310_v02	49	Picture	full0n	590164	0	1	2833	2	0	2790	other	0
01_S0310_v02	50	Picture	blue1n	601497	0	1	4166	3	0	4120	false_alarm	82
01_S0310_v02	50	Response	10	603858	2361	2
01_S0310_v02	51	Picture	full1i	612497	0	1	3666	2	0	3620	other	0
01_S0310_v02	51	Response	10	615256	2759	3
01_S0310_v02	52	Picture	blue0i	623330	0	1	3833	2	0	3790	other	0
01_S0310_v02	53	Picture	full1n	634330	0	1	3000	2	0	2950	other	0
01_S0310_v02	53	Response	10	637255	2925	4
01_S0310_v02	54	Picture	full1i	646163	0	1	4834	2	0	4790	other	0
01_S0310_v02	54	Response	10	648855	2692	4
01_S0310_v02	55	Picture	full1n	658330	0	1	4500	2	0	4450	other	0
01_S0310_v02	55	Response	10	658858	528	1
01_S0310_v02	55	Response	10	660058	1728	1
01_S0310_v02	55	Response	10	664655	6325	4
01_S0310_v02	56	Picture	full1i	670163	0	1	4500	2	0	4450	other	0
01_S0310_v02	56	Response	10	673655	3492	3
01_S0310_v02	57	Picture	blue1n	682496	0	2	3167	3	0	3120	false_alarm	97
01_S0310_v02	57	Response	10	685654	3158	4
01_S0310_v02	58	Picture	full0n	693830	0	1	4500	2	0	4450	other	0
01_S0310_v02	59	Picture	full1i	705330	0	1	3166	2	0	3120	other	0
01_S0310_v02	59	Response	10	708647	3317	1
01_S0310_v02	59	Response	10	710047	4717	1
01_S0310_v02	60	Picture	full1n	716663	0	1	3500	2	0	3450	other	0
01_S0310_v02	60	Response	10	719647	2984	1
01_S0310_v02	60	Response	10	719847	3184	1
01_S0310_v02	61	Picture	full1i	727496	0	1	4334	2	0	4290	other	0
01_S0310_v02	61	Response	10	730644	3148	4
01_S0310_v02	62	Picture	full1n	738496	0	1	3000	2	0	2950	other	0
01_S0310_v02	62	Response	10	742046	3550	1
01_S0310_v02	63	Picture	full1i	749830	0	1	3499	3	0	3450	other	0
01_S0310_v02	63	Response	10	753643	3813	4
01_S0310_v02	64	Picture	blue1n	761663	0	1	3333	2	0	3290	false_alarm	112
01_S0310_v02	64	Response	10	764243	2580	4
01_S0310_v02	65	Picture	full0i	773996	0	1	3167	2	0	3120	other	0
01_S0310_v02	66	Picture	full1i	787163	0	1	4666	2	0	4620	other	0
01_S0310_v02	66	Response	10	792646	5483	1
01_S0310_v02	67	Picture	full0n	799329	0	1	2667	2	0	2620	other	0
01_S0310_v02	68	Picture	full1n	812163	0	1	3666	2	0	3620	other	0
01_S0310_v02	68	Response	10	816045	3882	1
01_S0310_v02	68	Response	10	818245	6082	1
01_S0310_v02	69	Picture	full1i	823663	0	1	4833	2	0	4790	other	0
01_S0310_v02	69	Response	10	833842	10179	4
01_S0310_v02	70	Picture	full1n	834496	0	1	3333	2	0	3290	other	0
01_S0310_v02	70	Response	10	840242	5746	4
01_S0310_v02	71	Picture	full1i	846662	0	2	3834	3	0	3790	other	0
01_S0310_v02	71	Response	10	850842	4180	4
01_S0310_v02	71	Response	10	852845	6183	1
01_S0310_v02	72	Picture	full0i	857662	0	2	3834	3	0	3790	other	0
01_S0310_v02	73	Picture	full1n	871162	0	1	4500	2	0	4450	other	0
01_S0310_v02	73	Response	10	876644	5482	1
01_S0310_v02	74	Picture	full0n	883496	0	1	4833	2	0	4790	other	0
01_S0310_v02	75	Picture	full1i	894329	0	1	2667	2	0	2620	other	0
01_S0310_v02	76	Picture	full0i	905829	0	1	4500	2	0	4450	other	0
01_S0310_v02	76	Response	10	910441	4612	4
01_S0310_v02	76	Response	10	912444	6615	1
01_S0310_v02	77	Picture	full1n	917995	0	2	4334	3	0	4290	other	0
01_S0310_v02	77	Response	10	922441	4446	4
01_S0310_v02	78	Picture	full0n	930162	0	1	3833	2	0	3790	other	0
01_S0310_v02	79	Picture	blue0i	942495	0	2	2834	3	0	2790	other	0
01_S0310_v02	80	Picture	full0n	955995	0	1	4167	2	0	4120	other	0
01_S0310_v02	81	Picture	full0i	968162	0	1	2500	2	0	2450	other	0
01_S0310_v02	82	Picture	full1i	980995	0	1	4834	2	0	4790	other	0
01_S0310_v02	82	Response	10	983640	2645	4
01_S0310_v02	83	Picture	full1n	991995	0	1	2833	3	0	2790	other	0
01_S0310_v02	83	Response	10	995443	3448	1
01_S0310_v02	84	Picture	full1i	1004662	0	1	4000	2	0	3950	other	0
01_S0310_v02	84	Response	10	1008242	3580	1
01_S0310_v02	84	Response	10	1010042	5380	1
01_S0310_v02	85	Picture	full0n	1018162	0	1	3833	2	0	3790	other	0
01_S0310_v02	86	Picture	full1n	1029495	0	1	4667	2	0	4620	other	0
01_S0310_v02	86	Response	10	1033642	4147	1
01_S0310_v02	86	Response	10	1035642	6147	1
01_S0310_v02	87	Picture	full1i	1041328	0	1	4000	2	0	3950	other	0
01_S0310_v02	87	Response	10	1045642	4314	1
01_S0310_v02	88	Picture	full1n	1052328	0	1	3167	2	0	3120	other	0
01_S0310_v02	88	Response	10	1055439	3111	4
01_S0310_v02	89	Picture	full0i	1065828	0	1	3833	3	0	3790	other	0
01_S0310_v02	90	Picture	full1i	1078995	0	1	2500	2	0	2450	other	0
01_S0310_v02	90	Response	10	1082441	3446	1
01_S0310_v02	90	Response	10	1082641	3646	1
01_S0310_v02	91	Picture	full0n	1091161	0	2	4334	3	0	4290	other	0
01_S0310_v02	92	Picture	full0i	1103995	0	1	4000	2	0	3950	other	0
01_S0310_v02	93	Picture	full0n	1116161	0	1	4167	2	0	4120	other	0
01_S0310_v02	94	Picture	full1n	1128328	0	1	4167	2	0	4120	other	0
01_S0310_v02	94	Response	10	1131038	2710	4
01_S0310_v02	95	Picture	full0i	1141495	0	1	4333	2	0	4290	other	0
01_S0310_v02	96	Picture	blue1i	1152994	0	2	4000	4	0	3950	false_alarm	167
01_S0310_v02	96	Response	10	1155640	2646	1
01_S0310_v02	96	Response	10	1155840	2846	1
01_S0310_v02	97	Picture	full0n	1163994	0	2	2834	3	0	2790	other	0
01_S0310_v02	98	Picture	full1n	1175328	0	1	4166	2	0	4120	other	0
01_S0310_v02	98	Response	10	1178840	3512	1
01_S0310_v02	98	Response	10	1179040	3712	1
01_S0310_v02	99	Picture	full0i	1187994	0	1	3167	2	0	3120	other	0
01_S0310_v02	100	Picture	full0n	1200661	0	1	3667	2	0	3620	other	0
01_S0310_v02	101	Picture	full1i	1213494	0	1	3834	2	0	3790	other	0
01_S0310_v02	101	Response	10	1216436	2942	4
01_S0310_v02	102	Picture	full0i	1226994	0	1	3500	2	0	3450	other	0
01_S0310_v02	103	Picture	full0n	1239327	0	2	2500	4	0	2450	other	0
01_S0310_v02	104	Picture	full0i	1250827	0	2	2834	3	0	2790	other	0
01_S0310_v02	105	Picture	full0n	1262161	0	1	3500	2	0	3450	other	0
01_S0310_v02	106	Picture	full0i	1274494	0	1	3000	2	0	2950	other	0
01_S0310_v02	107	Picture	full1n	1286661	0	1	5000	2	0	4950	other	0
01_S0310_v02	107	Response	10	1292235	5574	4
01_S0310_v02	108	Picture	full0n	1298827	0	1	4334	2	0	4290	other	0
01_S0310_v02	109	Picture	full0i	1311160	0	2	4834	3	0	4790	other	0
01_S0310_v02	110	Picture	full0n	1324660	0	2	3500	3	0	3450	other	0
01_S0310_v02	111	Picture	blue0i	1336494	0	1	3833	2	0	3790	false_alarm	188
01_S0310_v02	111	Response	10	1340637	4143	1
01_S0310_v02	111	Response	10	1340837	4343	1
01_S0310_v02	112	Picture	full0n	1348660	0	1	3334	2	0	3290	other	0
01_S0310_v02	113	Picture	full0i	1361827	0	1	3000	2	0	2950	other	0
01_S0310_v02	114	Picture	full1i	1372827	0	1	2667	2	0	2620	other	0
01_S0310_v02	114	Response	10	1375437	2610	1
01_S0310_v02	114	Response	10	1375637	2810	1
01_S0310_v02	115	Picture	full1n	1385994	0	1	3333	2	0	3290	other	0
01_S0310_v02	115	Response	10	1388434	2440	4
01_S0310_v02	115	Response	10	1390637	4643	1
01_S0310_v02	116	Picture	full0n	1399160	0	1	4833	2	0	4790	other	0
01_S0310_v02	117	Picture	full1i	1412660	0	1	4333	2	0	4290	other	0
01_S0310_v02	117	Response	10	1419636	6976	1
01_S0310_v02	118	Picture	full1n	1424827	0	1	3833	2	0	3790	other	0
01_S0310_v02	118	Response	10	1432233	7406	4
01_S0310_v02	119	Picture	full1i	1436660	0	1	4000	2	0	3950	other	0
01_S0310_v02	120	Picture	full1n	1447493	0	1	3167	2	0	3120	other	0
01_S0310_v02	120	Response	10	1448033	540	4
01_S0310_v02	120	Response	10	1452636	5143	1
01_S0310_v02	121	Picture	blue0i	1459660	0	1	4333	2	0	4290	other	0
01_S0310_v02	122	Picture	full0n	1471493	0	1	3000	2	0	2950	other	0
01_S0310_v02	123	Picture	full0i	1483826	0	2	4334	3	0	4290	other	0
01_S0310_v02	124	Picture	full1i	1496993	0	1	2667	2	0	2620	other	0
01_S0310_v02	124	Response	10	1501235	4242	1
01_S0310_v02	125	Picture	full0n	1507826	0	1	4167	2	0	4120	other	0
01_S0310_v02	126	Picture	full0i	1519993	0	1	4833	2	0	4790	other	0
01_S0310_v02	127	Picture	full0n	1532660	0	1	2666	2	0	2620	other	0
01_S0310_v02	128	Picture	full0i	1545493	0	1	3166	3	0	3120	other	0
01_S0310_v02	129	Picture	full0n	1558326	0	1	4833	2	0	4790	other	0
01_S0310_v02	130	Picture	full0i	1570493	0	1	3666	2	0	3620	other	0
01_S0310_v02	131	Picture	blue1n	1582826	0	1	4500	2	0	4450	false_alarm	219
01_S0310_v02	131	Response	10	1585631	2805	4
01_S0310_v02	132	Picture	full0n	1595493	0	1	4166	2	0	4120	other	0
01_S0310_v02	133	Picture	full0i	1608159	0	1	4667	2	0	4620	other	0
01_S0310_v02	134	Picture	full1i	1621326	0	1	4333	2	0	4290	other	0
01_S0310_v02	134	Response	10	1627030	5704	4
01_S0310_v02	135	Picture	full1n	1632826	0	1	3666	3	0	3620	other	0
01_S0310_v02	135	Response	10	1638030	5204	4
01_S0310_v02	136	Picture	82	1643826	0	1	100166	2	0	next	other	0
01_S0310_v02	136	Picture	82	1743992	100166	1	10000	2	100000	next	other	0
01_S0310_v02	136	Picture	82	1753992	110166	1	10000	2	110000	next	other	0
01_S0310_v02	136	Picture	82	1763992	120166	1	10000	2	120000	next	other	0
01_S0310_v02	136	Picture	82	1773992	130166	1	10000	2	130000	next	other	0
01_S0310_v02	136	Picture	82	1783992	140166	1	10000	2	140000	next	other	0
01_S0310_v02	136	Picture	82	1793992	150166	1	10000	2	150000	next	other	0
01_S0310_v02	136	Picture	82	1803992	160166	1	10000	2	160000	next	other	0
01_S0310_v02	136	Picture	82	1813992	170166	1	10000	2	170000	next	other	0
01_S0310_v02	136	Picture	82	1823992	180166	1	10000	2	180000	next	other	0
01_S0310_v02	136	Picture	82	1833992	190166	1	10000	2	190000	10000	other	0
01_S0310_v02	137	Picture	full0n	1843992	0	1	4666	2	0	4620	other	0
01_S0310_v02	138	Picture	full1n	1855325	0	1	2667	2	0	2620	other	0
01_S0310_v02	138	Response	10	1858627	3302	4
01_S0310_v02	139	Picture	full1i	1867492	0	1	4333	2	0	4290	other	0
01_S0310_v02	139	Response	10	1870627	3135	3
01_S0310_v02	139	Response	10	1872629	5137	1
01_S0310_v02	140	Picture	full1n	1879325	0	1	2666	3	0	2620	other	0
01_S0310_v02	140	Response	10	1882429	3104	1
01_S0310_v02	141	Picture	full0i	1890158	0	1	4000	2	0	3950	other	0
01_S0310_v02	142	Picture	full0n	1902991	0	1	2500	2	0	2450	other	0
01_S0310_v02	143	Picture	full1i	1914491	0	1	4834	2	0	4790	other	0
01_S0310_v02	143	Response	10	1917426	2935	4
01_S0310_v02	144	Picture	full0i	1926825	0	1	2500	2	0	2450	other	0
01_S0310_v02	145	Picture	blue0n	1938991	0	1	2834	2	0	2790	other	0
01_S0310_v02	146	Picture	full0i	1950824	0	2	4667	3	0	4620	other	0
01_S0310_v02	146	Response	10	1959418	8594	1
01_S0310_v02	147	Picture	full1n	1963658	0	1	4833	2	0	4790	other	0
01_S0310_v02	147	Response	10	1967018	3360	1
01_S0310_v02	147	Response	10	1967218	3560	1
01_S0310_v02	148	Picture	full0n	1974991	0	1	4167	2	0	4120	other	0
01_S0310_v02	149	Picture	full0i	1987658	0	1	4666	2	0	4620	other	0
01_S0310_v02	150	Picture	blue1i	1999991	0	1	4000	2	0	3950	false_alarm	259
01_S0310_v02	150	Response	10	2002415	2424	3
01_S0310_v02	150	Response	10	2004417	4426	1
01_S0310_v02	151	Picture	full1n	2011824	0	1	3000	2	0	2950	other	0
01_S0310_v02	151	Response	10	2015414	3590	4
01_S0310_v02	152	Picture	full1i	2022658	0	1	4333	2	0	4290	other	0
01_S0310_v02	152	Response	10	2025414	2756	4
01_S0310_v02	153	Picture	full1n	2034157	0	2	4167	3	0	4120	other	0
01_S0310_v02	153	Response	10	2037817	3660	1
01_S0310_v02	153	Response	10	2039217	5060	1
01_S0310_v02	154	Picture	full0n	2046324	0	1	3167	2	0	3120	other	0
01_S0310_v02	155	Picture	full1i	2058991	0	1	3833	2	0	3790	other	0
01_S0310_v02	155	Response	10	2063014	4023	3
01_S0310_v02	156	Picture	full1n	2072157	0	1	4167	2	0	4120	other	0
01_S0310_v02	156	Response	10	2075013	2856	4
01_S0310_v02	157	Picture	full0i	2084324	0	1	2500	2	0	2450	other	0
01_S0310_v02	158	Picture	blue0n	2096491	0	1	4166	2	0	4120	other	0
01_S0310_v02	159	Picture	full1i	2107490	0	2	3000	4	0	2950	other	0
01_S0310_v02	159	Response	10	2110413	2923	4
01_S0310_v02	160	Picture	full1n	2120157	0	1	2833	2	0	2790	other	0
01_S0310_v02	160	Response	10	2123215	3058	2
01_S0310_v02	160	Response	10	2123415	3258	1
01_S0310_v02	161	Picture	full1i	2130990	0	2	3167	3	0	3120	other	0
01_S0310_v02	161	Response	10	2134213	3223	3
01_S0310_v02	162	Picture	full0i	2144157	0	1	4833	2	0	4790	other	0
01_S0310_v02	163	Picture	full0n	2156324	0	1	4166	2	0	4120	other	0
01_S0310_v02	164	Picture	full1n	2167324	0	1	5000	2	0	4950	other	0
01_S0310_v02	164	Response	10	2170615	3291	1
01_S0310_v02	165	Picture	full0i	2180824	0	1	4500	2	0	4450	other	0
01_S0310_v02	166	Picture	full1i	2192157	0	1	4500	2	0	4450	other	0
01_S0310_v02	166	Response	10	2195612	3455	3
01_S0310_v02	166	Response	10	2197414	5257	1
01_S0310_v02	167	Picture	full0n	2205323	0	2	4167	3	0	4120	other	0
01_S0310_v02	168	Picture	full0i	2216823	0	1	4500	2	0	4450	other	0
01_S0310_v02	169	Picture	blue0n	2228990	0	1	2500	2	0	2450	other	0
01_S0310_v02	170	Picture	full1n	2240490	0	1	4000	2	0	3950	other	0
01_S0310_v02	170	Response	10	2244147	3657	2
01_S0310_v02	171	Picture	full1i	2251990	0	1	4833	2	0	4790	other	0
01_S0310_v02	171	Response	10	2255611	3621	4
01_S0310_v02	171	Response	10	2257813	5823	1
01_S0310_v02	172	Picture	full0i	2265490	0	1	2833	2	0	2790	other	0
01_S0310_v02	173	Picture	full0n	2278156	0	2	4334	3	0	4290	other	0
01_S0310_v02	173	Response	10	2285810	7654	4
01_S0310_v02	174	Picture	full0i	2289490	0	1	3333	2	0	3290	other	0
01_S0310_v02	175	Picture	full0n	2301323	0	1	5000	2	0	4950	other	0
01_S0310_v02	176	Picture	full1n	2313490	0	1	3166	2	0	3120	other	0
01_S0310_v02	176	Response	10	2316210	2720	4
01_S0310_v02	177	Picture	full1i	2324490	0	1	4000	2	0	3950	other	0
01_S0310_v02	177	Response	10	2327010	2520	3
01_S0310_v02	178	Picture	full1n	2335490	0	1	4000	2	0	3950	other	0
01_S0310_v02	178	Response	10	2338212	2722	1
01_S0310_v02	178	Response	10	2338409	2919	4
01_S0310_v02	179	Picture	full0i	2346489	0	2	4834	3	0	4790	other	0
01_S0310_v02	180	Picture	full1i	2357323	0	1	3000	2	0	2950	other	0
01_S0310_v02	180	Response	10	2360412	3089	1
01_S0310_v02	181	Picture	full0n	2369656	0	1	3167	2	0	3120	other	0
01_S0310_v02	182	Picture	full0i	2382323	0	1	3333	2	0	3290	other	0
01_S0310_v02	183	Picture	blue1n	2394489	0	1	2834	2	0	2790	false_alarm	316
01_S0310_v02	183	Response	10	2396809	2320	3
01_S0310_v02	183	Response	10	2399011	4522	1
01_S0310_v02	184	Picture	full0n	2406823	0	1	4166	2	0	4120	other	0
01_S0310_v02	185	Picture	full0i	2418656	0	1	3667	2	0	3620	other	0
01_S0310_v02	186	Picture	full1i	2430822	0	2	3834	3	0	3790	other	0
01_S0310_v02	186	Response	10	2434408	3586	4
01_S0310_v02	187	Picture	full0n	2444322	0	2	3000	3	0	2950	other	0
01_S0310_v02	188	Picture	full0i	2456156	0	1	4833	2	0	4790	other	0
01_S0310_v02	189	Picture	full0n	2469656	0	1	4500	2	0	4450	other	0
01_S0310_v02	190	Picture	full0i	2481156	0	1	4500	2	0	4450	other	0
01_S0310_v02	191	Picture	full0n	2492489	0	1	3167	2	0	3120	other	0
01_S0310_v02	192	Picture	full1n	2505655	0	2	4500	4	0	4450	other	0
01_S0310_v02	192	Response	10	2509007	3352	4
01_S0310_v02	193	Picture	blue0i	2517989	0	1	3166	3	0	3120	other	0
01_S0310_v02	194	Picture	full0n	2530655	0	2	3500	3	0	3450	other	0
01_S0310_v02	195	Picture	full0i	2542989	0	1	4333	2	0	4290	other	0
01_S0310_v02	196	Picture	full0n	2553822	0	1	3000	2	0	2950	other	0
01_S0310_v02	197	Picture	full0i	2566655	0	1	3500	2	0	3450	other	0
01_S0310_v02	197	Response	10	2569606	2951	4
01_S0310_v02	198	Picture	full0n	2578822	0	1	3333	2	0	3290	other	0
01_S0310_v02	199	Picture	full1i	2590988	0	2	3167	3	0	3120	other	0
01_S0310_v02	199	Response	10	2594806	3818	3
01_S0310_v02	200	Picture	blue0i	2603155	0	1	4667	2	0	4620	other	0
01_S0310_v02	201	Picture	full1n	2615322	0	1	2666	2	0	2620	other	0
01_S0310_v02	201	Response	10	2618205	2883	4
01_S0310_v02	202	Picture	full0n	2626155	0	1	3667	2	0	3620	other	0
01_S0310_v02	203	Picture	full0i	2638488	0	1	4834	2	0	4790	other	0
01_S0310_v02	204	Picture	full0n	2651655	0	1	3333	2	0	3290	other	0
01_S0310_v02	205	Picture	full0i	2664822	0	1	3833	2	0	3790	other	0
01_S0310_v02	206	Picture	full1i	2676988	0	1	3833	3	0	3790	other	0
01_S0310_v02	206	Response	10	2682004	5016	4
01_S0310_v02	207	Picture	full0n	2688821	0	2	4500	3	0	4450	other	0
01_S0310_v02	208	Picture	full1n	2699821	0	2	4834	3	0	4790	other	0
01_S0310_v02	208	Response	10	2704407	4586	1
01_S0310_v02	208	Response	10	2704607	4786	1
01_S0310_v02	209	Picture	full0i	2711655	0	1	2666	2	0	2620	other	0
01_S0310_v02	210	Picture	full1i	2723155	0	1	4500	2	0	4450	other	0
01_S0310_v02	210	Response	10	2730806	7651	1
01_S0310_v02	210	Response	10	2732806	9651	1
01_S0310_v02	211	Picture	full0n	2736655	0	1	4333	2	0	4290	other	0
01_S0310_v02	212	Picture	full1n	2748154	0	2	3834	3	0	3790	other	0
01_S0310_v02	212	Response	10	2751206	3052	1
01_S0310_v02	213	Picture	full1i	2760488	0	1	2833	2	0	2790	other	0
01_S0310_v02	213	Response	10	2765003	4515	4
01_S0310_v02	213	Response	10	2766806	6318	1
01_S0310_v02	214	Picture	blue1n	2771821	0	1	4167	2	0	4120	false_alarm	362
01_S0310_v02	214	Response	10	2774203	2382	4
01_S0310_v02	215	Picture	full1i	2782821	0	1	2500	2	0	2450	other	0
01_S0310_v02	215	Response	10	2786005	3184	2
01_S0310_v02	216	Picture	full0i	2795488	0	1	4833	2	0	4790	other	0
01_S0310_v02	216	Response	10	2799002	3514	4
01_S0310_v02	217	Picture	full0n	2808321	0	1	2833	2	0	2790	other	0
01_S0310_v02	218	Picture	full0i	2820988	0	1	4000	2	0	3950	other	0
01_S0310_v02	219	Picture	blue1n	2831987	0	2	3834	3	0	3790	false_alarm	370
01_S0310_v02	219	Response	10	2835402	3415	4
01_S0310_v02	220	Picture	full0n	2842987	0	2	4667	3	0	4620	other	0
01_S0310_v02	221	Picture	full0i	2856487	0	2	4000	3	0	3950	other	0
01_S0310_v02	222	Picture	full0n	2867821	0	1	3166	2	0	3120	other	0
01_S0310_v02	223	Picture	full1i	2881321	0	1	3833	2	0	3790	other	0
01_S0310_v02	223	Response	10	2886201	4880	4
01_S0310_v02	224	Picture	full0i	2893987	0	1	2500	2	0	2450	other	0
01_S0310_v02	225	Picture	full1n	2905321	0	1	4333	2	0	4290	other	0
01_S0310_v02	225	Response	10	2908604	3283	1
01_S0310_v02	225	Response	10	2908803	3482	2
01_S0310_v02	226	Picture	full1i	2917987	0	1	4000	2	0	3950	other	0
01_S0310_v02	226	Response	10	2922401	4414	3
01_S0310_v02	226	Response	10	2924403	6416	1
01_S0310_v02	227	Picture	full1n	2929487	0	1	4167	2	0	4120	other	0
01_S0310_v02	227	Response	10	2933003	3516	1
01_S0310_v02	228	Picture	full0n	2940487	0	1	4167	2	0	4120	other	0
01_S0310_v02	229	Picture	full1i	2953320	0	1	4334	2	0	4290	other	0
01_S0310_v02	229	Response	10	2955803	2483	1
01_S0310_v02	229	Response	10	2957403	4083	1
01_S0310_v02	230	Picture	full0i	2965487	0	1	4000	2	0	3950	other	0
01_S0310_v02	231	Picture	full1n	2976820	0	1	2834	2	0	2790	other	0
01_S0310_v02	231	Response	10	2979602	2782	2
01_S0310_v02	232	Picture	blue0n	2987653	0	2	4167	3	0	4120	other	0
01_S0310_v02	233	Picture	full1i	2999820	0	1	3167	2	0	3120	other	0
01_S0310_v02	233	Response	10	3002399	2579	4
01_S0310_v02	234	Picture	full1n	3011153	0	2	3667	3	0	3620	other	0
01_S0310_v02	234	Response	10	3016599	5446	4
01_S0310_v02	235	Picture	full0i	3023987	0	1	3833	2	0	3790	other	0
01_S0310_v02	236	Picture	full1i	3035487	0	1	3500	2	0	3450	other	0
01_S0310_v02	236	Response	10	3038799	3312	4
01_S0310_v02	237	Picture	full1n	3047820	0	1	2500	2	0	2450	other	0
01_S0310_v02	237	Response	10	3051601	3781	2
01_S0310_v02	238	Picture	full1i	3061320	0	1	2833	2	0	2790	other	0
01_S0310_v02	238	Response	10	3064801	3481	1
01_S0310_v02	239	Picture	full1n	3074153	0	1	3500	2	0	3450	other	0
01_S0310_v02	239	Response	10	3079198	5045	4
01_S0310_v02	240	Picture	full1i	3085986	0	2	3000	3	0	2950	other	0
01_S0310_v02	240	Response	10	3089801	3815	1
01_S0310_v02	241	Picture	full0n	3099153	0	1	5000	2	0	4950	other	0
01_S0310_v02	242	Picture	full1n	3109986	0	1	4334	2	0	4290	other	0
01_S0310_v02	242	Response	10	3112398	2412	3
01_S0310_v02	243	Picture	full1i	3123153	0	1	4833	2	0	4790	other	0
01_S0310_v02	243	Response	10	3127000	3847	2
01_S0310_v02	244	Picture	full1n	3135486	0	1	3500	2	0	3450	other	0
01_S0310_v02	244	Response	10	3138600	3114	1
01_S0310_v02	244	Response	10	3140200	4714	1
01_S0310_v02	245	Picture	full1i	3148653	0	1	3833	2	0	3790	other	0
01_S0310_v02	245	Response	10	3151997	3344	4
01_S0310_v02	246	Picture	full1n	3161819	0	2	3334	3	0	3290	other	0
01_S0310_v02	246	Response	10	3165200	3381	1
01_S0310_v02	247	Picture	full1i	3173986	0	1	3000	2	0	2950	other	0
01_S0310_v02	247	Response	10	3177797	3811	4
01_S0310_v02	248	Picture	full0i	3186819	0	1	2667	2	0	2620	other	0
01_S0310_v02	249	Picture	full0n	3197819	0	1	3334	2	0	3290	other	0
01_S0310_v02	250	Picture	blue1n	3210486	0	1	4833	2	0	4790	false_alarm	425
01_S0310_v02	250	Response	10	3212786	2300	4
01_S0310_v02	251	Picture	full0i	3221819	0	1	4333	3	0	4290	other	0
01_S0310_v02	252	Picture	full0n	3233986	0	1	3833	2	0	3790	other	0
01_S0310_v02	253	Picture	full0i	3245486	0	1	4000	2	0	3950	other	0
01_S0310_v02	254	Picture	full0n	3257319	0	1	3167	2	0	3120	other	0
01_S0310_v02	254	Response	10	3259788	2469	1
01_S0310_v02	254	Response	10	3259988	2669	1
01_S0310_v02	255	Picture	full1i	3270819	0	1	4333	2	0	4290	other	0
01_S0310_v02	255	Response	10	3272785	1966	4
01_S0310_v02	256	Picture	full1n	3282986	0	1	2999	5	0	2950	other	0
01_S0310_v02	256	Response	10	3286985	3999	4
01_S0310_v02	257	Picture	full1i	3293819	0	1	4333	2	0	4290	other	0
01_S0310_v02	257	Response	10	3296585	2766	4
01_S0310_v02	258	Picture	blue0i	3307319	0	1	2666	4	0	2620	false_alarm	439
01_S0310_v02	258	Response	10	3310185	2866	3
01_S0310_v02	258	Response	10	3311987	4668	1
01_S0310_v02	259	Picture	full1n	3320819	0	1	4165	5	0	4120	other	0
01_S0310_v02	259	Response	10	3324984	4165	4
01_S0310_v02	260	Picture	full1i	3331652	0	1	4833	2	0	4790	other	0
01_S0310_v02	260	Response	10	3335184	3532	4
01_S0310_v02	261	Picture	full1n	3343152	0	1	2667	2	0	2620	other	0
01_S0310_v02	261	Response	10	3346987	3835	1
01_S0310_v02	261	Response	10	3347187	4035	1
01_S0310_v02	262	Picture	full1i	3355485	0	1	3167	2	0	3120	other	0
01_S0310_v02	262	Response	10	3358187	2702	1
01_S0310_v02	262	Response	10	3358387	2902	1
01_S0310_v02	263	Picture	full1n	3368319	0	1	4833	2	0	4790	other	0
01_S0310_v02	263	Response	10	3370387	2068	1
01_S0310_v02	263	Response	10	3370530	2211	2
01_S0310_v02	264	Picture	full1i	3379652	0	1	3667	2	0	3620	other	0
01_S0310_v02	264	Response	10	3382184	2532	3
01_S0310_v02	264	Response	10	3384386	4734	1
01_S0310_v02	265	Picture	full0n	3392485	0	1	4498	5	0	4450	other	0
01_S0310_v02	265	Response	10	3395386	2901	1
01_S0310_v02	266	Picture	full1n	3405318	0	2	4167	3	0	4120	other	0
01_S0310_v02	267	Picture	blue1i	3417152	0	1	4666	2	0	4620	false_alarm	461
01_S0310_v02	267	Response	10	3418983	1831	4
01_S0310_v02	268	Picture	full0i	3429318	0	1	4334	2	0	4290	other	0
01_S0310_v02	268	Response	10	3429383	65	4
01_S0310_v02	269	Picture	full0n	3442485	0	1	3667	2	0	3620	other	0
01_S0310_v02	269	Response	10	3445985	3500	2
01_S0310_v02	270	Picture	default	3454652	0	1	2666	2	0	2500	other	0
01_S0310_v02	271	Picture	default	3474818	0	1	12775	2	0	2500	other	0


Event Type	Code	Type	Response	RT	RT Uncertainty	Time	Uncertainty	Duration	Uncertainty	ReqTime	ReqDur

Picture	full1n	other				33333	1	4666	2	0	4620
Picture	full0n	other				44803	197	2696	198	0	2620
Picture	full0i	other				56666	1	4333	2	0	4290
Picture	blue0n	other				69466	201	2700	202	0	2620
Picture	full1i	other				81467	200	4032	201	0	3950
Picture	full1n	other				92499	1	2500	2	0	2450
Picture	full0i	other				103832	1	4834	2	0	4790
Picture	full1i	other				114666	1	2500	2	0	2450
Picture	full0n	other				126832	1	2831	5	0	2790
Picture	full1n	other				140332	1	4667	2	0	4620
Picture	full1i	other				152499	1	4833	2	0	4790
Picture	full1n	other				163332	1	4167	2	0	4120
Picture	full1i	other				176165	1	4667	2	0	4620
Picture	full0i	other				189332	1	4000	2	0	3950
Picture	blue0n	other				201998	2	3000	4	0	2950
Picture	full0i	other				214165	1	4333	2	0	4290
Picture	full0n	other				224998	2	4167	3	0	4120
Picture	full1n	other				237665	1	3167	2	0	3120
Picture	full0i	other				248665	1	3833	2	0	3790
Picture	full0n	other				261498	1	4167	2	0	4120
Picture	full1i	other				272998	1	2500	2	0	2450
Picture	full1n	other				284831	2	4167	3	0	4120
Picture	full0i	other				295665	1	3000	2	0	2950
Picture	full0n	other				308331	2	2834	3	0	2790
Picture	full0i	other				320165	1	3166	2	0	3120
Picture	full1i	other				331665	1	4833	2	0	4790
Picture	blue1n	false_alarm	2	2862	4	342998	1	4167	2	0	4120
Picture	full0n	other				354498	1	5000	2	0	4950
Picture	full1i	other				366664	2	4500	3	0	4450
Picture	full1n	other				377998	1	4500	2	0	4450
Picture	full1i	other				389331	1	4167	2	0	4120
Picture	full1n	other				402831	1	4500	2	0	4450
Picture	full0i	other				415664	1	2500	2	0	2450
Picture	full0n	other				426998	1	4000	2	0	3950
Picture	full0i	other				439664	1	4833	3	0	4790
Picture	full1i	other				451164	1	2833	2	0	2790
Picture	full1n	other				464331	1	4333	2	0	4290
Picture	full1i	other				476497	1	3334	2	0	3290
Picture	full1n	other				488831	1	5000	2	0	4950
Picture	full0n	other				501164	1	3167	2	0	3120
Picture	full0i	other				512664	1	4000	2	0	3950
Picture	full0n	other				526164	1	4000	2	0	3950
Picture	blue1i	false_alarm	2	2793	4	539664	1	4833	2	0	4790
Picture	full0i	other				551497	1	3000	2	0	2950
Picture	full1n	other				564330	1	3167	2	0	3120
Picture	full1i	other				577497	1	3333	2	0	3290
Picture	full0n	other				590164	1	2833	2	0	2790
Picture	blue1n	false_alarm	2	2361	3	601497	1	4166	3	0	4120
Picture	full1i	other				612497	1	3666	2	0	3620
Picture	blue0i	other				623330	1	3833	2	0	3790
Picture	full1n	other				634330	1	3000	2	0	2950
Picture	full1i	other				646163	1	4834	2	0	4790
Picture	full1n	other				658330	1	4500	2	0	4450
Picture	full1i	other				670163	1	4500	2	0	4450
Picture	blue1n	false_alarm	2	3158	6	682496	2	3167	3	0	3120
Picture	full0n	other				693830	1	4500	2	0	4450
Picture	full1i	other				705330	1	3166	2	0	3120
Picture	full1n	other				716663	1	3500	2	0	3450
Picture	full1i	other				727496	1	4334	2	0	4290
Picture	full1n	other				738496	1	3000	2	0	2950
Picture	full1i	other				749830	1	3499	3	0	3450
Picture	blue1n	false_alarm	2	2580	5	761663	1	3333	2	0	3290
Picture	full0i	other				773996	1	3167	2	0	3120
Picture	full1i	other				787163	1	4666	2	0	4620
Picture	full0n	other				799329	1	2667	2	0	2620
Picture	full1n	other				812163	1	3666	2	0	3620
Picture	full1i	other				823663	1	4833	2	0	4790
Picture	full1n	other				834496	1	3333	2	0	3290
Picture	full1i	other				846662	2	3834	3	0	3790
Picture	full0i	other				857662	2	3834	3	0	3790
Picture	full1n	other				871162	1	4500	2	0	4450
Picture	full0n	other				883496	1	4833	2	0	4790
Picture	full1i	other				894329	1	2667	2	0	2620
Picture	full0i	other				905829	1	4500	2	0	4450
Picture	full1n	other				917995	2	4334	3	0	4290
Picture	full0n	other				930162	1	3833	2	0	3790
Picture	blue0i	other				942495	2	2834	3	0	2790
Picture	full0n	other				955995	1	4167	2	0	4120
Picture	full0i	other				968162	1	2500	2	0	2450
Picture	full1i	other				980995	1	4834	2	0	4790
Picture	full1n	other				991995	1	2833	3	0	2790
Picture	full1i	other				1004662	1	4000	2	0	3950
Picture	full0n	other				1018162	1	3833	2	0	3790
Picture	full1n	other				1029495	1	4667	2	0	4620
Picture	full1i	other				1041328	1	4000	2	0	3950
Picture	full1n	other				1052328	1	3167	2	0	3120
Picture	full0i	other				1065828	1	3833	3	0	3790
Picture	full1i	other				1078995	1	2500	2	0	2450
Picture	full0n	other				1091161	2	4334	3	0	4290
Picture	full0i	other				1103995	1	4000	2	0	3950
Picture	full0n	other				1116161	1	4167	2	0	4120
Picture	full1n	other				1128328	1	4167	2	0	4120
Picture	full0i	other				1141495	1	4333	2	0	4290
Picture	blue1i	false_alarm	2	2646	3	1152994	2	4000	4	0	3950
Picture	full0n	other				1163994	2	2834	3	0	2790
Picture	full1n	other				1175328	1	4166	2	0	4120
Picture	full0i	other				1187994	1	3167	2	0	3120
Picture	full0n	other				1200661	1	3667	2	0	3620
Picture	full1i	other				1213494	1	3834	2	0	3790
Picture	full0i	other				1226994	1	3500	2	0	3450
Picture	full0n	other				1239327	2	2500	4	0	2450
Picture	full0i	other				1250827	2	2834	3	0	2790
Picture	full0n	other				1262161	1	3500	2	0	3450
Picture	full0i	other				1274494	1	3000	2	0	2950
Picture	full1n	other				1286661	1	5000	2	0	4950
Picture	full0n	other				1298827	1	4334	2	0	4290
Picture	full0i	other				1311160	2	4834	3	0	4790
Picture	full0n	other				1324660	2	3500	3	0	3450
Picture	blue0i	false_alarm	2	4143	2	1336494	1	3833	2	0	3790
Picture	full0n	other				1348660	1	3334	2	0	3290
Picture	full0i	other				1361827	1	3000	2	0	2950
Picture	full1i	other				1372827	1	2667	2	0	2620
Picture	full1n	other				1385994	1	3333	2	0	3290
Picture	full0n	other				1399160	1	4833	2	0	4790
Picture	full1i	other				1412660	1	4333	2	0	4290
Picture	full1n	other				1424827	1	3833	2	0	3790
Picture	full1i	other				1436660	1	4000	2	0	3950
Picture	full1n	other				1447493	1	3167	2	0	3120
Picture	blue0i	other				1459660	1	4333	2	0	4290
Picture	full0n	other				1471493	1	3000	2	0	2950
Picture	full0i	other				1483826	2	4334	3	0	4290
Picture	full1i	other				1496993	1	2667	2	0	2620
Picture	full0n	other				1507826	1	4167	2	0	4120
Picture	full0i	other				1519993	1	4833	2	0	4790
Picture	full0n	other				1532660	1	2666	2	0	2620
Picture	full0i	other				1545493	1	3166	3	0	3120
Picture	full0n	other				1558326	1	4833	2	0	4790
Picture	full0i	other				1570493	1	3666	2	0	3620
Picture	blue1n	false_alarm	2	2805	5	1582826	1	4500	2	0	4450
Picture	full0n	other				1595493	1	4166	2	0	4120
Picture	full0i	other				1608159	1	4667	2	0	4620
Picture	full1i	other				1621326	1	4333	2	0	4290
Picture	full1n	other				1632826	1	3666	3	0	3620
Picture	82	other				1643826	1	100166	2	0	next
Picture	82	other				1743992	1	10000	2	100000	next
Picture	82	other				1753992	1	10000	2	110000	next
Picture	82	other				1763992	1	10000	2	120000	next
Picture	82	other				1773992	1	10000	2	130000	next
Picture	82	other				1783992	1	10000	2	140000	next
Picture	82	other				1793992	1	10000	2	150000	next
Picture	82	other				1803992	1	10000	2	160000	next
Picture	82	other				1813992	1	10000	2	170000	next
Picture	82	other				1823992	1	10000	2	180000	next
Picture	82	other				1833992	1	10000	2	190000	10000
Picture	full0n	other				1843992	1	4666	2	0	4620
Picture	full1n	other				1855325	1	2667	2	0	2620
Picture	full1i	other				1867492	1	4333	2	0	4290
Picture	full1n	other				1879325	1	2666	3	0	2620
Picture	full0i	other				1890158	1	4000	2	0	3950
Picture	full0n	other				1902991	1	2500	2	0	2450
Picture	full1i	other				1914491	1	4834	2	0	4790
Picture	full0i	other				1926825	1	2500	2	0	2450
Picture	blue0n	other				1938991	1	2834	2	0	2790
Picture	full0i	other				1950824	2	4667	3	0	4620
Picture	full1n	other				1963658	1	4833	2	0	4790
Picture	full0n	other				1974991	1	4167	2	0	4120
Picture	full0i	other				1987658	1	4666	2	0	4620
Picture	blue1i	false_alarm	2	2424	4	1999991	1	4000	2	0	3950
Picture	full1n	other				2011824	1	3000	2	0	2950
Picture	full1i	other				2022658	1	4333	2	0	4290
Picture	full1n	other				2034157	2	4167	3	0	4120
Picture	full0n	other				2046324	1	3167	2	0	3120
Picture	full1i	other				2058991	1	3833	2	0	3790
Picture	full1n	other				2072157	1	4167	2	0	4120
Picture	full0i	other				2084324	1	2500	2	0	2450
Picture	blue0n	other				2096491	1	4166	2	0	4120
Picture	full1i	other				2107490	2	3000	4	0	2950
Picture	full1n	other				2120157	1	2833	2	0	2790
Picture	full1i	other				2130990	2	3167	3	0	3120
Picture	full0i	other				2144157	1	4833	2	0	4790
Picture	full0n	other				2156324	1	4166	2	0	4120
Picture	full1n	other				2167324	1	5000	2	0	4950
Picture	full0i	other				2180824	1	4500	2	0	4450
Picture	full1i	other				2192157	1	4500	2	0	4450
Picture	full0n	other				2205323	2	4167	3	0	4120
Picture	full0i	other				2216823	1	4500	2	0	4450
Picture	blue0n	other				2228990	1	2500	2	0	2450
Picture	full1n	other				2240490	1	4000	2	0	3950
Picture	full1i	other				2251990	1	4833	2	0	4790
Picture	full0i	other				2265490	1	2833	2	0	2790
Picture	full0n	other				2278156	2	4334	3	0	4290
Picture	full0i	other				2289490	1	3333	2	0	3290
Picture	full0n	other				2301323	1	5000	2	0	4950
Picture	full1n	other				2313490	1	3166	2	0	3120
Picture	full1i	other				2324490	1	4000	2	0	3950
Picture	full1n	other				2335490	1	4000	2	0	3950
Picture	full0i	other				2346489	2	4834	3	0	4790
Picture	full1i	other				2357323	1	3000	2	0	2950
Picture	full0n	other				2369656	1	3167	2	0	3120
Picture	full0i	other				2382323	1	3333	2	0	3290
Picture	blue1n	false_alarm	2	2320	4	2394489	1	2834	2	0	2790
Picture	full0n	other				2406823	1	4166	2	0	4120
Picture	full0i	other				2418656	1	3667	2	0	3620
Picture	full1i	other				2430822	2	3834	3	0	3790
Picture	full0n	other				2444322	2	3000	3	0	2950
Picture	full0i	other				2456156	1	4833	2	0	4790
Picture	full0n	other				2469656	1	4500	2	0	4450
Picture	full0i	other				2481156	1	4500	2	0	4450
Picture	full0n	other				2492489	1	3167	2	0	3120
Picture	full1n	other				2505655	2	4500	4	0	4450
Picture	blue0i	other				2517989	1	3166	3	0	3120
Picture	full0n	other				2530655	2	3500	3	0	3450
Picture	full0i	other				2542989	1	4333	2	0	4290
Picture	full0n	other				2553822	1	3000	2	0	2950
Picture	full0i	other				2566655	1	3500	2	0	3450
Picture	full0n	other				2578822	1	3333	2	0	3290
Picture	full1i	other				2590988	2	3167	3	0	3120
Picture	blue0i	other				2603155	1	4667	2	0	4620
Picture	full1n	other				2615322	1	2666	2	0	2620
Picture	full0n	other				2626155	1	3667	2	0	3620
Picture	full0i	other				2638488	1	4834	2	0	4790
Picture	full0n	other				2651655	1	3333	2	0	3290
Picture	full0i	other				2664822	1	3833	2	0	3790
Picture	full1i	other				2676988	1	3833	3	0	3790
Picture	full0n	other				2688821	2	4500	3	0	4450
Picture	full1n	other				2699821	2	4834	3	0	4790
Picture	full0i	other				2711655	1	2666	2	0	2620
Picture	full1i	other				2723155	1	4500	2	0	4450
Picture	full0n	other				2736655	1	4333	2	0	4290
Picture	full1n	other				2748154	2	3834	3	0	3790
Picture	full1i	other				2760488	1	2833	2	0	2790
Picture	blue1n	false_alarm	2	2382	5	2771821	1	4167	2	0	4120
Picture	full1i	other				2782821	1	2500	2	0	2450
Picture	full0i	other				2795488	1	4833	2	0	4790
Picture	full0n	other				2808321	1	2833	2	0	2790
Picture	full0i	other				2820988	1	4000	2	0	3950
Picture	blue1n	false_alarm	2	3415	6	2831987	2	3834	3	0	3790
Picture	full0n	other				2842987	2	4667	3	0	4620
Picture	full0i	other				2856487	2	4000	3	0	3950
Picture	full0n	other				2867821	1	3166	2	0	3120
Picture	full1i	other				2881321	1	3833	2	0	3790
Picture	full0i	other				2893987	1	2500	2	0	2450
Picture	full1n	other				2905321	1	4333	2	0	4290
Picture	full1i	other				2917987	1	4000	2	0	3950
Picture	full1n	other				2929487	1	4167	2	0	4120
Picture	full0n	other				2940487	1	4167	2	0	4120
Picture	full1i	other				2953320	1	4334	2	0	4290
Picture	full0i	other				2965487	1	4000	2	0	3950
Picture	full1n	other				2976820	1	2834	2	0	2790
Picture	blue0n	other				2987653	2	4167	3	0	4120
Picture	full1i	other				2999820	1	3167	2	0	3120
Picture	full1n	other				3011153	2	3667	3	0	3620
Picture	full0i	other				3023987	1	3833	2	0	3790
Picture	full1i	other				3035487	1	3500	2	0	3450
Picture	full1n	other				3047820	1	2500	2	0	2450
Picture	full1i	other				3061320	1	2833	2	0	2790
Picture	full1n	other				3074153	1	3500	2	0	3450
Picture	full1i	other				3085986	2	3000	3	0	2950
Picture	full0n	other				3099153	1	5000	2	0	4950
Picture	full1n	other				3109986	1	4334	2	0	4290
Picture	full1i	other				3123153	1	4833	2	0	4790
Picture	full1n	other				3135486	1	3500	2	0	3450
Picture	full1i	other				3148653	1	3833	2	0	3790
Picture	full1n	other				3161819	2	3334	3	0	3290
Picture	full1i	other				3173986	1	3000	2	0	2950
Picture	full0i	other				3186819	1	2667	2	0	2620
Picture	full0n	other				3197819	1	3334	2	0	3290
Picture	blue1n	false_alarm	2	2300	5	3210486	1	4833	2	0	4790
Picture	full0i	other				3221819	1	4333	3	0	4290
Picture	full0n	other				3233986	1	3833	2	0	3790
Picture	full0i	other				3245486	1	4000	2	0	3950
Picture	full0n	other				3257319	1	3167	2	0	3120
Picture	full1i	other				3270819	1	4333	2	0	4290
Picture	full1n	other				3282986	1	2999	5	0	2950
Picture	full1i	other				3293819	1	4333	2	0	4290
Picture	blue0i	false_alarm	2	2866	4	3307319	1	2666	4	0	2620
Picture	full1n	other				3320819	1	4165	5	0	4120
Picture	full1i	other				3331652	1	4833	2	0	4790
Picture	full1n	other				3343152	1	2667	2	0	2620
Picture	full1i	other				3355485	1	3167	2	0	3120
Picture	full1n	other				3368319	1	4833	2	0	4790
Picture	full1i	other				3379652	1	3667	2	0	3620
Picture	full0n	other				3392485	1	4498	5	0	4450
Picture	full1n	other				3405318	2	4167	3	0	4120
Picture	blue1i	false_alarm	2	1831	5	3417152	1	4666	2	0	4620
Picture	full0i	other				3429318	1	4334	2	0	4290
Picture	full0n	other				3442485	1	3667	2	0	3620
Picture	default	other				3454652	1	2666	2	0	2500
Picture	default	other				3474818	1	12775	2	0	2500

The following output port codes were not sent because of a conflict on the port.
Port	Code	Time(ms)
1	10	342939
