Scenario - visual LTP Rap V4.0 HVC (based on combined block 1+2 from old 45 135 degree pilot)
Logfile written - 08/04/2015 11:57:29

Subject	Trial	Event Type	Code	Time	TTime	Uncertainty	Duration	Uncertainty	ReqTime	ReqDur	Stim Type	Pair Index

01_S0310_v01	1	Response	128	7820	17653	3
01_S0310_v01	3	Picture	full1n	18333	0	1	3166	2	0	3120	other	0
01_S0310_v01	3	Response	10	27621	9288	2
01_S0310_v01	4	Picture	full1i	29263	0	237	2903	238	0	2790	other	0
01_S0310_v01	4	Response	10	33220	3957	4
01_S0310_v01	5	Picture	full1n	42499	0	1	4500	2	0	4450	other	0
01_S0310_v01	5	Response	10	45819	3320	4
01_S0310_v01	6	Picture	full0n	55666	0	1	3500	2	0	3450	other	0
01_S0310_v01	7	Picture	full1i	66499	0	1	4833	2	0	4790	other	0
01_S0310_v01	7	Response	10	69219	2720	4
01_S0310_v01	8	Picture	full1n	78666	0	1	4333	2	0	4290	other	0
01_S0310_v01	8	Response	10	81220	2554	2
01_S0310_v01	8	Response	10	81420	2754	1
01_S0310_v01	9	Picture	full0i	90832	0	1	3500	2	0	3450	other	0
01_S0310_v01	10	Picture	full0n	103166	0	1	4166	2	0	4120	other	0
01_S0310_v01	11	Picture	blue0i	114636	0	197	3030	198	0	2950	other	0
01_S0310_v01	12	Picture	full1i	126665	0	2	3834	3	0	3790	other	0
01_S0310_v01	12	Response	10	129219	2554	2
01_S0310_v01	12	Response	10	131421	4756	1
01_S0310_v01	13	Picture	full0n	139499	0	1	5000	2	0	4950	other	0
01_S0310_v01	14	Picture	full0i	152165	0	1	4167	2	0	4120	other	0
01_S0310_v01	15	Picture	full1n	165665	0	1	4167	2	0	4120	other	0
01_S0310_v01	15	Response	10	168018	2353	3
01_S0310_v01	15	Response	10	170220	4555	1
01_S0310_v01	16	Picture	full1i	178332	0	1	3667	2	0	3620	other	0
01_S0310_v01	16	Response	10	181819	3487	1
01_S0310_v01	16	Response	10	183620	5288	1
01_S0310_v01	17	Picture	full1n	189665	0	1	4500	2	0	4450	other	0
01_S0310_v01	17	Response	10	192818	3153	2
01_S0310_v01	18	Picture	blue1i	201832	0	1	3333	2	0	3290	false_alarm	31
01_S0310_v01	18	Response	10	205617	3785	4
01_S0310_v01	19	Picture	full1n	213998	0	2	4334	3	0	4290	other	0
01_S0310_v01	20	Picture	full0n	226165	0	1	4667	2	0	4620	other	0
01_S0310_v01	21	Picture	full1i	237998	0	1	2500	2	0	2450	other	0
01_S0310_v01	22	Picture	full0i	250332	0	1	3000	2	0	2950	other	0
01_S0310_v01	23	Picture	full0n	263832	0	1	5000	2	0	4950	other	0
01_S0310_v01	24	Picture	full0i	277331	0	2	4500	4	0	4450	other	0
01_S0310_v01	25	Picture	full0n	290165	0	1	3000	2	0	2950	other	0
01_S0310_v01	26	Picture	full1n	302831	0	2	3334	3	0	3290	other	0
01_S0310_v01	26	Response	10	305017	2186	1
01_S0310_v01	27	Picture	blue1i	314665	0	1	3166	2	0	3120	false_alarm	42
01_S0310_v01	27	Response	10	317217	2552	1
01_S0310_v01	27	Response	10	317417	2752	1
01_S0310_v01	27	Response	10	319218	4553	1
01_S0310_v01	28	Picture	full0i	327331	0	1	3834	2	0	3790	other	0
01_S0310_v01	28	Response	10	331215	3884	4
01_S0310_v01	29	Picture	full0n	339665	0	1	5000	2	0	4950	other	0
01_S0310_v01	30	Picture	full0i	351498	0	1	2500	2	0	2450	other	0
01_S0310_v01	31	Picture	full1n	362831	0	1	4333	3	0	4290	other	0
01_S0310_v01	31	Response	10	364815	1984	3
01_S0310_v01	32	Picture	full1i	374998	0	1	2833	2	0	2790	other	0
01_S0310_v01	32	Response	10	377616	2618	1
01_S0310_v01	33	Picture	full0n	386498	0	1	2833	2	0	2790	other	0
01_S0310_v01	34	Picture	full1n	397331	0	1	4167	2	0	4120	other	0
01_S0310_v01	34	Response	10	401014	3683	4
01_S0310_v01	35	Picture	full1i	409498	0	1	3666	2	0	3620	other	0
01_S0310_v01	35	Response	10	412215	2717	2
01_S0310_v01	35	Response	10	412415	2917	1
01_S0310_v01	36	Picture	full1n	422331	0	1	3667	2	0	3620	other	0
01_S0310_v01	36	Response	10	425414	3083	4
01_S0310_v01	36	Response	10	427416	5085	1
01_S0310_v01	37	Picture	full0i	434497	0	2	5000	4	0	4950	other	0
01_S0310_v01	38	Picture	blue1i	445831	0	1	2833	2	0	2790	false_alarm	64
01_S0310_v01	38	Response	10	448815	2984	1
01_S0310_v01	39	Picture	full1n	456831	0	1	3000	2	0	2950	other	0
01_S0310_v01	39	Response	10	459613	2782	4
01_S0310_v01	39	Response	10	461616	4785	1
01_S0310_v01	40	Picture	full0n	469497	0	1	2834	2	0	2790	other	0
01_S0310_v01	41	Picture	full0i	480497	0	1	4000	2	0	3950	other	0
01_S0310_v01	42	Picture	full0n	492664	0	1	3667	2	0	3620	other	0
01_S0310_v01	43	Picture	full0i	505497	0	1	2834	2	0	2790	other	0
01_S0310_v01	44	Picture	full0n	518664	0	1	4333	2	0	4290	other	0
01_S0310_v01	45	Picture	full1i	531830	0	2	3667	3	0	3620	other	0
01_S0310_v01	45	Response	10	535012	3182	4
01_S0310_v01	46	Picture	full0i	544497	0	1	3667	2	0	3620	other	0
01_S0310_v01	47	Picture	full1n	555330	0	1	4500	2	0	4450	other	0
01_S0310_v01	47	Response	10	558212	2882	4
01_S0310_v01	48	Picture	full0n	567497	0	1	3167	2	0	3120	other	0
01_S0310_v01	49	Picture	full1i	578997	0	1	3000	2	0	2950	other	0
01_S0310_v01	49	Response	10	581413	2416	1
01_S0310_v01	50	Picture	blue0i	590830	0	1	3167	2	0	3120	other	0
01_S0310_v01	51	Picture	full0n	602330	0	1	3833	3	0	3790	other	0
01_S0310_v01	52	Picture	full0i	614663	0	2	3000	3	0	2950	other	0
01_S0310_v01	53	Picture	full0n	626163	0	2	4834	3	0	4790	other	0
01_S0310_v01	54	Picture	full1n	639330	0	1	2500	2	0	2450	other	0
01_S0310_v01	54	Response	10	641610	2280	4
01_S0310_v01	55	Picture	full1i	650163	0	1	3000	2	0	2950	other	0
01_S0310_v01	55	Response	10	653010	2847	4
01_S0310_v01	55	Response	10	655213	5050	1
01_S0310_v01	56	Picture	full0i	663663	0	1	3000	2	0	2950	other	0
01_S0310_v01	57	Picture	full0n	674996	0	2	3667	3	0	3620	other	0
01_S0310_v01	58	Picture	full1n	688163	0	1	3333	2	0	3290	other	0
01_S0310_v01	58	Response	10	691811	3648	2
01_S0310_v01	58	Response	10	692011	3848	1
01_S0310_v01	59	Picture	full1i	700330	0	1	4500	2	0	4450	other	0
01_S0310_v01	59	Response	10	703611	3281	1
01_S0310_v01	59	Response	10	705412	5082	1
01_S0310_v01	60	Picture	blue1n	712163	0	1	4167	2	0	4120	false_alarm	99
01_S0310_v01	60	Response	10	715809	3646	4
01_S0310_v01	60	Response	10	717412	5249	1
01_S0310_v01	61	Picture	full0i	724496	0	1	2667	2	0	2620	other	0
01_S0310_v01	62	Picture	full0n	737163	0	1	4667	2	0	4620	other	0
01_S0310_v01	63	Picture	full0i	749330	0	1	2666	2	0	2620	other	0
01_S0310_v01	64	Picture	full1i	762163	0	1	4666	3	0	4620	other	0
01_S0310_v01	64	Response	10	765610	3447	1
01_S0310_v01	64	Response	10	765811	3648	1
01_S0310_v01	64	Response	10	767211	5048	1
01_S0310_v01	65	Picture	full0n	773663	0	1	2833	2	0	2790	other	0
01_S0310_v01	66	Picture	full1n	785829	0	2	4000	3	0	3950	other	0
01_S0310_v01	66	Response	10	790408	4579	4
01_S0310_v01	67	Picture	full1i	798663	0	1	3500	2	0	3450	other	0
01_S0310_v01	67	Response	10	802409	3746	2
01_S0310_v01	67	Response	10	802609	3946	2
01_S0310_v01	68	Picture	full1n	810996	0	1	4000	2	0	3950	other	0
01_S0310_v01	68	Response	10	816809	5813	2
01_S0310_v01	69	Picture	full0i	823163	0	1	4500	2	0	4450	other	0
01_S0310_v01	70	Picture	blue0n	835329	0	1	2500	2	0	2450	other	0
01_S0310_v01	71	Picture	full0i	847496	0	1	4166	2	0	4120	other	0
01_S0310_v01	72	Picture	full0n	858329	0	1	4833	2	0	4790	other	0
01_S0310_v01	72	Response	10	869208	10879	2
01_S0310_v01	73	Picture	full0i	869329	0	1	2500	2	0	2450	other	0
01_S0310_v01	73	Response	10	869408	79	2
01_S0310_v01	73	Response	10	871210	1881	1
01_S0310_v01	74	Picture	full0n	882162	0	1	4834	2	0	4790	other	0
01_S0310_v01	75	Picture	full0i	894829	0	1	3333	2	0	3290	other	0
01_S0310_v01	76	Picture	full1i	908329	0	1	3500	2	0	3450	other	0
01_S0310_v01	76	Response	10	910808	2479	1
01_S0310_v01	77	Picture	full1n	920995	0	2	3834	3	0	3790	other	0
01_S0310_v01	77	Response	10	923807	2812	2
01_S0310_v01	77	Response	10	925809	4814	1
01_S0310_v01	78	Picture	full0n	933829	0	1	4500	2	0	4450	other	0
01_S0310_v01	78	Response	10	937006	3177	4
01_S0310_v01	78	Response	10	939209	5380	1
01_S0310_v01	79	Picture	full0i	945995	0	2	2500	3	0	2450	other	0
01_S0310_v01	80	Picture	full1i	956829	0	1	4166	2	0	4120	other	0
01_S0310_v01	80	Response	10	960407	3578	1
01_S0310_v01	81	Picture	blue0n	969662	0	1	4667	2	0	4620	other	0
01_S0310_v01	82	Picture	full1n	980662	0	1	2500	2	0	2450	other	0
01_S0310_v01	82	Response	10	983407	2745	1
01_S0310_v01	82	Response	10	983608	2946	1
01_S0310_v01	82	Response	10	985408	4746	1
01_S0310_v01	83	Picture	full1i	992995	0	1	3500	2	0	3450	other	0
01_S0310_v01	83	Response	10	995805	2810	4
01_S0310_v01	84	Picture	full1n	1003995	0	1	3167	2	0	3120	other	0
01_S0310_v01	84	Response	10	1006806	2811	2
01_S0310_v01	85	Picture	full1i	1017162	0	1	3000	2	0	2950	other	0
01_S0310_v01	85	Response	10	1020005	2843	4
01_S0310_v01	86	Picture	full0i	1028662	0	1	3333	2	0	3290	other	0
01_S0310_v01	87	Picture	full0n	1040162	0	1	3000	2	0	2950	other	0
01_S0310_v01	88	Picture	full1n	1052495	0	1	3000	2	0	2950	other	0
01_S0310_v01	88	Response	10	1055404	2909	4
01_S0310_v01	88	Response	10	1058007	5512	1
01_S0310_v01	89	Picture	full1i	1064662	0	1	3666	2	0	3620	other	0
01_S0310_v01	89	Response	10	1068805	4143	2
01_S0310_v01	89	Response	10	1069005	4343	1
01_S0310_v01	90	Picture	full1n	1077828	0	1	4000	2	0	3950	other	0
01_S0310_v01	90	Response	10	1082205	4377	2
01_S0310_v01	91	Picture	full1i	1089161	0	2	4834	3	0	4790	other	0
01_S0310_v01	91	Response	10	1093004	3843	3
01_S0310_v01	92	Picture	full1n	1102328	0	1	2500	2	0	2450	other	0
01_S0310_v01	92	Response	10	1105805	3477	1
01_S0310_v01	93	Picture	full0i	1113661	0	1	4500	2	0	4450	other	0
01_S0310_v01	94	Picture	blue1i	1124995	0	1	3333	2	0	3290	false_alarm	164
01_S0310_v01	94	Response	10	1128204	3209	2
01_S0310_v01	95	Picture	full1n	1136828	0	1	4500	2	0	4450	other	0
01_S0310_v01	95	Response	10	1140004	3176	2
01_S0310_v01	95	Response	10	1140204	3376	1
01_S0310_v01	96	Picture	full0n	1149994	0	2	4167	3	0	4120	other	0
01_S0310_v01	97	Picture	full1i	1161494	0	2	3834	3	0	3790	other	0
01_S0310_v01	97	Response	10	1165602	4108	4
01_S0310_v01	98	Picture	full1n	1172494	0	2	4500	3	0	4450	other	0
01_S0310_v01	98	Response	10	1176794	4300	1
01_S0310_v01	99	Picture	full1i	1185661	0	1	2833	2	0	2790	other	0
01_S0310_v01	99	Response	10	1189992	4331	4
01_S0310_v01	99	Response	10	1193595	7934	1
01_S0310_v01	100	Picture	full1n	1196494	0	1	3834	2	0	3790	other	0
01_S0310_v01	100	Response	10	1201192	4698	4
01_S0310_v01	101	Picture	full1i	1208661	0	1	4500	2	0	4450	other	0
01_S0310_v01	101	Response	10	1212593	3932	2
01_S0310_v01	101	Response	10	1212793	4132	1
01_S0310_v01	102	Picture	full0i	1219494	0	1	3667	2	0	3620	other	0
01_S0310_v01	103	Picture	blue1n	1230494	0	1	4500	2	0	4450	other	0
01_S0310_v01	104	Picture	full1i	1241494	0	1	4500	2	0	4450	other	0
01_S0310_v01	104	Response	10	1245591	4097	4
01_S0310_v01	105	Picture	full1n	1254994	0	1	4667	2	0	4620	other	0
01_S0310_v01	105	Response	10	1258792	3798	2
01_S0310_v01	105	Response	10	1258992	3998	2
01_S0310_v01	106	Picture	full1i	1266827	0	1	3167	2	0	3120	other	0
01_S0310_v01	106	Response	10	1269794	2967	1
01_S0310_v01	106	Response	10	1271993	5166	2
01_S0310_v01	107	Picture	full1n	1280327	0	1	2667	2	0	2620	other	0
01_S0310_v01	107	Response	10	1283392	3065	2
01_S0310_v01	107	Response	10	1283592	3265	1
01_S0310_v01	108	Picture	full0n	1292161	0	1	4666	2	0	4620	other	0
01_S0310_v01	108	Response	10	1295592	3431	1
01_S0310_v01	109	Picture	full0i	1304327	0	1	5000	2	0	4950	other	0
01_S0310_v01	110	Picture	full1i	1316660	0	2	3500	4	0	3450	other	0
01_S0310_v01	110	Response	10	1320567	3907	1
01_S0310_v01	110	Response	10	1322593	5933	1
01_S0310_v01	111	Picture	full1n	1330160	0	2	4834	3	0	4790	other	0
01_S0310_v01	111	Response	10	1333791	3631	2
01_S0310_v01	111	Response	10	1333993	3833	1
01_S0310_v01	112	Picture	blue0n	1342494	0	1	4500	2	0	4450	other	0
01_S0310_v01	113	Picture	full0i	1353827	0	1	2667	2	0	2620	other	0
01_S0310_v01	114	Picture	full1i	1365327	0	1	3167	2	0	3120	other	0
01_S0310_v01	114	Response	10	1367591	2264	1
01_S0310_v01	114	Response	10	1367792	2465	1
01_S0310_v01	114	Response	10	1369992	4665	1
01_S0310_v01	115	Picture	full0n	1377994	0	1	3166	2	0	3120	other	0
01_S0310_v01	116	Picture	full0i	1388827	0	1	3167	2	0	3120	other	0
01_S0310_v01	117	Picture	full0n	1400660	0	1	3167	2	0	3120	other	0
01_S0310_v01	118	Picture	full1n	1413493	0	2	3834	3	0	3790	other	0
01_S0310_v01	118	Response	10	1415590	2097	2
01_S0310_v01	118	Response	10	1415790	2297	1
01_S0310_v01	118	Response	10	1417391	3898	1
01_S0310_v01	119	Picture	full1i	1426993	0	1	4834	2	0	4790	other	0
01_S0310_v01	119	Response	10	1429790	2797	1
01_S0310_v01	119	Response	10	1429990	2997	1
01_S0310_v01	120	Picture	full1n	1439827	0	1	4500	2	0	4450	other	0
01_S0310_v01	120	Response	10	1442590	2763	1
01_S0310_v01	120	Response	10	1442790	2963	1
01_S0310_v01	121	Picture	blue0i	1451160	0	1	4500	2	0	4450	other	0
01_S0310_v01	122	Picture	full0n	1462993	0	1	5000	2	0	4950	other	0
01_S0310_v01	123	Picture	full1i	1473993	0	1	2500	2	0	2450	other	0
01_S0310_v01	123	Response	10	1476989	2996	2
01_S0310_v01	123	Response	10	1477189	3196	1
01_S0310_v01	124	Picture	full0i	1486326	0	2	4667	3	0	4620	other	0
01_S0310_v01	125	Picture	full0n	1497660	0	1	3166	2	0	3120	other	0
01_S0310_v01	126	Picture	full0i	1508993	0	1	4333	2	0	4290	other	0
01_S0310_v01	127	Picture	full0n	1520493	0	1	3667	2	0	3620	other	0
01_S0310_v01	128	Picture	full0i	1532326	0	1	2667	2	0	2620	other	0
01_S0310_v01	129	Picture	blue1n	1545826	0	1	2833	3	0	2790	false_alarm	233
01_S0310_v01	129	Response	10	1548988	3162	1
01_S0310_v01	130	Picture	full0n	1559326	0	1	5000	2	0	4950	other	0
01_S0310_v01	131	Picture	full1i	1570326	0	1	3333	2	0	3290	other	0
01_S0310_v01	131	Response	10	1573186	2860	4
01_S0310_v01	132	Picture	full0i	1582993	0	1	2833	2	0	2790	other	0
01_S0310_v01	133	Picture	full0n	1594493	0	1	3833	2	0	3790	other	0
01_S0310_v01	134	Picture	full0i	1606659	0	1	2834	2	0	2790	other	0
01_S0310_v01	135	Picture	full1n	1617493	0	1	3333	2	0	3290	other	0
01_S0310_v01	135	Response	10	1621587	4094	1
01_S0310_v01	136	Picture	82	1628826	0	1	100166	2	0	next	other	0
01_S0310_v01	136	Picture	82	1728992	100166	1	10000	2	100000	next	other	0
01_S0310_v01	136	Picture	82	1738992	110166	1	10000	2	110000	next	other	0
01_S0310_v01	136	Picture	82	1748992	120166	1	10000	2	120000	next	other	0
01_S0310_v01	136	Picture	82	1758992	130166	1	10000	2	130000	next	other	0
01_S0310_v01	136	Picture	82	1768992	140166	1	10000	2	140000	next	other	0
01_S0310_v01	136	Picture	82	1778992	150166	1	10000	2	150000	next	other	0
01_S0310_v01	136	Picture	82	1788992	160166	1	10000	2	160000	next	other	0
01_S0310_v01	136	Picture	82	1798992	170166	1	10000	2	170000	next	other	0
01_S0310_v01	136	Picture	82	1808992	180166	1	10000	2	180000	next	other	0
01_S0310_v01	136	Picture	82	1818992	190166	1	10000	2	190000	10000	other	0
01_S0310_v01	137	Picture	full0n	1828992	0	1	3166	2	0	3120	other	0
01_S0310_v01	138	Picture	full0i	1841325	0	1	2833	2	0	2790	other	0
01_S0310_v01	139	Picture	full0n	1854158	0	1	4500	2	0	4450	other	0
01_S0310_v01	140	Picture	full1n	1865658	0	1	3500	2	0	3450	other	0
01_S0310_v01	141	Picture	blue0i	1879158	0	1	4833	2	0	4790	other	0
01_S0310_v01	142	Picture	full0n	1891325	0	1	4333	2	0	4290	other	0
01_S0310_v01	143	Picture	full1i	1903658	0	1	3500	2	0	3450	other	0
01_S0310_v01	143	Response	10	1906783	3125	1
01_S0310_v01	143	Response	10	1906983	3325	1
01_S0310_v01	144	Picture	full1n	1914658	0	1	4167	2	0	4120	other	0
01_S0310_v01	144	Response	10	1918782	4124	2
01_S0310_v01	144	Response	10	1918982	4324	2
01_S0310_v01	145	Picture	full1i	1925991	0	1	3000	2	0	2950	other	0
01_S0310_v01	145	Response	10	1929182	3191	2
01_S0310_v01	146	Picture	full0i	1938158	0	1	3833	2	0	3790	other	0
01_S0310_v01	147	Picture	full1n	1949158	0	1	5000	2	0	4950	other	0
01_S0310_v01	147	Response	10	1951982	2824	1
01_S0310_v01	147	Response	10	1952182	3024	1
01_S0310_v01	148	Picture	full1i	1961824	0	2	4167	3	0	4120	other	0
01_S0310_v01	148	Response	10	1965182	3358	1
01_S0310_v01	149	Picture	blue0n	1973991	0	1	4167	2	0	4120	false_alarm	274
01_S0310_v01	149	Response	10	1980581	6590	2
01_S0310_v01	150	Picture	full0i	1986658	0	1	3666	2	0	3620	other	0
01_S0310_v01	151	Picture	full0n	1997491	0	1	4500	2	0	4450	other	0
01_S0310_v01	152	Picture	full0i	2009824	0	1	3334	2	0	3290	other	0
01_S0310_v01	153	Picture	full0n	2022158	0	1	4333	2	0	4290	other	0
01_S0310_v01	154	Picture	full1n	2034324	0	1	4667	2	0	4620	other	0
01_S0310_v01	154	Response	10	2036779	2455	4
01_S0310_v01	155	Picture	full0i	2047491	0	1	2500	2	0	2450	other	0
01_S0310_v01	156	Picture	full1i	2058324	0	1	3000	2	0	2950	other	0
01_S0310_v01	156	Response	10	2061180	2856	2
01_S0310_v01	157	Picture	full0n	2069324	0	1	5000	2	0	4950	other	0
01_S0310_v01	158	Picture	full1n	2081991	0	1	4500	2	0	4450	other	0
01_S0310_v01	158	Response	10	2084379	2388	3
01_S0310_v01	159	Picture	blue1i	2095157	0	1	3000	2	0	2950	false_alarm	288
01_S0310_v01	159	Response	10	2098178	3021	4
01_S0310_v01	160	Picture	full0i	2106657	0	1	3333	3	0	3290	other	0
01_S0310_v01	161	Picture	full0n	2120157	0	1	3167	2	0	3120	other	0
01_S0310_v01	162	Picture	full1n	2133324	0	1	3833	2	0	3790	other	0
01_S0310_v01	162	Response	10	2135379	2055	2
01_S0310_v01	162	Response	10	2135579	2255	1
01_S0310_v01	163	Picture	full1i	2145490	0	1	5000	2	0	4950	other	0
01_S0310_v01	163	Response	10	2149979	4489	1
01_S0310_v01	164	Picture	full1n	2157324	0	1	2500	2	0	2450	other	0
01_S0310_v01	164	Response	10	2161379	4055	1
01_S0310_v01	165	Picture	full0i	2170490	0	1	4334	2	0	4290	other	0
01_S0310_v01	166	Picture	full0n	2183990	0	1	2834	2	0	2790	other	0
01_S0310_v01	167	Picture	full1i	2196323	0	2	2834	3	0	2790	other	0
01_S0310_v01	167	Response	10	2200578	4255	2
01_S0310_v01	168	Picture	full0i	2209157	0	1	4166	2	0	4120	other	0
01_S0310_v01	169	Picture	full0n	2220657	0	1	3666	2	0	3620	other	0
01_S0310_v01	170	Picture	full0i	2232490	0	1	3667	2	0	3620	other	0
01_S0310_v01	171	Picture	full1n	2245990	0	1	5000	2	0	4950	other	0
01_S0310_v01	171	Response	10	2250177	4187	2
01_S0310_v01	172	Picture	full0n	2256823	0	1	2834	2	0	2790	other	0
01_S0310_v01	173	Picture	blue0i	2268157	0	1	2999	3	0	2950	other	0
01_S0310_v01	174	Picture	full1i	2279990	0	1	2833	2	0	2790	other	0
01_S0310_v01	175	Picture	full1n	2290990	0	1	4000	2	0	3950	other	0
01_S0310_v01	176	Picture	full1i	2303156	0	2	3667	3	0	3620	other	0
01_S0310_v01	176	Response	10	2305578	2422	1
01_S0310_v01	177	Picture	full1n	2314990	0	1	2833	2	0	2790	other	0
01_S0310_v01	177	Response	10	2318175	3185	4
01_S0310_v01	177	Response	10	2319978	4988	1
01_S0310_v01	178	Picture	blue1i	2327323	0	1	4333	2	0	4290	false_alarm	317
01_S0310_v01	178	Response	10	2329375	2052	4
01_S0310_v01	179	Picture	full0n	2339490	0	1	3666	2	0	3620	other	0
01_S0310_v01	179	Response	10	2340975	1485	4
01_S0310_v01	180	Picture	full1n	2352323	0	1	3666	3	0	3620	other	0
01_S0310_v01	181	Picture	full0i	2363323	0	1	4500	2	0	4450	other	0
01_S0310_v01	182	Picture	full1i	2375989	0	2	3167	3	0	3120	other	0
01_S0310_v01	183	Picture	full0n	2388656	0	1	3000	2	0	2950	other	0
01_S0310_v01	184	Picture	full1n	2401323	0	1	3166	2	0	3120	other	0
01_S0310_v01	184	Response	10	2403774	2451	4
01_S0310_v01	185	Picture	full1i	2413489	0	1	3834	2	0	3790	other	0
01_S0310_v01	185	Response	10	2416975	3486	1
01_S0310_v01	186	Picture	full1n	2426323	0	1	3000	2	0	2950	other	0
01_S0310_v01	186	Response	10	2428965	2642	1
01_S0310_v01	187	Picture	full1i	2439822	0	2	4834	3	0	4790	other	0
01_S0310_v01	187	Response	10	2442764	2942	2
01_S0310_v01	187	Response	10	2442964	3142	2
01_S0310_v01	187	Response	10	2444966	5144	1
01_S0310_v01	188	Picture	full0i	2451322	0	2	2500	3	0	2450	other	0
01_S0310_v01	189	Picture	blue0n	2462656	0	1	3000	2	0	2950	false_alarm	336
01_S0310_v01	189	Response	10	2466763	4107	4
01_S0310_v01	190	Picture	full1n	2474822	0	1	3000	2	0	2950	other	0
01_S0310_v01	190	Response	10	2478364	3542	1
01_S0310_v01	190	Response	10	2478564	3742	1
01_S0310_v01	191	Picture	full1i	2487656	0	1	3666	2	0	3620	other	0
01_S0310_v01	191	Response	10	2490564	2908	1
01_S0310_v01	192	Picture	full0i	2501156	0	1	3333	2	0	3290	other	0
01_S0310_v01	193	Picture	full0n	2511989	0	1	4500	2	0	4450	other	0
01_S0310_v01	194	Picture	full0i	2524655	0	2	4167	3	0	4120	other	0
01_S0310_v01	195	Picture	full1n	2535655	0	2	2667	3	0	2620	other	0
01_S0310_v01	195	Response	10	2540563	4908	2
01_S0310_v01	195	Response	10	2540763	5108	1
01_S0310_v01	196	Picture	full1i	2547822	0	1	4667	2	0	4620	other	0
01_S0310_v01	196	Response	10	2551164	3342	1
01_S0310_v01	197	Picture	blue1n	2558822	0	1	2667	2	0	2620	false_alarm	351
01_S0310_v01	197	Response	10	2561761	2939	4
01_S0310_v01	198	Picture	full0n	2571155	0	1	4667	2	0	4620	other	0
01_S0310_v01	199	Picture	full1i	2584322	0	1	2833	2	0	2790	other	0
01_S0310_v01	199	Response	10	2588961	4639	4
01_S0310_v01	200	Picture	full0i	2595155	0	1	4000	2	0	3950	other	0
01_S0310_v01	201	Picture	full0n	2607322	0	1	3500	2	0	3450	other	0
01_S0310_v01	202	Picture	full0i	2619155	0	1	4000	2	0	3950	other	0
01_S0310_v01	203	Picture	full1n	2630155	0	1	4500	2	0	4450	other	0
01_S0310_v01	203	Response	10	2636560	6405	4
01_S0310_v01	204	Picture	full1i	2643655	0	1	2500	2	0	2450	other	0
01_S0310_v01	204	Response	10	2646561	2906	2
01_S0310_v01	204	Response	10	2648763	5108	1
01_S0310_v01	205	Picture	full1n	2655488	0	1	4167	2	0	4120	other	0
01_S0310_v01	205	Response	10	2659960	4472	4
01_S0310_v01	205	Response	10	2662962	7474	2
01_S0310_v01	206	Picture	blue1i	2668655	0	1	4833	2	0	4790	false_alarm	367
01_S0310_v01	206	Response	10	2672760	4105	4
01_S0310_v01	207	Picture	full1n	2679655	0	1	2500	2	0	2450	other	0
01_S0310_v01	207	Response	10	2685561	5906	1
01_S0310_v01	208	Picture	full1i	2692488	0	1	4833	2	0	4790	other	0
01_S0310_v01	208	Response	10	2698159	5671	4
01_S0310_v01	208	Response	10	2700562	8074	1
01_S0310_v01	209	Picture	full1n	2703821	0	1	3334	2	0	3290	other	0
01_S0310_v01	209	Response	10	2708359	4538	4
01_S0310_v01	210	Picture	full0n	2716488	0	1	3500	2	0	3450	other	0
01_S0310_v01	211	Picture	full0i	2729155	0	1	3833	2	0	3790	other	0
01_S0310_v01	212	Picture	full1i	2742321	0	1	4500	2	0	4450	other	0
01_S0310_v01	213	Picture	full1n	2753155	0	1	2499	3	0	2450	other	0
01_S0310_v01	213	Response	10	2755360	2205	1
01_S0310_v01	213	Response	10	2755560	2405	1
01_S0310_v01	214	Picture	full0n	2764654	0	2	4167	3	0	4120	other	0
01_S0310_v01	214	Response	10	2770958	6304	4
01_S0310_v01	215	Picture	full1i	2777488	0	1	4666	2	0	4620	other	0
01_S0310_v01	216	Picture	blue0i	2789321	0	1	2500	2	0	2450	false_alarm	385
01_S0310_v01	216	Response	10	2794158	4837	4
01_S0310_v01	217	Picture	full0n	2801154	0	1	3500	2	0	3450	other	0
01_S0310_v01	218	Picture	full0i	2812654	0	1	3167	2	0	3120	other	0
01_S0310_v01	219	Picture	full0n	2823488	0	1	3000	2	0	2950	other	0
01_S0310_v01	220	Picture	full1n	2835821	0	1	3333	2	0	3290	other	0
01_S0310_v01	220	Response	10	2839558	3737	2
01_S0310_v01	221	Picture	full1i	2848654	0	1	3000	2	0	2950	other	0
01_S0310_v01	222	Picture	full0i	2860987	0	2	3000	3	0	2950	other	0
01_S0310_v01	222	Response	10	2870758	9771	1
01_S0310_v01	223	Picture	full0n	2874487	0	1	3667	2	0	3620	other	0
01_S0310_v01	224	Picture	full0i	2887987	0	1	4000	2	0	3950	other	0
01_S0310_v01	225	Picture	blue1n	2900154	0	1	4833	2	0	4790	false_alarm	397
01_S0310_v01	225	Response	10	2902757	2603	2
01_S0310_v01	225	Response	10	2904559	4405	1
01_S0310_v01	226	Picture	full0n	2913654	0	1	2500	2	0	2450	other	0
01_S0310_v01	227	Picture	full1i	2924987	0	1	4500	2	0	4450	other	0
01_S0310_v01	227	Response	10	2930356	5369	4
01_S0310_v01	228	Picture	full0i	2938154	0	1	3333	2	0	3290	other	0
01_S0310_v01	229	Picture	full0n	2950820	0	2	4500	3	0	4450	other	0
01_S0310_v01	230	Picture	full1n	2961654	0	1	4166	2	0	4120	other	0
01_S0310_v01	230	Response	10	2967755	6101	4
01_S0310_v01	231	Picture	full0i	2974820	0	1	3834	2	0	3790	other	0
01_S0310_v01	231	Response	10	2977956	3136	2
01_S0310_v01	232	Picture	full0n	2987654	0	1	4500	2	0	4450	other	0
01_S0310_v01	232	Response	10	2990156	2502	1
01_S0310_v01	232	Response	10	2990356	2702	1
01_S0310_v01	233	Picture	full0i	2999820	0	1	2833	3	0	2790	other	0
01_S0310_v01	234	Picture	full0n	3011320	0	1	3833	2	0	3790	other	0
01_S0310_v01	235	Picture	full0i	3022820	0	1	4500	2	0	4450	other	0
01_S0310_v01	236	Picture	full1i	3035653	0	1	3667	2	0	3620	other	0
01_S0310_v01	236	Response	10	3039954	4301	4
01_S0310_v01	237	Picture	full0n	3046987	0	1	4500	2	0	4450	other	0
01_S0310_v01	238	Picture	full0i	3058320	0	1	4500	2	0	4450	other	0
01_S0310_v01	239	Picture	full0n	3070487	0	1	4666	2	0	4620	other	0
01_S0310_v01	240	Picture	full0i	3083986	0	2	3167	3	0	3120	other	0
01_S0310_v01	241	Picture	blue0n	3097153	0	4	2667	5	0	2620	false_alarm	421
01_S0310_v01	241	Response	10	3100553	3400	4
01_S0310_v01	242	Picture	full1n	3108486	0	1	4667	2	0	4620	other	0
01_S0310_v01	242	Response	10	3112153	3667	4
01_S0310_v01	242	Response	10	3113556	5070	1
01_S0310_v01	243	Picture	full1i	3120653	0	1	5000	2	0	4950	other	0
01_S0310_v01	243	Response	10	3123753	3100	4
01_S0310_v01	244	Picture	full0i	3132153	0	1	3500	2	0	3450	other	0
01_S0310_v01	245	Picture	full0n	3145320	0	1	4832	5	0	4790	other	0
01_S0310_v01	246	Picture	full1n	3157486	0	1	4500	2	0	4450	other	0
01_S0310_v01	246	Response	10	3160752	3266	4
01_S0310_v01	246	Response	10	3162755	5269	1
01_S0310_v01	247	Picture	full1i	3169819	0	2	2667	3	0	2620	other	0
01_S0310_v01	247	Response	10	3175152	5333	4
01_S0310_v01	248	Picture	full0i	3182486	0	1	3167	2	0	3120	other	0
01_S0310_v01	248	Response	10	3185752	3266	4
01_S0310_v01	249	Picture	full1n	3195319	0	2	3167	3	0	3120	other	0
01_S0310_v01	250	Picture	blue1i	3206819	0	1	3167	2	0	3120	false_alarm	438
01_S0310_v01	250	Response	10	3209153	2334	1
01_S0310_v01	251	Picture	full1n	3217819	0	1	3167	2	0	3120	other	0
01_S0310_v01	251	Response	10	3220951	3132	4
01_S0310_v01	252	Picture	full0n	3229986	0	1	3833	2	0	3790	other	0
01_S0310_v01	252	Response	10	3235951	5965	4
01_S0310_v01	252	Response	10	3237954	7968	1
01_S0310_v01	253	Picture	full0i	3241819	0	1	4833	3	0	4790	other	0
01_S0310_v01	254	Picture	full0n	3253986	0	1	4500	2	0	4450	other	0
01_S0310_v01	255	Picture	full1i	3264819	0	1	4500	2	0	4450	other	0
01_S0310_v01	255	Response	10	3269352	4533	1
01_S0310_v01	256	Picture	full1n	3276986	0	1	5000	2	0	4950	other	0
01_S0310_v01	256	Response	10	3280552	3566	1
01_S0310_v01	257	Picture	full0i	3289152	0	1	2500	2	0	2450	other	0
01_S0310_v01	258	Picture	full1i	3301319	0	1	4667	2	0	4620	other	0
01_S0310_v01	258	Response	10	3305350	4031	4
01_S0310_v01	259	Picture	full1n	3312652	0	1	3167	2	0	3120	other	0
01_S0310_v01	259	Response	10	3316351	3699	2
01_S0310_v01	260	Picture	full1i	3324152	0	1	4333	3	0	4290	other	0
01_S0310_v01	260	Response	10	3328750	4598	3
01_S0310_v01	261	Picture	full1n	3336319	0	1	3666	2	0	3620	other	0
01_S0310_v01	261	Response	10	3340349	4030	4
01_S0310_v01	262	Picture	full1i	3348652	0	1	2667	2	0	2620	other	0
01_S0310_v01	262	Response	10	3352952	4300	1
01_S0310_v01	262	Response	10	3354952	6300	1
01_S0310_v01	263	Picture	blue0n	3360485	0	1	2834	2	0	2790	false_alarm	463
01_S0310_v01	263	Response	10	3364350	3865	2
01_S0310_v01	264	Picture	full1n	3371485	0	1	5000	2	0	4950	other	0
01_S0310_v01	264	Response	10	3375550	4065	2
01_S0310_v01	264	Response	10	3375750	4265	2
01_S0310_v01	265	Picture	full0i	3382985	0	1	3334	2	0	3290	other	0
01_S0310_v01	265	Response	10	3385149	2164	4
01_S0310_v01	266	Picture	full1i	3394319	0	1	2833	2	0	2790	other	0
01_S0310_v01	267	Picture	full1n	3406152	0	1	3833	2	0	3790	other	0
01_S0310_v01	268	Picture	full1i	3417485	0	1	2833	2	0	2790	other	0
01_S0310_v01	269	Picture	full0n	3428318	0	2	3334	3	0	3290	other	0
01_S0310_v01	270	Picture	default	3439652	0	1	2666	2	0	2500	other	0
01_S0310_v01	271	Picture	default	3459818	0	1	12452	2	0	2500	other	0


Event Type	Code	Type	Response	RT	RT Uncertainty	Time	Uncertainty	Duration	Uncertainty	ReqTime	ReqDur

Picture	full1n	other				18333	1	3166	2	0	3120
Picture	full1i	other				29263	237	2903	238	0	2790
Picture	full1n	other				42499	1	4500	2	0	4450
Picture	full0n	other				55666	1	3500	2	0	3450
Picture	full1i	other				66499	1	4833	2	0	4790
Picture	full1n	other				78666	1	4333	2	0	4290
Picture	full0i	other				90832	1	3500	2	0	3450
Picture	full0n	other				103166	1	4166	2	0	4120
Picture	blue0i	other				114636	197	3030	198	0	2950
Picture	full1i	other				126665	2	3834	3	0	3790
Picture	full0n	other				139499	1	5000	2	0	4950
Picture	full0i	other				152165	1	4167	2	0	4120
Picture	full1n	other				165665	1	4167	2	0	4120
Picture	full1i	other				178332	1	3667	2	0	3620
Picture	full1n	other				189665	1	4500	2	0	4450
Picture	blue1i	false_alarm	2	3785	5	201832	1	3333	2	0	3290
Picture	full1n	other				213998	2	4334	3	0	4290
Picture	full0n	other				226165	1	4667	2	0	4620
Picture	full1i	other				237998	1	2500	2	0	2450
Picture	full0i	other				250332	1	3000	2	0	2950
Picture	full0n	other				263832	1	5000	2	0	4950
Picture	full0i	other				277331	2	4500	4	0	4450
Picture	full0n	other				290165	1	3000	2	0	2950
Picture	full1n	other				302831	2	3334	3	0	3290
Picture	blue1i	false_alarm	2	2552	2	314665	1	3166	2	0	3120
Picture	full0i	other				327331	1	3834	2	0	3790
Picture	full0n	other				339665	1	5000	2	0	4950
Picture	full0i	other				351498	1	2500	2	0	2450
Picture	full1n	other				362831	1	4333	3	0	4290
Picture	full1i	other				374998	1	2833	2	0	2790
Picture	full0n	other				386498	1	2833	2	0	2790
Picture	full1n	other				397331	1	4167	2	0	4120
Picture	full1i	other				409498	1	3666	2	0	3620
Picture	full1n	other				422331	1	3667	2	0	3620
Picture	full0i	other				434497	2	5000	4	0	4950
Picture	blue1i	false_alarm	2	2984	2	445831	1	2833	2	0	2790
Picture	full1n	other				456831	1	3000	2	0	2950
Picture	full0n	other				469497	1	2834	2	0	2790
Picture	full0i	other				480497	1	4000	2	0	3950
Picture	full0n	other				492664	1	3667	2	0	3620
Picture	full0i	other				505497	1	2834	2	0	2790
Picture	full0n	other				518664	1	4333	2	0	4290
Picture	full1i	other				531830	2	3667	3	0	3620
Picture	full0i	other				544497	1	3667	2	0	3620
Picture	full1n	other				555330	1	4500	2	0	4450
Picture	full0n	other				567497	1	3167	2	0	3120
Picture	full1i	other				578997	1	3000	2	0	2950
Picture	blue0i	other				590830	1	3167	2	0	3120
Picture	full0n	other				602330	1	3833	3	0	3790
Picture	full0i	other				614663	2	3000	3	0	2950
Picture	full0n	other				626163	2	4834	3	0	4790
Picture	full1n	other				639330	1	2500	2	0	2450
Picture	full1i	other				650163	1	3000	2	0	2950
Picture	full0i	other				663663	1	3000	2	0	2950
Picture	full0n	other				674996	2	3667	3	0	3620
Picture	full1n	other				688163	1	3333	2	0	3290
Picture	full1i	other				700330	1	4500	2	0	4450
Picture	blue1n	false_alarm	2	3646	5	712163	1	4167	2	0	4120
Picture	full0i	other				724496	1	2667	2	0	2620
Picture	full0n	other				737163	1	4667	2	0	4620
Picture	full0i	other				749330	1	2666	2	0	2620
Picture	full1i	other				762163	1	4666	3	0	4620
Picture	full0n	other				773663	1	2833	2	0	2790
Picture	full1n	other				785829	2	4000	3	0	3950
Picture	full1i	other				798663	1	3500	2	0	3450
Picture	full1n	other				810996	1	4000	2	0	3950
Picture	full0i	other				823163	1	4500	2	0	4450
Picture	blue0n	other				835329	1	2500	2	0	2450
Picture	full0i	other				847496	1	4166	2	0	4120
Picture	full0n	other				858329	1	4833	2	0	4790
Picture	full0i	other				869329	1	2500	2	0	2450
Picture	full0n	other				882162	1	4834	2	0	4790
Picture	full0i	other				894829	1	3333	2	0	3290
Picture	full1i	other				908329	1	3500	2	0	3450
Picture	full1n	other				920995	2	3834	3	0	3790
Picture	full0n	other				933829	1	4500	2	0	4450
Picture	full0i	other				945995	2	2500	3	0	2450
Picture	full1i	other				956829	1	4166	2	0	4120
Picture	blue0n	other				969662	1	4667	2	0	4620
Picture	full1n	other				980662	1	2500	2	0	2450
Picture	full1i	other				992995	1	3500	2	0	3450
Picture	full1n	other				1003995	1	3167	2	0	3120
Picture	full1i	other				1017162	1	3000	2	0	2950
Picture	full0i	other				1028662	1	3333	2	0	3290
Picture	full0n	other				1040162	1	3000	2	0	2950
Picture	full1n	other				1052495	1	3000	2	0	2950
Picture	full1i	other				1064662	1	3666	2	0	3620
Picture	full1n	other				1077828	1	4000	2	0	3950
Picture	full1i	other				1089161	2	4834	3	0	4790
Picture	full1n	other				1102328	1	2500	2	0	2450
Picture	full0i	other				1113661	1	4500	2	0	4450
Picture	blue1i	false_alarm	2	3209	3	1124995	1	3333	2	0	3290
Picture	full1n	other				1136828	1	4500	2	0	4450
Picture	full0n	other				1149994	2	4167	3	0	4120
Picture	full1i	other				1161494	2	3834	3	0	3790
Picture	full1n	other				1172494	2	4500	3	0	4450
Picture	full1i	other				1185661	1	2833	2	0	2790
Picture	full1n	other				1196494	1	3834	2	0	3790
Picture	full1i	other				1208661	1	4500	2	0	4450
Picture	full0i	other				1219494	1	3667	2	0	3620
Picture	blue1n	other				1230494	1	4500	2	0	4450
Picture	full1i	other				1241494	1	4500	2	0	4450
Picture	full1n	other				1254994	1	4667	2	0	4620
Picture	full1i	other				1266827	1	3167	2	0	3120
Picture	full1n	other				1280327	1	2667	2	0	2620
Picture	full0n	other				1292161	1	4666	2	0	4620
Picture	full0i	other				1304327	1	5000	2	0	4950
Picture	full1i	other				1316660	2	3500	4	0	3450
Picture	full1n	other				1330160	2	4834	3	0	4790
Picture	blue0n	other				1342494	1	4500	2	0	4450
Picture	full0i	other				1353827	1	2667	2	0	2620
Picture	full1i	other				1365327	1	3167	2	0	3120
Picture	full0n	other				1377994	1	3166	2	0	3120
Picture	full0i	other				1388827	1	3167	2	0	3120
Picture	full0n	other				1400660	1	3167	2	0	3120
Picture	full1n	other				1413493	2	3834	3	0	3790
Picture	full1i	other				1426993	1	4834	2	0	4790
Picture	full1n	other				1439827	1	4500	2	0	4450
Picture	blue0i	other				1451160	1	4500	2	0	4450
Picture	full0n	other				1462993	1	5000	2	0	4950
Picture	full1i	other				1473993	1	2500	2	0	2450
Picture	full0i	other				1486326	2	4667	3	0	4620
Picture	full0n	other				1497660	1	3166	2	0	3120
Picture	full0i	other				1508993	1	4333	2	0	4290
Picture	full0n	other				1520493	1	3667	2	0	3620
Picture	full0i	other				1532326	1	2667	2	0	2620
Picture	blue1n	false_alarm	2	3162	2	1545826	1	2833	3	0	2790
Picture	full0n	other				1559326	1	5000	2	0	4950
Picture	full1i	other				1570326	1	3333	2	0	3290
Picture	full0i	other				1582993	1	2833	2	0	2790
Picture	full0n	other				1594493	1	3833	2	0	3790
Picture	full0i	other				1606659	1	2834	2	0	2790
Picture	full1n	other				1617493	1	3333	2	0	3290
Picture	82	other				1628826	1	100166	2	0	next
Picture	82	other				1728992	1	10000	2	100000	next
Picture	82	other				1738992	1	10000	2	110000	next
Picture	82	other				1748992	1	10000	2	120000	next
Picture	82	other				1758992	1	10000	2	130000	next
Picture	82	other				1768992	1	10000	2	140000	next
Picture	82	other				1778992	1	10000	2	150000	next
Picture	82	other				1788992	1	10000	2	160000	next
Picture	82	other				1798992	1	10000	2	170000	next
Picture	82	other				1808992	1	10000	2	180000	next
Picture	82	other				1818992	1	10000	2	190000	10000
Picture	full0n	other				1828992	1	3166	2	0	3120
Picture	full0i	other				1841325	1	2833	2	0	2790
Picture	full0n	other				1854158	1	4500	2	0	4450
Picture	full1n	other				1865658	1	3500	2	0	3450
Picture	blue0i	other				1879158	1	4833	2	0	4790
Picture	full0n	other				1891325	1	4333	2	0	4290
Picture	full1i	other				1903658	1	3500	2	0	3450
Picture	full1n	other				1914658	1	4167	2	0	4120
Picture	full1i	other				1925991	1	3000	2	0	2950
Picture	full0i	other				1938158	1	3833	2	0	3790
Picture	full1n	other				1949158	1	5000	2	0	4950
Picture	full1i	other				1961824	2	4167	3	0	4120
Picture	blue0n	false_alarm	2	6590	3	1973991	1	4167	2	0	4120
Picture	full0i	other				1986658	1	3666	2	0	3620
Picture	full0n	other				1997491	1	4500	2	0	4450
Picture	full0i	other				2009824	1	3334	2	0	3290
Picture	full0n	other				2022158	1	4333	2	0	4290
Picture	full1n	other				2034324	1	4667	2	0	4620
Picture	full0i	other				2047491	1	2500	2	0	2450
Picture	full1i	other				2058324	1	3000	2	0	2950
Picture	full0n	other				2069324	1	5000	2	0	4950
Picture	full1n	other				2081991	1	4500	2	0	4450
Picture	blue1i	false_alarm	2	3021	5	2095157	1	3000	2	0	2950
Picture	full0i	other				2106657	1	3333	3	0	3290
Picture	full0n	other				2120157	1	3167	2	0	3120
Picture	full1n	other				2133324	1	3833	2	0	3790
Picture	full1i	other				2145490	1	5000	2	0	4950
Picture	full1n	other				2157324	1	2500	2	0	2450
Picture	full0i	other				2170490	1	4334	2	0	4290
Picture	full0n	other				2183990	1	2834	2	0	2790
Picture	full1i	other				2196323	2	2834	3	0	2790
Picture	full0i	other				2209157	1	4166	2	0	4120
Picture	full0n	other				2220657	1	3666	2	0	3620
Picture	full0i	other				2232490	1	3667	2	0	3620
Picture	full1n	other				2245990	1	5000	2	0	4950
Picture	full0n	other				2256823	1	2834	2	0	2790
Picture	blue0i	other				2268157	1	2999	3	0	2950
Picture	full1i	other				2279990	1	2833	2	0	2790
Picture	full1n	other				2290990	1	4000	2	0	3950
Picture	full1i	other				2303156	2	3667	3	0	3620
Picture	full1n	other				2314990	1	2833	2	0	2790
Picture	blue1i	false_alarm	2	2052	5	2327323	1	4333	2	0	4290
Picture	full0n	other				2339490	1	3666	2	0	3620
Picture	full1n	other				2352323	1	3666	3	0	3620
Picture	full0i	other				2363323	1	4500	2	0	4450
Picture	full1i	other				2375989	2	3167	3	0	3120
Picture	full0n	other				2388656	1	3000	2	0	2950
Picture	full1n	other				2401323	1	3166	2	0	3120
Picture	full1i	other				2413489	1	3834	2	0	3790
Picture	full1n	other				2426323	1	3000	2	0	2950
Picture	full1i	other				2439822	2	4834	3	0	4790
Picture	full0i	other				2451322	2	2500	3	0	2450
Picture	blue0n	false_alarm	2	4107	5	2462656	1	3000	2	0	2950
Picture	full1n	other				2474822	1	3000	2	0	2950
Picture	full1i	other				2487656	1	3666	2	0	3620
Picture	full0i	other				2501156	1	3333	2	0	3290
Picture	full0n	other				2511989	1	4500	2	0	4450
Picture	full0i	other				2524655	2	4167	3	0	4120
Picture	full1n	other				2535655	2	2667	3	0	2620
Picture	full1i	other				2547822	1	4667	2	0	4620
Picture	blue1n	false_alarm	2	2939	5	2558822	1	2667	2	0	2620
Picture	full0n	other				2571155	1	4667	2	0	4620
Picture	full1i	other				2584322	1	2833	2	0	2790
Picture	full0i	other				2595155	1	4000	2	0	3950
Picture	full0n	other				2607322	1	3500	2	0	3450
Picture	full0i	other				2619155	1	4000	2	0	3950
Picture	full1n	other				2630155	1	4500	2	0	4450
Picture	full1i	other				2643655	1	2500	2	0	2450
Picture	full1n	other				2655488	1	4167	2	0	4120
Picture	blue1i	false_alarm	2	4105	5	2668655	1	4833	2	0	4790
Picture	full1n	other				2679655	1	2500	2	0	2450
Picture	full1i	other				2692488	1	4833	2	0	4790
Picture	full1n	other				2703821	1	3334	2	0	3290
Picture	full0n	other				2716488	1	3500	2	0	3450
Picture	full0i	other				2729155	1	3833	2	0	3790
Picture	full1i	other				2742321	1	4500	2	0	4450
Picture	full1n	other				2753155	1	2499	3	0	2450
Picture	full0n	other				2764654	2	4167	3	0	4120
Picture	full1i	other				2777488	1	4666	2	0	4620
Picture	blue0i	false_alarm	2	4837	5	2789321	1	2500	2	0	2450
Picture	full0n	other				2801154	1	3500	2	0	3450
Picture	full0i	other				2812654	1	3167	2	0	3120
Picture	full0n	other				2823488	1	3000	2	0	2950
Picture	full1n	other				2835821	1	3333	2	0	3290
Picture	full1i	other				2848654	1	3000	2	0	2950
Picture	full0i	other				2860987	2	3000	3	0	2950
Picture	full0n	other				2874487	1	3667	2	0	3620
Picture	full0i	other				2887987	1	4000	2	0	3950
Picture	blue1n	false_alarm	2	2603	3	2900154	1	4833	2	0	4790
Picture	full0n	other				2913654	1	2500	2	0	2450
Picture	full1i	other				2924987	1	4500	2	0	4450
Picture	full0i	other				2938154	1	3333	2	0	3290
Picture	full0n	other				2950820	2	4500	3	0	4450
Picture	full1n	other				2961654	1	4166	2	0	4120
Picture	full0i	other				2974820	1	3834	2	0	3790
Picture	full0n	other				2987654	1	4500	2	0	4450
Picture	full0i	other				2999820	1	2833	3	0	2790
Picture	full0n	other				3011320	1	3833	2	0	3790
Picture	full0i	other				3022820	1	4500	2	0	4450
Picture	full1i	other				3035653	1	3667	2	0	3620
Picture	full0n	other				3046987	1	4500	2	0	4450
Picture	full0i	other				3058320	1	4500	2	0	4450
Picture	full0n	other				3070487	1	4666	2	0	4620
Picture	full0i	other				3083986	2	3167	3	0	3120
Picture	blue0n	false_alarm	2	3400	8	3097153	4	2667	5	0	2620
Picture	full1n	other				3108486	1	4667	2	0	4620
Picture	full1i	other				3120653	1	5000	2	0	4950
Picture	full0i	other				3132153	1	3500	2	0	3450
Picture	full0n	other				3145320	1	4832	5	0	4790
Picture	full1n	other				3157486	1	4500	2	0	4450
Picture	full1i	other				3169819	2	2667	3	0	2620
Picture	full0i	other				3182486	1	3167	2	0	3120
Picture	full1n	other				3195319	2	3167	3	0	3120
Picture	blue1i	false_alarm	2	2334	2	3206819	1	3167	2	0	3120
Picture	full1n	other				3217819	1	3167	2	0	3120
Picture	full0n	other				3229986	1	3833	2	0	3790
Picture	full0i	other				3241819	1	4833	3	0	4790
Picture	full0n	other				3253986	1	4500	2	0	4450
Picture	full1i	other				3264819	1	4500	2	0	4450
Picture	full1n	other				3276986	1	5000	2	0	4950
Picture	full0i	other				3289152	1	2500	2	0	2450
Picture	full1i	other				3301319	1	4667	2	0	4620
Picture	full1n	other				3312652	1	3167	2	0	3120
Picture	full1i	other				3324152	1	4333	3	0	4290
Picture	full1n	other				3336319	1	3666	2	0	3620
Picture	full1i	other				3348652	1	2667	2	0	2620
Picture	blue0n	false_alarm	2	3865	3	3360485	1	2834	2	0	2790
Picture	full1n	other				3371485	1	5000	2	0	4950
Picture	full0i	other				3382985	1	3334	2	0	3290
Picture	full1i	other				3394319	1	2833	2	0	2790
Picture	full1n	other				3406152	1	3833	2	0	3790
Picture	full1i	other				3417485	1	2833	2	0	2790
Picture	full0n	other				3428318	2	3334	3	0	3290
Picture	default	other				3439652	1	2666	2	0	2500
Picture	default	other				3459818	1	12452	2	0	2500

The following output port codes were not sent because of a conflict on the port.
Port	Code	Time(ms)
1	10	86940.8
