Scenario - visual LTP Rap V4.0 HVD (based on combined block 1+2 from old 45 135 degree pilot)
Logfile written - 02/23/2016 16:53:34

Subject	Trial	Event Type	Code	Time	TTime	Uncertainty	Duration	Uncertainty	ReqTime	ReqDur	Stim Type	Pair Index

01_S0308_v0	1	Response	128	-2937	6896	2
01_S0308_v0	3	Picture	full1n	7499	0	2	4667	3	0	4620	other	0
01_S0308_v0	4	Picture	full0n	18969	0	198	2697	199	0	2620	other	0
01_S0308_v0	5	Picture	full0i	30833	0	1	4333	2	0	4290	other	0
01_S0308_v0	6	Picture	blue0n	43633	0	201	2700	202	0	2620	false_alarm	6
01_S0308_v0	6	Response	10	48944	5311	4
01_S0308_v0	7	Picture	full1i	55633	0	201	4033	202	0	3950	other	0
01_S0308_v0	8	Picture	full1n	66666	0	1	2500	2	0	2450	other	0
01_S0308_v0	9	Picture	full0i	77999	0	1	4834	2	0	4790	other	0
01_S0308_v0	10	Picture	full1i	88833	0	1	2500	2	0	2450	other	0
01_S0308_v0	11	Picture	full0n	100999	0	1	2833	3	0	2790	other	0
01_S0308_v0	12	Picture	full1n	114499	0	1	4667	2	0	4620	other	0
01_S0308_v0	13	Picture	full1i	126666	0	1	4833	2	0	4790	other	0
01_S0308_v0	14	Picture	full1n	137499	0	1	4167	2	0	4120	other	0
01_S0308_v0	15	Picture	full1i	150332	0	2	4667	3	0	4620	other	0
01_S0308_v0	16	Picture	full0i	163499	0	1	4000	2	0	3950	other	0
01_S0308_v0	17	Picture	blue0n	176166	0	1	3000	2	0	2950	false_alarm	18
01_S0308_v0	17	Response	10	181536	5370	1
01_S0308_v0	17	Response	10	181735	5569	2
01_S0308_v0	17	Response	10	184135	7969	2
01_S0308_v0	18	Picture	full0i	188332	0	1	4334	2	0	4290	other	0
01_S0308_v0	19	Picture	full0n	199166	0	1	4166	2	0	4120	other	0
01_S0308_v0	20	Picture	full1n	211832	0	1	3167	2	0	3120	other	0
01_S0308_v0	21	Picture	full0i	222832	0	1	3834	2	0	3790	other	0
01_S0308_v0	22	Picture	full0n	235666	0	1	4166	2	0	4120	other	0
01_S0308_v0	23	Picture	full1i	247166	0	1	2500	2	0	2450	other	0
01_S0308_v0	24	Picture	full1n	258999	0	1	4167	2	0	4120	other	0
01_S0308_v0	25	Picture	full0i	269832	0	1	3000	2	0	2950	other	0
01_S0308_v0	26	Picture	full0n	282499	0	1	2833	2	0	2790	other	0
01_S0308_v0	27	Picture	full0i	294331	0	4	3168	5	0	3120	other	0
01_S0308_v0	28	Picture	full1i	305832	0	1	4833	3	0	4790	other	0
01_S0308_v0	29	Picture	blue1n	317165	0	2	4167	3	0	4120	false_alarm	33
01_S0308_v0	29	Response	10	322534	5369	1
01_S0308_v0	29	Response	10	322731	5566	4
01_S0308_v0	30	Picture	full0n	328665	0	2	5000	3	0	4950	other	0
01_S0308_v0	31	Picture	full1i	340832	0	1	4499	4	0	4450	other	0
01_S0308_v0	32	Picture	full1n	352165	0	2	4500	3	0	4450	other	0
01_S0308_v0	33	Picture	full1i	363499	0	1	4166	2	0	4120	other	0
01_S0308_v0	34	Picture	full1n	376999	0	1	4500	2	0	4450	other	0
01_S0308_v0	35	Picture	full0i	389832	0	1	2498	5	0	2450	other	0
01_S0308_v0	36	Picture	full0n	401165	0	1	4000	2	0	3950	other	0
01_S0308_v0	37	Picture	full0i	413832	0	1	4833	2	0	4790	other	0
01_S0308_v0	38	Picture	full1i	425332	0	1	2833	2	0	2790	other	0
01_S0308_v0	39	Picture	full1n	438499	0	1	4333	2	0	4290	other	0
01_S0308_v0	40	Picture	full1i	450665	0	1	3334	2	0	3290	other	0
01_S0308_v0	41	Picture	full1n	462998	0	2	5000	4	0	4950	other	0
01_S0308_v0	42	Picture	full0n	475329	0	4	3169	6	0	3120	other	0
01_S0308_v0	43	Picture	full0i	486832	0	1	4000	2	0	3950	other	0
01_S0308_v0	44	Picture	full0n	500332	0	1	4000	2	0	3950	other	0
01_S0308_v0	45	Picture	blue1i	513832	0	1	4833	2	0	4790	false_alarm	51
01_S0308_v0	45	Response	10	519529	5697	4
01_S0308_v0	46	Picture	full0i	525665	0	1	3000	2	0	2950	other	0
01_S0308_v0	47	Picture	full1n	538498	0	2	3167	3	0	3120	other	0
01_S0308_v0	48	Picture	full1i	551665	0	1	3333	2	0	3290	other	0
01_S0308_v0	49	Picture	full0n	564332	0	1	2833	2	0	2790	other	0
01_S0308_v0	50	Picture	blue1n	575665	0	1	4167	2	0	4120	false_alarm	57
01_S0308_v0	50	Response	10	580728	5063	4
01_S0308_v0	50	Response	10	582531	6866	1
01_S0308_v0	51	Picture	full1i	586665	0	1	3667	2	0	3620	other	0
01_S0308_v0	52	Picture	blue0i	597498	0	1	3834	2	0	3790	false_alarm	61
01_S0308_v0	52	Response	10	605530	8032	2
01_S0308_v0	53	Picture	full1n	608498	0	1	3000	2	0	2950	other	0
01_S0308_v0	54	Picture	full1i	620332	0	1	4833	2	0	4790	other	0
01_S0308_v0	55	Picture	full1n	632498	0	1	4500	2	0	4450	other	0
01_S0308_v0	56	Picture	full1i	644332	0	1	4500	2	0	4450	other	0
01_S0308_v0	57	Picture	blue1n	656665	0	1	3166	3	0	3120	false_alarm	67
01_S0308_v0	57	Response	10	663730	7065	1
01_S0308_v0	57	Response	10	663930	7265	1
01_S0308_v0	58	Picture	full0n	667998	0	1	4500	2	0	4450	other	0
01_S0308_v0	59	Picture	full1i	679498	0	1	3167	2	0	3120	other	0
01_S0308_v0	60	Picture	full1n	690831	0	2	3500	3	0	3450	other	0
01_S0308_v0	61	Picture	full1i	701665	0	1	4333	2	0	4290	other	0
01_S0308_v0	62	Picture	full1n	712665	0	1	3000	2	0	2950	other	0
01_S0308_v0	63	Picture	full1i	723998	0	1	3500	2	0	3450	other	0
01_S0308_v0	64	Picture	blue1n	735831	0	1	3334	2	0	3290	false_alarm	76
01_S0308_v0	64	Response	10	741126	5295	4
01_S0308_v0	65	Picture	full0i	748165	0	1	3166	2	0	3120	other	0
01_S0308_v0	66	Picture	full1i	761331	0	1	4667	2	0	4620	other	0
01_S0308_v0	67	Picture	full0n	773498	0	1	2667	2	0	2620	other	0
01_S0308_v0	68	Picture	full1n	786331	0	1	3667	2	0	3620	other	0
01_S0308_v0	69	Picture	full1i	797831	0	1	4834	2	0	4790	other	0
01_S0308_v0	70	Picture	full1n	808665	0	1	3333	2	0	3290	other	0
01_S0308_v0	71	Picture	full1i	820831	0	1	3834	2	0	3790	other	0
01_S0308_v0	72	Picture	full0i	831831	0	1	3834	2	0	3790	other	0
01_S0308_v0	73	Picture	full1n	845331	0	1	4500	2	0	4450	other	0
01_S0308_v0	74	Picture	full0n	857664	0	2	4834	3	0	4790	other	0
01_S0308_v0	75	Picture	full1i	868498	0	1	2666	3	0	2620	other	0
01_S0308_v0	76	Picture	full0i	879998	0	1	4500	2	0	4450	other	0
01_S0308_v0	77	Picture	full1n	892164	0	2	4334	3	0	4290	other	0
01_S0308_v0	78	Picture	full0n	904331	0	1	3833	2	0	3790	other	0
01_S0308_v0	79	Picture	blue0i	916664	0	1	2834	2	0	2790	false_alarm	92
01_S0308_v0	79	Response	10	922324	5660	4
01_S0308_v0	80	Picture	full0n	930164	0	1	4167	2	0	4120	other	0
01_S0308_v0	81	Picture	full0i	942331	0	1	2500	2	0	2450	other	0
01_S0308_v0	82	Picture	full1i	955164	0	1	4834	2	0	4790	other	0
01_S0308_v0	83	Picture	full1n	966164	0	1	2834	2	0	2790	other	0
01_S0308_v0	84	Picture	full1i	978831	0	1	4000	2	0	3950	other	0
01_S0308_v0	85	Picture	full0n	992331	0	1	3833	2	0	3790	other	0
01_S0308_v0	86	Picture	full1n	1003664	0	1	4667	2	0	4620	other	0
01_S0308_v0	87	Picture	full1i	1015497	0	2	4001	3	0	3950	other	0
01_S0308_v0	88	Picture	full1n	1026497	0	2	3167	3	0	3120	other	0
01_S0308_v0	89	Picture	full0i	1039997	0	2	3834	3	0	3790	other	0
01_S0308_v0	90	Picture	full1i	1053164	0	1	2500	2	0	2450	other	0
01_S0308_v0	91	Picture	full0n	1065331	0	1	4333	2	0	4290	other	0
01_S0308_v0	92	Picture	full0i	1078164	0	1	4000	2	0	3950	other	0
01_S0308_v0	93	Picture	full0n	1090331	0	1	4166	2	0	4120	other	0
01_S0308_v0	94	Picture	full1n	1102497	0	1	4167	2	0	4120	other	0
01_S0308_v0	95	Picture	full0i	1115664	0	1	4333	2	0	4290	other	0
01_S0308_v0	96	Picture	blue1i	1127164	0	1	4000	2	0	3950	false_alarm	110
01_S0308_v0	96	Response	10	1132921	5757	4
01_S0308_v0	97	Picture	full0n	1138164	0	1	2833	2	0	2790	other	0
01_S0308_v0	98	Picture	full1n	1149497	0	1	4167	2	0	4120	other	0
01_S0308_v0	99	Picture	full0i	1162164	0	1	3167	2	0	3120	other	0
01_S0308_v0	100	Picture	full0n	1174831	0	1	3666	2	0	3620	other	0
01_S0308_v0	101	Picture	full1i	1187664	0	1	3833	2	0	3790	other	0
01_S0308_v0	102	Picture	full0i	1201164	0	1	3500	2	0	3450	other	0
01_S0308_v0	103	Picture	full0n	1213497	0	1	2500	2	0	2450	other	0
01_S0308_v0	104	Picture	full0i	1224997	0	1	2833	3	0	2790	other	0
01_S0308_v0	105	Picture	full0n	1236330	0	2	3500	3	0	3450	other	0
01_S0308_v0	106	Picture	full0i	1248664	0	1	3000	2	0	2950	other	0
01_S0308_v0	107	Picture	full1n	1260830	0	2	5000	3	0	4950	other	0
01_S0308_v0	108	Picture	full0n	1272997	0	1	4333	2	0	4290	other	0
01_S0308_v0	109	Picture	full0i	1285330	0	1	4834	2	0	4790	other	0
01_S0308_v0	110	Picture	full0n	1298830	0	1	3500	2	0	3450	other	0
01_S0308_v0	111	Picture	blue0i	1310664	0	1	3833	2	0	3790	false_alarm	126
01_S0308_v0	111	Response	10	1318522	7858	1
01_S0308_v0	111	Response	10	1320922	10258	1
01_S0308_v0	112	Picture	full0n	1322830	0	1	3334	2	0	3290	other	0
01_S0308_v0	113	Picture	full0i	1335997	0	1	3000	2	0	2950	other	0
01_S0308_v0	114	Picture	full1i	1346997	0	1	2667	2	0	2620	other	0
01_S0308_v0	115	Picture	full1n	1360164	0	1	3333	2	0	3290	other	0
01_S0308_v0	116	Picture	full0n	1373330	0	1	4834	2	0	4790	other	0
01_S0308_v0	117	Picture	full1i	1386830	0	1	4333	3	0	4290	other	0
01_S0308_v0	118	Picture	full1n	1398997	0	1	3833	2	0	3790	other	0
01_S0308_v0	119	Picture	full1i	1410830	0	1	4000	2	0	3950	other	0
01_S0308_v0	120	Picture	full1n	1421663	0	2	3167	3	0	3120	other	0
01_S0308_v0	121	Picture	blue0i	1433830	0	1	4333	2	0	4290	false_alarm	138
01_S0308_v0	121	Response	10	1439508	5678	3
01_S0308_v0	122	Picture	full0n	1445663	0	2	3000	3	0	2950	other	0
01_S0308_v0	123	Picture	full0i	1457997	0	1	4333	2	0	4290	other	0
01_S0308_v0	124	Picture	full1i	1471163	0	1	2667	2	0	2620	other	0
01_S0308_v0	125	Picture	full0n	1481997	0	1	4166	2	0	4120	other	0
01_S0308_v0	126	Picture	full0i	1494163	0	1	4834	2	0	4790	other	0
01_S0308_v0	127	Picture	full0n	1506830	0	1	2667	2	0	2620	other	0
01_S0308_v0	128	Picture	full0i	1519663	0	1	3167	2	0	3120	other	0
01_S0308_v0	129	Picture	full0n	1532497	0	1	4833	2	0	4790	other	0
01_S0308_v0	130	Picture	full0i	1544663	0	1	3667	2	0	3620	other	0
01_S0308_v0	131	Picture	blue1n	1556997	0	1	4499	3	0	4450	false_alarm	149
01_S0308_v0	131	Response	10	1562506	5509	4
01_S0308_v0	132	Picture	full0n	1569663	0	1	4167	2	0	4120	other	0
01_S0308_v0	133	Picture	full0i	1582330	0	1	4666	3	0	4620	other	0
01_S0308_v0	134	Picture	full1i	1595496	0	2	4334	3	0	4290	other	0
01_S0308_v0	135	Picture	full1n	1606996	0	2	3667	3	0	3620	other	0
01_S0308_v0	136	Picture	82	1617996	0	1	100167	2	0	next	other	0
01_S0308_v0	136	Picture	82	1718163	100167	1	10000	2	100000	next	other	0
01_S0308_v0	136	Picture	82	1728163	110167	1	10000	2	110000	next	other	0
01_S0308_v0	136	Picture	82	1738163	120167	1	10000	2	120000	next	other	0
01_S0308_v0	136	Picture	82	1748163	130167	1	10000	2	130000	next	other	0
01_S0308_v0	136	Picture	82	1758163	140167	1	10000	2	140000	next	other	0
01_S0308_v0	136	Picture	82	1768163	150167	1	10000	2	150000	next	other	0
01_S0308_v0	136	Picture	82	1778163	160167	1	10000	2	160000	next	other	0
01_S0308_v0	136	Picture	82	1788163	170167	1	10000	2	170000	next	other	0
01_S0308_v0	136	Picture	82	1798163	180167	1	10000	2	180000	next	other	0
01_S0308_v0	136	Picture	82	1808163	190167	1	10000	2	190000	10000	other	0
01_S0308_v0	137	Picture	full0n	1818163	0	1	4666	2	0	4620	other	0
01_S0308_v0	138	Picture	full1n	1829496	0	1	2667	2	0	2620	other	0
01_S0308_v0	139	Picture	full1i	1841663	0	1	4333	2	0	4290	other	0
01_S0308_v0	140	Picture	full1n	1853496	0	1	2667	2	0	2620	other	0
01_S0308_v0	141	Picture	full0i	1864329	0	1	4000	2	0	3950	other	0
01_S0308_v0	142	Picture	full0n	1877163	0	1	2500	2	0	2450	other	0
01_S0308_v0	143	Picture	full1i	1888663	0	1	4833	2	0	4790	other	0
01_S0308_v0	144	Picture	full0i	1900996	0	1	2500	2	0	2450	other	0
01_S0308_v0	145	Picture	blue0n	1913163	0	1	2833	2	0	2790	false_alarm	174
01_S0308_v0	145	Response	10	1918702	5539	4
01_S0308_v0	145	Response	10	1921104	7941	2
01_S0308_v0	146	Picture	full0i	1924996	0	1	4666	3	0	4620	other	0
01_S0308_v0	147	Picture	full1n	1937829	0	1	4833	3	0	4790	other	0
01_S0308_v0	148	Picture	full0n	1949162	0	2	4167	3	0	4120	other	0
01_S0308_v0	149	Picture	full0i	1961829	0	1	4667	2	0	4620	other	0
01_S0308_v0	150	Picture	blue1i	1974162	0	2	4000	3	0	3950	false_alarm	181
01_S0308_v0	150	Response	10	1979104	4942	1
01_S0308_v0	150	Response	10	1979304	5142	1
01_S0308_v0	151	Picture	full1n	1985996	0	1	3000	2	0	2950	other	0
01_S0308_v0	152	Picture	full1i	1996829	0	1	4333	2	0	4290	other	0
01_S0308_v0	153	Picture	full1n	2008329	0	1	4167	2	0	4120	other	0
01_S0308_v0	154	Picture	full0n	2020496	0	1	3166	2	0	3120	other	0
01_S0308_v0	155	Picture	full1i	2033162	0	1	3834	2	0	3790	other	0
01_S0308_v0	156	Picture	full1n	2046329	0	1	4142	31	0	4120	other	0
01_S0308_v0	157	Picture	full0i	2058496	0	1	2500	2	0	2450	other	0
01_S0308_v0	158	Picture	blue0n	2070662	0	1	4167	2	0	4120	false_alarm	191
01_S0308_v0	158	Response	10	2075903	5241	1
01_S0308_v0	158	Response	10	2076102	5440	2
01_S0308_v0	158	Response	10	2078302	7640	2
01_S0308_v0	159	Picture	full1i	2081662	0	1	3000	2	0	2950	other	0
01_S0308_v0	160	Picture	full1n	2094329	0	1	2833	2	0	2790	other	0
01_S0308_v0	161	Picture	full1i	2105162	0	1	3167	2	0	3120	other	0
01_S0308_v0	162	Picture	full0i	2118329	0	1	4833	2	0	4790	other	0
01_S0308_v0	163	Picture	full0n	2130495	0	2	4167	3	0	4120	other	0
01_S0308_v0	164	Picture	full1n	2141495	0	2	5000	3	0	4950	other	0
01_S0308_v0	165	Picture	full0i	2154995	0	2	4500	3	0	4450	other	0
01_S0308_v0	166	Picture	full1i	2166329	0	1	4500	2	0	4450	other	0
01_S0308_v0	167	Picture	full0n	2179495	0	2	4167	3	0	4120	other	0
01_S0308_v0	168	Picture	full0i	2190995	0	1	4500	2	0	4450	other	0
01_S0308_v0	169	Picture	blue0n	2203162	0	1	2500	2	0	2450	false_alarm	205
01_S0308_v0	169	Response	10	2208101	4939	1
01_S0308_v0	169	Response	10	2208301	5139	1
01_S0308_v0	169	Response	10	2210701	7539	1
01_S0308_v0	170	Picture	full1n	2214662	0	1	4000	2	0	3950	other	0
01_S0308_v0	171	Picture	full1i	2226162	0	1	4833	2	0	4790	other	0
01_S0308_v0	172	Picture	full0i	2239662	0	1	2833	2	0	2790	other	0
01_S0308_v0	173	Picture	full0n	2252329	0	1	4333	2	0	4290	other	0
01_S0308_v0	174	Picture	full0i	2263662	0	1	3333	2	0	3290	other	0
01_S0308_v0	175	Picture	full0n	2275495	0	1	5000	2	0	4950	other	0
01_S0308_v0	175	Response	10	2281697	6202	4
01_S0308_v0	175	Response	10	2284100	8605	1
01_S0308_v0	176	Picture	full1n	2287662	0	1	3166	3	0	3120	other	0
01_S0308_v0	177	Picture	full1i	2298662	0	1	4000	2	0	3950	other	0
01_S0308_v0	178	Picture	full1n	2309662	0	1	4000	2	0	3950	other	0
01_S0308_v0	179	Picture	full0i	2320662	0	1	4833	2	0	4790	other	0
01_S0308_v0	180	Picture	full1i	2331495	0	1	3000	2	0	2950	other	0
01_S0308_v0	181	Picture	full0n	2343828	0	2	3167	3	0	3120	other	0
01_S0308_v0	182	Picture	full0i	2356495	0	1	3333	2	0	3290	other	0
01_S0308_v0	183	Picture	blue1n	2368662	0	1	2833	2	0	2790	false_alarm	224
01_S0308_v0	183	Response	10	2373299	4637	1
01_S0308_v0	183	Response	10	2375099	6437	1
01_S0308_v0	184	Picture	full0n	2380995	0	1	4167	2	0	4120	other	0
01_S0308_v0	185	Picture	full0i	2392828	0	1	3667	2	0	3620	other	0
01_S0308_v0	186	Picture	full1i	2404995	0	1	3833	2	0	3790	other	0
01_S0308_v0	187	Picture	full0n	2418495	0	1	3000	2	0	2950	other	0
01_S0308_v0	188	Picture	full0i	2430328	0	1	4834	2	0	4790	other	0
01_S0308_v0	189	Picture	full0n	2443828	0	1	4500	2	0	4450	other	0
01_S0308_v0	190	Picture	full0i	2455328	0	1	4500	2	0	4450	other	0
01_S0308_v0	191	Picture	full0n	2466661	0	2	3167	3	0	3120	other	0
01_S0308_v0	192	Picture	full1n	2479828	0	1	4500	2	0	4450	other	0
01_S0308_v0	193	Picture	blue0i	2492161	0	2	3167	3	0	3120	false_alarm	236
01_S0308_v0	193	Response	10	2497897	5736	2
01_S0308_v0	193	Response	10	2498095	5934	3
01_S0308_v0	194	Picture	full0n	2504828	0	1	3500	2	0	3450	other	0
01_S0308_v0	195	Picture	full0i	2517161	0	2	4333	6	0	4290	other	0
01_S0308_v0	196	Picture	full0n	2527995	0	1	3000	2	0	2950	other	0
01_S0308_v0	197	Picture	full0i	2540828	0	1	3500	2	0	3450	other	0
01_S0308_v0	198	Picture	full0n	2552995	0	1	3333	2	0	3290	other	0
01_S0308_v0	199	Picture	full1i	2565161	0	1	3167	2	0	3120	other	0
01_S0308_v0	200	Picture	blue0i	2577328	0	1	4667	2	0	4620	false_alarm	245
01_S0308_v0	200	Response	10	2582286	4958	2
01_S0308_v0	201	Picture	full1n	2589495	0	1	2666	2	0	2620	other	0
01_S0308_v0	202	Picture	full0n	2600328	0	1	3667	2	0	3620	other	0
01_S0308_v0	203	Picture	full0i	2612661	0	1	4834	2	0	4790	other	0
01_S0308_v0	204	Picture	full0n	2625828	0	1	3333	2	0	3290	other	0
01_S0308_v0	205	Picture	full0i	2638995	0	1	3833	2	0	3790	other	0
01_S0308_v0	206	Picture	full1i	2651161	0	1	3833	3	0	3790	other	0
01_S0308_v0	207	Picture	full0n	2662994	0	2	4500	4	0	4450	other	0
01_S0308_v0	208	Picture	full1n	2673994	0	2	4834	3	0	4790	other	0
01_S0308_v0	209	Picture	full0i	2685828	0	1	2666	2	0	2620	other	0
01_S0308_v0	210	Picture	full1i	2697328	0	1	4500	2	0	4450	other	0
01_S0308_v0	211	Picture	full0n	2710828	0	1	4333	2	0	4290	other	0
01_S0308_v0	212	Picture	full1n	2722328	0	1	3833	2	0	3790	other	0
01_S0308_v0	213	Picture	full1i	2734661	0	1	2833	2	0	2790	other	0
01_S0308_v0	214	Picture	blue1n	2745994	0	1	4167	2	0	4120	false_alarm	260
01_S0308_v0	214	Response	10	2752282	6288	3
01_S0308_v0	214	Response	10	2754884	8890	1
01_S0308_v0	215	Picture	full1i	2756994	0	1	2500	2	0	2450	other	0
01_S0308_v0	216	Picture	full0i	2769661	0	1	4833	2	0	4790	other	0
01_S0308_v0	217	Picture	full0n	2782494	0	1	2834	2	0	2790	other	0
01_S0308_v0	218	Picture	full0i	2795161	0	1	4000	2	0	3950	other	0
01_S0308_v0	219	Picture	blue1n	2806161	0	1	3833	2	0	3790	false_alarm	267
01_S0308_v0	219	Response	10	2811484	5323	1
01_S0308_v0	219	Response	10	2813884	7723	1
01_S0308_v0	220	Picture	full0n	2817161	0	1	4666	3	0	4620	other	0
01_S0308_v0	221	Picture	full0i	2830661	0	1	4000	2	0	3950	other	0
01_S0308_v0	222	Picture	full0n	2841994	0	1	3167	2	0	3120	other	0
01_S0308_v0	223	Picture	full1i	2855494	0	1	3833	2	0	3790	other	0
01_S0308_v0	224	Picture	full0i	2868161	0	1	2500	2	0	2450	other	0
01_S0308_v0	225	Picture	full1n	2879494	0	1	4333	2	0	4290	other	0
01_S0308_v0	226	Picture	full1i	2892161	0	1	4000	2	0	3950	other	0
01_S0308_v0	227	Picture	full1n	2903661	0	1	4166	2	0	4120	other	0
01_S0308_v0	228	Picture	full0n	2914661	0	1	4166	2	0	4120	other	0
01_S0308_v0	229	Picture	full1i	2927494	0	1	4333	2	0	4290	other	0
01_S0308_v0	230	Picture	full0i	2939661	0	1	4000	2	0	3950	other	0
01_S0308_v0	231	Picture	full1n	2950994	0	1	2833	2	0	2790	other	0
01_S0308_v0	232	Picture	blue0n	2961827	0	1	4167	2	0	4120	false_alarm	282
01_S0308_v0	232	Response	10	2967679	5852	4
01_S0308_v0	233	Picture	full1i	2973994	0	1	3167	2	0	3120	other	0
01_S0308_v0	234	Picture	full1n	2985327	0	1	3667	2	0	3620	other	0
01_S0308_v0	235	Picture	full0i	2998161	0	1	3833	2	0	3790	other	0
01_S0308_v0	236	Picture	full1i	3009660	0	2	3500	4	0	3450	other	0
01_S0308_v0	237	Picture	full1n	3021994	0	1	2500	2	0	2450	other	0
01_S0308_v0	238	Picture	full1i	3035494	0	1	2833	2	0	2790	other	0
01_S0308_v0	239	Picture	full1n	3048327	0	1	3500	2	0	3450	other	0
01_S0308_v0	240	Picture	full1i	3060160	0	2	3000	3	0	2950	other	0
01_S0308_v0	241	Picture	full0n	3073327	0	1	5000	2	0	4950	other	0
01_S0308_v0	242	Picture	full1n	3084160	0	1	4334	2	0	4290	other	0
01_S0308_v0	243	Picture	full1i	3097327	0	1	4833	2	0	4790	other	0
01_S0308_v0	244	Picture	full1n	3109660	0	1	3500	2	0	3450	other	0
01_S0308_v0	245	Picture	full1i	3122827	0	1	3833	2	0	3790	other	0
01_S0308_v0	246	Picture	full1n	3135994	0	1	3333	2	0	3290	other	0
01_S0308_v0	247	Picture	full1i	3148160	0	1	3000	2	0	2950	other	0
01_S0308_v0	248	Picture	full0i	3160994	0	1	2666	2	0	2620	other	0
01_S0308_v0	249	Picture	full0n	3171994	0	1	3333	2	0	3290	other	0
01_S0308_v0	250	Picture	blue1n	3184660	0	1	4833	3	0	4790	false_alarm	301
01_S0308_v0	250	Response	10	3190276	5616	4
01_S0308_v0	251	Picture	full0i	3195993	0	2	4329	14	0	4290	other	0
01_S0308_v0	252	Picture	full0n	3208160	0	1	3833	3	0	3790	other	0
01_S0308_v0	253	Picture	full0i	3219660	0	1	4000	2	0	3950	other	0
01_S0308_v0	254	Picture	full0n	3231493	0	2	3167	3	0	3120	other	0
01_S0308_v0	255	Picture	full1i	3244993	0	2	4334	3	0	4290	other	0
01_S0308_v0	256	Picture	full1n	3257160	0	1	3000	2	0	2950	other	0
01_S0308_v0	257	Picture	full1i	3267993	0	1	4334	2	0	4290	other	0
01_S0308_v0	258	Picture	blue0i	3281493	0	1	2667	2	0	2620	false_alarm	310
01_S0308_v0	258	Response	10	3286478	4985	1
01_S0308_v0	259	Picture	full1n	3294993	0	1	4167	2	0	4120	other	0
01_S0308_v0	260	Picture	full1i	3305827	0	1	4833	2	0	4790	other	0
01_S0308_v0	261	Picture	full1n	3317327	0	1	2666	2	0	2620	other	0
01_S0308_v0	262	Picture	full1i	3329660	0	1	3167	2	0	3120	other	0
01_S0308_v0	263	Picture	full1n	3342493	0	1	4834	2	0	4790	other	0
01_S0308_v0	264	Picture	full1i	3353827	0	1	3666	2	0	3620	other	0
01_S0308_v0	265	Picture	full0n	3366660	0	1	4500	2	0	4450	other	0
01_S0308_v0	266	Picture	full1n	3379493	0	1	4167	2	0	4120	other	0
01_S0308_v0	267	Picture	blue1i	3391326	0	2	4667	3	0	4620	false_alarm	320
01_S0308_v0	267	Response	10	3396274	4948	4
01_S0308_v0	267	Response	10	3398476	7150	2
01_S0308_v0	268	Picture	full0i	3403493	0	1	4333	2	0	4290	other	0
01_S0308_v0	269	Picture	full0n	3416660	0	1	3666	2	0	3620	other	0
01_S0308_v0	270	Picture	default	3428826	0	2	2667	3	0	2500	other	0
01_S0308_v0	271	Picture	default	3448993	0	1	7263	2	0	2500	other	0


Event Type	Code	Type	Response	RT	RT Uncertainty	Time	Uncertainty	Duration	Uncertainty	ReqTime	ReqDur

Picture	full1n	other				7499	2	4667	3	0	4620
Picture	full0n	other				18969	198	2697	199	0	2620
Picture	full0i	other				30833	1	4333	2	0	4290
Picture	blue0n	false_alarm	2	5311	205	43633	201	2700	202	0	2620
Picture	full1i	other				55633	201	4033	202	0	3950
Picture	full1n	other				66666	1	2500	2	0	2450
Picture	full0i	other				77999	1	4834	2	0	4790
Picture	full1i	other				88833	1	2500	2	0	2450
Picture	full0n	other				100999	1	2833	3	0	2790
Picture	full1n	other				114499	1	4667	2	0	4620
Picture	full1i	other				126666	1	4833	2	0	4790
Picture	full1n	other				137499	1	4167	2	0	4120
Picture	full1i	other				150332	2	4667	3	0	4620
Picture	full0i	other				163499	1	4000	2	0	3950
Picture	blue0n	false_alarm	2	5370	2	176166	1	3000	2	0	2950
Picture	full0i	other				188332	1	4334	2	0	4290
Picture	full0n	other				199166	1	4166	2	0	4120
Picture	full1n	other				211832	1	3167	2	0	3120
Picture	full0i	other				222832	1	3834	2	0	3790
Picture	full0n	other				235666	1	4166	2	0	4120
Picture	full1i	other				247166	1	2500	2	0	2450
Picture	full1n	other				258999	1	4167	2	0	4120
Picture	full0i	other				269832	1	3000	2	0	2950
Picture	full0n	other				282499	1	2833	2	0	2790
Picture	full0i	other				294331	4	3168	5	0	3120
Picture	full1i	other				305832	1	4833	3	0	4790
Picture	blue1n	false_alarm	2	5369	3	317165	2	4167	3	0	4120
Picture	full0n	other				328665	2	5000	3	0	4950
Picture	full1i	other				340832	1	4499	4	0	4450
Picture	full1n	other				352165	2	4500	3	0	4450
Picture	full1i	other				363499	1	4166	2	0	4120
Picture	full1n	other				376999	1	4500	2	0	4450
Picture	full0i	other				389832	1	2498	5	0	2450
Picture	full0n	other				401165	1	4000	2	0	3950
Picture	full0i	other				413832	1	4833	2	0	4790
Picture	full1i	other				425332	1	2833	2	0	2790
Picture	full1n	other				438499	1	4333	2	0	4290
Picture	full1i	other				450665	1	3334	2	0	3290
Picture	full1n	other				462998	2	5000	4	0	4950
Picture	full0n	other				475329	4	3169	6	0	3120
Picture	full0i	other				486832	1	4000	2	0	3950
Picture	full0n	other				500332	1	4000	2	0	3950
Picture	blue1i	false_alarm	2	5697	5	513832	1	4833	2	0	4790
Picture	full0i	other				525665	1	3000	2	0	2950
Picture	full1n	other				538498	2	3167	3	0	3120
Picture	full1i	other				551665	1	3333	2	0	3290
Picture	full0n	other				564332	1	2833	2	0	2790
Picture	blue1n	false_alarm	2	5063	5	575665	1	4167	2	0	4120
Picture	full1i	other				586665	1	3667	2	0	3620
Picture	blue0i	false_alarm	2	8032	3	597498	1	3834	2	0	3790
Picture	full1n	other				608498	1	3000	2	0	2950
Picture	full1i	other				620332	1	4833	2	0	4790
Picture	full1n	other				632498	1	4500	2	0	4450
Picture	full1i	other				644332	1	4500	2	0	4450
Picture	blue1n	false_alarm	2	7065	2	656665	1	3166	3	0	3120
Picture	full0n	other				667998	1	4500	2	0	4450
Picture	full1i	other				679498	1	3167	2	0	3120
Picture	full1n	other				690831	2	3500	3	0	3450
Picture	full1i	other				701665	1	4333	2	0	4290
Picture	full1n	other				712665	1	3000	2	0	2950
Picture	full1i	other				723998	1	3500	2	0	3450
Picture	blue1n	false_alarm	2	5295	5	735831	1	3334	2	0	3290
Picture	full0i	other				748165	1	3166	2	0	3120
Picture	full1i	other				761331	1	4667	2	0	4620
Picture	full0n	other				773498	1	2667	2	0	2620
Picture	full1n	other				786331	1	3667	2	0	3620
Picture	full1i	other				797831	1	4834	2	0	4790
Picture	full1n	other				808665	1	3333	2	0	3290
Picture	full1i	other				820831	1	3834	2	0	3790
Picture	full0i	other				831831	1	3834	2	0	3790
Picture	full1n	other				845331	1	4500	2	0	4450
Picture	full0n	other				857664	2	4834	3	0	4790
Picture	full1i	other				868498	1	2666	3	0	2620
Picture	full0i	other				879998	1	4500	2	0	4450
Picture	full1n	other				892164	2	4334	3	0	4290
Picture	full0n	other				904331	1	3833	2	0	3790
Picture	blue0i	false_alarm	2	5660	5	916664	1	2834	2	0	2790
Picture	full0n	other				930164	1	4167	2	0	4120
Picture	full0i	other				942331	1	2500	2	0	2450
Picture	full1i	other				955164	1	4834	2	0	4790
Picture	full1n	other				966164	1	2834	2	0	2790
Picture	full1i	other				978831	1	4000	2	0	3950
Picture	full0n	other				992331	1	3833	2	0	3790
Picture	full1n	other				1003664	1	4667	2	0	4620
Picture	full1i	other				1015497	2	4001	3	0	3950
Picture	full1n	other				1026497	2	3167	3	0	3120
Picture	full0i	other				1039997	2	3834	3	0	3790
Picture	full1i	other				1053164	1	2500	2	0	2450
Picture	full0n	other				1065331	1	4333	2	0	4290
Picture	full0i	other				1078164	1	4000	2	0	3950
Picture	full0n	other				1090331	1	4166	2	0	4120
Picture	full1n	other				1102497	1	4167	2	0	4120
Picture	full0i	other				1115664	1	4333	2	0	4290
Picture	blue1i	false_alarm	2	5757	5	1127164	1	4000	2	0	3950
Picture	full0n	other				1138164	1	2833	2	0	2790
Picture	full1n	other				1149497	1	4167	2	0	4120
Picture	full0i	other				1162164	1	3167	2	0	3120
Picture	full0n	other				1174831	1	3666	2	0	3620
Picture	full1i	other				1187664	1	3833	2	0	3790
Picture	full0i	other				1201164	1	3500	2	0	3450
Picture	full0n	other				1213497	1	2500	2	0	2450
Picture	full0i	other				1224997	1	2833	3	0	2790
Picture	full0n	other				1236330	2	3500	3	0	3450
Picture	full0i	other				1248664	1	3000	2	0	2950
Picture	full1n	other				1260830	2	5000	3	0	4950
Picture	full0n	other				1272997	1	4333	2	0	4290
Picture	full0i	other				1285330	1	4834	2	0	4790
Picture	full0n	other				1298830	1	3500	2	0	3450
Picture	blue0i	false_alarm	2	7858	2	1310664	1	3833	2	0	3790
Picture	full0n	other				1322830	1	3334	2	0	3290
Picture	full0i	other				1335997	1	3000	2	0	2950
Picture	full1i	other				1346997	1	2667	2	0	2620
Picture	full1n	other				1360164	1	3333	2	0	3290
Picture	full0n	other				1373330	1	4834	2	0	4790
Picture	full1i	other				1386830	1	4333	3	0	4290
Picture	full1n	other				1398997	1	3833	2	0	3790
Picture	full1i	other				1410830	1	4000	2	0	3950
Picture	full1n	other				1421663	2	3167	3	0	3120
Picture	blue0i	false_alarm	2	5678	4	1433830	1	4333	2	0	4290
Picture	full0n	other				1445663	2	3000	3	0	2950
Picture	full0i	other				1457997	1	4333	2	0	4290
Picture	full1i	other				1471163	1	2667	2	0	2620
Picture	full0n	other				1481997	1	4166	2	0	4120
Picture	full0i	other				1494163	1	4834	2	0	4790
Picture	full0n	other				1506830	1	2667	2	0	2620
Picture	full0i	other				1519663	1	3167	2	0	3120
Picture	full0n	other				1532497	1	4833	2	0	4790
Picture	full0i	other				1544663	1	3667	2	0	3620
Picture	blue1n	false_alarm	2	5509	5	1556997	1	4499	3	0	4450
Picture	full0n	other				1569663	1	4167	2	0	4120
Picture	full0i	other				1582330	1	4666	3	0	4620
Picture	full1i	other				1595496	2	4334	3	0	4290
Picture	full1n	other				1606996	2	3667	3	0	3620
Picture	82	other				1617996	1	100167	2	0	next
Picture	82	other				1718163	1	10000	2	100000	next
Picture	82	other				1728163	1	10000	2	110000	next
Picture	82	other				1738163	1	10000	2	120000	next
Picture	82	other				1748163	1	10000	2	130000	next
Picture	82	other				1758163	1	10000	2	140000	next
Picture	82	other				1768163	1	10000	2	150000	next
Picture	82	other				1778163	1	10000	2	160000	next
Picture	82	other				1788163	1	10000	2	170000	next
Picture	82	other				1798163	1	10000	2	180000	next
Picture	82	other				1808163	1	10000	2	190000	10000
Picture	full0n	other				1818163	1	4666	2	0	4620
Picture	full1n	other				1829496	1	2667	2	0	2620
Picture	full1i	other				1841663	1	4333	2	0	4290
Picture	full1n	other				1853496	1	2667	2	0	2620
Picture	full0i	other				1864329	1	4000	2	0	3950
Picture	full0n	other				1877163	1	2500	2	0	2450
Picture	full1i	other				1888663	1	4833	2	0	4790
Picture	full0i	other				1900996	1	2500	2	0	2450
Picture	blue0n	false_alarm	2	5539	5	1913163	1	2833	2	0	2790
Picture	full0i	other				1924996	1	4666	3	0	4620
Picture	full1n	other				1937829	1	4833	3	0	4790
Picture	full0n	other				1949162	2	4167	3	0	4120
Picture	full0i	other				1961829	1	4667	2	0	4620
Picture	blue1i	false_alarm	2	4942	3	1974162	2	4000	3	0	3950
Picture	full1n	other				1985996	1	3000	2	0	2950
Picture	full1i	other				1996829	1	4333	2	0	4290
Picture	full1n	other				2008329	1	4167	2	0	4120
Picture	full0n	other				2020496	1	3166	2	0	3120
Picture	full1i	other				2033162	1	3834	2	0	3790
Picture	full1n	other				2046329	1	4142	31	0	4120
Picture	full0i	other				2058496	1	2500	2	0	2450
Picture	blue0n	false_alarm	2	5241	2	2070662	1	4167	2	0	4120
Picture	full1i	other				2081662	1	3000	2	0	2950
Picture	full1n	other				2094329	1	2833	2	0	2790
Picture	full1i	other				2105162	1	3167	2	0	3120
Picture	full0i	other				2118329	1	4833	2	0	4790
Picture	full0n	other				2130495	2	4167	3	0	4120
Picture	full1n	other				2141495	2	5000	3	0	4950
Picture	full0i	other				2154995	2	4500	3	0	4450
Picture	full1i	other				2166329	1	4500	2	0	4450
Picture	full0n	other				2179495	2	4167	3	0	4120
Picture	full0i	other				2190995	1	4500	2	0	4450
Picture	blue0n	false_alarm	2	4939	2	2203162	1	2500	2	0	2450
Picture	full1n	other				2214662	1	4000	2	0	3950
Picture	full1i	other				2226162	1	4833	2	0	4790
Picture	full0i	other				2239662	1	2833	2	0	2790
Picture	full0n	other				2252329	1	4333	2	0	4290
Picture	full0i	other				2263662	1	3333	2	0	3290
Picture	full0n	other				2275495	1	5000	2	0	4950
Picture	full1n	other				2287662	1	3166	3	0	3120
Picture	full1i	other				2298662	1	4000	2	0	3950
Picture	full1n	other				2309662	1	4000	2	0	3950
Picture	full0i	other				2320662	1	4833	2	0	4790
Picture	full1i	other				2331495	1	3000	2	0	2950
Picture	full0n	other				2343828	2	3167	3	0	3120
Picture	full0i	other				2356495	1	3333	2	0	3290
Picture	blue1n	false_alarm	2	4637	2	2368662	1	2833	2	0	2790
Picture	full0n	other				2380995	1	4167	2	0	4120
Picture	full0i	other				2392828	1	3667	2	0	3620
Picture	full1i	other				2404995	1	3833	2	0	3790
Picture	full0n	other				2418495	1	3000	2	0	2950
Picture	full0i	other				2430328	1	4834	2	0	4790
Picture	full0n	other				2443828	1	4500	2	0	4450
Picture	full0i	other				2455328	1	4500	2	0	4450
Picture	full0n	other				2466661	2	3167	3	0	3120
Picture	full1n	other				2479828	1	4500	2	0	4450
Picture	blue0i	false_alarm	2	5736	4	2492161	2	3167	3	0	3120
Picture	full0n	other				2504828	1	3500	2	0	3450
Picture	full0i	other				2517161	2	4333	6	0	4290
Picture	full0n	other				2527995	1	3000	2	0	2950
Picture	full0i	other				2540828	1	3500	2	0	3450
Picture	full0n	other				2552995	1	3333	2	0	3290
Picture	full1i	other				2565161	1	3167	2	0	3120
Picture	blue0i	false_alarm	2	4958	3	2577328	1	4667	2	0	4620
Picture	full1n	other				2589495	1	2666	2	0	2620
Picture	full0n	other				2600328	1	3667	2	0	3620
Picture	full0i	other				2612661	1	4834	2	0	4790
Picture	full0n	other				2625828	1	3333	2	0	3290
Picture	full0i	other				2638995	1	3833	2	0	3790
Picture	full1i	other				2651161	1	3833	3	0	3790
Picture	full0n	other				2662994	2	4500	4	0	4450
Picture	full1n	other				2673994	2	4834	3	0	4790
Picture	full0i	other				2685828	1	2666	2	0	2620
Picture	full1i	other				2697328	1	4500	2	0	4450
Picture	full0n	other				2710828	1	4333	2	0	4290
Picture	full1n	other				2722328	1	3833	2	0	3790
Picture	full1i	other				2734661	1	2833	2	0	2790
Picture	blue1n	false_alarm	2	6288	4	2745994	1	4167	2	0	4120
Picture	full1i	other				2756994	1	2500	2	0	2450
Picture	full0i	other				2769661	1	4833	2	0	4790
Picture	full0n	other				2782494	1	2834	2	0	2790
Picture	full0i	other				2795161	1	4000	2	0	3950
Picture	blue1n	false_alarm	2	5323	2	2806161	1	3833	2	0	3790
Picture	full0n	other				2817161	1	4666	3	0	4620
Picture	full0i	other				2830661	1	4000	2	0	3950
Picture	full0n	other				2841994	1	3167	2	0	3120
Picture	full1i	other				2855494	1	3833	2	0	3790
Picture	full0i	other				2868161	1	2500	2	0	2450
Picture	full1n	other				2879494	1	4333	2	0	4290
Picture	full1i	other				2892161	1	4000	2	0	3950
Picture	full1n	other				2903661	1	4166	2	0	4120
Picture	full0n	other				2914661	1	4166	2	0	4120
Picture	full1i	other				2927494	1	4333	2	0	4290
Picture	full0i	other				2939661	1	4000	2	0	3950
Picture	full1n	other				2950994	1	2833	2	0	2790
Picture	blue0n	false_alarm	2	5852	5	2961827	1	4167	2	0	4120
Picture	full1i	other				2973994	1	3167	2	0	3120
Picture	full1n	other				2985327	1	3667	2	0	3620
Picture	full0i	other				2998161	1	3833	2	0	3790
Picture	full1i	other				3009660	2	3500	4	0	3450
Picture	full1n	other				3021994	1	2500	2	0	2450
Picture	full1i	other				3035494	1	2833	2	0	2790
Picture	full1n	other				3048327	1	3500	2	0	3450
Picture	full1i	other				3060160	2	3000	3	0	2950
Picture	full0n	other				3073327	1	5000	2	0	4950
Picture	full1n	other				3084160	1	4334	2	0	4290
Picture	full1i	other				3097327	1	4833	2	0	4790
Picture	full1n	other				3109660	1	3500	2	0	3450
Picture	full1i	other				3122827	1	3833	2	0	3790
Picture	full1n	other				3135994	1	3333	2	0	3290
Picture	full1i	other				3148160	1	3000	2	0	2950
Picture	full0i	other				3160994	1	2666	2	0	2620
Picture	full0n	other				3171994	1	3333	2	0	3290
Picture	blue1n	false_alarm	2	5616	5	3184660	1	4833	3	0	4790
Picture	full0i	other				3195993	2	4329	14	0	4290
Picture	full0n	other				3208160	1	3833	3	0	3790
Picture	full0i	other				3219660	1	4000	2	0	3950
Picture	full0n	other				3231493	2	3167	3	0	3120
Picture	full1i	other				3244993	2	4334	3	0	4290
Picture	full1n	other				3257160	1	3000	2	0	2950
Picture	full1i	other				3267993	1	4334	2	0	4290
Picture	blue0i	false_alarm	2	4985	2	3281493	1	2667	2	0	2620
Picture	full1n	other				3294993	1	4167	2	0	4120
Picture	full1i	other				3305827	1	4833	2	0	4790
Picture	full1n	other				3317327	1	2666	2	0	2620
Picture	full1i	other				3329660	1	3167	2	0	3120
Picture	full1n	other				3342493	1	4834	2	0	4790
Picture	full1i	other				3353827	1	3666	2	0	3620
Picture	full0n	other				3366660	1	4500	2	0	4450
Picture	full1n	other				3379493	1	4167	2	0	4120
Picture	blue1i	false_alarm	2	4948	6	3391326	2	4667	3	0	4620
Picture	full0i	other				3403493	1	4333	2	0	4290
Picture	full0n	other				3416660	1	3666	2	0	3620
Picture	default	other				3428826	2	2667	3	0	2500
Picture	default	other				3448993	1	7263	2	0	2500
