Scenario - visual LTP Rap V4.0 HVA (based on combined block 1+2 from old 45 135 degree pilot)
Logfile written - 02/24/2016 15:26:17

Subject	Trial	Event Type	Code	Time	TTime	Uncertainty	Duration	Uncertainty	ReqTime	ReqDur

02_S0324_v0	1	Response	128	-8900	933	1
02_S0324_v0	3	Picture	full1n	1333	0	1	3167	2	0	3120
02_S0324_v0	3	Response	10	5456	4123	2
02_S0324_v0	4	Picture	full1i	12263	0	238	2904	239	0	2790
02_S0324_v0	5	Picture	full1n	25500	0	1	4500	2	0	4450
02_S0324_v0	6	Picture	full0n	38667	0	1	3500	2	0	3450
02_S0324_v0	7	Picture	full1i	49501	0	1	4833	2	0	4790
02_S0324_v0	8	Picture	full1n	61668	0	1	4333	2	0	4290
02_S0324_v0	9	Picture	full0i	73835	0	1	3500	2	0	3450
02_S0324_v0	10	Picture	full0n	86168	0	1	4167	2	0	4120
02_S0324_v0	11	Picture	blue0i	97638	0	198	3031	199	0	2950
02_S0324_v0	11	Response	10	102955	5317	1
02_S0324_v0	12	Picture	full1i	109669	0	1	3833	2	0	3790
02_S0324_v0	13	Picture	full0n	122502	0	1	5001	2	0	4950
02_S0324_v0	14	Picture	full0i	135169	0	1	4167	2	0	4120
02_S0324_v0	15	Picture	full1n	148670	0	1	4166	2	0	4120
02_S0324_v0	16	Picture	full1i	161337	0	1	3666	2	0	3620
02_S0324_v0	17	Picture	full1n	172670	0	1	4500	2	0	4450
02_S0324_v0	18	Picture	blue1i	184837	0	1	3334	2	0	3290
02_S0324_v0	18	Response	10	187754	2917	1
02_S0324_v0	19	Picture	full1n	197004	0	1	4333	3	0	4290
02_S0324_v0	20	Picture	full0n	209171	0	1	4667	2	0	4620
02_S0324_v0	21	Picture	full1i	221005	0	1	2500	2	0	2450
02_S0324_v0	22	Picture	full0i	233338	0	1	3000	2	0	2950
02_S0324_v0	23	Picture	full0n	246839	0	1	5000	2	0	4950
02_S0324_v0	24	Picture	full0i	260339	0	1	4500	2	0	4450
02_S0324_v0	25	Picture	full0n	273172	0	2	3000	4	0	2950
02_S0324_v0	26	Picture	full1n	285839	0	1	3334	2	0	3290
02_S0324_v0	27	Picture	blue1i	297673	0	1	3167	2	0	3120
02_S0324_v0	27	Response	10	301152	3479	1
02_S0324_v0	28	Picture	full0i	310340	0	1	3833	2	0	3790
02_S0324_v0	29	Picture	full0n	322674	0	1	5000	2	0	4950
02_S0324_v0	30	Picture	full0i	334507	0	1	2500	2	0	2450
02_S0324_v0	31	Picture	full1n	345841	0	1	4333	2	0	4290
02_S0324_v0	32	Picture	full1i	358008	0	1	2833	2	0	2790
02_S0324_v0	33	Picture	full0n	369508	0	1	2833	2	0	2790
02_S0324_v0	34	Picture	full1n	380341	0	2	4167	3	0	4120
02_S0324_v0	35	Picture	full1i	392508	0	2	3667	3	0	3620
02_S0324_v0	36	Picture	full1n	405342	0	1	3667	2	0	3620
02_S0324_v0	37	Picture	full0i	417509	0	1	5000	2	0	4950
02_S0324_v0	38	Picture	blue1i	428843	0	1	2833	2	0	2790
02_S0324_v0	38	Response	10	433750	4907	1
02_S0324_v0	39	Picture	full1n	439843	0	1	3000	2	0	2950
02_S0324_v0	40	Picture	full0n	452510	0	1	2833	2	0	2790
02_S0324_v0	41	Picture	full0i	463510	0	1	4000	2	0	3950
02_S0324_v0	42	Picture	full0n	475677	0	1	3667	2	0	3620
02_S0324_v0	43	Picture	full0i	488511	0	1	2833	2	0	2790
02_S0324_v0	44	Picture	full0n	501678	0	1	4333	2	0	4290
02_S0324_v0	45	Picture	full1i	514844	0	2	3667	3	0	3620
02_S0324_v0	46	Picture	full0i	527511	0	2	3667	3	0	3620
02_S0324_v0	47	Picture	full1n	538345	0	1	4500	2	0	4450
02_S0324_v0	48	Picture	full0n	550512	0	1	3167	2	0	3120
02_S0324_v0	49	Picture	full1i	562012	0	1	3000	2	0	2950
02_S0324_v0	50	Picture	blue0i	573846	0	1	3167	2	0	3120
02_S0324_v0	50	Response	10	577948	4102	1
02_S0324_v0	51	Picture	full0n	585346	0	1	3833	3	0	3790
02_S0324_v0	52	Picture	full0i	597680	0	1	3000	2	0	2950
02_S0324_v0	53	Picture	full0n	609180	0	1	4833	2	0	4790
02_S0324_v0	54	Picture	full1n	622347	0	1	2500	2	0	2450
02_S0324_v0	55	Picture	full1i	633180	0	2	3001	3	0	2950
02_S0324_v0	56	Picture	full0i	646681	0	1	3000	2	0	2950
02_S0324_v0	57	Picture	full0n	658014	0	1	3667	2	0	3620
02_S0324_v0	58	Picture	full1n	671181	0	1	3334	2	0	3290
02_S0324_v0	59	Picture	full1i	683348	0	1	4500	2	0	4450
02_S0324_v0	60	Picture	blue1n	695182	0	1	4167	2	0	4120
02_S0324_v0	60	Response	10	699546	4364	1
02_S0324_v0	61	Picture	full0i	707515	0	2	2667	3	0	2620
02_S0324_v0	62	Picture	full0n	720182	0	2	4667	3	0	4620
02_S0324_v0	63	Picture	full0i	732349	0	1	2667	2	0	2620
02_S0324_v0	64	Picture	full1i	745183	0	1	4667	2	0	4620
02_S0324_v0	65	Picture	full0n	756683	0	1	2834	2	0	2790
02_S0324_v0	66	Picture	full1n	768850	0	1	4000	2	0	3950
02_S0324_v0	67	Picture	full1i	781684	0	1	3500	2	0	3450
02_S0324_v0	68	Picture	full1n	794017	0	2	4000	4	0	3950
02_S0324_v0	69	Picture	full0i	806184	0	1	4500	2	0	4450
02_S0324_v0	70	Picture	blue0n	818351	0	1	2500	2	0	2450
02_S0324_v0	70	Response	10	822744	4393	1
02_S0324_v0	71	Picture	full0i	830518	0	1	4167	2	0	4120
02_S0324_v0	72	Picture	full0n	841352	0	1	4833	2	0	4790
02_S0324_v0	73	Picture	full0i	852352	0	1	2500	2	0	2450
02_S0324_v0	74	Picture	full0n	865186	0	1	4833	2	0	4790
02_S0324_v0	75	Picture	full0i	877853	0	1	3333	2	0	3290
02_S0324_v0	76	Picture	full1i	891353	0	1	3500	2	0	3450
02_S0324_v0	77	Picture	full1n	904019	0	2	3834	3	0	3790
02_S0324_v0	78	Picture	full0n	916853	0	2	4501	3	0	4450
02_S0324_v0	79	Picture	full0i	929020	0	2	2500	4	0	2450
02_S0324_v0	80	Picture	full1i	939854	0	1	4167	2	0	4120
02_S0324_v0	81	Picture	blue0n	952688	0	1	4666	2	0	4620
02_S0324_v0	81	Response	10	957542	4854	1
02_S0324_v0	82	Picture	full1n	963688	0	1	2500	2	0	2450
02_S0324_v0	83	Picture	full1i	976021	0	2	3501	3	0	3450
02_S0324_v0	84	Picture	full1n	987022	0	1	3166	2	0	3120
02_S0324_v0	85	Picture	full1i	1000189	0	1	3000	2	0	2950
02_S0324_v0	86	Picture	full0i	1011689	0	1	3333	2	0	3290
02_S0324_v0	87	Picture	full0n	1023189	0	1	3000	2	0	2950
02_S0324_v0	88	Picture	full1n	1035523	0	1	3000	2	0	2950
02_S0324_v0	89	Picture	full1i	1047690	0	1	3667	2	0	3620
02_S0324_v0	90	Picture	full1n	1060857	0	1	4000	2	0	3950
02_S0324_v0	91	Picture	full1i	1072190	0	1	4834	2	0	4790
02_S0324_v0	92	Picture	full1n	1085357	0	1	2500	2	0	2450
02_S0324_v0	93	Picture	full0i	1096691	0	1	4500	2	0	4450
02_S0324_v0	93	Response	10	1100840	4149	1
02_S0324_v0	94	Picture	blue1i	1108024	0	2	3334	3	0	3290
02_S0324_v0	94	Response	10	1113539	5515	2
02_S0324_v0	95	Picture	full1n	1119858	0	1	4500	2	0	4450
02_S0324_v0	96	Picture	full0n	1133025	0	1	4167	2	0	4120
02_S0324_v0	97	Picture	full1i	1144525	0	1	3834	2	0	3790
02_S0324_v0	98	Picture	full1n	1155525	0	2	4501	3	0	4450
02_S0324_v0	99	Picture	full1i	1168692	0	2	2834	3	0	2790
02_S0324_v0	100	Picture	full1n	1179526	0	1	3833	2	0	3790
02_S0324_v0	101	Picture	full1i	1191693	0	1	4500	2	0	4450
02_S0324_v0	102	Picture	full0i	1202527	0	1	3666	2	0	3620
02_S0324_v0	103	Picture	blue1n	1213527	0	1	4500	2	0	4450
02_S0324_v0	103	Response	10	1219638	6111	2
02_S0324_v0	104	Picture	full1i	1224527	0	1	4500	2	0	4450
02_S0324_v0	105	Picture	full1n	1238027	0	1	4667	2	0	4620
02_S0324_v0	106	Picture	full1i	1249861	0	1	3167	2	0	3120
02_S0324_v0	107	Picture	full1n	1263361	0	1	2667	2	0	2620
02_S0324_v0	108	Picture	full0n	1275195	0	1	4667	2	0	4620
02_S0324_v0	109	Picture	full0i	1287362	0	1	5000	2	0	4950
02_S0324_v0	110	Picture	full1i	1299695	0	1	3500	2	0	3450
02_S0324_v0	111	Picture	full1n	1313196	0	1	4833	2	0	4790
02_S0324_v0	112	Picture	blue0n	1325529	0	1	4500	2	0	4450
02_S0324_v0	112	Response	10	1331436	5907	2
02_S0324_v0	113	Picture	full0i	1336863	0	1	2667	2	0	2620
02_S0324_v0	114	Picture	full1i	1348363	0	1	3167	2	0	3120
02_S0324_v0	115	Picture	full0n	1361030	0	1	3167	2	0	3120
02_S0324_v0	116	Picture	full0i	1371864	0	1	3166	2	0	3120
02_S0324_v0	117	Picture	full0n	1383697	0	1	3167	2	0	3120
02_S0324_v0	118	Picture	full1n	1396531	0	1	3833	2	0	3790
02_S0324_v0	119	Picture	full1i	1410031	0	1	4834	2	0	4790
02_S0324_v0	120	Picture	full1n	1422865	0	1	4500	2	0	4450
02_S0324_v0	121	Picture	blue0i	1434198	0	1	4500	3	0	4450
02_S0324_v0	121	Response	10	1439235	5037	1
02_S0324_v0	122	Picture	full0n	1446032	0	1	5000	2	0	4950
02_S0324_v0	123	Picture	full1i	1457032	0	1	2500	2	0	2450
02_S0324_v0	124	Picture	full0i	1469366	0	1	4667	2	0	4620
02_S0324_v0	125	Picture	full0n	1480699	0	2	3167	3	0	3120
02_S0324_v0	126	Picture	full0i	1492033	0	1	4333	2	0	4290
02_S0324_v0	127	Picture	full0n	1503533	0	1	3667	2	0	3620
02_S0324_v0	128	Picture	full0i	1515367	0	1	2666	3	0	2620
02_S0324_v0	129	Picture	blue1n	1528867	0	1	2834	2	0	2790
02_S0324_v0	129	Response	10	1533933	5066	2
02_S0324_v0	130	Picture	full0n	1542367	0	2	5001	3	0	4950
02_S0324_v0	131	Picture	full1i	1553368	0	1	3333	2	0	3290
02_S0324_v0	132	Picture	full0i	1566035	0	1	2833	2	0	2790
02_S0324_v0	133	Picture	full0n	1577535	0	1	3833	2	0	3790
02_S0324_v0	134	Picture	full0i	1589702	0	1	2833	2	0	2790
02_S0324_v0	135	Picture	full1n	1600535	0	2	3334	3	0	3290
02_S0324_v0	136	Picture	82	1611869	0	1	100169	2	0	next
02_S0324_v0	136	Picture	82	1712038	100169	1	10000	2	100000	next
02_S0324_v0	136	Picture	82	1722038	110169	1	10000	2	110000	next
02_S0324_v0	136	Picture	82	1732038	120169	1	10001	2	120000	next
02_S0324_v0	136	Picture	82	1742039	130170	1	10000	2	130000	next
02_S0324_v0	136	Picture	82	1752039	140170	1	10000	2	140000	next
02_S0324_v0	136	Picture	82	1762039	150170	1	10000	2	150000	next
02_S0324_v0	136	Picture	82	1772039	160170	1	10000	3	160000	next
02_S0324_v0	136	Picture	82	1782039	170170	2	10001	3	170000	next
02_S0324_v0	136	Picture	82	1792040	180171	1	10000	2	180000	next
02_S0324_v0	136	Picture	82	1802040	190171	1	10000	2	190000	10000
02_S0324_v0	137	Picture	full0n	1812040	0	1	3167	2	0	3120
02_S0324_v0	138	Picture	full0i	1824374	0	1	2833	2	0	2790
02_S0324_v0	139	Picture	full0n	1837207	0	1	4500	3	0	4450
02_S0324_v0	140	Picture	full1n	1848708	0	1	3500	2	0	3450
02_S0324_v0	141	Picture	blue0i	1862208	0	1	4833	2	0	4790
02_S0324_v0	141	Response	10	1868628	6420	2
02_S0324_v0	142	Picture	full0n	1874375	0	1	4333	2	0	4290
02_S0324_v0	143	Picture	full1i	1886709	0	1	3500	2	0	3450
02_S0324_v0	144	Picture	full1n	1897709	0	1	4166	3	0	4120
02_S0324_v0	145	Picture	full1i	1909042	0	1	3000	2	0	2950
02_S0324_v0	146	Picture	full0i	1921209	0	1	3834	2	0	3790
02_S0324_v0	147	Picture	full1n	1932210	0	1	5000	2	0	4950
02_S0324_v0	148	Picture	full1i	1944876	0	2	4167	3	0	4120
02_S0324_v0	149	Picture	blue0n	1957043	0	1	4167	2	0	4120
02_S0324_v0	149	Response	10	1960727	3684	1
02_S0324_v0	150	Picture	full0i	1969710	0	1	3667	2	0	3620
02_S0324_v0	151	Picture	full0n	1980544	0	1	4500	2	0	4450
02_S0324_v0	152	Picture	full0i	1992878	0	1	3333	2	0	3290
02_S0324_v0	153	Picture	full0n	2005211	0	1	4334	2	0	4290
02_S0324_v0	154	Picture	full1n	2017378	0	1	4667	2	0	4620
02_S0324_v0	155	Picture	full0i	2030545	0	1	2500	2	0	2450
02_S0324_v0	156	Picture	full1i	2041379	0	1	3000	2	0	2950
02_S0324_v0	157	Picture	full0n	2052379	0	1	5000	2	0	4950
02_S0324_v0	158	Picture	full1n	2065046	0	1	4500	2	0	4450
02_S0324_v0	159	Picture	blue1i	2078213	0	1	3000	2	0	2950
02_S0324_v0	159	Response	10	2082325	4112	1
02_S0324_v0	160	Picture	full0i	2089713	0	1	3333	2	0	3290
02_S0324_v0	161	Picture	full0n	2103213	0	1	3167	2	0	3120
02_S0324_v0	162	Picture	full1n	2116380	0	1	3834	2	0	3790
02_S0324_v0	163	Picture	full1i	2128547	0	1	5000	2	0	4950
02_S0324_v0	164	Picture	full1n	2140381	0	1	2500	2	0	2450
02_S0324_v0	165	Picture	full0i	2153548	0	1	4333	2	0	4290
02_S0324_v0	166	Picture	full0n	2167048	0	1	2833	3	0	2790
02_S0324_v0	167	Picture	full1i	2179382	0	1	2833	2	0	2790
02_S0324_v0	168	Picture	full0i	2192215	0	1	4167	2	0	4120
02_S0324_v0	169	Picture	full0n	2203716	0	1	3666	2	0	3620
02_S0324_v0	170	Picture	full0i	2215549	0	1	3667	2	0	3620
02_S0324_v0	171	Picture	full1n	2229049	0	2	5000	4	0	4950
02_S0324_v0	172	Picture	full0n	2239883	0	1	2833	2	0	2790
02_S0324_v0	173	Picture	blue0i	2251217	0	1	3000	2	0	2950
02_S0324_v0	173	Response	10	2255222	4005	2
02_S0324_v0	174	Picture	full1i	2263050	0	1	2834	2	0	2790
02_S0324_v0	175	Picture	full1n	2274050	0	2	4001	3	0	3950
02_S0324_v0	176	Picture	full1i	2286217	0	2	3667	3	0	3620
02_S0324_v0	177	Picture	full1n	2298051	0	1	2833	2	0	2790
02_S0324_v0	178	Picture	blue1i	2310385	0	1	4333	2	0	4290
02_S0324_v0	178	Response	10	2314821	4436	2
02_S0324_v0	179	Picture	full0n	2322552	0	1	3666	2	0	3620
02_S0324_v0	180	Picture	full1n	2335384	0	3	3668	4	0	3620
02_S0324_v0	181	Picture	full0i	2346385	0	2	4501	3	0	4450
02_S0324_v0	182	Picture	full1i	2359052	0	1	3167	2	0	3120
02_S0324_v0	183	Picture	full0n	2371719	0	1	3000	2	0	2950
02_S0324_v0	184	Picture	full1n	2384386	0	1	3167	2	0	3120
02_S0324_v0	185	Picture	full1i	2396553	0	1	3834	2	0	3790
02_S0324_v0	186	Picture	full1n	2409387	0	1	3000	2	0	2950
02_S0324_v0	187	Picture	full1i	2422887	0	1	4834	2	0	4790
02_S0324_v0	188	Picture	full0i	2434387	0	1	2500	2	0	2450
02_S0324_v0	189	Picture	blue0n	2445721	0	1	3000	2	0	2950
02_S0324_v0	189	Response	10	2449819	4098	2
02_S0324_v0	190	Picture	full1n	2457888	0	1	3000	2	0	2950
02_S0324_v0	191	Picture	full1i	2470722	0	1	3666	2	0	3620
02_S0324_v0	192	Picture	full0i	2484222	0	1	3333	2	0	3290
02_S0324_v0	193	Picture	full0n	2495055	0	2	4501	3	0	4450
02_S0324_v0	194	Picture	full0i	2507722	0	1	4167	2	0	4120
02_S0324_v0	195	Picture	full1n	2518723	0	1	2666	2	0	2620
02_S0324_v0	196	Picture	full1i	2530890	0	1	4666	2	0	4620
02_S0324_v0	197	Picture	blue1n	2541890	0	1	2667	2	0	2620
02_S0324_v0	197	Response	10	2546718	4828	2
02_S0324_v0	198	Picture	full0n	2554223	0	2	4667	3	0	4620
02_S0324_v0	199	Picture	full1i	2567390	0	1	2834	2	0	2790
02_S0324_v0	200	Picture	full0i	2578224	0	1	4000	2	0	3950
02_S0324_v0	201	Picture	full0n	2590391	0	1	3500	2	0	3450
02_S0324_v0	202	Picture	full0i	2602224	0	2	4001	3	0	3950
02_S0324_v0	203	Picture	full1n	2613225	0	1	4500	2	0	4450
02_S0324_v0	204	Picture	full1i	2626725	0	1	2500	2	0	2450
02_S0324_v0	205	Picture	full1n	2638559	0	1	4166	2	0	4120
02_S0324_v0	206	Picture	blue1i	2651726	0	1	4833	2	0	4790
02_S0324_v0	206	Response	10	2655817	4091	1
02_S0324_v0	207	Picture	full1n	2662726	0	1	2500	2	0	2450
02_S0324_v0	208	Picture	full1i	2675559	0	2	4834	3	0	4790
02_S0324_v0	209	Picture	full1n	2686893	0	1	3333	2	0	3290
02_S0324_v0	210	Picture	full0n	2699560	0	1	3500	2	0	3450
02_S0324_v0	211	Picture	full0i	2712227	0	1	3833	2	0	3790
02_S0324_v0	212	Picture	full1i	2725394	0	1	4500	2	0	4450
02_S0324_v0	213	Picture	full1n	2736227	0	2	2501	3	0	2450
02_S0324_v0	214	Picture	full0n	2747728	0	1	4166	3	0	4120
02_S0324_v0	215	Picture	full1i	2760561	0	1	4667	2	0	4620
02_S0324_v0	216	Picture	blue0i	2772395	0	1	2500	2	0	2450
02_S0324_v0	216	Response	10	2776615	4220	1
02_S0324_v0	217	Picture	full0n	2784229	0	1	3500	2	0	3450
02_S0324_v0	218	Picture	full0i	2795729	0	1	3167	2	0	3120
02_S0324_v0	219	Picture	full0n	2806562	0	1	3000	2	0	2950
02_S0324_v0	220	Picture	full1n	2818896	0	1	3333	2	0	3290
02_S0324_v0	221	Picture	full1i	2831730	0	1	3000	2	0	2950
02_S0324_v0	222	Picture	full0i	2844063	0	1	3000	2	0	2950
02_S0324_v0	223	Picture	full0n	2857564	0	1	3666	2	0	3620
02_S0324_v0	224	Picture	full0i	2871064	0	1	4000	2	0	3950
02_S0324_v0	225	Picture	blue1n	2883231	0	1	4833	2	0	4790
02_S0324_v0	225	Response	10	2887813	4582	1
02_S0324_v0	226	Picture	full0n	2896731	0	1	2500	2	0	2450
02_S0324_v0	227	Picture	full1i	2908065	0	1	4500	2	0	4450
02_S0324_v0	228	Picture	full0i	2921232	0	1	3333	2	0	3290
02_S0324_v0	229	Picture	full0n	2933899	0	1	4500	2	0	4450
02_S0324_v0	230	Picture	full1n	2944732	0	1	4167	2	0	4120
02_S0324_v0	231	Picture	full0i	2957899	0	1	3833	3	0	3790
02_S0324_v0	232	Picture	full0n	2970733	0	1	4500	2	0	4450
02_S0324_v0	233	Picture	full0i	2982900	0	1	2833	2	0	2790
02_S0324_v0	234	Picture	full0n	2994400	0	1	3833	2	0	3790
02_S0324_v0	235	Picture	full0i	3005900	0	1	4500	2	0	4450
02_S0324_v0	236	Picture	full1i	3018734	0	1	3667	2	0	3620
02_S0324_v0	237	Picture	full0n	3030067	0	1	4500	2	0	4450
02_S0324_v0	238	Picture	full0i	3041401	0	1	4500	2	0	4450
02_S0324_v0	239	Picture	full0n	3053568	0	1	4667	2	0	4620
02_S0324_v0	240	Picture	full0i	3067068	0	1	3167	2	0	3120
02_S0324_v0	241	Picture	blue0n	3080235	0	1	2667	2	0	2620
02_S0324_v0	241	Response	10	3084710	4475	2
02_S0324_v0	242	Picture	full1n	3091569	0	1	4666	3	0	4620
02_S0324_v0	243	Picture	full1i	3103736	0	1	5000	2	0	4950
02_S0324_v0	244	Picture	full0i	3115236	0	1	3500	2	0	3450
02_S0324_v0	245	Picture	full0n	3128403	0	1	4833	2	0	4790
02_S0324_v0	246	Picture	full1n	3140570	0	1	4500	2	0	4450
02_S0324_v0	247	Picture	full1i	3152903	0	2	2667	3	0	2620
02_S0324_v0	248	Picture	full0i	3165570	0	1	3167	2	0	3120
02_S0324_v0	249	Picture	full1n	3178404	0	1	3167	2	0	3120
02_S0324_v0	250	Picture	blue1i	3189904	0	1	3167	2	0	3120
02_S0324_v0	250	Response	10	3194309	4405	1
02_S0324_v0	251	Picture	full1n	3200904	0	2	3167	3	0	3120
02_S0324_v0	252	Picture	full0n	3213071	0	2	3834	3	0	3790
02_S0324_v0	253	Picture	full0i	3224905	0	1	4833	3	0	4790
02_S0324_v0	254	Picture	full0n	3237072	0	1	4500	2	0	4450
02_S0324_v0	255	Picture	full1i	3247906	0	1	4500	2	0	4450
02_S0324_v0	256	Picture	full1n	3260072	0	2	5001	3	0	4950
02_S0324_v0	257	Picture	full0i	3272239	0	2	2500	4	0	2450
02_S0324_v0	258	Picture	full1i	3284406	0	1	4667	2	0	4620
02_S0324_v0	259	Picture	full1n	3295740	0	1	3167	2	0	3120
02_S0324_v0	260	Picture	full1i	3307240	0	1	4334	2	0	4290
02_S0324_v0	261	Picture	full1n	3319407	0	1	3667	2	0	3620
02_S0324_v0	262	Picture	full1i	3331741	0	1	2666	2	0	2620
02_S0324_v0	263	Picture	blue0n	3343574	0	1	2834	2	0	2790
02_S0324_v0	263	Response	10	3347606	4032	2
02_S0324_v0	264	Picture	full1n	3354575	0	1	5000	2	0	4950
02_S0324_v0	265	Picture	full0i	3366075	0	1	3333	2	0	3290
02_S0324_v0	266	Picture	full1i	3377408	0	2	2834	3	0	2790
02_S0324_v0	267	Picture	full1n	3389242	0	1	3833	2	0	3790
02_S0324_v0	268	Picture	full1i	3400576	0	1	2833	2	0	2790
02_S0324_v0	269	Picture	full0n	3411409	0	1	3334	2	0	3290
02_S0324_v0	270	Picture	default	3422743	0	1	2666	3	0	2500
02_S0324_v0	271	Picture	default	3442910	0	1	12700	2	0	2500


Event Type	Code	Type	Response	RT	RT Uncertainty	Time	Uncertainty	Duration	Uncertainty	ReqTime	ReqDur

Picture	full1n	other				1333	1	3167	2	0	3120
Picture	full1i	other				12263	238	2904	239	0	2790
Picture	full1n	other				25500	1	4500	2	0	4450
Picture	full0n	other				38667	1	3500	2	0	3450
Picture	full1i	other				49501	1	4833	2	0	4790
Picture	full1n	other				61668	1	4333	2	0	4290
Picture	full0i	other				73835	1	3500	2	0	3450
Picture	full0n	other				86168	1	4167	2	0	4120
Picture	blue0i	false alarm	2	5317	199	97638	198	3031	199	0	2950
Picture	full1i	other				109669	1	3833	2	0	3790
Picture	full0n	other				122502	1	5001	2	0	4950
Picture	full0i	other				135169	1	4167	2	0	4120
Picture	full1n	other				148670	1	4166	2	0	4120
Picture	full1i	other				161337	1	3666	2	0	3620
Picture	full1n	other				172670	1	4500	2	0	4450
Picture	blue1i	false alarm	2	2917	2	184837	1	3334	2	0	3290
Picture	full1n	other				197004	1	4333	3	0	4290
Picture	full0n	other				209171	1	4667	2	0	4620
Picture	full1i	other				221005	1	2500	2	0	2450
Picture	full0i	other				233338	1	3000	2	0	2950
Picture	full0n	other				246839	1	5000	2	0	4950
Picture	full0i	other				260339	1	4500	2	0	4450
Picture	full0n	other				273172	2	3000	4	0	2950
Picture	full1n	other				285839	1	3334	2	0	3290
Picture	blue1i	false alarm	2	3479	2	297673	1	3167	2	0	3120
Picture	full0i	other				310340	1	3833	2	0	3790
Picture	full0n	other				322674	1	5000	2	0	4950
Picture	full0i	other				334507	1	2500	2	0	2450
Picture	full1n	other				345841	1	4333	2	0	4290
Picture	full1i	other				358008	1	2833	2	0	2790
Picture	full0n	other				369508	1	2833	2	0	2790
Picture	full1n	other				380341	2	4167	3	0	4120
Picture	full1i	other				392508	2	3667	3	0	3620
Picture	full1n	other				405342	1	3667	2	0	3620
Picture	full0i	other				417509	1	5000	2	0	4950
Picture	blue1i	false alarm	2	4907	2	428843	1	2833	2	0	2790
Picture	full1n	other				439843	1	3000	2	0	2950
Picture	full0n	other				452510	1	2833	2	0	2790
Picture	full0i	other				463510	1	4000	2	0	3950
Picture	full0n	other				475677	1	3667	2	0	3620
Picture	full0i	other				488511	1	2833	2	0	2790
Picture	full0n	other				501678	1	4333	2	0	4290
Picture	full1i	other				514844	2	3667	3	0	3620
Picture	full0i	other				527511	2	3667	3	0	3620
Picture	full1n	other				538345	1	4500	2	0	4450
Picture	full0n	other				550512	1	3167	2	0	3120
Picture	full1i	other				562012	1	3000	2	0	2950
Picture	blue0i	false alarm	2	4102	2	573846	1	3167	2	0	3120
Picture	full0n	other				585346	1	3833	3	0	3790
Picture	full0i	other				597680	1	3000	2	0	2950
Picture	full0n	other				609180	1	4833	2	0	4790
Picture	full1n	other				622347	1	2500	2	0	2450
Picture	full1i	other				633180	2	3001	3	0	2950
Picture	full0i	other				646681	1	3000	2	0	2950
Picture	full0n	other				658014	1	3667	2	0	3620
Picture	full1n	other				671181	1	3334	2	0	3290
Picture	full1i	other				683348	1	4500	2	0	4450
Picture	blue1n	false alarm	2	4364	2	695182	1	4167	2	0	4120
Picture	full0i	other				707515	2	2667	3	0	2620
Picture	full0n	other				720182	2	4667	3	0	4620
Picture	full0i	other				732349	1	2667	2	0	2620
Picture	full1i	other				745183	1	4667	2	0	4620
Picture	full0n	other				756683	1	2834	2	0	2790
Picture	full1n	other				768850	1	4000	2	0	3950
Picture	full1i	other				781684	1	3500	2	0	3450
Picture	full1n	other				794017	2	4000	4	0	3950
Picture	full0i	other				806184	1	4500	2	0	4450
Picture	blue0n	false alarm	2	4393	2	818351	1	2500	2	0	2450
Picture	full0i	other				830518	1	4167	2	0	4120
Picture	full0n	other				841352	1	4833	2	0	4790
Picture	full0i	other				852352	1	2500	2	0	2450
Picture	full0n	other				865186	1	4833	2	0	4790
Picture	full0i	other				877853	1	3333	2	0	3290
Picture	full1i	other				891353	1	3500	2	0	3450
Picture	full1n	other				904019	2	3834	3	0	3790
Picture	full0n	other				916853	2	4501	3	0	4450
Picture	full0i	other				929020	2	2500	4	0	2450
Picture	full1i	other				939854	1	4167	2	0	4120
Picture	blue0n	false alarm	2	4854	2	952688	1	4666	2	0	4620
Picture	full1n	other				963688	1	2500	2	0	2450
Picture	full1i	other				976021	2	3501	3	0	3450
Picture	full1n	other				987022	1	3166	2	0	3120
Picture	full1i	other				1000189	1	3000	2	0	2950
Picture	full0i	other				1011689	1	3333	2	0	3290
Picture	full0n	other				1023189	1	3000	2	0	2950
Picture	full1n	other				1035523	1	3000	2	0	2950
Picture	full1i	other				1047690	1	3667	2	0	3620
Picture	full1n	other				1060857	1	4000	2	0	3950
Picture	full1i	other				1072190	1	4834	2	0	4790
Picture	full1n	other				1085357	1	2500	2	0	2450
Picture	full0i	other				1096691	1	4500	2	0	4450
Picture	blue1i	false alarm	2	5515	4	1108024	2	3334	3	0	3290
Picture	full1n	other				1119858	1	4500	2	0	4450
Picture	full0n	other				1133025	1	4167	2	0	4120
Picture	full1i	other				1144525	1	3834	2	0	3790
Picture	full1n	other				1155525	2	4501	3	0	4450
Picture	full1i	other				1168692	2	2834	3	0	2790
Picture	full1n	other				1179526	1	3833	2	0	3790
Picture	full1i	other				1191693	1	4500	2	0	4450
Picture	full0i	other				1202527	1	3666	2	0	3620
Picture	blue1n	false alarm	2	6111	3	1213527	1	4500	2	0	4450
Picture	full1i	other				1224527	1	4500	2	0	4450
Picture	full1n	other				1238027	1	4667	2	0	4620
Picture	full1i	other				1249861	1	3167	2	0	3120
Picture	full1n	other				1263361	1	2667	2	0	2620
Picture	full0n	other				1275195	1	4667	2	0	4620
Picture	full0i	other				1287362	1	5000	2	0	4950
Picture	full1i	other				1299695	1	3500	2	0	3450
Picture	full1n	other				1313196	1	4833	2	0	4790
Picture	blue0n	false alarm	2	5907	3	1325529	1	4500	2	0	4450
Picture	full0i	other				1336863	1	2667	2	0	2620
Picture	full1i	other				1348363	1	3167	2	0	3120
Picture	full0n	other				1361030	1	3167	2	0	3120
Picture	full0i	other				1371864	1	3166	2	0	3120
Picture	full0n	other				1383697	1	3167	2	0	3120
Picture	full1n	other				1396531	1	3833	2	0	3790
Picture	full1i	other				1410031	1	4834	2	0	4790
Picture	full1n	other				1422865	1	4500	2	0	4450
Picture	blue0i	false alarm	2	5037	2	1434198	1	4500	3	0	4450
Picture	full0n	other				1446032	1	5000	2	0	4950
Picture	full1i	other				1457032	1	2500	2	0	2450
Picture	full0i	other				1469366	1	4667	2	0	4620
Picture	full0n	other				1480699	2	3167	3	0	3120
Picture	full0i	other				1492033	1	4333	2	0	4290
Picture	full0n	other				1503533	1	3667	2	0	3620
Picture	full0i	other				1515367	1	2666	3	0	2620
Picture	blue1n	false alarm	2	5066	3	1528867	1	2834	2	0	2790
Picture	full0n	other				1542367	2	5001	3	0	4950
Picture	full1i	other				1553368	1	3333	2	0	3290
Picture	full0i	other				1566035	1	2833	2	0	2790
Picture	full0n	other				1577535	1	3833	2	0	3790
Picture	full0i	other				1589702	1	2833	2	0	2790
Picture	full1n	other				1600535	2	3334	3	0	3290
Picture	82	other				1611869	1	100169	2	0	next
Picture	82	other				1712038	1	10000	2	100000	next
Picture	82	other				1722038	1	10000	2	110000	next
Picture	82	other				1732038	1	10001	2	120000	next
Picture	82	other				1742039	1	10000	2	130000	next
Picture	82	other				1752039	1	10000	2	140000	next
Picture	82	other				1762039	1	10000	2	150000	next
Picture	82	other				1772039	1	10000	3	160000	next
Picture	82	other				1782039	2	10001	3	170000	next
Picture	82	other				1792040	1	10000	2	180000	next
Picture	82	other				1802040	1	10000	2	190000	10000
Picture	full0n	other				1812040	1	3167	2	0	3120
Picture	full0i	other				1824374	1	2833	2	0	2790
Picture	full0n	other				1837207	1	4500	3	0	4450
Picture	full1n	other				1848708	1	3500	2	0	3450
Picture	blue0i	false alarm	2	6420	3	1862208	1	4833	2	0	4790
Picture	full0n	other				1874375	1	4333	2	0	4290
Picture	full1i	other				1886709	1	3500	2	0	3450
Picture	full1n	other				1897709	1	4166	3	0	4120
Picture	full1i	other				1909042	1	3000	2	0	2950
Picture	full0i	other				1921209	1	3834	2	0	3790
Picture	full1n	other				1932210	1	5000	2	0	4950
Picture	full1i	other				1944876	2	4167	3	0	4120
Picture	blue0n	false alarm	2	3684	2	1957043	1	4167	2	0	4120
Picture	full0i	other				1969710	1	3667	2	0	3620
Picture	full0n	other				1980544	1	4500	2	0	4450
Picture	full0i	other				1992878	1	3333	2	0	3290
Picture	full0n	other				2005211	1	4334	2	0	4290
Picture	full1n	other				2017378	1	4667	2	0	4620
Picture	full0i	other				2030545	1	2500	2	0	2450
Picture	full1i	other				2041379	1	3000	2	0	2950
Picture	full0n	other				2052379	1	5000	2	0	4950
Picture	full1n	other				2065046	1	4500	2	0	4450
Picture	blue1i	false alarm	2	4112	2	2078213	1	3000	2	0	2950
Picture	full0i	other				2089713	1	3333	2	0	3290
Picture	full0n	other				2103213	1	3167	2	0	3120
Picture	full1n	other				2116380	1	3834	2	0	3790
Picture	full1i	other				2128547	1	5000	2	0	4950
Picture	full1n	other				2140381	1	2500	2	0	2450
Picture	full0i	other				2153548	1	4333	2	0	4290
Picture	full0n	other				2167048	1	2833	3	0	2790
Picture	full1i	other				2179382	1	2833	2	0	2790
Picture	full0i	other				2192215	1	4167	2	0	4120
Picture	full0n	other				2203716	1	3666	2	0	3620
Picture	full0i	other				2215549	1	3667	2	0	3620
Picture	full1n	other				2229049	2	5000	4	0	4950
Picture	full0n	other				2239883	1	2833	2	0	2790
Picture	blue0i	false alarm	2	4005	3	2251217	1	3000	2	0	2950
Picture	full1i	other				2263050	1	2834	2	0	2790
Picture	full1n	other				2274050	2	4001	3	0	3950
Picture	full1i	other				2286217	2	3667	3	0	3620
Picture	full1n	other				2298051	1	2833	2	0	2790
Picture	blue1i	false alarm	2	4436	3	2310385	1	4333	2	0	4290
Picture	full0n	other				2322552	1	3666	2	0	3620
Picture	full1n	other				2335384	3	3668	4	0	3620
Picture	full0i	other				2346385	2	4501	3	0	4450
Picture	full1i	other				2359052	1	3167	2	0	3120
Picture	full0n	other				2371719	1	3000	2	0	2950
Picture	full1n	other				2384386	1	3167	2	0	3120
Picture	full1i	other				2396553	1	3834	2	0	3790
Picture	full1n	other				2409387	1	3000	2	0	2950
Picture	full1i	other				2422887	1	4834	2	0	4790
Picture	full0i	other				2434387	1	2500	2	0	2450
Picture	blue0n	false alarm	2	4098	3	2445721	1	3000	2	0	2950
Picture	full1n	other				2457888	1	3000	2	0	2950
Picture	full1i	other				2470722	1	3666	2	0	3620
Picture	full0i	other				2484222	1	3333	2	0	3290
Picture	full0n	other				2495055	2	4501	3	0	4450
Picture	full0i	other				2507722	1	4167	2	0	4120
Picture	full1n	other				2518723	1	2666	2	0	2620
Picture	full1i	other				2530890	1	4666	2	0	4620
Picture	blue1n	false alarm	2	4828	3	2541890	1	2667	2	0	2620
Picture	full0n	other				2554223	2	4667	3	0	4620
Picture	full1i	other				2567390	1	2834	2	0	2790
Picture	full0i	other				2578224	1	4000	2	0	3950
Picture	full0n	other				2590391	1	3500	2	0	3450
Picture	full0i	other				2602224	2	4001	3	0	3950
Picture	full1n	other				2613225	1	4500	2	0	4450
Picture	full1i	other				2626725	1	2500	2	0	2450
Picture	full1n	other				2638559	1	4166	2	0	4120
Picture	blue1i	false alarm	2	4091	2	2651726	1	4833	2	0	4790
Picture	full1n	other				2662726	1	2500	2	0	2450
Picture	full1i	other				2675559	2	4834	3	0	4790
Picture	full1n	other				2686893	1	3333	2	0	3290
Picture	full0n	other				2699560	1	3500	2	0	3450
Picture	full0i	other				2712227	1	3833	2	0	3790
Picture	full1i	other				2725394	1	4500	2	0	4450
Picture	full1n	other				2736227	2	2501	3	0	2450
Picture	full0n	other				2747728	1	4166	3	0	4120
Picture	full1i	other				2760561	1	4667	2	0	4620
Picture	blue0i	false alarm	2	4220	2	2772395	1	2500	2	0	2450
Picture	full0n	other				2784229	1	3500	2	0	3450
Picture	full0i	other				2795729	1	3167	2	0	3120
Picture	full0n	other				2806562	1	3000	2	0	2950
Picture	full1n	other				2818896	1	3333	2	0	3290
Picture	full1i	other				2831730	1	3000	2	0	2950
Picture	full0i	other				2844063	1	3000	2	0	2950
Picture	full0n	other				2857564	1	3666	2	0	3620
Picture	full0i	other				2871064	1	4000	2	0	3950
Picture	blue1n	false alarm	2	4582	2	2883231	1	4833	2	0	4790
Picture	full0n	other				2896731	1	2500	2	0	2450
Picture	full1i	other				2908065	1	4500	2	0	4450
Picture	full0i	other				2921232	1	3333	2	0	3290
Picture	full0n	other				2933899	1	4500	2	0	4450
Picture	full1n	other				2944732	1	4167	2	0	4120
Picture	full0i	other				2957899	1	3833	3	0	3790
Picture	full0n	other				2970733	1	4500	2	0	4450
Picture	full0i	other				2982900	1	2833	2	0	2790
Picture	full0n	other				2994400	1	3833	2	0	3790
Picture	full0i	other				3005900	1	4500	2	0	4450
Picture	full1i	other				3018734	1	3667	2	0	3620
Picture	full0n	other				3030067	1	4500	2	0	4450
Picture	full0i	other				3041401	1	4500	2	0	4450
Picture	full0n	other				3053568	1	4667	2	0	4620
Picture	full0i	other				3067068	1	3167	2	0	3120
Picture	blue0n	false alarm	2	4475	3	3080235	1	2667	2	0	2620
Picture	full1n	other				3091569	1	4666	3	0	4620
Picture	full1i	other				3103736	1	5000	2	0	4950
Picture	full0i	other				3115236	1	3500	2	0	3450
Picture	full0n	other				3128403	1	4833	2	0	4790
Picture	full1n	other				3140570	1	4500	2	0	4450
Picture	full1i	other				3152903	2	2667	3	0	2620
Picture	full0i	other				3165570	1	3167	2	0	3120
Picture	full1n	other				3178404	1	3167	2	0	3120
Picture	blue1i	false alarm	2	4405	2	3189904	1	3167	2	0	3120
Picture	full1n	other				3200904	2	3167	3	0	3120
Picture	full0n	other				3213071	2	3834	3	0	3790
Picture	full0i	other				3224905	1	4833	3	0	4790
Picture	full0n	other				3237072	1	4500	2	0	4450
Picture	full1i	other				3247906	1	4500	2	0	4450
Picture	full1n	other				3260072	2	5001	3	0	4950
Picture	full0i	other				3272239	2	2500	4	0	2450
Picture	full1i	other				3284406	1	4667	2	0	4620
Picture	full1n	other				3295740	1	3167	2	0	3120
Picture	full1i	other				3307240	1	4334	2	0	4290
Picture	full1n	other				3319407	1	3667	2	0	3620
Picture	full1i	other				3331741	1	2666	2	0	2620
Picture	blue0n	false alarm	2	4032	3	3343574	1	2834	2	0	2790
Picture	full1n	other				3354575	1	5000	2	0	4950
Picture	full0i	other				3366075	1	3333	2	0	3290
Picture	full1i	other				3377408	2	2834	3	0	2790
Picture	full1n	other				3389242	1	3833	2	0	3790
Picture	full1i	other				3400576	1	2833	2	0	2790
Picture	full0n	other				3411409	1	3334	2	0	3290
Picture	default	other				3422743	1	2666	3	0	2500
Picture	default	other				3442910	1	12700	2	0	2500
