Scenario - visual LTP Rap V4.0 HVA (based on combined block 1+2 from old 45 135 degree pilot)
Logfile written - 04/21/2015 16:47:28

Subject	Trial	Event Type	Code	Time	TTime	Uncertainty	Duration	Uncertainty	ReqTime	ReqDur

02_0300	1	Response	128	-2101	7732	1
02_0300	3	Picture	full1n	8333	0	1	3167	2	0	3120
02_0300	4	Picture	full1i	19263	0	238	2904	239	0	2790
02_0300	5	Picture	full1n	32500	0	1	4500	3	0	4450
02_0300	6	Picture	full0n	45667	0	2	3500	3	0	3450
02_0300	7	Picture	full1i	56501	0	1	4833	2	0	4790
02_0300	8	Picture	full1n	68668	0	1	4333	2	0	4290
02_0300	9	Picture	full0i	80835	0	1	3500	2	0	3450
02_0300	10	Picture	full0n	93168	0	1	4167	2	0	4120
02_0300	11	Picture	blue0i	104638	0	199	3031	200	0	2950
02_0300	11	Response	10	110495	5857	1
02_0300	12	Picture	full1i	116669	0	1	3833	2	0	3790
02_0300	13	Picture	full0n	129503	0	1	5000	2	0	4950
02_0300	14	Picture	full0i	142169	0	2	4167	3	0	4120
02_0300	15	Picture	full1n	155670	0	1	4167	2	0	4120
02_0300	16	Picture	full1i	168337	0	1	3667	2	0	3620
02_0300	17	Picture	full1n	179670	0	1	4500	2	0	4450
02_0300	18	Picture	blue1i	191837	0	1	3334	2	0	3290
02_0300	18	Response	10	198293	6456	2
02_0300	19	Picture	full1n	204004	0	1	4334	2	0	4290
02_0300	20	Picture	full0n	216171	0	1	4667	2	0	4620
02_0300	20	Response	10	225093	8922	1
02_0300	21	Picture	full1i	228005	0	1	2500	2	0	2450
02_0300	22	Picture	full0i	240338	0	1	3000	2	0	2950
02_0300	23	Picture	full0n	253839	0	1	5000	2	0	4950
02_0300	24	Picture	full0i	267339	0	1	4500	2	0	4450
02_0300	25	Picture	full0n	280173	0	1	3000	2	0	2950
02_0300	26	Picture	full1n	292840	0	1	3333	2	0	3290
02_0300	27	Picture	blue1i	304673	0	1	3167	2	0	3120
02_0300	27	Response	10	312592	7919	1
02_0300	28	Picture	full0i	317340	0	1	3834	2	0	3790
02_0300	29	Picture	full0n	329674	0	1	5000	2	0	4950
02_0300	30	Picture	full0i	341507	0	1	2500	2	0	2450
02_0300	31	Picture	full1n	352841	0	1	4333	2	0	4290
02_0300	32	Picture	full1i	365008	0	1	2833	2	0	2790
02_0300	33	Picture	full0n	376508	0	1	2833	3	0	2790
02_0300	34	Picture	full1n	387342	0	1	4166	2	0	4120
02_0300	35	Picture	full1i	399509	0	1	3666	2	0	3620
02_0300	36	Picture	full1n	412342	0	1	3667	2	0	3620
02_0300	37	Picture	full0i	424509	0	1	5000	2	0	4950
02_0300	38	Picture	blue1i	435843	0	1	2833	2	0	2790
02_0300	38	Response	10	442890	7047	1
02_0300	39	Picture	full1n	446843	0	1	3000	2	0	2950
02_0300	40	Picture	full0n	459510	0	1	2833	2	0	2790
02_0300	41	Picture	full0i	470510	0	1	4000	2	0	3950
02_0300	42	Picture	full0n	482677	0	1	3667	2	0	3620
02_0300	43	Picture	full0i	495511	0	1	2833	2	0	2790
02_0300	44	Picture	full0n	508678	0	1	4333	2	0	4290
02_0300	45	Picture	full1i	521845	0	1	3666	2	0	3620
02_0300	46	Picture	full0i	534512	0	1	3666	2	0	3620
02_0300	47	Picture	full1n	545345	0	1	4500	2	0	4450
02_0300	48	Picture	full0n	557512	0	1	3167	2	0	3120
02_0300	49	Picture	full1i	569012	0	1	3000	3	0	2950
02_0300	50	Picture	blue0i	580846	0	1	3167	2	0	3120
02_0300	50	Response	10	586389	5543	1
02_0300	51	Picture	full0n	592346	0	1	3834	2	0	3790
02_0300	52	Picture	full0i	604680	0	1	3000	2	0	2950
02_0300	53	Picture	full0n	616180	0	1	4834	2	0	4790
02_0300	54	Picture	full1n	629347	0	1	2500	2	0	2450
02_0300	55	Picture	full1i	640181	0	1	3000	2	0	2950
02_0300	56	Picture	full0i	653681	0	1	3000	2	0	2950
02_0300	57	Picture	full0n	665015	0	1	3666	2	0	3620
02_0300	57	Response	10	672688	7673	1
02_0300	58	Picture	full1n	678182	0	1	3333	2	0	3290
02_0300	59	Picture	full1i	690348	0	2	4501	3	0	4450
02_0300	60	Picture	blue1n	702182	0	1	4167	2	0	4120
02_0300	60	Response	10	710187	8005	1
02_0300	61	Picture	full0i	714516	0	1	2666	2	0	2620
02_0300	62	Picture	full0n	727183	0	1	4666	2	0	4620
02_0300	63	Picture	full0i	739350	0	1	2666	2	0	2620
02_0300	64	Picture	full1i	752183	0	1	4667	2	0	4620
02_0300	65	Picture	full0n	763683	0	2	2834	3	0	2790
02_0300	66	Picture	full1n	775850	0	1	4000	3	0	3950
02_0300	67	Picture	full1i	788684	0	1	3500	2	0	3450
02_0300	68	Picture	full1n	801018	0	1	4000	2	0	3950
02_0300	69	Picture	full0i	813185	0	1	4500	2	0	4450
02_0300	70	Picture	blue0n	825351	0	2	2501	3	0	2450
02_0300	70	Response	10	830786	5435	1
02_0300	71	Picture	full0i	837518	0	2	4167	4	0	4120
02_0300	72	Picture	full0n	848352	0	1	4833	2	0	4790
02_0300	73	Picture	full0i	859352	0	1	2500	2	0	2450
02_0300	74	Picture	full0n	872186	0	1	4833	2	0	4790
02_0300	75	Picture	full0i	884853	0	1	3333	2	0	3290
02_0300	76	Picture	full1i	898353	0	1	3500	2	0	3450
02_0300	77	Picture	full1n	911020	0	1	3833	3	0	3790
02_0300	78	Picture	full0n	923854	0	1	4500	2	0	4450
02_0300	79	Picture	full0i	936021	0	1	2500	2	0	2450
02_0300	80	Picture	full1i	946854	0	1	4167	2	0	4120
02_0300	81	Picture	blue0n	959688	0	1	4667	2	0	4620
02_0300	81	Response	10	966184	6496	1
02_0300	82	Picture	full1n	970688	0	1	2500	2	0	2450
02_0300	83	Picture	full1i	983022	0	1	3500	2	0	3450
02_0300	84	Picture	full1n	994022	0	1	3167	2	0	3120
02_0300	85	Picture	full1i	1007189	0	1	3000	2	0	2950
02_0300	86	Picture	full0i	1018689	0	1	3334	2	0	3290
02_0300	87	Picture	full0n	1030189	0	1	3000	3	0	2950
02_0300	88	Picture	full1n	1042523	0	1	3000	2	0	2950
02_0300	89	Picture	full1i	1054690	0	1	3667	2	0	3620
02_0300	90	Picture	full1n	1067857	0	1	4000	2	0	3950
02_0300	91	Picture	full1i	1079190	0	2	4834	3	0	4790
02_0300	92	Picture	full1n	1092357	0	2	2501	3	0	2450
02_0300	93	Picture	full0i	1103691	0	1	4500	2	0	4450
02_0300	94	Picture	blue1i	1115025	0	1	3333	2	0	3290
02_0300	94	Response	10	1121082	6057	1
02_0300	95	Picture	full1n	1126858	0	1	4500	2	0	4450
02_0300	96	Picture	full0n	1140025	0	1	4167	2	0	4120
02_0300	97	Picture	full1i	1151525	0	2	3834	3	0	3790
02_0300	98	Picture	full1n	1162526	0	1	4500	2	0	4450
02_0300	99	Picture	full1i	1175693	0	1	2833	2	0	2790
02_0300	100	Picture	full1n	1186526	0	1	3834	2	0	3790
02_0300	101	Picture	full1i	1198693	0	1	4500	2	0	4450
02_0300	102	Picture	full0i	1209527	0	1	3666	3	0	3620
02_0300	103	Picture	blue1n	1220527	0	1	4500	2	0	4450
02_0300	103	Response	10	1227581	7054	1
02_0300	104	Picture	full1i	1231527	0	1	4500	2	0	4450
02_0300	105	Picture	full1n	1245028	0	1	4666	2	0	4620
02_0300	106	Picture	full1i	1256861	0	1	3167	2	0	3120
02_0300	107	Picture	full1n	1270361	0	2	2667	3	0	2620
02_0300	108	Picture	full0n	1282195	0	1	4667	2	0	4620
02_0300	109	Picture	full0i	1294362	0	1	5000	2	0	4950
02_0300	110	Picture	full1i	1306696	0	1	3500	2	0	3450
02_0300	111	Picture	full1n	1320196	0	1	4833	2	0	4790
02_0300	112	Picture	blue0n	1332529	0	2	4501	3	0	4450
02_0300	112	Response	10	1338780	6251	1
02_0300	113	Picture	full0i	1343863	0	1	2667	2	0	2620
02_0300	114	Picture	full1i	1355363	0	1	3167	2	0	3120
02_0300	115	Picture	full0n	1368030	0	1	3167	2	0	3120
02_0300	116	Picture	full0i	1378864	0	1	3167	2	0	3120
02_0300	117	Picture	full0n	1390697	0	2	3167	3	0	3120
02_0300	118	Picture	full1n	1403531	0	1	3833	3	0	3790
02_0300	119	Picture	full1i	1417031	0	1	4834	2	0	4790
02_0300	120	Picture	full1n	1429865	0	1	4500	2	0	4450
02_0300	121	Picture	blue0i	1441199	0	1	4500	2	0	4450
02_0300	121	Response	10	1448578	7379	1
02_0300	122	Picture	full0n	1453032	0	1	5000	2	0	4950
02_0300	123	Picture	full1i	1464032	0	2	2500	4	0	2450
02_0300	124	Picture	full0i	1476366	0	1	4667	2	0	4620
02_0300	125	Picture	full0n	1487700	0	1	3166	2	0	3120
02_0300	126	Picture	full0i	1499033	0	1	4334	2	0	4290
02_0300	127	Picture	full0n	1510533	0	2	3667	3	0	3620
02_0300	128	Picture	full0i	1522367	0	1	2667	2	0	2620
02_0300	129	Picture	blue1n	1535867	0	1	2834	2	0	2790
02_0300	129	Response	10	1542177	6310	1
02_0300	130	Picture	full0n	1549368	0	1	5000	2	0	4950
02_0300	131	Picture	full1i	1560368	0	1	3333	2	0	3290
02_0300	132	Picture	full0i	1573035	0	1	2833	2	0	2790
02_0300	133	Picture	full0n	1584535	0	1	3834	2	0	3790
02_0300	134	Picture	full0i	1596702	0	1	2833	3	0	2790
02_0300	135	Picture	full1n	1607536	0	1	3333	2	0	3290
02_0300	136	Picture	82	1618869	0	1	100169	2	0	next
02_0300	136	Picture	82	1719038	100169	1	10000	2	100000	next
02_0300	136	Picture	82	1729038	110169	1	10001	2	110000	next
02_0300	136	Picture	82	1739039	120170	1	10000	2	120000	next
02_0300	136	Picture	82	1749039	130170	1	10000	2	130000	next
02_0300	136	Picture	82	1759039	140170	1	10000	2	140000	next
02_0300	136	Picture	82	1769039	150170	1	10000	2	150000	next
02_0300	136	Picture	82	1779039	160170	1	10001	2	160000	next
02_0300	136	Picture	82	1789040	170171	1	10000	2	170000	next
02_0300	136	Picture	82	1799040	180171	1	10000	2	180000	next
02_0300	136	Picture	82	1809040	190171	1	10000	2	190000	10000
02_0300	137	Picture	full0n	1819040	0	1	3167	2	0	3120
02_0300	138	Picture	full0i	1831374	0	1	2833	2	0	2790
02_0300	139	Picture	full0n	1844208	0	1	4500	2	0	4450
02_0300	140	Picture	full1n	1855708	0	1	3500	2	0	3450
02_0300	141	Picture	blue0i	1869208	0	1	4834	2	0	4790
02_0300	141	Response	10	1875163	5955	1
02_0300	142	Picture	full0n	1881375	0	1	4333	3	0	4290
02_0300	143	Picture	full1i	1893709	0	1	3500	2	0	3450
02_0300	144	Picture	full1n	1904709	0	1	4167	2	0	4120
02_0300	145	Picture	full1i	1916043	0	1	3000	2	0	2950
02_0300	146	Picture	full0i	1928209	0	2	3834	3	0	3790
02_0300	147	Picture	full1n	1939210	0	1	5000	2	0	4950
02_0300	148	Picture	full1i	1951877	0	1	4166	2	0	4120
02_0300	149	Picture	blue0n	1964044	0	1	4166	2	0	4120
02_0300	149	Response	10	1969562	5518	1
02_0300	150	Picture	full0i	1976711	0	1	3666	2	0	3620
02_0300	151	Picture	full0n	1987544	0	1	4500	2	0	4450
02_0300	152	Picture	full0i	1999878	0	1	3333	2	0	3290
02_0300	153	Picture	full0n	2012211	0	1	4334	2	0	4290
02_0300	154	Picture	full1n	2024378	0	1	4667	2	0	4620
02_0300	155	Picture	full0i	2037545	0	1	2500	2	0	2450
02_0300	156	Picture	full1i	2048379	0	1	3000	2	0	2950
02_0300	157	Picture	full0n	2059379	0	1	5000	2	0	4950
02_0300	158	Picture	full1n	2072046	0	1	4500	2	0	4450
02_0300	159	Picture	blue1i	2085213	0	1	3000	2	0	2950
02_0300	159	Response	10	2090361	5148	1
02_0300	160	Picture	full0i	2096713	0	1	3334	2	0	3290
02_0300	161	Picture	full0n	2110213	0	2	3167	3	0	3120
02_0300	162	Picture	full1n	2123380	0	2	3834	3	0	3790
02_0300	163	Picture	full1i	2135547	0	1	5000	3	0	4950
02_0300	164	Picture	full1n	2147381	0	1	2500	2	0	2450
02_0300	165	Picture	full0i	2160548	0	1	4333	2	0	4290
02_0300	166	Picture	full0n	2174048	0	1	2834	2	0	2790
02_0300	167	Picture	full1i	2186382	0	1	2833	2	0	2790
02_0300	168	Picture	full0i	2199215	0	2	4167	3	0	4120
02_0300	169	Picture	full0n	2210716	0	1	3666	2	0	3620
02_0300	170	Picture	full0i	2222549	0	1	3667	2	0	3620
02_0300	171	Picture	full1n	2236050	0	1	5000	2	0	4950
02_0300	172	Picture	full0n	2246883	0	1	2834	2	0	2790
02_0300	173	Picture	blue0i	2258217	0	1	3000	2	0	2950
02_0300	173	Response	10	2263758	5541	2
02_0300	174	Picture	full1i	2270050	0	1	2834	2	0	2790
02_0300	175	Picture	full1n	2281051	0	1	4000	2	0	3950
02_0300	176	Picture	full1i	2293218	0	1	3666	2	0	3620
02_0300	177	Picture	full1n	2305051	0	1	2834	2	0	2790
02_0300	178	Picture	blue1i	2317385	0	1	4333	2	0	4290
02_0300	178	Response	10	2323158	5773	1
02_0300	179	Picture	full0n	2329552	0	1	3666	2	0	3620
02_0300	180	Picture	full1n	2342385	0	1	3667	2	0	3620
02_0300	181	Picture	full0i	2353386	0	1	4500	2	0	4450
02_0300	182	Picture	full1i	2366052	0	2	3167	3	0	3120
02_0300	183	Picture	full0n	2378719	0	2	3001	3	0	2950
02_0300	184	Picture	full1n	2391386	0	1	3167	2	0	3120
02_0300	185	Picture	full1i	2403553	0	1	3834	2	0	3790
02_0300	186	Picture	full1n	2416387	0	1	3000	2	0	2950
02_0300	187	Picture	full1i	2429887	0	1	4834	2	0	4790
02_0300	188	Picture	full0i	2441387	0	2	2501	3	0	2450
02_0300	189	Picture	blue0n	2452721	0	1	3000	2	0	2950
02_0300	189	Response	10	2458756	6035	1
02_0300	190	Picture	full1n	2464888	0	1	3000	2	0	2950
02_0300	191	Picture	full1i	2477722	0	1	3666	2	0	3620
02_0300	192	Picture	full0i	2491222	0	1	3333	2	0	3290
02_0300	193	Picture	full0n	2502055	0	2	4501	3	0	4450
02_0300	194	Picture	full0i	2514722	0	2	4167	3	0	4120
02_0300	195	Picture	full1n	2525723	0	1	2666	2	0	2620
02_0300	196	Picture	full1i	2537890	0	1	4666	2	0	4620
02_0300	197	Picture	blue1n	2548890	0	1	2667	2	0	2620
02_0300	197	Response	10	2555655	6765	1
02_0300	198	Picture	full0n	2561223	0	2	4667	3	0	4620
02_0300	199	Picture	full1i	2574390	0	2	2834	3	0	2790
02_0300	200	Picture	full0i	2585224	0	1	4000	2	0	3950
02_0300	201	Picture	full0n	2597391	0	1	3500	2	0	3450
02_0300	202	Picture	full0i	2609225	0	1	4000	2	0	3950
02_0300	203	Picture	full1n	2620225	0	1	4500	2	0	4450
02_0300	204	Picture	full1i	2633725	0	1	2500	2	0	2450
02_0300	205	Picture	full1n	2645559	0	1	4166	2	0	4120
02_0300	206	Picture	blue1i	2658726	0	1	4833	2	0	4790
02_0300	206	Response	10	2665753	7027	2
02_0300	207	Picture	full1n	2669726	0	1	2500	2	0	2450
02_0300	208	Picture	full1i	2682559	0	2	4834	3	0	4790
02_0300	209	Picture	full1n	2693893	0	1	3333	3	0	3290
02_0300	210	Picture	full0n	2706560	0	1	3500	2	0	3450
02_0300	211	Picture	full0i	2719227	0	1	3833	2	0	3790
02_0300	212	Picture	full1i	2732394	0	1	4500	2	0	4450
02_0300	213	Picture	full1n	2743227	0	2	2501	3	0	2450
02_0300	214	Picture	full0n	2754728	0	1	4166	3	0	4120
02_0300	215	Picture	full1i	2767561	0	1	4667	2	0	4620
02_0300	216	Picture	blue0i	2779395	0	1	2500	2	0	2450
02_0300	216	Response	10	2785752	6357	1
02_0300	217	Picture	full0n	2791229	0	1	3500	2	0	3450
02_0300	218	Picture	full0i	2802729	0	1	3167	2	0	3120
02_0300	219	Picture	full0n	2813562	0	1	3000	2	0	2950
02_0300	220	Picture	full1n	2825896	0	1	3333	2	0	3290
02_0300	221	Picture	full1i	2838730	0	1	3000	2	0	2950
02_0300	222	Picture	full0i	2851063	0	1	3000	2	0	2950
02_0300	223	Picture	full0n	2864563	0	2	3667	3	0	3620
02_0300	224	Picture	full0i	2878064	0	1	4000	2	0	3950
02_0300	225	Picture	blue1n	2890231	0	1	4833	2	0	4790
02_0300	225	Response	10	2897551	7320	1
02_0300	226	Picture	full0n	2903731	0	1	2500	2	0	2450
02_0300	227	Picture	full1i	2915065	0	1	4500	2	0	4450
02_0300	228	Picture	full0i	2928232	0	1	3333	2	0	3290
02_0300	229	Picture	full0n	2940899	0	1	4500	2	0	4450
02_0300	230	Picture	full1n	2951732	0	1	4167	2	0	4120
02_0300	231	Picture	full0i	2964899	0	1	3833	2	0	3790
02_0300	232	Picture	full0n	2977733	0	1	4500	2	0	4450
02_0300	233	Picture	full0i	2989900	0	1	2833	2	0	2790
02_0300	234	Picture	full0n	3001400	0	1	3833	2	0	3790
02_0300	235	Picture	full0i	3012900	0	1	4500	2	0	4450
02_0300	236	Picture	full1i	3025734	0	1	3666	2	0	3620
02_0300	237	Picture	full0n	3037067	0	1	4500	2	0	4450
02_0300	238	Picture	full0i	3048401	0	1	4500	2	0	4450
02_0300	239	Picture	full0n	3060568	0	1	4667	2	0	4620
02_0300	240	Picture	full0i	3074068	0	1	3167	2	0	3120
02_0300	241	Picture	blue0n	3087235	0	1	2667	2	0	2620
02_0300	241	Response	10	3093449	6214	1
02_0300	242	Picture	full1n	3098569	0	1	4666	2	0	4620
02_0300	243	Picture	full1i	3110736	0	1	5000	2	0	4950
02_0300	244	Picture	full0i	3122236	0	1	3500	2	0	3450
02_0300	245	Picture	full0n	3135403	0	1	4833	2	0	4790
02_0300	246	Picture	full1n	3147570	0	1	4500	2	0	4450
02_0300	247	Picture	full1i	3159903	0	1	2667	2	0	2620
02_0300	248	Picture	full0i	3172570	0	1	3167	2	0	3120
02_0300	249	Picture	full1n	3185404	0	1	3167	2	0	3120
02_0300	250	Picture	blue1i	3196904	0	1	3167	2	0	3120
02_0300	250	Response	10	3204647	7743	1
02_0300	251	Picture	full1n	3207904	0	1	3167	2	0	3120
02_0300	252	Picture	full0n	3220071	0	1	3834	2	0	3790
02_0300	253	Picture	full0i	3231905	0	1	4833	2	0	4790
02_0300	254	Picture	full0n	3244072	0	1	4500	2	0	4450
02_0300	255	Picture	full1i	3254905	0	2	4501	3	0	4450
02_0300	256	Picture	full1n	3267072	0	1	5000	3	0	4950
02_0300	257	Picture	full0i	3279239	0	1	2500	2	0	2450
02_0300	258	Picture	full1i	3291406	0	1	4667	2	0	4620
02_0300	259	Picture	full1n	3302740	0	1	3167	2	0	3120
02_0300	260	Picture	full1i	3314240	0	1	4333	3	0	4290
02_0300	261	Picture	full1n	3326407	0	1	3667	2	0	3620
02_0300	262	Picture	full1i	3338741	0	1	2666	2	0	2620
02_0300	263	Picture	blue0n	3350574	0	1	2834	2	0	2790
02_0300	263	Response	10	3355346	4772	1
02_0300	264	Picture	full1n	3361574	0	2	5001	3	0	4950
02_0300	265	Picture	full0i	3373075	0	1	3333	2	0	3290
02_0300	266	Picture	full1i	3384408	0	1	2834	2	0	2790
02_0300	267	Picture	full1n	3396242	0	1	3833	2	0	3790
02_0300	268	Picture	full1i	3407575	0	2	2834	3	0	2790
02_0300	269	Picture	full0n	3418409	0	1	3333	2	0	3290
02_0300	270	Picture	default	3429743	0	1	2666	2	0	2500
02_0300	271	Picture	default	3449910	0	1	6998	2	0	2500


Event Type	Code	Type	Response	RT	RT Uncertainty	Time	Uncertainty	Duration	Uncertainty	ReqTime	ReqDur

Picture	full1n	other				8333	1	3167	2	0	3120
Picture	full1i	other				19263	238	2904	239	0	2790
Picture	full1n	other				32500	1	4500	3	0	4450
Picture	full0n	other				45667	2	3500	3	0	3450
Picture	full1i	other				56501	1	4833	2	0	4790
Picture	full1n	other				68668	1	4333	2	0	4290
Picture	full0i	other				80835	1	3500	2	0	3450
Picture	full0n	other				93168	1	4167	2	0	4120
Picture	blue0i	false alarm	2	5857	200	104638	199	3031	200	0	2950
Picture	full1i	other				116669	1	3833	2	0	3790
Picture	full0n	other				129503	1	5000	2	0	4950
Picture	full0i	other				142169	2	4167	3	0	4120
Picture	full1n	other				155670	1	4167	2	0	4120
Picture	full1i	other				168337	1	3667	2	0	3620
Picture	full1n	other				179670	1	4500	2	0	4450
Picture	blue1i	false alarm	2	6456	3	191837	1	3334	2	0	3290
Picture	full1n	other				204004	1	4334	2	0	4290
Picture	full0n	other				216171	1	4667	2	0	4620
Picture	full1i	other				228005	1	2500	2	0	2450
Picture	full0i	other				240338	1	3000	2	0	2950
Picture	full0n	other				253839	1	5000	2	0	4950
Picture	full0i	other				267339	1	4500	2	0	4450
Picture	full0n	other				280173	1	3000	2	0	2950
Picture	full1n	other				292840	1	3333	2	0	3290
Picture	blue1i	false alarm	2	7919	2	304673	1	3167	2	0	3120
Picture	full0i	other				317340	1	3834	2	0	3790
Picture	full0n	other				329674	1	5000	2	0	4950
Picture	full0i	other				341507	1	2500	2	0	2450
Picture	full1n	other				352841	1	4333	2	0	4290
Picture	full1i	other				365008	1	2833	2	0	2790
Picture	full0n	other				376508	1	2833	3	0	2790
Picture	full1n	other				387342	1	4166	2	0	4120
Picture	full1i	other				399509	1	3666	2	0	3620
Picture	full1n	other				412342	1	3667	2	0	3620
Picture	full0i	other				424509	1	5000	2	0	4950
Picture	blue1i	false alarm	2	7047	2	435843	1	2833	2	0	2790
Picture	full1n	other				446843	1	3000	2	0	2950
Picture	full0n	other				459510	1	2833	2	0	2790
Picture	full0i	other				470510	1	4000	2	0	3950
Picture	full0n	other				482677	1	3667	2	0	3620
Picture	full0i	other				495511	1	2833	2	0	2790
Picture	full0n	other				508678	1	4333	2	0	4290
Picture	full1i	other				521845	1	3666	2	0	3620
Picture	full0i	other				534512	1	3666	2	0	3620
Picture	full1n	other				545345	1	4500	2	0	4450
Picture	full0n	other				557512	1	3167	2	0	3120
Picture	full1i	other				569012	1	3000	3	0	2950
Picture	blue0i	false alarm	2	5543	2	580846	1	3167	2	0	3120
Picture	full0n	other				592346	1	3834	2	0	3790
Picture	full0i	other				604680	1	3000	2	0	2950
Picture	full0n	other				616180	1	4834	2	0	4790
Picture	full1n	other				629347	1	2500	2	0	2450
Picture	full1i	other				640181	1	3000	2	0	2950
Picture	full0i	other				653681	1	3000	2	0	2950
Picture	full0n	other				665015	1	3666	2	0	3620
Picture	full1n	other				678182	1	3333	2	0	3290
Picture	full1i	other				690348	2	4501	3	0	4450
Picture	blue1n	false alarm	2	8005	2	702182	1	4167	2	0	4120
Picture	full0i	other				714516	1	2666	2	0	2620
Picture	full0n	other				727183	1	4666	2	0	4620
Picture	full0i	other				739350	1	2666	2	0	2620
Picture	full1i	other				752183	1	4667	2	0	4620
Picture	full0n	other				763683	2	2834	3	0	2790
Picture	full1n	other				775850	1	4000	3	0	3950
Picture	full1i	other				788684	1	3500	2	0	3450
Picture	full1n	other				801018	1	4000	2	0	3950
Picture	full0i	other				813185	1	4500	2	0	4450
Picture	blue0n	false alarm	2	5435	3	825351	2	2501	3	0	2450
Picture	full0i	other				837518	2	4167	4	0	4120
Picture	full0n	other				848352	1	4833	2	0	4790
Picture	full0i	other				859352	1	2500	2	0	2450
Picture	full0n	other				872186	1	4833	2	0	4790
Picture	full0i	other				884853	1	3333	2	0	3290
Picture	full1i	other				898353	1	3500	2	0	3450
Picture	full1n	other				911020	1	3833	3	0	3790
Picture	full0n	other				923854	1	4500	2	0	4450
Picture	full0i	other				936021	1	2500	2	0	2450
Picture	full1i	other				946854	1	4167	2	0	4120
Picture	blue0n	false alarm	2	6496	2	959688	1	4667	2	0	4620
Picture	full1n	other				970688	1	2500	2	0	2450
Picture	full1i	other				983022	1	3500	2	0	3450
Picture	full1n	other				994022	1	3167	2	0	3120
Picture	full1i	other				1007189	1	3000	2	0	2950
Picture	full0i	other				1018689	1	3334	2	0	3290
Picture	full0n	other				1030189	1	3000	3	0	2950
Picture	full1n	other				1042523	1	3000	2	0	2950
Picture	full1i	other				1054690	1	3667	2	0	3620
Picture	full1n	other				1067857	1	4000	2	0	3950
Picture	full1i	other				1079190	2	4834	3	0	4790
Picture	full1n	other				1092357	2	2501	3	0	2450
Picture	full0i	other				1103691	1	4500	2	0	4450
Picture	blue1i	false alarm	2	6057	2	1115025	1	3333	2	0	3290
Picture	full1n	other				1126858	1	4500	2	0	4450
Picture	full0n	other				1140025	1	4167	2	0	4120
Picture	full1i	other				1151525	2	3834	3	0	3790
Picture	full1n	other				1162526	1	4500	2	0	4450
Picture	full1i	other				1175693	1	2833	2	0	2790
Picture	full1n	other				1186526	1	3834	2	0	3790
Picture	full1i	other				1198693	1	4500	2	0	4450
Picture	full0i	other				1209527	1	3666	3	0	3620
Picture	blue1n	false alarm	2	7054	2	1220527	1	4500	2	0	4450
Picture	full1i	other				1231527	1	4500	2	0	4450
Picture	full1n	other				1245028	1	4666	2	0	4620
Picture	full1i	other				1256861	1	3167	2	0	3120
Picture	full1n	other				1270361	2	2667	3	0	2620
Picture	full0n	other				1282195	1	4667	2	0	4620
Picture	full0i	other				1294362	1	5000	2	0	4950
Picture	full1i	other				1306696	1	3500	2	0	3450
Picture	full1n	other				1320196	1	4833	2	0	4790
Picture	blue0n	false alarm	2	6251	3	1332529	2	4501	3	0	4450
Picture	full0i	other				1343863	1	2667	2	0	2620
Picture	full1i	other				1355363	1	3167	2	0	3120
Picture	full0n	other				1368030	1	3167	2	0	3120
Picture	full0i	other				1378864	1	3167	2	0	3120
Picture	full0n	other				1390697	2	3167	3	0	3120
Picture	full1n	other				1403531	1	3833	3	0	3790
Picture	full1i	other				1417031	1	4834	2	0	4790
Picture	full1n	other				1429865	1	4500	2	0	4450
Picture	blue0i	false alarm	2	7379	2	1441199	1	4500	2	0	4450
Picture	full0n	other				1453032	1	5000	2	0	4950
Picture	full1i	other				1464032	2	2500	4	0	2450
Picture	full0i	other				1476366	1	4667	2	0	4620
Picture	full0n	other				1487700	1	3166	2	0	3120
Picture	full0i	other				1499033	1	4334	2	0	4290
Picture	full0n	other				1510533	2	3667	3	0	3620
Picture	full0i	other				1522367	1	2667	2	0	2620
Picture	blue1n	false alarm	2	6310	2	1535867	1	2834	2	0	2790
Picture	full0n	other				1549368	1	5000	2	0	4950
Picture	full1i	other				1560368	1	3333	2	0	3290
Picture	full0i	other				1573035	1	2833	2	0	2790
Picture	full0n	other				1584535	1	3834	2	0	3790
Picture	full0i	other				1596702	1	2833	3	0	2790
Picture	full1n	other				1607536	1	3333	2	0	3290
Picture	82	other				1618869	1	100169	2	0	next
Picture	82	other				1719038	1	10000	2	100000	next
Picture	82	other				1729038	1	10001	2	110000	next
Picture	82	other				1739039	1	10000	2	120000	next
Picture	82	other				1749039	1	10000	2	130000	next
Picture	82	other				1759039	1	10000	2	140000	next
Picture	82	other				1769039	1	10000	2	150000	next
Picture	82	other				1779039	1	10001	2	160000	next
Picture	82	other				1789040	1	10000	2	170000	next
Picture	82	other				1799040	1	10000	2	180000	next
Picture	82	other				1809040	1	10000	2	190000	10000
Picture	full0n	other				1819040	1	3167	2	0	3120
Picture	full0i	other				1831374	1	2833	2	0	2790
Picture	full0n	other				1844208	1	4500	2	0	4450
Picture	full1n	other				1855708	1	3500	2	0	3450
Picture	blue0i	false alarm	2	5955	2	1869208	1	4834	2	0	4790
Picture	full0n	other				1881375	1	4333	3	0	4290
Picture	full1i	other				1893709	1	3500	2	0	3450
Picture	full1n	other				1904709	1	4167	2	0	4120
Picture	full1i	other				1916043	1	3000	2	0	2950
Picture	full0i	other				1928209	2	3834	3	0	3790
Picture	full1n	other				1939210	1	5000	2	0	4950
Picture	full1i	other				1951877	1	4166	2	0	4120
Picture	blue0n	false alarm	2	5518	2	1964044	1	4166	2	0	4120
Picture	full0i	other				1976711	1	3666	2	0	3620
Picture	full0n	other				1987544	1	4500	2	0	4450
Picture	full0i	other				1999878	1	3333	2	0	3290
Picture	full0n	other				2012211	1	4334	2	0	4290
Picture	full1n	other				2024378	1	4667	2	0	4620
Picture	full0i	other				2037545	1	2500	2	0	2450
Picture	full1i	other				2048379	1	3000	2	0	2950
Picture	full0n	other				2059379	1	5000	2	0	4950
Picture	full1n	other				2072046	1	4500	2	0	4450
Picture	blue1i	false alarm	2	5148	2	2085213	1	3000	2	0	2950
Picture	full0i	other				2096713	1	3334	2	0	3290
Picture	full0n	other				2110213	2	3167	3	0	3120
Picture	full1n	other				2123380	2	3834	3	0	3790
Picture	full1i	other				2135547	1	5000	3	0	4950
Picture	full1n	other				2147381	1	2500	2	0	2450
Picture	full0i	other				2160548	1	4333	2	0	4290
Picture	full0n	other				2174048	1	2834	2	0	2790
Picture	full1i	other				2186382	1	2833	2	0	2790
Picture	full0i	other				2199215	2	4167	3	0	4120
Picture	full0n	other				2210716	1	3666	2	0	3620
Picture	full0i	other				2222549	1	3667	2	0	3620
Picture	full1n	other				2236050	1	5000	2	0	4950
Picture	full0n	other				2246883	1	2834	2	0	2790
Picture	blue0i	false alarm	2	5541	3	2258217	1	3000	2	0	2950
Picture	full1i	other				2270050	1	2834	2	0	2790
Picture	full1n	other				2281051	1	4000	2	0	3950
Picture	full1i	other				2293218	1	3666	2	0	3620
Picture	full1n	other				2305051	1	2834	2	0	2790
Picture	blue1i	false alarm	2	5773	2	2317385	1	4333	2	0	4290
Picture	full0n	other				2329552	1	3666	2	0	3620
Picture	full1n	other				2342385	1	3667	2	0	3620
Picture	full0i	other				2353386	1	4500	2	0	4450
Picture	full1i	other				2366052	2	3167	3	0	3120
Picture	full0n	other				2378719	2	3001	3	0	2950
Picture	full1n	other				2391386	1	3167	2	0	3120
Picture	full1i	other				2403553	1	3834	2	0	3790
Picture	full1n	other				2416387	1	3000	2	0	2950
Picture	full1i	other				2429887	1	4834	2	0	4790
Picture	full0i	other				2441387	2	2501	3	0	2450
Picture	blue0n	false alarm	2	6035	2	2452721	1	3000	2	0	2950
Picture	full1n	other				2464888	1	3000	2	0	2950
Picture	full1i	other				2477722	1	3666	2	0	3620
Picture	full0i	other				2491222	1	3333	2	0	3290
Picture	full0n	other				2502055	2	4501	3	0	4450
Picture	full0i	other				2514722	2	4167	3	0	4120
Picture	full1n	other				2525723	1	2666	2	0	2620
Picture	full1i	other				2537890	1	4666	2	0	4620
Picture	blue1n	false alarm	2	6765	2	2548890	1	2667	2	0	2620
Picture	full0n	other				2561223	2	4667	3	0	4620
Picture	full1i	other				2574390	2	2834	3	0	2790
Picture	full0i	other				2585224	1	4000	2	0	3950
Picture	full0n	other				2597391	1	3500	2	0	3450
Picture	full0i	other				2609225	1	4000	2	0	3950
Picture	full1n	other				2620225	1	4500	2	0	4450
Picture	full1i	other				2633725	1	2500	2	0	2450
Picture	full1n	other				2645559	1	4166	2	0	4120
Picture	blue1i	false alarm	2	7027	3	2658726	1	4833	2	0	4790
Picture	full1n	other				2669726	1	2500	2	0	2450
Picture	full1i	other				2682559	2	4834	3	0	4790
Picture	full1n	other				2693893	1	3333	3	0	3290
Picture	full0n	other				2706560	1	3500	2	0	3450
Picture	full0i	other				2719227	1	3833	2	0	3790
Picture	full1i	other				2732394	1	4500	2	0	4450
Picture	full1n	other				2743227	2	2501	3	0	2450
Picture	full0n	other				2754728	1	4166	3	0	4120
Picture	full1i	other				2767561	1	4667	2	0	4620
Picture	blue0i	false alarm	2	6357	2	2779395	1	2500	2	0	2450
Picture	full0n	other				2791229	1	3500	2	0	3450
Picture	full0i	other				2802729	1	3167	2	0	3120
Picture	full0n	other				2813562	1	3000	2	0	2950
Picture	full1n	other				2825896	1	3333	2	0	3290
Picture	full1i	other				2838730	1	3000	2	0	2950
Picture	full0i	other				2851063	1	3000	2	0	2950
Picture	full0n	other				2864563	2	3667	3	0	3620
Picture	full0i	other				2878064	1	4000	2	0	3950
Picture	blue1n	false alarm	2	7320	2	2890231	1	4833	2	0	4790
Picture	full0n	other				2903731	1	2500	2	0	2450
Picture	full1i	other				2915065	1	4500	2	0	4450
Picture	full0i	other				2928232	1	3333	2	0	3290
Picture	full0n	other				2940899	1	4500	2	0	4450
Picture	full1n	other				2951732	1	4167	2	0	4120
Picture	full0i	other				2964899	1	3833	2	0	3790
Picture	full0n	other				2977733	1	4500	2	0	4450
Picture	full0i	other				2989900	1	2833	2	0	2790
Picture	full0n	other				3001400	1	3833	2	0	3790
Picture	full0i	other				3012900	1	4500	2	0	4450
Picture	full1i	other				3025734	1	3666	2	0	3620
Picture	full0n	other				3037067	1	4500	2	0	4450
Picture	full0i	other				3048401	1	4500	2	0	4450
Picture	full0n	other				3060568	1	4667	2	0	4620
Picture	full0i	other				3074068	1	3167	2	0	3120
Picture	blue0n	false alarm	2	6214	2	3087235	1	2667	2	0	2620
Picture	full1n	other				3098569	1	4666	2	0	4620
Picture	full1i	other				3110736	1	5000	2	0	4950
Picture	full0i	other				3122236	1	3500	2	0	3450
Picture	full0n	other				3135403	1	4833	2	0	4790
Picture	full1n	other				3147570	1	4500	2	0	4450
Picture	full1i	other				3159903	1	2667	2	0	2620
Picture	full0i	other				3172570	1	3167	2	0	3120
Picture	full1n	other				3185404	1	3167	2	0	3120
Picture	blue1i	false alarm	2	7743	2	3196904	1	3167	2	0	3120
Picture	full1n	other				3207904	1	3167	2	0	3120
Picture	full0n	other				3220071	1	3834	2	0	3790
Picture	full0i	other				3231905	1	4833	2	0	4790
Picture	full0n	other				3244072	1	4500	2	0	4450
Picture	full1i	other				3254905	2	4501	3	0	4450
Picture	full1n	other				3267072	1	5000	3	0	4950
Picture	full0i	other				3279239	1	2500	2	0	2450
Picture	full1i	other				3291406	1	4667	2	0	4620
Picture	full1n	other				3302740	1	3167	2	0	3120
Picture	full1i	other				3314240	1	4333	3	0	4290
Picture	full1n	other				3326407	1	3667	2	0	3620
Picture	full1i	other				3338741	1	2666	2	0	2620
Picture	blue0n	false alarm	2	4772	2	3350574	1	2834	2	0	2790
Picture	full1n	other				3361574	2	5001	3	0	4950
Picture	full0i	other				3373075	1	3333	2	0	3290
Picture	full1i	other				3384408	1	2834	2	0	2790
Picture	full1n	other				3396242	1	3833	2	0	3790
Picture	full1i	other				3407575	2	2834	3	0	2790
Picture	full0n	other				3418409	1	3333	2	0	3290
Picture	default	other				3429743	1	2666	2	0	2500
Picture	default	other				3449910	1	6998	2	0	2500
