Scenario - visual LTP Rap V4.0 HVA (based on combined block 1+2 from old 45 135 degree pilot)
Logfile written - 11/19/2015 11:10:24

Subject	Trial	Event Type	Code	Time	TTime	Uncertainty	Duration	Uncertainty	ReqTime	ReqDur

03_S0316_v0	1	Response	128	5940	5784	2
03_S0316_v0	3	Picture	full1n	16184	0	1	3172	2	0	3120
03_S0316_v0	4	Picture	full1i	27203	0	1	2838	2	0	2790
03_S0316_v0	5	Picture	full1n	40393	0	1	4507	2	0	4450
03_S0316_v0	6	Picture	full0n	53582	0	1	3506	2	0	3450
03_S0316_v0	7	Picture	full1i	64267	0	1	4842	2	0	4790
03_S0316_v0	8	Picture	full1n	76288	0	1	4341	2	0	4290
03_S0316_v0	9	Picture	full0i	88288	0	189	3527	190	0	3450
03_S0316_v0	10	Picture	full0n	100663	0	1	4174	2	0	4120
03_S0316_v0	11	Picture	blue0i	112133	0	218	3055	219	0	2950
03_S0316_v0	11	Response	10	115797	3664	2
03_S0316_v0	12	Picture	full1i	124204	0	1	3840	2	0	3790
03_S0316_v0	13	Picture	full0n	137059	0	2	5009	3	0	4950
03_S0316_v0	14	Picture	full0i	149748	0	1	4174	2	0	4120
03_S0316_v0	15	Picture	full1n	163104	0	2	4174	3	0	4120
03_S0316_v0	16	Picture	full1i	175793	0	1	3673	2	0	3620
03_S0316_v0	17	Picture	full1n	187146	0	1	4508	2	0	4450
03_S0316_v0	18	Picture	blue1i	199146	0	189	3360	190	0	3290
03_S0316_v0	18	Response	10	202496	3350	2
03_S0316_v0	18	Response	10	208497	9351	1
03_S0316_v0	19	Picture	full1n	211187	0	2	4341	3	0	4290
03_S0316_v0	20	Picture	full0n	223208	0	1	4675	2	0	4620
03_S0316_v0	21	Picture	full1i	235062	0	1	2504	2	0	2450
03_S0316_v0	22	Picture	full0i	247417	0	1	3005	2	0	2950
03_S0316_v0	23	Picture	full0n	260773	0	1	5009	2	0	4950
03_S0316_v0	24	Picture	full0i	274130	0	1	4507	2	0	4450
03_S0316_v0	25	Picture	full0n	286985	0	1	3005	2	0	2950
03_S0316_v0	26	Picture	full1n	299674	0	1	3339	2	0	3290
03_S0316_v0	27	Picture	blue1i	311527	0	2	3173	3	0	3120
03_S0316_v0	27	Response	10	314896	3369	1
03_S0316_v0	28	Picture	full0i	324216	0	1	3840	2	0	3790
03_S0316_v0	29	Picture	full0n	336571	0	1	5008	2	0	4950
03_S0316_v0	30	Picture	full0i	348425	0	1	2504	2	0	2450
03_S0316_v0	31	Picture	full1n	359777	0	2	4341	3	0	4290
03_S0316_v0	32	Picture	full1i	371798	0	1	2838	2	0	2790
03_S0316_v0	33	Picture	full0n	383318	0	1	2838	2	0	2790
03_S0316_v0	34	Picture	full1n	394003	0	1	4174	2	0	4120
03_S0316_v0	35	Picture	full1i	406024	0	1	3673	2	0	3620
03_S0316_v0	36	Picture	full1n	418880	0	1	3673	2	0	3620
03_S0316_v0	37	Picture	full0i	430900	0	1	5009	2	0	4950
03_S0316_v0	38	Picture	blue1i	442253	0	1	2838	2	0	2790
03_S0316_v0	38	Response	10	446095	3842	1
03_S0316_v0	39	Picture	full1n	453272	0	1	3005	2	0	2950
03_S0316_v0	40	Picture	full0n	465961	0	1	2838	2	0	2790
03_S0316_v0	41	Picture	full0i	476980	0	1	4007	2	0	3950
03_S0316_v0	42	Picture	full0n	489001	0	1	3673	2	0	3620
03_S0316_v0	43	Picture	full0i	501856	0	1	2838	3	0	2790
03_S0316_v0	44	Picture	full0n	515046	0	1	4340	2	0	4290
03_S0316_v0	45	Picture	full1i	528235	0	1	3673	2	0	3620
03_S0316_v0	46	Picture	full0i	540924	0	1	3673	2	0	3620
03_S0316_v0	47	Picture	full1n	551609	0	1	4508	2	0	4450
03_S0316_v0	48	Picture	full0n	563630	0	1	3172	2	0	3120
03_S0316_v0	49	Picture	full1i	575149	0	2	3006	3	0	2950
03_S0316_v0	50	Picture	blue0i	587003	0	1	3172	2	0	3120
03_S0316_v0	50	Response	10	590594	3591	1
03_S0316_v0	51	Picture	full0n	598523	0	1	3840	2	0	3790
03_S0316_v0	52	Picture	full0i	610878	0	1	3005	2	0	2950
03_S0316_v0	53	Picture	full0n	622398	0	1	4841	2	0	4790
03_S0316_v0	54	Picture	full1n	635587	0	1	2504	2	0	2450
03_S0316_v0	55	Picture	full1i	646272	0	1	3005	2	0	2950
03_S0316_v0	56	Picture	full0i	659629	0	1	3005	2	0	2950
03_S0316_v0	57	Picture	full0n	670982	0	1	3673	2	0	3620
03_S0316_v0	58	Picture	full1n	684171	0	1	3339	2	0	3290
03_S0316_v0	59	Picture	full1i	696192	0	1	4508	2	0	4450
03_S0316_v0	60	Picture	blue1n	708046	0	1	4173	3	0	4120
03_S0316_v0	60	Response	10	711193	3147	2
03_S0316_v0	61	Picture	full0i	720400	0	1	2672	2	0	2620
03_S0316_v0	62	Picture	full0n	733089	0	1	4675	2	0	4620
03_S0316_v0	63	Picture	full0i	745110	0	1	2671	2	0	2620
03_S0316_v0	64	Picture	full1i	757965	0	1	4675	2	0	4620
03_S0316_v0	65	Picture	full0n	769485	0	1	2838	2	0	2790
03_S0316_v0	66	Picture	full1n	781506	0	1	4007	2	0	3950
03_S0316_v0	67	Picture	full1i	794361	0	1	3506	2	0	3450
03_S0316_v0	68	Picture	full1n	806716	0	1	4007	2	0	3950
03_S0316_v0	69	Picture	full0i	818737	0	1	4508	2	0	4450
03_S0316_v0	70	Picture	blue0n	830737	0	189	2525	190	0	2450
03_S0316_v0	70	Response	10	834803	4066	1
03_S0316_v0	71	Picture	full0i	842778	0	1	4174	2	0	4120
03_S0316_v0	72	Picture	full0n	853463	0	2	4842	3	0	4790
03_S0316_v0	73	Picture	full0i	864482	0	2	2505	3	0	2450
03_S0316_v0	74	Picture	full0n	877338	0	1	4842	2	0	4790
03_S0316_v0	75	Picture	full0i	890027	0	1	3339	2	0	3290
03_S0316_v0	76	Picture	full1i	903383	0	1	3506	2	0	3450
03_S0316_v0	77	Picture	full1n	916072	0	1	3840	2	0	3790
03_S0316_v0	78	Picture	full0n	928927	0	1	4508	2	0	4450
03_S0316_v0	79	Picture	full0i	940948	0	1	2504	2	0	2450
03_S0316_v0	80	Picture	full1i	951633	0	1	4174	2	0	4120
03_S0316_v0	81	Picture	blue0n	964489	0	1	4674	2	0	4620
03_S0316_v0	81	Response	10	967302	2813	1
03_S0316_v0	82	Picture	full1n	975508	0	1	2504	2	0	2450
03_S0316_v0	83	Picture	full1i	987862	0	1	3506	2	0	3450
03_S0316_v0	84	Picture	full1n	998881	0	1	3172	2	0	3120
03_S0316_v0	85	Picture	full1i	1012071	0	1	3005	2	0	2950
03_S0316_v0	86	Picture	full0i	1023591	0	1	3339	2	0	3290
03_S0316_v0	87	Picture	full0n	1035111	0	1	3005	2	0	2950
03_S0316_v0	88	Picture	full1n	1047465	0	1	3005	2	0	2950
03_S0316_v0	89	Picture	full1i	1059486	0	1	3673	2	0	3620
03_S0316_v0	90	Picture	full1n	1072675	0	1	4007	2	0	3950
03_S0316_v0	91	Picture	full1i	1084028	0	1	4842	2	0	4790
03_S0316_v0	92	Picture	full1n	1097218	0	1	2504	2	0	2450
03_S0316_v0	92	Response	10	1100401	3183	1
03_S0316_v0	93	Picture	full0i	1108571	0	1	4508	2	0	4450
03_S0316_v0	94	Picture	blue1i	1119924	0	1	3339	2	0	3290
03_S0316_v0	94	Response	10	1123101	3177	1
03_S0316_v0	95	Picture	full1n	1131777	0	2	4508	3	0	4450
03_S0316_v0	96	Picture	full0n	1144967	0	1	4174	2	0	4120
03_S0316_v0	97	Picture	full1i	1156487	0	1	3840	2	0	3790
03_S0316_v0	98	Picture	full1n	1167506	0	1	4508	2	0	4450
03_S0316_v0	99	Picture	full1i	1180695	0	1	2839	2	0	2790
03_S0316_v0	100	Picture	full1n	1191380	0	2	3840	3	0	3790
03_S0316_v0	101	Picture	full1i	1203401	0	1	4508	2	0	4450
03_S0316_v0	102	Picture	full0i	1214086	0	1	3673	2	0	3620
03_S0316_v0	103	Picture	blue1n	1225105	0	1	4508	2	0	4450
03_S0316_v0	103	Response	10	1228700	3595	1
03_S0316_v0	104	Picture	full1i	1236124	0	1	4508	2	0	4450
03_S0316_v0	105	Picture	full1n	1249481	0	1	4675	2	0	4620
03_S0316_v0	106	Picture	full1i	1261335	0	1	3172	2	0	3120
03_S0316_v0	107	Picture	full1n	1274691	0	1	2671	2	0	2620
03_S0316_v0	108	Picture	full0n	1286545	0	1	4675	2	0	4620
03_S0316_v0	109	Picture	full0i	1298566	0	1	5008	2	0	4950
03_S0316_v0	110	Picture	full1i	1310920	0	1	3506	2	0	3450
03_S0316_v0	111	Picture	full1n	1324277	0	1	4841	2	0	4790
03_S0316_v0	112	Picture	blue0n	1336631	0	1	4508	2	0	4450
03_S0316_v0	112	Response	10	1339899	3268	2
03_S0316_v0	113	Picture	full0i	1347984	0	1	2672	2	0	2620
03_S0316_v0	114	Picture	full1i	1359504	0	1	3172	2	0	3120
03_S0316_v0	115	Picture	full0n	1372193	0	1	3172	2	0	3120
03_S0316_v0	116	Picture	full0i	1382878	0	1	3172	2	0	3120
03_S0316_v0	117	Picture	full0n	1394732	0	1	3172	2	0	3120
03_S0316_v0	118	Picture	full1n	1407587	0	1	3840	2	0	3790
03_S0316_v0	119	Picture	full1i	1420944	0	1	4841	2	0	4790
03_S0316_v0	120	Picture	full1n	1433799	0	1	4508	2	0	4450
03_S0316_v0	121	Picture	blue0i	1445152	0	1	4508	2	0	4450
03_S0316_v0	121	Response	10	1448699	3547	1
03_S0316_v0	122	Picture	full0n	1457006	0	1	5009	2	0	4950
03_S0316_v0	123	Picture	full1i	1468025	0	1	2504	2	0	2450
03_S0316_v0	124	Picture	full0i	1480380	0	1	4674	2	0	4620
03_S0316_v0	125	Picture	full0n	1491733	0	1	3172	2	0	3120
03_S0316_v0	126	Picture	full0i	1503086	0	1	4340	2	0	4290
03_S0316_v0	127	Picture	full0n	1514605	0	2	3673	3	0	3620
03_S0316_v0	128	Picture	full0i	1526459	0	1	2672	2	0	2620
03_S0316_v0	129	Picture	blue1n	1539816	0	1	2838	2	0	2790
03_S0316_v0	129	Response	10	1543298	3482	2
03_S0316_v0	130	Picture	full0n	1553172	0	1	5009	2	0	4950
03_S0316_v0	131	Picture	full1i	1564191	0	1	3339	2	0	3290
03_S0316_v0	132	Picture	full0i	1576880	0	1	2838	2	0	2790
03_S0316_v0	133	Picture	full0n	1588400	0	1	3840	2	0	3790
03_S0316_v0	134	Picture	full0i	1600420	0	1	2839	2	0	2790
03_S0316_v0	134	Response	10	1604298	3878	1
03_S0316_v0	135	Picture	full1n	1611105	0	2	3340	3	0	3290
03_S0316_v0	136	Picture	82	1622458	0	1	100173	2	0	next
03_S0316_v0	136	Picture	82	1722631	100173	1	9851	2	100000	next
03_S0316_v0	136	Picture	82	1732482	110024	1	10017	2	110000	next
03_S0316_v0	136	Picture	82	1742499	120041	1	10017	2	120000	next
03_S0316_v0	136	Picture	82	1752516	130058	1	10018	2	130000	next
03_S0316_v0	136	Picture	82	1762534	140076	1	10017	2	140000	next
03_S0316_v0	136	Picture	82	1772551	150093	1	10017	2	150000	next
03_S0316_v0	136	Picture	82	1782568	160110	1	10018	2	160000	next
03_S0316_v0	136	Picture	82	1792586	170128	1	10017	2	170000	next
03_S0316_v0	136	Picture	82	1802603	180145	1	10017	2	180000	next
03_S0316_v0	136	Picture	82	1812620	190162	1	9851	2	190000	10000
03_S0316_v0	137	Picture	full0n	1822471	0	1	3172	2	0	3120
03_S0316_v0	138	Picture	full0i	1834825	0	1	2838	3	0	2790
03_S0316_v0	139	Picture	full0n	1847681	0	1	4508	2	0	4450
03_S0316_v0	139	Response	10	1852996	5315	2
03_S0316_v0	140	Picture	full1n	1859201	0	1	3506	2	0	3450
03_S0316_v0	141	Picture	blue0i	1872557	0	1	4842	2	0	4790
03_S0316_v0	141	Response	10	1879996	7439	1
03_S0316_v0	142	Picture	full0n	1884578	0	1	4341	2	0	4290
03_S0316_v0	143	Picture	full1i	1896933	0	1	3506	2	0	3450
03_S0316_v0	144	Picture	full1n	1907952	0	1	4173	2	0	4120
03_S0316_v0	145	Picture	full1i	1919305	0	1	3005	2	0	2950
03_S0316_v0	146	Picture	full0i	1931325	0	1	3840	2	0	3790
03_S0316_v0	147	Picture	full1n	1942344	0	1	5009	2	0	4950
03_S0316_v0	148	Picture	full1i	1955033	0	1	4174	2	0	4120
03_S0316_v0	149	Picture	blue0n	1967054	0	1	4174	2	0	4120
03_S0316_v0	149	Response	10	1971396	4342	1
03_S0316_v0	150	Picture	full0i	1979742	0	1	3673	2	0	3620
03_S0316_v0	151	Picture	full0n	1990427	0	1	4508	2	0	4450
03_S0316_v0	152	Picture	full0i	2002782	0	1	3339	2	0	3290
03_S0316_v0	153	Picture	full0n	2015137	0	1	4341	2	0	4290
03_S0316_v0	154	Picture	full1n	2027157	0	2	4675	3	0	4620
03_S0316_v0	155	Picture	full0i	2040347	0	1	2504	2	0	2450
03_S0316_v0	156	Picture	full1i	2051032	0	1	3005	2	0	2950
03_S0316_v0	157	Picture	full0n	2062051	0	1	5009	2	0	4950
03_S0316_v0	158	Picture	full1n	2074740	0	1	4507	3	0	4450
03_S0316_v0	159	Picture	blue1i	2087929	0	1	3005	2	0	2950
03_S0316_v0	159	Response	10	2090995	3066	1
03_S0316_v0	160	Picture	full0i	2099449	0	1	3339	2	0	3290
03_S0316_v0	161	Picture	full0n	2112805	0	2	3173	3	0	3120
03_S0316_v0	162	Picture	full1n	2125995	0	1	3840	2	0	3790
03_S0316_v0	163	Picture	full1i	2138016	0	1	5008	2	0	4950
03_S0316_v0	164	Picture	full1n	2149869	0	2	2505	3	0	2450
03_S0316_v0	165	Picture	full0i	2163059	0	1	4341	2	0	4290
03_S0316_v0	165	Response	10	2166195	3136	1
03_S0316_v0	166	Picture	full0n	2176415	0	1	2839	2	0	2790
03_S0316_v0	167	Picture	full1i	2188770	0	1	2838	2	0	2790
03_S0316_v0	168	Picture	full0i	2201626	0	1	4173	2	0	4120
03_S0316_v0	169	Picture	full0n	2213145	0	2	3673	4	0	3620
03_S0316_v0	170	Picture	full0i	2224999	0	1	3673	2	0	3620
03_S0316_v0	171	Picture	full1n	2238356	0	1	5008	2	0	4950
03_S0316_v0	172	Picture	full0n	2249041	0	1	2838	2	0	2790
03_S0316_v0	173	Picture	blue0i	2260394	0	1	3005	2	0	2950
03_S0316_v0	173	Response	10	2264094	3700	1
03_S0316_v0	174	Picture	full1i	2272248	0	1	2838	2	0	2790
03_S0316_v0	175	Picture	full1n	2283267	0	1	4007	2	0	3950
03_S0316_v0	176	Picture	full1i	2295287	0	1	3673	2	0	3620
03_S0316_v0	177	Picture	full1n	2307141	0	1	2838	2	0	2790
03_S0316_v0	178	Picture	blue1i	2319496	0	1	4341	2	0	4290
03_S0316_v0	178	Response	10	2322893	3397	2
03_S0316_v0	179	Picture	full0n	2331517	0	1	3673	2	0	3620
03_S0316_v0	180	Picture	full1n	2344372	0	1	3673	2	0	3620
03_S0316_v0	181	Picture	full0i	2355391	0	1	4508	2	0	4450
03_S0316_v0	182	Picture	full1i	2368080	0	1	3172	2	0	3120
03_S0316_v0	183	Picture	full0n	2380768	0	1	3006	2	0	2950
03_S0316_v0	184	Picture	full1n	2393457	0	1	3172	2	0	3120
03_S0316_v0	185	Picture	full1i	2405478	0	1	3840	2	0	3790
03_S0316_v0	186	Picture	full1n	2418333	0	1	3005	2	0	2950
03_S0316_v0	187	Picture	full1i	2431690	0	1	4841	2	0	4790
03_S0316_v0	188	Picture	full0i	2443210	0	1	2504	2	0	2450
03_S0316_v0	189	Picture	blue0n	2454563	0	1	3005	2	0	2950
03_S0316_v0	189	Response	10	2458092	3529	2
03_S0316_v0	190	Picture	full1n	2466583	0	1	3005	3	0	2950
03_S0316_v0	191	Picture	full1i	2479439	0	1	3673	2	0	3620
03_S0316_v0	192	Picture	full0i	2492795	0	1	3339	2	0	3290
03_S0316_v0	193	Picture	full0n	2503480	0	1	4508	2	0	4450
03_S0316_v0	194	Picture	full0i	2516169	0	1	4174	2	0	4120
03_S0316_v0	195	Picture	full1n	2527188	0	1	2671	2	0	2620
03_S0316_v0	195	Response	10	2527292	104	1
03_S0316_v0	196	Picture	full1i	2539209	0	1	4674	3	0	4620
03_S0316_v0	197	Picture	blue1n	2550228	0	1	2671	2	0	2620
03_S0316_v0	197	Response	10	2553892	3664	1
03_S0316_v0	198	Picture	full0n	2562582	0	2	4675	3	0	4620
03_S0316_v0	199	Picture	full1i	2575772	0	1	2838	2	0	2790
03_S0316_v0	200	Picture	full0i	2586457	0	1	4007	2	0	3950
03_S0316_v0	201	Picture	full0n	2598478	0	1	3506	2	0	3450
03_S0316_v0	202	Picture	full0i	2610332	0	1	4007	2	0	3950
03_S0316_v0	203	Picture	full1n	2621351	0	1	4507	2	0	4450
03_S0316_v0	204	Picture	full1i	2634707	0	1	2504	2	0	2450
03_S0316_v0	205	Picture	full1n	2646561	0	1	4174	2	0	4120
03_S0316_v0	206	Picture	blue1i	2659750	0	1	4842	2	0	4790
03_S0316_v0	206	Response	10	2663491	3741	2
03_S0316_v0	207	Picture	full1n	2670769	0	1	2505	2	0	2450
03_S0316_v0	208	Picture	full1i	2683625	0	1	4842	2	0	4790
03_S0316_v0	209	Picture	full1n	2694978	0	1	3339	2	0	3290
03_S0316_v0	210	Picture	full0n	2707666	0	2	3506	4	0	3450
03_S0316_v0	211	Picture	full0i	2720355	0	1	3840	2	0	3790
03_S0316_v0	212	Picture	full1i	2733544	0	2	4508	3	0	4450
03_S0316_v0	213	Picture	full1n	2744230	0	1	2504	2	0	2450
03_S0316_v0	214	Picture	full0n	2755749	0	2	4174	3	0	4120
03_S0316_v0	215	Picture	full1i	2768605	0	1	4675	2	0	4620
03_S0316_v0	216	Picture	blue0i	2780459	0	1	2504	2	0	2450
03_S0316_v0	216	Response	10	2784290	3831	2
03_S0316_v0	217	Picture	full0n	2792313	0	1	3506	2	0	3450
03_S0316_v0	218	Picture	full0i	2803833	0	1	3172	2	0	3120
03_S0316_v0	219	Picture	full0n	2814518	0	1	3005	2	0	2950
03_S0316_v0	220	Picture	full1n	2826872	0	1	3339	3	0	3290
03_S0316_v0	221	Picture	full1i	2839728	0	1	3005	2	0	2950
03_S0316_v0	222	Picture	full0i	2852083	0	1	3005	2	0	2950
03_S0316_v0	223	Picture	full0n	2865439	0	1	3673	2	0	3620
03_S0316_v0	224	Picture	full0i	2878795	0	1	4007	2	0	3950
03_S0316_v0	225	Picture	blue1n	2890816	0	1	4842	2	0	4790
03_S0316_v0	225	Response	10	2894500	3684	1
03_S0316_v0	226	Picture	full0n	2904173	0	1	2504	2	0	2450
03_S0316_v0	227	Picture	full1i	2915526	0	1	4507	2	0	4450
03_S0316_v0	228	Picture	full0i	2928715	0	1	3339	2	0	3290
03_S0316_v0	229	Picture	full0n	2941404	0	1	4507	2	0	4450
03_S0316_v0	230	Picture	full1n	2952089	0	1	4174	2	0	4120
03_S0316_v0	231	Picture	full0i	2965278	0	1	3840	2	0	3790
03_S0316_v0	231	Response	10	2969299	4021	2
03_S0316_v0	232	Picture	full0n	2978134	0	1	4507	3	0	4450
03_S0316_v0	233	Picture	full0i	2990154	0	2	2839	3	0	2790
03_S0316_v0	233	Response	10	2996699	6545	2
03_S0316_v0	234	Picture	full0n	3001674	0	1	3840	2	0	3790
03_S0316_v0	235	Picture	full0i	3013194	0	1	4508	2	0	4450
03_S0316_v0	236	Picture	full1i	3026050	0	1	3673	2	0	3620
03_S0316_v0	237	Picture	full0n	3037403	0	1	4508	2	0	4450
03_S0316_v0	238	Picture	full0i	3048756	0	1	4507	3	0	4450
03_S0316_v0	239	Picture	full0n	3060776	0	2	4675	3	0	4620
03_S0316_v0	240	Picture	full0i	3074133	0	1	3172	2	0	3120
03_S0316_v0	241	Picture	blue0n	3087322	0	1	2672	2	0	2620
03_S0316_v0	241	Response	10	3093499	6177	1
03_S0316_v0	242	Picture	full1n	3098675	0	1	4675	2	0	4620
03_S0316_v0	243	Picture	full1i	3110696	0	1	5009	2	0	4950
03_S0316_v0	244	Picture	full0i	3122216	0	1	3506	2	0	3450
03_S0316_v0	245	Picture	full0n	3135405	0	1	4842	2	0	4790
03_S0316_v0	246	Picture	full1n	3147426	0	1	4508	2	0	4450
03_S0316_v0	247	Picture	full1i	3159781	0	1	2671	2	0	2620
03_S0316_v0	248	Picture	full0i	3172469	0	2	3173	3	0	3120
03_S0316_v0	249	Picture	full1n	3185325	0	1	3172	2	0	3120
03_S0316_v0	250	Picture	blue1i	3196845	0	1	3172	2	0	3120
03_S0316_v0	250	Response	10	3200598	3753	1
03_S0316_v0	251	Picture	full1n	3207864	0	1	3172	2	0	3120
03_S0316_v0	252	Picture	full0n	3219885	0	1	3840	2	0	3790
03_S0316_v0	253	Picture	full0i	3231738	0	2	4842	3	0	4790
03_S0316_v0	254	Picture	full0n	3243759	0	1	4508	2	0	4450
03_S0316_v0	255	Picture	full1i	3254444	0	1	4508	2	0	4450
03_S0316_v0	256	Picture	full1n	3266465	0	1	5009	2	0	4950
03_S0316_v0	257	Picture	full0i	3278486	0	1	2504	2	0	2450
03_S0316_v0	258	Picture	full1i	3290507	0	1	4674	2	0	4620
03_S0316_v0	259	Picture	full1n	3301860	0	1	3172	2	0	3120
03_S0316_v0	260	Picture	full1i	3313380	0	1	4340	2	0	4290
03_S0316_v0	261	Picture	full1n	3325400	0	1	3673	2	0	3620
03_S0316_v0	262	Picture	full1i	3337755	0	1	2671	2	0	2620
03_S0316_v0	263	Picture	blue0n	3349609	0	1	2838	2	0	2790
03_S0316_v0	263	Response	10	3352197	2588	1
03_S0316_v0	264	Picture	full1n	3360628	0	1	5008	3	0	4950
03_S0316_v0	264	Response	10	3368197	7569	1
03_S0316_v0	265	Picture	full0i	3372148	0	1	3339	2	0	3290
03_S0316_v0	266	Picture	full1i	3383501	0	1	2838	2	0	2790
03_S0316_v0	267	Picture	full1n	3395354	0	2	3840	3	0	3790
03_S0316_v0	268	Picture	full1i	3406707	0	1	2839	2	0	2790
03_S0316_v0	269	Picture	full0n	3417393	0	1	3339	2	0	3290
03_S0316_v0	270	Picture	default	3428745	0	2	2672	3	0	2500
03_S0316_v0	271	Picture	default	3448780	0	1	7030	2	0	2500


Event Type	Code	Type	Response	RT	RT Uncertainty	Time	Uncertainty	Duration	Uncertainty	ReqTime	ReqDur

Picture	full1n	other				16184	1	3172	2	0	3120
Picture	full1i	other				27203	1	2838	2	0	2790
Picture	full1n	other				40393	1	4507	2	0	4450
Picture	full0n	other				53582	1	3506	2	0	3450
Picture	full1i	other				64267	1	4842	2	0	4790
Picture	full1n	other				76288	1	4341	2	0	4290
Picture	full0i	other				88288	189	3527	190	0	3450
Picture	full0n	other				100663	1	4174	2	0	4120
Picture	blue0i	false alarm	2	3664	220	112133	218	3055	219	0	2950
Picture	full1i	other				124204	1	3840	2	0	3790
Picture	full0n	other				137059	2	5009	3	0	4950
Picture	full0i	other				149748	1	4174	2	0	4120
Picture	full1n	other				163104	2	4174	3	0	4120
Picture	full1i	other				175793	1	3673	2	0	3620
Picture	full1n	other				187146	1	4508	2	0	4450
Picture	blue1i	false alarm	2	3350	191	199146	189	3360	190	0	3290
Picture	full1n	other				211187	2	4341	3	0	4290
Picture	full0n	other				223208	1	4675	2	0	4620
Picture	full1i	other				235062	1	2504	2	0	2450
Picture	full0i	other				247417	1	3005	2	0	2950
Picture	full0n	other				260773	1	5009	2	0	4950
Picture	full0i	other				274130	1	4507	2	0	4450
Picture	full0n	other				286985	1	3005	2	0	2950
Picture	full1n	other				299674	1	3339	2	0	3290
Picture	blue1i	false alarm	2	3369	3	311527	2	3173	3	0	3120
Picture	full0i	other				324216	1	3840	2	0	3790
Picture	full0n	other				336571	1	5008	2	0	4950
Picture	full0i	other				348425	1	2504	2	0	2450
Picture	full1n	other				359777	2	4341	3	0	4290
Picture	full1i	other				371798	1	2838	2	0	2790
Picture	full0n	other				383318	1	2838	2	0	2790
Picture	full1n	other				394003	1	4174	2	0	4120
Picture	full1i	other				406024	1	3673	2	0	3620
Picture	full1n	other				418880	1	3673	2	0	3620
Picture	full0i	other				430900	1	5009	2	0	4950
Picture	blue1i	false alarm	2	3842	2	442253	1	2838	2	0	2790
Picture	full1n	other				453272	1	3005	2	0	2950
Picture	full0n	other				465961	1	2838	2	0	2790
Picture	full0i	other				476980	1	4007	2	0	3950
Picture	full0n	other				489001	1	3673	2	0	3620
Picture	full0i	other				501856	1	2838	3	0	2790
Picture	full0n	other				515046	1	4340	2	0	4290
Picture	full1i	other				528235	1	3673	2	0	3620
Picture	full0i	other				540924	1	3673	2	0	3620
Picture	full1n	other				551609	1	4508	2	0	4450
Picture	full0n	other				563630	1	3172	2	0	3120
Picture	full1i	other				575149	2	3006	3	0	2950
Picture	blue0i	false alarm	2	3591	2	587003	1	3172	2	0	3120
Picture	full0n	other				598523	1	3840	2	0	3790
Picture	full0i	other				610878	1	3005	2	0	2950
Picture	full0n	other				622398	1	4841	2	0	4790
Picture	full1n	other				635587	1	2504	2	0	2450
Picture	full1i	other				646272	1	3005	2	0	2950
Picture	full0i	other				659629	1	3005	2	0	2950
Picture	full0n	other				670982	1	3673	2	0	3620
Picture	full1n	other				684171	1	3339	2	0	3290
Picture	full1i	other				696192	1	4508	2	0	4450
Picture	blue1n	false alarm	2	3147	3	708046	1	4173	3	0	4120
Picture	full0i	other				720400	1	2672	2	0	2620
Picture	full0n	other				733089	1	4675	2	0	4620
Picture	full0i	other				745110	1	2671	2	0	2620
Picture	full1i	other				757965	1	4675	2	0	4620
Picture	full0n	other				769485	1	2838	2	0	2790
Picture	full1n	other				781506	1	4007	2	0	3950
Picture	full1i	other				794361	1	3506	2	0	3450
Picture	full1n	other				806716	1	4007	2	0	3950
Picture	full0i	other				818737	1	4508	2	0	4450
Picture	blue0n	false alarm	2	4066	190	830737	189	2525	190	0	2450
Picture	full0i	other				842778	1	4174	2	0	4120
Picture	full0n	other				853463	2	4842	3	0	4790
Picture	full0i	other				864482	2	2505	3	0	2450
Picture	full0n	other				877338	1	4842	2	0	4790
Picture	full0i	other				890027	1	3339	2	0	3290
Picture	full1i	other				903383	1	3506	2	0	3450
Picture	full1n	other				916072	1	3840	2	0	3790
Picture	full0n	other				928927	1	4508	2	0	4450
Picture	full0i	other				940948	1	2504	2	0	2450
Picture	full1i	other				951633	1	4174	2	0	4120
Picture	blue0n	false alarm	2	2813	2	964489	1	4674	2	0	4620
Picture	full1n	other				975508	1	2504	2	0	2450
Picture	full1i	other				987862	1	3506	2	0	3450
Picture	full1n	other				998881	1	3172	2	0	3120
Picture	full1i	other				1012071	1	3005	2	0	2950
Picture	full0i	other				1023591	1	3339	2	0	3290
Picture	full0n	other				1035111	1	3005	2	0	2950
Picture	full1n	other				1047465	1	3005	2	0	2950
Picture	full1i	other				1059486	1	3673	2	0	3620
Picture	full1n	other				1072675	1	4007	2	0	3950
Picture	full1i	other				1084028	1	4842	2	0	4790
Picture	full1n	other				1097218	1	2504	2	0	2450
Picture	full0i	other				1108571	1	4508	2	0	4450
Picture	blue1i	false alarm	2	3177	2	1119924	1	3339	2	0	3290
Picture	full1n	other				1131777	2	4508	3	0	4450
Picture	full0n	other				1144967	1	4174	2	0	4120
Picture	full1i	other				1156487	1	3840	2	0	3790
Picture	full1n	other				1167506	1	4508	2	0	4450
Picture	full1i	other				1180695	1	2839	2	0	2790
Picture	full1n	other				1191380	2	3840	3	0	3790
Picture	full1i	other				1203401	1	4508	2	0	4450
Picture	full0i	other				1214086	1	3673	2	0	3620
Picture	blue1n	false alarm	2	3595	2	1225105	1	4508	2	0	4450
Picture	full1i	other				1236124	1	4508	2	0	4450
Picture	full1n	other				1249481	1	4675	2	0	4620
Picture	full1i	other				1261335	1	3172	2	0	3120
Picture	full1n	other				1274691	1	2671	2	0	2620
Picture	full0n	other				1286545	1	4675	2	0	4620
Picture	full0i	other				1298566	1	5008	2	0	4950
Picture	full1i	other				1310920	1	3506	2	0	3450
Picture	full1n	other				1324277	1	4841	2	0	4790
Picture	blue0n	false alarm	2	3268	3	1336631	1	4508	2	0	4450
Picture	full0i	other				1347984	1	2672	2	0	2620
Picture	full1i	other				1359504	1	3172	2	0	3120
Picture	full0n	other				1372193	1	3172	2	0	3120
Picture	full0i	other				1382878	1	3172	2	0	3120
Picture	full0n	other				1394732	1	3172	2	0	3120
Picture	full1n	other				1407587	1	3840	2	0	3790
Picture	full1i	other				1420944	1	4841	2	0	4790
Picture	full1n	other				1433799	1	4508	2	0	4450
Picture	blue0i	false alarm	2	3547	2	1445152	1	4508	2	0	4450
Picture	full0n	other				1457006	1	5009	2	0	4950
Picture	full1i	other				1468025	1	2504	2	0	2450
Picture	full0i	other				1480380	1	4674	2	0	4620
Picture	full0n	other				1491733	1	3172	2	0	3120
Picture	full0i	other				1503086	1	4340	2	0	4290
Picture	full0n	other				1514605	2	3673	3	0	3620
Picture	full0i	other				1526459	1	2672	2	0	2620
Picture	blue1n	false alarm	2	3482	3	1539816	1	2838	2	0	2790
Picture	full0n	other				1553172	1	5009	2	0	4950
Picture	full1i	other				1564191	1	3339	2	0	3290
Picture	full0i	other				1576880	1	2838	2	0	2790
Picture	full0n	other				1588400	1	3840	2	0	3790
Picture	full0i	other				1600420	1	2839	2	0	2790
Picture	full1n	other				1611105	2	3340	3	0	3290
Picture	82	other				1622458	1	100173	2	0	next
Picture	82	other				1722631	1	9851	2	100000	next
Picture	82	other				1732482	1	10017	2	110000	next
Picture	82	other				1742499	1	10017	2	120000	next
Picture	82	other				1752516	1	10018	2	130000	next
Picture	82	other				1762534	1	10017	2	140000	next
Picture	82	other				1772551	1	10017	2	150000	next
Picture	82	other				1782568	1	10018	2	160000	next
Picture	82	other				1792586	1	10017	2	170000	next
Picture	82	other				1802603	1	10017	2	180000	next
Picture	82	other				1812620	1	9851	2	190000	10000
Picture	full0n	other				1822471	1	3172	2	0	3120
Picture	full0i	other				1834825	1	2838	3	0	2790
Picture	full0n	other				1847681	1	4508	2	0	4450
Picture	full1n	other				1859201	1	3506	2	0	3450
Picture	blue0i	false alarm	2	7439	2	1872557	1	4842	2	0	4790
Picture	full0n	other				1884578	1	4341	2	0	4290
Picture	full1i	other				1896933	1	3506	2	0	3450
Picture	full1n	other				1907952	1	4173	2	0	4120
Picture	full1i	other				1919305	1	3005	2	0	2950
Picture	full0i	other				1931325	1	3840	2	0	3790
Picture	full1n	other				1942344	1	5009	2	0	4950
Picture	full1i	other				1955033	1	4174	2	0	4120
Picture	blue0n	false alarm	2	4342	2	1967054	1	4174	2	0	4120
Picture	full0i	other				1979742	1	3673	2	0	3620
Picture	full0n	other				1990427	1	4508	2	0	4450
Picture	full0i	other				2002782	1	3339	2	0	3290
Picture	full0n	other				2015137	1	4341	2	0	4290
Picture	full1n	other				2027157	2	4675	3	0	4620
Picture	full0i	other				2040347	1	2504	2	0	2450
Picture	full1i	other				2051032	1	3005	2	0	2950
Picture	full0n	other				2062051	1	5009	2	0	4950
Picture	full1n	other				2074740	1	4507	3	0	4450
Picture	blue1i	false alarm	2	3066	2	2087929	1	3005	2	0	2950
Picture	full0i	other				2099449	1	3339	2	0	3290
Picture	full0n	other				2112805	2	3173	3	0	3120
Picture	full1n	other				2125995	1	3840	2	0	3790
Picture	full1i	other				2138016	1	5008	2	0	4950
Picture	full1n	other				2149869	2	2505	3	0	2450
Picture	full0i	other				2163059	1	4341	2	0	4290
Picture	full0n	other				2176415	1	2839	2	0	2790
Picture	full1i	other				2188770	1	2838	2	0	2790
Picture	full0i	other				2201626	1	4173	2	0	4120
Picture	full0n	other				2213145	2	3673	4	0	3620
Picture	full0i	other				2224999	1	3673	2	0	3620
Picture	full1n	other				2238356	1	5008	2	0	4950
Picture	full0n	other				2249041	1	2838	2	0	2790
Picture	blue0i	false alarm	2	3700	2	2260394	1	3005	2	0	2950
Picture	full1i	other				2272248	1	2838	2	0	2790
Picture	full1n	other				2283267	1	4007	2	0	3950
Picture	full1i	other				2295287	1	3673	2	0	3620
Picture	full1n	other				2307141	1	2838	2	0	2790
Picture	blue1i	false alarm	2	3397	3	2319496	1	4341	2	0	4290
Picture	full0n	other				2331517	1	3673	2	0	3620
Picture	full1n	other				2344372	1	3673	2	0	3620
Picture	full0i	other				2355391	1	4508	2	0	4450
Picture	full1i	other				2368080	1	3172	2	0	3120
Picture	full0n	other				2380768	1	3006	2	0	2950
Picture	full1n	other				2393457	1	3172	2	0	3120
Picture	full1i	other				2405478	1	3840	2	0	3790
Picture	full1n	other				2418333	1	3005	2	0	2950
Picture	full1i	other				2431690	1	4841	2	0	4790
Picture	full0i	other				2443210	1	2504	2	0	2450
Picture	blue0n	false alarm	2	3529	3	2454563	1	3005	2	0	2950
Picture	full1n	other				2466583	1	3005	3	0	2950
Picture	full1i	other				2479439	1	3673	2	0	3620
Picture	full0i	other				2492795	1	3339	2	0	3290
Picture	full0n	other				2503480	1	4508	2	0	4450
Picture	full0i	other				2516169	1	4174	2	0	4120
Picture	full1n	other				2527188	1	2671	2	0	2620
Picture	full1i	other				2539209	1	4674	3	0	4620
Picture	blue1n	false alarm	2	3664	2	2550228	1	2671	2	0	2620
Picture	full0n	other				2562582	2	4675	3	0	4620
Picture	full1i	other				2575772	1	2838	2	0	2790
Picture	full0i	other				2586457	1	4007	2	0	3950
Picture	full0n	other				2598478	1	3506	2	0	3450
Picture	full0i	other				2610332	1	4007	2	0	3950
Picture	full1n	other				2621351	1	4507	2	0	4450
Picture	full1i	other				2634707	1	2504	2	0	2450
Picture	full1n	other				2646561	1	4174	2	0	4120
Picture	blue1i	false alarm	2	3741	3	2659750	1	4842	2	0	4790
Picture	full1n	other				2670769	1	2505	2	0	2450
Picture	full1i	other				2683625	1	4842	2	0	4790
Picture	full1n	other				2694978	1	3339	2	0	3290
Picture	full0n	other				2707666	2	3506	4	0	3450
Picture	full0i	other				2720355	1	3840	2	0	3790
Picture	full1i	other				2733544	2	4508	3	0	4450
Picture	full1n	other				2744230	1	2504	2	0	2450
Picture	full0n	other				2755749	2	4174	3	0	4120
Picture	full1i	other				2768605	1	4675	2	0	4620
Picture	blue0i	false alarm	2	3831	3	2780459	1	2504	2	0	2450
Picture	full0n	other				2792313	1	3506	2	0	3450
Picture	full0i	other				2803833	1	3172	2	0	3120
Picture	full0n	other				2814518	1	3005	2	0	2950
Picture	full1n	other				2826872	1	3339	3	0	3290
Picture	full1i	other				2839728	1	3005	2	0	2950
Picture	full0i	other				2852083	1	3005	2	0	2950
Picture	full0n	other				2865439	1	3673	2	0	3620
Picture	full0i	other				2878795	1	4007	2	0	3950
Picture	blue1n	false alarm	2	3684	2	2890816	1	4842	2	0	4790
Picture	full0n	other				2904173	1	2504	2	0	2450
Picture	full1i	other				2915526	1	4507	2	0	4450
Picture	full0i	other				2928715	1	3339	2	0	3290
Picture	full0n	other				2941404	1	4507	2	0	4450
Picture	full1n	other				2952089	1	4174	2	0	4120
Picture	full0i	other				2965278	1	3840	2	0	3790
Picture	full0n	other				2978134	1	4507	3	0	4450
Picture	full0i	other				2990154	2	2839	3	0	2790
Picture	full0n	other				3001674	1	3840	2	0	3790
Picture	full0i	other				3013194	1	4508	2	0	4450
Picture	full1i	other				3026050	1	3673	2	0	3620
Picture	full0n	other				3037403	1	4508	2	0	4450
Picture	full0i	other				3048756	1	4507	3	0	4450
Picture	full0n	other				3060776	2	4675	3	0	4620
Picture	full0i	other				3074133	1	3172	2	0	3120
Picture	blue0n	false alarm	2	6177	2	3087322	1	2672	2	0	2620
Picture	full1n	other				3098675	1	4675	2	0	4620
Picture	full1i	other				3110696	1	5009	2	0	4950
Picture	full0i	other				3122216	1	3506	2	0	3450
Picture	full0n	other				3135405	1	4842	2	0	4790
Picture	full1n	other				3147426	1	4508	2	0	4450
Picture	full1i	other				3159781	1	2671	2	0	2620
Picture	full0i	other				3172469	2	3173	3	0	3120
Picture	full1n	other				3185325	1	3172	2	0	3120
Picture	blue1i	false alarm	2	3753	2	3196845	1	3172	2	0	3120
Picture	full1n	other				3207864	1	3172	2	0	3120
Picture	full0n	other				3219885	1	3840	2	0	3790
Picture	full0i	other				3231738	2	4842	3	0	4790
Picture	full0n	other				3243759	1	4508	2	0	4450
Picture	full1i	other				3254444	1	4508	2	0	4450
Picture	full1n	other				3266465	1	5009	2	0	4950
Picture	full0i	other				3278486	1	2504	2	0	2450
Picture	full1i	other				3290507	1	4674	2	0	4620
Picture	full1n	other				3301860	1	3172	2	0	3120
Picture	full1i	other				3313380	1	4340	2	0	4290
Picture	full1n	other				3325400	1	3673	2	0	3620
Picture	full1i	other				3337755	1	2671	2	0	2620
Picture	blue0n	false alarm	2	2588	2	3349609	1	2838	2	0	2790
Picture	full1n	other				3360628	1	5008	3	0	4950
Picture	full0i	other				3372148	1	3339	2	0	3290
Picture	full1i	other				3383501	1	2838	2	0	2790
Picture	full1n	other				3395354	2	3840	3	0	3790
Picture	full1i	other				3406707	1	2839	2	0	2790
Picture	full0n	other				3417393	1	3339	2	0	3290
Picture	default	other				3428745	2	2672	3	0	2500
Picture	default	other				3448780	1	7030	2	0	2500
