Scenario - visual LTP Rap V4.0 HVB (based on combined block 1+2 from old 45 135 degree pilot)
Logfile written - 11/19/2015 11:16:48

Subject	Trial	Event Type	Code	Time	TTime	Uncertainty	Duration	Uncertainty	ReqTime	ReqDur

03_S0316_v0	1	Response	128	10583	10427	2
03_S0316_v0	3	Picture	full1n	20859	0	1	4675	2	0	4620
03_S0316_v0	4	Picture	full0n	32329	0	218	2721	219	0	2620
03_S0316_v0	5	Picture	full0i	44233	0	1	4340	2	0	4290
03_S0316_v0	6	Picture	blue0n	57033	0	223	2726	224	0	2620
03_S0316_v0	7	Picture	full1i	69109	0	1	4007	2	0	3950
03_S0316_v0	8	Picture	full1n	80128	0	1	2504	2	0	2450
03_S0316_v0	9	Picture	full0i	91481	0	1	4842	2	0	4790
03_S0316_v0	10	Picture	full1i	102166	0	1	2504	2	0	2450
03_S0316_v0	11	Picture	full0n	114187	0	1	2838	2	0	2790
03_S0316_v0	12	Picture	full1n	127543	0	1	4675	2	0	4620
03_S0316_v0	13	Picture	full1i	139564	0	1	4842	2	0	4790
03_S0316_v0	14	Picture	full1n	150249	0	1	4174	2	0	4120
03_S0316_v0	15	Picture	full1i	163105	0	1	4674	2	0	4620
03_S0316_v0	16	Picture	full0i	176294	0	1	4007	2	0	3950
03_S0316_v0	17	Picture	blue0n	188983	0	1	3005	2	0	2950
03_S0316_v0	17	Response	10	192299	3316	2
03_S0316_v0	18	Picture	full0i	201003	0	1	4341	2	0	4290
03_S0316_v0	18	Response	10	201900	897	1
03_S0316_v0	19	Picture	full0n	211688	0	2	4174	3	0	4120
03_S0316_v0	20	Picture	full1n	224377	0	1	3172	2	0	3120
03_S0316_v0	21	Picture	full0i	235396	0	1	3840	2	0	3790
03_S0316_v0	22	Picture	full0n	248252	0	1	4174	2	0	4120
03_S0316_v0	23	Picture	full1i	259772	0	1	2504	2	0	2450
03_S0316_v0	24	Picture	full1n	271625	0	1	4174	2	0	4120
03_S0316_v0	25	Picture	full0i	282310	0	2	3006	3	0	2950
03_S0316_v0	26	Picture	full0n	294999	0	1	2838	2	0	2790
03_S0316_v0	27	Picture	full0i	306853	0	1	3172	2	0	3120
03_S0316_v0	28	Picture	full1i	318373	0	1	4841	3	0	4790
03_S0316_v0	29	Picture	blue1n	329726	0	1	4174	2	0	4120
03_S0316_v0	29	Response	10	334299	4573	1
03_S0316_v0	30	Picture	full0n	341246	0	1	5008	2	0	4950
03_S0316_v0	31	Picture	full1i	353266	0	1	4508	2	0	4450
03_S0316_v0	32	Picture	full1n	364619	0	1	4508	2	0	4450
03_S0316_v0	33	Picture	full1i	375972	0	1	4174	2	0	4120
03_S0316_v0	34	Picture	full1n	389329	0	1	4507	2	0	4450
03_S0316_v0	35	Picture	full0i	402184	0	1	2505	2	0	2450
03_S0316_v0	36	Picture	full0n	413537	0	1	4007	2	0	3950
03_S0316_v0	37	Picture	full0i	426226	0	1	4841	2	0	4790
03_S0316_v0	38	Picture	full1i	437746	0	1	2838	2	0	2790
03_S0316_v0	39	Picture	full1n	450935	0	1	4341	2	0	4290
03_S0316_v0	40	Picture	full1i	462956	0	1	3339	2	0	3290
03_S0316_v0	41	Picture	full1n	475311	0	1	5008	2	0	4950
03_S0316_v0	42	Picture	full0n	487665	0	1	3172	2	0	3120
03_S0316_v0	43	Picture	full0i	499185	0	1	4007	2	0	3950
03_S0316_v0	44	Picture	full0n	512542	0	1	4006	2	0	3950
03_S0316_v0	45	Picture	blue1i	525872	0	194	4868	195	0	4790
03_S0316_v0	45	Response	10	529598	3726	1
03_S0316_v0	46	Picture	full0i	537752	0	1	3005	2	0	2950
03_S0316_v0	47	Picture	full1n	550607	0	1	3172	2	0	3120
03_S0316_v0	48	Picture	full1i	563797	0	1	3339	2	0	3290
03_S0316_v0	49	Picture	full0n	576485	0	1	2839	2	0	2790
03_S0316_v0	50	Picture	blue1n	587838	0	1	4174	2	0	4120
03_S0316_v0	50	Response	10	592797	4959	1
03_S0316_v0	51	Picture	full1i	598857	0	1	3673	2	0	3620
03_S0316_v0	52	Picture	blue0i	609527	0	184	3855	185	0	3790
03_S0316_v0	52	Response	10	614597	5070	1
03_S0316_v0	53	Picture	full1n	620561	0	2	3006	3	0	2950
03_S0316_v0	54	Picture	full1i	632415	0	1	4842	2	0	4790
03_S0316_v0	55	Picture	full1n	644436	0	1	4508	2	0	4450
03_S0316_v0	56	Picture	full1i	656290	0	1	4508	2	0	4450
03_S0316_v0	57	Picture	blue1n	668645	0	1	3172	2	0	3120
03_S0316_v0	57	Response	10	672096	3451	2
03_S0316_v0	58	Picture	full0n	679997	0	2	4508	3	0	4450
03_S0316_v0	59	Picture	full1i	691517	0	1	3173	2	0	3120
03_S0316_v0	60	Picture	full1n	702870	0	1	3506	2	0	3450
03_S0316_v0	60	Response	10	713296	10426	2
03_S0316_v0	61	Picture	full1i	713555	0	2	4341	3	0	4290
03_S0316_v0	62	Picture	full1n	724574	0	2	3006	3	0	2950
03_S0316_v0	63	Picture	full1i	735927	0	1	3506	2	0	3450
03_S0316_v0	64	Picture	blue1n	747781	0	1	3339	2	0	3290
03_S0316_v0	64	Response	10	751496	3715	1
03_S0316_v0	65	Picture	full0i	760136	0	1	3172	2	0	3120
03_S0316_v0	66	Picture	full1i	773325	0	1	4675	2	0	4620
03_S0316_v0	67	Picture	full0n	785346	0	1	2671	2	0	2620
03_S0316_v0	68	Picture	full1n	798202	0	1	3673	2	0	3620
03_S0316_v0	69	Picture	full1i	809722	0	1	4841	2	0	4790
03_S0316_v0	70	Picture	full1n	820407	0	1	3339	2	0	3290
03_S0316_v0	71	Picture	full1i	832427	0	2	3840	3	0	3790
03_S0316_v0	72	Picture	full0i	843446	0	2	3840	3	0	3790
03_S0316_v0	73	Picture	full1n	856803	0	1	4508	2	0	4450
03_S0316_v0	74	Picture	full0n	869158	0	1	4841	2	0	4790
03_S0316_v0	75	Picture	full1i	879843	0	1	2671	2	0	2620
03_S0316_v0	76	Picture	full0i	891363	0	1	4507	2	0	4450
03_S0316_v0	77	Picture	full1n	903383	0	1	4341	2	0	4290
03_S0316_v0	78	Picture	full0n	915404	0	1	3840	2	0	3790
03_S0316_v0	79	Picture	blue0i	927759	0	1	2838	2	0	2790
03_S0316_v0	79	Response	10	931695	3936	1
03_S0316_v0	80	Picture	full0n	941115	0	1	4174	2	0	4120
03_S0316_v0	81	Picture	full0i	953136	0	1	2504	2	0	2450
03_S0316_v0	81	Response	10	957495	4359	1
03_S0316_v0	82	Picture	full1i	965992	0	1	4841	2	0	4790
03_S0316_v0	83	Picture	full1n	977011	0	1	2838	2	0	2790
03_S0316_v0	84	Picture	full1i	989699	0	1	4007	2	0	3950
03_S0316_v0	85	Picture	full0n	1003056	0	1	3840	2	0	3790
03_S0316_v0	86	Picture	full1n	1014408	0	2	4675	3	0	4620
03_S0316_v0	87	Picture	full1i	1026262	0	1	4007	2	0	3950
03_S0316_v0	88	Picture	full1n	1037281	0	1	3172	3	0	3120
03_S0316_v0	89	Picture	full0i	1050638	0	1	3840	2	0	3790
03_S0316_v0	90	Picture	full1i	1063827	0	1	2505	2	0	2450
03_S0316_v0	91	Picture	full0n	1075848	0	1	4341	2	0	4290
03_S0316_v0	91	Response	10	1081404	5556	1
03_S0316_v0	92	Picture	full0i	1088703	0	2	4007	3	0	3950
03_S0316_v0	93	Picture	full0n	1100724	0	1	4174	2	0	4120
03_S0316_v0	94	Picture	full1n	1112745	0	1	4174	2	0	4120
03_S0316_v0	95	Picture	full0i	1125934	0	2	4341	3	0	4290
03_S0316_v0	96	Picture	blue1i	1137454	0	1	4007	2	0	3950
03_S0316_v0	96	Response	10	1142204	4750	1
03_S0316_v0	97	Picture	full0n	1148473	0	2	2839	3	0	2790
03_S0316_v0	98	Picture	full1n	1159826	0	1	4174	2	0	4120
03_S0316_v0	99	Picture	full0i	1172515	0	1	3172	2	0	3120
03_S0316_v0	100	Picture	full0n	1185203	0	2	3674	3	0	3620
03_S0316_v0	101	Picture	full1i	1198059	0	1	3840	2	0	3790
03_S0316_v0	102	Picture	full0i	1211416	0	1	3506	2	0	3450
03_S0316_v0	103	Picture	full0n	1223770	0	1	2504	3	0	2450
03_S0316_v0	104	Picture	full0i	1235290	0	1	2838	2	0	2790
03_S0316_v0	105	Picture	full0n	1246643	0	1	3506	2	0	3450
03_S0316_v0	106	Picture	full0i	1258998	0	1	3005	2	0	2950
03_S0316_v0	107	Picture	full1n	1271018	0	2	5009	3	0	4950
03_S0316_v0	108	Picture	full0n	1283039	0	1	4341	2	0	4290
03_S0316_v0	109	Picture	full0i	1295394	0	1	4842	2	0	4790
03_S0316_v0	110	Picture	full0n	1308750	0	1	3506	2	0	3450
03_S0316_v0	111	Picture	blue0i	1320604	0	1	3840	2	0	3790
03_S0316_v0	111	Response	10	1323803	3199	1
03_S0316_v0	112	Picture	full0n	1332625	0	1	3339	2	0	3290
03_S0316_v0	113	Picture	full0i	1345814	0	1	3006	2	0	2950
03_S0316_v0	114	Picture	full1i	1356833	0	1	2672	2	0	2620
03_S0316_v0	115	Picture	full1n	1370023	0	1	3339	2	0	3290
03_S0316_v0	116	Picture	full0n	1383212	0	1	4842	2	0	4790
03_S0316_v0	117	Picture	full1i	1396569	0	1	4341	2	0	4290
03_S0316_v0	118	Picture	full1n	1408589	0	2	3840	3	0	3790
03_S0316_v0	119	Picture	full1i	1420443	0	1	4007	2	0	3950
03_S0316_v0	120	Picture	full1n	1431128	0	1	3173	2	0	3120
03_S0316_v0	121	Picture	blue0i	1443149	0	1	4341	2	0	4290
03_S0316_v0	121	Response	10	1449202	6053	1
03_S0316_v0	122	Picture	full0n	1455003	0	1	3005	2	0	2950
03_S0316_v0	123	Picture	full0i	1467358	0	1	4340	3	0	4290
03_S0316_v0	124	Picture	full1i	1480547	0	1	2671	2	0	2620
03_S0316_v0	125	Picture	full0n	1491232	0	1	4174	2	0	4120
03_S0316_v0	126	Picture	full0i	1503253	0	1	4842	2	0	4790
03_S0316_v0	127	Picture	full0n	1515942	0	1	2671	2	0	2620
03_S0316_v0	128	Picture	full0i	1528797	0	1	3172	2	0	3120
03_S0316_v0	129	Picture	full0n	1541653	0	1	4841	2	0	4790
03_S0316_v0	130	Picture	full0i	1553673	0	2	3673	3	0	3620
03_S0316_v0	131	Picture	blue1n	1566028	0	1	4508	2	0	4450
03_S0316_v0	132	Picture	full0n	1578717	0	1	4174	2	0	4120
03_S0316_v0	133	Picture	full0i	1591405	0	1	4675	2	0	4620
03_S0316_v0	134	Picture	full1i	1604595	0	1	4341	2	0	4290
03_S0316_v0	135	Picture	full1n	1616115	0	1	3673	2	0	3620
03_S0316_v0	136	Picture	82	1627134	0	1	100173	2	0	next
03_S0316_v0	136	Picture	82	1727307	100173	1	9850	2	100000	next
03_S0316_v0	136	Picture	82	1737157	110023	1	10017	2	110000	next
03_S0316_v0	136	Picture	82	1747174	120040	1	10018	2	120000	next
03_S0316_v0	136	Picture	82	1757192	130058	1	10017	2	130000	next
03_S0316_v0	136	Picture	82	1767209	140075	1	10017	2	140000	next
03_S0316_v0	136	Picture	82	1777226	150092	1	10018	2	150000	next
03_S0316_v0	136	Picture	82	1787244	160110	1	10017	2	160000	next
03_S0316_v0	136	Picture	82	1797261	170127	1	10017	2	170000	next
03_S0316_v0	136	Picture	82	1807278	180144	1	10018	2	180000	next
03_S0316_v0	136	Picture	82	1817296	190162	1	9850	2	190000	10000
03_S0316_v0	137	Picture	full0n	1827146	0	1	4675	2	0	4620
03_S0316_v0	138	Picture	full1n	1838499	0	1	2671	2	0	2620
03_S0316_v0	139	Picture	full1i	1850520	0	1	4340	2	0	4290
03_S0316_v0	140	Picture	full1n	1862373	0	2	2672	3	0	2620
03_S0316_v0	141	Picture	full0i	1873059	0	1	4006	3	0	3950
03_S0316_v0	142	Picture	full0n	1885914	0	1	2504	2	0	2450
03_S0316_v0	143	Picture	full1i	1897434	0	1	4842	2	0	4790
03_S0316_v0	144	Picture	full0i	1909789	0	1	2504	2	0	2450
03_S0316_v0	145	Picture	blue0n	1921809	0	2	2839	3	0	2790
03_S0316_v0	146	Picture	full0i	1933663	0	1	4675	2	0	4620
03_S0316_v0	147	Picture	full1n	1946519	0	1	4841	3	0	4790
03_S0316_v0	148	Picture	full0n	1957872	0	1	4174	2	0	4120
03_S0316_v0	149	Picture	full0i	1970560	0	1	4675	2	0	4620
03_S0316_v0	150	Picture	blue1i	1982915	0	1	4007	2	0	3950
03_S0316_v0	150	Response	10	1985898	2983	2
03_S0316_v0	151	Picture	full1n	1994769	0	1	3005	2	0	2950
03_S0316_v0	152	Picture	full1i	2005454	0	1	4341	2	0	4290
03_S0316_v0	153	Picture	full1n	2016974	0	1	4174	2	0	4120
03_S0316_v0	154	Picture	full0n	2028995	0	1	3172	2	0	3120
03_S0316_v0	155	Picture	full1i	2041683	0	1	3840	2	0	3790
03_S0316_v0	156	Picture	full1n	2054873	0	1	4174	2	0	4120
03_S0316_v0	157	Picture	full0i	2066893	0	2	2505	3	0	2450
03_S0316_v0	158	Picture	blue0n	2078914	0	1	4174	2	0	4120
03_S0316_v0	159	Picture	full1i	2089933	0	1	3005	2	0	2950
03_S0316_v0	160	Picture	full1n	2102622	0	1	2838	2	0	2790
03_S0316_v0	161	Picture	full1i	2113307	0	1	3172	2	0	3120
03_S0316_v0	162	Picture	full0i	2126496	0	1	4842	2	0	4790
03_S0316_v0	163	Picture	full0n	2138517	0	1	4174	2	0	4120
03_S0316_v0	164	Picture	full1n	2149536	0	1	5009	2	0	4950
03_S0316_v0	165	Picture	full0i	2162893	0	1	4507	2	0	4450
03_S0316_v0	166	Picture	full1i	2174246	0	1	4507	2	0	4450
03_S0316_v0	167	Picture	full0n	2187435	0	1	4174	2	0	4120
03_S0316_v0	168	Picture	full0i	2198955	0	1	4508	2	0	4450
03_S0316_v0	169	Picture	blue0n	2210976	0	1	2504	2	0	2450
03_S0316_v0	170	Picture	full1n	2222496	0	1	4007	2	0	3950
03_S0316_v0	171	Picture	full1i	2234015	0	2	4842	3	0	4790
03_S0316_v0	172	Picture	full0i	2247372	0	1	2838	2	0	2790
03_S0316_v0	173	Picture	full0n	2260060	0	2	4341	3	0	4290
03_S0316_v0	174	Picture	full0i	2271413	0	2	3340	3	0	3290
03_S0316_v0	175	Picture	full0n	2283267	0	1	5009	2	0	4950
03_S0316_v0	176	Picture	full1n	2295288	0	1	3172	2	0	3120
03_S0316_v0	177	Picture	full1i	2306307	0	1	4007	2	0	3950
03_S0316_v0	178	Picture	full1n	2317326	0	1	4007	2	0	3950
03_S0316_v0	179	Picture	full0i	2328345	0	1	4842	2	0	4790
03_S0316_v0	180	Picture	full1i	2339030	0	1	3005	2	0	2950
03_S0316_v0	181	Picture	full0n	2351385	0	1	3172	2	0	3120
03_S0316_v0	182	Picture	full0i	2364074	0	1	3339	2	0	3290
03_S0316_v0	183	Picture	blue1n	2376094	0	1	2839	2	0	2790
03_S0316_v0	183	Response	10	2381196	5102	1
03_S0316_v0	184	Picture	full0n	2388449	0	1	4174	2	0	4120
03_S0316_v0	185	Picture	full0i	2400303	0	1	3673	2	0	3620
03_S0316_v0	186	Picture	full1i	2412324	0	1	3840	2	0	3790
03_S0316_v0	187	Picture	full0n	2425680	0	1	3005	2	0	2950
03_S0316_v0	188	Picture	full0i	2437534	0	1	4841	2	0	4790
03_S0316_v0	189	Picture	full0n	2450890	0	1	4508	2	0	4450
03_S0316_v0	190	Picture	full0i	2462410	0	1	4508	2	0	4450
03_S0316_v0	191	Picture	full0n	2473763	0	1	3172	2	0	3120
03_S0316_v0	191	Response	10	2477996	4233	1
03_S0316_v0	192	Picture	full1n	2486952	0	2	4508	3	0	4450
03_S0316_v0	193	Picture	blue0i	2499307	0	1	3172	2	0	3120
03_S0316_v0	193	Response	10	2502996	3689	1
03_S0316_v0	194	Picture	full0n	2511996	0	1	3506	2	0	3450
03_S0316_v0	195	Picture	full0i	2524350	0	2	4341	3	0	4290
03_S0316_v0	196	Picture	full0n	2535036	0	1	3005	2	0	2950
03_S0316_v0	197	Picture	full0i	2547891	0	1	3506	2	0	3450
03_S0316_v0	198	Picture	full0n	2559912	0	1	3339	2	0	3290
03_S0316_v0	199	Picture	full1i	2571933	0	1	3172	2	0	3120
03_S0316_v0	200	Picture	blue0i	2583953	0	1	4675	2	0	4620
03_S0316_v0	200	Response	10	2592995	9042	1
03_S0316_v0	201	Picture	full1n	2595974	0	1	2671	2	0	2620
03_S0316_v0	202	Picture	full0n	2606659	0	1	3673	2	0	3620
03_S0316_v0	203	Picture	full0i	2619014	0	1	4842	2	0	4790
03_S0316_v0	204	Picture	full0n	2632203	0	2	3340	3	0	3290
03_S0316_v0	205	Picture	full0i	2645393	0	1	3840	2	0	3790
03_S0316_v0	206	Picture	full1i	2657414	0	1	3840	2	0	3790
03_S0316_v0	207	Picture	full0n	2669267	0	2	4508	3	0	4450
03_S0316_v0	208	Picture	full1n	2680286	0	2	4842	3	0	4790
03_S0316_v0	209	Picture	full0i	2692140	0	1	2672	2	0	2620
03_S0316_v0	210	Picture	full1i	2703660	0	1	4508	2	0	4450
03_S0316_v0	211	Picture	full0n	2717017	0	1	4340	2	0	4290
03_S0316_v0	212	Picture	full1n	2728537	0	1	3839	3	0	3790
03_S0316_v0	213	Picture	full1i	2740891	0	1	2838	2	0	2790
03_S0316_v0	214	Picture	blue1n	2752244	0	1	4174	2	0	4120
03_S0316_v0	214	Response	10	2756694	4450	1
03_S0316_v0	215	Picture	full1i	2763263	0	1	2505	2	0	2450
03_S0316_v0	216	Picture	full0i	2775952	0	1	4841	2	0	4790
03_S0316_v0	217	Picture	full0n	2788807	0	1	2839	2	0	2790
03_S0316_v0	218	Picture	full0i	2801496	0	1	4007	2	0	3950
03_S0316_v0	219	Picture	blue1n	2812515	0	1	3840	2	0	3790
03_S0316_v0	219	Response	10	2816393	3878	2
03_S0316_v0	220	Picture	full0n	2823534	0	1	4675	2	0	4620
03_S0316_v0	221	Picture	full0i	2836890	0	1	4007	2	0	3950
03_S0316_v0	222	Picture	full0n	2848243	0	1	3172	3	0	3120
03_S0316_v0	223	Picture	full1i	2861600	0	1	3840	2	0	3790
03_S0316_v0	224	Picture	full0i	2874288	0	1	2505	2	0	2450
03_S0316_v0	225	Picture	full1n	2885641	0	1	4341	2	0	4290
03_S0316_v0	226	Picture	full1i	2898330	0	1	4007	2	0	3950
03_S0316_v0	227	Picture	full1n	2909850	0	1	4174	2	0	4120
03_S0316_v0	228	Picture	full0n	2920869	0	1	4174	2	0	4120
03_S0316_v0	229	Picture	full1i	2933724	0	1	4341	2	0	4290
03_S0316_v0	230	Picture	full0i	2945745	0	1	4007	2	0	3950
03_S0316_v0	231	Picture	full1n	2957098	0	1	2838	2	0	2790
03_S0316_v0	232	Picture	blue0n	2967783	0	1	4174	2	0	4120
03_S0316_v0	232	Response	10	2971992	4209	2
03_S0316_v0	233	Picture	full1i	2979804	0	1	3172	2	0	3120
03_S0316_v0	234	Picture	full1n	2991157	0	1	3673	2	0	3620
03_S0316_v0	235	Picture	full0i	3004012	0	2	3840	3	0	3790
03_S0316_v0	236	Picture	full1i	3015532	0	1	3506	2	0	3450
03_S0316_v0	237	Picture	full1n	3027887	0	1	2504	2	0	2450
03_S0316_v0	238	Picture	full1i	3041243	0	2	2839	3	0	2790
03_S0316_v0	239	Picture	full1n	3054099	0	1	3506	2	0	3450
03_S0316_v0	240	Picture	full1i	3065953	0	1	3005	2	0	2950
03_S0316_v0	241	Picture	full0n	3079142	0	1	5009	2	0	4950
03_S0316_v0	242	Picture	full1n	3089827	0	1	4341	2	0	4290
03_S0316_v0	243	Picture	full1i	3103017	0	1	4842	2	0	4790
03_S0316_v0	244	Picture	full1n	3115371	0	2	3507	3	0	3450
03_S0316_v0	245	Picture	full1i	3128561	0	1	3840	2	0	3790
03_S0316_v0	246	Picture	full1n	3141750	0	1	3340	2	0	3290
03_S0316_v0	247	Picture	full1i	3153771	0	1	3005	2	0	2950
03_S0316_v0	248	Picture	full0i	3166627	0	1	2671	2	0	2620
03_S0316_v0	249	Picture	full0n	3177646	0	1	3339	2	0	3290
03_S0316_v0	250	Picture	blue1n	3190334	0	1	4842	2	0	4790
03_S0316_v0	250	Response	10	3194201	3867	1
03_S0316_v0	251	Picture	full0i	3201687	0	1	4341	2	0	4290
03_S0316_v0	252	Picture	full0n	3213708	0	1	3840	2	0	3790
03_S0316_v0	253	Picture	full0i	3225228	0	1	4007	2	0	3950
03_S0316_v0	254	Picture	full0n	3237082	0	1	3172	2	0	3120
03_S0316_v0	255	Picture	full1i	3250438	0	1	4341	2	0	4290
03_S0316_v0	256	Picture	full1n	3262459	0	1	3005	2	0	2950
03_S0316_v0	257	Picture	full1i	3273144	0	1	4341	2	0	4290
03_S0316_v0	258	Picture	blue0i	3286500	0	2	2672	3	0	2620
03_S0316_v0	259	Picture	full1n	3299857	0	1	4174	2	0	4120
03_S0316_v0	260	Picture	full1i	3310542	0	1	4842	2	0	4790
03_S0316_v0	261	Picture	full1n	3322062	0	1	2671	2	0	2620
03_S0316_v0	262	Picture	full1i	3334417	0	1	3172	2	0	3120
03_S0316_v0	263	Picture	full1n	3347272	0	1	4842	2	0	4790
03_S0316_v0	264	Picture	full1i	3358625	0	1	3673	2	0	3620
03_S0316_v0	265	Picture	full0n	3371481	0	1	4507	2	0	4450
03_S0316_v0	266	Picture	full1n	3384336	0	1	4174	2	0	4120
03_S0316_v0	267	Picture	blue1i	3396190	0	1	4675	2	0	4620
03_S0316_v0	268	Picture	full0i	3408211	0	1	4341	2	0	4290
03_S0316_v0	269	Picture	full0n	3421400	0	1	3673	2	0	3620
03_S0316_v0	270	Picture	default	3433421	0	1	2671	2	0	2500
03_S0316_v0	271	Picture	default	3453456	0	1	7029	2	0	2500


Event Type	Code	Type	Response	RT	RT Uncertainty	Time	Uncertainty	Duration	Uncertainty	ReqTime	ReqDur

Picture	full1n	other				20859	1	4675	2	0	4620
Picture	full0n	other				32329	218	2721	219	0	2620
Picture	full0i	other				44233	1	4340	2	0	4290
Picture	blue0n	other				57033	223	2726	224	0	2620
Picture	full1i	other				69109	1	4007	2	0	3950
Picture	full1n	other				80128	1	2504	2	0	2450
Picture	full0i	other				91481	1	4842	2	0	4790
Picture	full1i	other				102166	1	2504	2	0	2450
Picture	full0n	other				114187	1	2838	2	0	2790
Picture	full1n	other				127543	1	4675	2	0	4620
Picture	full1i	other				139564	1	4842	2	0	4790
Picture	full1n	other				150249	1	4174	2	0	4120
Picture	full1i	other				163105	1	4674	2	0	4620
Picture	full0i	other				176294	1	4007	2	0	3950
Picture	blue0n	false alarm	2	3316	3	188983	1	3005	2	0	2950
Picture	full0i	other				201003	1	4341	2	0	4290
Picture	full0n	other				211688	2	4174	3	0	4120
Picture	full1n	other				224377	1	3172	2	0	3120
Picture	full0i	other				235396	1	3840	2	0	3790
Picture	full0n	other				248252	1	4174	2	0	4120
Picture	full1i	other				259772	1	2504	2	0	2450
Picture	full1n	other				271625	1	4174	2	0	4120
Picture	full0i	other				282310	2	3006	3	0	2950
Picture	full0n	other				294999	1	2838	2	0	2790
Picture	full0i	other				306853	1	3172	2	0	3120
Picture	full1i	other				318373	1	4841	3	0	4790
Picture	blue1n	false alarm	2	4573	2	329726	1	4174	2	0	4120
Picture	full0n	other				341246	1	5008	2	0	4950
Picture	full1i	other				353266	1	4508	2	0	4450
Picture	full1n	other				364619	1	4508	2	0	4450
Picture	full1i	other				375972	1	4174	2	0	4120
Picture	full1n	other				389329	1	4507	2	0	4450
Picture	full0i	other				402184	1	2505	2	0	2450
Picture	full0n	other				413537	1	4007	2	0	3950
Picture	full0i	other				426226	1	4841	2	0	4790
Picture	full1i	other				437746	1	2838	2	0	2790
Picture	full1n	other				450935	1	4341	2	0	4290
Picture	full1i	other				462956	1	3339	2	0	3290
Picture	full1n	other				475311	1	5008	2	0	4950
Picture	full0n	other				487665	1	3172	2	0	3120
Picture	full0i	other				499185	1	4007	2	0	3950
Picture	full0n	other				512542	1	4006	2	0	3950
Picture	blue1i	false alarm	2	3726	195	525872	194	4868	195	0	4790
Picture	full0i	other				537752	1	3005	2	0	2950
Picture	full1n	other				550607	1	3172	2	0	3120
Picture	full1i	other				563797	1	3339	2	0	3290
Picture	full0n	other				576485	1	2839	2	0	2790
Picture	blue1n	false alarm	2	4959	2	587838	1	4174	2	0	4120
Picture	full1i	other				598857	1	3673	2	0	3620
Picture	blue0i	false alarm	2	5070	185	609527	184	3855	185	0	3790
Picture	full1n	other				620561	2	3006	3	0	2950
Picture	full1i	other				632415	1	4842	2	0	4790
Picture	full1n	other				644436	1	4508	2	0	4450
Picture	full1i	other				656290	1	4508	2	0	4450
Picture	blue1n	false alarm	2	3451	3	668645	1	3172	2	0	3120
Picture	full0n	other				679997	2	4508	3	0	4450
Picture	full1i	other				691517	1	3173	2	0	3120
Picture	full1n	other				702870	1	3506	2	0	3450
Picture	full1i	other				713555	2	4341	3	0	4290
Picture	full1n	other				724574	2	3006	3	0	2950
Picture	full1i	other				735927	1	3506	2	0	3450
Picture	blue1n	false alarm	2	3715	2	747781	1	3339	2	0	3290
Picture	full0i	other				760136	1	3172	2	0	3120
Picture	full1i	other				773325	1	4675	2	0	4620
Picture	full0n	other				785346	1	2671	2	0	2620
Picture	full1n	other				798202	1	3673	2	0	3620
Picture	full1i	other				809722	1	4841	2	0	4790
Picture	full1n	other				820407	1	3339	2	0	3290
Picture	full1i	other				832427	2	3840	3	0	3790
Picture	full0i	other				843446	2	3840	3	0	3790
Picture	full1n	other				856803	1	4508	2	0	4450
Picture	full0n	other				869158	1	4841	2	0	4790
Picture	full1i	other				879843	1	2671	2	0	2620
Picture	full0i	other				891363	1	4507	2	0	4450
Picture	full1n	other				903383	1	4341	2	0	4290
Picture	full0n	other				915404	1	3840	2	0	3790
Picture	blue0i	false alarm	2	3936	2	927759	1	2838	2	0	2790
Picture	full0n	other				941115	1	4174	2	0	4120
Picture	full0i	other				953136	1	2504	2	0	2450
Picture	full1i	other				965992	1	4841	2	0	4790
Picture	full1n	other				977011	1	2838	2	0	2790
Picture	full1i	other				989699	1	4007	2	0	3950
Picture	full0n	other				1003056	1	3840	2	0	3790
Picture	full1n	other				1014408	2	4675	3	0	4620
Picture	full1i	other				1026262	1	4007	2	0	3950
Picture	full1n	other				1037281	1	3172	3	0	3120
Picture	full0i	other				1050638	1	3840	2	0	3790
Picture	full1i	other				1063827	1	2505	2	0	2450
Picture	full0n	other				1075848	1	4341	2	0	4290
Picture	full0i	other				1088703	2	4007	3	0	3950
Picture	full0n	other				1100724	1	4174	2	0	4120
Picture	full1n	other				1112745	1	4174	2	0	4120
Picture	full0i	other				1125934	2	4341	3	0	4290
Picture	blue1i	false alarm	2	4750	2	1137454	1	4007	2	0	3950
Picture	full0n	other				1148473	2	2839	3	0	2790
Picture	full1n	other				1159826	1	4174	2	0	4120
Picture	full0i	other				1172515	1	3172	2	0	3120
Picture	full0n	other				1185203	2	3674	3	0	3620
Picture	full1i	other				1198059	1	3840	2	0	3790
Picture	full0i	other				1211416	1	3506	2	0	3450
Picture	full0n	other				1223770	1	2504	3	0	2450
Picture	full0i	other				1235290	1	2838	2	0	2790
Picture	full0n	other				1246643	1	3506	2	0	3450
Picture	full0i	other				1258998	1	3005	2	0	2950
Picture	full1n	other				1271018	2	5009	3	0	4950
Picture	full0n	other				1283039	1	4341	2	0	4290
Picture	full0i	other				1295394	1	4842	2	0	4790
Picture	full0n	other				1308750	1	3506	2	0	3450
Picture	blue0i	false alarm	2	3199	2	1320604	1	3840	2	0	3790
Picture	full0n	other				1332625	1	3339	2	0	3290
Picture	full0i	other				1345814	1	3006	2	0	2950
Picture	full1i	other				1356833	1	2672	2	0	2620
Picture	full1n	other				1370023	1	3339	2	0	3290
Picture	full0n	other				1383212	1	4842	2	0	4790
Picture	full1i	other				1396569	1	4341	2	0	4290
Picture	full1n	other				1408589	2	3840	3	0	3790
Picture	full1i	other				1420443	1	4007	2	0	3950
Picture	full1n	other				1431128	1	3173	2	0	3120
Picture	blue0i	false alarm	2	6053	2	1443149	1	4341	2	0	4290
Picture	full0n	other				1455003	1	3005	2	0	2950
Picture	full0i	other				1467358	1	4340	3	0	4290
Picture	full1i	other				1480547	1	2671	2	0	2620
Picture	full0n	other				1491232	1	4174	2	0	4120
Picture	full0i	other				1503253	1	4842	2	0	4790
Picture	full0n	other				1515942	1	2671	2	0	2620
Picture	full0i	other				1528797	1	3172	2	0	3120
Picture	full0n	other				1541653	1	4841	2	0	4790
Picture	full0i	other				1553673	2	3673	3	0	3620
Picture	blue1n	other				1566028	1	4508	2	0	4450
Picture	full0n	other				1578717	1	4174	2	0	4120
Picture	full0i	other				1591405	1	4675	2	0	4620
Picture	full1i	other				1604595	1	4341	2	0	4290
Picture	full1n	other				1616115	1	3673	2	0	3620
Picture	82	other				1627134	1	100173	2	0	next
Picture	82	other				1727307	1	9850	2	100000	next
Picture	82	other				1737157	1	10017	2	110000	next
Picture	82	other				1747174	1	10018	2	120000	next
Picture	82	other				1757192	1	10017	2	130000	next
Picture	82	other				1767209	1	10017	2	140000	next
Picture	82	other				1777226	1	10018	2	150000	next
Picture	82	other				1787244	1	10017	2	160000	next
Picture	82	other				1797261	1	10017	2	170000	next
Picture	82	other				1807278	1	10018	2	180000	next
Picture	82	other				1817296	1	9850	2	190000	10000
Picture	full0n	other				1827146	1	4675	2	0	4620
Picture	full1n	other				1838499	1	2671	2	0	2620
Picture	full1i	other				1850520	1	4340	2	0	4290
Picture	full1n	other				1862373	2	2672	3	0	2620
Picture	full0i	other				1873059	1	4006	3	0	3950
Picture	full0n	other				1885914	1	2504	2	0	2450
Picture	full1i	other				1897434	1	4842	2	0	4790
Picture	full0i	other				1909789	1	2504	2	0	2450
Picture	blue0n	other				1921809	2	2839	3	0	2790
Picture	full0i	other				1933663	1	4675	2	0	4620
Picture	full1n	other				1946519	1	4841	3	0	4790
Picture	full0n	other				1957872	1	4174	2	0	4120
Picture	full0i	other				1970560	1	4675	2	0	4620
Picture	blue1i	false alarm	2	2983	3	1982915	1	4007	2	0	3950
Picture	full1n	other				1994769	1	3005	2	0	2950
Picture	full1i	other				2005454	1	4341	2	0	4290
Picture	full1n	other				2016974	1	4174	2	0	4120
Picture	full0n	other				2028995	1	3172	2	0	3120
Picture	full1i	other				2041683	1	3840	2	0	3790
Picture	full1n	other				2054873	1	4174	2	0	4120
Picture	full0i	other				2066893	2	2505	3	0	2450
Picture	blue0n	other				2078914	1	4174	2	0	4120
Picture	full1i	other				2089933	1	3005	2	0	2950
Picture	full1n	other				2102622	1	2838	2	0	2790
Picture	full1i	other				2113307	1	3172	2	0	3120
Picture	full0i	other				2126496	1	4842	2	0	4790
Picture	full0n	other				2138517	1	4174	2	0	4120
Picture	full1n	other				2149536	1	5009	2	0	4950
Picture	full0i	other				2162893	1	4507	2	0	4450
Picture	full1i	other				2174246	1	4507	2	0	4450
Picture	full0n	other				2187435	1	4174	2	0	4120
Picture	full0i	other				2198955	1	4508	2	0	4450
Picture	blue0n	other				2210976	1	2504	2	0	2450
Picture	full1n	other				2222496	1	4007	2	0	3950
Picture	full1i	other				2234015	2	4842	3	0	4790
Picture	full0i	other				2247372	1	2838	2	0	2790
Picture	full0n	other				2260060	2	4341	3	0	4290
Picture	full0i	other				2271413	2	3340	3	0	3290
Picture	full0n	other				2283267	1	5009	2	0	4950
Picture	full1n	other				2295288	1	3172	2	0	3120
Picture	full1i	other				2306307	1	4007	2	0	3950
Picture	full1n	other				2317326	1	4007	2	0	3950
Picture	full0i	other				2328345	1	4842	2	0	4790
Picture	full1i	other				2339030	1	3005	2	0	2950
Picture	full0n	other				2351385	1	3172	2	0	3120
Picture	full0i	other				2364074	1	3339	2	0	3290
Picture	blue1n	false alarm	2	5102	2	2376094	1	2839	2	0	2790
Picture	full0n	other				2388449	1	4174	2	0	4120
Picture	full0i	other				2400303	1	3673	2	0	3620
Picture	full1i	other				2412324	1	3840	2	0	3790
Picture	full0n	other				2425680	1	3005	2	0	2950
Picture	full0i	other				2437534	1	4841	2	0	4790
Picture	full0n	other				2450890	1	4508	2	0	4450
Picture	full0i	other				2462410	1	4508	2	0	4450
Picture	full0n	other				2473763	1	3172	2	0	3120
Picture	full1n	other				2486952	2	4508	3	0	4450
Picture	blue0i	false alarm	2	3689	2	2499307	1	3172	2	0	3120
Picture	full0n	other				2511996	1	3506	2	0	3450
Picture	full0i	other				2524350	2	4341	3	0	4290
Picture	full0n	other				2535036	1	3005	2	0	2950
Picture	full0i	other				2547891	1	3506	2	0	3450
Picture	full0n	other				2559912	1	3339	2	0	3290
Picture	full1i	other				2571933	1	3172	2	0	3120
Picture	blue0i	false alarm	2	9042	2	2583953	1	4675	2	0	4620
Picture	full1n	other				2595974	1	2671	2	0	2620
Picture	full0n	other				2606659	1	3673	2	0	3620
Picture	full0i	other				2619014	1	4842	2	0	4790
Picture	full0n	other				2632203	2	3340	3	0	3290
Picture	full0i	other				2645393	1	3840	2	0	3790
Picture	full1i	other				2657414	1	3840	2	0	3790
Picture	full0n	other				2669267	2	4508	3	0	4450
Picture	full1n	other				2680286	2	4842	3	0	4790
Picture	full0i	other				2692140	1	2672	2	0	2620
Picture	full1i	other				2703660	1	4508	2	0	4450
Picture	full0n	other				2717017	1	4340	2	0	4290
Picture	full1n	other				2728537	1	3839	3	0	3790
Picture	full1i	other				2740891	1	2838	2	0	2790
Picture	blue1n	false alarm	2	4450	2	2752244	1	4174	2	0	4120
Picture	full1i	other				2763263	1	2505	2	0	2450
Picture	full0i	other				2775952	1	4841	2	0	4790
Picture	full0n	other				2788807	1	2839	2	0	2790
Picture	full0i	other				2801496	1	4007	2	0	3950
Picture	blue1n	false alarm	2	3878	3	2812515	1	3840	2	0	3790
Picture	full0n	other				2823534	1	4675	2	0	4620
Picture	full0i	other				2836890	1	4007	2	0	3950
Picture	full0n	other				2848243	1	3172	3	0	3120
Picture	full1i	other				2861600	1	3840	2	0	3790
Picture	full0i	other				2874288	1	2505	2	0	2450
Picture	full1n	other				2885641	1	4341	2	0	4290
Picture	full1i	other				2898330	1	4007	2	0	3950
Picture	full1n	other				2909850	1	4174	2	0	4120
Picture	full0n	other				2920869	1	4174	2	0	4120
Picture	full1i	other				2933724	1	4341	2	0	4290
Picture	full0i	other				2945745	1	4007	2	0	3950
Picture	full1n	other				2957098	1	2838	2	0	2790
Picture	blue0n	false alarm	2	4209	3	2967783	1	4174	2	0	4120
Picture	full1i	other				2979804	1	3172	2	0	3120
Picture	full1n	other				2991157	1	3673	2	0	3620
Picture	full0i	other				3004012	2	3840	3	0	3790
Picture	full1i	other				3015532	1	3506	2	0	3450
Picture	full1n	other				3027887	1	2504	2	0	2450
Picture	full1i	other				3041243	2	2839	3	0	2790
Picture	full1n	other				3054099	1	3506	2	0	3450
Picture	full1i	other				3065953	1	3005	2	0	2950
Picture	full0n	other				3079142	1	5009	2	0	4950
Picture	full1n	other				3089827	1	4341	2	0	4290
Picture	full1i	other				3103017	1	4842	2	0	4790
Picture	full1n	other				3115371	2	3507	3	0	3450
Picture	full1i	other				3128561	1	3840	2	0	3790
Picture	full1n	other				3141750	1	3340	2	0	3290
Picture	full1i	other				3153771	1	3005	2	0	2950
Picture	full0i	other				3166627	1	2671	2	0	2620
Picture	full0n	other				3177646	1	3339	2	0	3290
Picture	blue1n	false alarm	2	3867	2	3190334	1	4842	2	0	4790
Picture	full0i	other				3201687	1	4341	2	0	4290
Picture	full0n	other				3213708	1	3840	2	0	3790
Picture	full0i	other				3225228	1	4007	2	0	3950
Picture	full0n	other				3237082	1	3172	2	0	3120
Picture	full1i	other				3250438	1	4341	2	0	4290
Picture	full1n	other				3262459	1	3005	2	0	2950
Picture	full1i	other				3273144	1	4341	2	0	4290
Picture	blue0i	other				3286500	2	2672	3	0	2620
Picture	full1n	other				3299857	1	4174	2	0	4120
Picture	full1i	other				3310542	1	4842	2	0	4790
Picture	full1n	other				3322062	1	2671	2	0	2620
Picture	full1i	other				3334417	1	3172	2	0	3120
Picture	full1n	other				3347272	1	4842	2	0	4790
Picture	full1i	other				3358625	1	3673	2	0	3620
Picture	full0n	other				3371481	1	4507	2	0	4450
Picture	full1n	other				3384336	1	4174	2	0	4120
Picture	blue1i	other				3396190	1	4675	2	0	4620
Picture	full0i	other				3408211	1	4341	2	0	4290
Picture	full0n	other				3421400	1	3673	2	0	3620
Picture	default	other				3433421	1	2671	2	0	2500
Picture	default	other				3453456	1	7029	2	0	2500
