Scenario - visual LTP Rap V4.0 HVA (based on combined block 1+2 from old 45 135 degree pilot)
Logfile written - 05/20/2016 13:29:46

Subject	Trial	Event Type	Code	Time	TTime	Uncertainty	Duration	Uncertainty	ReqTime	ReqDur

03-0329	2	Response	128	7961	0	1
03-0329	3	Picture	full1n	18188	0	1	3172	2	0	3120
03-0329	4	Picture	full1i	29207	0	1	2838	2	0	2790
03-0329	5	Picture	full1n	42396	0	1	4508	2	0	4450
03-0329	6	Picture	full0n	55586	0	1	3506	2	0	3450
03-0329	7	Picture	full1i	66271	0	1	4841	2	0	4790
03-0329	8	Picture	full1n	78291	0	1	4341	2	0	4290
03-0329	9	Picture	full0i	90291	0	189	3527	190	0	3450
03-0329	10	Picture	full0n	102667	0	1	4174	2	0	4120
03-0329	11	Picture	blue0i	114137	0	218	3055	219	0	2950
03-0329	11	Response	10	119454	5317	1
03-0329	12	Picture	full1i	126208	0	1	3839	3	0	3790
03-0329	13	Picture	full0n	139063	0	1	5009	2	0	4950
03-0329	14	Picture	full0i	151752	0	1	4174	2	0	4120
03-0329	15	Picture	full1n	165108	0	1	4174	2	0	4120
03-0329	16	Picture	full1i	177797	0	1	3673	2	0	3620
03-0329	17	Picture	full1n	189150	0	1	4507	2	0	4450
03-0329	18	Picture	blue1i	201150	0	189	3359	191	0	3290
03-0329	18	Response	10	206854	5704	1
03-0329	19	Picture	full1n	213191	0	1	4341	2	0	4290
03-0329	20	Picture	full0n	225212	0	1	4675	2	0	4620
03-0329	21	Picture	full1i	237066	0	1	2504	2	0	2450
03-0329	22	Picture	full0i	249420	0	1	3006	2	0	2950
03-0329	23	Picture	full0n	262777	0	1	5008	3	0	4950
03-0329	24	Picture	full0i	276133	0	1	4508	2	0	4450
03-0329	25	Picture	full0n	288989	0	1	3005	2	0	2950
03-0329	26	Picture	full1n	301677	0	1	3339	2	0	3290
03-0329	27	Picture	blue1i	313531	0	1	3172	2	0	3120
03-0329	27	Response	10	319453	5922	1
03-0329	28	Picture	full0i	326220	0	1	3840	2	0	3790
03-0329	29	Picture	full0n	338574	0	2	5009	3	0	4950
03-0329	30	Picture	full0i	350428	0	1	2505	2	0	2450
03-0329	31	Picture	full1n	361781	0	1	4341	2	0	4290
03-0329	32	Picture	full1i	373802	0	1	2838	2	0	2790
03-0329	33	Picture	full0n	385322	0	1	2838	2	0	2790
03-0329	34	Picture	full1n	396007	0	1	4174	2	0	4120
03-0329	35	Picture	full1i	408028	0	1	3673	2	0	3620
03-0329	36	Picture	full1n	420883	0	1	3673	2	0	3620
03-0329	37	Picture	full0i	432904	0	1	5009	2	0	4950
03-0329	38	Picture	blue1i	444257	0	1	2838	2	0	2790
03-0329	38	Response	10	449452	5195	1
03-0329	39	Picture	full1n	455276	0	1	3005	2	0	2950
03-0329	40	Picture	full0n	467965	0	1	2838	2	0	2790
03-0329	41	Picture	full0i	478984	0	1	4007	2	0	3950
03-0329	42	Picture	full0n	491004	0	2	3673	4	0	3620
03-0329	43	Picture	full0i	503860	0	1	2838	2	0	2790
03-0329	44	Picture	full0n	517049	0	2	4341	3	0	4290
03-0329	45	Picture	full1i	530239	0	1	3673	2	0	3620
03-0329	46	Picture	full0i	542928	0	1	3673	2	0	3620
03-0329	47	Picture	full1n	553613	0	1	4507	2	0	4450
03-0329	48	Picture	full0n	565633	0	2	3173	3	0	3120
03-0329	49	Picture	full1i	577153	0	1	3006	2	0	2950
03-0329	50	Picture	blue0i	589007	0	1	3172	2	0	3120
03-0329	50	Response	10	594851	5844	1
03-0329	51	Picture	full0n	600527	0	1	3840	2	0	3790
03-0329	52	Picture	full0i	612882	0	1	3005	2	0	2950
03-0329	53	Picture	full0n	624402	0	1	4841	2	0	4790
03-0329	54	Picture	full1n	637591	0	1	2504	2	0	2450
03-0329	55	Picture	full1i	648276	0	1	3005	2	0	2950
03-0329	56	Picture	full0i	661633	0	1	3005	2	0	2950
03-0329	57	Picture	full0n	672986	0	1	3673	2	0	3620
03-0329	58	Picture	full1n	686175	0	1	3339	2	0	3290
03-0329	58	Response	10	694050	7875	2
03-0329	59	Picture	full1i	698196	0	1	4508	2	0	4450
03-0329	60	Picture	blue1n	710050	0	1	4174	2	0	4120
03-0329	60	Response	10	718251	8201	1
03-0329	61	Picture	full0i	722404	0	1	2672	2	0	2620
03-0329	62	Picture	full0n	735093	0	1	4675	2	0	4620
03-0329	63	Picture	full0i	747114	0	1	2671	2	0	2620
03-0329	64	Picture	full1i	759969	0	1	4675	2	0	4620
03-0329	65	Picture	full0n	771489	0	1	2838	2	0	2790
03-0329	66	Picture	full1n	783510	0	1	4007	2	0	3950
03-0329	67	Picture	full1i	796365	0	2	3507	3	0	3450
03-0329	68	Picture	full1n	808720	0	1	4007	2	0	3950
03-0329	69	Picture	full0i	820741	0	1	4508	2	0	4450
03-0329	70	Picture	blue0n	832741	0	189	2525	190	0	2450
03-0329	70	Response	10	839450	6709	1
03-0329	71	Picture	full0i	844782	0	2	4174	3	0	4120
03-0329	72	Picture	full0n	855468	0	1	4841	2	0	4790
03-0329	73	Picture	full0i	866487	0	1	2504	2	0	2450
03-0329	74	Picture	full0n	879342	0	1	4842	2	0	4790
03-0329	75	Picture	full0i	892031	0	1	3339	2	0	3290
03-0329	76	Picture	full1i	905387	0	1	3506	2	0	3450
03-0329	77	Picture	full1n	918076	0	1	3840	2	0	3790
03-0329	78	Picture	full0n	930931	0	1	4508	2	0	4450
03-0329	79	Picture	full0i	942952	0	1	2504	2	0	2450
03-0329	80	Picture	full1i	953637	0	1	4174	2	0	4120
03-0329	81	Picture	blue0n	966493	0	1	4675	2	0	4620
03-0329	81	Response	10	972049	5556	1
03-0329	82	Picture	full1n	977512	0	1	2504	2	0	2450
03-0329	83	Picture	full1i	989866	0	2	3507	3	0	3450
03-0329	84	Picture	full1n	1000886	0	1	3172	2	0	3120
03-0329	85	Picture	full1i	1014075	0	1	3005	2	0	2950
03-0329	86	Picture	full0i	1025595	0	1	3339	2	0	3290
03-0329	87	Picture	full0n	1037115	0	1	3005	2	0	2950
03-0329	88	Picture	full1n	1049469	0	2	3006	3	0	2950
03-0329	89	Picture	full1i	1061490	0	1	3673	2	0	3620
03-0329	90	Picture	full1n	1074680	0	1	4007	2	0	3950
03-0329	91	Picture	full1i	1086033	0	1	4841	2	0	4790
03-0329	92	Picture	full1n	1099222	0	1	2504	2	0	2450
03-0329	93	Picture	full0i	1110575	0	1	4508	2	0	4450
03-0329	94	Picture	blue1i	1121928	0	1	3339	2	0	3290
03-0329	94	Response	10	1127948	6020	1
03-0329	95	Picture	full1n	1133782	0	1	4508	2	0	4450
03-0329	96	Picture	full0n	1146971	0	1	4174	2	0	4120
03-0329	97	Picture	full1i	1158491	0	1	3840	2	0	3790
03-0329	98	Picture	full1n	1169510	0	1	4508	2	0	4450
03-0329	99	Picture	full1i	1182700	0	1	2838	2	0	2790
03-0329	100	Picture	full1n	1193385	0	1	3840	2	0	3790
03-0329	101	Picture	full1i	1205406	0	1	4507	2	0	4450
03-0329	102	Picture	full0i	1216091	0	1	3673	2	0	3620
03-0329	103	Picture	blue1n	1227110	0	1	4508	2	0	4450
03-0329	103	Response	10	1231947	4837	2
03-0329	104	Picture	full1i	1238129	0	1	4508	2	0	4450
03-0329	105	Picture	full1n	1251485	0	1	4675	2	0	4620
03-0329	106	Picture	full1i	1263339	0	1	3172	2	0	3120
03-0329	107	Picture	full1n	1276695	0	2	2672	3	0	2620
03-0329	108	Picture	full0n	1288549	0	1	4675	2	0	4620
03-0329	109	Picture	full0i	1300570	0	1	5009	2	0	4950
03-0329	110	Picture	full1i	1312925	0	1	3506	2	0	3450
03-0329	111	Picture	full1n	1326281	0	1	4842	2	0	4790
03-0329	112	Picture	blue0n	1338636	0	1	4508	2	0	4450
03-0329	112	Response	10	1345747	7111	1
03-0329	113	Picture	full0i	1349989	0	1	2671	2	0	2620
03-0329	114	Picture	full1i	1361509	0	1	3172	2	0	3120
03-0329	115	Picture	full0n	1374197	0	1	3172	2	0	3120
03-0329	116	Picture	full0i	1384882	0	2	3173	3	0	3120
03-0329	117	Picture	full0n	1396736	0	1	3172	2	0	3120
03-0329	118	Picture	full1n	1409592	0	1	3840	2	0	3790
03-0329	119	Picture	full1i	1422948	0	1	4842	2	0	4790
03-0329	120	Picture	full1n	1435804	0	1	4508	2	0	4450
03-0329	121	Picture	blue0i	1447157	0	1	4507	3	0	4450
03-0329	121	Response	10	1452856	5699	1
03-0329	122	Picture	full0n	1459011	0	1	5008	2	0	4950
03-0329	123	Picture	full1i	1470030	0	1	2504	2	0	2450
03-0329	124	Picture	full0i	1482384	0	1	4675	2	0	4620
03-0329	125	Picture	full0n	1493737	0	1	3172	2	0	3120
03-0329	126	Picture	full0i	1505090	0	1	4341	2	0	4290
03-0329	127	Picture	full0n	1516610	0	1	3673	2	0	3620
03-0329	128	Picture	full0i	1528464	0	1	2671	2	0	2620
03-0329	129	Picture	blue1n	1541820	0	1	2839	2	0	2790
03-0329	129	Response	10	1553355	11535	1
03-0329	130	Picture	full0n	1555177	0	1	5008	2	0	4950
03-0329	131	Picture	full1i	1566196	0	1	3339	2	0	3290
03-0329	132	Picture	full0i	1578884	0	1	2839	2	0	2790
03-0329	133	Picture	full0n	1590404	0	1	3840	2	0	3790
03-0329	134	Picture	full0i	1602425	0	1	2838	2	0	2790
03-0329	135	Picture	full1n	1613110	0	1	3339	2	0	3290
03-0329	136	Picture	82	1624463	0	1	100173	2	0	next
03-0329	136	Picture	82	1724636	100173	1	9851	2	100000	next
03-0329	136	Picture	82	1734487	110024	1	10017	2	110000	next
03-0329	136	Picture	82	1744504	120041	1	10017	2	120000	next
03-0329	136	Picture	82	1754521	130058	1	10018	2	130000	next
03-0329	136	Picture	82	1764539	140076	1	10017	2	140000	next
03-0329	136	Picture	82	1774556	150093	1	10017	2	150000	next
03-0329	136	Picture	82	1784573	160110	1	10017	2	160000	next
03-0329	136	Picture	82	1794590	170127	1	10018	2	170000	next
03-0329	136	Picture	82	1804608	180145	1	10017	2	180000	next
03-0329	136	Picture	82	1814625	190162	1	9850	3	190000	10000
03-0329	137	Picture	full0n	1824475	0	2	3173	3	0	3120
03-0329	138	Picture	full0i	1836830	0	1	2838	2	0	2790
03-0329	139	Picture	full0n	1849686	0	1	4507	2	0	4450
03-0329	140	Picture	full1n	1861206	0	1	3506	2	0	3450
03-0329	141	Picture	blue0i	1874562	0	1	4842	2	0	4790
03-0329	141	Response	10	1883253	8691	1
03-0329	142	Picture	full0n	1886583	0	1	4341	2	0	4290
03-0329	143	Picture	full1i	1898937	0	2	3506	4	0	3450
03-0329	144	Picture	full1n	1909956	0	2	4174	3	0	4120
03-0329	145	Picture	full1i	1921309	0	2	3006	3	0	2950
03-0329	146	Picture	full0i	1933330	0	1	3840	2	0	3790
03-0329	147	Picture	full1n	1944349	0	1	5009	2	0	4950
03-0329	148	Picture	full1i	1957038	0	1	4174	2	0	4120
03-0329	149	Picture	blue0n	1969059	0	1	4174	2	0	4120
03-0329	149	Response	10	1975453	6394	1
03-0329	150	Picture	full0i	1981747	0	1	3673	2	0	3620
03-0329	151	Picture	full0n	1992432	0	1	4508	2	0	4450
03-0329	152	Picture	full0i	2004787	0	1	3339	2	0	3290
03-0329	153	Picture	full0n	2017142	0	1	4341	2	0	4290
03-0329	154	Picture	full1n	2029162	0	2	4675	3	0	4620
03-0329	155	Picture	full0i	2042352	0	1	2504	2	0	2450
03-0329	156	Picture	full1i	2053037	0	1	3005	2	0	2950
03-0329	157	Picture	full0n	2064056	0	1	5009	2	0	4950
03-0329	158	Picture	full1n	2076745	0	1	4507	3	0	4450
03-0329	159	Picture	blue1i	2089934	0	1	3005	2	0	2950
03-0329	159	Response	10	2094652	4718	1
03-0329	160	Picture	full0i	2101454	0	1	3339	2	0	3290
03-0329	161	Picture	full0n	2114810	0	2	3173	3	0	3120
03-0329	162	Picture	full1n	2128000	0	1	3840	2	0	3790
03-0329	163	Picture	full1i	2140021	0	1	5008	2	0	4950
03-0329	164	Picture	full1n	2151875	0	1	2504	2	0	2450
03-0329	165	Picture	full0i	2165064	0	1	4341	2	0	4290
03-0329	166	Picture	full0n	2178420	0	2	2839	3	0	2790
03-0329	167	Picture	full1i	2190775	0	1	2838	2	0	2790
03-0329	168	Picture	full0i	2203631	0	1	4173	3	0	4120
03-0329	169	Picture	full0n	2215151	0	1	3673	2	0	3620
03-0329	170	Picture	full0i	2227004	0	1	3673	2	0	3620
03-0329	171	Picture	full1n	2240361	0	1	5008	2	0	4950
03-0329	172	Picture	full0n	2251046	0	1	2838	2	0	2790
03-0329	173	Picture	blue0i	2262399	0	1	3005	2	0	2950
03-0329	173	Response	10	2268551	6152	1
03-0329	174	Picture	full1i	2274253	0	1	2838	2	0	2790
03-0329	175	Picture	full1n	2285272	0	1	4007	2	0	3950
03-0329	176	Picture	full1i	2297293	0	1	3673	2	0	3620
03-0329	177	Picture	full1n	2309146	0	1	2839	2	0	2790
03-0329	178	Picture	blue1i	2321501	0	1	4341	2	0	4290
03-0329	178	Response	10	2330551	9050	1
03-0329	179	Picture	full0n	2333522	0	1	3673	2	0	3620
03-0329	180	Picture	full1n	2346377	0	1	3673	2	0	3620
03-0329	181	Picture	full0i	2357396	0	1	4508	2	0	4450
03-0329	182	Picture	full1i	2370085	0	1	3172	2	0	3120
03-0329	183	Picture	full0n	2382774	0	1	3005	2	0	2950
03-0329	184	Picture	full1n	2395462	0	1	3172	2	0	3120
03-0329	185	Picture	full1i	2407483	0	1	3840	2	0	3790
03-0329	186	Picture	full1n	2420339	0	1	3005	2	0	2950
03-0329	187	Picture	full1i	2433695	0	1	4842	2	0	4790
03-0329	188	Picture	full0i	2445215	0	1	2504	2	0	2450
03-0329	189	Picture	blue0n	2456568	0	1	3005	2	0	2950
03-0329	189	Response	10	2461250	4682	1
03-0329	190	Picture	full1n	2468589	0	1	3005	2	0	2950
03-0329	191	Picture	full1i	2481444	0	1	3673	2	0	3620
03-0329	192	Picture	full0i	2494801	0	1	3339	2	0	3290
03-0329	193	Picture	full0n	2505486	0	1	4507	2	0	4450
03-0329	194	Picture	full0i	2518174	0	1	4174	2	0	4120
03-0329	195	Picture	full1n	2529193	0	1	2672	2	0	2620
03-0329	196	Picture	full1i	2541214	0	1	4675	2	0	4620
03-0329	197	Picture	blue1n	2552233	0	1	2671	2	0	2620
03-0329	197	Response	10	2559449	7216	1
03-0329	198	Picture	full0n	2564588	0	1	4675	2	0	4620
03-0329	199	Picture	full1i	2577777	0	1	2838	3	0	2790
03-0329	200	Picture	full0i	2588462	0	1	4007	2	0	3950
03-0329	201	Picture	full0n	2600483	0	1	3506	2	0	3450
03-0329	202	Picture	full0i	2612337	0	1	4007	2	0	3950
03-0329	203	Picture	full1n	2623356	0	1	4508	2	0	4450
03-0329	204	Picture	full1i	2636712	0	2	2505	3	0	2450
03-0329	205	Picture	full1n	2648566	0	1	4174	2	0	4120
03-0329	206	Picture	blue1i	2661756	0	1	4841	2	0	4790
03-0329	206	Response	10	2666149	4393	1
03-0329	207	Picture	full1n	2672775	0	1	2504	2	0	2450
03-0329	208	Picture	full1i	2685630	0	1	4842	2	0	4790
03-0329	209	Picture	full1n	2696983	0	1	3339	2	0	3290
03-0329	210	Picture	full0n	2709672	0	1	3506	2	0	3450
03-0329	211	Picture	full0i	2722360	0	2	3840	3	0	3790
03-0329	212	Picture	full1i	2735550	0	1	4508	2	0	4450
03-0329	213	Picture	full1n	2746235	0	1	2504	2	0	2450
03-0329	214	Picture	full0n	2757755	0	1	4174	2	0	4120
03-0329	215	Picture	full1i	2770611	0	1	4674	2	0	4620
03-0329	216	Picture	blue0i	2782464	0	1	2505	2	0	2450
03-0329	216	Response	10	2788748	6284	1
03-0329	217	Picture	full0n	2794318	0	1	3506	2	0	3450
03-0329	218	Picture	full0i	2805838	0	1	3172	2	0	3120
03-0329	219	Picture	full0n	2816523	0	1	3005	2	0	2950
03-0329	220	Picture	full1n	2828878	0	1	3339	2	0	3290
03-0329	220	Response	10	2838748	9870	1
03-0329	221	Picture	full1i	2841733	0	2	3006	3	0	2950
03-0329	222	Picture	full0i	2854088	0	1	3005	2	0	2950
03-0329	223	Picture	full0n	2867445	0	1	3673	2	0	3620
03-0329	224	Picture	full0i	2880801	0	1	4007	2	0	3950
03-0329	225	Picture	blue1n	2892822	0	1	4841	2	0	4790
03-0329	225	Response	10	2899847	7025	1
03-0329	226	Picture	full0n	2906178	0	1	2504	3	0	2450
03-0329	227	Picture	full1i	2917531	0	1	4508	2	0	4450
03-0329	228	Picture	full0i	2930721	0	1	3339	2	0	3290
03-0329	229	Picture	full0n	2943409	0	1	4508	2	0	4450
03-0329	230	Picture	full1n	2954094	0	1	4174	2	0	4120
03-0329	231	Picture	full0i	2967284	0	1	3840	2	0	3790
03-0329	232	Picture	full0n	2980139	0	1	4508	2	0	4450
03-0329	233	Picture	full0i	2992160	0	1	2838	2	0	2790
03-0329	234	Picture	full0n	3003680	0	1	3840	2	0	3790
03-0329	235	Picture	full0i	3015200	0	1	4508	2	0	4450
03-0329	236	Picture	full1i	3028055	0	2	3673	4	0	3620
03-0329	237	Picture	full0n	3039408	0	1	4508	2	0	4450
03-0329	238	Picture	full0i	3050761	0	1	4508	2	0	4450
03-0329	239	Picture	full0n	3062782	0	1	4675	2	0	4620
03-0329	240	Picture	full0i	3076139	0	1	3172	2	0	3120
03-0329	241	Picture	blue0n	3089328	0	1	2671	2	0	2620
03-0329	241	Response	10	3094746	5418	1
03-0329	242	Picture	full1n	3100681	0	1	4675	2	0	4620
03-0329	243	Picture	full1i	3112702	0	1	5008	2	0	4950
03-0329	244	Picture	full0i	3124222	0	1	3506	2	0	3450
03-0329	245	Picture	full0n	3137411	0	1	4842	2	0	4790
03-0329	246	Picture	full1n	3149432	0	1	4508	2	0	4450
03-0329	247	Picture	full1i	3161787	0	1	2671	2	0	2620
03-0329	248	Picture	full0i	3174475	0	1	3172	2	0	3120
03-0329	249	Picture	full1n	3187331	0	1	3172	2	0	3120
03-0329	250	Picture	blue1i	3198851	0	1	3172	2	0	3120
03-0329	251	Picture	full1n	3209870	0	1	3172	2	0	3120
03-0329	252	Picture	full0n	3221890	0	2	3840	3	0	3790
03-0329	253	Picture	full0i	3233744	0	1	4842	2	0	4790
03-0329	254	Picture	full0n	3245765	0	1	4508	2	0	4450
03-0329	255	Picture	full1i	3256450	0	1	4508	2	0	4450
03-0329	256	Picture	full1n	3268471	0	1	5009	2	0	4950
03-0329	257	Picture	full0i	3280492	0	1	2504	2	0	2450
03-0329	258	Picture	full1i	3292513	0	1	4674	2	0	4620
03-0329	259	Picture	full1n	3303865	0	2	3173	3	0	3120
03-0329	260	Picture	full1i	3315385	0	1	4341	2	0	4290
03-0329	261	Picture	full1n	3327406	0	1	3673	2	0	3620
03-0329	262	Picture	full1i	3339761	0	1	2671	2	0	2620
03-0329	263	Picture	blue0n	3351615	0	1	2838	2	0	2790
03-0329	263	Response	10	3359454	7839	2
03-0329	264	Picture	full1n	3362634	0	1	5008	2	0	4950
03-0329	265	Picture	full0i	3374154	0	1	3339	2	0	3290
03-0329	266	Picture	full1i	3385507	0	1	2838	2	0	2790
03-0329	267	Picture	full1n	3397360	0	1	3840	2	0	3790
03-0329	268	Picture	full1i	3408713	0	1	2839	2	0	2790
03-0329	269	Picture	full0n	3419398	0	2	3340	3	0	3290
03-0329	270	Picture	default	3430751	0	2	2672	3	0	2500
03-0329	271	Picture	default	3450786	0	1	7036	2	0	2500


Event Type	Code	Type	Response	RT	RT Uncertainty	Time	Uncertainty	Duration	Uncertainty	ReqTime	ReqDur

Picture	full1n	other				18188	1	3172	2	0	3120
Picture	full1i	other				29207	1	2838	2	0	2790
Picture	full1n	other				42396	1	4508	2	0	4450
Picture	full0n	other				55586	1	3506	2	0	3450
Picture	full1i	other				66271	1	4841	2	0	4790
Picture	full1n	other				78291	1	4341	2	0	4290
Picture	full0i	other				90291	189	3527	190	0	3450
Picture	full0n	other				102667	1	4174	2	0	4120
Picture	blue0i	false alarm	2	5317	219	114137	218	3055	219	0	2950
Picture	full1i	other				126208	1	3839	3	0	3790
Picture	full0n	other				139063	1	5009	2	0	4950
Picture	full0i	other				151752	1	4174	2	0	4120
Picture	full1n	other				165108	1	4174	2	0	4120
Picture	full1i	other				177797	1	3673	2	0	3620
Picture	full1n	other				189150	1	4507	2	0	4450
Picture	blue1i	false alarm	2	5704	190	201150	189	3359	191	0	3290
Picture	full1n	other				213191	1	4341	2	0	4290
Picture	full0n	other				225212	1	4675	2	0	4620
Picture	full1i	other				237066	1	2504	2	0	2450
Picture	full0i	other				249420	1	3006	2	0	2950
Picture	full0n	other				262777	1	5008	3	0	4950
Picture	full0i	other				276133	1	4508	2	0	4450
Picture	full0n	other				288989	1	3005	2	0	2950
Picture	full1n	other				301677	1	3339	2	0	3290
Picture	blue1i	false alarm	2	5922	2	313531	1	3172	2	0	3120
Picture	full0i	other				326220	1	3840	2	0	3790
Picture	full0n	other				338574	2	5009	3	0	4950
Picture	full0i	other				350428	1	2505	2	0	2450
Picture	full1n	other				361781	1	4341	2	0	4290
Picture	full1i	other				373802	1	2838	2	0	2790
Picture	full0n	other				385322	1	2838	2	0	2790
Picture	full1n	other				396007	1	4174	2	0	4120
Picture	full1i	other				408028	1	3673	2	0	3620
Picture	full1n	other				420883	1	3673	2	0	3620
Picture	full0i	other				432904	1	5009	2	0	4950
Picture	blue1i	false alarm	2	5195	2	444257	1	2838	2	0	2790
Picture	full1n	other				455276	1	3005	2	0	2950
Picture	full0n	other				467965	1	2838	2	0	2790
Picture	full0i	other				478984	1	4007	2	0	3950
Picture	full0n	other				491004	2	3673	4	0	3620
Picture	full0i	other				503860	1	2838	2	0	2790
Picture	full0n	other				517049	2	4341	3	0	4290
Picture	full1i	other				530239	1	3673	2	0	3620
Picture	full0i	other				542928	1	3673	2	0	3620
Picture	full1n	other				553613	1	4507	2	0	4450
Picture	full0n	other				565633	2	3173	3	0	3120
Picture	full1i	other				577153	1	3006	2	0	2950
Picture	blue0i	false alarm	2	5844	2	589007	1	3172	2	0	3120
Picture	full0n	other				600527	1	3840	2	0	3790
Picture	full0i	other				612882	1	3005	2	0	2950
Picture	full0n	other				624402	1	4841	2	0	4790
Picture	full1n	other				637591	1	2504	2	0	2450
Picture	full1i	other				648276	1	3005	2	0	2950
Picture	full0i	other				661633	1	3005	2	0	2950
Picture	full0n	other				672986	1	3673	2	0	3620
Picture	full1n	other				686175	1	3339	2	0	3290
Picture	full1i	other				698196	1	4508	2	0	4450
Picture	blue1n	false alarm	2	8201	2	710050	1	4174	2	0	4120
Picture	full0i	other				722404	1	2672	2	0	2620
Picture	full0n	other				735093	1	4675	2	0	4620
Picture	full0i	other				747114	1	2671	2	0	2620
Picture	full1i	other				759969	1	4675	2	0	4620
Picture	full0n	other				771489	1	2838	2	0	2790
Picture	full1n	other				783510	1	4007	2	0	3950
Picture	full1i	other				796365	2	3507	3	0	3450
Picture	full1n	other				808720	1	4007	2	0	3950
Picture	full0i	other				820741	1	4508	2	0	4450
Picture	blue0n	false alarm	2	6709	190	832741	189	2525	190	0	2450
Picture	full0i	other				844782	2	4174	3	0	4120
Picture	full0n	other				855468	1	4841	2	0	4790
Picture	full0i	other				866487	1	2504	2	0	2450
Picture	full0n	other				879342	1	4842	2	0	4790
Picture	full0i	other				892031	1	3339	2	0	3290
Picture	full1i	other				905387	1	3506	2	0	3450
Picture	full1n	other				918076	1	3840	2	0	3790
Picture	full0n	other				930931	1	4508	2	0	4450
Picture	full0i	other				942952	1	2504	2	0	2450
Picture	full1i	other				953637	1	4174	2	0	4120
Picture	blue0n	false alarm	2	5556	2	966493	1	4675	2	0	4620
Picture	full1n	other				977512	1	2504	2	0	2450
Picture	full1i	other				989866	2	3507	3	0	3450
Picture	full1n	other				1000886	1	3172	2	0	3120
Picture	full1i	other				1014075	1	3005	2	0	2950
Picture	full0i	other				1025595	1	3339	2	0	3290
Picture	full0n	other				1037115	1	3005	2	0	2950
Picture	full1n	other				1049469	2	3006	3	0	2950
Picture	full1i	other				1061490	1	3673	2	0	3620
Picture	full1n	other				1074680	1	4007	2	0	3950
Picture	full1i	other				1086033	1	4841	2	0	4790
Picture	full1n	other				1099222	1	2504	2	0	2450
Picture	full0i	other				1110575	1	4508	2	0	4450
Picture	blue1i	false alarm	2	6020	2	1121928	1	3339	2	0	3290
Picture	full1n	other				1133782	1	4508	2	0	4450
Picture	full0n	other				1146971	1	4174	2	0	4120
Picture	full1i	other				1158491	1	3840	2	0	3790
Picture	full1n	other				1169510	1	4508	2	0	4450
Picture	full1i	other				1182700	1	2838	2	0	2790
Picture	full1n	other				1193385	1	3840	2	0	3790
Picture	full1i	other				1205406	1	4507	2	0	4450
Picture	full0i	other				1216091	1	3673	2	0	3620
Picture	blue1n	false alarm	2	4837	3	1227110	1	4508	2	0	4450
Picture	full1i	other				1238129	1	4508	2	0	4450
Picture	full1n	other				1251485	1	4675	2	0	4620
Picture	full1i	other				1263339	1	3172	2	0	3120
Picture	full1n	other				1276695	2	2672	3	0	2620
Picture	full0n	other				1288549	1	4675	2	0	4620
Picture	full0i	other				1300570	1	5009	2	0	4950
Picture	full1i	other				1312925	1	3506	2	0	3450
Picture	full1n	other				1326281	1	4842	2	0	4790
Picture	blue0n	false alarm	2	7111	2	1338636	1	4508	2	0	4450
Picture	full0i	other				1349989	1	2671	2	0	2620
Picture	full1i	other				1361509	1	3172	2	0	3120
Picture	full0n	other				1374197	1	3172	2	0	3120
Picture	full0i	other				1384882	2	3173	3	0	3120
Picture	full0n	other				1396736	1	3172	2	0	3120
Picture	full1n	other				1409592	1	3840	2	0	3790
Picture	full1i	other				1422948	1	4842	2	0	4790
Picture	full1n	other				1435804	1	4508	2	0	4450
Picture	blue0i	false alarm	2	5699	2	1447157	1	4507	3	0	4450
Picture	full0n	other				1459011	1	5008	2	0	4950
Picture	full1i	other				1470030	1	2504	2	0	2450
Picture	full0i	other				1482384	1	4675	2	0	4620
Picture	full0n	other				1493737	1	3172	2	0	3120
Picture	full0i	other				1505090	1	4341	2	0	4290
Picture	full0n	other				1516610	1	3673	2	0	3620
Picture	full0i	other				1528464	1	2671	2	0	2620
Picture	blue1n	false alarm	2	11535	2	1541820	1	2839	2	0	2790
Picture	full0n	other				1555177	1	5008	2	0	4950
Picture	full1i	other				1566196	1	3339	2	0	3290
Picture	full0i	other				1578884	1	2839	2	0	2790
Picture	full0n	other				1590404	1	3840	2	0	3790
Picture	full0i	other				1602425	1	2838	2	0	2790
Picture	full1n	other				1613110	1	3339	2	0	3290
Picture	82	other				1624463	1	100173	2	0	next
Picture	82	other				1724636	1	9851	2	100000	next
Picture	82	other				1734487	1	10017	2	110000	next
Picture	82	other				1744504	1	10017	2	120000	next
Picture	82	other				1754521	1	10018	2	130000	next
Picture	82	other				1764539	1	10017	2	140000	next
Picture	82	other				1774556	1	10017	2	150000	next
Picture	82	other				1784573	1	10017	2	160000	next
Picture	82	other				1794590	1	10018	2	170000	next
Picture	82	other				1804608	1	10017	2	180000	next
Picture	82	other				1814625	1	9850	3	190000	10000
Picture	full0n	other				1824475	2	3173	3	0	3120
Picture	full0i	other				1836830	1	2838	2	0	2790
Picture	full0n	other				1849686	1	4507	2	0	4450
Picture	full1n	other				1861206	1	3506	2	0	3450
Picture	blue0i	false alarm	2	8691	2	1874562	1	4842	2	0	4790
Picture	full0n	other				1886583	1	4341	2	0	4290
Picture	full1i	other				1898937	2	3506	4	0	3450
Picture	full1n	other				1909956	2	4174	3	0	4120
Picture	full1i	other				1921309	2	3006	3	0	2950
Picture	full0i	other				1933330	1	3840	2	0	3790
Picture	full1n	other				1944349	1	5009	2	0	4950
Picture	full1i	other				1957038	1	4174	2	0	4120
Picture	blue0n	false alarm	2	6394	2	1969059	1	4174	2	0	4120
Picture	full0i	other				1981747	1	3673	2	0	3620
Picture	full0n	other				1992432	1	4508	2	0	4450
Picture	full0i	other				2004787	1	3339	2	0	3290
Picture	full0n	other				2017142	1	4341	2	0	4290
Picture	full1n	other				2029162	2	4675	3	0	4620
Picture	full0i	other				2042352	1	2504	2	0	2450
Picture	full1i	other				2053037	1	3005	2	0	2950
Picture	full0n	other				2064056	1	5009	2	0	4950
Picture	full1n	other				2076745	1	4507	3	0	4450
Picture	blue1i	false alarm	2	4718	2	2089934	1	3005	2	0	2950
Picture	full0i	other				2101454	1	3339	2	0	3290
Picture	full0n	other				2114810	2	3173	3	0	3120
Picture	full1n	other				2128000	1	3840	2	0	3790
Picture	full1i	other				2140021	1	5008	2	0	4950
Picture	full1n	other				2151875	1	2504	2	0	2450
Picture	full0i	other				2165064	1	4341	2	0	4290
Picture	full0n	other				2178420	2	2839	3	0	2790
Picture	full1i	other				2190775	1	2838	2	0	2790
Picture	full0i	other				2203631	1	4173	3	0	4120
Picture	full0n	other				2215151	1	3673	2	0	3620
Picture	full0i	other				2227004	1	3673	2	0	3620
Picture	full1n	other				2240361	1	5008	2	0	4950
Picture	full0n	other				2251046	1	2838	2	0	2790
Picture	blue0i	false alarm	2	6152	2	2262399	1	3005	2	0	2950
Picture	full1i	other				2274253	1	2838	2	0	2790
Picture	full1n	other				2285272	1	4007	2	0	3950
Picture	full1i	other				2297293	1	3673	2	0	3620
Picture	full1n	other				2309146	1	2839	2	0	2790
Picture	blue1i	false alarm	2	9050	2	2321501	1	4341	2	0	4290
Picture	full0n	other				2333522	1	3673	2	0	3620
Picture	full1n	other				2346377	1	3673	2	0	3620
Picture	full0i	other				2357396	1	4508	2	0	4450
Picture	full1i	other				2370085	1	3172	2	0	3120
Picture	full0n	other				2382774	1	3005	2	0	2950
Picture	full1n	other				2395462	1	3172	2	0	3120
Picture	full1i	other				2407483	1	3840	2	0	3790
Picture	full1n	other				2420339	1	3005	2	0	2950
Picture	full1i	other				2433695	1	4842	2	0	4790
Picture	full0i	other				2445215	1	2504	2	0	2450
Picture	blue0n	false alarm	2	4682	2	2456568	1	3005	2	0	2950
Picture	full1n	other				2468589	1	3005	2	0	2950
Picture	full1i	other				2481444	1	3673	2	0	3620
Picture	full0i	other				2494801	1	3339	2	0	3290
Picture	full0n	other				2505486	1	4507	2	0	4450
Picture	full0i	other				2518174	1	4174	2	0	4120
Picture	full1n	other				2529193	1	2672	2	0	2620
Picture	full1i	other				2541214	1	4675	2	0	4620
Picture	blue1n	false alarm	2	7216	2	2552233	1	2671	2	0	2620
Picture	full0n	other				2564588	1	4675	2	0	4620
Picture	full1i	other				2577777	1	2838	3	0	2790
Picture	full0i	other				2588462	1	4007	2	0	3950
Picture	full0n	other				2600483	1	3506	2	0	3450
Picture	full0i	other				2612337	1	4007	2	0	3950
Picture	full1n	other				2623356	1	4508	2	0	4450
Picture	full1i	other				2636712	2	2505	3	0	2450
Picture	full1n	other				2648566	1	4174	2	0	4120
Picture	blue1i	false alarm	2	4393	2	2661756	1	4841	2	0	4790
Picture	full1n	other				2672775	1	2504	2	0	2450
Picture	full1i	other				2685630	1	4842	2	0	4790
Picture	full1n	other				2696983	1	3339	2	0	3290
Picture	full0n	other				2709672	1	3506	2	0	3450
Picture	full0i	other				2722360	2	3840	3	0	3790
Picture	full1i	other				2735550	1	4508	2	0	4450
Picture	full1n	other				2746235	1	2504	2	0	2450
Picture	full0n	other				2757755	1	4174	2	0	4120
Picture	full1i	other				2770611	1	4674	2	0	4620
Picture	blue0i	false alarm	2	6284	2	2782464	1	2505	2	0	2450
Picture	full0n	other				2794318	1	3506	2	0	3450
Picture	full0i	other				2805838	1	3172	2	0	3120
Picture	full0n	other				2816523	1	3005	2	0	2950
Picture	full1n	other				2828878	1	3339	2	0	3290
Picture	full1i	other				2841733	2	3006	3	0	2950
Picture	full0i	other				2854088	1	3005	2	0	2950
Picture	full0n	other				2867445	1	3673	2	0	3620
Picture	full0i	other				2880801	1	4007	2	0	3950
Picture	blue1n	false alarm	2	7025	2	2892822	1	4841	2	0	4790
Picture	full0n	other				2906178	1	2504	3	0	2450
Picture	full1i	other				2917531	1	4508	2	0	4450
Picture	full0i	other				2930721	1	3339	2	0	3290
Picture	full0n	other				2943409	1	4508	2	0	4450
Picture	full1n	other				2954094	1	4174	2	0	4120
Picture	full0i	other				2967284	1	3840	2	0	3790
Picture	full0n	other				2980139	1	4508	2	0	4450
Picture	full0i	other				2992160	1	2838	2	0	2790
Picture	full0n	other				3003680	1	3840	2	0	3790
Picture	full0i	other				3015200	1	4508	2	0	4450
Picture	full1i	other				3028055	2	3673	4	0	3620
Picture	full0n	other				3039408	1	4508	2	0	4450
Picture	full0i	other				3050761	1	4508	2	0	4450
Picture	full0n	other				3062782	1	4675	2	0	4620
Picture	full0i	other				3076139	1	3172	2	0	3120
Picture	blue0n	false alarm	2	5418	2	3089328	1	2671	2	0	2620
Picture	full1n	other				3100681	1	4675	2	0	4620
Picture	full1i	other				3112702	1	5008	2	0	4950
Picture	full0i	other				3124222	1	3506	2	0	3450
Picture	full0n	other				3137411	1	4842	2	0	4790
Picture	full1n	other				3149432	1	4508	2	0	4450
Picture	full1i	other				3161787	1	2671	2	0	2620
Picture	full0i	other				3174475	1	3172	2	0	3120
Picture	full1n	other				3187331	1	3172	2	0	3120
Picture	blue1i	other				3198851	1	3172	2	0	3120
Picture	full1n	other				3209870	1	3172	2	0	3120
Picture	full0n	other				3221890	2	3840	3	0	3790
Picture	full0i	other				3233744	1	4842	2	0	4790
Picture	full0n	other				3245765	1	4508	2	0	4450
Picture	full1i	other				3256450	1	4508	2	0	4450
Picture	full1n	other				3268471	1	5009	2	0	4950
Picture	full0i	other				3280492	1	2504	2	0	2450
Picture	full1i	other				3292513	1	4674	2	0	4620
Picture	full1n	other				3303865	2	3173	3	0	3120
Picture	full1i	other				3315385	1	4341	2	0	4290
Picture	full1n	other				3327406	1	3673	2	0	3620
Picture	full1i	other				3339761	1	2671	2	0	2620
Picture	blue0n	false alarm	2	7839	3	3351615	1	2838	2	0	2790
Picture	full1n	other				3362634	1	5008	2	0	4950
Picture	full0i	other				3374154	1	3339	2	0	3290
Picture	full1i	other				3385507	1	2838	2	0	2790
Picture	full1n	other				3397360	1	3840	2	0	3790
Picture	full1i	other				3408713	1	2839	2	0	2790
Picture	full0n	other				3419398	2	3340	3	0	3290
Picture	default	other				3430751	2	2672	3	0	2500
Picture	default	other				3450786	1	7036	2	0	2500
