Scenario - visual LTP Rap V4.0 HVD (based on combined block 1+2 from old 45 135 degree pilot)
Logfile written - 10/08/2015 17:33:09

Subject	Trial	Event Type	Code	Time	TTime	Uncertainty	Duration	Uncertainty	ReqTime	ReqDur

04_S0311_v0	1	Response	128	-883	8950	1
04_S0311_v0	3	Picture	full1n	9499	0	1	4667	2	0	4620
04_S0311_v0	4	Picture	full0n	21166	0	1	2666	2	0	2620
04_S0311_v0	5	Picture	full0i	32999	0	1	4333	2	0	4290
04_S0311_v0	6	Picture	blue0n	45999	0	1	2666	2	0	2620
04_S0311_v0	6	Response	10	50051	4052	1
04_S0311_v0	7	Picture	full1i	58165	0	1	4000	2	0	3950
04_S0311_v0	8	Picture	full1n	69332	0	1	2500	2	0	2450
04_S0311_v0	9	Picture	full0i	80665	0	1	4833	2	0	4790
04_S0311_v0	10	Picture	full1i	91498	0	1	2500	2	0	2450
04_S0311_v0	11	Picture	full0n	103665	0	1	2833	2	0	2790
04_S0311_v0	12	Picture	full1n	117165	0	1	4666	2	0	4620
04_S0311_v0	13	Picture	full1i	129331	0	1	4833	3	0	4790
04_S0311_v0	14	Picture	full1n	140164	0	2	4167	3	0	4120
04_S0311_v0	15	Picture	full1i	153164	0	1	4667	2	0	4620
04_S0311_v0	16	Picture	full0i	166497	0	2	4000	3	0	3950
04_S0311_v0	17	Picture	blue0n	179164	0	1	3000	2	0	2950
04_S0311_v0	17	Response	10	184948	5784	2
04_S0311_v0	18	Picture	full0i	191331	0	1	4333	2	0	4290
04_S0311_v0	19	Picture	full0n	202164	0	1	4166	2	0	4120
04_S0311_v0	20	Picture	full1n	214830	0	1	3167	2	0	3120
04_S0311_v0	21	Picture	full0i	225997	0	1	3833	2	0	3790
04_S0311_v0	22	Picture	full0n	238997	0	1	4166	2	0	4120
04_S0311_v0	23	Picture	full1i	250663	0	1	2500	2	0	2450
04_S0311_v0	24	Picture	full1n	262496	0	2	4167	3	0	4120
04_S0311_v0	25	Picture	full0i	273330	0	1	3000	2	0	2950
04_S0311_v0	26	Picture	full0n	285996	0	1	2833	3	0	2790
04_S0311_v0	27	Picture	full0i	297829	0	2	3167	3	0	3120
04_S0311_v0	28	Picture	full1i	309496	0	1	4833	2	0	4790
04_S0311_v0	29	Picture	blue1n	320829	0	1	4167	2	0	4120
04_S0311_v0	29	Response	10	327946	7117	1
04_S0311_v0	30	Picture	full0n	332496	0	1	5000	2	0	4950
04_S0311_v0	31	Picture	full1i	344662	0	1	4500	2	0	4450
04_S0311_v0	32	Picture	full1n	355995	0	2	4500	3	0	4450
04_S0311_v0	33	Picture	full1i	367329	0	1	4166	2	0	4120
04_S0311_v0	34	Picture	full1n	380829	0	1	4499	3	0	4450
04_S0311_v0	35	Picture	full0i	393828	0	2	2500	3	0	2450
04_S0311_v0	36	Picture	full0n	405162	0	1	4000	2	0	3950
04_S0311_v0	37	Picture	full0i	417828	0	1	4833	2	0	4790
04_S0311_v0	38	Picture	full1i	429495	0	1	2833	2	0	2790
04_S0311_v0	39	Picture	full1n	442828	0	1	4333	2	0	4290
04_S0311_v0	40	Picture	full1i	454994	0	2	3334	3	0	3290
04_S0311_v0	41	Picture	full1n	467494	0	1	5000	2	0	4950
04_S0311_v0	42	Picture	full0n	479994	0	1	3167	2	0	3120
04_S0311_v0	43	Picture	full0i	491661	0	1	4000	2	0	3950
04_S0311_v0	44	Picture	full0n	505161	0	1	3999	3	0	3950
04_S0311_v0	45	Picture	blue1i	518660	0	2	4834	3	0	4790
04_S0311_v0	45	Response	10	522843	4183	1
04_S0311_v0	46	Picture	full0i	530494	0	1	3000	2	0	2950
04_S0311_v0	47	Picture	full1n	543493	0	2	3167	3	0	3120
04_S0311_v0	48	Picture	full1i	556827	0	1	3333	2	0	3290
04_S0311_v0	49	Picture	full0n	569493	0	1	2833	3	0	2790
04_S0311_v0	50	Picture	blue1n	580826	0	1	4167	2	0	4120
04_S0311_v0	50	Response	10	585442	4616	1
04_S0311_v0	51	Picture	full1i	591993	0	1	3667	2	0	3620
04_S0311_v0	52	Picture	blue0i	602826	0	1	3833	2	0	3790
04_S0311_v0	52	Response	10	609241	6415	1
04_S0311_v0	53	Picture	full1n	613993	0	1	3000	2	0	2950
04_S0311_v0	54	Picture	full1i	625826	0	1	4833	2	0	4790
04_S0311_v0	55	Picture	full1n	637992	0	2	4500	3	0	4450
04_S0311_v0	56	Picture	full1i	649826	0	1	4500	2	0	4450
04_S0311_v0	57	Picture	blue1n	662326	0	1	3166	2	0	3120
04_S0311_v0	57	Response	10	667340	5014	1
04_S0311_v0	58	Picture	full0n	673659	0	1	4500	2	0	4450
04_S0311_v0	59	Picture	full1i	685325	0	1	3167	2	0	3120
04_S0311_v0	60	Picture	full1n	696658	0	2	3500	3	0	3450
04_S0311_v0	61	Picture	full1i	707492	0	1	4333	2	0	4290
04_S0311_v0	62	Picture	full1n	718658	0	1	3000	2	0	2950
04_S0311_v0	63	Picture	full1i	729991	0	2	3500	3	0	3450
04_S0311_v0	64	Picture	blue1n	741825	0	1	3333	2	0	3290
04_S0311_v0	64	Response	10	746939	5114	1
04_S0311_v0	65	Picture	full0i	754325	0	1	3166	2	0	3120
04_S0311_v0	66	Picture	full1i	767658	0	1	4666	2	0	4620
04_S0311_v0	67	Picture	full0n	779824	0	1	2667	2	0	2620
04_S0311_v0	68	Picture	full1n	792824	0	1	3667	2	0	3620
04_S0311_v0	69	Picture	full1i	804491	0	1	4833	2	0	4790
04_S0311_v0	70	Picture	full1n	815324	0	1	3333	2	0	3290
04_S0311_v0	71	Picture	full1i	827490	0	2	3834	3	0	3790
04_S0311_v0	72	Picture	full0i	838657	0	1	3833	2	0	3790
04_S0311_v0	73	Picture	full1n	852157	0	1	4500	2	0	4450
04_S0311_v0	74	Picture	full0n	864657	0	1	4833	2	0	4790
04_S0311_v0	75	Picture	full1i	875490	0	1	2667	2	0	2620
04_S0311_v0	76	Picture	full0i	887156	0	2	4500	3	0	4450
04_S0311_v0	77	Picture	full1n	899323	0	1	4333	2	0	4290
04_S0311_v0	78	Picture	full0n	911490	0	1	3833	2	0	3790
04_S0311_v0	79	Picture	blue0i	923989	0	1	2834	2	0	2790
04_S0311_v0	79	Response	10	928326	4337	1
04_S0311_v0	80	Picture	full0n	937489	0	1	4167	2	0	4120
04_S0311_v0	81	Picture	full0i	949656	0	1	2500	2	0	2450
04_S0311_v0	82	Picture	full1i	962656	0	1	4833	2	0	4790
04_S0311_v0	83	Picture	full1n	973822	0	1	2833	3	0	2790
04_S0311_v0	84	Picture	full1i	986489	0	1	4000	2	0	3950
04_S0311_v0	85	Picture	full0n	999989	0	1	3833	2	0	3790
04_S0311_v0	86	Picture	full1n	1011322	0	1	4666	2	0	4620
04_S0311_v0	87	Picture	full1i	1023155	0	1	4000	2	0	3950
04_S0311_v0	88	Picture	full1n	1034322	0	1	3166	2	0	3120
04_S0311_v0	89	Picture	full0i	1047821	0	1	3834	2	0	3790
04_S0311_v0	90	Picture	full1i	1061155	0	1	2500	2	0	2450
04_S0311_v0	91	Picture	full0n	1073321	0	1	4333	2	0	4290
04_S0311_v0	92	Picture	full0i	1086321	0	1	4000	2	0	3950
04_S0311_v0	93	Picture	full0n	1098488	0	1	4166	2	0	4120
04_S0311_v0	94	Picture	full1n	1110654	0	1	4167	2	0	4120
04_S0311_v0	95	Picture	full0i	1123987	0	1	4334	2	0	4290
04_S0311_v0	96	Picture	blue1i	1135654	0	1	4000	2	0	3950
04_S0311_v0	96	Response	10	1141422	5768	1
04_S0311_v0	97	Picture	full0n	1146820	0	1	2834	2	0	2790
04_S0311_v0	98	Picture	full1n	1158154	0	1	4166	2	0	4120
04_S0311_v0	99	Picture	full0i	1170820	0	1	3167	2	0	3120
04_S0311_v0	100	Picture	full0n	1183487	0	1	3666	2	0	3620
04_S0311_v0	101	Picture	full1i	1196486	0	2	3834	3	0	3790
04_S0311_v0	102	Picture	full0i	1209986	0	1	3500	2	0	3450
04_S0311_v0	103	Picture	full0n	1222486	0	1	2500	2	0	2450
04_S0311_v0	104	Picture	full0i	1234153	0	1	2833	2	0	2790
04_S0311_v0	105	Picture	full0n	1245486	0	1	3500	2	0	3450
04_S0311_v0	106	Picture	full0i	1257986	0	1	3000	2	0	2950
04_S0311_v0	107	Picture	full1n	1270152	0	1	5000	2	0	4950
04_S0311_v0	108	Picture	full0n	1282319	0	1	4333	2	0	4290
04_S0311_v0	109	Picture	full0i	1294819	0	1	4833	2	0	4790
04_S0311_v0	110	Picture	full0n	1308319	0	1	3500	2	0	3450
04_S0311_v0	111	Picture	blue0i	1320152	0	1	3833	2	0	3790
04_S0311_v0	111	Response	10	1324519	4367	1
04_S0311_v0	112	Picture	full0n	1332318	0	2	3334	3	0	3290
04_S0311_v0	113	Picture	full0i	1345652	0	1	2999	3	0	2950
04_S0311_v0	114	Picture	full1i	1356818	0	1	2667	2	0	2620
04_S0311_v0	115	Picture	full1n	1370151	0	1	3334	2	0	3290
04_S0311_v0	116	Picture	full0n	1383484	0	2	4834	3	0	4790
04_S0311_v0	117	Picture	full1i	1396984	0	1	4334	2	0	4290
04_S0311_v0	118	Picture	full1n	1409151	0	1	3833	2	0	3790
04_S0311_v0	119	Picture	full1i	1420984	0	1	4000	2	0	3950
04_S0311_v0	120	Picture	full1n	1431817	0	1	3167	2	0	3120
04_S0311_v0	121	Picture	blue0i	1443984	0	1	4333	2	0	4290
04_S0311_v0	121	Response	10	1448517	4533	1
04_S0311_v0	122	Picture	full0n	1455817	0	1	3000	2	0	2950
04_S0311_v0	123	Picture	full0i	1468317	0	1	4333	2	0	4290
04_S0311_v0	124	Picture	full1i	1481650	0	1	2667	2	0	2620
04_S0311_v0	125	Picture	full0n	1492483	0	1	4167	2	0	4120
04_S0311_v0	126	Picture	full0i	1504650	0	1	4833	2	0	4790
04_S0311_v0	127	Picture	full0n	1517316	0	1	2667	2	0	2620
04_S0311_v0	128	Picture	full0i	1530316	0	1	3167	2	0	3120
04_S0311_v0	129	Picture	full0n	1543316	0	1	4833	2	0	4790
04_S0311_v0	130	Picture	full0i	1555483	0	1	3666	2	0	3620
04_S0311_v0	131	Picture	blue1n	1567982	0	2	4500	3	0	4450
04_S0311_v0	131	Response	10	1572415	4433	1
04_S0311_v0	132	Picture	full0n	1580649	0	1	4167	2	0	4120
04_S0311_v0	133	Picture	full0i	1593316	0	1	4666	2	0	4620
04_S0311_v0	134	Picture	full1i	1606649	0	1	4333	2	0	4290
04_S0311_v0	135	Picture	full1n	1618315	0	1	3667	2	0	3620
04_S0311_v0	136	Picture	82	1629315	0	1	100166	2	0	next
04_S0311_v0	136	Picture	82	1729481	100166	1	10000	2	100000	next
04_S0311_v0	136	Picture	82	1739481	110166	1	9999	3	110000	next
04_S0311_v0	136	Picture	82	1749480	120165	2	10000	3	120000	next
04_S0311_v0	136	Picture	82	1759480	130165	1	10000	2	130000	next
04_S0311_v0	136	Picture	82	1769480	140165	1	10000	2	140000	next
04_S0311_v0	136	Picture	82	1779480	150165	1	10000	2	150000	next
04_S0311_v0	136	Picture	82	1789480	160165	1	10000	2	160000	next
04_S0311_v0	136	Picture	82	1799480	170165	1	10000	2	170000	next
04_S0311_v0	136	Picture	82	1809480	180165	1	10000	2	180000	next
04_S0311_v0	136	Picture	82	1819480	190165	1	10000	2	190000	10000
04_S0311_v0	137	Picture	full0n	1829480	0	1	4666	2	0	4620
04_S0311_v0	138	Picture	full1n	1840813	0	1	2666	3	0	2620
04_S0311_v0	139	Picture	full1i	1852979	0	2	4334	3	0	4290
04_S0311_v0	140	Picture	full1n	1864979	0	1	2667	2	0	2620
04_S0311_v0	141	Picture	full0i	1875812	0	2	4000	3	0	3950
04_S0311_v0	142	Picture	full0n	1888812	0	1	2500	2	0	2450
04_S0311_v0	143	Picture	full1i	1900479	0	1	4833	2	0	4790
04_S0311_v0	144	Picture	full0i	1912979	0	1	2500	2	0	2450
04_S0311_v0	145	Picture	blue0n	1925145	0	1	2834	2	0	2790
04_S0311_v0	145	Response	10	1931009	5864	1
04_S0311_v0	146	Picture	full0i	1937145	0	1	4667	2	0	4620
04_S0311_v0	147	Picture	full1n	1950145	0	1	4833	2	0	4790
04_S0311_v0	148	Picture	full0n	1961478	0	1	4167	2	0	4120
04_S0311_v0	149	Picture	full0i	1974145	0	1	4666	2	0	4620
04_S0311_v0	150	Picture	blue1i	1986645	0	1	4000	2	0	3950
04_S0311_v0	150	Response	10	1991808	5163	1
04_S0311_v0	151	Picture	full1n	1998644	0	2	3000	3	0	2950
04_S0311_v0	152	Picture	full1i	2009478	0	1	4333	2	0	4290
04_S0311_v0	153	Picture	full1n	2021144	0	1	4167	2	0	4120
04_S0311_v0	154	Picture	full0n	2033311	0	1	3166	2	0	3120
04_S0311_v0	155	Picture	full1i	2045977	0	1	3834	2	0	3790
04_S0311_v0	156	Picture	full1n	2059310	0	2	4167	3	0	4120
04_S0311_v0	157	Picture	full0i	2071477	0	1	2500	2	0	2450
04_S0311_v0	158	Picture	blue0n	2083644	0	1	4166	2	0	4120
04_S0311_v0	158	Response	10	2088506	4862	1
04_S0311_v0	159	Picture	full1i	2094810	0	1	3000	2	0	2950
04_S0311_v0	160	Picture	full1n	2107477	0	1	2833	2	0	2790
04_S0311_v0	161	Picture	full1i	2118310	0	1	3166	2	0	3120
04_S0311_v0	162	Picture	full0i	2131643	0	1	4833	2	0	4790
04_S0311_v0	163	Picture	full0n	2143810	0	1	4166	2	0	4120
04_S0311_v0	164	Picture	full1n	2154976	0	1	5000	2	0	4950
04_S0311_v0	165	Picture	full0i	2168476	0	1	4500	2	0	4450
04_S0311_v0	166	Picture	full1i	2179809	0	1	4500	2	0	4450
04_S0311_v0	167	Picture	full0n	2193142	0	1	4167	2	0	4120
04_S0311_v0	168	Picture	full0i	2204809	0	1	4500	2	0	4450
04_S0311_v0	169	Picture	blue0n	2216975	0	2	2500	3	0	2450
04_S0311_v0	169	Response	10	2223494	6519	1
04_S0311_v0	170	Picture	full1n	2228642	0	1	4000	2	0	3950
04_S0311_v0	171	Picture	full1i	2240308	0	2	4834	3	0	4790
04_S0311_v0	172	Picture	full0i	2253808	0	1	2834	2	0	2790
04_S0311_v0	173	Picture	full0n	2266475	0	1	4333	2	0	4290
04_S0311_v0	174	Picture	full0i	2277808	0	1	3333	2	0	3290
04_S0311_v0	175	Picture	full0n	2289808	0	1	5000	2	0	4950
04_S0311_v0	176	Picture	full1n	2301974	0	2	3167	3	0	3120
04_S0311_v0	177	Picture	full1i	2313141	0	1	4000	2	0	3950
04_S0311_v0	178	Picture	full1n	2324308	0	1	3999	3	0	3950
04_S0311_v0	179	Picture	full0i	2335474	0	1	4833	2	0	4790
04_S0311_v0	180	Picture	full1i	2346307	0	1	3000	2	0	2950
04_S0311_v0	181	Picture	full0n	2358807	0	1	3167	2	0	3120
04_S0311_v0	182	Picture	full0i	2371474	0	1	3333	2	0	3290
04_S0311_v0	183	Picture	blue1n	2383640	0	1	2834	2	0	2790
04_S0311_v0	184	Picture	full0n	2396140	0	1	4167	2	0	4120
04_S0311_v0	185	Picture	full0i	2408140	0	1	3667	2	0	3620
04_S0311_v0	186	Picture	full1i	2420307	0	1	3833	2	0	3790
04_S0311_v0	187	Picture	full0n	2433806	0	1	3000	2	0	2950
04_S0311_v0	188	Picture	full0i	2445806	0	1	4833	3	0	4790
04_S0311_v0	189	Picture	full0n	2459306	0	1	4500	2	0	4450
04_S0311_v0	190	Picture	full0i	2470973	0	1	4500	2	0	4450
04_S0311_v0	191	Picture	full0n	2482306	0	1	3166	2	0	3120
04_S0311_v0	192	Picture	full1n	2495639	0	1	4500	2	0	4450
04_S0311_v0	193	Picture	blue0i	2508139	0	1	3166	3	0	3120
04_S0311_v0	193	Response	10	2513389	5250	1
04_S0311_v0	194	Picture	full0n	2520805	0	1	3500	3	0	3450
04_S0311_v0	195	Picture	full0i	2533305	0	1	4334	2	0	4290
04_S0311_v0	196	Picture	full0n	2544138	0	2	3000	3	0	2950
04_S0311_v0	197	Picture	full0i	2557138	0	1	3500	2	0	3450
04_S0311_v0	198	Picture	full0n	2569305	0	1	3333	2	0	3290
04_S0311_v0	199	Picture	full1i	2581471	0	1	3167	2	0	3120
04_S0311_v0	200	Picture	blue0i	2593638	0	1	4667	2	0	4620
04_S0311_v0	200	Response	10	2599687	6049	1
04_S0311_v0	201	Picture	full1n	2605804	0	2	2667	3	0	2620
04_S0311_v0	202	Picture	full0n	2616638	0	1	3666	2	0	3620
04_S0311_v0	203	Picture	full0i	2629138	0	1	4833	2	0	4790
04_S0311_v0	204	Picture	full0n	2642471	0	1	3333	2	0	3290
04_S0311_v0	205	Picture	full0i	2655804	0	1	3833	2	0	3790
04_S0311_v0	206	Picture	full1i	2667970	0	2	3834	3	0	3790
04_S0311_v0	207	Picture	full0n	2679970	0	1	4500	2	0	4450
04_S0311_v0	208	Picture	full1n	2691137	0	1	4833	2	0	4790
04_S0311_v0	209	Picture	full0i	2703137	0	1	2666	2	0	2620
04_S0311_v0	210	Picture	full1i	2714803	0	1	4500	2	0	4450
04_S0311_v0	211	Picture	full0n	2728303	0	1	4333	2	0	4290
04_S0311_v0	212	Picture	full1n	2739970	0	1	3833	2	0	3790
04_S0311_v0	213	Picture	full1i	2752469	0	2	2834	3	0	2790
04_S0311_v0	214	Picture	blue1n	2763803	0	1	4166	2	0	4120
04_S0311_v0	215	Picture	full1i	2774969	0	1	2500	2	0	2450
04_S0311_v0	216	Picture	full0i	2787636	0	1	4833	2	0	4790
04_S0311_v0	217	Picture	full0n	2800636	0	1	2833	2	0	2790
04_S0311_v0	218	Picture	full0i	2813302	0	1	4000	2	0	3950
04_S0311_v0	219	Picture	blue1n	2824469	0	1	3833	2	0	3790
04_S0311_v0	219	Response	10	2831283	6814	1
04_S0311_v0	220	Picture	full0n	2835635	0	1	4667	2	0	4620
04_S0311_v0	221	Picture	full0i	2849135	0	1	4000	2	0	3950
04_S0311_v0	222	Picture	full0n	2860468	0	1	3167	2	0	3120
04_S0311_v0	223	Picture	full1i	2873968	0	1	3833	2	0	3790
04_S0311_v0	224	Picture	full0i	2886635	0	1	2500	2	0	2450
04_S0311_v0	225	Picture	full1n	2897968	0	1	4333	2	0	4290
04_S0311_v0	226	Picture	full1i	2910634	0	2	4000	3	0	3950
04_S0311_v0	227	Picture	full1n	2922301	0	1	4167	2	0	4120
04_S0311_v0	228	Picture	full0n	2933467	0	2	4167	3	0	4120
04_S0311_v0	229	Picture	full1i	2946467	0	1	4334	2	0	4290
04_S0311_v0	230	Picture	full0i	2958634	0	1	4000	2	0	3950
04_S0311_v0	231	Picture	full1n	2969967	0	1	2833	2	0	2790
04_S0311_v0	232	Picture	blue0n	2980800	0	1	4167	2	0	4120
04_S0311_v0	232	Response	10	2986881	6081	1
04_S0311_v0	233	Picture	full1i	2992967	0	1	3166	2	0	3120
04_S0311_v0	234	Picture	full1n	3004300	0	1	3667	2	0	3620
04_S0311_v0	235	Picture	full0i	3017300	0	1	3833	2	0	3790
04_S0311_v0	236	Picture	full1i	3028966	0	2	3500	3	0	3450
04_S0311_v0	237	Picture	full1n	3041466	0	1	2500	2	0	2450
04_S0311_v0	238	Picture	full1i	3054966	0	1	2833	2	0	2790
04_S0311_v0	239	Picture	full1n	3067966	0	1	3500	2	0	3450
04_S0311_v0	240	Picture	full1i	3079966	0	1	3000	2	0	2950
04_S0311_v0	241	Picture	full0n	3093299	0	1	5000	2	0	4950
04_S0311_v0	242	Picture	full1n	3104132	0	1	4334	2	0	4290
04_S0311_v0	243	Picture	full1i	3117465	0	2	4834	3	0	4790
04_S0311_v0	244	Picture	full1n	3129965	0	1	3500	2	0	3450
04_S0311_v0	245	Picture	full1i	3143298	0	2	3834	3	0	3790
04_S0311_v0	246	Picture	full1n	3156632	0	1	3333	2	0	3290
04_S0311_v0	247	Picture	full1i	3168798	0	1	3000	2	0	2950
04_S0311_v0	248	Picture	full0i	3181798	0	1	2667	2	0	2620
04_S0311_v0	249	Picture	full0n	3192964	0	2	3334	3	0	3290
04_S0311_v0	250	Picture	blue1n	3205631	0	1	4833	2	0	4790
04_S0311_v0	250	Response	10	3211677	6046	1
04_S0311_v0	251	Picture	full0i	3216964	0	1	4334	2	0	4290
04_S0311_v0	252	Picture	full0n	3229131	0	1	3833	2	0	3790
04_S0311_v0	253	Picture	full0i	3240797	0	1	4000	2	0	3950
04_S0311_v0	254	Picture	full0n	3252797	0	1	3167	2	0	3120
04_S0311_v0	255	Picture	full1i	3266297	0	1	4333	2	0	4290
04_S0311_v0	256	Picture	full1n	3278464	0	1	3000	2	0	2950
04_S0311_v0	257	Picture	full1i	3289297	0	1	4333	2	0	4290
04_S0311_v0	258	Picture	blue0i	3302797	0	1	2666	2	0	2620
04_S0311_v0	258	Response	10	3310275	7478	1
04_S0311_v0	259	Picture	full1n	3316297	0	1	4166	2	0	4120
04_S0311_v0	260	Picture	full1i	3327130	0	1	4833	2	0	4790
04_S0311_v0	261	Picture	full1n	3338796	0	1	2667	2	0	2620
04_S0311_v0	262	Picture	full1i	3351296	0	1	3167	2	0	3120
04_S0311_v0	263	Picture	full1n	3364296	0	1	4833	2	0	4790
04_S0311_v0	264	Picture	full1i	3375629	0	1	3667	2	0	3620
04_S0311_v0	265	Picture	full0n	3388629	0	1	4500	2	0	4450
04_S0311_v0	266	Picture	full1n	3401629	0	1	4167	2	0	4120
04_S0311_v0	267	Picture	blue1i	3413629	0	1	4666	2	0	4620
04_S0311_v0	267	Response	10	3419373	5744	1
04_S0311_v0	268	Picture	full0i	3425795	0	1	4334	2	0	4290
04_S0311_v0	269	Picture	full0n	3439128	0	2	3667	3	0	3620
04_S0311_v0	270	Picture	default	3451295	0	1	2667	2	0	2500
04_S0311_v0	271	Picture	default	3471461	0	2	6777	3	0	2500


Event Type	Code	Type	Response	RT	RT Uncertainty	Time	Uncertainty	Duration	Uncertainty	ReqTime	ReqDur

Picture	full1n	other				9499	1	4667	2	0	4620
Picture	full0n	other				21166	1	2666	2	0	2620
Picture	full0i	other				32999	1	4333	2	0	4290
Picture	blue0n	false alarm	2	4052	2	45999	1	2666	2	0	2620
Picture	full1i	other				58165	1	4000	2	0	3950
Picture	full1n	other				69332	1	2500	2	0	2450
Picture	full0i	other				80665	1	4833	2	0	4790
Picture	full1i	other				91498	1	2500	2	0	2450
Picture	full0n	other				103665	1	2833	2	0	2790
Picture	full1n	other				117165	1	4666	2	0	4620
Picture	full1i	other				129331	1	4833	3	0	4790
Picture	full1n	other				140164	2	4167	3	0	4120
Picture	full1i	other				153164	1	4667	2	0	4620
Picture	full0i	other				166497	2	4000	3	0	3950
Picture	blue0n	false alarm	2	5784	3	179164	1	3000	2	0	2950
Picture	full0i	other				191331	1	4333	2	0	4290
Picture	full0n	other				202164	1	4166	2	0	4120
Picture	full1n	other				214830	1	3167	2	0	3120
Picture	full0i	other				225997	1	3833	2	0	3790
Picture	full0n	other				238997	1	4166	2	0	4120
Picture	full1i	other				250663	1	2500	2	0	2450
Picture	full1n	other				262496	2	4167	3	0	4120
Picture	full0i	other				273330	1	3000	2	0	2950
Picture	full0n	other				285996	1	2833	3	0	2790
Picture	full0i	other				297829	2	3167	3	0	3120
Picture	full1i	other				309496	1	4833	2	0	4790
Picture	blue1n	false alarm	2	7117	2	320829	1	4167	2	0	4120
Picture	full0n	other				332496	1	5000	2	0	4950
Picture	full1i	other				344662	1	4500	2	0	4450
Picture	full1n	other				355995	2	4500	3	0	4450
Picture	full1i	other				367329	1	4166	2	0	4120
Picture	full1n	other				380829	1	4499	3	0	4450
Picture	full0i	other				393828	2	2500	3	0	2450
Picture	full0n	other				405162	1	4000	2	0	3950
Picture	full0i	other				417828	1	4833	2	0	4790
Picture	full1i	other				429495	1	2833	2	0	2790
Picture	full1n	other				442828	1	4333	2	0	4290
Picture	full1i	other				454994	2	3334	3	0	3290
Picture	full1n	other				467494	1	5000	2	0	4950
Picture	full0n	other				479994	1	3167	2	0	3120
Picture	full0i	other				491661	1	4000	2	0	3950
Picture	full0n	other				505161	1	3999	3	0	3950
Picture	blue1i	false alarm	2	4183	3	518660	2	4834	3	0	4790
Picture	full0i	other				530494	1	3000	2	0	2950
Picture	full1n	other				543493	2	3167	3	0	3120
Picture	full1i	other				556827	1	3333	2	0	3290
Picture	full0n	other				569493	1	2833	3	0	2790
Picture	blue1n	false alarm	2	4616	2	580826	1	4167	2	0	4120
Picture	full1i	other				591993	1	3667	2	0	3620
Picture	blue0i	false alarm	2	6415	2	602826	1	3833	2	0	3790
Picture	full1n	other				613993	1	3000	2	0	2950
Picture	full1i	other				625826	1	4833	2	0	4790
Picture	full1n	other				637992	2	4500	3	0	4450
Picture	full1i	other				649826	1	4500	2	0	4450
Picture	blue1n	false alarm	2	5014	2	662326	1	3166	2	0	3120
Picture	full0n	other				673659	1	4500	2	0	4450
Picture	full1i	other				685325	1	3167	2	0	3120
Picture	full1n	other				696658	2	3500	3	0	3450
Picture	full1i	other				707492	1	4333	2	0	4290
Picture	full1n	other				718658	1	3000	2	0	2950
Picture	full1i	other				729991	2	3500	3	0	3450
Picture	blue1n	false alarm	2	5114	2	741825	1	3333	2	0	3290
Picture	full0i	other				754325	1	3166	2	0	3120
Picture	full1i	other				767658	1	4666	2	0	4620
Picture	full0n	other				779824	1	2667	2	0	2620
Picture	full1n	other				792824	1	3667	2	0	3620
Picture	full1i	other				804491	1	4833	2	0	4790
Picture	full1n	other				815324	1	3333	2	0	3290
Picture	full1i	other				827490	2	3834	3	0	3790
Picture	full0i	other				838657	1	3833	2	0	3790
Picture	full1n	other				852157	1	4500	2	0	4450
Picture	full0n	other				864657	1	4833	2	0	4790
Picture	full1i	other				875490	1	2667	2	0	2620
Picture	full0i	other				887156	2	4500	3	0	4450
Picture	full1n	other				899323	1	4333	2	0	4290
Picture	full0n	other				911490	1	3833	2	0	3790
Picture	blue0i	false alarm	2	4337	2	923989	1	2834	2	0	2790
Picture	full0n	other				937489	1	4167	2	0	4120
Picture	full0i	other				949656	1	2500	2	0	2450
Picture	full1i	other				962656	1	4833	2	0	4790
Picture	full1n	other				973822	1	2833	3	0	2790
Picture	full1i	other				986489	1	4000	2	0	3950
Picture	full0n	other				999989	1	3833	2	0	3790
Picture	full1n	other				1011322	1	4666	2	0	4620
Picture	full1i	other				1023155	1	4000	2	0	3950
Picture	full1n	other				1034322	1	3166	2	0	3120
Picture	full0i	other				1047821	1	3834	2	0	3790
Picture	full1i	other				1061155	1	2500	2	0	2450
Picture	full0n	other				1073321	1	4333	2	0	4290
Picture	full0i	other				1086321	1	4000	2	0	3950
Picture	full0n	other				1098488	1	4166	2	0	4120
Picture	full1n	other				1110654	1	4167	2	0	4120
Picture	full0i	other				1123987	1	4334	2	0	4290
Picture	blue1i	false alarm	2	5768	2	1135654	1	4000	2	0	3950
Picture	full0n	other				1146820	1	2834	2	0	2790
Picture	full1n	other				1158154	1	4166	2	0	4120
Picture	full0i	other				1170820	1	3167	2	0	3120
Picture	full0n	other				1183487	1	3666	2	0	3620
Picture	full1i	other				1196486	2	3834	3	0	3790
Picture	full0i	other				1209986	1	3500	2	0	3450
Picture	full0n	other				1222486	1	2500	2	0	2450
Picture	full0i	other				1234153	1	2833	2	0	2790
Picture	full0n	other				1245486	1	3500	2	0	3450
Picture	full0i	other				1257986	1	3000	2	0	2950
Picture	full1n	other				1270152	1	5000	2	0	4950
Picture	full0n	other				1282319	1	4333	2	0	4290
Picture	full0i	other				1294819	1	4833	2	0	4790
Picture	full0n	other				1308319	1	3500	2	0	3450
Picture	blue0i	false alarm	2	4367	2	1320152	1	3833	2	0	3790
Picture	full0n	other				1332318	2	3334	3	0	3290
Picture	full0i	other				1345652	1	2999	3	0	2950
Picture	full1i	other				1356818	1	2667	2	0	2620
Picture	full1n	other				1370151	1	3334	2	0	3290
Picture	full0n	other				1383484	2	4834	3	0	4790
Picture	full1i	other				1396984	1	4334	2	0	4290
Picture	full1n	other				1409151	1	3833	2	0	3790
Picture	full1i	other				1420984	1	4000	2	0	3950
Picture	full1n	other				1431817	1	3167	2	0	3120
Picture	blue0i	false alarm	2	4533	2	1443984	1	4333	2	0	4290
Picture	full0n	other				1455817	1	3000	2	0	2950
Picture	full0i	other				1468317	1	4333	2	0	4290
Picture	full1i	other				1481650	1	2667	2	0	2620
Picture	full0n	other				1492483	1	4167	2	0	4120
Picture	full0i	other				1504650	1	4833	2	0	4790
Picture	full0n	other				1517316	1	2667	2	0	2620
Picture	full0i	other				1530316	1	3167	2	0	3120
Picture	full0n	other				1543316	1	4833	2	0	4790
Picture	full0i	other				1555483	1	3666	2	0	3620
Picture	blue1n	false alarm	2	4433	3	1567982	2	4500	3	0	4450
Picture	full0n	other				1580649	1	4167	2	0	4120
Picture	full0i	other				1593316	1	4666	2	0	4620
Picture	full1i	other				1606649	1	4333	2	0	4290
Picture	full1n	other				1618315	1	3667	2	0	3620
Picture	82	other				1629315	1	100166	2	0	next
Picture	82	other				1729481	1	10000	2	100000	next
Picture	82	other				1739481	1	9999	3	110000	next
Picture	82	other				1749480	2	10000	3	120000	next
Picture	82	other				1759480	1	10000	2	130000	next
Picture	82	other				1769480	1	10000	2	140000	next
Picture	82	other				1779480	1	10000	2	150000	next
Picture	82	other				1789480	1	10000	2	160000	next
Picture	82	other				1799480	1	10000	2	170000	next
Picture	82	other				1809480	1	10000	2	180000	next
Picture	82	other				1819480	1	10000	2	190000	10000
Picture	full0n	other				1829480	1	4666	2	0	4620
Picture	full1n	other				1840813	1	2666	3	0	2620
Picture	full1i	other				1852979	2	4334	3	0	4290
Picture	full1n	other				1864979	1	2667	2	0	2620
Picture	full0i	other				1875812	2	4000	3	0	3950
Picture	full0n	other				1888812	1	2500	2	0	2450
Picture	full1i	other				1900479	1	4833	2	0	4790
Picture	full0i	other				1912979	1	2500	2	0	2450
Picture	blue0n	false alarm	2	5864	2	1925145	1	2834	2	0	2790
Picture	full0i	other				1937145	1	4667	2	0	4620
Picture	full1n	other				1950145	1	4833	2	0	4790
Picture	full0n	other				1961478	1	4167	2	0	4120
Picture	full0i	other				1974145	1	4666	2	0	4620
Picture	blue1i	false alarm	2	5163	2	1986645	1	4000	2	0	3950
Picture	full1n	other				1998644	2	3000	3	0	2950
Picture	full1i	other				2009478	1	4333	2	0	4290
Picture	full1n	other				2021144	1	4167	2	0	4120
Picture	full0n	other				2033311	1	3166	2	0	3120
Picture	full1i	other				2045977	1	3834	2	0	3790
Picture	full1n	other				2059310	2	4167	3	0	4120
Picture	full0i	other				2071477	1	2500	2	0	2450
Picture	blue0n	false alarm	2	4862	2	2083644	1	4166	2	0	4120
Picture	full1i	other				2094810	1	3000	2	0	2950
Picture	full1n	other				2107477	1	2833	2	0	2790
Picture	full1i	other				2118310	1	3166	2	0	3120
Picture	full0i	other				2131643	1	4833	2	0	4790
Picture	full0n	other				2143810	1	4166	2	0	4120
Picture	full1n	other				2154976	1	5000	2	0	4950
Picture	full0i	other				2168476	1	4500	2	0	4450
Picture	full1i	other				2179809	1	4500	2	0	4450
Picture	full0n	other				2193142	1	4167	2	0	4120
Picture	full0i	other				2204809	1	4500	2	0	4450
Picture	blue0n	false alarm	2	6519	3	2216975	2	2500	3	0	2450
Picture	full1n	other				2228642	1	4000	2	0	3950
Picture	full1i	other				2240308	2	4834	3	0	4790
Picture	full0i	other				2253808	1	2834	2	0	2790
Picture	full0n	other				2266475	1	4333	2	0	4290
Picture	full0i	other				2277808	1	3333	2	0	3290
Picture	full0n	other				2289808	1	5000	2	0	4950
Picture	full1n	other				2301974	2	3167	3	0	3120
Picture	full1i	other				2313141	1	4000	2	0	3950
Picture	full1n	other				2324308	1	3999	3	0	3950
Picture	full0i	other				2335474	1	4833	2	0	4790
Picture	full1i	other				2346307	1	3000	2	0	2950
Picture	full0n	other				2358807	1	3167	2	0	3120
Picture	full0i	other				2371474	1	3333	2	0	3290
Picture	blue1n	other				2383640	1	2834	2	0	2790
Picture	full0n	other				2396140	1	4167	2	0	4120
Picture	full0i	other				2408140	1	3667	2	0	3620
Picture	full1i	other				2420307	1	3833	2	0	3790
Picture	full0n	other				2433806	1	3000	2	0	2950
Picture	full0i	other				2445806	1	4833	3	0	4790
Picture	full0n	other				2459306	1	4500	2	0	4450
Picture	full0i	other				2470973	1	4500	2	0	4450
Picture	full0n	other				2482306	1	3166	2	0	3120
Picture	full1n	other				2495639	1	4500	2	0	4450
Picture	blue0i	false alarm	2	5250	2	2508139	1	3166	3	0	3120
Picture	full0n	other				2520805	1	3500	3	0	3450
Picture	full0i	other				2533305	1	4334	2	0	4290
Picture	full0n	other				2544138	2	3000	3	0	2950
Picture	full0i	other				2557138	1	3500	2	0	3450
Picture	full0n	other				2569305	1	3333	2	0	3290
Picture	full1i	other				2581471	1	3167	2	0	3120
Picture	blue0i	false alarm	2	6049	2	2593638	1	4667	2	0	4620
Picture	full1n	other				2605804	2	2667	3	0	2620
Picture	full0n	other				2616638	1	3666	2	0	3620
Picture	full0i	other				2629138	1	4833	2	0	4790
Picture	full0n	other				2642471	1	3333	2	0	3290
Picture	full0i	other				2655804	1	3833	2	0	3790
Picture	full1i	other				2667970	2	3834	3	0	3790
Picture	full0n	other				2679970	1	4500	2	0	4450
Picture	full1n	other				2691137	1	4833	2	0	4790
Picture	full0i	other				2703137	1	2666	2	0	2620
Picture	full1i	other				2714803	1	4500	2	0	4450
Picture	full0n	other				2728303	1	4333	2	0	4290
Picture	full1n	other				2739970	1	3833	2	0	3790
Picture	full1i	other				2752469	2	2834	3	0	2790
Picture	blue1n	other				2763803	1	4166	2	0	4120
Picture	full1i	other				2774969	1	2500	2	0	2450
Picture	full0i	other				2787636	1	4833	2	0	4790
Picture	full0n	other				2800636	1	2833	2	0	2790
Picture	full0i	other				2813302	1	4000	2	0	3950
Picture	blue1n	false alarm	2	6814	2	2824469	1	3833	2	0	3790
Picture	full0n	other				2835635	1	4667	2	0	4620
Picture	full0i	other				2849135	1	4000	2	0	3950
Picture	full0n	other				2860468	1	3167	2	0	3120
Picture	full1i	other				2873968	1	3833	2	0	3790
Picture	full0i	other				2886635	1	2500	2	0	2450
Picture	full1n	other				2897968	1	4333	2	0	4290
Picture	full1i	other				2910634	2	4000	3	0	3950
Picture	full1n	other				2922301	1	4167	2	0	4120
Picture	full0n	other				2933467	2	4167	3	0	4120
Picture	full1i	other				2946467	1	4334	2	0	4290
Picture	full0i	other				2958634	1	4000	2	0	3950
Picture	full1n	other				2969967	1	2833	2	0	2790
Picture	blue0n	false alarm	2	6081	2	2980800	1	4167	2	0	4120
Picture	full1i	other				2992967	1	3166	2	0	3120
Picture	full1n	other				3004300	1	3667	2	0	3620
Picture	full0i	other				3017300	1	3833	2	0	3790
Picture	full1i	other				3028966	2	3500	3	0	3450
Picture	full1n	other				3041466	1	2500	2	0	2450
Picture	full1i	other				3054966	1	2833	2	0	2790
Picture	full1n	other				3067966	1	3500	2	0	3450
Picture	full1i	other				3079966	1	3000	2	0	2950
Picture	full0n	other				3093299	1	5000	2	0	4950
Picture	full1n	other				3104132	1	4334	2	0	4290
Picture	full1i	other				3117465	2	4834	3	0	4790
Picture	full1n	other				3129965	1	3500	2	0	3450
Picture	full1i	other				3143298	2	3834	3	0	3790
Picture	full1n	other				3156632	1	3333	2	0	3290
Picture	full1i	other				3168798	1	3000	2	0	2950
Picture	full0i	other				3181798	1	2667	2	0	2620
Picture	full0n	other				3192964	2	3334	3	0	3290
Picture	blue1n	false alarm	2	6046	2	3205631	1	4833	2	0	4790
Picture	full0i	other				3216964	1	4334	2	0	4290
Picture	full0n	other				3229131	1	3833	2	0	3790
Picture	full0i	other				3240797	1	4000	2	0	3950
Picture	full0n	other				3252797	1	3167	2	0	3120
Picture	full1i	other				3266297	1	4333	2	0	4290
Picture	full1n	other				3278464	1	3000	2	0	2950
Picture	full1i	other				3289297	1	4333	2	0	4290
Picture	blue0i	false alarm	2	7478	2	3302797	1	2666	2	0	2620
Picture	full1n	other				3316297	1	4166	2	0	4120
Picture	full1i	other				3327130	1	4833	2	0	4790
Picture	full1n	other				3338796	1	2667	2	0	2620
Picture	full1i	other				3351296	1	3167	2	0	3120
Picture	full1n	other				3364296	1	4833	2	0	4790
Picture	full1i	other				3375629	1	3667	2	0	3620
Picture	full0n	other				3388629	1	4500	2	0	4450
Picture	full1n	other				3401629	1	4167	2	0	4120
Picture	blue1i	false alarm	2	5744	2	3413629	1	4666	2	0	4620
Picture	full0i	other				3425795	1	4334	2	0	4290
Picture	full0n	other				3439128	2	3667	3	0	3620
Picture	default	other				3451295	1	2667	2	0	2500
Picture	default	other				3471461	2	6777	3	0	2500
