Scenario - visual LTP Rap V4.0 HVC (based on combined block 1+2 from old 45 135 degree pilot)
Logfile written - 10/08/2015 17:26:19

Subject	Trial	Event Type	Code	Time	TTime	Uncertainty	Duration	Uncertainty	ReqTime	ReqDur

04_S0311_v0	1	Response	128	-5683	4150	1
04_S0311_v0	3	Picture	full1n	4833	0	1	3166	2	0	3120
04_S0311_v0	4	Picture	full1i	15999	0	1	2833	3	0	2790
04_S0311_v0	5	Picture	full1n	29332	0	1	4500	2	0	4450
04_S0311_v0	6	Picture	full0n	42666	0	1	3499	3	0	3450
04_S0311_v0	7	Picture	full1i	53499	0	1	4833	2	0	4790
04_S0311_v0	8	Picture	full1n	65665	0	1	4334	2	0	4290
04_S0311_v0	9	Picture	full0i	77832	0	1	3500	2	0	3450
04_S0311_v0	10	Picture	full0n	90332	0	1	4166	2	0	4120
04_S0311_v0	11	Picture	blue0i	101998	0	1	3000	2	0	2950
04_S0311_v0	11	Response	10	107840	5842	1
04_S0311_v0	12	Picture	full1i	114165	0	1	3833	2	0	3790
04_S0311_v0	13	Picture	full0n	127165	0	1	5000	2	0	4950
04_S0311_v0	14	Picture	full0i	139831	0	1	4167	2	0	4120
04_S0311_v0	15	Picture	full1n	153331	0	1	4167	2	0	4120
04_S0311_v0	16	Picture	full1i	165998	0	1	3666	2	0	3620
04_S0311_v0	17	Picture	full1n	177331	0	1	4500	2	0	4450
04_S0311_v0	18	Picture	blue1i	189497	0	1	3334	2	0	3290
04_S0311_v0	18	Response	10	194638	5141	2
04_S0311_v0	19	Picture	full1n	201664	0	1	4333	2	0	4290
04_S0311_v0	20	Picture	full0n	213830	0	2	4667	3	0	4620
04_S0311_v0	21	Picture	full1i	225664	0	1	2500	2	0	2450
04_S0311_v0	22	Picture	full0i	238163	0	2	3000	4	0	2950
04_S0311_v0	23	Picture	full0n	251663	0	1	5000	2	0	4950
04_S0311_v0	24	Picture	full0i	265163	0	1	4500	2	0	4450
04_S0311_v0	25	Picture	full0n	278163	0	1	3000	2	0	2950
04_S0311_v0	26	Picture	full1n	290830	0	1	3333	2	0	3290
04_S0311_v0	27	Picture	blue1i	302663	0	1	3166	2	0	3120
04_S0311_v0	27	Response	10	308936	6273	1
04_S0311_v0	28	Picture	full0i	315329	0	1	3834	2	0	3790
04_S0311_v0	29	Picture	full0n	327829	0	1	5000	2	0	4950
04_S0311_v0	30	Picture	full0i	339662	0	2	2500	3	0	2450
04_S0311_v0	31	Picture	full1n	350996	0	1	4333	2	0	4290
04_S0311_v0	32	Picture	full1i	363162	0	1	2833	2	0	2790
04_S0311_v0	33	Picture	full0n	374829	0	1	2833	2	0	2790
04_S0311_v0	34	Picture	full1n	385662	0	1	4167	2	0	4120
04_S0311_v0	35	Picture	full1i	397828	0	2	3667	3	0	3620
04_S0311_v0	36	Picture	full1n	410828	0	1	3667	2	0	3620
04_S0311_v0	37	Picture	full0i	422995	0	1	5000	2	0	4950
04_S0311_v0	38	Picture	blue1i	434328	0	1	2833	2	0	2790
04_S0311_v0	38	Response	10	440734	6406	1
04_S0311_v0	39	Picture	full1n	445495	0	1	3000	2	0	2950
04_S0311_v0	40	Picture	full0n	458161	0	1	2833	2	0	2790
04_S0311_v0	41	Picture	full0i	469328	0	1	4000	2	0	3950
04_S0311_v0	42	Picture	full0n	481494	0	1	3667	2	0	3620
04_S0311_v0	43	Picture	full0i	494494	0	1	2833	2	0	2790
04_S0311_v0	44	Picture	full0n	507827	0	1	4334	2	0	4290
04_S0311_v0	45	Picture	full1i	521160	0	2	3667	3	0	3620
04_S0311_v0	46	Picture	full0i	533827	0	1	3667	2	0	3620
04_S0311_v0	47	Picture	full1n	544660	0	1	4500	2	0	4450
04_S0311_v0	48	Picture	full0n	556827	0	1	3166	2	0	3120
04_S0311_v0	49	Picture	full1i	568493	0	1	3000	2	0	2950
04_S0311_v0	50	Picture	blue0i	580327	0	1	3166	2	0	3120
04_S0311_v0	50	Response	10	586532	6205	1
04_S0311_v0	51	Picture	full0n	591993	0	1	3833	2	0	3790
04_S0311_v0	52	Picture	full0i	604493	0	1	3000	2	0	2950
04_S0311_v0	53	Picture	full0n	616159	0	2	4834	3	0	4790
04_S0311_v0	54	Picture	full1n	629493	0	1	2500	2	0	2450
04_S0311_v0	55	Picture	full1i	640326	0	1	3000	2	0	2950
04_S0311_v0	56	Picture	full0i	653826	0	1	3000	2	0	2950
04_S0311_v0	57	Picture	full0n	665159	0	1	3667	2	0	3620
04_S0311_v0	58	Picture	full1n	678492	0	1	3333	3	0	3290
04_S0311_v0	59	Picture	full1i	690659	0	1	4500	2	0	4450
04_S0311_v0	60	Picture	blue1n	702492	0	1	4167	2	0	4120
04_S0311_v0	60	Response	10	710919	8427	2
04_S0311_v0	61	Picture	full0i	714992	0	1	2666	2	0	2620
04_S0311_v0	62	Picture	full0n	727658	0	1	4667	2	0	4620
04_S0311_v0	63	Picture	full0i	739825	0	1	2666	3	0	2620
04_S0311_v0	64	Picture	full1i	752825	0	1	4666	2	0	4620
04_S0311_v0	65	Picture	full0n	764491	0	1	2834	2	0	2790
04_S0311_v0	66	Picture	full1n	776658	0	1	4000	2	0	3950
04_S0311_v0	67	Picture	full1i	789658	0	1	3500	2	0	3450
04_S0311_v0	68	Picture	full1n	802158	0	1	3999	3	0	3950
04_S0311_v0	69	Picture	full0i	814324	0	1	4500	2	0	4450
04_S0311_v0	70	Picture	blue0n	826490	0	2	2501	3	0	2450
04_S0311_v0	70	Response	10	830917	4427	1
04_S0311_v0	71	Picture	full0i	838657	0	1	4167	2	0	4120
04_S0311_v0	72	Picture	full0n	849490	0	1	4834	2	0	4790
04_S0311_v0	73	Picture	full0i	860657	0	1	2500	2	0	2450
04_S0311_v0	74	Picture	full0n	873657	0	1	4833	2	0	4790
04_S0311_v0	75	Picture	full0i	886323	0	2	3334	3	0	3290
04_S0311_v0	76	Picture	full1i	899823	0	1	3500	2	0	3450
04_S0311_v0	77	Picture	full1n	912490	0	1	3833	2	0	3790
04_S0311_v0	78	Picture	full0n	925490	0	1	4499	3	0	4450
04_S0311_v0	79	Picture	full0i	937656	0	1	2500	2	0	2450
04_S0311_v0	80	Picture	full1i	948489	0	1	4167	2	0	4120
04_S0311_v0	81	Picture	blue0n	961489	0	1	4667	2	0	4620
04_S0311_v0	81	Response	10	966215	4726	1
04_S0311_v0	82	Picture	full1n	972656	0	1	2500	2	0	2450
04_S0311_v0	83	Picture	full1i	985156	0	1	3500	2	0	3450
04_S0311_v0	84	Picture	full1n	996322	0	1	3167	2	0	3120
04_S0311_v0	85	Picture	full1i	1009655	0	1	3000	2	0	2950
04_S0311_v0	86	Picture	full0i	1021322	0	1	3333	2	0	3290
04_S0311_v0	87	Picture	full0n	1032988	0	2	3000	3	0	2950
04_S0311_v0	88	Picture	full1n	1045488	0	1	3000	2	0	2950
04_S0311_v0	89	Picture	full1i	1057655	0	1	3666	2	0	3620
04_S0311_v0	90	Picture	full1n	1070988	0	1	4000	2	0	3950
04_S0311_v0	91	Picture	full1i	1082321	0	1	4833	3	0	4790
04_S0311_v0	92	Picture	full1n	1095654	0	2	2500	3	0	2450
04_S0311_v0	93	Picture	full0i	1106988	0	1	4500	2	0	4450
04_S0311_v0	94	Picture	blue1i	1118321	0	1	3333	2	0	3290
04_S0311_v0	94	Response	10	1125812	7491	1
04_S0311_v0	95	Picture	full1n	1130154	0	1	4500	2	0	4450
04_S0311_v0	96	Picture	full0n	1143487	0	1	4167	2	0	4120
04_S0311_v0	97	Picture	full1i	1155154	0	1	3833	2	0	3790
04_S0311_v0	98	Picture	full1n	1166320	0	1	4500	2	0	4450
04_S0311_v0	99	Picture	full1i	1179654	0	1	2833	2	0	2790
04_S0311_v0	100	Picture	full1n	1190487	0	1	3833	2	0	3790
04_S0311_v0	101	Picture	full1i	1202653	0	1	4500	2	0	4450
04_S0311_v0	102	Picture	full0i	1213486	0	2	3667	3	0	3620
04_S0311_v0	103	Picture	blue1n	1224653	0	1	4500	2	0	4450
04_S0311_v0	103	Response	10	1229911	5258	1
04_S0311_v0	104	Picture	full1i	1235820	0	1	4500	2	0	4450
04_S0311_v0	105	Picture	full1n	1249319	0	2	4667	3	0	4620
04_S0311_v0	106	Picture	full1i	1261153	0	1	3166	2	0	3120
04_S0311_v0	107	Picture	full1n	1274652	0	2	2667	3	0	2620
04_S0311_v0	108	Picture	full0n	1286486	0	1	4666	2	0	4620
04_S0311_v0	109	Picture	full0i	1298652	0	1	5000	2	0	4950
04_S0311_v0	110	Picture	full1i	1311152	0	1	3500	2	0	3450
04_S0311_v0	111	Picture	full1n	1324652	0	1	4833	2	0	4790
04_S0311_v0	112	Picture	blue0n	1337152	0	1	4500	2	0	4450
04_S0311_v0	112	Response	10	1342509	5357	1
04_S0311_v0	113	Picture	full0i	1348485	0	1	2667	2	0	2620
04_S0311_v0	114	Picture	full1i	1360152	0	1	3166	2	0	3120
04_S0311_v0	115	Picture	full0n	1372818	0	1	3167	2	0	3120
04_S0311_v0	116	Picture	full0i	1383651	0	1	3167	2	0	3120
04_S0311_v0	117	Picture	full0n	1395485	0	1	3166	2	0	3120
04_S0311_v0	118	Picture	full1n	1408484	0	2	3834	3	0	3790
04_S0311_v0	119	Picture	full1i	1421984	0	1	4834	2	0	4790
04_S0311_v0	120	Picture	full1n	1434984	0	1	4500	2	0	4450
04_S0311_v0	121	Picture	blue0i	1446317	0	1	4500	2	0	4450
04_S0311_v0	121	Response	10	1452307	5990	1
04_S0311_v0	122	Picture	full0n	1458151	0	1	4999	3	0	4950
04_S0311_v0	123	Picture	full1i	1469317	0	1	2500	2	0	2450
04_S0311_v0	124	Picture	full0i	1481817	0	1	4667	2	0	4620
04_S0311_v0	125	Picture	full0n	1493150	0	1	3167	2	0	3120
04_S0311_v0	126	Picture	full0i	1504483	0	2	4334	3	0	4290
04_S0311_v0	127	Picture	full0n	1516150	0	1	3667	2	0	3620
04_S0311_v0	128	Picture	full0i	1527983	0	1	2667	2	0	2620
04_S0311_v0	129	Picture	blue1n	1541483	0	1	2833	2	0	2790
04_S0311_v0	130	Picture	full0n	1554983	0	1	5000	2	0	4950
04_S0311_v0	131	Picture	full1i	1566149	0	2	3334	3	0	3290
04_S0311_v0	132	Picture	full0i	1578816	0	1	2833	2	0	2790
04_S0311_v0	133	Picture	full0n	1590482	0	2	3834	3	0	3790
04_S0311_v0	134	Picture	full0i	1602649	0	1	2833	2	0	2790
04_S0311_v0	135	Picture	full1n	1613482	0	1	3334	2	0	3290
04_S0311_v0	136	Picture	82	1624815	0	2	100166	3	0	next
04_S0311_v0	136	Picture	82	1724981	100166	1	10000	2	100000	next
04_S0311_v0	136	Picture	82	1734981	110166	1	10000	2	110000	next
04_S0311_v0	136	Picture	82	1744981	120166	1	10000	2	120000	next
04_S0311_v0	136	Picture	82	1754981	130166	1	10000	2	130000	next
04_S0311_v0	136	Picture	82	1764981	140166	1	10000	2	140000	next
04_S0311_v0	136	Picture	82	1774981	150166	1	9999	2	150000	next
04_S0311_v0	136	Picture	82	1784980	160165	1	10000	2	160000	next
04_S0311_v0	136	Picture	82	1794980	170165	1	10000	2	170000	next
04_S0311_v0	136	Picture	82	1804980	180165	1	10000	2	180000	next
04_S0311_v0	136	Picture	82	1814980	190165	1	10000	2	190000	10000
04_S0311_v0	137	Picture	full0n	1824980	0	1	3167	2	0	3120
04_S0311_v0	138	Picture	full0i	1837480	0	1	2833	2	0	2790
04_S0311_v0	139	Picture	full0n	1850480	0	1	4500	2	0	4450
04_S0311_v0	140	Picture	full1n	1862146	0	1	3500	2	0	3450
04_S0311_v0	141	Picture	blue0i	1875646	0	1	4833	2	0	4790
04_S0311_v0	141	Response	10	1880500	4854	1
04_S0311_v0	142	Picture	full0n	1887813	0	1	4333	2	0	4290
04_S0311_v0	143	Picture	full1i	1900313	0	1	3500	2	0	3450
04_S0311_v0	144	Picture	full1n	1911479	0	1	4167	2	0	4120
04_S0311_v0	145	Picture	full1i	1922812	0	1	3000	2	0	2950
04_S0311_v0	146	Picture	full0i	1934979	0	1	3833	2	0	3790
04_S0311_v0	147	Picture	full1n	1946145	0	1	5000	2	0	4950
04_S0311_v0	148	Picture	full1i	1958812	0	1	4167	2	0	4120
04_S0311_v0	149	Picture	blue0n	1970978	0	2	4167	3	0	4120
04_S0311_v0	149	Response	10	1975598	4620	1
04_S0311_v0	150	Picture	full0i	1983645	0	1	3667	2	0	3620
04_S0311_v0	151	Picture	full0n	1994478	0	1	4500	2	0	4450
04_S0311_v0	152	Picture	full0i	2006978	0	1	3333	2	0	3290
04_S0311_v0	153	Picture	full0n	2019478	0	1	4333	2	0	4290
04_S0311_v0	154	Picture	full1n	2031644	0	2	4667	3	0	4620
04_S0311_v0	155	Picture	full0i	2044978	0	1	2500	2	0	2450
04_S0311_v0	156	Picture	full1i	2055811	0	1	3000	2	0	2950
04_S0311_v0	157	Picture	full0n	2066977	0	2	5000	3	0	4950
04_S0311_v0	158	Picture	full1n	2079644	0	1	4500	2	0	4450
04_S0311_v0	159	Picture	blue1i	2092977	0	1	3000	2	0	2950
04_S0311_v0	159	Response	10	2098486	5509	1
04_S0311_v0	160	Picture	full0i	2104644	0	1	3333	2	0	3290
04_S0311_v0	161	Picture	full0n	2118144	0	1	3166	2	0	3120
04_S0311_v0	162	Picture	full1n	2131477	0	1	3833	2	0	3790
04_S0311_v0	163	Picture	full1i	2143643	0	1	5000	2	0	4950
04_S0311_v0	164	Picture	full1n	2155643	0	1	2500	2	0	2450
04_S0311_v0	165	Picture	full0i	2168976	0	1	4334	2	0	4290
04_S0311_v0	166	Picture	full0n	2182476	0	1	2833	3	0	2790
04_S0311_v0	167	Picture	full1i	2194976	0	1	2833	2	0	2790
04_S0311_v0	168	Picture	full0i	2207976	0	1	4167	2	0	4120
04_S0311_v0	169	Picture	full0n	2219642	0	2	3667	3	0	3620
04_S0311_v0	170	Picture	full0i	2231642	0	1	3667	2	0	3620
04_S0311_v0	171	Picture	full1n	2245142	0	1	5000	2	0	4950
04_S0311_v0	172	Picture	full0n	2255975	0	2	2834	3	0	2790
04_S0311_v0	173	Picture	blue0i	2267309	0	1	3000	2	0	2950
04_S0311_v0	173	Response	10	2271583	4274	1
04_S0311_v0	174	Picture	full1i	2279308	0	2	2834	3	0	2790
04_S0311_v0	175	Picture	full1n	2290475	0	1	4000	2	0	3950
04_S0311_v0	176	Picture	full1i	2302642	0	1	3666	2	0	3620
04_S0311_v0	177	Picture	full1n	2314641	0	2	2834	3	0	2790
04_S0311_v0	178	Picture	blue1i	2327141	0	1	4334	2	0	4290
04_S0311_v0	178	Response	10	2333582	6441	1
04_S0311_v0	179	Picture	full0n	2339308	0	1	3666	3	0	3620
04_S0311_v0	180	Picture	full1n	2352308	0	1	3666	2	0	3620
04_S0311_v0	181	Picture	full0i	2363474	0	1	4500	2	0	4450
04_S0311_v0	182	Picture	full1i	2376141	0	1	3166	2	0	3120
04_S0311_v0	183	Picture	full0n	2388807	0	1	3000	2	0	2950
04_S0311_v0	184	Picture	full1n	2401474	0	1	3167	2	0	3120
04_S0311_v0	185	Picture	full1i	2413640	0	2	3834	3	0	3790
04_S0311_v0	186	Picture	full1n	2426640	0	1	3000	2	0	2950
04_S0311_v0	187	Picture	full1i	2440140	0	1	4833	2	0	4790
04_S0311_v0	188	Picture	full0i	2451807	0	1	2500	2	0	2450
04_S0311_v0	189	Picture	blue0n	2463140	0	1	3000	2	0	2950
04_S0311_v0	189	Response	10	2466979	3839	2
04_S0311_v0	190	Picture	full1n	2475306	0	2	3000	3	0	2950
04_S0311_v0	191	Picture	full1i	2488306	0	1	3667	2	0	3620
04_S0311_v0	192	Picture	full0i	2501806	0	1	3333	2	0	3290
04_S0311_v0	193	Picture	full0n	2512639	0	1	4500	2	0	4450
04_S0311_v0	194	Picture	full0i	2525306	0	1	4166	3	0	4120
04_S0311_v0	195	Picture	full1n	2536472	0	2	2667	3	0	2620
04_S0311_v0	196	Picture	full1i	2548639	0	1	4667	2	0	4620
04_S0311_v0	197	Picture	blue1n	2559805	0	2	2667	3	0	2620
04_S0311_v0	197	Response	10	2564478	4673	1
04_S0311_v0	198	Picture	full0n	2572305	0	2	4667	3	0	4620
04_S0311_v0	199	Picture	full1i	2585639	0	1	2833	2	0	2790
04_S0311_v0	200	Picture	full0i	2596472	0	1	4000	2	0	3950
04_S0311_v0	201	Picture	full0n	2608638	0	1	3500	2	0	3450
04_S0311_v0	202	Picture	full0i	2620638	0	1	4000	2	0	3950
04_S0311_v0	203	Picture	full1n	2631805	0	1	4500	2	0	4450
04_S0311_v0	204	Picture	full1i	2645305	0	1	2500	2	0	2450
04_S0311_v0	205	Picture	full1n	2657304	0	2	4167	3	0	4120
04_S0311_v0	206	Picture	blue1i	2670638	0	1	4833	2	0	4790
04_S0311_v0	206	Response	10	2675976	5338	1
04_S0311_v0	207	Picture	full1n	2681804	0	1	2500	2	0	2450
04_S0311_v0	208	Picture	full1i	2694804	0	1	4833	2	0	4790
04_S0311_v0	209	Picture	full1n	2706137	0	1	3334	2	0	3290
04_S0311_v0	210	Picture	full0n	2718804	0	1	3500	2	0	3450
04_S0311_v0	211	Picture	full0i	2731470	0	1	3834	2	0	3790
04_S0311_v0	212	Picture	full1i	2744804	0	1	4499	3	0	4450
04_S0311_v0	213	Picture	full1n	2755637	0	1	2500	2	0	2450
04_S0311_v0	214	Picture	full0n	2767303	0	1	4167	2	0	4120
04_S0311_v0	215	Picture	full1i	2780303	0	1	4667	2	0	4620
04_S0311_v0	216	Picture	blue0i	2792303	0	1	2500	2	0	2450
04_S0311_v0	216	Response	10	2799174	6871	1
04_S0311_v0	217	Picture	full0n	2804303	0	1	3500	2	0	3450
04_S0311_v0	218	Picture	full0i	2815969	0	2	3167	3	0	3120
04_S0311_v0	219	Picture	full0n	2826803	0	1	3000	2	0	2950
04_S0311_v0	220	Picture	full1n	2839303	0	1	3333	2	0	3290
04_S0311_v0	221	Picture	full1i	2852302	0	2	3000	3	0	2950
04_S0311_v0	222	Picture	full0i	2864802	0	1	3000	2	0	2950
04_S0311_v0	223	Picture	full0n	2878302	0	1	3667	2	0	3620
04_S0311_v0	224	Picture	full0i	2891802	0	1	4000	2	0	3950
04_S0311_v0	225	Picture	blue1n	2903969	0	1	4833	2	0	4790
04_S0311_v0	225	Response	10	2908972	5003	1
04_S0311_v0	226	Picture	full0n	2917468	0	1	2500	2	0	2450
04_S0311_v0	227	Picture	full1i	2928802	0	1	4500	2	0	4450
04_S0311_v0	228	Picture	full0i	2942135	0	1	3333	2	0	3290
04_S0311_v0	229	Picture	full0n	2954801	0	1	4500	2	0	4450
04_S0311_v0	230	Picture	full1n	2965635	0	1	4166	2	0	4120
04_S0311_v0	231	Picture	full0i	2978968	0	1	3833	2	0	3790
04_S0311_v0	232	Picture	full0n	2991968	0	1	4500	2	0	4450
04_S0311_v0	233	Picture	full0i	3004134	0	1	2833	2	0	2790
04_S0311_v0	234	Picture	full0n	3015801	0	1	3833	2	0	3790
04_S0311_v0	235	Picture	full0i	3027467	0	1	4500	2	0	4450
04_S0311_v0	236	Picture	full1i	3040467	0	1	3667	2	0	3620
04_S0311_v0	237	Picture	full0n	3051800	0	1	4500	2	0	4450
04_S0311_v0	238	Picture	full0i	3063133	0	2	4500	3	0	4450
04_S0311_v0	239	Picture	full0n	3075300	0	1	4667	2	0	4620
04_S0311_v0	240	Picture	full0i	3088800	0	1	3167	2	0	3120
04_S0311_v0	241	Picture	blue0n	3102133	0	1	2667	2	0	2620
04_S0311_v0	241	Response	10	3107668	5535	2
04_S0311_v0	242	Picture	full1n	3113466	0	1	4667	2	0	4620
04_S0311_v0	243	Picture	full1i	3125633	0	1	5000	2	0	4950
04_S0311_v0	244	Picture	full0i	3137299	0	1	3500	2	0	3450
04_S0311_v0	245	Picture	full0n	3150633	0	1	4833	2	0	4790
04_S0311_v0	246	Picture	full1n	3162799	0	1	4500	2	0	4450
04_S0311_v0	247	Picture	full1i	3175299	0	1	2667	2	0	2620
04_S0311_v0	248	Picture	full0i	3187965	0	2	3167	3	0	3120
04_S0311_v0	249	Picture	full1n	3200965	0	1	3167	2	0	3120
04_S0311_v0	250	Picture	blue1i	3212632	0	1	3166	3	0	3120
04_S0311_v0	250	Response	10	3217767	5135	1
04_S0311_v0	251	Picture	full1n	3223798	0	2	3167	3	0	3120
04_S0311_v0	252	Picture	full0n	3235965	0	1	3833	2	0	3790
04_S0311_v0	253	Picture	full0i	3247965	0	1	4833	2	0	4790
04_S0311_v0	254	Picture	full0n	3260131	0	2	4500	3	0	4450
04_S0311_v0	255	Picture	full1i	3270965	0	1	4500	2	0	4450
04_S0311_v0	256	Picture	full1n	3283131	0	1	5000	2	0	4950
04_S0311_v0	257	Picture	full0i	3295298	0	1	2500	2	0	2450
04_S0311_v0	258	Picture	full1i	3307464	0	1	4667	2	0	4620
04_S0311_v0	259	Picture	full1n	3318797	0	2	3167	3	0	3120
04_S0311_v0	260	Picture	full1i	3330464	0	2	4333	3	0	4290
04_S0311_v0	261	Picture	full1n	3342631	0	1	3666	2	0	3620
04_S0311_v0	262	Picture	full1i	3355130	0	1	2667	2	0	2620
04_S0311_v0	263	Picture	blue0n	3367130	0	1	2834	2	0	2790
04_S0311_v0	263	Response	10	3373564	6434	1
04_S0311_v0	264	Picture	full1n	3378297	0	1	5000	2	0	4950
04_S0311_v0	265	Picture	full0i	3389963	0	2	3334	3	0	3290
04_S0311_v0	266	Picture	full1i	3401297	0	1	2833	2	0	2790
04_S0311_v0	267	Picture	full1n	3413296	0	2	3834	3	0	3790
04_S0311_v0	268	Picture	full1i	3424630	0	1	2833	2	0	2790
04_S0311_v0	269	Picture	full0n	3435463	0	1	3333	2	0	3290
04_S0311_v0	270	Picture	default	3446796	0	1	2667	2	0	2500
04_S0311_v0	271	Picture	default	3466963	0	1	6771	2	0	2500


Event Type	Code	Type	Response	RT	RT Uncertainty	Time	Uncertainty	Duration	Uncertainty	ReqTime	ReqDur

Picture	full1n	other				4833	1	3166	2	0	3120
Picture	full1i	other				15999	1	2833	3	0	2790
Picture	full1n	other				29332	1	4500	2	0	4450
Picture	full0n	other				42666	1	3499	3	0	3450
Picture	full1i	other				53499	1	4833	2	0	4790
Picture	full1n	other				65665	1	4334	2	0	4290
Picture	full0i	other				77832	1	3500	2	0	3450
Picture	full0n	other				90332	1	4166	2	0	4120
Picture	blue0i	false alarm	2	5842	2	101998	1	3000	2	0	2950
Picture	full1i	other				114165	1	3833	2	0	3790
Picture	full0n	other				127165	1	5000	2	0	4950
Picture	full0i	other				139831	1	4167	2	0	4120
Picture	full1n	other				153331	1	4167	2	0	4120
Picture	full1i	other				165998	1	3666	2	0	3620
Picture	full1n	other				177331	1	4500	2	0	4450
Picture	blue1i	false alarm	2	5141	3	189497	1	3334	2	0	3290
Picture	full1n	other				201664	1	4333	2	0	4290
Picture	full0n	other				213830	2	4667	3	0	4620
Picture	full1i	other				225664	1	2500	2	0	2450
Picture	full0i	other				238163	2	3000	4	0	2950
Picture	full0n	other				251663	1	5000	2	0	4950
Picture	full0i	other				265163	1	4500	2	0	4450
Picture	full0n	other				278163	1	3000	2	0	2950
Picture	full1n	other				290830	1	3333	2	0	3290
Picture	blue1i	false alarm	2	6273	2	302663	1	3166	2	0	3120
Picture	full0i	other				315329	1	3834	2	0	3790
Picture	full0n	other				327829	1	5000	2	0	4950
Picture	full0i	other				339662	2	2500	3	0	2450
Picture	full1n	other				350996	1	4333	2	0	4290
Picture	full1i	other				363162	1	2833	2	0	2790
Picture	full0n	other				374829	1	2833	2	0	2790
Picture	full1n	other				385662	1	4167	2	0	4120
Picture	full1i	other				397828	2	3667	3	0	3620
Picture	full1n	other				410828	1	3667	2	0	3620
Picture	full0i	other				422995	1	5000	2	0	4950
Picture	blue1i	false alarm	2	6406	2	434328	1	2833	2	0	2790
Picture	full1n	other				445495	1	3000	2	0	2950
Picture	full0n	other				458161	1	2833	2	0	2790
Picture	full0i	other				469328	1	4000	2	0	3950
Picture	full0n	other				481494	1	3667	2	0	3620
Picture	full0i	other				494494	1	2833	2	0	2790
Picture	full0n	other				507827	1	4334	2	0	4290
Picture	full1i	other				521160	2	3667	3	0	3620
Picture	full0i	other				533827	1	3667	2	0	3620
Picture	full1n	other				544660	1	4500	2	0	4450
Picture	full0n	other				556827	1	3166	2	0	3120
Picture	full1i	other				568493	1	3000	2	0	2950
Picture	blue0i	false alarm	2	6205	2	580327	1	3166	2	0	3120
Picture	full0n	other				591993	1	3833	2	0	3790
Picture	full0i	other				604493	1	3000	2	0	2950
Picture	full0n	other				616159	2	4834	3	0	4790
Picture	full1n	other				629493	1	2500	2	0	2450
Picture	full1i	other				640326	1	3000	2	0	2950
Picture	full0i	other				653826	1	3000	2	0	2950
Picture	full0n	other				665159	1	3667	2	0	3620
Picture	full1n	other				678492	1	3333	3	0	3290
Picture	full1i	other				690659	1	4500	2	0	4450
Picture	blue1n	false alarm	2	8427	3	702492	1	4167	2	0	4120
Picture	full0i	other				714992	1	2666	2	0	2620
Picture	full0n	other				727658	1	4667	2	0	4620
Picture	full0i	other				739825	1	2666	3	0	2620
Picture	full1i	other				752825	1	4666	2	0	4620
Picture	full0n	other				764491	1	2834	2	0	2790
Picture	full1n	other				776658	1	4000	2	0	3950
Picture	full1i	other				789658	1	3500	2	0	3450
Picture	full1n	other				802158	1	3999	3	0	3950
Picture	full0i	other				814324	1	4500	2	0	4450
Picture	blue0n	false alarm	2	4427	3	826490	2	2501	3	0	2450
Picture	full0i	other				838657	1	4167	2	0	4120
Picture	full0n	other				849490	1	4834	2	0	4790
Picture	full0i	other				860657	1	2500	2	0	2450
Picture	full0n	other				873657	1	4833	2	0	4790
Picture	full0i	other				886323	2	3334	3	0	3290
Picture	full1i	other				899823	1	3500	2	0	3450
Picture	full1n	other				912490	1	3833	2	0	3790
Picture	full0n	other				925490	1	4499	3	0	4450
Picture	full0i	other				937656	1	2500	2	0	2450
Picture	full1i	other				948489	1	4167	2	0	4120
Picture	blue0n	false alarm	2	4726	2	961489	1	4667	2	0	4620
Picture	full1n	other				972656	1	2500	2	0	2450
Picture	full1i	other				985156	1	3500	2	0	3450
Picture	full1n	other				996322	1	3167	2	0	3120
Picture	full1i	other				1009655	1	3000	2	0	2950
Picture	full0i	other				1021322	1	3333	2	0	3290
Picture	full0n	other				1032988	2	3000	3	0	2950
Picture	full1n	other				1045488	1	3000	2	0	2950
Picture	full1i	other				1057655	1	3666	2	0	3620
Picture	full1n	other				1070988	1	4000	2	0	3950
Picture	full1i	other				1082321	1	4833	3	0	4790
Picture	full1n	other				1095654	2	2500	3	0	2450
Picture	full0i	other				1106988	1	4500	2	0	4450
Picture	blue1i	false alarm	2	7491	2	1118321	1	3333	2	0	3290
Picture	full1n	other				1130154	1	4500	2	0	4450
Picture	full0n	other				1143487	1	4167	2	0	4120
Picture	full1i	other				1155154	1	3833	2	0	3790
Picture	full1n	other				1166320	1	4500	2	0	4450
Picture	full1i	other				1179654	1	2833	2	0	2790
Picture	full1n	other				1190487	1	3833	2	0	3790
Picture	full1i	other				1202653	1	4500	2	0	4450
Picture	full0i	other				1213486	2	3667	3	0	3620
Picture	blue1n	false alarm	2	5258	2	1224653	1	4500	2	0	4450
Picture	full1i	other				1235820	1	4500	2	0	4450
Picture	full1n	other				1249319	2	4667	3	0	4620
Picture	full1i	other				1261153	1	3166	2	0	3120
Picture	full1n	other				1274652	2	2667	3	0	2620
Picture	full0n	other				1286486	1	4666	2	0	4620
Picture	full0i	other				1298652	1	5000	2	0	4950
Picture	full1i	other				1311152	1	3500	2	0	3450
Picture	full1n	other				1324652	1	4833	2	0	4790
Picture	blue0n	false alarm	2	5357	2	1337152	1	4500	2	0	4450
Picture	full0i	other				1348485	1	2667	2	0	2620
Picture	full1i	other				1360152	1	3166	2	0	3120
Picture	full0n	other				1372818	1	3167	2	0	3120
Picture	full0i	other				1383651	1	3167	2	0	3120
Picture	full0n	other				1395485	1	3166	2	0	3120
Picture	full1n	other				1408484	2	3834	3	0	3790
Picture	full1i	other				1421984	1	4834	2	0	4790
Picture	full1n	other				1434984	1	4500	2	0	4450
Picture	blue0i	false alarm	2	5990	2	1446317	1	4500	2	0	4450
Picture	full0n	other				1458151	1	4999	3	0	4950
Picture	full1i	other				1469317	1	2500	2	0	2450
Picture	full0i	other				1481817	1	4667	2	0	4620
Picture	full0n	other				1493150	1	3167	2	0	3120
Picture	full0i	other				1504483	2	4334	3	0	4290
Picture	full0n	other				1516150	1	3667	2	0	3620
Picture	full0i	other				1527983	1	2667	2	0	2620
Picture	blue1n	other				1541483	1	2833	2	0	2790
Picture	full0n	other				1554983	1	5000	2	0	4950
Picture	full1i	other				1566149	2	3334	3	0	3290
Picture	full0i	other				1578816	1	2833	2	0	2790
Picture	full0n	other				1590482	2	3834	3	0	3790
Picture	full0i	other				1602649	1	2833	2	0	2790
Picture	full1n	other				1613482	1	3334	2	0	3290
Picture	82	other				1624815	2	100166	3	0	next
Picture	82	other				1724981	1	10000	2	100000	next
Picture	82	other				1734981	1	10000	2	110000	next
Picture	82	other				1744981	1	10000	2	120000	next
Picture	82	other				1754981	1	10000	2	130000	next
Picture	82	other				1764981	1	10000	2	140000	next
Picture	82	other				1774981	1	9999	2	150000	next
Picture	82	other				1784980	1	10000	2	160000	next
Picture	82	other				1794980	1	10000	2	170000	next
Picture	82	other				1804980	1	10000	2	180000	next
Picture	82	other				1814980	1	10000	2	190000	10000
Picture	full0n	other				1824980	1	3167	2	0	3120
Picture	full0i	other				1837480	1	2833	2	0	2790
Picture	full0n	other				1850480	1	4500	2	0	4450
Picture	full1n	other				1862146	1	3500	2	0	3450
Picture	blue0i	false alarm	2	4854	2	1875646	1	4833	2	0	4790
Picture	full0n	other				1887813	1	4333	2	0	4290
Picture	full1i	other				1900313	1	3500	2	0	3450
Picture	full1n	other				1911479	1	4167	2	0	4120
Picture	full1i	other				1922812	1	3000	2	0	2950
Picture	full0i	other				1934979	1	3833	2	0	3790
Picture	full1n	other				1946145	1	5000	2	0	4950
Picture	full1i	other				1958812	1	4167	2	0	4120
Picture	blue0n	false alarm	2	4620	3	1970978	2	4167	3	0	4120
Picture	full0i	other				1983645	1	3667	2	0	3620
Picture	full0n	other				1994478	1	4500	2	0	4450
Picture	full0i	other				2006978	1	3333	2	0	3290
Picture	full0n	other				2019478	1	4333	2	0	4290
Picture	full1n	other				2031644	2	4667	3	0	4620
Picture	full0i	other				2044978	1	2500	2	0	2450
Picture	full1i	other				2055811	1	3000	2	0	2950
Picture	full0n	other				2066977	2	5000	3	0	4950
Picture	full1n	other				2079644	1	4500	2	0	4450
Picture	blue1i	false alarm	2	5509	2	2092977	1	3000	2	0	2950
Picture	full0i	other				2104644	1	3333	2	0	3290
Picture	full0n	other				2118144	1	3166	2	0	3120
Picture	full1n	other				2131477	1	3833	2	0	3790
Picture	full1i	other				2143643	1	5000	2	0	4950
Picture	full1n	other				2155643	1	2500	2	0	2450
Picture	full0i	other				2168976	1	4334	2	0	4290
Picture	full0n	other				2182476	1	2833	3	0	2790
Picture	full1i	other				2194976	1	2833	2	0	2790
Picture	full0i	other				2207976	1	4167	2	0	4120
Picture	full0n	other				2219642	2	3667	3	0	3620
Picture	full0i	other				2231642	1	3667	2	0	3620
Picture	full1n	other				2245142	1	5000	2	0	4950
Picture	full0n	other				2255975	2	2834	3	0	2790
Picture	blue0i	false alarm	2	4274	2	2267309	1	3000	2	0	2950
Picture	full1i	other				2279308	2	2834	3	0	2790
Picture	full1n	other				2290475	1	4000	2	0	3950
Picture	full1i	other				2302642	1	3666	2	0	3620
Picture	full1n	other				2314641	2	2834	3	0	2790
Picture	blue1i	false alarm	2	6441	2	2327141	1	4334	2	0	4290
Picture	full0n	other				2339308	1	3666	3	0	3620
Picture	full1n	other				2352308	1	3666	2	0	3620
Picture	full0i	other				2363474	1	4500	2	0	4450
Picture	full1i	other				2376141	1	3166	2	0	3120
Picture	full0n	other				2388807	1	3000	2	0	2950
Picture	full1n	other				2401474	1	3167	2	0	3120
Picture	full1i	other				2413640	2	3834	3	0	3790
Picture	full1n	other				2426640	1	3000	2	0	2950
Picture	full1i	other				2440140	1	4833	2	0	4790
Picture	full0i	other				2451807	1	2500	2	0	2450
Picture	blue0n	false alarm	2	3839	3	2463140	1	3000	2	0	2950
Picture	full1n	other				2475306	2	3000	3	0	2950
Picture	full1i	other				2488306	1	3667	2	0	3620
Picture	full0i	other				2501806	1	3333	2	0	3290
Picture	full0n	other				2512639	1	4500	2	0	4450
Picture	full0i	other				2525306	1	4166	3	0	4120
Picture	full1n	other				2536472	2	2667	3	0	2620
Picture	full1i	other				2548639	1	4667	2	0	4620
Picture	blue1n	false alarm	2	4673	3	2559805	2	2667	3	0	2620
Picture	full0n	other				2572305	2	4667	3	0	4620
Picture	full1i	other				2585639	1	2833	2	0	2790
Picture	full0i	other				2596472	1	4000	2	0	3950
Picture	full0n	other				2608638	1	3500	2	0	3450
Picture	full0i	other				2620638	1	4000	2	0	3950
Picture	full1n	other				2631805	1	4500	2	0	4450
Picture	full1i	other				2645305	1	2500	2	0	2450
Picture	full1n	other				2657304	2	4167	3	0	4120
Picture	blue1i	false alarm	2	5338	2	2670638	1	4833	2	0	4790
Picture	full1n	other				2681804	1	2500	2	0	2450
Picture	full1i	other				2694804	1	4833	2	0	4790
Picture	full1n	other				2706137	1	3334	2	0	3290
Picture	full0n	other				2718804	1	3500	2	0	3450
Picture	full0i	other				2731470	1	3834	2	0	3790
Picture	full1i	other				2744804	1	4499	3	0	4450
Picture	full1n	other				2755637	1	2500	2	0	2450
Picture	full0n	other				2767303	1	4167	2	0	4120
Picture	full1i	other				2780303	1	4667	2	0	4620
Picture	blue0i	false alarm	2	6871	2	2792303	1	2500	2	0	2450
Picture	full0n	other				2804303	1	3500	2	0	3450
Picture	full0i	other				2815969	2	3167	3	0	3120
Picture	full0n	other				2826803	1	3000	2	0	2950
Picture	full1n	other				2839303	1	3333	2	0	3290
Picture	full1i	other				2852302	2	3000	3	0	2950
Picture	full0i	other				2864802	1	3000	2	0	2950
Picture	full0n	other				2878302	1	3667	2	0	3620
Picture	full0i	other				2891802	1	4000	2	0	3950
Picture	blue1n	false alarm	2	5003	2	2903969	1	4833	2	0	4790
Picture	full0n	other				2917468	1	2500	2	0	2450
Picture	full1i	other				2928802	1	4500	2	0	4450
Picture	full0i	other				2942135	1	3333	2	0	3290
Picture	full0n	other				2954801	1	4500	2	0	4450
Picture	full1n	other				2965635	1	4166	2	0	4120
Picture	full0i	other				2978968	1	3833	2	0	3790
Picture	full0n	other				2991968	1	4500	2	0	4450
Picture	full0i	other				3004134	1	2833	2	0	2790
Picture	full0n	other				3015801	1	3833	2	0	3790
Picture	full0i	other				3027467	1	4500	2	0	4450
Picture	full1i	other				3040467	1	3667	2	0	3620
Picture	full0n	other				3051800	1	4500	2	0	4450
Picture	full0i	other				3063133	2	4500	3	0	4450
Picture	full0n	other				3075300	1	4667	2	0	4620
Picture	full0i	other				3088800	1	3167	2	0	3120
Picture	blue0n	false alarm	2	5535	3	3102133	1	2667	2	0	2620
Picture	full1n	other				3113466	1	4667	2	0	4620
Picture	full1i	other				3125633	1	5000	2	0	4950
Picture	full0i	other				3137299	1	3500	2	0	3450
Picture	full0n	other				3150633	1	4833	2	0	4790
Picture	full1n	other				3162799	1	4500	2	0	4450
Picture	full1i	other				3175299	1	2667	2	0	2620
Picture	full0i	other				3187965	2	3167	3	0	3120
Picture	full1n	other				3200965	1	3167	2	0	3120
Picture	blue1i	false alarm	2	5135	2	3212632	1	3166	3	0	3120
Picture	full1n	other				3223798	2	3167	3	0	3120
Picture	full0n	other				3235965	1	3833	2	0	3790
Picture	full0i	other				3247965	1	4833	2	0	4790
Picture	full0n	other				3260131	2	4500	3	0	4450
Picture	full1i	other				3270965	1	4500	2	0	4450
Picture	full1n	other				3283131	1	5000	2	0	4950
Picture	full0i	other				3295298	1	2500	2	0	2450
Picture	full1i	other				3307464	1	4667	2	0	4620
Picture	full1n	other				3318797	2	3167	3	0	3120
Picture	full1i	other				3330464	2	4333	3	0	4290
Picture	full1n	other				3342631	1	3666	2	0	3620
Picture	full1i	other				3355130	1	2667	2	0	2620
Picture	blue0n	false alarm	2	6434	2	3367130	1	2834	2	0	2790
Picture	full1n	other				3378297	1	5000	2	0	4950
Picture	full0i	other				3389963	2	3334	3	0	3290
Picture	full1i	other				3401297	1	2833	2	0	2790
Picture	full1n	other				3413296	2	3834	3	0	3790
Picture	full1i	other				3424630	1	2833	2	0	2790
Picture	full0n	other				3435463	1	3333	2	0	3290
Picture	default	other				3446796	1	2667	2	0	2500
Picture	default	other				3466963	1	6771	2	0	2500
