Scenario - visual LTP Rap V4.0 HVA (based on combined block 1+2 from old 45 135 degree pilot)
Logfile written - 10/08/2015 16:30:04

Subject	Trial	Event Type	Code	Time	TTime	Uncertainty	Duration	Uncertainty	ReqTime	ReqDur

04_S0311_v0	1	Response	128	-5686	4147	1
04_S0311_v0	3	Picture	full1n	4833	0	1	3166	2	0	3120
04_S0311_v0	4	Picture	full1i	15999	0	1	2833	2	0	2790
04_S0311_v0	5	Picture	full1n	29332	0	1	4500	2	0	4450
04_S0311_v0	6	Picture	full0n	42666	0	1	3500	2	0	3450
04_S0311_v0	7	Picture	full1i	53499	0	1	4833	2	0	4790
04_S0311_v0	8	Picture	full1n	65665	0	1	4334	2	0	4290
04_S0311_v0	9	Picture	full0i	77832	0	1	3500	2	0	3450
04_S0311_v0	10	Picture	full0n	90332	0	1	4166	2	0	4120
04_S0311_v0	11	Picture	blue0i	101998	0	1	3000	2	0	2950
04_S0311_v0	11	Response	10	107997	5999	1
04_S0311_v0	12	Picture	full1i	114165	0	1	3833	2	0	3790
04_S0311_v0	13	Picture	full0n	127165	0	1	5000	2	0	4950
04_S0311_v0	14	Picture	full0i	139831	0	1	4167	2	0	4120
04_S0311_v0	15	Picture	full1n	153331	0	1	4167	2	0	4120
04_S0311_v0	16	Picture	full1i	165998	0	1	3666	2	0	3620
04_S0311_v0	17	Picture	full1n	177331	0	1	4500	2	0	4450
04_S0311_v0	18	Picture	blue1i	189497	0	1	3334	2	0	3290
04_S0311_v0	19	Picture	full1n	201664	0	1	4333	2	0	4290
04_S0311_v0	20	Picture	full0n	213830	0	2	4667	3	0	4620
04_S0311_v0	20	Response	10	218695	4865	1
04_S0311_v0	21	Picture	full1i	225664	0	1	2500	2	0	2450
04_S0311_v0	22	Picture	full0i	238163	0	2	3000	4	0	2950
04_S0311_v0	23	Picture	full0n	251663	0	1	5000	2	0	4950
04_S0311_v0	24	Picture	full0i	265163	0	1	4500	2	0	4450
04_S0311_v0	25	Picture	full0n	278163	0	1	3000	2	0	2950
04_S0311_v0	26	Picture	full1n	290830	0	1	3333	2	0	3290
04_S0311_v0	27	Picture	blue1i	302663	0	1	3166	3	0	3120
04_S0311_v0	27	Response	10	309693	7030	1
04_S0311_v0	28	Picture	full0i	315329	0	1	3834	2	0	3790
04_S0311_v0	29	Picture	full0n	327829	0	1	5000	2	0	4950
04_S0311_v0	30	Picture	full0i	339662	0	2	2500	3	0	2450
04_S0311_v0	31	Picture	full1n	350996	0	1	4333	2	0	4290
04_S0311_v0	32	Picture	full1i	363162	0	1	2834	2	0	2790
04_S0311_v0	33	Picture	full0n	374829	0	1	2833	2	0	2790
04_S0311_v0	33	Response	10	380692	5863	1
04_S0311_v0	34	Picture	full1n	385662	0	1	4167	2	0	4120
04_S0311_v0	35	Picture	full1i	397829	0	1	3666	2	0	3620
04_S0311_v0	36	Picture	full1n	410828	0	2	3667	3	0	3620
04_S0311_v0	37	Picture	full0i	422995	0	1	5000	2	0	4950
04_S0311_v0	38	Picture	blue1i	434328	0	1	2833	3	0	2790
04_S0311_v0	39	Picture	full1n	445495	0	1	3000	2	0	2950
04_S0311_v0	40	Picture	full0n	458161	0	1	2834	2	0	2790
04_S0311_v0	40	Response	10	464991	6830	1
04_S0311_v0	41	Picture	full0i	469328	0	1	4000	2	0	3950
04_S0311_v0	42	Picture	full0n	481494	0	1	3667	2	0	3620
04_S0311_v0	43	Picture	full0i	494494	0	1	2833	3	0	2790
04_S0311_v0	44	Picture	full0n	507827	0	2	4334	3	0	4290
04_S0311_v0	44	Response	10	514590	6763	1
04_S0311_v0	45	Picture	full1i	521161	0	1	3666	2	0	3620
04_S0311_v0	46	Picture	full0i	533827	0	1	3667	2	0	3620
04_S0311_v0	47	Picture	full1n	544660	0	1	4500	2	0	4450
04_S0311_v0	48	Picture	full0n	556827	0	1	3167	2	0	3120
04_S0311_v0	48	Response	10	562589	5762	1
04_S0311_v0	49	Picture	full1i	568493	0	2	3000	3	0	2950
04_S0311_v0	50	Picture	blue0i	580327	0	1	3166	2	0	3120
04_S0311_v0	50	Response	10	586988	6661	2
04_S0311_v0	51	Picture	full0n	591993	0	1	3833	3	0	3790
04_S0311_v0	52	Picture	full0i	604493	0	1	3000	2	0	2950
04_S0311_v0	53	Picture	full0n	616160	0	1	4833	2	0	4790
04_S0311_v0	54	Picture	full1n	629493	0	1	2500	2	0	2450
04_S0311_v0	55	Picture	full1i	640326	0	1	3000	2	0	2950
04_S0311_v0	56	Picture	full0i	653826	0	1	3000	2	0	2950
04_S0311_v0	57	Picture	full0n	665159	0	1	3667	2	0	3620
04_S0311_v0	58	Picture	full1n	678492	0	1	3334	2	0	3290
04_S0311_v0	59	Picture	full1i	690659	0	1	4500	2	0	4450
04_S0311_v0	60	Picture	blue1n	702492	0	1	4167	2	0	4120
04_S0311_v0	60	Response	10	709986	7494	2
04_S0311_v0	61	Picture	full0i	714992	0	1	2667	2	0	2620
04_S0311_v0	62	Picture	full0n	727658	0	2	4667	3	0	4620
04_S0311_v0	63	Picture	full0i	739825	0	1	2667	2	0	2620
04_S0311_v0	64	Picture	full1i	752825	0	1	4666	2	0	4620
04_S0311_v0	65	Picture	full0n	764491	0	2	2834	3	0	2790
04_S0311_v0	66	Picture	full1n	776658	0	1	4000	2	0	3950
04_S0311_v0	67	Picture	full1i	789658	0	1	3500	2	0	3450
04_S0311_v0	68	Picture	full1n	802158	0	1	4000	2	0	3950
04_S0311_v0	69	Picture	full0i	814324	0	1	4500	2	0	4450
04_S0311_v0	70	Picture	blue0n	826491	0	1	2500	2	0	2450
04_S0311_v0	70	Response	10	832674	6183	1
04_S0311_v0	71	Picture	full0i	838657	0	1	4167	2	0	4120
04_S0311_v0	72	Picture	full0n	849490	0	2	4834	3	0	4790
04_S0311_v0	73	Picture	full0i	860657	0	1	2500	2	0	2450
04_S0311_v0	74	Picture	full0n	873657	0	1	4833	2	0	4790
04_S0311_v0	75	Picture	full0i	886323	0	2	3334	3	0	3290
04_S0311_v0	76	Picture	full1i	899823	0	1	3500	2	0	3450
04_S0311_v0	77	Picture	full1n	912490	0	1	3833	2	0	3790
04_S0311_v0	78	Picture	full0n	925490	0	1	4500	2	0	4450
04_S0311_v0	79	Picture	full0i	937656	0	1	2500	2	0	2450
04_S0311_v0	80	Picture	full1i	948489	0	2	4167	3	0	4120
04_S0311_v0	81	Picture	blue0n	961489	0	1	4667	2	0	4620
04_S0311_v0	81	Response	10	966472	4983	1
04_S0311_v0	82	Picture	full1n	972656	0	1	2500	2	0	2450
04_S0311_v0	83	Picture	full1i	985156	0	1	3500	2	0	3450
04_S0311_v0	84	Picture	full1n	996322	0	1	3167	2	0	3120
04_S0311_v0	85	Picture	full1i	1009656	0	1	2999	3	0	2950
04_S0311_v0	86	Picture	full0i	1021322	0	1	3333	2	0	3290
04_S0311_v0	87	Picture	full0n	1032989	0	1	3000	2	0	2950
04_S0311_v0	88	Picture	full1n	1045488	0	2	3000	3	0	2950
04_S0311_v0	89	Picture	full1i	1057655	0	1	3667	2	0	3620
04_S0311_v0	90	Picture	full1n	1070988	0	1	4000	2	0	3950
04_S0311_v0	91	Picture	full1i	1082321	0	2	4834	3	0	4790
04_S0311_v0	92	Picture	full1n	1095655	0	1	2500	2	0	2450
04_S0311_v0	93	Picture	full0i	1106988	0	1	4500	2	0	4450
04_S0311_v0	94	Picture	blue1i	1118321	0	1	3333	2	0	3290
04_S0311_v0	94	Response	10	1123069	4748	2
04_S0311_v0	95	Picture	full1n	1130154	0	1	4500	2	0	4450
04_S0311_v0	96	Picture	full0n	1143487	0	2	4167	3	0	4120
04_S0311_v0	97	Picture	full1i	1155154	0	1	3833	2	0	3790
04_S0311_v0	98	Picture	full1n	1166321	0	1	4500	2	0	4450
04_S0311_v0	99	Picture	full1i	1179654	0	1	2833	2	0	2790
04_S0311_v0	100	Picture	full1n	1190487	0	1	3833	2	0	3790
04_S0311_v0	101	Picture	full1i	1202654	0	1	4499	3	0	4450
04_S0311_v0	102	Picture	full0i	1213487	0	1	3666	2	0	3620
04_S0311_v0	103	Picture	blue1n	1224653	0	1	4500	2	0	4450
04_S0311_v0	103	Response	10	1229867	5214	2
04_S0311_v0	104	Picture	full1i	1235820	0	1	4500	2	0	4450
04_S0311_v0	105	Picture	full1n	1249320	0	1	4666	2	0	4620
04_S0311_v0	106	Picture	full1i	1261153	0	1	3167	2	0	3120
04_S0311_v0	107	Picture	full1n	1274653	0	1	2666	2	0	2620
04_S0311_v0	108	Picture	full0n	1286486	0	1	4667	2	0	4620
04_S0311_v0	109	Picture	full0i	1298653	0	1	4999	3	0	4950
04_S0311_v0	110	Picture	full1i	1311152	0	2	3500	3	0	3450
04_S0311_v0	111	Picture	full1n	1324652	0	1	4834	2	0	4790
04_S0311_v0	112	Picture	blue0n	1337152	0	1	4500	2	0	4450
04_S0311_v0	112	Response	10	1345465	8313	2
04_S0311_v0	113	Picture	full0i	1348485	0	1	2667	2	0	2620
04_S0311_v0	114	Picture	full1i	1360152	0	1	3167	2	0	3120
04_S0311_v0	115	Picture	full0n	1372818	0	2	3167	3	0	3120
04_S0311_v0	116	Picture	full0i	1383652	0	1	3166	2	0	3120
04_S0311_v0	117	Picture	full0n	1395485	0	1	3166	3	0	3120
04_S0311_v0	118	Picture	full1n	1408485	0	1	3833	2	0	3790
04_S0311_v0	119	Picture	full1i	1421985	0	1	4833	2	0	4790
04_S0311_v0	120	Picture	full1n	1434984	0	2	4500	3	0	4450
04_S0311_v0	121	Picture	blue0i	1446318	0	1	4500	2	0	4450
04_S0311_v0	122	Picture	full0n	1458151	0	1	5000	2	0	4950
04_S0311_v0	123	Picture	full1i	1469317	0	2	2500	3	0	2450
04_S0311_v0	124	Picture	full0i	1481817	0	1	4667	2	0	4620
04_S0311_v0	125	Picture	full0n	1493150	0	2	3167	3	0	3120
04_S0311_v0	126	Picture	full0i	1504484	0	1	4333	2	0	4290
04_S0311_v0	127	Picture	full0n	1516150	0	1	3667	2	0	3620
04_S0311_v0	128	Picture	full0i	1527983	0	2	2667	3	0	2620
04_S0311_v0	129	Picture	blue1n	1541483	0	1	2834	2	0	2790
04_S0311_v0	129	Response	10	1546962	5479	1
04_S0311_v0	130	Picture	full0n	1554983	0	1	5000	2	0	4950
04_S0311_v0	131	Picture	full1i	1566150	0	1	3333	2	0	3290
04_S0311_v0	132	Picture	full0i	1578816	0	1	2834	2	0	2790
04_S0311_v0	133	Picture	full0n	1590483	0	1	3833	2	0	3790
04_S0311_v0	134	Picture	full0i	1602649	0	1	2834	2	0	2790
04_S0311_v0	135	Picture	full1n	1613483	0	1	3333	2	0	3290
04_S0311_v0	136	Picture	82	1624816	0	1	100165	2	0	next
04_S0311_v0	136	Picture	82	1724981	100165	1	10000	2	100000	next
04_S0311_v0	136	Picture	82	1734981	110165	1	10000	2	110000	next
04_S0311_v0	136	Picture	82	1744981	120165	1	10000	2	120000	next
04_S0311_v0	136	Picture	82	1754981	130165	1	10000	2	130000	next
04_S0311_v0	136	Picture	82	1764981	140165	1	10000	2	140000	next
04_S0311_v0	136	Picture	82	1774981	150165	1	10000	2	150000	next
04_S0311_v0	136	Picture	82	1784981	160165	1	10000	2	160000	next
04_S0311_v0	136	Picture	82	1794981	170165	1	10000	2	170000	next
04_S0311_v0	136	Picture	82	1804981	180165	1	9999	3	180000	next
04_S0311_v0	136	Picture	82	1814980	190164	2	10000	4	190000	10000
04_S0311_v0	137	Picture	full0n	1824980	0	2	3167	3	0	3120
04_S0311_v0	138	Picture	full0i	1837480	0	1	2834	2	0	2790
04_S0311_v0	139	Picture	full0n	1850480	0	1	4500	2	0	4450
04_S0311_v0	140	Picture	full1n	1862147	0	1	3500	2	0	3450
04_S0311_v0	141	Picture	blue0i	1875647	0	1	4833	2	0	4790
04_S0311_v0	141	Response	10	1881356	5709	2
04_S0311_v0	142	Picture	full0n	1887813	0	1	4333	2	0	4290
04_S0311_v0	143	Picture	full1i	1900313	0	1	3500	2	0	3450
04_S0311_v0	144	Picture	full1n	1911479	0	2	4167	3	0	4120
04_S0311_v0	145	Picture	full1i	1922813	0	1	3000	2	0	2950
04_S0311_v0	146	Picture	full0i	1934979	0	1	3834	2	0	3790
04_S0311_v0	147	Picture	full1n	1946146	0	1	5000	2	0	4950
04_S0311_v0	148	Picture	full1i	1958812	0	1	4167	2	0	4120
04_S0311_v0	149	Picture	blue0n	1970979	0	1	4167	2	0	4120
04_S0311_v0	149	Response	10	1975455	4476	1
04_S0311_v0	150	Picture	full0i	1983645	0	2	3667	3	0	3620
04_S0311_v0	151	Picture	full0n	1994479	0	1	4500	2	0	4450
04_S0311_v0	152	Picture	full0i	2006979	0	1	3333	2	0	3290
04_S0311_v0	153	Picture	full0n	2019478	0	1	4334	2	0	4290
04_S0311_v0	154	Picture	full1n	2031645	0	1	4667	2	0	4620
04_S0311_v0	155	Picture	full0i	2044978	0	1	2500	2	0	2450
04_S0311_v0	156	Picture	full1i	2055811	0	1	3000	2	0	2950
04_S0311_v0	157	Picture	full0n	2066978	0	1	5000	2	0	4950
04_S0311_v0	158	Picture	full1n	2079644	0	2	4500	3	0	4450
04_S0311_v0	159	Picture	blue1i	2092978	0	1	3000	2	0	2950
04_S0311_v0	160	Picture	full0i	2104644	0	1	3333	3	0	3290
04_S0311_v0	161	Picture	full0n	2118144	0	1	3167	2	0	3120
04_S0311_v0	162	Picture	full1n	2131477	0	1	3834	2	0	3790
04_S0311_v0	163	Picture	full1i	2143644	0	1	5000	2	0	4950
04_S0311_v0	164	Picture	full1n	2155644	0	1	2500	2	0	2450
04_S0311_v0	165	Picture	full0i	2168977	0	1	4333	2	0	4290
04_S0311_v0	166	Picture	full0n	2182477	0	1	2833	2	0	2790
04_S0311_v0	167	Picture	full1i	2194977	0	1	2833	2	0	2790
04_S0311_v0	168	Picture	full0i	2207976	0	2	4167	3	0	4120
04_S0311_v0	169	Picture	full0n	2219643	0	1	3667	2	0	3620
04_S0311_v0	170	Picture	full0i	2231643	0	1	3666	3	0	3620
04_S0311_v0	171	Picture	full1n	2245143	0	1	5000	2	0	4950
04_S0311_v0	172	Picture	full0n	2255976	0	1	2833	2	0	2790
04_S0311_v0	173	Picture	blue0i	2267309	0	1	3000	2	0	2950
04_S0311_v0	173	Response	10	2271940	4631	1
04_S0311_v0	174	Picture	full1i	2279309	0	1	2833	2	0	2790
04_S0311_v0	175	Picture	full1n	2290476	0	1	4000	2	0	3950
04_S0311_v0	176	Picture	full1i	2302642	0	1	3667	2	0	3620
04_S0311_v0	177	Picture	full1n	2314642	0	1	2833	2	0	2790
04_S0311_v0	178	Picture	blue1i	2327142	0	1	4333	2	0	4290
04_S0311_v0	178	Response	10	2337338	10196	2
04_S0311_v0	179	Picture	full0n	2339308	0	1	3667	2	0	3620
04_S0311_v0	180	Picture	full1n	2352308	0	1	3667	2	0	3620
04_S0311_v0	181	Picture	full0i	2363475	0	1	4500	2	0	4450
04_S0311_v0	182	Picture	full1i	2376141	0	1	3167	2	0	3120
04_S0311_v0	183	Picture	full0n	2388808	0	1	3000	2	0	2950
04_S0311_v0	184	Picture	full1n	2401474	0	2	3167	3	0	3120
04_S0311_v0	185	Picture	full1i	2413641	0	1	3833	2	0	3790
04_S0311_v0	186	Picture	full1n	2426641	0	1	3000	2	0	2950
04_S0311_v0	187	Picture	full1i	2440141	0	1	4833	2	0	4790
04_S0311_v0	188	Picture	full0i	2451807	0	1	2500	2	0	2450
04_S0311_v0	189	Picture	blue0n	2463140	0	2	3000	3	0	2950
04_S0311_v0	190	Picture	full1n	2475307	0	1	3000	2	0	2950
04_S0311_v0	191	Picture	full1i	2488307	0	1	3666	3	0	3620
04_S0311_v0	192	Picture	full0i	2501807	0	1	3333	2	0	3290
04_S0311_v0	193	Picture	full0n	2512640	0	1	4500	2	0	4450
04_S0311_v0	194	Picture	full0i	2525306	0	2	4167	3	0	4120
04_S0311_v0	195	Picture	full1n	2536473	0	1	2667	2	0	2620
04_S0311_v0	196	Picture	full1i	2548640	0	1	4666	2	0	4620
04_S0311_v0	197	Picture	blue1n	2559806	0	1	2667	2	0	2620
04_S0311_v0	197	Response	10	2564435	4629	1
04_S0311_v0	198	Picture	full0n	2572306	0	1	4667	2	0	4620
04_S0311_v0	199	Picture	full1i	2585639	0	1	2833	3	0	2790
04_S0311_v0	200	Picture	full0i	2596472	0	1	4000	2	0	3950
04_S0311_v0	201	Picture	full0n	2608639	0	1	3500	2	0	3450
04_S0311_v0	202	Picture	full0i	2620639	0	1	4000	2	0	3950
04_S0311_v0	203	Picture	full1n	2631805	0	1	4500	2	0	4450
04_S0311_v0	204	Picture	full1i	2645305	0	1	2500	2	0	2450
04_S0311_v0	205	Picture	full1n	2657305	0	1	4167	2	0	4120
04_S0311_v0	206	Picture	blue1i	2670638	0	1	4834	2	0	4790
04_S0311_v0	206	Response	10	2676933	6295	1
04_S0311_v0	207	Picture	full1n	2681805	0	1	2500	2	0	2450
04_S0311_v0	208	Picture	full1i	2694805	0	1	4833	2	0	4790
04_S0311_v0	209	Picture	full1n	2706138	0	1	3333	2	0	3290
04_S0311_v0	210	Picture	full0n	2718804	0	2	3500	3	0	3450
04_S0311_v0	211	Picture	full0i	2731471	0	1	3833	2	0	3790
04_S0311_v0	212	Picture	full1i	2744804	0	1	4500	2	0	4450
04_S0311_v0	213	Picture	full1n	2755637	0	2	2500	3	0	2450
04_S0311_v0	214	Picture	full0n	2767304	0	1	4167	2	0	4120
04_S0311_v0	215	Picture	full1i	2780304	0	1	4666	2	0	4620
04_S0311_v0	216	Picture	blue0i	2792304	0	1	2500	2	0	2450
04_S0311_v0	216	Response	10	2798031	5727	1
04_S0311_v0	217	Picture	full0n	2804304	0	1	3499	3	0	3450
04_S0311_v0	218	Picture	full0i	2815970	0	1	3167	2	0	3120
04_S0311_v0	219	Picture	full0n	2826803	0	1	3000	2	0	2950
04_S0311_v0	220	Picture	full1n	2839303	0	1	3333	3	0	3290
04_S0311_v0	221	Picture	full1i	2852303	0	1	3000	2	0	2950
04_S0311_v0	222	Picture	full0i	2864803	0	1	3000	2	0	2950
04_S0311_v0	223	Picture	full0n	2878303	0	1	3666	2	0	3620
04_S0311_v0	224	Picture	full0i	2891803	0	1	4000	2	0	3950
04_S0311_v0	225	Picture	blue1n	2903969	0	1	4833	3	0	4790
04_S0311_v0	225	Response	10	2908829	4860	1
04_S0311_v0	226	Picture	full0n	2917469	0	1	2500	2	0	2450
04_S0311_v0	227	Picture	full1i	2928802	0	1	4500	2	0	4450
04_S0311_v0	228	Picture	full0i	2942135	0	2	3334	3	0	3290
04_S0311_v0	229	Picture	full0n	2954802	0	1	4500	2	0	4450
04_S0311_v0	230	Picture	full1n	2965635	0	1	4167	2	0	4120
04_S0311_v0	231	Picture	full0i	2978968	0	2	3834	3	0	3790
04_S0311_v0	232	Picture	full0n	2991968	0	2	4500	3	0	4450
04_S0311_v0	233	Picture	full0i	3004135	0	1	2833	2	0	2790
04_S0311_v0	234	Picture	full0n	3015801	0	1	3834	2	0	3790
04_S0311_v0	235	Picture	full0i	3027468	0	1	4500	2	0	4450
04_S0311_v0	236	Picture	full1i	3040468	0	1	3666	2	0	3620
04_S0311_v0	237	Picture	full0n	3051801	0	1	4500	2	0	4450
04_S0311_v0	238	Picture	full0i	3063134	0	1	4500	2	0	4450
04_S0311_v0	239	Picture	full0n	3075301	0	1	4666	2	0	4620
04_S0311_v0	240	Picture	full0i	3088801	0	1	3166	2	0	3120
04_S0311_v0	241	Picture	blue0n	3102134	0	1	2666	2	0	2620
04_S0311_v0	241	Response	10	3106025	3891	1
04_S0311_v0	242	Picture	full1n	3113467	0	1	4667	2	0	4620
04_S0311_v0	243	Picture	full1i	3125634	0	1	4999	3	0	4950
04_S0311_v0	244	Picture	full0i	3137300	0	1	3500	2	0	3450
04_S0311_v0	245	Picture	full0n	3150633	0	1	4834	2	0	4790
04_S0311_v0	246	Picture	full1n	3162800	0	1	4500	2	0	4450
04_S0311_v0	247	Picture	full1i	3175300	0	1	2666	2	0	2620
04_S0311_v0	248	Picture	full0i	3187966	0	1	3167	2	0	3120
04_S0311_v0	249	Picture	full1n	3200966	0	1	3167	2	0	3120
04_S0311_v0	250	Picture	blue1i	3212633	0	1	3166	2	0	3120
04_S0311_v0	250	Response	10	3219423	6790	2
04_S0311_v0	251	Picture	full1n	3223799	0	1	3167	2	0	3120
04_S0311_v0	252	Picture	full0n	3235966	0	1	3833	2	0	3790
04_S0311_v0	253	Picture	full0i	3247966	0	1	4833	2	0	4790
04_S0311_v0	254	Picture	full0n	3260132	0	1	4500	2	0	4450
04_S0311_v0	255	Picture	full1i	3270965	0	1	4500	2	0	4450
04_S0311_v0	256	Picture	full1n	3283132	0	1	5000	2	0	4950
04_S0311_v0	257	Picture	full0i	3295298	0	2	2500	3	0	2450
04_S0311_v0	258	Picture	full1i	3307465	0	1	4667	2	0	4620
04_S0311_v0	259	Picture	full1n	3318798	0	1	3167	2	0	3120
04_S0311_v0	260	Picture	full1i	3330465	0	1	4333	2	0	4290
04_S0311_v0	261	Picture	full1n	3342631	0	1	3667	2	0	3620
04_S0311_v0	262	Picture	full1i	3355131	0	1	2667	2	0	2620
04_S0311_v0	263	Picture	blue0n	3367131	0	1	2833	2	0	2790
04_S0311_v0	263	Response	10	3372521	5390	1
04_S0311_v0	264	Picture	full1n	3378298	0	1	5000	2	0	4950
04_S0311_v0	265	Picture	full0i	3389964	0	1	3333	2	0	3290
04_S0311_v0	266	Picture	full1i	3401297	0	1	2834	2	0	2790
04_S0311_v0	267	Picture	full1n	3413297	0	1	3834	2	0	3790
04_S0311_v0	268	Picture	full1i	3424630	0	2	2834	3	0	2790
04_S0311_v0	269	Picture	full0n	3435464	0	1	3333	2	0	3290
04_S0311_v0	270	Picture	default	3446797	0	1	2666	3	0	2500
04_S0311_v0	271	Picture	default	3466963	0	1	6767	2	0	2500


Event Type	Code	Type	Response	RT	RT Uncertainty	Time	Uncertainty	Duration	Uncertainty	ReqTime	ReqDur

Picture	full1n	other				4833	1	3166	2	0	3120
Picture	full1i	other				15999	1	2833	2	0	2790
Picture	full1n	other				29332	1	4500	2	0	4450
Picture	full0n	other				42666	1	3500	2	0	3450
Picture	full1i	other				53499	1	4833	2	0	4790
Picture	full1n	other				65665	1	4334	2	0	4290
Picture	full0i	other				77832	1	3500	2	0	3450
Picture	full0n	other				90332	1	4166	2	0	4120
Picture	blue0i	false alarm	2	5999	2	101998	1	3000	2	0	2950
Picture	full1i	other				114165	1	3833	2	0	3790
Picture	full0n	other				127165	1	5000	2	0	4950
Picture	full0i	other				139831	1	4167	2	0	4120
Picture	full1n	other				153331	1	4167	2	0	4120
Picture	full1i	other				165998	1	3666	2	0	3620
Picture	full1n	other				177331	1	4500	2	0	4450
Picture	blue1i	other				189497	1	3334	2	0	3290
Picture	full1n	other				201664	1	4333	2	0	4290
Picture	full0n	other				213830	2	4667	3	0	4620
Picture	full1i	other				225664	1	2500	2	0	2450
Picture	full0i	other				238163	2	3000	4	0	2950
Picture	full0n	other				251663	1	5000	2	0	4950
Picture	full0i	other				265163	1	4500	2	0	4450
Picture	full0n	other				278163	1	3000	2	0	2950
Picture	full1n	other				290830	1	3333	2	0	3290
Picture	blue1i	false alarm	2	7030	2	302663	1	3166	3	0	3120
Picture	full0i	other				315329	1	3834	2	0	3790
Picture	full0n	other				327829	1	5000	2	0	4950
Picture	full0i	other				339662	2	2500	3	0	2450
Picture	full1n	other				350996	1	4333	2	0	4290
Picture	full1i	other				363162	1	2834	2	0	2790
Picture	full0n	other				374829	1	2833	2	0	2790
Picture	full1n	other				385662	1	4167	2	0	4120
Picture	full1i	other				397829	1	3666	2	0	3620
Picture	full1n	other				410828	2	3667	3	0	3620
Picture	full0i	other				422995	1	5000	2	0	4950
Picture	blue1i	other				434328	1	2833	3	0	2790
Picture	full1n	other				445495	1	3000	2	0	2950
Picture	full0n	other				458161	1	2834	2	0	2790
Picture	full0i	other				469328	1	4000	2	0	3950
Picture	full0n	other				481494	1	3667	2	0	3620
Picture	full0i	other				494494	1	2833	3	0	2790
Picture	full0n	other				507827	2	4334	3	0	4290
Picture	full1i	other				521161	1	3666	2	0	3620
Picture	full0i	other				533827	1	3667	2	0	3620
Picture	full1n	other				544660	1	4500	2	0	4450
Picture	full0n	other				556827	1	3167	2	0	3120
Picture	full1i	other				568493	2	3000	3	0	2950
Picture	blue0i	false alarm	2	6661	3	580327	1	3166	2	0	3120
Picture	full0n	other				591993	1	3833	3	0	3790
Picture	full0i	other				604493	1	3000	2	0	2950
Picture	full0n	other				616160	1	4833	2	0	4790
Picture	full1n	other				629493	1	2500	2	0	2450
Picture	full1i	other				640326	1	3000	2	0	2950
Picture	full0i	other				653826	1	3000	2	0	2950
Picture	full0n	other				665159	1	3667	2	0	3620
Picture	full1n	other				678492	1	3334	2	0	3290
Picture	full1i	other				690659	1	4500	2	0	4450
Picture	blue1n	false alarm	2	7494	3	702492	1	4167	2	0	4120
Picture	full0i	other				714992	1	2667	2	0	2620
Picture	full0n	other				727658	2	4667	3	0	4620
Picture	full0i	other				739825	1	2667	2	0	2620
Picture	full1i	other				752825	1	4666	2	0	4620
Picture	full0n	other				764491	2	2834	3	0	2790
Picture	full1n	other				776658	1	4000	2	0	3950
Picture	full1i	other				789658	1	3500	2	0	3450
Picture	full1n	other				802158	1	4000	2	0	3950
Picture	full0i	other				814324	1	4500	2	0	4450
Picture	blue0n	false alarm	2	6183	2	826491	1	2500	2	0	2450
Picture	full0i	other				838657	1	4167	2	0	4120
Picture	full0n	other				849490	2	4834	3	0	4790
Picture	full0i	other				860657	1	2500	2	0	2450
Picture	full0n	other				873657	1	4833	2	0	4790
Picture	full0i	other				886323	2	3334	3	0	3290
Picture	full1i	other				899823	1	3500	2	0	3450
Picture	full1n	other				912490	1	3833	2	0	3790
Picture	full0n	other				925490	1	4500	2	0	4450
Picture	full0i	other				937656	1	2500	2	0	2450
Picture	full1i	other				948489	2	4167	3	0	4120
Picture	blue0n	false alarm	2	4983	2	961489	1	4667	2	0	4620
Picture	full1n	other				972656	1	2500	2	0	2450
Picture	full1i	other				985156	1	3500	2	0	3450
Picture	full1n	other				996322	1	3167	2	0	3120
Picture	full1i	other				1009656	1	2999	3	0	2950
Picture	full0i	other				1021322	1	3333	2	0	3290
Picture	full0n	other				1032989	1	3000	2	0	2950
Picture	full1n	other				1045488	2	3000	3	0	2950
Picture	full1i	other				1057655	1	3667	2	0	3620
Picture	full1n	other				1070988	1	4000	2	0	3950
Picture	full1i	other				1082321	2	4834	3	0	4790
Picture	full1n	other				1095655	1	2500	2	0	2450
Picture	full0i	other				1106988	1	4500	2	0	4450
Picture	blue1i	false alarm	2	4748	3	1118321	1	3333	2	0	3290
Picture	full1n	other				1130154	1	4500	2	0	4450
Picture	full0n	other				1143487	2	4167	3	0	4120
Picture	full1i	other				1155154	1	3833	2	0	3790
Picture	full1n	other				1166321	1	4500	2	0	4450
Picture	full1i	other				1179654	1	2833	2	0	2790
Picture	full1n	other				1190487	1	3833	2	0	3790
Picture	full1i	other				1202654	1	4499	3	0	4450
Picture	full0i	other				1213487	1	3666	2	0	3620
Picture	blue1n	false alarm	2	5214	3	1224653	1	4500	2	0	4450
Picture	full1i	other				1235820	1	4500	2	0	4450
Picture	full1n	other				1249320	1	4666	2	0	4620
Picture	full1i	other				1261153	1	3167	2	0	3120
Picture	full1n	other				1274653	1	2666	2	0	2620
Picture	full0n	other				1286486	1	4667	2	0	4620
Picture	full0i	other				1298653	1	4999	3	0	4950
Picture	full1i	other				1311152	2	3500	3	0	3450
Picture	full1n	other				1324652	1	4834	2	0	4790
Picture	blue0n	false alarm	2	8313	3	1337152	1	4500	2	0	4450
Picture	full0i	other				1348485	1	2667	2	0	2620
Picture	full1i	other				1360152	1	3167	2	0	3120
Picture	full0n	other				1372818	2	3167	3	0	3120
Picture	full0i	other				1383652	1	3166	2	0	3120
Picture	full0n	other				1395485	1	3166	3	0	3120
Picture	full1n	other				1408485	1	3833	2	0	3790
Picture	full1i	other				1421985	1	4833	2	0	4790
Picture	full1n	other				1434984	2	4500	3	0	4450
Picture	blue0i	other				1446318	1	4500	2	0	4450
Picture	full0n	other				1458151	1	5000	2	0	4950
Picture	full1i	other				1469317	2	2500	3	0	2450
Picture	full0i	other				1481817	1	4667	2	0	4620
Picture	full0n	other				1493150	2	3167	3	0	3120
Picture	full0i	other				1504484	1	4333	2	0	4290
Picture	full0n	other				1516150	1	3667	2	0	3620
Picture	full0i	other				1527983	2	2667	3	0	2620
Picture	blue1n	false alarm	2	5479	2	1541483	1	2834	2	0	2790
Picture	full0n	other				1554983	1	5000	2	0	4950
Picture	full1i	other				1566150	1	3333	2	0	3290
Picture	full0i	other				1578816	1	2834	2	0	2790
Picture	full0n	other				1590483	1	3833	2	0	3790
Picture	full0i	other				1602649	1	2834	2	0	2790
Picture	full1n	other				1613483	1	3333	2	0	3290
Picture	82	other				1624816	1	100165	2	0	next
Picture	82	other				1724981	1	10000	2	100000	next
Picture	82	other				1734981	1	10000	2	110000	next
Picture	82	other				1744981	1	10000	2	120000	next
Picture	82	other				1754981	1	10000	2	130000	next
Picture	82	other				1764981	1	10000	2	140000	next
Picture	82	other				1774981	1	10000	2	150000	next
Picture	82	other				1784981	1	10000	2	160000	next
Picture	82	other				1794981	1	10000	2	170000	next
Picture	82	other				1804981	1	9999	3	180000	next
Picture	82	other				1814980	2	10000	4	190000	10000
Picture	full0n	other				1824980	2	3167	3	0	3120
Picture	full0i	other				1837480	1	2834	2	0	2790
Picture	full0n	other				1850480	1	4500	2	0	4450
Picture	full1n	other				1862147	1	3500	2	0	3450
Picture	blue0i	false alarm	2	5709	3	1875647	1	4833	2	0	4790
Picture	full0n	other				1887813	1	4333	2	0	4290
Picture	full1i	other				1900313	1	3500	2	0	3450
Picture	full1n	other				1911479	2	4167	3	0	4120
Picture	full1i	other				1922813	1	3000	2	0	2950
Picture	full0i	other				1934979	1	3834	2	0	3790
Picture	full1n	other				1946146	1	5000	2	0	4950
Picture	full1i	other				1958812	1	4167	2	0	4120
Picture	blue0n	false alarm	2	4476	2	1970979	1	4167	2	0	4120
Picture	full0i	other				1983645	2	3667	3	0	3620
Picture	full0n	other				1994479	1	4500	2	0	4450
Picture	full0i	other				2006979	1	3333	2	0	3290
Picture	full0n	other				2019478	1	4334	2	0	4290
Picture	full1n	other				2031645	1	4667	2	0	4620
Picture	full0i	other				2044978	1	2500	2	0	2450
Picture	full1i	other				2055811	1	3000	2	0	2950
Picture	full0n	other				2066978	1	5000	2	0	4950
Picture	full1n	other				2079644	2	4500	3	0	4450
Picture	blue1i	other				2092978	1	3000	2	0	2950
Picture	full0i	other				2104644	1	3333	3	0	3290
Picture	full0n	other				2118144	1	3167	2	0	3120
Picture	full1n	other				2131477	1	3834	2	0	3790
Picture	full1i	other				2143644	1	5000	2	0	4950
Picture	full1n	other				2155644	1	2500	2	0	2450
Picture	full0i	other				2168977	1	4333	2	0	4290
Picture	full0n	other				2182477	1	2833	2	0	2790
Picture	full1i	other				2194977	1	2833	2	0	2790
Picture	full0i	other				2207976	2	4167	3	0	4120
Picture	full0n	other				2219643	1	3667	2	0	3620
Picture	full0i	other				2231643	1	3666	3	0	3620
Picture	full1n	other				2245143	1	5000	2	0	4950
Picture	full0n	other				2255976	1	2833	2	0	2790
Picture	blue0i	false alarm	2	4631	2	2267309	1	3000	2	0	2950
Picture	full1i	other				2279309	1	2833	2	0	2790
Picture	full1n	other				2290476	1	4000	2	0	3950
Picture	full1i	other				2302642	1	3667	2	0	3620
Picture	full1n	other				2314642	1	2833	2	0	2790
Picture	blue1i	false alarm	2	10196	3	2327142	1	4333	2	0	4290
Picture	full0n	other				2339308	1	3667	2	0	3620
Picture	full1n	other				2352308	1	3667	2	0	3620
Picture	full0i	other				2363475	1	4500	2	0	4450
Picture	full1i	other				2376141	1	3167	2	0	3120
Picture	full0n	other				2388808	1	3000	2	0	2950
Picture	full1n	other				2401474	2	3167	3	0	3120
Picture	full1i	other				2413641	1	3833	2	0	3790
Picture	full1n	other				2426641	1	3000	2	0	2950
Picture	full1i	other				2440141	1	4833	2	0	4790
Picture	full0i	other				2451807	1	2500	2	0	2450
Picture	blue0n	other				2463140	2	3000	3	0	2950
Picture	full1n	other				2475307	1	3000	2	0	2950
Picture	full1i	other				2488307	1	3666	3	0	3620
Picture	full0i	other				2501807	1	3333	2	0	3290
Picture	full0n	other				2512640	1	4500	2	0	4450
Picture	full0i	other				2525306	2	4167	3	0	4120
Picture	full1n	other				2536473	1	2667	2	0	2620
Picture	full1i	other				2548640	1	4666	2	0	4620
Picture	blue1n	false alarm	2	4629	2	2559806	1	2667	2	0	2620
Picture	full0n	other				2572306	1	4667	2	0	4620
Picture	full1i	other				2585639	1	2833	3	0	2790
Picture	full0i	other				2596472	1	4000	2	0	3950
Picture	full0n	other				2608639	1	3500	2	0	3450
Picture	full0i	other				2620639	1	4000	2	0	3950
Picture	full1n	other				2631805	1	4500	2	0	4450
Picture	full1i	other				2645305	1	2500	2	0	2450
Picture	full1n	other				2657305	1	4167	2	0	4120
Picture	blue1i	false alarm	2	6295	2	2670638	1	4834	2	0	4790
Picture	full1n	other				2681805	1	2500	2	0	2450
Picture	full1i	other				2694805	1	4833	2	0	4790
Picture	full1n	other				2706138	1	3333	2	0	3290
Picture	full0n	other				2718804	2	3500	3	0	3450
Picture	full0i	other				2731471	1	3833	2	0	3790
Picture	full1i	other				2744804	1	4500	2	0	4450
Picture	full1n	other				2755637	2	2500	3	0	2450
Picture	full0n	other				2767304	1	4167	2	0	4120
Picture	full1i	other				2780304	1	4666	2	0	4620
Picture	blue0i	false alarm	2	5727	2	2792304	1	2500	2	0	2450
Picture	full0n	other				2804304	1	3499	3	0	3450
Picture	full0i	other				2815970	1	3167	2	0	3120
Picture	full0n	other				2826803	1	3000	2	0	2950
Picture	full1n	other				2839303	1	3333	3	0	3290
Picture	full1i	other				2852303	1	3000	2	0	2950
Picture	full0i	other				2864803	1	3000	2	0	2950
Picture	full0n	other				2878303	1	3666	2	0	3620
Picture	full0i	other				2891803	1	4000	2	0	3950
Picture	blue1n	false alarm	2	4860	2	2903969	1	4833	3	0	4790
Picture	full0n	other				2917469	1	2500	2	0	2450
Picture	full1i	other				2928802	1	4500	2	0	4450
Picture	full0i	other				2942135	2	3334	3	0	3290
Picture	full0n	other				2954802	1	4500	2	0	4450
Picture	full1n	other				2965635	1	4167	2	0	4120
Picture	full0i	other				2978968	2	3834	3	0	3790
Picture	full0n	other				2991968	2	4500	3	0	4450
Picture	full0i	other				3004135	1	2833	2	0	2790
Picture	full0n	other				3015801	1	3834	2	0	3790
Picture	full0i	other				3027468	1	4500	2	0	4450
Picture	full1i	other				3040468	1	3666	2	0	3620
Picture	full0n	other				3051801	1	4500	2	0	4450
Picture	full0i	other				3063134	1	4500	2	0	4450
Picture	full0n	other				3075301	1	4666	2	0	4620
Picture	full0i	other				3088801	1	3166	2	0	3120
Picture	blue0n	false alarm	2	3891	2	3102134	1	2666	2	0	2620
Picture	full1n	other				3113467	1	4667	2	0	4620
Picture	full1i	other				3125634	1	4999	3	0	4950
Picture	full0i	other				3137300	1	3500	2	0	3450
Picture	full0n	other				3150633	1	4834	2	0	4790
Picture	full1n	other				3162800	1	4500	2	0	4450
Picture	full1i	other				3175300	1	2666	2	0	2620
Picture	full0i	other				3187966	1	3167	2	0	3120
Picture	full1n	other				3200966	1	3167	2	0	3120
Picture	blue1i	false alarm	2	6790	3	3212633	1	3166	2	0	3120
Picture	full1n	other				3223799	1	3167	2	0	3120
Picture	full0n	other				3235966	1	3833	2	0	3790
Picture	full0i	other				3247966	1	4833	2	0	4790
Picture	full0n	other				3260132	1	4500	2	0	4450
Picture	full1i	other				3270965	1	4500	2	0	4450
Picture	full1n	other				3283132	1	5000	2	0	4950
Picture	full0i	other				3295298	2	2500	3	0	2450
Picture	full1i	other				3307465	1	4667	2	0	4620
Picture	full1n	other				3318798	1	3167	2	0	3120
Picture	full1i	other				3330465	1	4333	2	0	4290
Picture	full1n	other				3342631	1	3667	2	0	3620
Picture	full1i	other				3355131	1	2667	2	0	2620
Picture	blue0n	false alarm	2	5390	2	3367131	1	2833	2	0	2790
Picture	full1n	other				3378298	1	5000	2	0	4950
Picture	full0i	other				3389964	1	3333	2	0	3290
Picture	full1i	other				3401297	1	2834	2	0	2790
Picture	full1n	other				3413297	1	3834	2	0	3790
Picture	full1i	other				3424630	2	2834	3	0	2790
Picture	full0n	other				3435464	1	3333	2	0	3290
Picture	default	other				3446797	1	2666	3	0	2500
Picture	default	other				3466963	1	6767	2	0	2500
