Scenario - visual LTP Rap V4.0 HVC (based on combined block 1+2 from old 45 135 degree pilot)
Logfile written - 10/29/2015 16:21:45

Subject	Trial	Event Type	Code	Time	TTime	Uncertainty	Duration	Uncertainty	ReqTime	ReqDur

04_S0316_v0	1	Response	128	73015	82976	2
04_S0316_v0	3	Picture	full1n	83499	0	1	3120	49	0	3120
04_S0316_v0	4	Picture	full1i	94666	0	1	2790	46	0	2790
04_S0316_v0	5	Picture	full1n	107999	0	1	4450	53	0	4450
04_S0316_v0	6	Picture	full0n	121333	0	1	3450	52	0	3450
04_S0316_v0	7	Picture	full1i	132166	0	1	4790	46	0	4790
04_S0316_v0	8	Picture	full1n	144333	0	1	4290	45	0	4290
04_S0316_v0	9	Picture	full0i	156499	0	1	3450	53	0	3450
04_S0316_v0	10	Picture	full0n	168999	0	1	4120	49	0	4120
04_S0316_v0	11	Picture	blue0i	180666	0	1	2950	52	0	2950
04_S0316_v0	11	Response	10	185168	4502	1
04_S0316_v0	12	Picture	full1i	192833	0	1	3790	45	0	3790
04_S0316_v0	13	Picture	full0n	205833	0	1	4950	52	0	4950
04_S0316_v0	14	Picture	full0i	218499	0	1	4120	49	0	4120
04_S0316_v0	15	Picture	full1n	231999	0	1	4120	49	0	4120
04_S0316_v0	16	Picture	full1i	244666	0	1	3620	49	0	3620
04_S0316_v0	17	Picture	full1n	255999	0	1	4450	53	0	4450
04_S0316_v0	18	Picture	blue1i	268166	0	1	3290	46	0	3290
04_S0316_v0	18	Response	10	271967	3801	1
04_S0316_v0	19	Picture	full1n	280333	0	1	4290	45	0	4290
04_S0316_v0	20	Picture	full0n	292499	0	1	4620	49	0	4620
04_S0316_v0	21	Picture	full1i	304333	0	1	2450	52	0	2450
04_S0316_v0	22	Picture	full0i	316833	0	1	2950	52	0	2950
04_S0316_v0	23	Picture	full0n	330333	0	1	4950	52	0	4950
04_S0316_v0	24	Picture	full0i	343833	0	1	4450	52	0	4450
04_S0316_v0	25	Picture	full0n	356833	0	1	2950	52	0	2950
04_S0316_v0	26	Picture	full1n	369499	0	1	3290	46	0	3290
04_S0316_v0	27	Picture	blue1i	381333	0	1	3120	48	0	3120
04_S0316_v0	27	Response	10	385366	4033	1
04_S0316_v0	28	Picture	full0i	393999	0	1	3790	46	0	3790
04_S0316_v0	29	Picture	full0n	406499	0	1	4950	52	0	4950
04_S0316_v0	30	Picture	full0i	418333	0	1	2450	52	0	2450
04_S0316_v0	31	Picture	full1n	429666	0	1	4290	45	0	4290
04_S0316_v0	32	Picture	full1i	441833	0	1	2790	45	0	2790
04_S0316_v0	33	Picture	full0n	453499	0	1	2790	46	0	2790
04_S0316_v0	34	Picture	full1n	464333	0	1	4120	48	0	4120
04_S0316_v0	35	Picture	full1i	476499	0	1	3620	49	0	3620
04_S0316_v0	36	Picture	full1n	489499	0	1	3620	49	0	3620
04_S0316_v0	37	Picture	full0i	501666	0	1	4950	52	0	4950
04_S0316_v0	38	Picture	blue1i	512999	0	1	2790	46	0	2790
04_S0316_v0	38	Response	10	522065	9066	2
04_S0316_v0	39	Picture	full1n	524166	0	1	2950	52	0	2950
04_S0316_v0	40	Picture	full0n	536833	0	1	2790	45	0	2790
04_S0316_v0	41	Picture	full0i	547999	0	1	3950	52	0	3950
04_S0316_v0	42	Picture	full0n	560166	0	1	3620	49	0	3620
04_S0316_v0	43	Picture	full0i	573166	0	1	2790	45	0	2790
04_S0316_v0	44	Picture	full0n	586499	0	1	4290	46	0	4290
04_S0316_v0	45	Picture	full1i	599832	0	2	3620	50	0	3620
04_S0316_v0	46	Picture	full0i	612499	0	1	3620	49	0	3620
04_S0316_v0	47	Picture	full1n	623333	0	1	4450	52	0	4450
04_S0316_v0	48	Picture	full0n	635499	0	1	3120	49	0	3120
04_S0316_v0	49	Picture	full1i	647166	0	1	2950	52	0	2950
04_S0316_v0	50	Picture	blue0i	658999	0	1	3120	49	0	3120
04_S0316_v0	50	Response	10	662664	3665	2
04_S0316_v0	51	Picture	full0n	670666	0	1	3790	45	0	3790
04_S0316_v0	52	Picture	full0i	683166	0	1	2950	52	0	2950
04_S0316_v0	53	Picture	full0n	694832	0	2	4790	47	0	4790
04_S0316_v0	54	Picture	full1n	708166	0	1	2450	52	0	2450
04_S0316_v0	55	Picture	full1i	718999	0	1	2950	52	0	2950
04_S0316_v0	56	Picture	full0i	732499	0	1	2950	52	0	2950
04_S0316_v0	57	Picture	full0n	743832	0	2	3620	50	0	3620
04_S0316_v0	58	Picture	full1n	757166	0	1	3290	45	0	3290
04_S0316_v0	59	Picture	full1i	769332	0	2	4450	54	0	4450
04_S0316_v0	60	Picture	blue1n	781166	0	1	4120	49	0	4120
04_S0316_v0	60	Response	10	785564	4398	1
04_S0316_v0	61	Picture	full0i	793666	0	1	2620	49	0	2620
04_S0316_v0	62	Picture	full0n	806332	0	2	4620	50	0	4620
04_S0316_v0	63	Picture	full0i	818499	0	1	2620	49	0	2620
04_S0316_v0	64	Picture	full1i	831499	0	1	4620	49	0	4620
04_S0316_v0	65	Picture	full0n	843166	0	1	2790	45	0	2790
04_S0316_v0	66	Picture	full1n	855332	0	2	3950	54	0	3950
04_S0316_v0	67	Picture	full1i	868332	0	2	3450	54	0	3450
04_S0316_v0	68	Picture	full1n	880832	0	2	3950	54	0	3950
04_S0316_v0	69	Picture	full0i	892999	0	1	4450	52	0	4450
04_S0316_v0	70	Picture	blue0n	905166	0	1	2450	52	0	2450
04_S0316_v0	70	Response	10	909563	4397	1
04_S0316_v0	71	Picture	full0i	917332	0	2	4120	50	0	4120
04_S0316_v0	72	Picture	full0n	928166	0	1	4790	45	0	4790
04_S0316_v0	73	Picture	full0i	939332	0	2	2450	54	0	2450
04_S0316_v0	74	Picture	full0n	952332	0	2	4790	47	0	4790
04_S0316_v0	75	Picture	full0i	964999	0	1	3290	46	0	3290
04_S0316_v0	76	Picture	full1i	978499	0	1	3450	52	0	3450
04_S0316_v0	77	Picture	full1n	991166	0	1	3790	45	0	3790
04_S0316_v0	78	Picture	full0n	1004166	0	1	4450	52	0	4450
04_S0316_v0	79	Picture	full0i	1016332	0	2	2450	54	0	2450
04_S0316_v0	80	Picture	full1i	1027166	0	1	4120	49	0	4120
04_S0316_v0	81	Picture	blue0n	1040166	0	1	4620	49	0	4620
04_S0316_v0	81	Response	10	1043562	3396	1
04_S0316_v0	82	Picture	full1n	1051332	0	2	2450	54	0	2450
04_S0316_v0	83	Picture	full1i	1063832	0	2	3450	54	0	3450
04_S0316_v0	84	Picture	full1n	1074999	0	1	3120	49	0	3120
04_S0316_v0	85	Picture	full1i	1088332	0	1	2950	53	0	2950
04_S0316_v0	86	Picture	full0i	1099999	0	1	3290	46	0	3290
04_S0316_v0	87	Picture	full0n	1111666	0	1	2950	52	0	2950
04_S0316_v0	88	Picture	full1n	1124166	0	1	2950	52	0	2950
04_S0316_v0	89	Picture	full1i	1136332	0	2	3620	50	0	3620
04_S0316_v0	90	Picture	full1n	1149666	0	1	3950	52	0	3950
04_S0316_v0	91	Picture	full1i	1160999	0	1	4790	46	0	4790
04_S0316_v0	92	Picture	full1n	1174332	0	1	2450	53	0	2450
04_S0316_v0	93	Picture	full0i	1185666	0	1	4450	52	0	4450
04_S0316_v0	94	Picture	blue1i	1196999	0	1	3290	46	0	3290
04_S0316_v0	94	Response	10	1201461	4462	1
04_S0316_v0	95	Picture	full1n	1208832	0	2	4450	54	0	4450
04_S0316_v0	96	Picture	full0n	1222166	0	1	4120	49	0	4120
04_S0316_v0	97	Picture	full1i	1233832	0	1	3790	46	0	3790
04_S0316_v0	98	Picture	full1n	1244999	0	1	4450	52	0	4450
04_S0316_v0	99	Picture	full1i	1258332	0	1	2790	46	0	2790
04_S0316_v0	100	Picture	full1n	1269166	0	1	3790	45	0	3790
04_S0316_v0	101	Picture	full1i	1281332	0	1	4450	53	0	4450
04_S0316_v0	102	Picture	full0i	1292166	0	1	3620	49	0	3620
04_S0316_v0	103	Picture	blue1n	1303332	0	1	4450	53	0	4450
04_S0316_v0	103	Response	10	1307660	4328	1
04_S0316_v0	104	Picture	full1i	1314499	0	1	4450	52	0	4450
04_S0316_v0	105	Picture	full1n	1327999	0	1	4620	49	0	4620
04_S0316_v0	106	Picture	full1i	1339832	0	1	3120	49	0	3120
04_S0316_v0	107	Picture	full1n	1353332	0	1	2620	49	0	2620
04_S0316_v0	108	Picture	full0n	1365166	0	1	4620	49	0	4620
04_S0316_v0	109	Picture	full0i	1377332	0	1	4950	52	0	4950
04_S0316_v0	110	Picture	full1i	1389832	0	1	3450	52	0	3450
04_S0316_v0	111	Picture	full1n	1403332	0	1	4790	46	0	4790
04_S0316_v0	112	Picture	blue0n	1415832	0	1	4450	52	0	4450
04_S0316_v0	112	Response	10	1421759	5927	2
04_S0316_v0	113	Picture	full0i	1427166	0	1	2620	48	0	2620
04_S0316_v0	114	Picture	full1i	1438832	0	1	3120	49	0	3120
04_S0316_v0	115	Picture	full0n	1451499	0	1	3120	49	0	3120
04_S0316_v0	116	Picture	full0i	1462332	0	2	3120	50	0	3120
04_S0316_v0	117	Picture	full0n	1474166	0	1	3120	49	0	3120
04_S0316_v0	118	Picture	full1n	1487166	0	1	3790	45	0	3790
04_S0316_v0	119	Picture	full1i	1500666	0	1	4790	45	0	4790
04_S0316_v0	120	Picture	full1n	1513666	0	1	4450	52	0	4450
04_S0316_v0	121	Picture	blue0i	1524999	0	1	4450	52	0	4450
04_S0316_v0	121	Response	10	1528959	3960	1
04_S0316_v0	122	Picture	full0n	1536832	0	1	4950	52	0	4950
04_S0316_v0	123	Picture	full1i	1547999	0	1	2450	52	0	2450
04_S0316_v0	124	Picture	full0i	1560499	0	1	4620	49	0	4620
04_S0316_v0	125	Picture	full0n	1571832	0	1	3120	49	0	3120
04_S0316_v0	126	Picture	full0i	1583166	0	1	4290	45	0	4290
04_S0316_v0	127	Picture	full0n	1594832	0	1	3620	49	0	3620
04_S0316_v0	128	Picture	full0i	1606666	0	1	2620	48	0	2620
04_S0316_v0	129	Picture	blue1n	1620166	0	1	2790	45	0	2790
04_S0316_v0	129	Response	10	1624748	4582	1
04_S0316_v0	130	Picture	full0n	1633666	0	1	4950	52	0	4950
04_S0316_v0	131	Picture	full1i	1644832	0	1	3290	46	0	3290
04_S0316_v0	132	Picture	full0i	1657499	0	1	2790	45	0	2790
04_S0316_v0	133	Picture	full0n	1669166	0	1	3790	45	0	3790
04_S0316_v0	134	Picture	full0i	1681332	0	1	2790	46	0	2790
04_S0316_v0	135	Picture	full1n	1692166	0	1	3290	45	0	3290
04_S0316_v0	136	Picture	82	1703499	0	1	100000	169	0	next
04_S0316_v0	136	Picture	82	1803499	100000	168	10166	169	100000	next
04_S0316_v0	136	Picture	82	1813665	110166	1	10000	2	110000	next
04_S0316_v0	136	Picture	82	1823665	120166	1	10000	2	120000	next
04_S0316_v0	136	Picture	82	1833665	130166	1	10000	2	130000	next
04_S0316_v0	136	Picture	82	1843665	140166	1	10000	2	140000	next
04_S0316_v0	136	Picture	82	1853665	150166	1	10000	2	150000	next
04_S0316_v0	136	Picture	82	1863665	160166	1	10000	2	160000	next
04_S0316_v0	136	Picture	82	1873665	170166	1	10000	2	170000	next
04_S0316_v0	136	Picture	82	1883665	180166	1	10000	2	180000	next
04_S0316_v0	136	Picture	82	1893665	190166	1	9925	78	190000	10000
04_S0316_v0	137	Picture	full0n	1903590	0	77	3242	78	0	3120
04_S0316_v0	138	Picture	full0i	1915951	0	49	2881	50	0	2790
04_S0316_v0	139	Picture	full0n	1928841	0	159	4491	160	0	4450
04_S0316_v0	140	Picture	full1n	1940401	0	99	3598	100	0	3450
04_S0316_v0	141	Picture	blue0i	1953822	0	11	4843	13	0	4790
04_S0316_v0	141	Response	10	1957646	3824	1
04_S0316_v0	142	Picture	full0n	1965912	0	88	4420	89	0	4290
04_S0316_v0	143	Picture	full1i	1978273	0	60	3559	61	0	3450
04_S0316_v0	144	Picture	full1n	1989295	0	38	4204	39	0	4120
04_S0316_v0	145	Picture	full1i	2000586	0	81	3079	83	0	2950
04_S0316_v0	146	Picture	full0i	2012676	0	157	3823	158	0	3790
04_S0316_v0	147	Picture	full1n	2023696	0	137	4969	138	0	4950
04_S0316_v0	148	Picture	full1i	2036317	0	16	4182	17	0	4120
04_S0316_v0	149	Picture	blue0n	2048407	0	93	4258	94	0	4120
04_S0316_v0	149	Response	10	2052245	3838	2
04_S0316_v0	150	Picture	full0i	2061027	0	140	3638	141	0	3620
04_S0316_v0	151	Picture	full0n	2071788	0	45	4544	46	0	4450
04_S0316_v0	152	Picture	full0i	2084149	0	18	3350	19	0	3290
04_S0316_v0	153	Picture	full0n	2096509	0	158	4323	159	0	4290
04_S0316_v0	154	Picture	full1n	2108600	0	67	4732	68	0	4620
04_S0316_v0	155	Picture	full0i	2121761	0	72	2571	73	0	2450
04_S0316_v0	156	Picture	full1i	2132521	0	146	2978	147	0	2950
04_S0316_v0	157	Picture	full0n	2143541	0	126	4958	127	0	4950
04_S0316_v0	158	Picture	full1n	2156332	0	1	4500	2	0	4450
04_S0316_v0	159	Picture	blue1i	2169665	0	1	3000	2	0	2950
04_S0316_v0	159	Response	10	2173245	3580	1
04_S0316_v0	160	Picture	full0i	2181225	0	108	3440	109	0	3290
04_S0316_v0	161	Picture	full0n	2194646	0	21	3186	22	0	3120
04_S0316_v0	162	Picture	full1n	2207807	0	26	3858	27	0	3790
04_S0316_v0	163	Picture	full1i	2219897	0	103	5102	104	0	4950
04_S0316_v0	164	Picture	full1n	2231717	0	116	2615	117	0	2450
04_S0316_v0	165	Picture	full0i	2244877	0	123	4455	124	0	4290
04_S0316_v0	166	Picture	full0n	2258298	0	35	2867	36	0	2790
04_S0316_v0	167	Picture	full1i	2270832	0	1	2833	2	0	2790
04_S0316_v0	168	Picture	full0i	2283722	0	111	4277	112	0	4120
04_S0316_v0	168	Response	10	2288244	4522	1
04_S0316_v0	169	Picture	full0n	2295283	0	50	3716	51	0	3620
04_S0316_v0	170	Picture	full0i	2307104	0	63	3728	64	0	3620
04_S0316_v0	171	Picture	full1n	2320524	0	143	4975	144	0	4950
04_S0316_v0	172	Picture	full0n	2331285	0	48	2880	49	0	2790
04_S0316_v0	173	Picture	blue0i	2342575	0	91	3090	92	0	2950
04_S0316_v0	173	Response	10	2346743	4168	2
04_S0316_v0	174	Picture	full1i	2354395	0	105	2937	106	0	2790
04_S0316_v0	175	Picture	full1n	2365415	0	85	4084	86	0	3950
04_S0316_v0	176	Picture	full1i	2377505	0	161	3660	162	0	3620
04_S0316_v0	177	Picture	full1n	2389498	0	2	2834	3	0	2790
04_S0316_v0	178	Picture	blue1i	2401858	0	142	4307	143	0	4290
04_S0316_v0	178	Response	10	2406643	4785	1
04_S0316_v0	179	Picture	full0n	2413949	0	51	3716	52	0	3620
04_S0316_v0	180	Picture	full1n	2426839	0	161	3660	162	0	3620
04_S0316_v0	181	Picture	full0i	2437859	0	141	4473	142	0	4450
04_S0316_v0	182	Picture	full1i	2450480	0	20	3185	21	0	3120
04_S0316_v0	183	Picture	full0n	2463101	0	65	3064	66	0	2950
04_S0316_v0	184	Picture	full1n	2475721	0	112	3278	113	0	3120
04_S0316_v0	185	Picture	full1i	2487812	0	21	3853	22	0	3790
04_S0316_v0	186	Picture	full1n	2500702	0	131	2963	132	0	2950
04_S0316_v0	187	Picture	full1i	2514123	0	43	4875	45	0	4790
04_S0316_v0	188	Picture	full0i	2525683	0	150	2482	151	0	2450
04_S0316_v0	189	Picture	blue0n	2536974	0	26	3024	28	0	2950
04_S0316_v0	189	Response	10	2541142	4168	1
04_S0316_v0	190	Picture	full1n	2549064	0	102	3101	103	0	2950
04_S0316_v0	191	Picture	full1i	2561956	0	44	3709	45	0	3620
04_S0316_v0	192	Picture	full0i	2575376	0	124	3456	125	0	3290
04_S0316_v0	193	Picture	full0n	2586137	0	29	4528	30	0	4450
04_S0316_v0	194	Picture	full0i	2598758	0	75	4240	77	0	4120
04_S0316_v0	195	Picture	full1n	2609779	0	54	2719	56	0	2620
04_S0316_v0	196	Picture	full1i	2621869	0	131	4629	133	0	4620
04_S0316_v0	197	Picture	blue1n	2632889	0	111	2776	112	0	2620
04_S0316_v0	197	Response	10	2637742	4853	1
04_S0316_v0	198	Picture	full0n	2645249	0	84	4749	85	0	4620
04_S0316_v0	199	Picture	full1i	2658409	0	91	2923	92	0	2790
04_S0316_v0	200	Picture	full0i	2669170	0	163	3995	164	0	3950
04_S0316_v0	201	Picture	full0n	2681261	0	72	3571	73	0	3450
04_S0316_v0	202	Picture	full0i	2693081	0	85	4084	86	0	3950
04_S0316_v0	203	Picture	full1n	2704102	0	64	4563	65	0	4450
04_S0316_v0	204	Picture	full1i	2717522	0	144	2476	145	0	2450
04_S0316_v0	205	Picture	full1n	2729343	0	157	4155	158	0	4120
04_S0316_v0	206	Picture	blue1i	2742503	0	163	4829	164	0	4790
04_S0316_v0	206	Response	10	2747141	4638	1
04_S0316_v0	207	Picture	full1n	2753523	0	143	2475	144	0	2450
04_S0316_v0	208	Picture	full1i	2766413	0	87	4919	88	0	4790
04_S0316_v0	209	Picture	full1n	2777703	0	130	3462	131	0	3290
04_S0316_v0	210	Picture	full0n	2790324	0	9	3508	10	0	3450
04_S0316_v0	211	Picture	full0i	2802945	0	55	3887	56	0	3790
04_S0316_v0	212	Picture	full1i	2816106	0	60	4559	61	0	4450
04_S0316_v0	213	Picture	full1n	2826866	0	134	2466	135	0	2450
04_S0316_v0	214	Picture	full0n	2838427	0	73	4238	74	0	4120
04_S0316_v0	215	Picture	full1i	2851319	0	14	4679	15	0	4620
04_S0316_v0	216	Picture	blue0i	2863140	0	26	2525	27	0	2450
04_S0316_v0	216	Response	10	2868140	5000	1
04_S0316_v0	217	Picture	full0n	2874961	0	39	3537	40	0	3450
04_S0316_v0	218	Picture	full0i	2886521	0	145	3144	146	0	3120
04_S0316_v0	219	Picture	full0n	2897282	0	51	3050	52	0	2950
04_S0316_v0	220	Picture	full1n	2909643	0	23	3355	24	0	3290
04_S0316_v0	221	Picture	full1i	2922533	0	133	2965	134	0	2950
04_S0316_v0	222	Picture	full0i	2934893	0	107	3105	108	0	2950
04_S0316_v0	223	Picture	full0n	2948314	0	19	3684	20	0	3620
04_S0316_v0	224	Picture	full0i	2961734	0	99	4098	100	0	3950
04_S0316_v0	225	Picture	blue1n	2973998	0	1	4834	2	0	4790
04_S0316_v0	225	Response	10	2980929	6931	1
04_S0316_v0	226	Picture	full0n	2987419	0	81	2579	82	0	2450
04_S0316_v0	227	Picture	full1i	2998709	0	124	4456	125	0	4450
04_S0316_v0	228	Picture	full0i	3011869	0	130	3296	131	0	3290
04_S0316_v0	229	Picture	full0n	3024490	0	9	4508	10	0	4450
04_S0316_v0	230	Picture	full1n	3035250	0	83	4248	84	0	4120
04_S0316_v0	231	Picture	full0i	3048410	0	89	3921	91	0	3790
04_S0316_v0	232	Picture	full0n	3061301	0	32	4530	34	0	4450
04_S0316_v0	233	Picture	full0i	3073391	0	108	2940	110	0	2790
04_S0316_v0	234	Picture	full0n	3084952	0	47	3879	49	0	3790
04_S0316_v0	235	Picture	full0i	3096512	0	154	4486	155	0	4450
04_S0316_v0	236	Picture	full1i	3109402	0	97	3763	98	0	3620
04_S0316_v0	237	Picture	full0n	3120692	0	141	4473	142	0	4450
04_S0316_v0	238	Picture	full0i	3131983	0	16	4515	17	0	4450
04_S0316_v0	239	Picture	full0n	3144073	0	93	4758	95	0	4620
04_S0316_v0	240	Picture	full0i	3157665	0	1	3166	3	0	3120
04_S0316_v0	241	Picture	blue0n	3170998	0	1	2667	2	0	2620
04_S0316_v0	241	Response	10	3175328	4330	1
04_S0316_v0	242	Picture	full1n	3182289	0	44	4709	45	0	4620
04_S0316_v0	243	Picture	full1i	3194379	0	120	5119	121	0	4950
04_S0316_v0	244	Picture	full0i	3205940	0	59	3558	60	0	3450
04_S0316_v0	245	Picture	full0n	3219101	0	65	4897	66	0	4790
04_S0316_v0	246	Picture	full1n	3231191	0	142	4474	143	0	4450
04_S0316_v0	247	Picture	full1i	3243551	0	115	2780	116	0	2620
04_S0316_v0	248	Picture	full0i	3256171	0	162	3160	163	0	3120
04_S0316_v0	249	Picture	full1n	3269061	0	105	3270	106	0	3120
04_S0316_v0	250	Picture	blue1i	3280622	0	44	3209	45	0	3120
04_S0316_v0	250	Response	10	3285327	4705	1
04_S0316_v0	251	Picture	full1n	3291643	0	23	3188	24	0	3120
04_S0316_v0	252	Picture	full0n	3303733	0	100	3932	101	0	3790
04_S0316_v0	253	Picture	full0i	3315553	0	113	4945	114	0	4790
04_S0316_v0	254	Picture	full0n	3327644	0	22	4521	23	0	4450
04_S0316_v0	255	Picture	full1i	3338404	0	95	4594	96	0	4450
04_S0316_v0	256	Picture	full1n	3350665	0	1	5000	2	0	4950
04_S0316_v0	257	Picture	full0i	3362756	0	77	2575	78	0	2450
04_S0316_v0	258	Picture	full1i	3374846	0	153	4652	154	0	4620
04_S0316_v0	259	Picture	full1n	3386137	0	29	3194	30	0	3120
04_S0316_v0	260	Picture	full1i	3397697	0	136	4301	137	0	4290
04_S0316_v0	261	Picture	full1n	3409788	0	45	3710	46	0	3620
04_S0316_v0	262	Picture	full1i	3422149	0	17	2682	18	0	2620
04_S0316_v0	263	Picture	blue0n	3433970	0	29	2861	30	0	2790
04_S0316_v0	263	Response	10	3438026	4056	2
04_S0316_v0	264	Picture	full1n	3444991	0	8	5007	9	0	4950
04_S0316_v0	265	Picture	full0i	3456551	0	115	3447	116	0	3290
04_S0316_v0	266	Picture	full1i	3467841	0	158	2824	159	0	2790
04_S0316_v0	267	Picture	full1n	3479831	0	1	3833	3	0	3790
04_S0316_v0	268	Picture	full1i	3491122	0	44	2876	45	0	2790
04_S0316_v0	269	Picture	full0n	3501882	0	117	3449	118	0	3290
04_S0316_v0	270	Picture	default	3513172	0	160	2659	161	0	2500
04_S0316_v0	271	Picture	default	3533263	0	69	6706	70	0	2500


Event Type	Code	Type	Response	RT	RT Uncertainty	Time	Uncertainty	Duration	Uncertainty	ReqTime	ReqDur

Picture	full1n	other				83499	1	3120	49	0	3120
Picture	full1i	other				94666	1	2790	46	0	2790
Picture	full1n	other				107999	1	4450	53	0	4450
Picture	full0n	other				121333	1	3450	52	0	3450
Picture	full1i	other				132166	1	4790	46	0	4790
Picture	full1n	other				144333	1	4290	45	0	4290
Picture	full0i	other				156499	1	3450	53	0	3450
Picture	full0n	other				168999	1	4120	49	0	4120
Picture	blue0i	false alarm	2	4502	2	180666	1	2950	52	0	2950
Picture	full1i	other				192833	1	3790	45	0	3790
Picture	full0n	other				205833	1	4950	52	0	4950
Picture	full0i	other				218499	1	4120	49	0	4120
Picture	full1n	other				231999	1	4120	49	0	4120
Picture	full1i	other				244666	1	3620	49	0	3620
Picture	full1n	other				255999	1	4450	53	0	4450
Picture	blue1i	false alarm	2	3801	2	268166	1	3290	46	0	3290
Picture	full1n	other				280333	1	4290	45	0	4290
Picture	full0n	other				292499	1	4620	49	0	4620
Picture	full1i	other				304333	1	2450	52	0	2450
Picture	full0i	other				316833	1	2950	52	0	2950
Picture	full0n	other				330333	1	4950	52	0	4950
Picture	full0i	other				343833	1	4450	52	0	4450
Picture	full0n	other				356833	1	2950	52	0	2950
Picture	full1n	other				369499	1	3290	46	0	3290
Picture	blue1i	false alarm	2	4033	2	381333	1	3120	48	0	3120
Picture	full0i	other				393999	1	3790	46	0	3790
Picture	full0n	other				406499	1	4950	52	0	4950
Picture	full0i	other				418333	1	2450	52	0	2450
Picture	full1n	other				429666	1	4290	45	0	4290
Picture	full1i	other				441833	1	2790	45	0	2790
Picture	full0n	other				453499	1	2790	46	0	2790
Picture	full1n	other				464333	1	4120	48	0	4120
Picture	full1i	other				476499	1	3620	49	0	3620
Picture	full1n	other				489499	1	3620	49	0	3620
Picture	full0i	other				501666	1	4950	52	0	4950
Picture	blue1i	false alarm	2	9066	3	512999	1	2790	46	0	2790
Picture	full1n	other				524166	1	2950	52	0	2950
Picture	full0n	other				536833	1	2790	45	0	2790
Picture	full0i	other				547999	1	3950	52	0	3950
Picture	full0n	other				560166	1	3620	49	0	3620
Picture	full0i	other				573166	1	2790	45	0	2790
Picture	full0n	other				586499	1	4290	46	0	4290
Picture	full1i	other				599832	2	3620	50	0	3620
Picture	full0i	other				612499	1	3620	49	0	3620
Picture	full1n	other				623333	1	4450	52	0	4450
Picture	full0n	other				635499	1	3120	49	0	3120
Picture	full1i	other				647166	1	2950	52	0	2950
Picture	blue0i	false alarm	2	3665	3	658999	1	3120	49	0	3120
Picture	full0n	other				670666	1	3790	45	0	3790
Picture	full0i	other				683166	1	2950	52	0	2950
Picture	full0n	other				694832	2	4790	47	0	4790
Picture	full1n	other				708166	1	2450	52	0	2450
Picture	full1i	other				718999	1	2950	52	0	2950
Picture	full0i	other				732499	1	2950	52	0	2950
Picture	full0n	other				743832	2	3620	50	0	3620
Picture	full1n	other				757166	1	3290	45	0	3290
Picture	full1i	other				769332	2	4450	54	0	4450
Picture	blue1n	false alarm	2	4398	2	781166	1	4120	49	0	4120
Picture	full0i	other				793666	1	2620	49	0	2620
Picture	full0n	other				806332	2	4620	50	0	4620
Picture	full0i	other				818499	1	2620	49	0	2620
Picture	full1i	other				831499	1	4620	49	0	4620
Picture	full0n	other				843166	1	2790	45	0	2790
Picture	full1n	other				855332	2	3950	54	0	3950
Picture	full1i	other				868332	2	3450	54	0	3450
Picture	full1n	other				880832	2	3950	54	0	3950
Picture	full0i	other				892999	1	4450	52	0	4450
Picture	blue0n	false alarm	2	4397	2	905166	1	2450	52	0	2450
Picture	full0i	other				917332	2	4120	50	0	4120
Picture	full0n	other				928166	1	4790	45	0	4790
Picture	full0i	other				939332	2	2450	54	0	2450
Picture	full0n	other				952332	2	4790	47	0	4790
Picture	full0i	other				964999	1	3290	46	0	3290
Picture	full1i	other				978499	1	3450	52	0	3450
Picture	full1n	other				991166	1	3790	45	0	3790
Picture	full0n	other				1004166	1	4450	52	0	4450
Picture	full0i	other				1016332	2	2450	54	0	2450
Picture	full1i	other				1027166	1	4120	49	0	4120
Picture	blue0n	false alarm	2	3396	2	1040166	1	4620	49	0	4620
Picture	full1n	other				1051332	2	2450	54	0	2450
Picture	full1i	other				1063832	2	3450	54	0	3450
Picture	full1n	other				1074999	1	3120	49	0	3120
Picture	full1i	other				1088332	1	2950	53	0	2950
Picture	full0i	other				1099999	1	3290	46	0	3290
Picture	full0n	other				1111666	1	2950	52	0	2950
Picture	full1n	other				1124166	1	2950	52	0	2950
Picture	full1i	other				1136332	2	3620	50	0	3620
Picture	full1n	other				1149666	1	3950	52	0	3950
Picture	full1i	other				1160999	1	4790	46	0	4790
Picture	full1n	other				1174332	1	2450	53	0	2450
Picture	full0i	other				1185666	1	4450	52	0	4450
Picture	blue1i	false alarm	2	4462	2	1196999	1	3290	46	0	3290
Picture	full1n	other				1208832	2	4450	54	0	4450
Picture	full0n	other				1222166	1	4120	49	0	4120
Picture	full1i	other				1233832	1	3790	46	0	3790
Picture	full1n	other				1244999	1	4450	52	0	4450
Picture	full1i	other				1258332	1	2790	46	0	2790
Picture	full1n	other				1269166	1	3790	45	0	3790
Picture	full1i	other				1281332	1	4450	53	0	4450
Picture	full0i	other				1292166	1	3620	49	0	3620
Picture	blue1n	false alarm	2	4328	2	1303332	1	4450	53	0	4450
Picture	full1i	other				1314499	1	4450	52	0	4450
Picture	full1n	other				1327999	1	4620	49	0	4620
Picture	full1i	other				1339832	1	3120	49	0	3120
Picture	full1n	other				1353332	1	2620	49	0	2620
Picture	full0n	other				1365166	1	4620	49	0	4620
Picture	full0i	other				1377332	1	4950	52	0	4950
Picture	full1i	other				1389832	1	3450	52	0	3450
Picture	full1n	other				1403332	1	4790	46	0	4790
Picture	blue0n	false alarm	2	5927	3	1415832	1	4450	52	0	4450
Picture	full0i	other				1427166	1	2620	48	0	2620
Picture	full1i	other				1438832	1	3120	49	0	3120
Picture	full0n	other				1451499	1	3120	49	0	3120
Picture	full0i	other				1462332	2	3120	50	0	3120
Picture	full0n	other				1474166	1	3120	49	0	3120
Picture	full1n	other				1487166	1	3790	45	0	3790
Picture	full1i	other				1500666	1	4790	45	0	4790
Picture	full1n	other				1513666	1	4450	52	0	4450
Picture	blue0i	false alarm	2	3960	2	1524999	1	4450	52	0	4450
Picture	full0n	other				1536832	1	4950	52	0	4950
Picture	full1i	other				1547999	1	2450	52	0	2450
Picture	full0i	other				1560499	1	4620	49	0	4620
Picture	full0n	other				1571832	1	3120	49	0	3120
Picture	full0i	other				1583166	1	4290	45	0	4290
Picture	full0n	other				1594832	1	3620	49	0	3620
Picture	full0i	other				1606666	1	2620	48	0	2620
Picture	blue1n	false alarm	2	4582	2	1620166	1	2790	45	0	2790
Picture	full0n	other				1633666	1	4950	52	0	4950
Picture	full1i	other				1644832	1	3290	46	0	3290
Picture	full0i	other				1657499	1	2790	45	0	2790
Picture	full0n	other				1669166	1	3790	45	0	3790
Picture	full0i	other				1681332	1	2790	46	0	2790
Picture	full1n	other				1692166	1	3290	45	0	3290
Picture	82	other				1703499	1	100000	169	0	next
Picture	82	other				1803499	168	10166	169	100000	next
Picture	82	other				1813665	1	10000	2	110000	next
Picture	82	other				1823665	1	10000	2	120000	next
Picture	82	other				1833665	1	10000	2	130000	next
Picture	82	other				1843665	1	10000	2	140000	next
Picture	82	other				1853665	1	10000	2	150000	next
Picture	82	other				1863665	1	10000	2	160000	next
Picture	82	other				1873665	1	10000	2	170000	next
Picture	82	other				1883665	1	10000	2	180000	next
Picture	82	other				1893665	1	9925	78	190000	10000
Picture	full0n	other				1903590	77	3242	78	0	3120
Picture	full0i	other				1915951	49	2881	50	0	2790
Picture	full0n	other				1928841	159	4491	160	0	4450
Picture	full1n	other				1940401	99	3598	100	0	3450
Picture	blue0i	false alarm	2	3824	12	1953822	11	4843	13	0	4790
Picture	full0n	other				1965912	88	4420	89	0	4290
Picture	full1i	other				1978273	60	3559	61	0	3450
Picture	full1n	other				1989295	38	4204	39	0	4120
Picture	full1i	other				2000586	81	3079	83	0	2950
Picture	full0i	other				2012676	157	3823	158	0	3790
Picture	full1n	other				2023696	137	4969	138	0	4950
Picture	full1i	other				2036317	16	4182	17	0	4120
Picture	blue0n	false alarm	2	3838	95	2048407	93	4258	94	0	4120
Picture	full0i	other				2061027	140	3638	141	0	3620
Picture	full0n	other				2071788	45	4544	46	0	4450
Picture	full0i	other				2084149	18	3350	19	0	3290
Picture	full0n	other				2096509	158	4323	159	0	4290
Picture	full1n	other				2108600	67	4732	68	0	4620
Picture	full0i	other				2121761	72	2571	73	0	2450
Picture	full1i	other				2132521	146	2978	147	0	2950
Picture	full0n	other				2143541	126	4958	127	0	4950
Picture	full1n	other				2156332	1	4500	2	0	4450
Picture	blue1i	false alarm	2	3580	2	2169665	1	3000	2	0	2950
Picture	full0i	other				2181225	108	3440	109	0	3290
Picture	full0n	other				2194646	21	3186	22	0	3120
Picture	full1n	other				2207807	26	3858	27	0	3790
Picture	full1i	other				2219897	103	5102	104	0	4950
Picture	full1n	other				2231717	116	2615	117	0	2450
Picture	full0i	other				2244877	123	4455	124	0	4290
Picture	full0n	other				2258298	35	2867	36	0	2790
Picture	full1i	other				2270832	1	2833	2	0	2790
Picture	full0i	other				2283722	111	4277	112	0	4120
Picture	full0n	other				2295283	50	3716	51	0	3620
Picture	full0i	other				2307104	63	3728	64	0	3620
Picture	full1n	other				2320524	143	4975	144	0	4950
Picture	full0n	other				2331285	48	2880	49	0	2790
Picture	blue0i	false alarm	2	4168	93	2342575	91	3090	92	0	2950
Picture	full1i	other				2354395	105	2937	106	0	2790
Picture	full1n	other				2365415	85	4084	86	0	3950
Picture	full1i	other				2377505	161	3660	162	0	3620
Picture	full1n	other				2389498	2	2834	3	0	2790
Picture	blue1i	false alarm	2	4785	143	2401858	142	4307	143	0	4290
Picture	full0n	other				2413949	51	3716	52	0	3620
Picture	full1n	other				2426839	161	3660	162	0	3620
Picture	full0i	other				2437859	141	4473	142	0	4450
Picture	full1i	other				2450480	20	3185	21	0	3120
Picture	full0n	other				2463101	65	3064	66	0	2950
Picture	full1n	other				2475721	112	3278	113	0	3120
Picture	full1i	other				2487812	21	3853	22	0	3790
Picture	full1n	other				2500702	131	2963	132	0	2950
Picture	full1i	other				2514123	43	4875	45	0	4790
Picture	full0i	other				2525683	150	2482	151	0	2450
Picture	blue0n	false alarm	2	4168	27	2536974	26	3024	28	0	2950
Picture	full1n	other				2549064	102	3101	103	0	2950
Picture	full1i	other				2561956	44	3709	45	0	3620
Picture	full0i	other				2575376	124	3456	125	0	3290
Picture	full0n	other				2586137	29	4528	30	0	4450
Picture	full0i	other				2598758	75	4240	77	0	4120
Picture	full1n	other				2609779	54	2719	56	0	2620
Picture	full1i	other				2621869	131	4629	133	0	4620
Picture	blue1n	false alarm	2	4853	112	2632889	111	2776	112	0	2620
Picture	full0n	other				2645249	84	4749	85	0	4620
Picture	full1i	other				2658409	91	2923	92	0	2790
Picture	full0i	other				2669170	163	3995	164	0	3950
Picture	full0n	other				2681261	72	3571	73	0	3450
Picture	full0i	other				2693081	85	4084	86	0	3950
Picture	full1n	other				2704102	64	4563	65	0	4450
Picture	full1i	other				2717522	144	2476	145	0	2450
Picture	full1n	other				2729343	157	4155	158	0	4120
Picture	blue1i	false alarm	2	4638	164	2742503	163	4829	164	0	4790
Picture	full1n	other				2753523	143	2475	144	0	2450
Picture	full1i	other				2766413	87	4919	88	0	4790
Picture	full1n	other				2777703	130	3462	131	0	3290
Picture	full0n	other				2790324	9	3508	10	0	3450
Picture	full0i	other				2802945	55	3887	56	0	3790
Picture	full1i	other				2816106	60	4559	61	0	4450
Picture	full1n	other				2826866	134	2466	135	0	2450
Picture	full0n	other				2838427	73	4238	74	0	4120
Picture	full1i	other				2851319	14	4679	15	0	4620
Picture	blue0i	false alarm	2	5000	27	2863140	26	2525	27	0	2450
Picture	full0n	other				2874961	39	3537	40	0	3450
Picture	full0i	other				2886521	145	3144	146	0	3120
Picture	full0n	other				2897282	51	3050	52	0	2950
Picture	full1n	other				2909643	23	3355	24	0	3290
Picture	full1i	other				2922533	133	2965	134	0	2950
Picture	full0i	other				2934893	107	3105	108	0	2950
Picture	full0n	other				2948314	19	3684	20	0	3620
Picture	full0i	other				2961734	99	4098	100	0	3950
Picture	blue1n	false alarm	2	6931	2	2973998	1	4834	2	0	4790
Picture	full0n	other				2987419	81	2579	82	0	2450
Picture	full1i	other				2998709	124	4456	125	0	4450
Picture	full0i	other				3011869	130	3296	131	0	3290
Picture	full0n	other				3024490	9	4508	10	0	4450
Picture	full1n	other				3035250	83	4248	84	0	4120
Picture	full0i	other				3048410	89	3921	91	0	3790
Picture	full0n	other				3061301	32	4530	34	0	4450
Picture	full0i	other				3073391	108	2940	110	0	2790
Picture	full0n	other				3084952	47	3879	49	0	3790
Picture	full0i	other				3096512	154	4486	155	0	4450
Picture	full1i	other				3109402	97	3763	98	0	3620
Picture	full0n	other				3120692	141	4473	142	0	4450
Picture	full0i	other				3131983	16	4515	17	0	4450
Picture	full0n	other				3144073	93	4758	95	0	4620
Picture	full0i	other				3157665	1	3166	3	0	3120
Picture	blue0n	false alarm	2	4330	2	3170998	1	2667	2	0	2620
Picture	full1n	other				3182289	44	4709	45	0	4620
Picture	full1i	other				3194379	120	5119	121	0	4950
Picture	full0i	other				3205940	59	3558	60	0	3450
Picture	full0n	other				3219101	65	4897	66	0	4790
Picture	full1n	other				3231191	142	4474	143	0	4450
Picture	full1i	other				3243551	115	2780	116	0	2620
Picture	full0i	other				3256171	162	3160	163	0	3120
Picture	full1n	other				3269061	105	3270	106	0	3120
Picture	blue1i	false alarm	2	4705	45	3280622	44	3209	45	0	3120
Picture	full1n	other				3291643	23	3188	24	0	3120
Picture	full0n	other				3303733	100	3932	101	0	3790
Picture	full0i	other				3315553	113	4945	114	0	4790
Picture	full0n	other				3327644	22	4521	23	0	4450
Picture	full1i	other				3338404	95	4594	96	0	4450
Picture	full1n	other				3350665	1	5000	2	0	4950
Picture	full0i	other				3362756	77	2575	78	0	2450
Picture	full1i	other				3374846	153	4652	154	0	4620
Picture	full1n	other				3386137	29	3194	30	0	3120
Picture	full1i	other				3397697	136	4301	137	0	4290
Picture	full1n	other				3409788	45	3710	46	0	3620
Picture	full1i	other				3422149	17	2682	18	0	2620
Picture	blue0n	false alarm	2	4056	31	3433970	29	2861	30	0	2790
Picture	full1n	other				3444991	8	5007	9	0	4950
Picture	full0i	other				3456551	115	3447	116	0	3290
Picture	full1i	other				3467841	158	2824	159	0	2790
Picture	full1n	other				3479831	1	3833	3	0	3790
Picture	full1i	other				3491122	44	2876	45	0	2790
Picture	full0n	other				3501882	117	3449	118	0	3290
Picture	default	other				3513172	160	2659	161	0	2500
Picture	default	other				3533263	69	6706	70	0	2500
