Scenario - visual LTP Rap V4.0 HVB (based on combined block 1+2 from old 45 135 degree pilot)
Logfile written - 10/08/2015 16:38:05

Subject	Trial	Event Type	Code	Time	TTime	Uncertainty	Duration	Uncertainty	ReqTime	ReqDur

04_S0311_v0	1	Response	128	-3378	6455	1
04_S0311_v0	3	Picture	full1n	7166	0	1	4667	2	0	4620
04_S0311_v0	4	Picture	full0n	18832	0	2	2667	3	0	2620
04_S0311_v0	5	Picture	full0i	30666	0	1	4333	2	0	4290
04_S0311_v0	6	Picture	blue0n	43666	0	1	2666	2	0	2620
04_S0311_v0	6	Response	10	49625	5959	2
04_S0311_v0	7	Picture	full1i	55832	0	1	4000	2	0	3950
04_S0311_v0	8	Picture	full1n	66999	0	1	2500	2	0	2450
04_S0311_v0	9	Picture	full0i	78332	0	1	4833	2	0	4790
04_S0311_v0	10	Picture	full1i	89165	0	1	2500	2	0	2450
04_S0311_v0	11	Picture	full0n	101332	0	1	2833	2	0	2790
04_S0311_v0	12	Picture	full1n	114831	0	2	4667	3	0	4620
04_S0311_v0	13	Picture	full1i	126998	0	1	4833	2	0	4790
04_S0311_v0	14	Picture	full1n	137831	0	1	4167	2	0	4120
04_S0311_v0	15	Picture	full1i	150831	0	1	4667	2	0	4620
04_S0311_v0	16	Picture	full0i	164164	0	1	4000	2	0	3950
04_S0311_v0	17	Picture	blue0n	176831	0	1	3000	2	0	2950
04_S0311_v0	17	Response	10	181823	4992	1
04_S0311_v0	18	Picture	full0i	188997	0	1	4334	2	0	4290
04_S0311_v0	19	Picture	full0n	199831	0	1	4166	2	0	4120
04_S0311_v0	20	Picture	full1n	212497	0	1	3167	2	0	3120
04_S0311_v0	21	Picture	full0i	223664	0	1	3833	2	0	3790
04_S0311_v0	22	Picture	full0n	236664	0	1	4166	2	0	4120
04_S0311_v0	23	Picture	full1i	248330	0	1	2500	2	0	2450
04_S0311_v0	24	Picture	full1n	260163	0	1	4167	2	0	4120
04_S0311_v0	25	Picture	full0i	270996	0	2	3000	3	0	2950
04_S0311_v0	26	Picture	full0n	283663	0	1	2833	2	0	2790
04_S0311_v0	27	Picture	full0i	295496	0	1	3167	2	0	3120
04_S0311_v0	28	Picture	full1i	307163	0	1	4833	2	0	4790
04_S0311_v0	29	Picture	blue1n	318496	0	1	4167	2	0	4120
04_S0311_v0	29	Response	10	323821	5325	1
04_S0311_v0	30	Picture	full0n	330163	0	1	4999	3	0	4950
04_S0311_v0	31	Picture	full1i	342329	0	1	4500	2	0	4450
04_S0311_v0	32	Picture	full1n	353662	0	1	4500	2	0	4450
04_S0311_v0	33	Picture	full1i	364995	0	2	4167	3	0	4120
04_S0311_v0	34	Picture	full1n	378495	0	1	4500	2	0	4450
04_S0311_v0	35	Picture	full0i	391495	0	1	2500	2	0	2450
04_S0311_v0	36	Picture	full0n	402828	0	2	4000	3	0	3950
04_S0311_v0	37	Picture	full0i	415495	0	1	4833	2	0	4790
04_S0311_v0	38	Picture	full1i	427162	0	1	2833	2	0	2790
04_S0311_v0	39	Picture	full1n	440495	0	1	4333	2	0	4290
04_S0311_v0	40	Picture	full1i	452661	0	1	3334	2	0	3290
04_S0311_v0	41	Picture	full1n	465161	0	1	5000	2	0	4950
04_S0311_v0	42	Picture	full0n	477661	0	1	3167	2	0	3120
04_S0311_v0	42	Response	10	482418	4757	1
04_S0311_v0	43	Picture	full0i	489328	0	1	3999	3	0	3950
04_S0311_v0	44	Picture	full0n	502827	0	2	4000	3	0	3950
04_S0311_v0	45	Picture	blue1i	516327	0	1	4834	2	0	4790
04_S0311_v0	45	Response	10	521117	4790	42
04_S0311_v0	46	Picture	full0i	528160	0	2	3000	3	0	2950
04_S0311_v0	47	Picture	full1n	541160	0	1	3167	2	0	3120
04_S0311_v0	48	Picture	full1i	554493	0	2	3334	3	0	3290
04_S0311_v0	49	Picture	full0n	567160	0	1	2833	2	0	2790
04_S0311_v0	50	Picture	blue1n	578493	0	1	4167	2	0	4120
04_S0311_v0	51	Picture	full1i	589660	0	1	3666	2	0	3620
04_S0311_v0	52	Picture	blue0i	600493	0	1	3833	2	0	3790
04_S0311_v0	52	Response	10	608616	8123	1
04_S0311_v0	53	Picture	full1n	611660	0	1	3000	2	0	2950
04_S0311_v0	54	Picture	full1i	623493	0	1	4833	2	0	4790
04_S0311_v0	55	Picture	full1n	635659	0	1	4500	2	0	4450
04_S0311_v0	56	Picture	full1i	647493	0	1	4499	3	0	4450
04_S0311_v0	57	Picture	blue1n	659992	0	2	3167	3	0	3120
04_S0311_v0	57	Response	10	665315	5323	1
04_S0311_v0	58	Picture	full0n	671326	0	1	4500	2	0	4450
04_S0311_v0	59	Picture	full1i	682992	0	1	3167	2	0	3120
04_S0311_v0	60	Picture	full1n	694325	0	1	3500	2	0	3450
04_S0311_v0	61	Picture	full1i	705159	0	1	4333	2	0	4290
04_S0311_v0	62	Picture	full1n	716325	0	1	3000	2	0	2950
04_S0311_v0	63	Picture	full1i	727658	0	1	3500	2	0	3450
04_S0311_v0	64	Picture	blue1n	739492	0	1	3333	2	0	3290
04_S0311_v0	64	Response	10	744814	5322	1
04_S0311_v0	65	Picture	full0i	751991	0	2	3167	3	0	3120
04_S0311_v0	66	Picture	full1i	765325	0	1	4666	2	0	4620
04_S0311_v0	67	Picture	full0n	777491	0	1	2667	2	0	2620
04_S0311_v0	68	Picture	full1n	790491	0	1	3667	2	0	3620
04_S0311_v0	69	Picture	full1i	802158	0	1	4833	2	0	4790
04_S0311_v0	70	Picture	full1n	812991	0	1	3333	2	0	3290
04_S0311_v0	71	Picture	full1i	825157	0	1	3834	2	0	3790
04_S0311_v0	72	Picture	full0i	836324	0	1	3833	2	0	3790
04_S0311_v0	73	Picture	full1n	849824	0	1	4500	2	0	4450
04_S0311_v0	74	Picture	full0n	862324	0	1	4833	2	0	4790
04_S0311_v0	75	Picture	full1i	873157	0	1	2666	2	0	2620
04_S0311_v0	76	Picture	full0i	884823	0	1	4500	2	0	4450
04_S0311_v0	77	Picture	full1n	896990	0	1	4333	2	0	4290
04_S0311_v0	78	Picture	full0n	909156	0	2	3834	3	0	3790
04_S0311_v0	79	Picture	blue0i	921656	0	1	2834	2	0	2790
04_S0311_v0	80	Picture	full0n	935156	0	1	4167	2	0	4120
04_S0311_v0	81	Picture	full0i	947323	0	1	2500	2	0	2450
04_S0311_v0	82	Picture	full1i	960323	0	1	4833	2	0	4790
04_S0311_v0	83	Picture	full1n	971489	0	1	2833	2	0	2790
04_S0311_v0	84	Picture	full1i	984156	0	1	4000	2	0	3950
04_S0311_v0	85	Picture	full0n	997656	0	1	3833	2	0	3790
04_S0311_v0	86	Picture	full1n	1008989	0	1	4666	2	0	4620
04_S0311_v0	87	Picture	full1i	1020822	0	1	4000	2	0	3950
04_S0311_v0	88	Picture	full1n	1031988	0	2	3167	3	0	3120
04_S0311_v0	89	Picture	full0i	1045488	0	1	3834	2	0	3790
04_S0311_v0	90	Picture	full1i	1058822	0	1	2499	3	0	2450
04_S0311_v0	91	Picture	full0n	1070988	0	1	4333	2	0	4290
04_S0311_v0	92	Picture	full0i	1083988	0	1	4000	2	0	3950
04_S0311_v0	93	Picture	full0n	1096154	0	2	4167	3	0	4120
04_S0311_v0	94	Picture	full1n	1108321	0	1	4167	2	0	4120
04_S0311_v0	95	Picture	full0i	1121654	0	1	4333	3	0	4290
04_S0311_v0	96	Picture	blue1i	1133321	0	1	4000	2	0	3950
04_S0311_v0	96	Response	10	1138207	4886	1
04_S0311_v0	97	Picture	full0n	1144487	0	1	2834	2	0	2790
04_S0311_v0	98	Picture	full1n	1155821	0	1	4166	2	0	4120
04_S0311_v0	99	Picture	full0i	1168487	0	1	3167	2	0	3120
04_S0311_v0	100	Picture	full0n	1181154	0	1	3666	2	0	3620
04_S0311_v0	101	Picture	full1i	1194153	0	2	3834	3	0	3790
04_S0311_v0	102	Picture	full0i	1207653	0	1	3500	2	0	3450
04_S0311_v0	103	Picture	full0n	1220153	0	1	2500	2	0	2450
04_S0311_v0	104	Picture	full0i	1231820	0	1	2833	2	0	2790
04_S0311_v0	105	Picture	full0n	1243153	0	1	3500	2	0	3450
04_S0311_v0	106	Picture	full0i	1255653	0	1	3000	2	0	2950
04_S0311_v0	107	Picture	full1n	1267819	0	1	5000	2	0	4950
04_S0311_v0	108	Picture	full0n	1279986	0	1	4333	2	0	4290
04_S0311_v0	109	Picture	full0i	1292486	0	1	4833	2	0	4790
04_S0311_v0	110	Picture	full0n	1305986	0	1	3500	2	0	3450
04_S0311_v0	111	Picture	blue0i	1317819	0	1	3833	2	0	3790
04_S0311_v0	111	Response	10	1323304	5485	1
04_S0311_v0	112	Picture	full0n	1329985	0	1	3334	2	0	3290
04_S0311_v0	113	Picture	full0i	1343319	0	1	2999	3	0	2950
04_S0311_v0	114	Picture	full1i	1354485	0	1	2667	2	0	2620
04_S0311_v0	115	Picture	full1n	1367818	0	1	3334	2	0	3290
04_S0311_v0	116	Picture	full0n	1381151	0	2	4834	3	0	4790
04_S0311_v0	117	Picture	full1i	1394651	0	1	4334	2	0	4290
04_S0311_v0	118	Picture	full1n	1406818	0	1	3833	2	0	3790
04_S0311_v0	119	Picture	full1i	1418651	0	1	4000	2	0	3950
04_S0311_v0	120	Picture	full1n	1429484	0	1	3167	2	0	3120
04_S0311_v0	121	Picture	blue0i	1441651	0	1	4333	2	0	4290
04_S0311_v0	121	Response	10	1447391	5740	2
04_S0311_v0	122	Picture	full0n	1453484	0	1	3000	2	0	2950
04_S0311_v0	123	Picture	full0i	1465984	0	1	4333	2	0	4290
04_S0311_v0	124	Picture	full1i	1479317	0	1	2667	2	0	2620
04_S0311_v0	125	Picture	full0n	1490150	0	1	4167	2	0	4120
04_S0311_v0	126	Picture	full0i	1502317	0	1	4833	2	0	4790
04_S0311_v0	127	Picture	full0n	1514983	0	2	2667	3	0	2620
04_S0311_v0	128	Picture	full0i	1527983	0	1	3167	2	0	3120
04_S0311_v0	129	Picture	full0n	1540983	0	1	4833	2	0	4790
04_S0311_v0	130	Picture	full0i	1553150	0	1	3666	2	0	3620
04_S0311_v0	131	Picture	blue1n	1565650	0	1	4499	3	0	4450
04_S0311_v0	131	Response	10	1570689	5039	1
04_S0311_v0	132	Picture	full0n	1578316	0	1	4167	2	0	4120
04_S0311_v0	133	Picture	full0i	1590983	0	1	4666	2	0	4620
04_S0311_v0	134	Picture	full1i	1604316	0	1	4333	2	0	4290
04_S0311_v0	135	Picture	full1n	1615982	0	1	3667	2	0	3620
04_S0311_v0	136	Picture	82	1626982	0	1	100166	2	0	next
04_S0311_v0	136	Picture	82	1727148	100166	1	10000	2	100000	next
04_S0311_v0	136	Picture	82	1737148	110166	1	10000	2	110000	next
04_S0311_v0	136	Picture	82	1747148	120166	1	10000	2	120000	next
04_S0311_v0	136	Picture	82	1757148	130166	1	9999	2	130000	next
04_S0311_v0	136	Picture	82	1767147	140165	1	10000	2	140000	next
04_S0311_v0	136	Picture	82	1777147	150165	1	10000	2	150000	next
04_S0311_v0	136	Picture	82	1787147	160165	1	10000	2	160000	next
04_S0311_v0	136	Picture	82	1797147	170165	1	10000	2	170000	next
04_S0311_v0	136	Picture	82	1807147	180165	1	10000	2	180000	next
04_S0311_v0	136	Picture	82	1817147	190165	1	10000	2	190000	10000
04_S0311_v0	137	Picture	full0n	1827147	0	1	4666	2	0	4620
04_S0311_v0	138	Picture	full1n	1838480	0	1	2667	2	0	2620
04_S0311_v0	139	Picture	full1i	1850647	0	1	4333	2	0	4290
04_S0311_v0	140	Picture	full1n	1862646	0	2	2667	3	0	2620
04_S0311_v0	141	Picture	full0i	1873480	0	1	4000	2	0	3950
04_S0311_v0	142	Picture	full0n	1886479	0	2	2500	4	0	2450
04_S0311_v0	143	Picture	full1i	1898146	0	1	4833	2	0	4790
04_S0311_v0	144	Picture	full0i	1910646	0	1	2500	2	0	2450
04_S0311_v0	145	Picture	blue0n	1922812	0	2	2834	3	0	2790
04_S0311_v0	145	Response	10	1930083	7271	2
04_S0311_v0	146	Picture	full0i	1934812	0	1	4667	2	0	4620
04_S0311_v0	147	Picture	full1n	1947812	0	1	4833	3	0	4790
04_S0311_v0	148	Picture	full0n	1959145	0	2	4167	3	0	4120
04_S0311_v0	149	Picture	full0i	1971812	0	1	4667	2	0	4620
04_S0311_v0	150	Picture	blue1i	1984312	0	1	4000	2	0	3950
04_S0311_v0	150	Response	10	1989382	5070	1
04_S0311_v0	151	Picture	full1n	1996312	0	1	3000	2	0	2950
04_S0311_v0	152	Picture	full1i	2007145	0	1	4333	2	0	4290
04_S0311_v0	153	Picture	full1n	2018811	0	2	4167	3	0	4120
04_S0311_v0	154	Picture	full0n	2030978	0	1	3167	2	0	3120
04_S0311_v0	155	Picture	full1i	2043645	0	1	3833	2	0	3790
04_S0311_v0	156	Picture	full1n	2056978	0	1	4166	2	0	4120
04_S0311_v0	157	Picture	full0i	2069144	0	1	2500	2	0	2450
04_S0311_v0	158	Picture	blue0n	2081311	0	1	4166	2	0	4120
04_S0311_v0	158	Response	10	2087581	6270	1
04_S0311_v0	159	Picture	full1i	2092477	0	1	3000	2	0	2950
04_S0311_v0	160	Picture	full1n	2105144	0	1	2833	2	0	2790
04_S0311_v0	161	Picture	full1i	2115977	0	1	3167	2	0	3120
04_S0311_v0	162	Picture	full0i	2129310	0	1	4834	2	0	4790
04_S0311_v0	163	Picture	full0n	2141477	0	1	4166	2	0	4120
04_S0311_v0	164	Picture	full1n	2152643	0	1	5000	2	0	4950
04_S0311_v0	165	Picture	full0i	2166143	0	1	4500	2	0	4450
04_S0311_v0	166	Picture	full1i	2177476	0	2	4500	3	0	4450
04_S0311_v0	167	Picture	full0n	2190810	0	1	4166	2	0	4120
04_S0311_v0	168	Picture	full0i	2202476	0	1	4500	2	0	4450
04_S0311_v0	169	Picture	blue0n	2214643	0	1	2500	2	0	2450
04_S0311_v0	170	Picture	full1n	2226309	0	1	4000	2	0	3950
04_S0311_v0	171	Picture	full1i	2237976	0	1	4833	2	0	4790
04_S0311_v0	172	Picture	full0i	2251476	0	1	2833	2	0	2790
04_S0311_v0	173	Picture	full0n	2264142	0	1	4333	3	0	4290
04_S0311_v0	174	Picture	full0i	2275475	0	2	3334	3	0	3290
04_S0311_v0	175	Picture	full0n	2287475	0	1	5000	2	0	4950
04_S0311_v0	176	Picture	full1n	2299642	0	1	3166	2	0	3120
04_S0311_v0	177	Picture	full1i	2310808	0	1	4000	2	0	3950
04_S0311_v0	178	Picture	full1n	2321975	0	1	4000	2	0	3950
04_S0311_v0	179	Picture	full0i	2333141	0	2	4834	3	0	4790
04_S0311_v0	180	Picture	full1i	2343975	0	1	3000	2	0	2950
04_S0311_v0	181	Picture	full0n	2356475	0	1	3166	2	0	3120
04_S0311_v0	182	Picture	full0i	2369141	0	1	3333	2	0	3290
04_S0311_v0	183	Picture	blue1n	2381308	0	1	2833	2	0	2790
04_S0311_v0	183	Response	10	2385275	3967	2
04_S0311_v0	184	Picture	full0n	2393807	0	2	4167	3	0	4120
04_S0311_v0	185	Picture	full0i	2405807	0	1	3667	2	0	3620
04_S0311_v0	186	Picture	full1i	2417974	0	1	3833	2	0	3790
04_S0311_v0	187	Picture	full0n	2431474	0	1	3000	2	0	2950
04_S0311_v0	188	Picture	full0i	2443474	0	1	4833	2	0	4790
04_S0311_v0	189	Picture	full0n	2456973	0	2	4500	3	0	4450
04_S0311_v0	190	Picture	full0i	2468640	0	1	4500	2	0	4450
04_S0311_v0	191	Picture	full0n	2479973	0	1	3167	2	0	3120
04_S0311_v0	192	Picture	full1n	2493306	0	2	4500	3	0	4450
04_S0311_v0	193	Picture	blue0i	2505806	0	1	3167	2	0	3120
04_S0311_v0	193	Response	10	2510973	5167	2
04_S0311_v0	194	Picture	full0n	2518473	0	1	3500	2	0	3450
04_S0311_v0	195	Picture	full0i	2530973	0	1	4333	2	0	4290
04_S0311_v0	196	Picture	full0n	2541806	0	1	3000	2	0	2950
04_S0311_v0	197	Picture	full0i	2554806	0	1	3500	2	0	3450
04_S0311_v0	198	Picture	full0n	2566972	0	1	3334	2	0	3290
04_S0311_v0	199	Picture	full1i	2579139	0	1	3167	2	0	3120
04_S0311_v0	200	Picture	blue0i	2591305	0	2	4667	3	0	4620
04_S0311_v0	200	Response	10	2596272	4967	1
04_S0311_v0	201	Picture	full1n	2603472	0	1	2667	2	0	2620
04_S0311_v0	202	Picture	full0n	2614305	0	1	3667	2	0	3620
04_S0311_v0	203	Picture	full0i	2626805	0	1	4833	2	0	4790
04_S0311_v0	204	Picture	full0n	2640138	0	1	3334	2	0	3290
04_S0311_v0	205	Picture	full0i	2653471	0	2	3834	3	0	3790
04_S0311_v0	206	Picture	full1i	2665638	0	1	3833	2	0	3790
04_S0311_v0	207	Picture	full0n	2677638	0	1	4500	2	0	4450
04_S0311_v0	208	Picture	full1n	2688804	0	1	4834	2	0	4790
04_S0311_v0	209	Picture	full0i	2700804	0	1	2667	2	0	2620
04_S0311_v0	210	Picture	full1i	2712471	0	1	4500	2	0	4450
04_S0311_v0	211	Picture	full0n	2725971	0	1	4333	2	0	4290
04_S0311_v0	212	Picture	full1n	2737637	0	1	3833	3	0	3790
04_S0311_v0	213	Picture	full1i	2750137	0	1	2833	2	0	2790
04_S0311_v0	214	Picture	blue1n	2761470	0	1	4167	2	0	4120
04_S0311_v0	215	Picture	full1i	2772637	0	1	2500	2	0	2450
04_S0311_v0	216	Picture	full0i	2785303	0	1	4834	2	0	4790
04_S0311_v0	217	Picture	full0n	2798303	0	1	2834	2	0	2790
04_S0311_v0	218	Picture	full0i	2810970	0	1	4000	2	0	3950
04_S0311_v0	219	Picture	blue1n	2822136	0	1	3834	2	0	3790
04_S0311_v0	219	Response	10	2830058	7922	1
04_S0311_v0	220	Picture	full0n	2833303	0	1	4666	3	0	4620
04_S0311_v0	221	Picture	full0i	2846803	0	1	4000	2	0	3950
04_S0311_v0	222	Picture	full0n	2858136	0	1	3167	2	0	3120
04_S0311_v0	223	Picture	full1i	2871636	0	1	3833	2	0	3790
04_S0311_v0	224	Picture	full0i	2884302	0	1	2500	2	0	2450
04_S0311_v0	225	Picture	full1n	2895636	0	1	4333	2	0	4290
04_S0311_v0	226	Picture	full1i	2908302	0	1	4000	2	0	3950
04_S0311_v0	227	Picture	full1n	2919969	0	1	4166	2	0	4120
04_S0311_v0	228	Picture	full0n	2931135	0	1	4167	2	0	4120
04_S0311_v0	229	Picture	full1i	2944135	0	1	4333	2	0	4290
04_S0311_v0	230	Picture	full0i	2956302	0	1	4000	2	0	3950
04_S0311_v0	231	Picture	full1n	2967635	0	1	2833	2	0	2790
04_S0311_v0	232	Picture	blue0n	2978468	0	1	4167	2	0	4120
04_S0311_v0	232	Response	10	2983155	4687	2
04_S0311_v0	233	Picture	full1i	2990635	0	1	3166	2	0	3120
04_S0311_v0	234	Picture	full1n	3001968	0	1	3666	2	0	3620
04_S0311_v0	235	Picture	full0i	3014968	0	1	3833	2	0	3790
04_S0311_v0	236	Picture	full1i	3026634	0	1	3500	2	0	3450
04_S0311_v0	237	Picture	full1n	3039134	0	1	2500	2	0	2450
04_S0311_v0	238	Picture	full1i	3052634	0	1	2833	2	0	2790
04_S0311_v0	239	Picture	full1n	3065634	0	1	3500	2	0	3450
04_S0311_v0	240	Picture	full1i	3077634	0	1	3000	2	0	2950
04_S0311_v0	241	Picture	full0n	3090967	0	1	5000	2	0	4950
04_S0311_v0	242	Picture	full1n	3101800	0	1	4333	2	0	4290
04_S0311_v0	243	Picture	full1i	3115133	0	1	4834	2	0	4790
04_S0311_v0	244	Picture	full1n	3127633	0	1	3500	2	0	3450
04_S0311_v0	245	Picture	full1i	3140966	0	1	3834	2	0	3790
04_S0311_v0	245	Response	10	3148553	7587	1
04_S0311_v0	246	Picture	full1n	3154300	0	1	3333	2	0	3290
04_S0311_v0	247	Picture	full1i	3166466	0	1	3000	2	0	2950
04_S0311_v0	248	Picture	full0i	3179466	0	1	2667	2	0	2620
04_S0311_v0	249	Picture	full0n	3190632	0	2	3334	3	0	3290
04_S0311_v0	250	Picture	blue1n	3203299	0	1	4833	2	0	4790
04_S0311_v0	250	Response	10	3208451	5152	1
04_S0311_v0	251	Picture	full0i	3214632	0	1	4333	3	0	4290
04_S0311_v0	252	Picture	full0n	3226799	0	1	3833	2	0	3790
04_S0311_v0	253	Picture	full0i	3238465	0	1	4000	2	0	3950
04_S0311_v0	254	Picture	full0n	3250465	0	1	3167	2	0	3120
04_S0311_v0	255	Picture	full1i	3263965	0	1	4333	2	0	4290
04_S0311_v0	256	Picture	full1n	3276132	0	1	3000	2	0	2950
04_S0311_v0	257	Picture	full1i	3286965	0	1	4333	2	0	4290
04_S0311_v0	258	Picture	blue0i	3300465	0	1	2666	2	0	2620
04_S0311_v0	258	Response	10	3306650	6185	1
04_S0311_v0	259	Picture	full1n	3313964	0	2	4167	3	0	4120
04_S0311_v0	260	Picture	full1i	3324798	0	1	4833	2	0	4790
04_S0311_v0	261	Picture	full1n	3336464	0	1	2667	2	0	2620
04_S0311_v0	262	Picture	full1i	3348964	0	1	3167	2	0	3120
04_S0311_v0	263	Picture	full1n	3361964	0	1	4833	2	0	4790
04_S0311_v0	264	Picture	full1i	3373297	0	1	3667	2	0	3620
04_S0311_v0	265	Picture	full0n	3386297	0	1	4500	2	0	4450
04_S0311_v0	266	Picture	full1n	3399297	0	1	4167	2	0	4120
04_S0311_v0	267	Picture	blue1i	3411297	0	1	4666	2	0	4620
04_S0311_v0	267	Response	10	3416148	4851	1
04_S0311_v0	268	Picture	full0i	3423463	0	1	4334	2	0	4290
04_S0311_v0	269	Picture	full0n	3436797	0	1	3666	2	0	3620
04_S0311_v0	270	Picture	default	3448963	0	1	2667	2	0	2500
04_S0311_v0	271	Picture	default	3469130	0	1	6770	2	0	2500


Event Type	Code	Type	Response	RT	RT Uncertainty	Time	Uncertainty	Duration	Uncertainty	ReqTime	ReqDur

Picture	full1n	other				7166	1	4667	2	0	4620
Picture	full0n	other				18832	2	2667	3	0	2620
Picture	full0i	other				30666	1	4333	2	0	4290
Picture	blue0n	false alarm	2	5959	3	43666	1	2666	2	0	2620
Picture	full1i	other				55832	1	4000	2	0	3950
Picture	full1n	other				66999	1	2500	2	0	2450
Picture	full0i	other				78332	1	4833	2	0	4790
Picture	full1i	other				89165	1	2500	2	0	2450
Picture	full0n	other				101332	1	2833	2	0	2790
Picture	full1n	other				114831	2	4667	3	0	4620
Picture	full1i	other				126998	1	4833	2	0	4790
Picture	full1n	other				137831	1	4167	2	0	4120
Picture	full1i	other				150831	1	4667	2	0	4620
Picture	full0i	other				164164	1	4000	2	0	3950
Picture	blue0n	false alarm	2	4992	2	176831	1	3000	2	0	2950
Picture	full0i	other				188997	1	4334	2	0	4290
Picture	full0n	other				199831	1	4166	2	0	4120
Picture	full1n	other				212497	1	3167	2	0	3120
Picture	full0i	other				223664	1	3833	2	0	3790
Picture	full0n	other				236664	1	4166	2	0	4120
Picture	full1i	other				248330	1	2500	2	0	2450
Picture	full1n	other				260163	1	4167	2	0	4120
Picture	full0i	other				270996	2	3000	3	0	2950
Picture	full0n	other				283663	1	2833	2	0	2790
Picture	full0i	other				295496	1	3167	2	0	3120
Picture	full1i	other				307163	1	4833	2	0	4790
Picture	blue1n	false alarm	2	5325	2	318496	1	4167	2	0	4120
Picture	full0n	other				330163	1	4999	3	0	4950
Picture	full1i	other				342329	1	4500	2	0	4450
Picture	full1n	other				353662	1	4500	2	0	4450
Picture	full1i	other				364995	2	4167	3	0	4120
Picture	full1n	other				378495	1	4500	2	0	4450
Picture	full0i	other				391495	1	2500	2	0	2450
Picture	full0n	other				402828	2	4000	3	0	3950
Picture	full0i	other				415495	1	4833	2	0	4790
Picture	full1i	other				427162	1	2833	2	0	2790
Picture	full1n	other				440495	1	4333	2	0	4290
Picture	full1i	other				452661	1	3334	2	0	3290
Picture	full1n	other				465161	1	5000	2	0	4950
Picture	full0n	other				477661	1	3167	2	0	3120
Picture	full0i	other				489328	1	3999	3	0	3950
Picture	full0n	other				502827	2	4000	3	0	3950
Picture	blue1i	false alarm	2	4790	43	516327	1	4834	2	0	4790
Picture	full0i	other				528160	2	3000	3	0	2950
Picture	full1n	other				541160	1	3167	2	0	3120
Picture	full1i	other				554493	2	3334	3	0	3290
Picture	full0n	other				567160	1	2833	2	0	2790
Picture	blue1n	other				578493	1	4167	2	0	4120
Picture	full1i	other				589660	1	3666	2	0	3620
Picture	blue0i	false alarm	2	8123	2	600493	1	3833	2	0	3790
Picture	full1n	other				611660	1	3000	2	0	2950
Picture	full1i	other				623493	1	4833	2	0	4790
Picture	full1n	other				635659	1	4500	2	0	4450
Picture	full1i	other				647493	1	4499	3	0	4450
Picture	blue1n	false alarm	2	5323	3	659992	2	3167	3	0	3120
Picture	full0n	other				671326	1	4500	2	0	4450
Picture	full1i	other				682992	1	3167	2	0	3120
Picture	full1n	other				694325	1	3500	2	0	3450
Picture	full1i	other				705159	1	4333	2	0	4290
Picture	full1n	other				716325	1	3000	2	0	2950
Picture	full1i	other				727658	1	3500	2	0	3450
Picture	blue1n	false alarm	2	5322	2	739492	1	3333	2	0	3290
Picture	full0i	other				751991	2	3167	3	0	3120
Picture	full1i	other				765325	1	4666	2	0	4620
Picture	full0n	other				777491	1	2667	2	0	2620
Picture	full1n	other				790491	1	3667	2	0	3620
Picture	full1i	other				802158	1	4833	2	0	4790
Picture	full1n	other				812991	1	3333	2	0	3290
Picture	full1i	other				825157	1	3834	2	0	3790
Picture	full0i	other				836324	1	3833	2	0	3790
Picture	full1n	other				849824	1	4500	2	0	4450
Picture	full0n	other				862324	1	4833	2	0	4790
Picture	full1i	other				873157	1	2666	2	0	2620
Picture	full0i	other				884823	1	4500	2	0	4450
Picture	full1n	other				896990	1	4333	2	0	4290
Picture	full0n	other				909156	2	3834	3	0	3790
Picture	blue0i	other				921656	1	2834	2	0	2790
Picture	full0n	other				935156	1	4167	2	0	4120
Picture	full0i	other				947323	1	2500	2	0	2450
Picture	full1i	other				960323	1	4833	2	0	4790
Picture	full1n	other				971489	1	2833	2	0	2790
Picture	full1i	other				984156	1	4000	2	0	3950
Picture	full0n	other				997656	1	3833	2	0	3790
Picture	full1n	other				1008989	1	4666	2	0	4620
Picture	full1i	other				1020822	1	4000	2	0	3950
Picture	full1n	other				1031988	2	3167	3	0	3120
Picture	full0i	other				1045488	1	3834	2	0	3790
Picture	full1i	other				1058822	1	2499	3	0	2450
Picture	full0n	other				1070988	1	4333	2	0	4290
Picture	full0i	other				1083988	1	4000	2	0	3950
Picture	full0n	other				1096154	2	4167	3	0	4120
Picture	full1n	other				1108321	1	4167	2	0	4120
Picture	full0i	other				1121654	1	4333	3	0	4290
Picture	blue1i	false alarm	2	4886	2	1133321	1	4000	2	0	3950
Picture	full0n	other				1144487	1	2834	2	0	2790
Picture	full1n	other				1155821	1	4166	2	0	4120
Picture	full0i	other				1168487	1	3167	2	0	3120
Picture	full0n	other				1181154	1	3666	2	0	3620
Picture	full1i	other				1194153	2	3834	3	0	3790
Picture	full0i	other				1207653	1	3500	2	0	3450
Picture	full0n	other				1220153	1	2500	2	0	2450
Picture	full0i	other				1231820	1	2833	2	0	2790
Picture	full0n	other				1243153	1	3500	2	0	3450
Picture	full0i	other				1255653	1	3000	2	0	2950
Picture	full1n	other				1267819	1	5000	2	0	4950
Picture	full0n	other				1279986	1	4333	2	0	4290
Picture	full0i	other				1292486	1	4833	2	0	4790
Picture	full0n	other				1305986	1	3500	2	0	3450
Picture	blue0i	false alarm	2	5485	2	1317819	1	3833	2	0	3790
Picture	full0n	other				1329985	1	3334	2	0	3290
Picture	full0i	other				1343319	1	2999	3	0	2950
Picture	full1i	other				1354485	1	2667	2	0	2620
Picture	full1n	other				1367818	1	3334	2	0	3290
Picture	full0n	other				1381151	2	4834	3	0	4790
Picture	full1i	other				1394651	1	4334	2	0	4290
Picture	full1n	other				1406818	1	3833	2	0	3790
Picture	full1i	other				1418651	1	4000	2	0	3950
Picture	full1n	other				1429484	1	3167	2	0	3120
Picture	blue0i	false alarm	2	5740	3	1441651	1	4333	2	0	4290
Picture	full0n	other				1453484	1	3000	2	0	2950
Picture	full0i	other				1465984	1	4333	2	0	4290
Picture	full1i	other				1479317	1	2667	2	0	2620
Picture	full0n	other				1490150	1	4167	2	0	4120
Picture	full0i	other				1502317	1	4833	2	0	4790
Picture	full0n	other				1514983	2	2667	3	0	2620
Picture	full0i	other				1527983	1	3167	2	0	3120
Picture	full0n	other				1540983	1	4833	2	0	4790
Picture	full0i	other				1553150	1	3666	2	0	3620
Picture	blue1n	false alarm	2	5039	2	1565650	1	4499	3	0	4450
Picture	full0n	other				1578316	1	4167	2	0	4120
Picture	full0i	other				1590983	1	4666	2	0	4620
Picture	full1i	other				1604316	1	4333	2	0	4290
Picture	full1n	other				1615982	1	3667	2	0	3620
Picture	82	other				1626982	1	100166	2	0	next
Picture	82	other				1727148	1	10000	2	100000	next
Picture	82	other				1737148	1	10000	2	110000	next
Picture	82	other				1747148	1	10000	2	120000	next
Picture	82	other				1757148	1	9999	2	130000	next
Picture	82	other				1767147	1	10000	2	140000	next
Picture	82	other				1777147	1	10000	2	150000	next
Picture	82	other				1787147	1	10000	2	160000	next
Picture	82	other				1797147	1	10000	2	170000	next
Picture	82	other				1807147	1	10000	2	180000	next
Picture	82	other				1817147	1	10000	2	190000	10000
Picture	full0n	other				1827147	1	4666	2	0	4620
Picture	full1n	other				1838480	1	2667	2	0	2620
Picture	full1i	other				1850647	1	4333	2	0	4290
Picture	full1n	other				1862646	2	2667	3	0	2620
Picture	full0i	other				1873480	1	4000	2	0	3950
Picture	full0n	other				1886479	2	2500	4	0	2450
Picture	full1i	other				1898146	1	4833	2	0	4790
Picture	full0i	other				1910646	1	2500	2	0	2450
Picture	blue0n	false alarm	2	7271	4	1922812	2	2834	3	0	2790
Picture	full0i	other				1934812	1	4667	2	0	4620
Picture	full1n	other				1947812	1	4833	3	0	4790
Picture	full0n	other				1959145	2	4167	3	0	4120
Picture	full0i	other				1971812	1	4667	2	0	4620
Picture	blue1i	false alarm	2	5070	2	1984312	1	4000	2	0	3950
Picture	full1n	other				1996312	1	3000	2	0	2950
Picture	full1i	other				2007145	1	4333	2	0	4290
Picture	full1n	other				2018811	2	4167	3	0	4120
Picture	full0n	other				2030978	1	3167	2	0	3120
Picture	full1i	other				2043645	1	3833	2	0	3790
Picture	full1n	other				2056978	1	4166	2	0	4120
Picture	full0i	other				2069144	1	2500	2	0	2450
Picture	blue0n	false alarm	2	6270	2	2081311	1	4166	2	0	4120
Picture	full1i	other				2092477	1	3000	2	0	2950
Picture	full1n	other				2105144	1	2833	2	0	2790
Picture	full1i	other				2115977	1	3167	2	0	3120
Picture	full0i	other				2129310	1	4834	2	0	4790
Picture	full0n	other				2141477	1	4166	2	0	4120
Picture	full1n	other				2152643	1	5000	2	0	4950
Picture	full0i	other				2166143	1	4500	2	0	4450
Picture	full1i	other				2177476	2	4500	3	0	4450
Picture	full0n	other				2190810	1	4166	2	0	4120
Picture	full0i	other				2202476	1	4500	2	0	4450
Picture	blue0n	other				2214643	1	2500	2	0	2450
Picture	full1n	other				2226309	1	4000	2	0	3950
Picture	full1i	other				2237976	1	4833	2	0	4790
Picture	full0i	other				2251476	1	2833	2	0	2790
Picture	full0n	other				2264142	1	4333	3	0	4290
Picture	full0i	other				2275475	2	3334	3	0	3290
Picture	full0n	other				2287475	1	5000	2	0	4950
Picture	full1n	other				2299642	1	3166	2	0	3120
Picture	full1i	other				2310808	1	4000	2	0	3950
Picture	full1n	other				2321975	1	4000	2	0	3950
Picture	full0i	other				2333141	2	4834	3	0	4790
Picture	full1i	other				2343975	1	3000	2	0	2950
Picture	full0n	other				2356475	1	3166	2	0	3120
Picture	full0i	other				2369141	1	3333	2	0	3290
Picture	blue1n	false alarm	2	3967	3	2381308	1	2833	2	0	2790
Picture	full0n	other				2393807	2	4167	3	0	4120
Picture	full0i	other				2405807	1	3667	2	0	3620
Picture	full1i	other				2417974	1	3833	2	0	3790
Picture	full0n	other				2431474	1	3000	2	0	2950
Picture	full0i	other				2443474	1	4833	2	0	4790
Picture	full0n	other				2456973	2	4500	3	0	4450
Picture	full0i	other				2468640	1	4500	2	0	4450
Picture	full0n	other				2479973	1	3167	2	0	3120
Picture	full1n	other				2493306	2	4500	3	0	4450
Picture	blue0i	false alarm	2	5167	3	2505806	1	3167	2	0	3120
Picture	full0n	other				2518473	1	3500	2	0	3450
Picture	full0i	other				2530973	1	4333	2	0	4290
Picture	full0n	other				2541806	1	3000	2	0	2950
Picture	full0i	other				2554806	1	3500	2	0	3450
Picture	full0n	other				2566972	1	3334	2	0	3290
Picture	full1i	other				2579139	1	3167	2	0	3120
Picture	blue0i	false alarm	2	4967	3	2591305	2	4667	3	0	4620
Picture	full1n	other				2603472	1	2667	2	0	2620
Picture	full0n	other				2614305	1	3667	2	0	3620
Picture	full0i	other				2626805	1	4833	2	0	4790
Picture	full0n	other				2640138	1	3334	2	0	3290
Picture	full0i	other				2653471	2	3834	3	0	3790
Picture	full1i	other				2665638	1	3833	2	0	3790
Picture	full0n	other				2677638	1	4500	2	0	4450
Picture	full1n	other				2688804	1	4834	2	0	4790
Picture	full0i	other				2700804	1	2667	2	0	2620
Picture	full1i	other				2712471	1	4500	2	0	4450
Picture	full0n	other				2725971	1	4333	2	0	4290
Picture	full1n	other				2737637	1	3833	3	0	3790
Picture	full1i	other				2750137	1	2833	2	0	2790
Picture	blue1n	other				2761470	1	4167	2	0	4120
Picture	full1i	other				2772637	1	2500	2	0	2450
Picture	full0i	other				2785303	1	4834	2	0	4790
Picture	full0n	other				2798303	1	2834	2	0	2790
Picture	full0i	other				2810970	1	4000	2	0	3950
Picture	blue1n	false alarm	2	7922	2	2822136	1	3834	2	0	3790
Picture	full0n	other				2833303	1	4666	3	0	4620
Picture	full0i	other				2846803	1	4000	2	0	3950
Picture	full0n	other				2858136	1	3167	2	0	3120
Picture	full1i	other				2871636	1	3833	2	0	3790
Picture	full0i	other				2884302	1	2500	2	0	2450
Picture	full1n	other				2895636	1	4333	2	0	4290
Picture	full1i	other				2908302	1	4000	2	0	3950
Picture	full1n	other				2919969	1	4166	2	0	4120
Picture	full0n	other				2931135	1	4167	2	0	4120
Picture	full1i	other				2944135	1	4333	2	0	4290
Picture	full0i	other				2956302	1	4000	2	0	3950
Picture	full1n	other				2967635	1	2833	2	0	2790
Picture	blue0n	false alarm	2	4687	3	2978468	1	4167	2	0	4120
Picture	full1i	other				2990635	1	3166	2	0	3120
Picture	full1n	other				3001968	1	3666	2	0	3620
Picture	full0i	other				3014968	1	3833	2	0	3790
Picture	full1i	other				3026634	1	3500	2	0	3450
Picture	full1n	other				3039134	1	2500	2	0	2450
Picture	full1i	other				3052634	1	2833	2	0	2790
Picture	full1n	other				3065634	1	3500	2	0	3450
Picture	full1i	other				3077634	1	3000	2	0	2950
Picture	full0n	other				3090967	1	5000	2	0	4950
Picture	full1n	other				3101800	1	4333	2	0	4290
Picture	full1i	other				3115133	1	4834	2	0	4790
Picture	full1n	other				3127633	1	3500	2	0	3450
Picture	full1i	other				3140966	1	3834	2	0	3790
Picture	full1n	other				3154300	1	3333	2	0	3290
Picture	full1i	other				3166466	1	3000	2	0	2950
Picture	full0i	other				3179466	1	2667	2	0	2620
Picture	full0n	other				3190632	2	3334	3	0	3290
Picture	blue1n	false alarm	2	5152	2	3203299	1	4833	2	0	4790
Picture	full0i	other				3214632	1	4333	3	0	4290
Picture	full0n	other				3226799	1	3833	2	0	3790
Picture	full0i	other				3238465	1	4000	2	0	3950
Picture	full0n	other				3250465	1	3167	2	0	3120
Picture	full1i	other				3263965	1	4333	2	0	4290
Picture	full1n	other				3276132	1	3000	2	0	2950
Picture	full1i	other				3286965	1	4333	2	0	4290
Picture	blue0i	false alarm	2	6185	2	3300465	1	2666	2	0	2620
Picture	full1n	other				3313964	2	4167	3	0	4120
Picture	full1i	other				3324798	1	4833	2	0	4790
Picture	full1n	other				3336464	1	2667	2	0	2620
Picture	full1i	other				3348964	1	3167	2	0	3120
Picture	full1n	other				3361964	1	4833	2	0	4790
Picture	full1i	other				3373297	1	3667	2	0	3620
Picture	full0n	other				3386297	1	4500	2	0	4450
Picture	full1n	other				3399297	1	4167	2	0	4120
Picture	blue1i	false alarm	2	4851	2	3411297	1	4666	2	0	4620
Picture	full0i	other				3423463	1	4334	2	0	4290
Picture	full0n	other				3436797	1	3666	2	0	3620
Picture	default	other				3448963	1	2667	2	0	2500
Picture	default	other				3469130	1	6770	2	0	2500
