Scenario - visual LTP Rap V4.0 HVD (based on combined block 1+2 from old 45 135 degree pilot)
Logfile written - 08/05/2015 14:29:36

Subject	Trial	Event Type	Code	Time	TTime	Uncertainty	Duration	Uncertainty	ReqTime	ReqDur

05_S0303_v0	1	Response	128	14036	23869	1
05_S0303_v0	3	Picture	full1n	24499	0	1	4667	2	0	4620
05_S0303_v0	4	Picture	full0n	35969	0	198	2697	199	0	2620
05_S0303_v0	5	Picture	full0i	47833	0	1	4333	2	0	4290
05_S0303_v0	6	Picture	blue0n	60633	0	201	2700	202	0	2620
05_S0303_v0	6	Response	10	64771	4138	1
05_S0303_v0	7	Picture	full1i	72633	0	201	4033	202	0	3950
05_S0303_v0	8	Picture	full1n	83666	0	1	2500	2	0	2450
05_S0303_v0	9	Picture	full0i	94999	0	1	4833	2	0	4790
05_S0303_v0	10	Picture	full1i	105832	0	1	2500	2	0	2450
05_S0303_v0	11	Picture	full0n	117999	0	1	2833	2	0	2790
05_S0303_v0	12	Picture	full1n	131499	0	1	4667	2	0	4620
05_S0303_v0	13	Picture	full1i	143666	0	1	4833	2	0	4790
05_S0303_v0	14	Picture	full1n	154499	0	1	4166	3	0	4120
05_S0303_v0	15	Picture	full1i	167332	0	1	4667	2	0	4620
05_S0303_v0	16	Picture	full0i	180499	0	1	4000	2	0	3950
05_S0303_v0	17	Picture	blue0n	193165	0	2	3000	3	0	2950
05_S0303_v0	17	Response	10	197470	4305	1
05_S0303_v0	18	Picture	full0i	205332	0	1	4333	2	0	4290
05_S0303_v0	19	Picture	full0n	216165	0	1	4167	2	0	4120
05_S0303_v0	20	Picture	full1n	228832	0	1	3167	2	0	3120
05_S0303_v0	21	Picture	full0i	239832	0	1	3833	2	0	3790
05_S0303_v0	22	Picture	full0n	252665	0	1	4167	2	0	4120
05_S0303_v0	23	Picture	full1i	264165	0	1	2500	2	0	2450
05_S0303_v0	24	Picture	full1n	275998	0	2	4167	3	0	4120
05_S0303_v0	25	Picture	full0i	286832	0	1	3000	2	0	2950
05_S0303_v0	26	Picture	full0n	299498	0	1	2834	2	0	2790
05_S0303_v0	27	Picture	full0i	311332	0	1	3166	2	0	3120
05_S0303_v0	28	Picture	full1i	322832	0	1	4833	2	0	4790
05_S0303_v0	28	Response	10	326768	3936	1
05_S0303_v0	29	Picture	blue1n	334165	0	1	4167	2	0	4120
05_S0303_v0	29	Response	10	338568	4403	1
05_S0303_v0	30	Picture	full0n	345665	0	1	5000	2	0	4950
05_S0303_v0	31	Picture	full1i	357831	0	2	4500	3	0	4450
05_S0303_v0	32	Picture	full1n	369165	0	1	4500	2	0	4450
05_S0303_v0	33	Picture	full1i	380498	0	1	4167	2	0	4120
05_S0303_v0	34	Picture	full1n	393998	0	1	4500	2	0	4450
05_S0303_v0	35	Picture	full0i	406831	0	1	2500	2	0	2450
05_S0303_v0	36	Picture	full0n	418165	0	1	4000	2	0	3950
05_S0303_v0	37	Picture	full0i	430831	0	1	4834	2	0	4790
05_S0303_v0	38	Picture	full1i	442331	0	1	2833	3	0	2790
05_S0303_v0	39	Picture	full1n	455498	0	1	4333	2	0	4290
05_S0303_v0	40	Picture	full1i	467664	0	2	3334	3	0	3290
05_S0303_v0	41	Picture	full1n	479998	0	1	5000	2	0	4950
05_S0303_v0	42	Picture	full0n	492331	0	1	3167	2	0	3120
05_S0303_v0	43	Picture	full0i	503831	0	1	4000	2	0	3950
05_S0303_v0	44	Picture	full0n	517331	0	1	4000	2	0	3950
05_S0303_v0	45	Picture	blue1i	530831	0	1	4833	2	0	4790
05_S0303_v0	45	Response	10	535566	4735	1
05_S0303_v0	46	Picture	full0i	542664	0	1	3000	2	0	2950
05_S0303_v0	47	Picture	full1n	555497	0	2	3167	3	0	3120
05_S0303_v0	48	Picture	full1i	568664	0	1	3333	2	0	3290
05_S0303_v0	49	Picture	full0n	581331	0	1	2833	2	0	2790
05_S0303_v0	49	Response	10	590755	9424	1
05_S0303_v0	50	Picture	blue1n	592664	0	1	4167	2	0	4120
05_S0303_v0	50	Response	10	601655	8991	1
05_S0303_v0	51	Picture	full1i	603664	0	1	3667	2	0	3620
05_S0303_v0	52	Picture	blue0i	614497	0	1	3834	2	0	3790
05_S0303_v0	52	Response	10	618655	4158	1
05_S0303_v0	53	Picture	full1n	625497	0	1	3000	2	0	2950
05_S0303_v0	54	Picture	full1i	637330	0	2	4834	3	0	4790
05_S0303_v0	55	Picture	full1n	649497	0	1	4500	2	0	4450
05_S0303_v0	56	Picture	full1i	661330	0	2	4500	3	0	4450
05_S0303_v0	57	Picture	blue1n	673664	0	1	3166	2	0	3120
05_S0303_v0	57	Response	10	677954	4290	1
05_S0303_v0	58	Picture	full0n	684997	0	1	4500	2	0	4450
05_S0303_v0	59	Picture	full1i	696497	0	1	3167	2	0	3120
05_S0303_v0	60	Picture	full1n	707830	0	1	3500	2	0	3450
05_S0303_v0	61	Picture	full1i	718664	0	1	4333	2	0	4290
05_S0303_v0	62	Picture	full1n	729663	0	2	3000	4	0	2950
05_S0303_v0	63	Picture	full1i	740997	0	1	3500	2	0	3450
05_S0303_v0	64	Picture	blue1n	752830	0	1	3333	2	0	3290
05_S0303_v0	64	Response	10	756953	4123	1
05_S0303_v0	65	Picture	full0i	765163	0	1	3167	2	0	3120
05_S0303_v0	66	Picture	full1i	778330	0	1	4667	2	0	4620
05_S0303_v0	67	Picture	full0n	790497	0	1	2666	2	0	2620
05_S0303_v0	68	Picture	full1n	803330	0	1	3667	2	0	3620
05_S0303_v0	69	Picture	full1i	814830	0	1	4833	2	0	4790
05_S0303_v0	70	Picture	full1n	825663	0	1	3333	2	0	3290
05_S0303_v0	71	Picture	full1i	837830	0	1	3833	2	0	3790
05_S0303_v0	72	Picture	full0i	848830	0	1	3833	2	0	3790
05_S0303_v0	73	Picture	full1n	862330	0	1	4500	2	0	4450
05_S0303_v0	74	Picture	full0n	874663	0	1	4833	2	0	4790
05_S0303_v0	75	Picture	full1i	885496	0	1	2667	2	0	2620
05_S0303_v0	76	Picture	full0i	896996	0	1	4500	2	0	4450
05_S0303_v0	77	Picture	full1n	909163	0	1	4333	2	0	4290
05_S0303_v0	78	Picture	full0n	921329	0	2	3834	3	0	3790
05_S0303_v0	79	Picture	blue0i	933663	0	1	2833	2	0	2790
05_S0303_v0	79	Response	10	938851	5188	1
05_S0303_v0	80	Picture	full0n	947163	0	1	4166	2	0	4120
05_S0303_v0	81	Picture	full0i	959329	0	1	2500	2	0	2450
05_S0303_v0	82	Picture	full1i	972163	0	1	4833	2	0	4790
05_S0303_v0	83	Picture	full1n	983163	0	1	2833	2	0	2790
05_S0303_v0	84	Picture	full1i	995829	0	1	4000	2	0	3950
05_S0303_v0	85	Picture	full0n	1009329	0	1	3833	3	0	3790
05_S0303_v0	86	Picture	full1n	1020662	0	2	4667	3	0	4620
05_S0303_v0	87	Picture	full1i	1032496	0	1	4000	2	0	3950
05_S0303_v0	88	Picture	full1n	1043496	0	1	3166	2	0	3120
05_S0303_v0	89	Picture	full0i	1056996	0	1	3833	2	0	3790
05_S0303_v0	90	Picture	full1i	1070162	0	1	2500	2	0	2450
05_S0303_v0	91	Picture	full0n	1082329	0	1	4333	2	0	4290
05_S0303_v0	92	Picture	full0i	1095162	0	1	4000	2	0	3950
05_S0303_v0	93	Picture	full0n	1107329	0	1	4166	3	0	4120
05_S0303_v0	94	Picture	full1n	1119495	0	2	4167	3	0	4120
05_S0303_v0	95	Picture	full0i	1132662	0	1	4333	2	0	4290
05_S0303_v0	96	Picture	blue1i	1144162	0	1	4000	2	0	3950
05_S0303_v0	96	Response	10	1147938	3776	1
05_S0303_v0	97	Picture	full0n	1155162	0	1	2833	2	0	2790
05_S0303_v0	98	Picture	full1n	1166495	0	1	4167	2	0	4120
05_S0303_v0	99	Picture	full0i	1179162	0	1	3167	2	0	3120
05_S0303_v0	100	Picture	full0n	1191829	0	1	3666	2	0	3620
05_S0303_v0	101	Picture	full1i	1204662	0	1	3833	2	0	3790
05_S0303_v0	102	Picture	full0i	1218162	0	1	3500	2	0	3450
05_S0303_v0	103	Picture	full0n	1230495	0	1	2500	2	0	2450
05_S0303_v0	104	Picture	full0i	1241995	0	1	2833	2	0	2790
05_S0303_v0	105	Picture	full0n	1253328	0	1	3500	2	0	3450
05_S0303_v0	106	Picture	full0i	1265662	0	1	3000	2	0	2950
05_S0303_v0	107	Picture	full1n	1277828	0	1	5000	2	0	4950
05_S0303_v0	108	Picture	full0n	1289995	0	1	4333	2	0	4290
05_S0303_v0	109	Picture	full0i	1302328	0	1	4833	3	0	4790
05_S0303_v0	110	Picture	full0n	1315828	0	1	3500	2	0	3450
05_S0303_v0	111	Picture	blue0i	1327661	0	1	3834	2	0	3790
05_S0303_v0	111	Response	10	1332336	4675	1
05_S0303_v0	112	Picture	full0n	1339828	0	1	3333	2	0	3290
05_S0303_v0	113	Picture	full0i	1352995	0	1	3000	2	0	2950
05_S0303_v0	114	Picture	full1i	1363995	0	1	2666	2	0	2620
05_S0303_v0	115	Picture	full1n	1377161	0	1	3334	2	0	3290
05_S0303_v0	116	Picture	full0n	1390328	0	1	4833	2	0	4790
05_S0303_v0	117	Picture	full1i	1403828	0	1	4333	2	0	4290
05_S0303_v0	118	Picture	full1n	1415994	0	2	3834	3	0	3790
05_S0303_v0	119	Picture	full1i	1427828	0	1	4000	2	0	3950
05_S0303_v0	120	Picture	full1n	1438661	0	1	3167	2	0	3120
05_S0303_v0	121	Picture	blue0i	1450828	0	1	4333	2	0	4290
05_S0303_v0	122	Picture	full0n	1462661	0	1	3000	2	0	2950
05_S0303_v0	123	Picture	full0i	1474994	0	1	4334	2	0	4290
05_S0303_v0	124	Picture	full1i	1488161	0	1	2666	3	0	2620
05_S0303_v0	125	Picture	full0n	1498994	0	1	4167	2	0	4120
05_S0303_v0	126	Picture	full0i	1511161	0	1	4833	2	0	4790
05_S0303_v0	127	Picture	full0n	1523827	0	1	2667	2	0	2620
05_S0303_v0	128	Picture	full0i	1536661	0	1	3166	2	0	3120
05_S0303_v0	129	Picture	full0n	1549494	0	1	4833	2	0	4790
05_S0303_v0	130	Picture	full0i	1561661	0	1	3666	2	0	3620
05_S0303_v0	131	Picture	blue1n	1573994	0	1	4500	2	0	4450
05_S0303_v0	131	Response	10	1578123	4129	1
05_S0303_v0	132	Picture	full0n	1586660	0	2	4167	3	0	4120
05_S0303_v0	133	Picture	full0i	1599327	0	1	4667	2	0	4620
05_S0303_v0	134	Picture	full1i	1612494	0	1	4333	2	0	4290
05_S0303_v0	135	Picture	full1n	1623994	0	1	3666	2	0	3620
05_S0303_v0	136	Picture	82	1634994	0	1	100166	2	0	next
05_S0303_v0	136	Picture	82	1735160	100166	1	10000	2	100000	next
05_S0303_v0	136	Picture	82	1745160	110166	1	10000	2	110000	next
05_S0303_v0	136	Picture	82	1755160	120166	1	9999	3	120000	next
05_S0303_v0	136	Picture	82	1765159	130165	2	10001	3	130000	next
05_S0303_v0	136	Picture	82	1775160	140166	1	10000	2	140000	next
05_S0303_v0	136	Picture	82	1785160	150166	1	10000	2	150000	next
05_S0303_v0	136	Picture	82	1795160	160166	1	10000	2	160000	next
05_S0303_v0	136	Picture	82	1805160	170166	1	10000	2	170000	next
05_S0303_v0	136	Picture	82	1815160	180166	1	10000	2	180000	next
05_S0303_v0	136	Picture	82	1825160	190166	1	10000	2	190000	10000
05_S0303_v0	137	Picture	full0n	1835160	0	1	4666	2	0	4620
05_S0303_v0	138	Picture	full1n	1846493	0	1	2667	2	0	2620
05_S0303_v0	139	Picture	full1i	1858659	0	2	4334	3	0	4290
05_S0303_v0	140	Picture	full1n	1870493	0	1	2666	3	0	2620
05_S0303_v0	141	Picture	full0i	1881326	0	1	4000	2	0	3950
05_S0303_v0	142	Picture	full0n	1894159	0	2	2500	3	0	2450
05_S0303_v0	143	Picture	full1i	1905659	0	1	4834	2	0	4790
05_S0303_v0	144	Picture	full0i	1917993	0	1	2500	2	0	2450
05_S0303_v0	145	Picture	blue0n	1930159	0	1	2834	2	0	2790
05_S0303_v0	145	Response	10	1934419	4260	1
05_S0303_v0	146	Picture	full0i	1941993	0	1	4666	2	0	4620
05_S0303_v0	147	Picture	full1n	1954826	0	1	4833	2	0	4790
05_S0303_v0	148	Picture	full0n	1966159	0	1	4167	2	0	4120
05_S0303_v0	149	Picture	full0i	1978826	0	1	4666	2	0	4620
05_S0303_v0	150	Picture	blue1i	1991159	0	1	4000	2	0	3950
05_S0303_v0	150	Response	10	1994418	3259	1
05_S0303_v0	151	Picture	full1n	2002992	0	1	3000	2	0	2950
05_S0303_v0	152	Picture	full1i	2013826	0	1	4333	2	0	4290
05_S0303_v0	153	Picture	full1n	2025326	0	1	4166	2	0	4120
05_S0303_v0	154	Picture	full0n	2037492	0	1	3167	2	0	3120
05_S0303_v0	155	Picture	full1i	2050159	0	1	3833	2	0	3790
05_S0303_v0	156	Picture	full1n	2063325	0	2	4167	3	0	4120
05_S0303_v0	157	Picture	full0i	2075492	0	1	2500	2	0	2450
05_S0303_v0	158	Picture	blue0n	2087659	0	1	4166	2	0	4120
05_S0303_v0	158	Response	10	2091507	3848	1
05_S0303_v0	159	Picture	full1i	2098659	0	1	3000	2	0	2950
05_S0303_v0	160	Picture	full1n	2111325	0	1	2834	2	0	2790
05_S0303_v0	161	Picture	full1i	2122159	0	1	3166	2	0	3120
05_S0303_v0	162	Picture	full0i	2135325	0	1	4834	2	0	4790
05_S0303_v0	163	Picture	full0n	2147492	0	1	4166	3	0	4120
05_S0303_v0	164	Picture	full1n	2158492	0	1	5000	2	0	4950
05_S0303_v0	165	Picture	full0i	2171992	0	1	4500	2	0	4450
05_S0303_v0	166	Picture	full1i	2183325	0	1	4500	2	0	4450
05_S0303_v0	167	Picture	full0n	2196492	0	1	4166	2	0	4120
05_S0303_v0	168	Picture	full0i	2207992	0	1	4500	2	0	4450
05_S0303_v0	169	Picture	blue0n	2220158	0	1	2500	2	0	2450
05_S0303_v0	169	Response	10	2225405	5247	1
05_S0303_v0	170	Picture	full1n	2231658	0	1	4000	2	0	3950
05_S0303_v0	171	Picture	full1i	2243158	0	1	4833	3	0	4790
05_S0303_v0	172	Picture	full0i	2256658	0	1	2833	2	0	2790
05_S0303_v0	173	Picture	full0n	2269325	0	1	4333	2	0	4290
05_S0303_v0	174	Picture	full0i	2280658	0	1	3333	2	0	3290
05_S0303_v0	175	Picture	full0n	2292491	0	1	5000	2	0	4950
05_S0303_v0	176	Picture	full1n	2304658	0	1	3167	2	0	3120
05_S0303_v0	177	Picture	full1i	2315658	0	1	4000	2	0	3950
05_S0303_v0	178	Picture	full1n	2326658	0	1	4000	2	0	3950
05_S0303_v0	179	Picture	full0i	2337658	0	1	4833	2	0	4790
05_S0303_v0	180	Picture	full1i	2348491	0	1	3000	2	0	2950
05_S0303_v0	181	Picture	full0n	2360824	0	2	3167	3	0	3120
05_S0303_v0	182	Picture	full0i	2373491	0	1	3333	2	0	3290
05_S0303_v0	183	Picture	blue1n	2385658	0	1	2833	2	0	2790
05_S0303_v0	184	Picture	full0n	2397991	0	1	4167	2	0	4120
05_S0303_v0	185	Picture	full0i	2409824	0	1	3667	2	0	3620
05_S0303_v0	186	Picture	full1i	2421991	0	1	3833	2	0	3790
05_S0303_v0	187	Picture	full0n	2435491	0	1	3000	2	0	2950
05_S0303_v0	188	Picture	full0i	2447324	0	1	4833	2	0	4790
05_S0303_v0	189	Picture	full0n	2460824	0	1	4500	2	0	4450
05_S0303_v0	190	Picture	full0i	2472324	0	1	4500	2	0	4450
05_S0303_v0	191	Picture	full0n	2483657	0	1	3167	2	0	3120
05_S0303_v0	192	Picture	full1n	2496824	0	1	4500	2	0	4450
05_S0303_v0	193	Picture	blue0i	2509157	0	1	3167	2	0	3120
05_S0303_v0	193	Response	10	2517302	8145	1
05_S0303_v0	194	Picture	full0n	2521824	0	1	3500	2	0	3450
05_S0303_v0	195	Picture	full0i	2534157	0	1	4333	3	0	4290
05_S0303_v0	196	Picture	full0n	2544990	0	2	3000	3	0	2950
05_S0303_v0	197	Picture	full0i	2557824	0	1	3500	2	0	3450
05_S0303_v0	198	Picture	full0n	2569990	0	1	3334	2	0	3290
05_S0303_v0	199	Picture	full1i	2582157	0	1	3167	2	0	3120
05_S0303_v0	200	Picture	blue0i	2594324	0	1	4666	2	0	4620
05_S0303_v0	200	Response	10	2598091	3767	1
05_S0303_v0	201	Picture	full1n	2606490	0	2	2667	3	0	2620
05_S0303_v0	202	Picture	full0n	2617324	0	1	3666	2	0	3620
05_S0303_v0	203	Picture	full0i	2629657	0	1	4833	2	0	4790
05_S0303_v0	204	Picture	full0n	2642823	0	2	3334	3	0	3290
05_S0303_v0	205	Picture	full0i	2655990	0	1	3833	2	0	3790
05_S0303_v0	206	Picture	full1i	2668157	0	1	3833	2	0	3790
05_S0303_v0	207	Picture	full0n	2679990	0	1	4500	2	0	4450
05_S0303_v0	208	Picture	full1n	2690990	0	1	4833	2	0	4790
05_S0303_v0	209	Picture	full0i	2702823	0	1	2667	2	0	2620
05_S0303_v0	210	Picture	full1i	2714323	0	1	4500	2	0	4450
05_S0303_v0	211	Picture	full0n	2727823	0	1	4333	3	0	4290
05_S0303_v0	212	Picture	full1n	2739323	0	1	3833	2	0	3790
05_S0303_v0	213	Picture	full1i	2751656	0	1	2834	2	0	2790
05_S0303_v0	214	Picture	blue1n	2762990	0	1	4166	2	0	4120
05_S0303_v0	214	Response	10	2766889	3899	1
05_S0303_v0	215	Picture	full1i	2773990	0	1	2500	2	0	2450
05_S0303_v0	216	Picture	full0i	2786656	0	1	4834	2	0	4790
05_S0303_v0	217	Picture	full0n	2799490	0	1	2833	2	0	2790
05_S0303_v0	218	Picture	full0i	2812156	0	1	4000	2	0	3950
05_S0303_v0	219	Picture	blue1n	2823156	0	1	3833	2	0	3790
05_S0303_v0	219	Response	10	2826988	3832	1
05_S0303_v0	220	Picture	full0n	2834156	0	1	4667	2	0	4620
05_S0303_v0	221	Picture	full0i	2847656	0	1	4000	2	0	3950
05_S0303_v0	222	Picture	full0n	2858989	0	1	3167	2	0	3120
05_S0303_v0	223	Picture	full1i	2872489	0	1	3834	2	0	3790
05_S0303_v0	224	Picture	full0i	2885156	0	1	2500	2	0	2450
05_S0303_v0	225	Picture	full1n	2896489	0	1	4334	2	0	4290
05_S0303_v0	226	Picture	full1i	2909156	0	1	4000	2	0	3950
05_S0303_v0	227	Picture	full1n	2920656	0	1	4166	2	0	4120
05_S0303_v0	228	Picture	full0n	2931656	0	1	4166	2	0	4120
05_S0303_v0	229	Picture	full1i	2944489	0	1	4333	2	0	4290
05_S0303_v0	230	Picture	full0i	2956656	0	1	4000	2	0	3950
05_S0303_v0	231	Picture	full1n	2967989	0	1	2833	2	0	2790
05_S0303_v0	232	Picture	blue0n	2978822	0	1	4167	2	0	4120
05_S0303_v0	233	Picture	full1i	2990989	0	1	3167	2	0	3120
05_S0303_v0	234	Picture	full1n	3002322	0	1	3667	2	0	3620
05_S0303_v0	235	Picture	full0i	3015155	0	2	3834	3	0	3790
05_S0303_v0	236	Picture	full1i	3026655	0	2	3500	3	0	3450
05_S0303_v0	237	Picture	full1n	3038989	0	1	2500	2	0	2450
05_S0303_v0	238	Picture	full1i	3052489	0	1	2833	2	0	2790
05_S0303_v0	239	Picture	full1n	3065322	0	1	3500	2	0	3450
05_S0303_v0	240	Picture	full1i	3077155	0	1	3000	2	0	2950
05_S0303_v0	241	Picture	full0n	3090322	0	1	5000	2	0	4950
05_S0303_v0	242	Picture	full1n	3101155	0	1	4333	3	0	4290
05_S0303_v0	243	Picture	full1i	3114322	0	1	4833	2	0	4790
05_S0303_v0	244	Picture	full1n	3126655	0	1	3500	2	0	3450
05_S0303_v0	245	Picture	full1i	3139822	0	1	3833	2	0	3790
05_S0303_v0	246	Picture	full1n	3152988	0	1	3334	2	0	3290
05_S0303_v0	247	Picture	full1i	3165155	0	1	3000	2	0	2950
05_S0303_v0	248	Picture	full0i	3177988	0	1	2667	2	0	2620
05_S0303_v0	249	Picture	full0n	3188988	0	1	3334	2	0	3290
05_S0303_v0	250	Picture	blue1n	3201655	0	1	4833	2	0	4790
05_S0303_v0	251	Picture	full0i	3212988	0	1	4333	2	0	4290
05_S0303_v0	252	Picture	full0n	3225155	0	1	3833	2	0	3790
05_S0303_v0	253	Picture	full0i	3236655	0	1	4000	2	0	3950
05_S0303_v0	254	Picture	full0n	3248488	0	1	3167	2	0	3120
05_S0303_v0	255	Picture	full1i	3261988	0	1	4333	2	0	4290
05_S0303_v0	256	Picture	full1n	3274155	0	1	3000	2	0	2950
05_S0303_v0	257	Picture	full1i	3284988	0	1	4333	2	0	4290
05_S0303_v0	258	Picture	blue0i	3298488	0	1	2666	3	0	2620
05_S0303_v0	259	Picture	full1n	3311988	0	1	4166	2	0	4120
05_S0303_v0	260	Picture	full1i	3322821	0	1	4833	2	0	4790
05_S0303_v0	261	Picture	full1n	3334321	0	1	2667	2	0	2620
05_S0303_v0	262	Picture	full1i	3346654	0	1	3167	2	0	3120
05_S0303_v0	263	Picture	full1n	3359488	0	1	4833	2	0	4790
05_S0303_v0	264	Picture	full1i	3370821	0	1	3667	2	0	3620
05_S0303_v0	265	Picture	full0n	3383654	0	1	4500	2	0	4450
05_S0303_v0	266	Picture	full1n	3396487	0	2	4167	3	0	4120
05_S0303_v0	267	Picture	blue1i	3408321	0	1	4666	2	0	4620
05_S0303_v0	268	Picture	full0i	3420487	0	2	4334	3	0	4290
05_S0303_v0	269	Picture	full0n	3433654	0	1	3667	2	0	3620
05_S0303_v0	270	Picture	default	3445821	0	1	2666	2	0	2500
05_S0303_v0	271	Picture	default	3465987	0	1	7516	2	0	2500


Event Type	Code	Type	Response	RT	RT Uncertainty	Time	Uncertainty	Duration	Uncertainty	ReqTime	ReqDur

Picture	full1n	other				24499	1	4667	2	0	4620
Picture	full0n	other				35969	198	2697	199	0	2620
Picture	full0i	other				47833	1	4333	2	0	4290
Picture	blue0n	false alarm	2	4138	202	60633	201	2700	202	0	2620
Picture	full1i	other				72633	201	4033	202	0	3950
Picture	full1n	other				83666	1	2500	2	0	2450
Picture	full0i	other				94999	1	4833	2	0	4790
Picture	full1i	other				105832	1	2500	2	0	2450
Picture	full0n	other				117999	1	2833	2	0	2790
Picture	full1n	other				131499	1	4667	2	0	4620
Picture	full1i	other				143666	1	4833	2	0	4790
Picture	full1n	other				154499	1	4166	3	0	4120
Picture	full1i	other				167332	1	4667	2	0	4620
Picture	full0i	other				180499	1	4000	2	0	3950
Picture	blue0n	false alarm	2	4305	3	193165	2	3000	3	0	2950
Picture	full0i	other				205332	1	4333	2	0	4290
Picture	full0n	other				216165	1	4167	2	0	4120
Picture	full1n	other				228832	1	3167	2	0	3120
Picture	full0i	other				239832	1	3833	2	0	3790
Picture	full0n	other				252665	1	4167	2	0	4120
Picture	full1i	other				264165	1	2500	2	0	2450
Picture	full1n	other				275998	2	4167	3	0	4120
Picture	full0i	other				286832	1	3000	2	0	2950
Picture	full0n	other				299498	1	2834	2	0	2790
Picture	full0i	other				311332	1	3166	2	0	3120
Picture	full1i	other				322832	1	4833	2	0	4790
Picture	blue1n	false alarm	2	4403	2	334165	1	4167	2	0	4120
Picture	full0n	other				345665	1	5000	2	0	4950
Picture	full1i	other				357831	2	4500	3	0	4450
Picture	full1n	other				369165	1	4500	2	0	4450
Picture	full1i	other				380498	1	4167	2	0	4120
Picture	full1n	other				393998	1	4500	2	0	4450
Picture	full0i	other				406831	1	2500	2	0	2450
Picture	full0n	other				418165	1	4000	2	0	3950
Picture	full0i	other				430831	1	4834	2	0	4790
Picture	full1i	other				442331	1	2833	3	0	2790
Picture	full1n	other				455498	1	4333	2	0	4290
Picture	full1i	other				467664	2	3334	3	0	3290
Picture	full1n	other				479998	1	5000	2	0	4950
Picture	full0n	other				492331	1	3167	2	0	3120
Picture	full0i	other				503831	1	4000	2	0	3950
Picture	full0n	other				517331	1	4000	2	0	3950
Picture	blue1i	false alarm	2	4735	2	530831	1	4833	2	0	4790
Picture	full0i	other				542664	1	3000	2	0	2950
Picture	full1n	other				555497	2	3167	3	0	3120
Picture	full1i	other				568664	1	3333	2	0	3290
Picture	full0n	other				581331	1	2833	2	0	2790
Picture	blue1n	false alarm	2	8991	2	592664	1	4167	2	0	4120
Picture	full1i	other				603664	1	3667	2	0	3620
Picture	blue0i	false alarm	2	4158	2	614497	1	3834	2	0	3790
Picture	full1n	other				625497	1	3000	2	0	2950
Picture	full1i	other				637330	2	4834	3	0	4790
Picture	full1n	other				649497	1	4500	2	0	4450
Picture	full1i	other				661330	2	4500	3	0	4450
Picture	blue1n	false alarm	2	4290	2	673664	1	3166	2	0	3120
Picture	full0n	other				684997	1	4500	2	0	4450
Picture	full1i	other				696497	1	3167	2	0	3120
Picture	full1n	other				707830	1	3500	2	0	3450
Picture	full1i	other				718664	1	4333	2	0	4290
Picture	full1n	other				729663	2	3000	4	0	2950
Picture	full1i	other				740997	1	3500	2	0	3450
Picture	blue1n	false alarm	2	4123	2	752830	1	3333	2	0	3290
Picture	full0i	other				765163	1	3167	2	0	3120
Picture	full1i	other				778330	1	4667	2	0	4620
Picture	full0n	other				790497	1	2666	2	0	2620
Picture	full1n	other				803330	1	3667	2	0	3620
Picture	full1i	other				814830	1	4833	2	0	4790
Picture	full1n	other				825663	1	3333	2	0	3290
Picture	full1i	other				837830	1	3833	2	0	3790
Picture	full0i	other				848830	1	3833	2	0	3790
Picture	full1n	other				862330	1	4500	2	0	4450
Picture	full0n	other				874663	1	4833	2	0	4790
Picture	full1i	other				885496	1	2667	2	0	2620
Picture	full0i	other				896996	1	4500	2	0	4450
Picture	full1n	other				909163	1	4333	2	0	4290
Picture	full0n	other				921329	2	3834	3	0	3790
Picture	blue0i	false alarm	2	5188	2	933663	1	2833	2	0	2790
Picture	full0n	other				947163	1	4166	2	0	4120
Picture	full0i	other				959329	1	2500	2	0	2450
Picture	full1i	other				972163	1	4833	2	0	4790
Picture	full1n	other				983163	1	2833	2	0	2790
Picture	full1i	other				995829	1	4000	2	0	3950
Picture	full0n	other				1009329	1	3833	3	0	3790
Picture	full1n	other				1020662	2	4667	3	0	4620
Picture	full1i	other				1032496	1	4000	2	0	3950
Picture	full1n	other				1043496	1	3166	2	0	3120
Picture	full0i	other				1056996	1	3833	2	0	3790
Picture	full1i	other				1070162	1	2500	2	0	2450
Picture	full0n	other				1082329	1	4333	2	0	4290
Picture	full0i	other				1095162	1	4000	2	0	3950
Picture	full0n	other				1107329	1	4166	3	0	4120
Picture	full1n	other				1119495	2	4167	3	0	4120
Picture	full0i	other				1132662	1	4333	2	0	4290
Picture	blue1i	false alarm	2	3776	2	1144162	1	4000	2	0	3950
Picture	full0n	other				1155162	1	2833	2	0	2790
Picture	full1n	other				1166495	1	4167	2	0	4120
Picture	full0i	other				1179162	1	3167	2	0	3120
Picture	full0n	other				1191829	1	3666	2	0	3620
Picture	full1i	other				1204662	1	3833	2	0	3790
Picture	full0i	other				1218162	1	3500	2	0	3450
Picture	full0n	other				1230495	1	2500	2	0	2450
Picture	full0i	other				1241995	1	2833	2	0	2790
Picture	full0n	other				1253328	1	3500	2	0	3450
Picture	full0i	other				1265662	1	3000	2	0	2950
Picture	full1n	other				1277828	1	5000	2	0	4950
Picture	full0n	other				1289995	1	4333	2	0	4290
Picture	full0i	other				1302328	1	4833	3	0	4790
Picture	full0n	other				1315828	1	3500	2	0	3450
Picture	blue0i	false alarm	2	4675	2	1327661	1	3834	2	0	3790
Picture	full0n	other				1339828	1	3333	2	0	3290
Picture	full0i	other				1352995	1	3000	2	0	2950
Picture	full1i	other				1363995	1	2666	2	0	2620
Picture	full1n	other				1377161	1	3334	2	0	3290
Picture	full0n	other				1390328	1	4833	2	0	4790
Picture	full1i	other				1403828	1	4333	2	0	4290
Picture	full1n	other				1415994	2	3834	3	0	3790
Picture	full1i	other				1427828	1	4000	2	0	3950
Picture	full1n	other				1438661	1	3167	2	0	3120
Picture	blue0i	other				1450828	1	4333	2	0	4290
Picture	full0n	other				1462661	1	3000	2	0	2950
Picture	full0i	other				1474994	1	4334	2	0	4290
Picture	full1i	other				1488161	1	2666	3	0	2620
Picture	full0n	other				1498994	1	4167	2	0	4120
Picture	full0i	other				1511161	1	4833	2	0	4790
Picture	full0n	other				1523827	1	2667	2	0	2620
Picture	full0i	other				1536661	1	3166	2	0	3120
Picture	full0n	other				1549494	1	4833	2	0	4790
Picture	full0i	other				1561661	1	3666	2	0	3620
Picture	blue1n	false alarm	2	4129	2	1573994	1	4500	2	0	4450
Picture	full0n	other				1586660	2	4167	3	0	4120
Picture	full0i	other				1599327	1	4667	2	0	4620
Picture	full1i	other				1612494	1	4333	2	0	4290
Picture	full1n	other				1623994	1	3666	2	0	3620
Picture	82	other				1634994	1	100166	2	0	next
Picture	82	other				1735160	1	10000	2	100000	next
Picture	82	other				1745160	1	10000	2	110000	next
Picture	82	other				1755160	1	9999	3	120000	next
Picture	82	other				1765159	2	10001	3	130000	next
Picture	82	other				1775160	1	10000	2	140000	next
Picture	82	other				1785160	1	10000	2	150000	next
Picture	82	other				1795160	1	10000	2	160000	next
Picture	82	other				1805160	1	10000	2	170000	next
Picture	82	other				1815160	1	10000	2	180000	next
Picture	82	other				1825160	1	10000	2	190000	10000
Picture	full0n	other				1835160	1	4666	2	0	4620
Picture	full1n	other				1846493	1	2667	2	0	2620
Picture	full1i	other				1858659	2	4334	3	0	4290
Picture	full1n	other				1870493	1	2666	3	0	2620
Picture	full0i	other				1881326	1	4000	2	0	3950
Picture	full0n	other				1894159	2	2500	3	0	2450
Picture	full1i	other				1905659	1	4834	2	0	4790
Picture	full0i	other				1917993	1	2500	2	0	2450
Picture	blue0n	false alarm	2	4260	2	1930159	1	2834	2	0	2790
Picture	full0i	other				1941993	1	4666	2	0	4620
Picture	full1n	other				1954826	1	4833	2	0	4790
Picture	full0n	other				1966159	1	4167	2	0	4120
Picture	full0i	other				1978826	1	4666	2	0	4620
Picture	blue1i	false alarm	2	3259	2	1991159	1	4000	2	0	3950
Picture	full1n	other				2002992	1	3000	2	0	2950
Picture	full1i	other				2013826	1	4333	2	0	4290
Picture	full1n	other				2025326	1	4166	2	0	4120
Picture	full0n	other				2037492	1	3167	2	0	3120
Picture	full1i	other				2050159	1	3833	2	0	3790
Picture	full1n	other				2063325	2	4167	3	0	4120
Picture	full0i	other				2075492	1	2500	2	0	2450
Picture	blue0n	false alarm	2	3848	2	2087659	1	4166	2	0	4120
Picture	full1i	other				2098659	1	3000	2	0	2950
Picture	full1n	other				2111325	1	2834	2	0	2790
Picture	full1i	other				2122159	1	3166	2	0	3120
Picture	full0i	other				2135325	1	4834	2	0	4790
Picture	full0n	other				2147492	1	4166	3	0	4120
Picture	full1n	other				2158492	1	5000	2	0	4950
Picture	full0i	other				2171992	1	4500	2	0	4450
Picture	full1i	other				2183325	1	4500	2	0	4450
Picture	full0n	other				2196492	1	4166	2	0	4120
Picture	full0i	other				2207992	1	4500	2	0	4450
Picture	blue0n	false alarm	2	5247	2	2220158	1	2500	2	0	2450
Picture	full1n	other				2231658	1	4000	2	0	3950
Picture	full1i	other				2243158	1	4833	3	0	4790
Picture	full0i	other				2256658	1	2833	2	0	2790
Picture	full0n	other				2269325	1	4333	2	0	4290
Picture	full0i	other				2280658	1	3333	2	0	3290
Picture	full0n	other				2292491	1	5000	2	0	4950
Picture	full1n	other				2304658	1	3167	2	0	3120
Picture	full1i	other				2315658	1	4000	2	0	3950
Picture	full1n	other				2326658	1	4000	2	0	3950
Picture	full0i	other				2337658	1	4833	2	0	4790
Picture	full1i	other				2348491	1	3000	2	0	2950
Picture	full0n	other				2360824	2	3167	3	0	3120
Picture	full0i	other				2373491	1	3333	2	0	3290
Picture	blue1n	other				2385658	1	2833	2	0	2790
Picture	full0n	other				2397991	1	4167	2	0	4120
Picture	full0i	other				2409824	1	3667	2	0	3620
Picture	full1i	other				2421991	1	3833	2	0	3790
Picture	full0n	other				2435491	1	3000	2	0	2950
Picture	full0i	other				2447324	1	4833	2	0	4790
Picture	full0n	other				2460824	1	4500	2	0	4450
Picture	full0i	other				2472324	1	4500	2	0	4450
Picture	full0n	other				2483657	1	3167	2	0	3120
Picture	full1n	other				2496824	1	4500	2	0	4450
Picture	blue0i	false alarm	2	8145	2	2509157	1	3167	2	0	3120
Picture	full0n	other				2521824	1	3500	2	0	3450
Picture	full0i	other				2534157	1	4333	3	0	4290
Picture	full0n	other				2544990	2	3000	3	0	2950
Picture	full0i	other				2557824	1	3500	2	0	3450
Picture	full0n	other				2569990	1	3334	2	0	3290
Picture	full1i	other				2582157	1	3167	2	0	3120
Picture	blue0i	false alarm	2	3767	2	2594324	1	4666	2	0	4620
Picture	full1n	other				2606490	2	2667	3	0	2620
Picture	full0n	other				2617324	1	3666	2	0	3620
Picture	full0i	other				2629657	1	4833	2	0	4790
Picture	full0n	other				2642823	2	3334	3	0	3290
Picture	full0i	other				2655990	1	3833	2	0	3790
Picture	full1i	other				2668157	1	3833	2	0	3790
Picture	full0n	other				2679990	1	4500	2	0	4450
Picture	full1n	other				2690990	1	4833	2	0	4790
Picture	full0i	other				2702823	1	2667	2	0	2620
Picture	full1i	other				2714323	1	4500	2	0	4450
Picture	full0n	other				2727823	1	4333	3	0	4290
Picture	full1n	other				2739323	1	3833	2	0	3790
Picture	full1i	other				2751656	1	2834	2	0	2790
Picture	blue1n	false alarm	2	3899	2	2762990	1	4166	2	0	4120
Picture	full1i	other				2773990	1	2500	2	0	2450
Picture	full0i	other				2786656	1	4834	2	0	4790
Picture	full0n	other				2799490	1	2833	2	0	2790
Picture	full0i	other				2812156	1	4000	2	0	3950
Picture	blue1n	false alarm	2	3832	2	2823156	1	3833	2	0	3790
Picture	full0n	other				2834156	1	4667	2	0	4620
Picture	full0i	other				2847656	1	4000	2	0	3950
Picture	full0n	other				2858989	1	3167	2	0	3120
Picture	full1i	other				2872489	1	3834	2	0	3790
Picture	full0i	other				2885156	1	2500	2	0	2450
Picture	full1n	other				2896489	1	4334	2	0	4290
Picture	full1i	other				2909156	1	4000	2	0	3950
Picture	full1n	other				2920656	1	4166	2	0	4120
Picture	full0n	other				2931656	1	4166	2	0	4120
Picture	full1i	other				2944489	1	4333	2	0	4290
Picture	full0i	other				2956656	1	4000	2	0	3950
Picture	full1n	other				2967989	1	2833	2	0	2790
Picture	blue0n	other				2978822	1	4167	2	0	4120
Picture	full1i	other				2990989	1	3167	2	0	3120
Picture	full1n	other				3002322	1	3667	2	0	3620
Picture	full0i	other				3015155	2	3834	3	0	3790
Picture	full1i	other				3026655	2	3500	3	0	3450
Picture	full1n	other				3038989	1	2500	2	0	2450
Picture	full1i	other				3052489	1	2833	2	0	2790
Picture	full1n	other				3065322	1	3500	2	0	3450
Picture	full1i	other				3077155	1	3000	2	0	2950
Picture	full0n	other				3090322	1	5000	2	0	4950
Picture	full1n	other				3101155	1	4333	3	0	4290
Picture	full1i	other				3114322	1	4833	2	0	4790
Picture	full1n	other				3126655	1	3500	2	0	3450
Picture	full1i	other				3139822	1	3833	2	0	3790
Picture	full1n	other				3152988	1	3334	2	0	3290
Picture	full1i	other				3165155	1	3000	2	0	2950
Picture	full0i	other				3177988	1	2667	2	0	2620
Picture	full0n	other				3188988	1	3334	2	0	3290
Picture	blue1n	other				3201655	1	4833	2	0	4790
Picture	full0i	other				3212988	1	4333	2	0	4290
Picture	full0n	other				3225155	1	3833	2	0	3790
Picture	full0i	other				3236655	1	4000	2	0	3950
Picture	full0n	other				3248488	1	3167	2	0	3120
Picture	full1i	other				3261988	1	4333	2	0	4290
Picture	full1n	other				3274155	1	3000	2	0	2950
Picture	full1i	other				3284988	1	4333	2	0	4290
Picture	blue0i	other				3298488	1	2666	3	0	2620
Picture	full1n	other				3311988	1	4166	2	0	4120
Picture	full1i	other				3322821	1	4833	2	0	4790
Picture	full1n	other				3334321	1	2667	2	0	2620
Picture	full1i	other				3346654	1	3167	2	0	3120
Picture	full1n	other				3359488	1	4833	2	0	4790
Picture	full1i	other				3370821	1	3667	2	0	3620
Picture	full0n	other				3383654	1	4500	2	0	4450
Picture	full1n	other				3396487	2	4167	3	0	4120
Picture	blue1i	other				3408321	1	4666	2	0	4620
Picture	full0i	other				3420487	2	4334	3	0	4290
Picture	full0n	other				3433654	1	3667	2	0	3620
Picture	default	other				3445821	1	2666	2	0	2500
Picture	default	other				3465987	1	7516	2	0	2500
