Scenario - visual LTP Rap V4.0 HVB (based on combined block 1+2 from old 45 135 degree pilot)
Logfile written - 08/05/2015 13:30:08

Subject	Trial	Event Type	Code	Time	TTime	Uncertainty	Duration	Uncertainty	ReqTime	ReqDur

05_S0303_v0	1	Response	128	-5821	4012	1
05_S0303_v0	3	Picture	full1n	4666	0	1	4667	2	0	4620
05_S0303_v0	4	Picture	full0n	16136	0	198	2697	199	0	2620
05_S0303_v0	5	Picture	full0i	27999	0	1	4334	2	0	4290
05_S0303_v0	6	Picture	blue0n	40799	0	201	2700	202	0	2620
05_S0303_v0	6	Response	10	45083	4284	2
05_S0303_v0	7	Picture	full1i	52799	0	201	4034	202	0	3950
05_S0303_v0	8	Picture	full1n	63832	0	2	2500	4	0	2450
05_S0303_v0	9	Picture	full0i	75166	0	1	4833	2	0	4790
05_S0303_v0	10	Picture	full1i	85999	0	1	2500	2	0	2450
05_S0303_v0	11	Picture	full0n	98166	0	1	2833	2	0	2790
05_S0303_v0	12	Picture	full1n	111666	0	1	4666	2	0	4620
05_S0303_v0	13	Picture	full1i	123832	0	1	4834	2	0	4790
05_S0303_v0	14	Picture	full1n	134666	0	1	4166	2	0	4120
05_S0303_v0	15	Picture	full1i	147499	0	1	4667	2	0	4620
05_S0303_v0	16	Picture	full0i	160665	0	2	4000	3	0	3950
05_S0303_v0	17	Picture	blue0n	173332	0	1	3000	2	0	2950
05_S0303_v0	17	Response	10	177082	3750	1
05_S0303_v0	18	Picture	full0i	185499	0	1	4333	2	0	4290
05_S0303_v0	19	Picture	full0n	196332	0	1	4167	2	0	4120
05_S0303_v0	20	Picture	full1n	208999	0	1	3166	2	0	3120
05_S0303_v0	21	Picture	full0i	219999	0	1	3833	2	0	3790
05_S0303_v0	22	Picture	full0n	232832	0	1	4167	2	0	4120
05_S0303_v0	23	Picture	full1i	244332	0	1	2500	2	0	2450
05_S0303_v0	24	Picture	full1n	256165	0	1	4167	2	0	4120
05_S0303_v0	25	Picture	full0i	266998	0	2	3000	3	0	2950
05_S0303_v0	26	Picture	full0n	279665	0	1	2833	2	0	2790
05_S0303_v0	27	Picture	full0i	291498	0	1	3167	2	0	3120
05_S0303_v0	28	Picture	full1i	302998	0	1	4834	2	0	4790
05_S0303_v0	29	Picture	blue1n	314332	0	1	4166	2	0	4120
05_S0303_v0	29	Response	10	317780	3448	1
05_S0303_v0	30	Picture	full0n	325832	0	1	5000	2	0	4950
05_S0303_v0	31	Picture	full1i	337998	0	1	4500	2	0	4450
05_S0303_v0	32	Picture	full1n	349331	0	2	4500	3	0	4450
05_S0303_v0	33	Picture	full1i	360665	0	1	4166	2	0	4120
05_S0303_v0	34	Picture	full1n	374165	0	1	4500	2	0	4450
05_S0303_v0	35	Picture	full0i	386998	0	1	2500	2	0	2450
05_S0303_v0	36	Picture	full0n	398331	0	1	4000	2	0	3950
05_S0303_v0	37	Picture	full0i	410998	0	1	4833	2	0	4790
05_S0303_v0	38	Picture	full1i	422498	0	1	2833	2	0	2790
05_S0303_v0	39	Picture	full1n	435665	0	1	4333	2	0	4290
05_S0303_v0	40	Picture	full1i	447831	0	1	3333	2	0	3290
05_S0303_v0	41	Picture	full1n	460164	0	2	5000	3	0	4950
05_S0303_v0	42	Picture	full0n	472498	0	1	3166	2	0	3120
05_S0303_v0	43	Picture	full0i	483998	0	1	4000	2	0	3950
05_S0303_v0	44	Picture	full0n	497498	0	1	4000	2	0	3950
05_S0303_v0	45	Picture	blue1i	510998	0	1	4833	2	0	4790
05_S0303_v0	45	Response	10	514768	3770	1
05_S0303_v0	46	Picture	full0i	522831	0	1	3000	2	0	2950
05_S0303_v0	47	Picture	full1n	535664	0	1	3167	2	0	3120
05_S0303_v0	48	Picture	full1i	548831	0	1	3333	2	0	3290
05_S0303_v0	49	Picture	full0n	561497	0	2	2834	3	0	2790
05_S0303_v0	50	Picture	blue1n	572831	0	1	4166	2	0	4120
05_S0303_v0	50	Response	10	576767	3936	1
05_S0303_v0	51	Picture	full1i	583831	0	1	3666	2	0	3620
05_S0303_v0	52	Picture	blue0i	594664	0	1	3833	2	0	3790
05_S0303_v0	52	Response	10	599067	4403	1
05_S0303_v0	53	Picture	full1n	605664	0	1	3000	2	0	2950
05_S0303_v0	54	Picture	full1i	617497	0	1	4834	2	0	4790
05_S0303_v0	55	Picture	full1n	629664	0	1	4500	2	0	4450
05_S0303_v0	56	Picture	full1i	641497	0	1	4500	2	0	4450
05_S0303_v0	57	Picture	blue1n	653830	0	2	3167	3	0	3120
05_S0303_v0	57	Response	10	657466	3636	1
05_S0303_v0	58	Picture	full0n	665164	0	1	4500	2	0	4450
05_S0303_v0	59	Picture	full1i	676664	0	1	3166	2	0	3120
05_S0303_v0	60	Picture	full1n	687997	0	1	3500	2	0	3450
05_S0303_v0	61	Picture	full1i	698830	0	1	4334	2	0	4290
05_S0303_v0	62	Picture	full1n	709830	0	1	3000	2	0	2950
05_S0303_v0	63	Picture	full1i	721164	0	1	3499	3	0	3450
05_S0303_v0	64	Picture	blue1n	732997	0	1	3333	2	0	3290
05_S0303_v0	64	Response	10	736665	3668	1
05_S0303_v0	65	Picture	full0i	745330	0	1	3167	2	0	3120
05_S0303_v0	66	Picture	full1i	758497	0	1	4666	2	0	4620
05_S0303_v0	67	Picture	full0n	770663	0	1	2667	2	0	2620
05_S0303_v0	68	Picture	full1n	783497	0	1	3666	2	0	3620
05_S0303_v0	69	Picture	full1i	794997	0	1	4833	2	0	4790
05_S0303_v0	70	Picture	full1n	805830	0	1	3333	2	0	3290
05_S0303_v0	71	Picture	full1i	817996	0	2	3834	3	0	3790
05_S0303_v0	72	Picture	full0i	828996	0	2	3834	3	0	3790
05_S0303_v0	73	Picture	full1n	842496	0	2	4500	3	0	4450
05_S0303_v0	74	Picture	full0n	854830	0	1	4833	2	0	4790
05_S0303_v0	75	Picture	full1i	865663	0	1	2667	2	0	2620
05_S0303_v0	76	Picture	full0i	877163	0	1	4500	2	0	4450
05_S0303_v0	77	Picture	full1n	889330	0	1	4333	2	0	4290
05_S0303_v0	78	Picture	full0n	901496	0	1	3834	2	0	3790
05_S0303_v0	79	Picture	blue0i	913829	0	2	2834	3	0	2790
05_S0303_v0	79	Response	10	919753	5924	1
05_S0303_v0	80	Picture	full0n	927329	0	2	4167	3	0	4120
05_S0303_v0	81	Picture	full0i	939496	0	1	2500	2	0	2450
05_S0303_v0	82	Picture	full1i	952329	0	1	4834	2	0	4790
05_S0303_v0	83	Picture	full1n	963329	0	1	2834	2	0	2790
05_S0303_v0	84	Picture	full1i	975996	0	1	4000	2	0	3950
05_S0303_v0	85	Picture	full0n	989496	0	1	3833	2	0	3790
05_S0303_v0	86	Picture	full1n	1000829	0	1	4667	2	0	4620
05_S0303_v0	87	Picture	full1i	1012662	0	2	4000	4	0	3950
05_S0303_v0	88	Picture	full1n	1023662	0	2	3167	3	0	3120
05_S0303_v0	89	Picture	full0i	1037162	0	2	3834	3	0	3790
05_S0303_v0	90	Picture	full1i	1050329	0	1	2500	2	0	2450
05_S0303_v0	91	Picture	full0n	1062496	0	1	4333	2	0	4290
05_S0303_v0	92	Picture	full0i	1075329	0	1	4000	2	0	3950
05_S0303_v0	93	Picture	full0n	1087496	0	1	4166	2	0	4120
05_S0303_v0	94	Picture	full1n	1099662	0	1	4167	2	0	4120
05_S0303_v0	95	Picture	full0i	1112829	0	1	4333	2	0	4290
05_S0303_v0	96	Picture	blue1i	1124329	0	1	4000	2	0	3950
05_S0303_v0	96	Response	10	1127950	3621	1
05_S0303_v0	97	Picture	full0n	1135329	0	1	2833	2	0	2790
05_S0303_v0	98	Picture	full1n	1146662	0	1	4167	2	0	4120
05_S0303_v0	99	Picture	full0i	1159329	0	1	3166	2	0	3120
05_S0303_v0	100	Picture	full0n	1171995	0	1	3667	2	0	3620
05_S0303_v0	101	Picture	full1i	1184829	0	1	4049	931	0	3790
05_S0303_v0	102	Picture	full0i	1198328	0	2	3500	4	0	3450
05_S0303_v0	103	Picture	full0n	1210909	0	929	2813	1858	0	2450
05_S0303_v0	104	Picture	full0i	1222495	0	1	2833	2	0	2790
05_S0303_v0	105	Picture	full0n	1233750	0	119	3578	121	0	3450
05_S0303_v0	106	Picture	full0i	1246142	0	28	3020	29	0	2950
05_S0303_v0	107	Picture	full1n	1258162	0	1	5000	2	0	4950
05_S0303_v0	108	Picture	full0n	1270328	0	2	4319	48	0	4290
05_S0303_v0	109	Picture	full0i	1282662	0	1	4833	3	0	4790
05_S0303_v0	110	Picture	full0n	1296161	0	3	3500	5	0	3450
05_S0303_v0	111	Picture	blue0i	1307995	0	1	3833	2	0	3790
05_S0303_v0	111	Response	10	1312748	4753	1
05_S0303_v0	112	Picture	full0n	1320161	0	2	3334	3	0	3290
05_S0303_v0	113	Picture	full0i	1333328	0	1	3000	2	0	2950
05_S0303_v0	114	Picture	full1i	1344328	0	1	2667	2	0	2620
05_S0303_v0	115	Picture	full1n	1357495	0	1	3333	2	0	3290
05_S0303_v0	116	Picture	full0n	1370661	0	1	4834	2	0	4790
05_S0303_v0	117	Picture	full1i	1384161	0	1	4333	3	0	4290
05_S0303_v0	118	Picture	full1n	1396328	0	1	3833	2	0	3790
05_S0303_v0	119	Picture	full1i	1408161	0	1	4000	2	0	3950
05_S0303_v0	120	Picture	full1n	1418994	0	2	3167	3	0	3120
05_S0303_v0	121	Picture	blue0i	1431161	0	1	4333	2	0	4290
05_S0303_v0	121	Response	10	1434937	3776	1
05_S0303_v0	122	Picture	full0n	1442994	0	1	3000	2	0	2950
05_S0303_v0	123	Picture	full0i	1455328	0	1	4333	2	0	4290
05_S0303_v0	124	Picture	full1i	1468494	0	1	2667	2	0	2620
05_S0303_v0	125	Picture	full0n	1479328	0	1	4166	2	0	4120
05_S0303_v0	126	Picture	full0i	1491494	0	1	4833	2	0	4790
05_S0303_v0	127	Picture	full0n	1504161	0	1	2666	2	0	2620
05_S0303_v0	128	Picture	full0i	1516994	0	1	3167	2	0	3120
05_S0303_v0	129	Picture	full0n	1529827	0	1	4834	2	0	4790
05_S0303_v0	130	Picture	full0i	1541994	0	1	3667	2	0	3620
05_S0303_v0	131	Picture	blue1n	1554327	0	1	4500	2	0	4450
05_S0303_v0	131	Response	10	1564335	10008	1
05_S0303_v0	132	Picture	full0n	1566994	0	1	4167	2	0	4120
05_S0303_v0	133	Picture	full0i	1579660	0	2	4667	3	0	4620
05_S0303_v0	134	Picture	full1i	1592827	0	1	4333	2	0	4290
05_S0303_v0	135	Picture	full1n	1604327	0	1	3667	2	0	3620
05_S0303_v0	136	Picture	82	1615327	0	1	100166	2	0	next
05_S0303_v0	136	Picture	82	1715493	100166	1	10000	2	100000	next
05_S0303_v0	136	Picture	82	1725493	110166	1	10000	2	110000	next
05_S0303_v0	136	Picture	82	1735493	120166	1	10000	2	120000	next
05_S0303_v0	136	Picture	82	1745493	130166	1	10000	2	130000	next
05_S0303_v0	136	Picture	82	1755493	140166	1	10000	2	140000	next
05_S0303_v0	136	Picture	82	1765493	150166	1	10000	2	150000	next
05_S0303_v0	136	Picture	82	1775493	160166	1	10000	2	160000	next
05_S0303_v0	136	Picture	82	1785493	170166	1	10000	2	170000	next
05_S0303_v0	136	Picture	82	1795493	180166	1	10000	2	180000	next
05_S0303_v0	136	Picture	82	1805493	190166	1	10000	2	190000	10000
05_S0303_v0	137	Picture	full0n	1815493	0	1	4667	2	0	4620
05_S0303_v0	138	Picture	full1n	1826826	0	1	2667	2	0	2620
05_S0303_v0	139	Picture	full1i	1838993	0	1	4333	2	0	4290
05_S0303_v0	140	Picture	full1n	1850826	0	1	2667	2	0	2620
05_S0303_v0	141	Picture	full0i	1861659	0	2	4000	4	0	3950
05_S0303_v0	142	Picture	full0n	1874493	0	1	2500	2	0	2450
05_S0303_v0	143	Picture	full1i	1885993	0	1	4833	2	0	4790
05_S0303_v0	144	Picture	full0i	1898326	0	1	2500	2	0	2450
05_S0303_v0	145	Picture	blue0n	1910493	0	1	2833	2	0	2790
05_S0303_v0	145	Response	10	1914821	4328	1
05_S0303_v0	146	Picture	full0i	1922326	0	1	4667	2	0	4620
05_S0303_v0	147	Picture	full1n	1935159	0	1	4834	2	0	4790
05_S0303_v0	148	Picture	full0n	1946493	0	1	4166	2	0	4120
05_S0303_v0	149	Picture	full0i	1959159	0	1	4667	2	0	4620
05_S0303_v0	150	Picture	blue1i	1971492	0	2	4000	3	0	3950
05_S0303_v0	150	Response	10	1978720	7228	1
05_S0303_v0	151	Picture	full1n	1983326	0	1	3000	2	0	2950
05_S0303_v0	152	Picture	full1i	1994159	0	1	4333	2	0	4290
05_S0303_v0	153	Picture	full1n	2005659	0	1	4167	2	0	4120
05_S0303_v0	154	Picture	full0n	2017826	0	1	3166	2	0	3120
05_S0303_v0	155	Picture	full1i	2030492	0	1	3834	2	0	3790
05_S0303_v0	156	Picture	full1n	2043659	0	1	4167	2	0	4120
05_S0303_v0	157	Picture	full0i	2055825	0	2	2500	4	0	2450
05_S0303_v0	158	Picture	blue0n	2067992	0	1	4167	2	0	4120
05_S0303_v0	158	Response	10	2072019	4027	1
05_S0303_v0	159	Picture	full1i	2078992	0	1	3000	2	0	2950
05_S0303_v0	160	Picture	full1n	2091659	0	1	2833	2	0	2790
05_S0303_v0	161	Picture	full1i	2102492	0	1	3167	2	0	3120
05_S0303_v0	162	Picture	full0i	2115659	0	1	4833	2	0	4790
05_S0303_v0	163	Picture	full0n	2127825	0	1	4167	2	0	4120
05_S0303_v0	164	Picture	full1n	2138825	0	1	5000	2	0	4950
05_S0303_v0	165	Picture	full0i	2152325	0	1	4500	2	0	4450
05_S0303_v0	166	Picture	full1i	2163658	0	2	4500	3	0	4450
05_S0303_v0	167	Picture	full0n	2176825	0	1	4167	2	0	4120
05_S0303_v0	168	Picture	full0i	2188325	0	1	4500	2	0	4450
05_S0303_v0	169	Picture	blue0n	2200492	0	1	2500	2	0	2450
05_S0303_v0	169	Response	10	2204117	3625	1
05_S0303_v0	170	Picture	full1n	2211992	0	1	4000	2	0	3950
05_S0303_v0	171	Picture	full1i	2223492	0	1	4833	2	0	4790
05_S0303_v0	172	Picture	full0i	2236992	0	1	2833	2	0	2790
05_S0303_v0	173	Picture	full0n	2249658	0	1	4333	3	0	4290
05_S0303_v0	174	Picture	full0i	2260991	0	2	3334	3	0	3290
05_S0303_v0	175	Picture	full0n	2272825	0	1	5000	2	0	4950
05_S0303_v0	176	Picture	full1n	2284991	0	1	3167	2	0	3120
05_S0303_v0	177	Picture	full1i	2295991	0	1	4000	2	0	3950
05_S0303_v0	178	Picture	full1n	2306991	0	1	4000	2	0	3950
05_S0303_v0	179	Picture	full0i	2317991	0	1	4834	2	0	4790
05_S0303_v0	180	Picture	full1i	2328825	0	1	3000	2	0	2950
05_S0303_v0	181	Picture	full0n	2341158	0	1	3166	3	0	3120
05_S0303_v0	182	Picture	full0i	2353824	0	2	3334	3	0	3290
05_S0303_v0	183	Picture	blue1n	2365991	0	1	2833	2	0	2790
05_S0303_v0	183	Response	10	2369215	3224	2
05_S0303_v0	184	Picture	full0n	2378324	0	1	4167	2	0	4120
05_S0303_v0	185	Picture	full0i	2390158	0	1	3666	2	0	3620
05_S0303_v0	186	Picture	full1i	2402324	0	1	3834	2	0	3790
05_S0303_v0	187	Picture	full0n	2415824	0	1	3000	2	0	2950
05_S0303_v0	188	Picture	full0i	2427658	0	1	4833	2	0	4790
05_S0303_v0	189	Picture	full0n	2441157	0	2	4500	3	0	4450
05_S0303_v0	190	Picture	full0i	2452657	0	2	4500	3	0	4450
05_S0303_v0	191	Picture	full0n	2463991	0	1	3166	2	0	3120
05_S0303_v0	192	Picture	full1n	2477157	0	1	4500	2	0	4450
05_S0303_v0	193	Picture	blue0i	2489491	0	1	3166	2	0	3120
05_S0303_v0	193	Response	10	2493504	4013	1
05_S0303_v0	194	Picture	full0n	2502157	0	1	3500	2	0	3450
05_S0303_v0	195	Picture	full0i	2514491	0	1	4333	2	0	4290
05_S0303_v0	196	Picture	full0n	2525324	0	1	3000	2	0	2950
05_S0303_v0	197	Picture	full0i	2538157	0	1	3500	2	0	3450
05_S0303_v0	198	Picture	full0n	2550324	0	1	3333	2	0	3290
05_S0303_v0	199	Picture	full1i	2562490	0	1	3167	2	0	3120
05_S0303_v0	200	Picture	blue0i	2574657	0	1	4667	2	0	4620
05_S0303_v0	201	Picture	full1n	2586824	0	1	2666	2	0	2620
05_S0303_v0	202	Picture	full0n	2597657	0	1	3667	2	0	3620
05_S0303_v0	203	Picture	full0i	2609990	0	1	4834	2	0	4790
05_S0303_v0	204	Picture	full0n	2623157	0	1	3333	2	0	3290
05_S0303_v0	205	Picture	full0i	2636323	0	2	3834	3	0	3790
05_S0303_v0	206	Picture	full1i	2648490	0	1	3833	2	0	3790
05_S0303_v0	207	Picture	full0n	2660323	0	1	4500	2	0	4450
05_S0303_v0	208	Picture	full1n	2671323	0	1	4834	2	0	4790
05_S0303_v0	209	Picture	full0i	2683157	0	1	2666	2	0	2620
05_S0303_v0	210	Picture	full1i	2694657	0	1	4500	2	0	4450
05_S0303_v0	211	Picture	full0n	2708157	0	1	4333	2	0	4290
05_S0303_v0	212	Picture	full1n	2719656	0	2	3834	3	0	3790
05_S0303_v0	213	Picture	full1i	2731990	0	1	2833	2	0	2790
05_S0303_v0	214	Picture	blue1n	2743323	0	1	4167	2	0	4120
05_S0303_v0	215	Picture	full1i	2754323	0	1	2500	2	0	2450
05_S0303_v0	216	Picture	full0i	2766990	0	1	4833	2	0	4790
05_S0303_v0	217	Picture	full0n	2779823	0	1	2833	2	0	2790
05_S0303_v0	218	Picture	full0i	2792490	0	1	4000	2	0	3950
05_S0303_v0	219	Picture	blue1n	2803490	0	1	3833	2	0	3790
05_S0303_v0	220	Picture	full0n	2814490	0	1	4666	2	0	4620
05_S0303_v0	221	Picture	full0i	2827989	0	2	4000	3	0	3950
05_S0303_v0	222	Picture	full0n	2839323	0	1	3166	2	0	3120
05_S0303_v0	223	Picture	full1i	2852823	0	1	3833	2	0	3790
05_S0303_v0	224	Picture	full0i	2865489	0	1	2500	2	0	2450
05_S0303_v0	225	Picture	full1n	2876823	0	1	4333	2	0	4290
05_S0303_v0	226	Picture	full1i	2889489	0	1	4000	2	0	3950
05_S0303_v0	227	Picture	full1n	2900989	0	1	4167	2	0	4120
05_S0303_v0	228	Picture	full0n	2911989	0	1	4167	2	0	4120
05_S0303_v0	229	Picture	full1i	2924822	0	2	4334	3	0	4290
05_S0303_v0	230	Picture	full0i	2936989	0	1	4000	2	0	3950
05_S0303_v0	231	Picture	full1n	2948322	0	1	2834	2	0	2790
05_S0303_v0	232	Picture	blue0n	2959156	0	1	4166	2	0	4120
05_S0303_v0	233	Picture	full1i	2971322	0	1	3167	2	0	3120
05_S0303_v0	234	Picture	full1n	2982656	0	1	3666	2	0	3620
05_S0303_v0	235	Picture	full0i	2995489	0	1	3833	2	0	3790
05_S0303_v0	236	Picture	full1i	3006989	0	1	3500	2	0	3450
05_S0303_v0	237	Picture	full1n	3019322	0	1	2500	2	0	2450
05_S0303_v0	238	Picture	full1i	3032822	0	1	2833	2	0	2790
05_S0303_v0	239	Picture	full1n	3045655	0	1	3500	2	0	3450
05_S0303_v0	240	Picture	full1i	3057489	0	1	3000	2	0	2950
05_S0303_v0	241	Picture	full0n	3070655	0	1	5000	2	0	4950
05_S0303_v0	242	Picture	full1n	3081489	0	1	4333	2	0	4290
05_S0303_v0	243	Picture	full1i	3094655	0	1	4834	2	0	4790
05_S0303_v0	244	Picture	full1n	3106988	0	2	3500	4	0	3450
05_S0303_v0	245	Picture	full1i	3120155	0	1	3833	2	0	3790
05_S0303_v0	246	Picture	full1n	3133322	0	1	3333	2	0	3290
05_S0303_v0	247	Picture	full1i	3145488	0	1	3000	2	0	2950
05_S0303_v0	248	Picture	full0i	3158322	0	1	2666	2	0	2620
05_S0303_v0	249	Picture	full0n	3169322	0	1	3333	2	0	3290
05_S0303_v0	250	Picture	blue1n	3181988	0	1	4833	3	0	4790
05_S0303_v0	250	Response	10	3185786	3798	1
05_S0303_v0	251	Picture	full0i	3193322	0	1	4333	2	0	4290
05_S0303_v0	252	Picture	full0n	3205488	0	1	3833	3	0	3790
05_S0303_v0	253	Picture	full0i	3216988	0	1	4000	2	0	3950
05_S0303_v0	254	Picture	full0n	3228821	0	2	3167	3	0	3120
05_S0303_v0	255	Picture	full1i	3242321	0	1	4334	2	0	4290
05_S0303_v0	256	Picture	full1n	3254488	0	1	3000	2	0	2950
05_S0303_v0	257	Picture	full1i	3265321	0	1	4334	2	0	4290
05_S0303_v0	258	Picture	blue0i	3278821	0	1	2667	2	0	2620
05_S0303_v0	258	Response	10	3282585	3764	1
05_S0303_v0	259	Picture	full1n	3292321	0	1	4167	2	0	4120
05_S0303_v0	260	Picture	full1i	3303154	0	2	4834	3	0	4790
05_S0303_v0	261	Picture	full1n	3314654	0	2	2667	3	0	2620
05_S0303_v0	262	Picture	full1i	3326988	0	1	3166	2	0	3120
05_S0303_v0	263	Picture	full1n	3339821	0	1	4833	2	0	4790
05_S0303_v0	264	Picture	full1i	3351154	0	1	3667	2	0	3620
05_S0303_v0	265	Picture	full0n	3363988	0	1	4500	2	0	4450
05_S0303_v0	266	Picture	full1n	3376821	0	1	4167	2	0	4120
05_S0303_v0	267	Picture	blue1i	3388654	0	1	4667	2	0	4620
05_S0303_v0	268	Picture	full0i	3400821	0	1	4333	2	0	4290
05_S0303_v0	269	Picture	full0n	3413987	0	2	3667	3	0	3620
05_S0303_v0	270	Picture	default	3426154	0	1	2667	2	0	2500
05_S0303_v0	271	Picture	default	3446321	0	1	7467	2	0	2500


Event Type	Code	Type	Response	RT	RT Uncertainty	Time	Uncertainty	Duration	Uncertainty	ReqTime	ReqDur

Picture	full1n	other				4666	1	4667	2	0	4620
Picture	full0n	other				16136	198	2697	199	0	2620
Picture	full0i	other				27999	1	4334	2	0	4290
Picture	blue0n	false alarm	2	4284	203	40799	201	2700	202	0	2620
Picture	full1i	other				52799	201	4034	202	0	3950
Picture	full1n	other				63832	2	2500	4	0	2450
Picture	full0i	other				75166	1	4833	2	0	4790
Picture	full1i	other				85999	1	2500	2	0	2450
Picture	full0n	other				98166	1	2833	2	0	2790
Picture	full1n	other				111666	1	4666	2	0	4620
Picture	full1i	other				123832	1	4834	2	0	4790
Picture	full1n	other				134666	1	4166	2	0	4120
Picture	full1i	other				147499	1	4667	2	0	4620
Picture	full0i	other				160665	2	4000	3	0	3950
Picture	blue0n	false alarm	2	3750	2	173332	1	3000	2	0	2950
Picture	full0i	other				185499	1	4333	2	0	4290
Picture	full0n	other				196332	1	4167	2	0	4120
Picture	full1n	other				208999	1	3166	2	0	3120
Picture	full0i	other				219999	1	3833	2	0	3790
Picture	full0n	other				232832	1	4167	2	0	4120
Picture	full1i	other				244332	1	2500	2	0	2450
Picture	full1n	other				256165	1	4167	2	0	4120
Picture	full0i	other				266998	2	3000	3	0	2950
Picture	full0n	other				279665	1	2833	2	0	2790
Picture	full0i	other				291498	1	3167	2	0	3120
Picture	full1i	other				302998	1	4834	2	0	4790
Picture	blue1n	false alarm	2	3448	2	314332	1	4166	2	0	4120
Picture	full0n	other				325832	1	5000	2	0	4950
Picture	full1i	other				337998	1	4500	2	0	4450
Picture	full1n	other				349331	2	4500	3	0	4450
Picture	full1i	other				360665	1	4166	2	0	4120
Picture	full1n	other				374165	1	4500	2	0	4450
Picture	full0i	other				386998	1	2500	2	0	2450
Picture	full0n	other				398331	1	4000	2	0	3950
Picture	full0i	other				410998	1	4833	2	0	4790
Picture	full1i	other				422498	1	2833	2	0	2790
Picture	full1n	other				435665	1	4333	2	0	4290
Picture	full1i	other				447831	1	3333	2	0	3290
Picture	full1n	other				460164	2	5000	3	0	4950
Picture	full0n	other				472498	1	3166	2	0	3120
Picture	full0i	other				483998	1	4000	2	0	3950
Picture	full0n	other				497498	1	4000	2	0	3950
Picture	blue1i	false alarm	2	3770	2	510998	1	4833	2	0	4790
Picture	full0i	other				522831	1	3000	2	0	2950
Picture	full1n	other				535664	1	3167	2	0	3120
Picture	full1i	other				548831	1	3333	2	0	3290
Picture	full0n	other				561497	2	2834	3	0	2790
Picture	blue1n	false alarm	2	3936	2	572831	1	4166	2	0	4120
Picture	full1i	other				583831	1	3666	2	0	3620
Picture	blue0i	false alarm	2	4403	2	594664	1	3833	2	0	3790
Picture	full1n	other				605664	1	3000	2	0	2950
Picture	full1i	other				617497	1	4834	2	0	4790
Picture	full1n	other				629664	1	4500	2	0	4450
Picture	full1i	other				641497	1	4500	2	0	4450
Picture	blue1n	false alarm	2	3636	3	653830	2	3167	3	0	3120
Picture	full0n	other				665164	1	4500	2	0	4450
Picture	full1i	other				676664	1	3166	2	0	3120
Picture	full1n	other				687997	1	3500	2	0	3450
Picture	full1i	other				698830	1	4334	2	0	4290
Picture	full1n	other				709830	1	3000	2	0	2950
Picture	full1i	other				721164	1	3499	3	0	3450
Picture	blue1n	false alarm	2	3668	2	732997	1	3333	2	0	3290
Picture	full0i	other				745330	1	3167	2	0	3120
Picture	full1i	other				758497	1	4666	2	0	4620
Picture	full0n	other				770663	1	2667	2	0	2620
Picture	full1n	other				783497	1	3666	2	0	3620
Picture	full1i	other				794997	1	4833	2	0	4790
Picture	full1n	other				805830	1	3333	2	0	3290
Picture	full1i	other				817996	2	3834	3	0	3790
Picture	full0i	other				828996	2	3834	3	0	3790
Picture	full1n	other				842496	2	4500	3	0	4450
Picture	full0n	other				854830	1	4833	2	0	4790
Picture	full1i	other				865663	1	2667	2	0	2620
Picture	full0i	other				877163	1	4500	2	0	4450
Picture	full1n	other				889330	1	4333	2	0	4290
Picture	full0n	other				901496	1	3834	2	0	3790
Picture	blue0i	false alarm	2	5924	3	913829	2	2834	3	0	2790
Picture	full0n	other				927329	2	4167	3	0	4120
Picture	full0i	other				939496	1	2500	2	0	2450
Picture	full1i	other				952329	1	4834	2	0	4790
Picture	full1n	other				963329	1	2834	2	0	2790
Picture	full1i	other				975996	1	4000	2	0	3950
Picture	full0n	other				989496	1	3833	2	0	3790
Picture	full1n	other				1000829	1	4667	2	0	4620
Picture	full1i	other				1012662	2	4000	4	0	3950
Picture	full1n	other				1023662	2	3167	3	0	3120
Picture	full0i	other				1037162	2	3834	3	0	3790
Picture	full1i	other				1050329	1	2500	2	0	2450
Picture	full0n	other				1062496	1	4333	2	0	4290
Picture	full0i	other				1075329	1	4000	2	0	3950
Picture	full0n	other				1087496	1	4166	2	0	4120
Picture	full1n	other				1099662	1	4167	2	0	4120
Picture	full0i	other				1112829	1	4333	2	0	4290
Picture	blue1i	false alarm	2	3621	2	1124329	1	4000	2	0	3950
Picture	full0n	other				1135329	1	2833	2	0	2790
Picture	full1n	other				1146662	1	4167	2	0	4120
Picture	full0i	other				1159329	1	3166	2	0	3120
Picture	full0n	other				1171995	1	3667	2	0	3620
Picture	full1i	other				1184829	1	4049	931	0	3790
Picture	full0i	other				1198328	2	3500	4	0	3450
Picture	full0n	other				1210909	929	2813	1858	0	2450
Picture	full0i	other				1222495	1	2833	2	0	2790
Picture	full0n	other				1233750	119	3578	121	0	3450
Picture	full0i	other				1246142	28	3020	29	0	2950
Picture	full1n	other				1258162	1	5000	2	0	4950
Picture	full0n	other				1270328	2	4319	48	0	4290
Picture	full0i	other				1282662	1	4833	3	0	4790
Picture	full0n	other				1296161	3	3500	5	0	3450
Picture	blue0i	false alarm	2	4753	2	1307995	1	3833	2	0	3790
Picture	full0n	other				1320161	2	3334	3	0	3290
Picture	full0i	other				1333328	1	3000	2	0	2950
Picture	full1i	other				1344328	1	2667	2	0	2620
Picture	full1n	other				1357495	1	3333	2	0	3290
Picture	full0n	other				1370661	1	4834	2	0	4790
Picture	full1i	other				1384161	1	4333	3	0	4290
Picture	full1n	other				1396328	1	3833	2	0	3790
Picture	full1i	other				1408161	1	4000	2	0	3950
Picture	full1n	other				1418994	2	3167	3	0	3120
Picture	blue0i	false alarm	2	3776	2	1431161	1	4333	2	0	4290
Picture	full0n	other				1442994	1	3000	2	0	2950
Picture	full0i	other				1455328	1	4333	2	0	4290
Picture	full1i	other				1468494	1	2667	2	0	2620
Picture	full0n	other				1479328	1	4166	2	0	4120
Picture	full0i	other				1491494	1	4833	2	0	4790
Picture	full0n	other				1504161	1	2666	2	0	2620
Picture	full0i	other				1516994	1	3167	2	0	3120
Picture	full0n	other				1529827	1	4834	2	0	4790
Picture	full0i	other				1541994	1	3667	2	0	3620
Picture	blue1n	false alarm	2	10008	2	1554327	1	4500	2	0	4450
Picture	full0n	other				1566994	1	4167	2	0	4120
Picture	full0i	other				1579660	2	4667	3	0	4620
Picture	full1i	other				1592827	1	4333	2	0	4290
Picture	full1n	other				1604327	1	3667	2	0	3620
Picture	82	other				1615327	1	100166	2	0	next
Picture	82	other				1715493	1	10000	2	100000	next
Picture	82	other				1725493	1	10000	2	110000	next
Picture	82	other				1735493	1	10000	2	120000	next
Picture	82	other				1745493	1	10000	2	130000	next
Picture	82	other				1755493	1	10000	2	140000	next
Picture	82	other				1765493	1	10000	2	150000	next
Picture	82	other				1775493	1	10000	2	160000	next
Picture	82	other				1785493	1	10000	2	170000	next
Picture	82	other				1795493	1	10000	2	180000	next
Picture	82	other				1805493	1	10000	2	190000	10000
Picture	full0n	other				1815493	1	4667	2	0	4620
Picture	full1n	other				1826826	1	2667	2	0	2620
Picture	full1i	other				1838993	1	4333	2	0	4290
Picture	full1n	other				1850826	1	2667	2	0	2620
Picture	full0i	other				1861659	2	4000	4	0	3950
Picture	full0n	other				1874493	1	2500	2	0	2450
Picture	full1i	other				1885993	1	4833	2	0	4790
Picture	full0i	other				1898326	1	2500	2	0	2450
Picture	blue0n	false alarm	2	4328	2	1910493	1	2833	2	0	2790
Picture	full0i	other				1922326	1	4667	2	0	4620
Picture	full1n	other				1935159	1	4834	2	0	4790
Picture	full0n	other				1946493	1	4166	2	0	4120
Picture	full0i	other				1959159	1	4667	2	0	4620
Picture	blue1i	false alarm	2	7228	3	1971492	2	4000	3	0	3950
Picture	full1n	other				1983326	1	3000	2	0	2950
Picture	full1i	other				1994159	1	4333	2	0	4290
Picture	full1n	other				2005659	1	4167	2	0	4120
Picture	full0n	other				2017826	1	3166	2	0	3120
Picture	full1i	other				2030492	1	3834	2	0	3790
Picture	full1n	other				2043659	1	4167	2	0	4120
Picture	full0i	other				2055825	2	2500	4	0	2450
Picture	blue0n	false alarm	2	4027	2	2067992	1	4167	2	0	4120
Picture	full1i	other				2078992	1	3000	2	0	2950
Picture	full1n	other				2091659	1	2833	2	0	2790
Picture	full1i	other				2102492	1	3167	2	0	3120
Picture	full0i	other				2115659	1	4833	2	0	4790
Picture	full0n	other				2127825	1	4167	2	0	4120
Picture	full1n	other				2138825	1	5000	2	0	4950
Picture	full0i	other				2152325	1	4500	2	0	4450
Picture	full1i	other				2163658	2	4500	3	0	4450
Picture	full0n	other				2176825	1	4167	2	0	4120
Picture	full0i	other				2188325	1	4500	2	0	4450
Picture	blue0n	false alarm	2	3625	2	2200492	1	2500	2	0	2450
Picture	full1n	other				2211992	1	4000	2	0	3950
Picture	full1i	other				2223492	1	4833	2	0	4790
Picture	full0i	other				2236992	1	2833	2	0	2790
Picture	full0n	other				2249658	1	4333	3	0	4290
Picture	full0i	other				2260991	2	3334	3	0	3290
Picture	full0n	other				2272825	1	5000	2	0	4950
Picture	full1n	other				2284991	1	3167	2	0	3120
Picture	full1i	other				2295991	1	4000	2	0	3950
Picture	full1n	other				2306991	1	4000	2	0	3950
Picture	full0i	other				2317991	1	4834	2	0	4790
Picture	full1i	other				2328825	1	3000	2	0	2950
Picture	full0n	other				2341158	1	3166	3	0	3120
Picture	full0i	other				2353824	2	3334	3	0	3290
Picture	blue1n	false alarm	2	3224	3	2365991	1	2833	2	0	2790
Picture	full0n	other				2378324	1	4167	2	0	4120
Picture	full0i	other				2390158	1	3666	2	0	3620
Picture	full1i	other				2402324	1	3834	2	0	3790
Picture	full0n	other				2415824	1	3000	2	0	2950
Picture	full0i	other				2427658	1	4833	2	0	4790
Picture	full0n	other				2441157	2	4500	3	0	4450
Picture	full0i	other				2452657	2	4500	3	0	4450
Picture	full0n	other				2463991	1	3166	2	0	3120
Picture	full1n	other				2477157	1	4500	2	0	4450
Picture	blue0i	false alarm	2	4013	2	2489491	1	3166	2	0	3120
Picture	full0n	other				2502157	1	3500	2	0	3450
Picture	full0i	other				2514491	1	4333	2	0	4290
Picture	full0n	other				2525324	1	3000	2	0	2950
Picture	full0i	other				2538157	1	3500	2	0	3450
Picture	full0n	other				2550324	1	3333	2	0	3290
Picture	full1i	other				2562490	1	3167	2	0	3120
Picture	blue0i	other				2574657	1	4667	2	0	4620
Picture	full1n	other				2586824	1	2666	2	0	2620
Picture	full0n	other				2597657	1	3667	2	0	3620
Picture	full0i	other				2609990	1	4834	2	0	4790
Picture	full0n	other				2623157	1	3333	2	0	3290
Picture	full0i	other				2636323	2	3834	3	0	3790
Picture	full1i	other				2648490	1	3833	2	0	3790
Picture	full0n	other				2660323	1	4500	2	0	4450
Picture	full1n	other				2671323	1	4834	2	0	4790
Picture	full0i	other				2683157	1	2666	2	0	2620
Picture	full1i	other				2694657	1	4500	2	0	4450
Picture	full0n	other				2708157	1	4333	2	0	4290
Picture	full1n	other				2719656	2	3834	3	0	3790
Picture	full1i	other				2731990	1	2833	2	0	2790
Picture	blue1n	other				2743323	1	4167	2	0	4120
Picture	full1i	other				2754323	1	2500	2	0	2450
Picture	full0i	other				2766990	1	4833	2	0	4790
Picture	full0n	other				2779823	1	2833	2	0	2790
Picture	full0i	other				2792490	1	4000	2	0	3950
Picture	blue1n	other				2803490	1	3833	2	0	3790
Picture	full0n	other				2814490	1	4666	2	0	4620
Picture	full0i	other				2827989	2	4000	3	0	3950
Picture	full0n	other				2839323	1	3166	2	0	3120
Picture	full1i	other				2852823	1	3833	2	0	3790
Picture	full0i	other				2865489	1	2500	2	0	2450
Picture	full1n	other				2876823	1	4333	2	0	4290
Picture	full1i	other				2889489	1	4000	2	0	3950
Picture	full1n	other				2900989	1	4167	2	0	4120
Picture	full0n	other				2911989	1	4167	2	0	4120
Picture	full1i	other				2924822	2	4334	3	0	4290
Picture	full0i	other				2936989	1	4000	2	0	3950
Picture	full1n	other				2948322	1	2834	2	0	2790
Picture	blue0n	other				2959156	1	4166	2	0	4120
Picture	full1i	other				2971322	1	3167	2	0	3120
Picture	full1n	other				2982656	1	3666	2	0	3620
Picture	full0i	other				2995489	1	3833	2	0	3790
Picture	full1i	other				3006989	1	3500	2	0	3450
Picture	full1n	other				3019322	1	2500	2	0	2450
Picture	full1i	other				3032822	1	2833	2	0	2790
Picture	full1n	other				3045655	1	3500	2	0	3450
Picture	full1i	other				3057489	1	3000	2	0	2950
Picture	full0n	other				3070655	1	5000	2	0	4950
Picture	full1n	other				3081489	1	4333	2	0	4290
Picture	full1i	other				3094655	1	4834	2	0	4790
Picture	full1n	other				3106988	2	3500	4	0	3450
Picture	full1i	other				3120155	1	3833	2	0	3790
Picture	full1n	other				3133322	1	3333	2	0	3290
Picture	full1i	other				3145488	1	3000	2	0	2950
Picture	full0i	other				3158322	1	2666	2	0	2620
Picture	full0n	other				3169322	1	3333	2	0	3290
Picture	blue1n	false alarm	2	3798	2	3181988	1	4833	3	0	4790
Picture	full0i	other				3193322	1	4333	2	0	4290
Picture	full0n	other				3205488	1	3833	3	0	3790
Picture	full0i	other				3216988	1	4000	2	0	3950
Picture	full0n	other				3228821	2	3167	3	0	3120
Picture	full1i	other				3242321	1	4334	2	0	4290
Picture	full1n	other				3254488	1	3000	2	0	2950
Picture	full1i	other				3265321	1	4334	2	0	4290
Picture	blue0i	false alarm	2	3764	2	3278821	1	2667	2	0	2620
Picture	full1n	other				3292321	1	4167	2	0	4120
Picture	full1i	other				3303154	2	4834	3	0	4790
Picture	full1n	other				3314654	2	2667	3	0	2620
Picture	full1i	other				3326988	1	3166	2	0	3120
Picture	full1n	other				3339821	1	4833	2	0	4790
Picture	full1i	other				3351154	1	3667	2	0	3620
Picture	full0n	other				3363988	1	4500	2	0	4450
Picture	full1n	other				3376821	1	4167	2	0	4120
Picture	blue1i	other				3388654	1	4667	2	0	4620
Picture	full0i	other				3400821	1	4333	2	0	4290
Picture	full0n	other				3413987	2	3667	3	0	3620
Picture	default	other				3426154	1	2667	2	0	2500
Picture	default	other				3446321	1	7467	2	0	2500
