Scenario - visual LTP Rap V4.0 HVA (based on combined block 1+2 from old 45 135 degree pilot)
Logfile written - 01/16/2016 12:50:40

Subject	Trial	Event Type	Code	Time	TTime	Uncertainty	Duration	Uncertainty	ReqTime	ReqDur

06_S0313_v0	1	Response	128	-1565	8268	1
06_S0313_v0	3	Picture	full1n	8666	0	1	3167	2	0	3120
06_S0313_v0	4	Picture	full1i	19596	0	238	2903	239	0	2790
06_S0313_v0	4	Response	10	24101	4505	1
06_S0313_v0	5	Picture	full1n	32833	0	1	4500	2	0	4450
06_S0313_v0	6	Picture	full0n	45999	0	2	3500	3	0	3450
06_S0313_v0	7	Picture	full1i	56833	0	1	4833	2	0	4790
06_S0313_v0	7	Response	10	61501	4668	1
06_S0313_v0	8	Picture	full1n	68999	0	1	4334	2	0	4290
06_S0313_v0	8	Response	10	75200	6201	2
06_S0313_v0	9	Picture	full0i	81166	0	1	3500	2	0	3450
06_S0313_v0	9	Response	10	86000	4834	2
06_S0313_v0	10	Picture	full0n	93499	0	1	4167	2	0	4120
06_S0313_v0	10	Response	10	99000	5501	1
06_S0313_v0	11	Picture	blue0i	104969	0	198	3030	199	0	2950
06_S0313_v0	11	Response	10	109700	4731	1
06_S0313_v0	12	Picture	full1i	116999	0	1	3834	2	0	3790
06_S0313_v0	13	Picture	full0n	129833	0	1	4999	3	0	4950
06_S0313_v0	14	Picture	full0i	142499	0	1	4167	2	0	4120
06_S0313_v0	15	Picture	full1n	155999	0	1	4167	2	0	4120
06_S0313_v0	16	Picture	full1i	168666	0	1	3666	2	0	3620
06_S0313_v0	17	Picture	full1n	179999	0	1	4500	2	0	4450
06_S0313_v0	18	Picture	blue1i	192166	0	1	3333	2	0	3290
06_S0313_v0	18	Response	10	195899	3733	2
06_S0313_v0	19	Picture	full1n	204332	0	1	4334	2	0	4290
06_S0313_v0	20	Picture	full0n	216499	0	1	4667	2	0	4620
06_S0313_v0	21	Picture	full1i	228332	0	1	2500	2	0	2450
06_S0313_v0	22	Picture	full0i	240666	0	1	3000	2	0	2950
06_S0313_v0	23	Picture	full0n	254166	0	1	5000	2	0	4950
06_S0313_v0	24	Picture	full0i	267666	0	1	4500	2	0	4450
06_S0313_v0	25	Picture	full0n	280499	0	1	3000	2	0	2950
06_S0313_v0	26	Picture	full1n	293166	0	1	3332	4	0	3290
06_S0313_v0	27	Picture	blue1i	304999	0	1	3167	2	0	3120
06_S0313_v0	27	Response	10	308708	3709	2
06_S0313_v0	28	Picture	full0i	317665	0	2	3834	3	0	3790
06_S0313_v0	29	Picture	full0n	329999	0	1	5000	2	0	4950
06_S0313_v0	30	Picture	full0i	341832	0	1	2500	2	0	2450
06_S0313_v0	31	Picture	full1n	353165	0	2	4334	3	0	4290
06_S0313_v0	32	Picture	full1i	365332	0	1	2833	2	0	2790
06_S0313_v0	33	Picture	full0n	376832	0	1	2833	2	0	2790
06_S0313_v0	34	Picture	full1n	387665	0	1	4167	2	0	4120
06_S0313_v0	35	Picture	full1i	399832	0	1	3667	2	0	3620
06_S0313_v0	36	Picture	full1n	412665	0	1	3667	2	0	3620
06_S0313_v0	37	Picture	full0i	424832	0	1	5000	2	0	4950
06_S0313_v0	38	Picture	blue1i	436165	0	1	2834	2	0	2790
06_S0313_v0	38	Response	10	441607	5442	1
06_S0313_v0	39	Picture	full1n	447165	0	1	3000	2	0	2950
06_S0313_v0	40	Picture	full0n	459832	0	1	2833	2	0	2790
06_S0313_v0	41	Picture	full0i	470832	0	1	4000	2	0	3950
06_S0313_v0	42	Picture	full0n	482999	0	1	3666	2	0	3620
06_S0313_v0	43	Picture	full0i	495832	0	1	2833	2	0	2790
06_S0313_v0	44	Picture	full0n	508998	0	2	4334	3	0	4290
06_S0313_v0	45	Picture	full1i	522165	0	1	3667	2	0	3620
06_S0313_v0	46	Picture	full0i	534832	0	1	3666	2	0	3620
06_S0313_v0	47	Picture	full1n	545665	0	1	4500	2	0	4450
06_S0313_v0	48	Picture	full0n	557832	0	1	3166	2	0	3120
06_S0313_v0	49	Picture	full1i	569332	0	1	3000	2	0	2950
06_S0313_v0	50	Picture	blue0i	581165	0	1	3167	2	0	3120
06_S0313_v0	50	Response	10	584406	3241	1
06_S0313_v0	51	Picture	full0n	592665	0	1	3833	2	0	3790
06_S0313_v0	52	Picture	full0i	604998	0	1	3000	2	0	2950
06_S0313_v0	53	Picture	full0n	616498	0	1	4834	2	0	4790
06_S0313_v0	54	Picture	full1n	629665	0	1	2500	2	0	2450
06_S0313_v0	55	Picture	full1i	640498	0	1	3000	2	0	2950
06_S0313_v0	56	Picture	full0i	653998	0	1	3000	2	0	2950
06_S0313_v0	57	Picture	full0n	665332	0	1	3666	2	0	3620
06_S0313_v0	58	Picture	full1n	678498	0	1	3332	4	0	3290
06_S0313_v0	59	Picture	full1i	690665	0	1	4500	2	0	4450
06_S0313_v0	60	Picture	blue1n	702498	0	1	4167	2	0	4120
06_S0313_v0	60	Response	10	706605	4107	1
06_S0313_v0	61	Picture	full0i	714831	0	2	2667	3	0	2620
06_S0313_v0	62	Picture	full0n	727498	0	1	4667	2	0	4620
06_S0313_v0	63	Picture	full0i	739665	0	1	2666	2	0	2620
06_S0313_v0	64	Picture	full1i	752498	0	1	4667	2	0	4620
06_S0313_v0	65	Picture	full0n	763998	0	1	2833	2	0	2790
06_S0313_v0	66	Picture	full1n	776165	0	1	4000	2	0	3950
06_S0313_v0	67	Picture	full1i	788998	0	1	3500	2	0	3450
06_S0313_v0	68	Picture	full1n	801331	0	1	4000	2	0	3950
06_S0313_v0	69	Picture	full0i	813498	0	1	4500	2	0	4450
06_S0313_v0	70	Picture	blue0n	825665	0	1	2500	2	0	2450
06_S0313_v0	70	Response	10	829304	3639	1
06_S0313_v0	71	Picture	full0i	837831	0	1	4167	2	0	4120
06_S0313_v0	72	Picture	full0n	848665	0	1	4833	2	0	4790
06_S0313_v0	73	Picture	full0i	859664	0	2	2500	4	0	2450
06_S0313_v0	74	Picture	full0n	872498	0	1	4833	2	0	4790
06_S0313_v0	75	Picture	full0i	885164	0	2	3334	3	0	3290
06_S0313_v0	76	Picture	full1i	898664	0	2	3500	3	0	3450
06_S0313_v0	77	Picture	full1n	911331	0	1	3833	2	0	3790
06_S0313_v0	78	Picture	full0n	924164	0	1	4500	2	0	4450
06_S0313_v0	79	Picture	full0i	936331	0	1	2500	2	0	2450
06_S0313_v0	80	Picture	full1i	947164	0	1	4167	2	0	4120
06_S0313_v0	81	Picture	blue0n	959998	0	1	4666	2	0	4620
06_S0313_v0	81	Response	10	964903	4905	1
06_S0313_v0	82	Picture	full1n	970998	0	1	2500	2	0	2450
06_S0313_v0	83	Picture	full1i	983331	0	1	3500	2	0	3450
06_S0313_v0	84	Picture	full1n	994331	0	1	3167	2	0	3120
06_S0313_v0	85	Picture	full1i	1007498	0	1	3000	2	0	2950
06_S0313_v0	86	Picture	full0i	1018998	0	1	3333	2	0	3290
06_S0313_v0	87	Picture	full0n	1030498	0	1	2999	3	0	2950
06_S0313_v0	88	Picture	full1n	1042831	0	1	3000	2	0	2950
06_S0313_v0	89	Picture	full1i	1054997	0	2	3667	3	0	3620
06_S0313_v0	90	Picture	full1n	1068164	0	1	4000	2	0	3950
06_S0313_v0	91	Picture	full1i	1079497	0	2	4834	3	0	4790
06_S0313_v0	92	Picture	full1n	1092664	0	1	2500	2	0	2450
06_S0313_v0	93	Picture	full0i	1103997	0	1	4500	2	0	4450
06_S0313_v0	94	Picture	blue1i	1115331	0	1	3333	2	0	3290
06_S0313_v0	94	Response	10	1118801	3470	1
06_S0313_v0	95	Picture	full1n	1127164	0	1	4500	2	0	4450
06_S0313_v0	96	Picture	full0n	1140331	0	1	4166	2	0	4120
06_S0313_v0	97	Picture	full1i	1151831	0	1	3833	2	0	3790
06_S0313_v0	98	Picture	full1n	1162831	0	1	4500	2	0	4450
06_S0313_v0	99	Picture	full1i	1175997	0	1	2834	2	0	2790
06_S0313_v0	100	Picture	full1n	1186831	0	1	3833	2	0	3790
06_S0313_v0	101	Picture	full1i	1198997	0	1	4500	2	0	4450
06_S0313_v0	102	Picture	full0i	1209830	0	2	3667	3	0	3620
06_S0313_v0	103	Picture	blue1n	1220830	0	2	4500	4	0	4450
06_S0313_v0	103	Response	10	1224300	3470	1
06_S0313_v0	104	Picture	full1i	1231830	0	2	4500	3	0	4450
06_S0313_v0	105	Picture	full1n	1245330	0	2	4667	3	0	4620
06_S0313_v0	106	Picture	full1i	1257164	0	1	3166	2	0	3120
06_S0313_v0	107	Picture	full1n	1270664	0	1	2666	2	0	2620
06_S0313_v0	108	Picture	full0n	1282497	0	1	4667	2	0	4620
06_S0313_v0	109	Picture	full0i	1294664	0	1	5000	2	0	4950
06_S0313_v0	110	Picture	full1i	1306997	0	1	3500	2	0	3450
06_S0313_v0	111	Picture	full1n	1320497	0	1	4833	2	0	4790
06_S0313_v0	112	Picture	blue0n	1332830	0	1	4500	2	0	4450
06_S0313_v0	112	Response	10	1336709	3879	1
06_S0313_v0	113	Picture	full0i	1344164	0	1	2666	2	0	2620
06_S0313_v0	114	Picture	full1i	1355664	0	1	3166	2	0	3120
06_S0313_v0	115	Picture	full0n	1368330	0	1	3167	2	0	3120
06_S0313_v0	116	Picture	full0i	1379163	0	3	3167	4	0	3120
06_S0313_v0	117	Picture	full0n	1390997	0	1	3166	3	0	3120
06_S0313_v0	118	Picture	full1n	1403830	0	1	3833	2	0	3790
06_S0313_v0	119	Picture	full1i	1417330	0	1	4833	2	0	4790
06_S0313_v0	120	Picture	full1n	1430163	0	1	4500	2	0	4450
06_S0313_v0	121	Picture	blue0i	1441497	0	1	4500	2	0	4450
06_S0313_v0	121	Response	10	1445608	4111	1
06_S0313_v0	122	Picture	full0n	1453330	0	1	5000	2	0	4950
06_S0313_v0	123	Picture	full1i	1464330	0	1	2500	2	0	2450
06_S0313_v0	124	Picture	full0i	1476663	0	1	4667	2	0	4620
06_S0313_v0	125	Picture	full0n	1487997	0	1	3166	2	0	3120
06_S0313_v0	126	Picture	full0i	1499330	0	1	4333	2	0	4290
06_S0313_v0	127	Picture	full0n	1510830	0	1	3667	2	0	3620
06_S0313_v0	128	Picture	full0i	1522663	0	1	2667	2	0	2620
06_S0313_v0	129	Picture	blue1n	1536163	0	1	2834	2	0	2790
06_S0313_v0	129	Response	10	1539607	3444	2
06_S0313_v0	130	Picture	full0n	1549663	0	1	5000	2	0	4950
06_S0313_v0	131	Picture	full1i	1560663	0	1	3333	3	0	3290
06_S0313_v0	132	Picture	full0i	1573330	0	1	2833	2	0	2790
06_S0313_v0	133	Picture	full0n	1584830	0	1	3833	2	0	3790
06_S0313_v0	134	Picture	full0i	1596996	0	2	2834	3	0	2790
06_S0313_v0	135	Picture	full1n	1607830	0	1	3333	2	0	3290
06_S0313_v0	136	Picture	82	1619163	0	1	100167	2	0	next
06_S0313_v0	136	Picture	82	1719330	100167	1	10000	2	100000	next
06_S0313_v0	136	Picture	82	1729330	110167	1	9999	3	110000	next
06_S0313_v0	136	Picture	82	1739329	120166	2	10000	4	120000	next
06_S0313_v0	136	Picture	82	1749329	130166	2	10000	4	130000	next
06_S0313_v0	136	Picture	82	1759329	140166	2	10000	4	140000	next
06_S0313_v0	136	Picture	82	1769329	150166	2	10000	3	150000	next
06_S0313_v0	136	Picture	82	1779329	160166	1	10000	2	160000	next
06_S0313_v0	136	Picture	82	1789329	170166	1	10000	2	170000	next
06_S0313_v0	136	Picture	82	1799329	180166	1	10000	2	180000	next
06_S0313_v0	136	Picture	82	1809329	190166	1	10000	2	190000	10000
06_S0313_v0	137	Picture	full0n	1819329	0	1	3167	2	0	3120
06_S0313_v0	138	Picture	full0i	1831663	0	1	2833	2	0	2790
06_S0313_v0	139	Picture	full0n	1844496	0	1	4500	2	0	4450
06_S0313_v0	140	Picture	full1n	1855996	0	1	3500	2	0	3450
06_S0313_v0	141	Picture	blue0i	1869496	0	1	4833	2	0	4790
06_S0313_v0	141	Response	10	1874104	4608	1
06_S0313_v0	142	Picture	full0n	1881663	0	1	4333	2	0	4290
06_S0313_v0	143	Picture	full1i	1893996	0	1	3500	2	0	3450
06_S0313_v0	144	Picture	full1n	1904996	0	1	4167	2	0	4120
06_S0313_v0	145	Picture	full1i	1916329	0	1	3000	2	0	2950
06_S0313_v0	146	Picture	full0i	1928496	0	1	3833	2	0	3790
06_S0313_v0	147	Picture	full1n	1939496	0	1	5000	2	0	4950
06_S0313_v0	148	Picture	full1i	1952162	0	2	4167	3	0	4120
06_S0313_v0	149	Picture	blue0n	1964329	0	1	4167	2	0	4120
06_S0313_v0	149	Response	10	1968903	4574	2
06_S0313_v0	150	Picture	full0i	1976996	0	1	3666	2	0	3620
06_S0313_v0	151	Picture	full0n	1987829	0	1	4500	2	0	4450
06_S0313_v0	152	Picture	full0i	2000162	0	1	3334	2	0	3290
06_S0313_v0	153	Picture	full0n	2012496	0	1	4333	2	0	4290
06_S0313_v0	154	Picture	full1n	2024662	0	1	4667	2	0	4620
06_S0313_v0	155	Picture	full0i	2037829	0	1	2500	2	0	2450
06_S0313_v0	156	Picture	full1i	2048662	0	1	3000	2	0	2950
06_S0313_v0	157	Picture	full0n	2059662	0	1	5000	2	0	4950
06_S0313_v0	158	Picture	full1n	2072329	0	1	4500	2	0	4450
06_S0313_v0	159	Picture	blue1i	2085496	0	1	3000	2	0	2950
06_S0313_v0	159	Response	10	2088802	3306	2
06_S0313_v0	160	Picture	full0i	2096995	0	2	3334	3	0	3290
06_S0313_v0	161	Picture	full0n	2110495	0	2	3167	3	0	3120
06_S0313_v0	162	Picture	full1n	2123662	0	1	3833	2	0	3790
06_S0313_v0	163	Picture	full1i	2135829	0	1	5000	2	0	4950
06_S0313_v0	164	Picture	full1n	2147662	0	1	2500	2	0	2450
06_S0313_v0	165	Picture	full0i	2160829	0	1	4333	2	0	4290
06_S0313_v0	166	Picture	full0n	2174329	0	1	2833	2	0	2790
06_S0313_v0	167	Picture	full1i	2186662	0	1	2833	2	0	2790
06_S0313_v0	168	Picture	full0i	2199495	0	1	4167	2	0	4120
06_S0313_v0	169	Picture	full0n	2210995	0	1	3667	2	0	3620
06_S0313_v0	170	Picture	full0i	2222829	0	1	3666	2	0	3620
06_S0313_v0	170	Response	10	2226401	3572	1
06_S0313_v0	171	Picture	full1n	2236329	0	1	5000	2	0	4950
06_S0313_v0	172	Picture	full0n	2247162	0	1	2833	2	0	2790
06_S0313_v0	173	Picture	blue0i	2258495	0	1	3000	2	0	2950
06_S0313_v0	173	Response	10	2262501	4006	1
06_S0313_v0	174	Picture	full1i	2270328	0	2	2834	3	0	2790
06_S0313_v0	175	Picture	full1n	2281328	0	2	4000	4	0	3950
06_S0313_v0	176	Picture	full1i	2293495	0	1	3667	2	0	3620
06_S0313_v0	177	Picture	full1n	2305328	0	2	2834	3	0	2790
06_S0313_v0	178	Picture	blue1i	2317662	0	1	4333	2	0	4290
06_S0313_v0	178	Response	10	2321210	3548	1
06_S0313_v0	179	Picture	full0n	2329828	0	1	3667	2	0	3620
06_S0313_v0	180	Picture	full1n	2342662	0	1	3666	2	0	3620
06_S0313_v0	181	Picture	full0i	2353662	0	1	4500	2	0	4450
06_S0313_v0	182	Picture	full1i	2366328	0	1	3167	2	0	3120
06_S0313_v0	183	Picture	full0n	2378995	0	1	3000	2	0	2950
06_S0313_v0	184	Picture	full1n	2391662	0	1	3166	2	0	3120
06_S0313_v0	185	Picture	full1i	2403828	0	1	3834	2	0	3790
06_S0313_v0	186	Picture	full1n	2416662	0	1	3000	2	0	2950
06_S0313_v0	187	Picture	full1i	2430162	0	1	4833	2	0	4790
06_S0313_v0	188	Picture	full0i	2441661	0	2	2500	4	0	2450
06_S0313_v0	189	Picture	blue0n	2452995	0	1	3000	2	0	2950
06_S0313_v0	189	Response	10	2455809	2814	1
06_S0313_v0	190	Picture	full1n	2465161	0	2	3000	3	0	2950
06_S0313_v0	191	Picture	full1i	2477995	0	1	3666	2	0	3620
06_S0313_v0	192	Picture	full0i	2491495	0	1	3333	2	0	3290
06_S0313_v0	193	Picture	full0n	2502328	0	1	4500	2	0	4450
06_S0313_v0	194	Picture	full0i	2514995	0	1	4166	2	0	4120
06_S0313_v0	195	Picture	full1n	2525995	0	1	2666	2	0	2620
06_S0313_v0	196	Picture	full1i	2538161	0	1	4667	2	0	4620
06_S0313_v0	197	Picture	blue1n	2549161	0	1	2667	2	0	2620
06_S0313_v0	197	Response	10	2552708	3547	1
06_S0313_v0	198	Picture	full0n	2561495	0	1	4666	2	0	4620
06_S0313_v0	199	Picture	full1i	2574661	0	1	2834	2	0	2790
06_S0313_v0	200	Picture	full0i	2585495	0	1	4000	2	0	3950
06_S0313_v0	201	Picture	full0n	2597661	0	1	3500	2	0	3450
06_S0313_v0	202	Picture	full0i	2609494	0	2	4000	4	0	3950
06_S0313_v0	203	Picture	full1n	2620494	0	2	4500	4	0	4450
06_S0313_v0	204	Picture	full1i	2633994	0	2	2500	4	0	2450
06_S0313_v0	205	Picture	full1n	2645828	0	1	4166	2	0	4120
06_S0313_v0	206	Picture	blue1i	2658994	0	2	4834	3	0	4790
06_S0313_v0	206	Response	10	2662907	3913	1
06_S0313_v0	207	Picture	full1n	2669994	0	1	2500	2	0	2450
06_S0313_v0	208	Picture	full1i	2682828	0	1	4833	2	0	4790
06_S0313_v0	209	Picture	full1n	2694161	0	1	3333	2	0	3290
06_S0313_v0	210	Picture	full0n	2706828	0	1	3500	2	0	3450
06_S0313_v0	211	Picture	full0i	2719494	0	1	3834	2	0	3790
06_S0313_v0	212	Picture	full1i	2732661	0	1	4500	2	0	4450
06_S0313_v0	213	Picture	full1n	2743494	0	1	2500	2	0	2450
06_S0313_v0	214	Picture	full0n	2754994	0	1	4167	2	0	4120
06_S0313_v0	215	Picture	full1i	2767828	0	1	4666	2	0	4620
06_S0313_v0	216	Picture	blue0i	2779661	0	1	2500	2	0	2450
06_S0313_v0	216	Response	10	2783306	3645	1
06_S0313_v0	217	Picture	full0n	2791494	0	1	3500	2	0	3450
06_S0313_v0	218	Picture	full0i	2802994	0	1	3167	2	0	3120
06_S0313_v0	219	Picture	full0n	2813827	0	2	3000	3	0	2950
06_S0313_v0	220	Picture	full1n	2826161	0	1	3333	2	0	3290
06_S0313_v0	221	Picture	full1i	2838994	0	1	3000	2	0	2950
06_S0313_v0	222	Picture	full0i	2851327	0	1	3000	2	0	2950
06_S0313_v0	223	Picture	full0n	2864827	0	1	3667	2	0	3620
06_S0313_v0	224	Picture	full0i	2878327	0	1	4000	2	0	3950
06_S0313_v0	224	Response	10	2882005	3678	1
06_S0313_v0	225	Picture	blue1n	2890494	0	1	4833	2	0	4790
06_S0313_v0	225	Response	10	2895205	4711	1
06_S0313_v0	226	Picture	full0n	2903994	0	1	2500	2	0	2450
06_S0313_v0	227	Picture	full1i	2915327	0	1	4500	2	0	4450
06_S0313_v0	228	Picture	full0i	2928494	0	1	3333	2	0	3290
06_S0313_v0	229	Picture	full0n	2941161	0	1	4500	2	0	4450
06_S0313_v0	230	Picture	full1n	2951994	0	1	4167	2	0	4120
06_S0313_v0	231	Picture	full0i	2965160	0	2	3834	3	0	3790
06_S0313_v0	232	Picture	full0n	2977994	0	1	4500	2	0	4450
06_S0313_v0	233	Picture	full0i	2990160	0	2	2834	3	0	2790
06_S0313_v0	234	Picture	full0n	3001660	0	2	3834	3	0	3790
06_S0313_v0	235	Picture	full0i	3013160	0	2	4500	3	0	4450
06_S0313_v0	236	Picture	full1i	3025994	0	1	3666	2	0	3620
06_S0313_v0	237	Picture	full0n	3037327	0	1	4500	2	0	4450
06_S0313_v0	238	Picture	full0i	3048660	0	1	4500	2	0	4450
06_S0313_v0	239	Picture	full0n	3060827	0	1	4667	2	0	4620
06_S0313_v0	240	Picture	full0i	3074327	0	1	3167	2	0	3120
06_S0313_v0	241	Picture	blue0n	3087494	0	1	2666	2	0	2620
06_S0313_v0	241	Response	10	3091703	4209	1
06_S0313_v0	242	Picture	full1n	3098827	0	1	4667	2	0	4620
06_S0313_v0	243	Picture	full1i	3110994	0	1	5000	2	0	4950
06_S0313_v0	244	Picture	full0i	3122494	0	1	3500	2	0	3450
06_S0313_v0	245	Picture	full0n	3135660	0	1	4833	3	0	4790
06_S0313_v0	246	Picture	full1n	3147827	0	1	4500	2	0	4450
06_S0313_v0	247	Picture	full1i	3160160	0	1	2667	2	0	2620
06_S0313_v0	248	Picture	full0i	3172827	0	1	3166	2	0	3120
06_S0313_v0	249	Picture	full1n	3185660	0	1	3167	2	0	3120
06_S0313_v0	250	Picture	blue1i	3197160	0	1	3167	2	0	3120
06_S0313_v0	250	Response	10	3201103	3943	1
06_S0313_v0	251	Picture	full1n	3208160	0	1	3167	2	0	3120
06_S0313_v0	252	Picture	full0n	3220327	0	1	3833	2	0	3790
06_S0313_v0	253	Picture	full0i	3232160	0	1	4833	2	0	4790
06_S0313_v0	254	Picture	full0n	3244327	0	1	4500	2	0	4450
06_S0313_v0	255	Picture	full1i	3255160	0	1	4500	2	0	4450
06_S0313_v0	256	Picture	full1n	3267327	0	1	5000	2	0	4950
06_S0313_v0	257	Picture	full0i	3279493	0	1	2500	2	0	2450
06_S0313_v0	258	Picture	full1i	3291660	0	1	4667	2	0	4620
06_S0313_v0	259	Picture	full1n	3302993	0	1	3167	2	0	3120
06_S0313_v0	260	Picture	full1i	3314493	0	1	4334	2	0	4290
06_S0313_v0	261	Picture	full1n	3326660	0	1	3666	3	0	3620
06_S0313_v0	262	Picture	full1i	3338993	0	1	2667	2	0	2620
06_S0313_v0	263	Picture	blue0n	3350826	0	2	2834	3	0	2790
06_S0313_v0	263	Response	10	3354612	3786	1
06_S0313_v0	264	Picture	full1n	3361826	0	2	5000	3	0	4950
06_S0313_v0	265	Picture	full0i	3373326	0	1	3334	2	0	3290
06_S0313_v0	266	Picture	full1i	3384660	0	1	2833	2	0	2790
06_S0313_v0	267	Picture	full1n	3396493	0	1	3833	2	0	3790
06_S0313_v0	268	Picture	full1i	3407826	0	1	2834	2	0	2790
06_S0313_v0	269	Picture	full0n	3418660	0	1	3333	2	0	3290
06_S0313_v0	270	Picture	default	3429993	0	1	2667	2	0	2500
06_S0313_v0	271	Picture	default	3450160	0	1	7143	2	0	2500


Event Type	Code	Type	Response	RT	RT Uncertainty	Time	Uncertainty	Duration	Uncertainty	ReqTime	ReqDur

Picture	full1n	other				8666	1	3167	2	0	3120
Picture	full1i	other				19596	238	2903	239	0	2790
Picture	full1n	other				32833	1	4500	2	0	4450
Picture	full0n	other				45999	2	3500	3	0	3450
Picture	full1i	other				56833	1	4833	2	0	4790
Picture	full1n	other				68999	1	4334	2	0	4290
Picture	full0i	other				81166	1	3500	2	0	3450
Picture	full0n	other				93499	1	4167	2	0	4120
Picture	blue0i	false alarm	2	4731	199	104969	198	3030	199	0	2950
Picture	full1i	other				116999	1	3834	2	0	3790
Picture	full0n	other				129833	1	4999	3	0	4950
Picture	full0i	other				142499	1	4167	2	0	4120
Picture	full1n	other				155999	1	4167	2	0	4120
Picture	full1i	other				168666	1	3666	2	0	3620
Picture	full1n	other				179999	1	4500	2	0	4450
Picture	blue1i	false alarm	2	3733	3	192166	1	3333	2	0	3290
Picture	full1n	other				204332	1	4334	2	0	4290
Picture	full0n	other				216499	1	4667	2	0	4620
Picture	full1i	other				228332	1	2500	2	0	2450
Picture	full0i	other				240666	1	3000	2	0	2950
Picture	full0n	other				254166	1	5000	2	0	4950
Picture	full0i	other				267666	1	4500	2	0	4450
Picture	full0n	other				280499	1	3000	2	0	2950
Picture	full1n	other				293166	1	3332	4	0	3290
Picture	blue1i	false alarm	2	3709	3	304999	1	3167	2	0	3120
Picture	full0i	other				317665	2	3834	3	0	3790
Picture	full0n	other				329999	1	5000	2	0	4950
Picture	full0i	other				341832	1	2500	2	0	2450
Picture	full1n	other				353165	2	4334	3	0	4290
Picture	full1i	other				365332	1	2833	2	0	2790
Picture	full0n	other				376832	1	2833	2	0	2790
Picture	full1n	other				387665	1	4167	2	0	4120
Picture	full1i	other				399832	1	3667	2	0	3620
Picture	full1n	other				412665	1	3667	2	0	3620
Picture	full0i	other				424832	1	5000	2	0	4950
Picture	blue1i	false alarm	2	5442	2	436165	1	2834	2	0	2790
Picture	full1n	other				447165	1	3000	2	0	2950
Picture	full0n	other				459832	1	2833	2	0	2790
Picture	full0i	other				470832	1	4000	2	0	3950
Picture	full0n	other				482999	1	3666	2	0	3620
Picture	full0i	other				495832	1	2833	2	0	2790
Picture	full0n	other				508998	2	4334	3	0	4290
Picture	full1i	other				522165	1	3667	2	0	3620
Picture	full0i	other				534832	1	3666	2	0	3620
Picture	full1n	other				545665	1	4500	2	0	4450
Picture	full0n	other				557832	1	3166	2	0	3120
Picture	full1i	other				569332	1	3000	2	0	2950
Picture	blue0i	false alarm	2	3241	2	581165	1	3167	2	0	3120
Picture	full0n	other				592665	1	3833	2	0	3790
Picture	full0i	other				604998	1	3000	2	0	2950
Picture	full0n	other				616498	1	4834	2	0	4790
Picture	full1n	other				629665	1	2500	2	0	2450
Picture	full1i	other				640498	1	3000	2	0	2950
Picture	full0i	other				653998	1	3000	2	0	2950
Picture	full0n	other				665332	1	3666	2	0	3620
Picture	full1n	other				678498	1	3332	4	0	3290
Picture	full1i	other				690665	1	4500	2	0	4450
Picture	blue1n	false alarm	2	4107	2	702498	1	4167	2	0	4120
Picture	full0i	other				714831	2	2667	3	0	2620
Picture	full0n	other				727498	1	4667	2	0	4620
Picture	full0i	other				739665	1	2666	2	0	2620
Picture	full1i	other				752498	1	4667	2	0	4620
Picture	full0n	other				763998	1	2833	2	0	2790
Picture	full1n	other				776165	1	4000	2	0	3950
Picture	full1i	other				788998	1	3500	2	0	3450
Picture	full1n	other				801331	1	4000	2	0	3950
Picture	full0i	other				813498	1	4500	2	0	4450
Picture	blue0n	false alarm	2	3639	2	825665	1	2500	2	0	2450
Picture	full0i	other				837831	1	4167	2	0	4120
Picture	full0n	other				848665	1	4833	2	0	4790
Picture	full0i	other				859664	2	2500	4	0	2450
Picture	full0n	other				872498	1	4833	2	0	4790
Picture	full0i	other				885164	2	3334	3	0	3290
Picture	full1i	other				898664	2	3500	3	0	3450
Picture	full1n	other				911331	1	3833	2	0	3790
Picture	full0n	other				924164	1	4500	2	0	4450
Picture	full0i	other				936331	1	2500	2	0	2450
Picture	full1i	other				947164	1	4167	2	0	4120
Picture	blue0n	false alarm	2	4905	2	959998	1	4666	2	0	4620
Picture	full1n	other				970998	1	2500	2	0	2450
Picture	full1i	other				983331	1	3500	2	0	3450
Picture	full1n	other				994331	1	3167	2	0	3120
Picture	full1i	other				1007498	1	3000	2	0	2950
Picture	full0i	other				1018998	1	3333	2	0	3290
Picture	full0n	other				1030498	1	2999	3	0	2950
Picture	full1n	other				1042831	1	3000	2	0	2950
Picture	full1i	other				1054997	2	3667	3	0	3620
Picture	full1n	other				1068164	1	4000	2	0	3950
Picture	full1i	other				1079497	2	4834	3	0	4790
Picture	full1n	other				1092664	1	2500	2	0	2450
Picture	full0i	other				1103997	1	4500	2	0	4450
Picture	blue1i	false alarm	2	3470	2	1115331	1	3333	2	0	3290
Picture	full1n	other				1127164	1	4500	2	0	4450
Picture	full0n	other				1140331	1	4166	2	0	4120
Picture	full1i	other				1151831	1	3833	2	0	3790
Picture	full1n	other				1162831	1	4500	2	0	4450
Picture	full1i	other				1175997	1	2834	2	0	2790
Picture	full1n	other				1186831	1	3833	2	0	3790
Picture	full1i	other				1198997	1	4500	2	0	4450
Picture	full0i	other				1209830	2	3667	3	0	3620
Picture	blue1n	false alarm	2	3470	3	1220830	2	4500	4	0	4450
Picture	full1i	other				1231830	2	4500	3	0	4450
Picture	full1n	other				1245330	2	4667	3	0	4620
Picture	full1i	other				1257164	1	3166	2	0	3120
Picture	full1n	other				1270664	1	2666	2	0	2620
Picture	full0n	other				1282497	1	4667	2	0	4620
Picture	full0i	other				1294664	1	5000	2	0	4950
Picture	full1i	other				1306997	1	3500	2	0	3450
Picture	full1n	other				1320497	1	4833	2	0	4790
Picture	blue0n	false alarm	2	3879	2	1332830	1	4500	2	0	4450
Picture	full0i	other				1344164	1	2666	2	0	2620
Picture	full1i	other				1355664	1	3166	2	0	3120
Picture	full0n	other				1368330	1	3167	2	0	3120
Picture	full0i	other				1379163	3	3167	4	0	3120
Picture	full0n	other				1390997	1	3166	3	0	3120
Picture	full1n	other				1403830	1	3833	2	0	3790
Picture	full1i	other				1417330	1	4833	2	0	4790
Picture	full1n	other				1430163	1	4500	2	0	4450
Picture	blue0i	false alarm	2	4111	2	1441497	1	4500	2	0	4450
Picture	full0n	other				1453330	1	5000	2	0	4950
Picture	full1i	other				1464330	1	2500	2	0	2450
Picture	full0i	other				1476663	1	4667	2	0	4620
Picture	full0n	other				1487997	1	3166	2	0	3120
Picture	full0i	other				1499330	1	4333	2	0	4290
Picture	full0n	other				1510830	1	3667	2	0	3620
Picture	full0i	other				1522663	1	2667	2	0	2620
Picture	blue1n	false alarm	2	3444	3	1536163	1	2834	2	0	2790
Picture	full0n	other				1549663	1	5000	2	0	4950
Picture	full1i	other				1560663	1	3333	3	0	3290
Picture	full0i	other				1573330	1	2833	2	0	2790
Picture	full0n	other				1584830	1	3833	2	0	3790
Picture	full0i	other				1596996	2	2834	3	0	2790
Picture	full1n	other				1607830	1	3333	2	0	3290
Picture	82	other				1619163	1	100167	2	0	next
Picture	82	other				1719330	1	10000	2	100000	next
Picture	82	other				1729330	1	9999	3	110000	next
Picture	82	other				1739329	2	10000	4	120000	next
Picture	82	other				1749329	2	10000	4	130000	next
Picture	82	other				1759329	2	10000	4	140000	next
Picture	82	other				1769329	2	10000	3	150000	next
Picture	82	other				1779329	1	10000	2	160000	next
Picture	82	other				1789329	1	10000	2	170000	next
Picture	82	other				1799329	1	10000	2	180000	next
Picture	82	other				1809329	1	10000	2	190000	10000
Picture	full0n	other				1819329	1	3167	2	0	3120
Picture	full0i	other				1831663	1	2833	2	0	2790
Picture	full0n	other				1844496	1	4500	2	0	4450
Picture	full1n	other				1855996	1	3500	2	0	3450
Picture	blue0i	false alarm	2	4608	2	1869496	1	4833	2	0	4790
Picture	full0n	other				1881663	1	4333	2	0	4290
Picture	full1i	other				1893996	1	3500	2	0	3450
Picture	full1n	other				1904996	1	4167	2	0	4120
Picture	full1i	other				1916329	1	3000	2	0	2950
Picture	full0i	other				1928496	1	3833	2	0	3790
Picture	full1n	other				1939496	1	5000	2	0	4950
Picture	full1i	other				1952162	2	4167	3	0	4120
Picture	blue0n	false alarm	2	4574	3	1964329	1	4167	2	0	4120
Picture	full0i	other				1976996	1	3666	2	0	3620
Picture	full0n	other				1987829	1	4500	2	0	4450
Picture	full0i	other				2000162	1	3334	2	0	3290
Picture	full0n	other				2012496	1	4333	2	0	4290
Picture	full1n	other				2024662	1	4667	2	0	4620
Picture	full0i	other				2037829	1	2500	2	0	2450
Picture	full1i	other				2048662	1	3000	2	0	2950
Picture	full0n	other				2059662	1	5000	2	0	4950
Picture	full1n	other				2072329	1	4500	2	0	4450
Picture	blue1i	false alarm	2	3306	3	2085496	1	3000	2	0	2950
Picture	full0i	other				2096995	2	3334	3	0	3290
Picture	full0n	other				2110495	2	3167	3	0	3120
Picture	full1n	other				2123662	1	3833	2	0	3790
Picture	full1i	other				2135829	1	5000	2	0	4950
Picture	full1n	other				2147662	1	2500	2	0	2450
Picture	full0i	other				2160829	1	4333	2	0	4290
Picture	full0n	other				2174329	1	2833	2	0	2790
Picture	full1i	other				2186662	1	2833	2	0	2790
Picture	full0i	other				2199495	1	4167	2	0	4120
Picture	full0n	other				2210995	1	3667	2	0	3620
Picture	full0i	other				2222829	1	3666	2	0	3620
Picture	full1n	other				2236329	1	5000	2	0	4950
Picture	full0n	other				2247162	1	2833	2	0	2790
Picture	blue0i	false alarm	2	4006	2	2258495	1	3000	2	0	2950
Picture	full1i	other				2270328	2	2834	3	0	2790
Picture	full1n	other				2281328	2	4000	4	0	3950
Picture	full1i	other				2293495	1	3667	2	0	3620
Picture	full1n	other				2305328	2	2834	3	0	2790
Picture	blue1i	false alarm	2	3548	2	2317662	1	4333	2	0	4290
Picture	full0n	other				2329828	1	3667	2	0	3620
Picture	full1n	other				2342662	1	3666	2	0	3620
Picture	full0i	other				2353662	1	4500	2	0	4450
Picture	full1i	other				2366328	1	3167	2	0	3120
Picture	full0n	other				2378995	1	3000	2	0	2950
Picture	full1n	other				2391662	1	3166	2	0	3120
Picture	full1i	other				2403828	1	3834	2	0	3790
Picture	full1n	other				2416662	1	3000	2	0	2950
Picture	full1i	other				2430162	1	4833	2	0	4790
Picture	full0i	other				2441661	2	2500	4	0	2450
Picture	blue0n	false alarm	2	2814	2	2452995	1	3000	2	0	2950
Picture	full1n	other				2465161	2	3000	3	0	2950
Picture	full1i	other				2477995	1	3666	2	0	3620
Picture	full0i	other				2491495	1	3333	2	0	3290
Picture	full0n	other				2502328	1	4500	2	0	4450
Picture	full0i	other				2514995	1	4166	2	0	4120
Picture	full1n	other				2525995	1	2666	2	0	2620
Picture	full1i	other				2538161	1	4667	2	0	4620
Picture	blue1n	false alarm	2	3547	2	2549161	1	2667	2	0	2620
Picture	full0n	other				2561495	1	4666	2	0	4620
Picture	full1i	other				2574661	1	2834	2	0	2790
Picture	full0i	other				2585495	1	4000	2	0	3950
Picture	full0n	other				2597661	1	3500	2	0	3450
Picture	full0i	other				2609494	2	4000	4	0	3950
Picture	full1n	other				2620494	2	4500	4	0	4450
Picture	full1i	other				2633994	2	2500	4	0	2450
Picture	full1n	other				2645828	1	4166	2	0	4120
Picture	blue1i	false alarm	2	3913	3	2658994	2	4834	3	0	4790
Picture	full1n	other				2669994	1	2500	2	0	2450
Picture	full1i	other				2682828	1	4833	2	0	4790
Picture	full1n	other				2694161	1	3333	2	0	3290
Picture	full0n	other				2706828	1	3500	2	0	3450
Picture	full0i	other				2719494	1	3834	2	0	3790
Picture	full1i	other				2732661	1	4500	2	0	4450
Picture	full1n	other				2743494	1	2500	2	0	2450
Picture	full0n	other				2754994	1	4167	2	0	4120
Picture	full1i	other				2767828	1	4666	2	0	4620
Picture	blue0i	false alarm	2	3645	2	2779661	1	2500	2	0	2450
Picture	full0n	other				2791494	1	3500	2	0	3450
Picture	full0i	other				2802994	1	3167	2	0	3120
Picture	full0n	other				2813827	2	3000	3	0	2950
Picture	full1n	other				2826161	1	3333	2	0	3290
Picture	full1i	other				2838994	1	3000	2	0	2950
Picture	full0i	other				2851327	1	3000	2	0	2950
Picture	full0n	other				2864827	1	3667	2	0	3620
Picture	full0i	other				2878327	1	4000	2	0	3950
Picture	blue1n	false alarm	2	4711	2	2890494	1	4833	2	0	4790
Picture	full0n	other				2903994	1	2500	2	0	2450
Picture	full1i	other				2915327	1	4500	2	0	4450
Picture	full0i	other				2928494	1	3333	2	0	3290
Picture	full0n	other				2941161	1	4500	2	0	4450
Picture	full1n	other				2951994	1	4167	2	0	4120
Picture	full0i	other				2965160	2	3834	3	0	3790
Picture	full0n	other				2977994	1	4500	2	0	4450
Picture	full0i	other				2990160	2	2834	3	0	2790
Picture	full0n	other				3001660	2	3834	3	0	3790
Picture	full0i	other				3013160	2	4500	3	0	4450
Picture	full1i	other				3025994	1	3666	2	0	3620
Picture	full0n	other				3037327	1	4500	2	0	4450
Picture	full0i	other				3048660	1	4500	2	0	4450
Picture	full0n	other				3060827	1	4667	2	0	4620
Picture	full0i	other				3074327	1	3167	2	0	3120
Picture	blue0n	false alarm	2	4209	2	3087494	1	2666	2	0	2620
Picture	full1n	other				3098827	1	4667	2	0	4620
Picture	full1i	other				3110994	1	5000	2	0	4950
Picture	full0i	other				3122494	1	3500	2	0	3450
Picture	full0n	other				3135660	1	4833	3	0	4790
Picture	full1n	other				3147827	1	4500	2	0	4450
Picture	full1i	other				3160160	1	2667	2	0	2620
Picture	full0i	other				3172827	1	3166	2	0	3120
Picture	full1n	other				3185660	1	3167	2	0	3120
Picture	blue1i	false alarm	2	3943	2	3197160	1	3167	2	0	3120
Picture	full1n	other				3208160	1	3167	2	0	3120
Picture	full0n	other				3220327	1	3833	2	0	3790
Picture	full0i	other				3232160	1	4833	2	0	4790
Picture	full0n	other				3244327	1	4500	2	0	4450
Picture	full1i	other				3255160	1	4500	2	0	4450
Picture	full1n	other				3267327	1	5000	2	0	4950
Picture	full0i	other				3279493	1	2500	2	0	2450
Picture	full1i	other				3291660	1	4667	2	0	4620
Picture	full1n	other				3302993	1	3167	2	0	3120
Picture	full1i	other				3314493	1	4334	2	0	4290
Picture	full1n	other				3326660	1	3666	3	0	3620
Picture	full1i	other				3338993	1	2667	2	0	2620
Picture	blue0n	false alarm	2	3786	3	3350826	2	2834	3	0	2790
Picture	full1n	other				3361826	2	5000	3	0	4950
Picture	full0i	other				3373326	1	3334	2	0	3290
Picture	full1i	other				3384660	1	2833	2	0	2790
Picture	full1n	other				3396493	1	3833	2	0	3790
Picture	full1i	other				3407826	1	2834	2	0	2790
Picture	full0n	other				3418660	1	3333	2	0	3290
Picture	default	other				3429993	1	2667	2	0	2500
Picture	default	other				3450160	1	7143	2	0	2500
