Scenario - visual LTP Rap V4.0 HVA (based on combined block 1+2 from old 45 135 degree pilot)
Logfile written - 01/12/2016 14:14:33

Subject	Trial	Event Type	Code	Time	TTime	Uncertainty	Duration	Uncertainty	ReqTime	ReqDur

06_S0314_v0	1	Response	128	11412	21245	1
06_S0314_v0	3	Picture	full1n	21833	0	1	3166	2	0	3120
06_S0314_v0	4	Picture	full1i	32763	0	237	2903	238	0	2790
06_S0314_v0	5	Picture	full1n	45999	0	1	4500	2	0	4450
06_S0314_v0	6	Picture	full0n	59166	0	1	3500	2	0	3450
06_S0314_v0	7	Picture	full1i	69999	0	1	4834	2	0	4790
06_S0314_v0	7	Response	10	73269	3270	1
06_S0314_v0	8	Picture	full1n	82166	0	1	4333	2	0	4290
06_S0314_v0	9	Picture	full0i	94332	0	2	3500	4	0	3450
06_S0314_v0	10	Picture	full0n	106666	0	1	4166	2	0	4120
06_S0314_v0	11	Picture	blue0i	118136	0	198	3030	199	0	2950
06_S0314_v0	11	Response	10	122068	3932	1
06_S0314_v0	12	Picture	full1i	130166	0	1	3833	2	0	3790
06_S0314_v0	13	Picture	full0n	142999	0	1	5000	2	0	4950
06_S0314_v0	14	Picture	full0i	155666	0	1	4166	2	0	4120
06_S0314_v0	15	Picture	full1n	169166	0	1	4166	2	0	4120
06_S0314_v0	16	Picture	full1i	181832	0	1	3667	2	0	3620
06_S0314_v0	17	Picture	full1n	193166	0	1	4500	2	0	4450
06_S0314_v0	18	Picture	blue1i	205332	0	1	3333	3	0	3290
06_S0314_v0	18	Response	10	209167	3835	2
06_S0314_v0	19	Picture	full1n	217499	0	1	4333	2	0	4290
06_S0314_v0	20	Picture	full0n	229665	0	2	4667	3	0	4620
06_S0314_v0	21	Picture	full1i	241499	0	1	2500	2	0	2450
06_S0314_v0	22	Picture	full0i	253832	0	1	3000	2	0	2950
06_S0314_v0	23	Picture	full0n	267332	0	1	5000	2	0	4950
06_S0314_v0	24	Picture	full0i	280832	0	1	4500	2	0	4450
06_S0314_v0	25	Picture	full0n	293665	0	1	3000	2	0	2950
06_S0314_v0	26	Picture	full1n	306332	0	1	3333	2	0	3290
06_S0314_v0	27	Picture	blue1i	318165	0	1	3167	2	0	3120
06_S0314_v0	27	Response	10	321566	3401	1
06_S0314_v0	28	Picture	full0i	330832	0	1	3833	2	0	3790
06_S0314_v0	29	Picture	full0n	343165	0	1	5000	2	0	4950
06_S0314_v0	30	Picture	full0i	354998	0	1	2500	2	0	2450
06_S0314_v0	31	Picture	full1n	366332	0	1	4333	2	0	4290
06_S0314_v0	32	Picture	full1i	378498	0	1	2834	2	0	2790
06_S0314_v0	33	Picture	full0n	389998	0	1	2834	2	0	2790
06_S0314_v0	34	Picture	full1n	400832	0	1	4166	2	0	4120
06_S0314_v0	35	Picture	full1i	412998	0	1	3667	2	0	3620
06_S0314_v0	36	Picture	full1n	425832	0	1	3666	2	0	3620
06_S0314_v0	37	Picture	full0i	437998	0	1	5000	2	0	4950
06_S0314_v0	38	Picture	blue1i	449331	0	2	2834	3	0	2790
06_S0314_v0	38	Response	10	454965	5634	1
06_S0314_v0	39	Picture	full1n	460331	0	2	3000	3	0	2950
06_S0314_v0	40	Picture	full0n	472998	0	1	2833	2	0	2790
06_S0314_v0	41	Picture	full0i	483998	0	1	4000	2	0	3950
06_S0314_v0	42	Picture	full0n	496165	0	1	3666	2	0	3620
06_S0314_v0	43	Picture	full0i	508998	0	1	2833	2	0	2790
06_S0314_v0	44	Picture	full0n	522165	0	1	4333	2	0	4290
06_S0314_v0	45	Picture	full1i	535331	0	1	3667	2	0	3620
06_S0314_v0	46	Picture	full0i	547998	0	1	3667	2	0	3620
06_S0314_v0	47	Picture	full1n	558831	0	1	4500	2	0	4450
06_S0314_v0	48	Picture	full0n	570998	0	1	3166	3	0	3120
06_S0314_v0	49	Picture	full1i	582498	0	1	3000	2	0	2950
06_S0314_v0	50	Picture	blue0i	594331	0	1	3167	2	0	3120
06_S0314_v0	50	Response	10	597364	3033	1
06_S0314_v0	51	Picture	full0n	605831	0	1	3833	2	0	3790
06_S0314_v0	52	Picture	full0i	618164	0	1	3000	2	0	2950
06_S0314_v0	53	Picture	full0n	629664	0	1	4834	2	0	4790
06_S0314_v0	54	Picture	full1n	642831	0	1	2500	2	0	2450
06_S0314_v0	55	Picture	full1i	653664	0	1	3000	2	0	2950
06_S0314_v0	56	Picture	full0i	667164	0	1	3000	2	0	2950
06_S0314_v0	57	Picture	full0n	678498	0	1	3666	2	0	3620
06_S0314_v0	58	Picture	full1n	691664	0	1	3333	3	0	3290
06_S0314_v0	59	Picture	full1i	703831	0	1	4500	2	0	4450
06_S0314_v0	60	Picture	blue1n	715664	0	1	4167	2	0	4120
06_S0314_v0	60	Response	10	721363	5699	1
06_S0314_v0	61	Picture	full0i	727997	0	1	2667	2	0	2620
06_S0314_v0	62	Picture	full0n	740664	0	1	4667	2	0	4620
06_S0314_v0	63	Picture	full0i	752831	0	1	2666	2	0	2620
06_S0314_v0	64	Picture	full1i	765664	0	1	4667	2	0	4620
06_S0314_v0	65	Picture	full0n	777164	0	1	2833	2	0	2790
06_S0314_v0	66	Picture	full1n	789331	0	1	4000	2	0	3950
06_S0314_v0	67	Picture	full1i	802164	0	1	3500	2	0	3450
06_S0314_v0	68	Picture	full1n	814497	0	1	4000	2	0	3950
06_S0314_v0	69	Picture	full0i	826664	0	1	4500	2	0	4450
06_S0314_v0	70	Picture	blue0n	838830	0	2	2500	3	0	2450
06_S0314_v0	70	Response	10	842262	3432	1
06_S0314_v0	71	Picture	full0i	850997	0	1	4167	2	0	4120
06_S0314_v0	72	Picture	full0n	861830	0	1	4834	2	0	4790
06_S0314_v0	73	Picture	full0i	872830	0	1	2500	2	0	2450
06_S0314_v0	74	Picture	full0n	885664	0	1	4833	2	0	4790
06_S0314_v0	75	Picture	full0i	898330	0	1	3334	2	0	3290
06_S0314_v0	76	Picture	full1i	911830	0	1	3500	2	0	3450
06_S0314_v0	77	Picture	full1n	924497	0	1	3833	2	0	3790
06_S0314_v0	78	Picture	full0n	937330	0	1	4500	2	0	4450
06_S0314_v0	79	Picture	full0i	949497	0	1	2500	2	0	2450
06_S0314_v0	80	Picture	full1i	960330	0	1	4167	2	0	4120
06_S0314_v0	81	Picture	blue0n	973163	0	1	4667	2	0	4620
06_S0314_v0	81	Response	10	976670	3507	2
06_S0314_v0	82	Picture	full1n	984163	0	1	2500	2	0	2450
06_S0314_v0	83	Picture	full1i	996497	0	1	3500	2	0	3450
06_S0314_v0	84	Picture	full1n	1007497	0	1	3166	2	0	3120
06_S0314_v0	85	Picture	full1i	1020663	0	1	3000	2	0	2950
06_S0314_v0	86	Picture	full0i	1032163	0	1	3334	2	0	3290
06_S0314_v0	86	Response	10	1035969	3806	2
06_S0314_v0	87	Picture	full0n	1043663	0	1	3000	2	0	2950
06_S0314_v0	88	Picture	full1n	1055996	0	2	3000	4	0	2950
06_S0314_v0	89	Picture	full1i	1068163	0	1	3667	2	0	3620
06_S0314_v0	90	Picture	full1n	1081330	0	1	4000	2	0	3950
06_S0314_v0	91	Picture	full1i	1092663	0	1	4833	2	0	4790
06_S0314_v0	92	Picture	full1n	1105830	0	1	2500	2	0	2450
06_S0314_v0	93	Picture	full0i	1117163	0	1	4500	2	0	4450
06_S0314_v0	94	Picture	blue1i	1128496	0	1	3334	2	0	3290
06_S0314_v0	94	Response	10	1132469	3973	1
06_S0314_v0	95	Picture	full1n	1140330	0	1	4500	2	0	4450
06_S0314_v0	96	Picture	full0n	1153496	0	1	4167	2	0	4120
06_S0314_v0	97	Picture	full1i	1164996	0	1	3834	2	0	3790
06_S0314_v0	98	Picture	full1n	1175996	0	1	4500	2	0	4450
06_S0314_v0	99	Picture	full1i	1189163	0	1	2833	2	0	2790
06_S0314_v0	100	Picture	full1n	1199996	0	1	3833	2	0	3790
06_S0314_v0	101	Picture	full1i	1212163	0	1	4500	2	0	4450
06_S0314_v0	102	Picture	full0i	1222996	0	1	3667	2	0	3620
06_S0314_v0	103	Picture	blue1n	1233996	0	1	4500	2	0	4450
06_S0314_v0	103	Response	10	1238068	4072	1
06_S0314_v0	104	Picture	full1i	1244996	0	1	4500	2	0	4450
06_S0314_v0	105	Picture	full1n	1258496	0	1	4667	2	0	4620
06_S0314_v0	106	Picture	full1i	1270329	0	1	3167	2	0	3120
06_S0314_v0	107	Picture	full1n	1283829	0	1	2667	2	0	2620
06_S0314_v0	108	Picture	full0n	1295662	0	2	4667	3	0	4620
06_S0314_v0	109	Picture	full0i	1307829	0	1	5000	2	0	4950
06_S0314_v0	110	Picture	full1i	1320162	0	2	3500	3	0	3450
06_S0314_v0	111	Picture	full1n	1333662	0	1	4834	2	0	4790
06_S0314_v0	112	Picture	blue0n	1345996	0	1	4500	2	0	4450
06_S0314_v0	112	Response	10	1349767	3771	1
06_S0314_v0	113	Picture	full0i	1357329	0	1	2667	2	0	2620
06_S0314_v0	114	Picture	full1i	1368829	0	1	3167	2	0	3120
06_S0314_v0	115	Picture	full0n	1381496	0	1	3166	2	0	3120
06_S0314_v0	116	Picture	full0i	1392329	0	1	3167	2	0	3120
06_S0314_v0	117	Picture	full0n	1404162	0	1	3167	2	0	3120
06_S0314_v0	118	Picture	full1n	1416995	0	2	3834	3	0	3790
06_S0314_v0	119	Picture	full1i	1430495	0	2	4834	3	0	4790
06_S0314_v0	120	Picture	full1n	1443329	0	1	4500	2	0	4450
06_S0314_v0	121	Picture	blue0i	1454662	0	1	4500	2	0	4450
06_S0314_v0	121	Response	10	1459166	4504	1
06_S0314_v0	122	Picture	full0n	1466495	0	1	5000	2	0	4950
06_S0314_v0	123	Picture	full1i	1477495	0	1	2500	2	0	2450
06_S0314_v0	124	Picture	full0i	1489829	0	1	4666	2	0	4620
06_S0314_v0	125	Picture	full0n	1501162	0	1	3167	2	0	3120
06_S0314_v0	126	Picture	full0i	1512495	0	1	4334	2	0	4290
06_S0314_v0	127	Picture	full0n	1523995	0	1	3667	2	0	3620
06_S0314_v0	128	Picture	full0i	1535829	0	1	2666	2	0	2620
06_S0314_v0	129	Picture	blue1n	1549328	0	2	2834	3	0	2790
06_S0314_v0	129	Response	10	1555865	6537	1
06_S0314_v0	130	Picture	full0n	1562828	0	2	5000	3	0	4950
06_S0314_v0	131	Picture	full1i	1573828	0	1	3334	2	0	3290
06_S0314_v0	132	Picture	full0i	1586495	0	1	2833	2	0	2790
06_S0314_v0	133	Picture	full0n	1597995	0	1	3833	2	0	3790
06_S0314_v0	134	Picture	full0i	1610162	0	1	2833	2	0	2790
06_S0314_v0	135	Picture	full1n	1620995	0	1	3333	2	0	3290
06_S0314_v0	136	Picture	82	1632328	0	1	100167	2	0	next
06_S0314_v0	136	Picture	82	1732495	100167	1	10000	2	100000	next
06_S0314_v0	136	Picture	82	1742495	110167	1	10000	2	110000	next
06_S0314_v0	136	Picture	82	1752495	120167	1	10000	2	120000	next
06_S0314_v0	136	Picture	82	1762495	130167	1	10000	2	130000	next
06_S0314_v0	136	Picture	82	1772495	140167	1	9999	3	140000	next
06_S0314_v0	136	Picture	82	1782494	150166	2	10000	3	150000	next
06_S0314_v0	136	Picture	82	1792494	160166	1	10000	2	160000	next
06_S0314_v0	136	Picture	82	1802494	170166	1	10000	2	170000	next
06_S0314_v0	136	Picture	82	1812494	180166	1	10000	2	180000	next
06_S0314_v0	136	Picture	82	1822494	190166	1	10000	2	190000	10000
06_S0314_v0	137	Picture	full0n	1832494	0	1	3167	2	0	3120
06_S0314_v0	138	Picture	full0i	1844828	0	1	2833	2	0	2790
06_S0314_v0	139	Picture	full0n	1857661	0	1	4500	2	0	4450
06_S0314_v0	140	Picture	full1n	1869161	0	1	3500	2	0	3450
06_S0314_v0	141	Picture	blue0i	1882661	0	1	4833	2	0	4790
06_S0314_v0	141	Response	10	1885462	2801	1
06_S0314_v0	142	Picture	full0n	1894827	0	2	4334	3	0	4290
06_S0314_v0	143	Picture	full1i	1907161	0	1	3500	2	0	3450
06_S0314_v0	144	Picture	full1n	1918161	0	1	4166	2	0	4120
06_S0314_v0	145	Picture	full1i	1929494	0	1	3000	2	0	2950
06_S0314_v0	146	Picture	full0i	1941661	0	1	3833	2	0	3790
06_S0314_v0	147	Picture	full1n	1952661	0	1	5000	2	0	4950
06_S0314_v0	148	Picture	full1i	1965327	0	1	4167	2	0	4120
06_S0314_v0	149	Picture	blue0n	1977494	0	1	4167	2	0	4120
06_S0314_v0	149	Response	10	1980671	3177	2
06_S0314_v0	150	Picture	full0i	1990161	0	1	3666	2	0	3620
06_S0314_v0	151	Picture	full0n	2000994	0	1	4500	2	0	4450
06_S0314_v0	152	Picture	full0i	2013327	0	1	3334	2	0	3290
06_S0314_v0	153	Picture	full0n	2025660	0	2	4334	3	0	4290
06_S0314_v0	154	Picture	full1n	2037827	0	1	4667	2	0	4620
06_S0314_v0	155	Picture	full0i	2050994	0	1	2500	2	0	2450
06_S0314_v0	156	Picture	full1i	2061827	0	1	3000	2	0	2950
06_S0314_v0	157	Picture	full0n	2072827	0	1	5000	2	0	4950
06_S0314_v0	158	Picture	full1n	2085494	0	1	4500	2	0	4450
06_S0314_v0	159	Picture	blue1i	2098660	0	1	3000	2	0	2950
06_S0314_v0	159	Response	10	2102670	4010	1
06_S0314_v0	160	Picture	full0i	2110160	0	1	3334	2	0	3290
06_S0314_v0	161	Picture	full0n	2123660	0	1	3167	2	0	3120
06_S0314_v0	162	Picture	full1n	2136827	0	1	3833	2	0	3790
06_S0314_v0	163	Picture	full1i	2148993	0	2	5000	4	0	4950
06_S0314_v0	164	Picture	full1n	2160827	0	1	2500	2	0	2450
06_S0314_v0	165	Picture	full0i	2173993	0	2	4334	3	0	4290
06_S0314_v0	166	Picture	full0n	2187493	0	1	2834	2	0	2790
06_S0314_v0	167	Picture	full1i	2199827	0	1	2833	2	0	2790
06_S0314_v0	168	Picture	full0i	2212660	0	1	4167	2	0	4120
06_S0314_v0	169	Picture	full0n	2224160	0	1	3667	2	0	3620
06_S0314_v0	170	Picture	full0i	2235993	0	1	3667	2	0	3620
06_S0314_v0	171	Picture	full1n	2249493	0	1	5000	2	0	4950
06_S0314_v0	172	Picture	full0n	2260327	0	1	2833	2	0	2790
06_S0314_v0	173	Picture	blue0i	2271660	0	1	3000	2	0	2950
06_S0314_v0	173	Response	10	2275569	3909	1
06_S0314_v0	174	Picture	full1i	2283493	0	1	2833	2	0	2790
06_S0314_v0	175	Picture	full1n	2294493	0	1	4000	2	0	3950
06_S0314_v0	176	Picture	full1i	2306660	0	1	3666	2	0	3620
06_S0314_v0	177	Picture	full1n	2318493	0	1	2833	2	0	2790
06_S0314_v0	178	Picture	blue1i	2330826	0	1	4334	2	0	4290
06_S0314_v0	179	Picture	full0n	2342993	0	1	3667	2	0	3620
06_S0314_v0	180	Picture	full1n	2355826	0	1	3667	2	0	3620
06_S0314_v0	181	Picture	full0i	2366826	0	1	4500	2	0	4450
06_S0314_v0	182	Picture	full1i	2379493	0	1	3167	2	0	3120
06_S0314_v0	183	Picture	full0n	2392159	0	2	3000	4	0	2950
06_S0314_v0	183	Response	10	2396467	4308	2
06_S0314_v0	184	Picture	full1n	2404826	0	1	3167	2	0	3120
06_S0314_v0	185	Picture	full1i	2416993	0	1	3833	2	0	3790
06_S0314_v0	186	Picture	full1n	2429826	0	1	3000	2	0	2950
06_S0314_v0	187	Picture	full1i	2443326	0	1	4833	2	0	4790
06_S0314_v0	188	Picture	full0i	2454826	0	1	2500	2	0	2450
06_S0314_v0	189	Picture	blue0n	2466159	0	1	3000	2	0	2950
06_S0314_v0	189	Response	10	2469567	3408	1
06_S0314_v0	190	Picture	full1n	2478326	0	1	3000	2	0	2950
06_S0314_v0	191	Picture	full1i	2491159	0	1	3667	2	0	3620
06_S0314_v0	192	Picture	full0i	2504659	0	1	3333	3	0	3290
06_S0314_v0	193	Picture	full0n	2515492	0	2	4500	4	0	4450
06_S0314_v0	194	Picture	full0i	2528159	0	1	4167	2	0	4120
06_S0314_v0	195	Picture	full1n	2539159	0	1	2667	2	0	2620
06_S0314_v0	196	Picture	full1i	2551326	0	1	4666	2	0	4620
06_S0314_v0	197	Picture	blue1n	2562326	0	1	2666	2	0	2620
06_S0314_v0	197	Response	10	2569666	7340	1
06_S0314_v0	198	Picture	full0n	2574659	0	1	4667	2	0	4620
06_S0314_v0	199	Picture	full1i	2587826	0	1	2833	2	0	2790
06_S0314_v0	200	Picture	full0i	2598659	0	1	4000	2	0	3950
06_S0314_v0	201	Picture	full0n	2610826	0	1	3500	2	0	3450
06_S0314_v0	202	Picture	full0i	2622659	0	1	4000	2	0	3950
06_S0314_v0	203	Picture	full1n	2633659	0	1	4500	2	0	4450
06_S0314_v0	204	Picture	full1i	2647159	0	1	2500	2	0	2450
06_S0314_v0	205	Picture	full1n	2658992	0	1	4167	2	0	4120
06_S0314_v0	206	Picture	blue1i	2672159	0	1	4833	2	0	4790
06_S0314_v0	206	Response	10	2676465	4306	1
06_S0314_v0	207	Picture	full1n	2683159	0	1	2500	2	0	2450
06_S0314_v0	208	Picture	full1i	2695992	0	1	4833	2	0	4790
06_S0314_v0	209	Picture	full1n	2707325	0	1	3334	2	0	3290
06_S0314_v0	210	Picture	full0n	2719992	0	1	3500	2	0	3450
06_S0314_v0	211	Picture	full0i	2732659	0	1	3833	2	0	3790
06_S0314_v0	212	Picture	full1i	2745825	0	1	4500	2	0	4450
06_S0314_v0	213	Picture	full1n	2756658	0	2	2500	4	0	2450
06_S0314_v0	214	Picture	full0n	2768158	0	2	4167	3	0	4120
06_S0314_v0	215	Picture	full1i	2780992	0	1	4666	2	0	4620
06_S0314_v0	216	Picture	blue0i	2792825	0	1	2500	2	0	2450
06_S0314_v0	216	Response	10	2796764	3939	1
06_S0314_v0	217	Picture	full0n	2804658	0	1	3500	2	0	3450
06_S0314_v0	218	Picture	full0i	2816158	0	1	3167	2	0	3120
06_S0314_v0	219	Picture	full0n	2826992	0	1	3000	2	0	2950
06_S0314_v0	220	Picture	full1n	2839325	0	1	3333	2	0	3290
06_S0314_v0	221	Picture	full1i	2852158	0	1	3000	2	0	2950
06_S0314_v0	222	Picture	full0i	2864492	0	1	3000	2	0	2950
06_S0314_v0	223	Picture	full0n	2877991	0	2	3667	3	0	3620
06_S0314_v0	224	Picture	full0i	2891491	0	2	4000	4	0	3950
06_S0314_v0	225	Picture	blue1n	2903658	0	1	4833	2	0	4790
06_S0314_v0	225	Response	10	2907563	3905	1
06_S0314_v0	226	Picture	full0n	2917158	0	1	2500	2	0	2450
06_S0314_v0	227	Picture	full1i	2928491	0	1	4500	2	0	4450
06_S0314_v0	228	Picture	full0i	2941658	0	1	3333	2	0	3290
06_S0314_v0	229	Picture	full0n	2954325	0	1	4500	2	0	4450
06_S0314_v0	230	Picture	full1n	2965158	0	1	4167	2	0	4120
06_S0314_v0	231	Picture	full0i	2978325	0	1	3833	2	0	3790
06_S0314_v0	232	Picture	full0n	2991158	0	1	4500	2	0	4450
06_S0314_v0	233	Picture	full0i	3003325	0	1	2833	2	0	2790
06_S0314_v0	234	Picture	full0n	3014824	0	2	3834	3	0	3790
06_S0314_v0	235	Picture	full0i	3026324	0	2	4500	3	0	4450
06_S0314_v0	236	Picture	full1i	3039158	0	1	3666	2	0	3620
06_S0314_v0	237	Picture	full0n	3050491	0	1	4500	2	0	4450
06_S0314_v0	238	Picture	full0i	3061824	0	1	4500	2	0	4450
06_S0314_v0	239	Picture	full0n	3073991	0	1	4667	2	0	4620
06_S0314_v0	240	Picture	full0i	3087491	0	1	3167	2	0	3120
06_S0314_v0	241	Picture	blue0n	3100658	0	1	2666	2	0	2620
06_S0314_v0	241	Response	10	3104771	4113	1
06_S0314_v0	242	Picture	full1n	3111991	0	1	4667	2	0	4620
06_S0314_v0	243	Picture	full1i	3124158	0	1	4999	3	0	4950
06_S0314_v0	244	Picture	full0i	3135657	0	2	3500	4	0	3450
06_S0314_v0	245	Picture	full0n	3148824	0	1	4833	2	0	4790
06_S0314_v0	246	Picture	full1n	3160991	0	1	4500	2	0	4450
06_S0314_v0	247	Picture	full1i	3173324	0	1	2667	2	0	2620
06_S0314_v0	248	Picture	full0i	3185991	0	1	3166	2	0	3120
06_S0314_v0	249	Picture	full1n	3198824	0	1	3167	2	0	3120
06_S0314_v0	250	Picture	blue1i	3210324	0	1	3167	2	0	3120
06_S0314_v0	250	Response	10	3215970	5646	1
06_S0314_v0	251	Picture	full1n	3221324	0	1	3167	2	0	3120
06_S0314_v0	252	Picture	full0n	3233491	0	1	3833	2	0	3790
06_S0314_v0	253	Picture	full0i	3245324	0	1	4833	2	0	4790
06_S0314_v0	254	Picture	full0n	3257490	0	2	4500	4	0	4450
06_S0314_v0	255	Picture	full1i	3268324	0	1	4500	2	0	4450
06_S0314_v0	256	Picture	full1n	3280490	0	2	5000	3	0	4950
06_S0314_v0	257	Picture	full0i	3292657	0	1	2500	2	0	2450
06_S0314_v0	258	Picture	full1i	3304824	0	1	4666	2	0	4620
06_S0314_v0	259	Picture	full1n	3316157	0	1	3167	2	0	3120
06_S0314_v0	260	Picture	full1i	3327657	0	1	4333	2	0	4290
06_S0314_v0	261	Picture	full1n	3339824	0	1	3666	2	0	3620
06_S0314_v0	262	Picture	full1i	3352157	0	1	2667	2	0	2620
06_S0314_v0	263	Picture	blue0n	3363990	0	1	2834	2	0	2790
06_S0314_v0	263	Response	10	3368769	4779	1
06_S0314_v0	264	Picture	full1n	3374990	0	1	5000	2	0	4950
06_S0314_v0	265	Picture	full0i	3386490	0	1	3333	3	0	3290
06_S0314_v0	266	Picture	full1i	3397823	0	2	2834	3	0	2790
06_S0314_v0	267	Picture	full1n	3409657	0	1	3833	2	0	3790
06_S0314_v0	268	Picture	full1i	3420990	0	1	2833	2	0	2790
06_S0314_v0	269	Picture	full0n	3431823	0	1	3334	2	0	3290
06_S0314_v0	270	Picture	default	3443157	0	1	2666	2	0	2500
06_S0314_v0	271	Picture	default	3463323	0	1	7277	2	0	2500


Event Type	Code	Type	Response	RT	RT Uncertainty	Time	Uncertainty	Duration	Uncertainty	ReqTime	ReqDur

Picture	full1n	other				21833	1	3166	2	0	3120
Picture	full1i	other				32763	237	2903	238	0	2790
Picture	full1n	other				45999	1	4500	2	0	4450
Picture	full0n	other				59166	1	3500	2	0	3450
Picture	full1i	other				69999	1	4834	2	0	4790
Picture	full1n	other				82166	1	4333	2	0	4290
Picture	full0i	other				94332	2	3500	4	0	3450
Picture	full0n	other				106666	1	4166	2	0	4120
Picture	blue0i	false alarm	2	3932	199	118136	198	3030	199	0	2950
Picture	full1i	other				130166	1	3833	2	0	3790
Picture	full0n	other				142999	1	5000	2	0	4950
Picture	full0i	other				155666	1	4166	2	0	4120
Picture	full1n	other				169166	1	4166	2	0	4120
Picture	full1i	other				181832	1	3667	2	0	3620
Picture	full1n	other				193166	1	4500	2	0	4450
Picture	blue1i	false alarm	2	3835	3	205332	1	3333	3	0	3290
Picture	full1n	other				217499	1	4333	2	0	4290
Picture	full0n	other				229665	2	4667	3	0	4620
Picture	full1i	other				241499	1	2500	2	0	2450
Picture	full0i	other				253832	1	3000	2	0	2950
Picture	full0n	other				267332	1	5000	2	0	4950
Picture	full0i	other				280832	1	4500	2	0	4450
Picture	full0n	other				293665	1	3000	2	0	2950
Picture	full1n	other				306332	1	3333	2	0	3290
Picture	blue1i	false alarm	2	3401	2	318165	1	3167	2	0	3120
Picture	full0i	other				330832	1	3833	2	0	3790
Picture	full0n	other				343165	1	5000	2	0	4950
Picture	full0i	other				354998	1	2500	2	0	2450
Picture	full1n	other				366332	1	4333	2	0	4290
Picture	full1i	other				378498	1	2834	2	0	2790
Picture	full0n	other				389998	1	2834	2	0	2790
Picture	full1n	other				400832	1	4166	2	0	4120
Picture	full1i	other				412998	1	3667	2	0	3620
Picture	full1n	other				425832	1	3666	2	0	3620
Picture	full0i	other				437998	1	5000	2	0	4950
Picture	blue1i	false alarm	2	5634	3	449331	2	2834	3	0	2790
Picture	full1n	other				460331	2	3000	3	0	2950
Picture	full0n	other				472998	1	2833	2	0	2790
Picture	full0i	other				483998	1	4000	2	0	3950
Picture	full0n	other				496165	1	3666	2	0	3620
Picture	full0i	other				508998	1	2833	2	0	2790
Picture	full0n	other				522165	1	4333	2	0	4290
Picture	full1i	other				535331	1	3667	2	0	3620
Picture	full0i	other				547998	1	3667	2	0	3620
Picture	full1n	other				558831	1	4500	2	0	4450
Picture	full0n	other				570998	1	3166	3	0	3120
Picture	full1i	other				582498	1	3000	2	0	2950
Picture	blue0i	false alarm	2	3033	2	594331	1	3167	2	0	3120
Picture	full0n	other				605831	1	3833	2	0	3790
Picture	full0i	other				618164	1	3000	2	0	2950
Picture	full0n	other				629664	1	4834	2	0	4790
Picture	full1n	other				642831	1	2500	2	0	2450
Picture	full1i	other				653664	1	3000	2	0	2950
Picture	full0i	other				667164	1	3000	2	0	2950
Picture	full0n	other				678498	1	3666	2	0	3620
Picture	full1n	other				691664	1	3333	3	0	3290
Picture	full1i	other				703831	1	4500	2	0	4450
Picture	blue1n	false alarm	2	5699	2	715664	1	4167	2	0	4120
Picture	full0i	other				727997	1	2667	2	0	2620
Picture	full0n	other				740664	1	4667	2	0	4620
Picture	full0i	other				752831	1	2666	2	0	2620
Picture	full1i	other				765664	1	4667	2	0	4620
Picture	full0n	other				777164	1	2833	2	0	2790
Picture	full1n	other				789331	1	4000	2	0	3950
Picture	full1i	other				802164	1	3500	2	0	3450
Picture	full1n	other				814497	1	4000	2	0	3950
Picture	full0i	other				826664	1	4500	2	0	4450
Picture	blue0n	false alarm	2	3432	3	838830	2	2500	3	0	2450
Picture	full0i	other				850997	1	4167	2	0	4120
Picture	full0n	other				861830	1	4834	2	0	4790
Picture	full0i	other				872830	1	2500	2	0	2450
Picture	full0n	other				885664	1	4833	2	0	4790
Picture	full0i	other				898330	1	3334	2	0	3290
Picture	full1i	other				911830	1	3500	2	0	3450
Picture	full1n	other				924497	1	3833	2	0	3790
Picture	full0n	other				937330	1	4500	2	0	4450
Picture	full0i	other				949497	1	2500	2	0	2450
Picture	full1i	other				960330	1	4167	2	0	4120
Picture	blue0n	false alarm	2	3507	3	973163	1	4667	2	0	4620
Picture	full1n	other				984163	1	2500	2	0	2450
Picture	full1i	other				996497	1	3500	2	0	3450
Picture	full1n	other				1007497	1	3166	2	0	3120
Picture	full1i	other				1020663	1	3000	2	0	2950
Picture	full0i	other				1032163	1	3334	2	0	3290
Picture	full0n	other				1043663	1	3000	2	0	2950
Picture	full1n	other				1055996	2	3000	4	0	2950
Picture	full1i	other				1068163	1	3667	2	0	3620
Picture	full1n	other				1081330	1	4000	2	0	3950
Picture	full1i	other				1092663	1	4833	2	0	4790
Picture	full1n	other				1105830	1	2500	2	0	2450
Picture	full0i	other				1117163	1	4500	2	0	4450
Picture	blue1i	false alarm	2	3973	2	1128496	1	3334	2	0	3290
Picture	full1n	other				1140330	1	4500	2	0	4450
Picture	full0n	other				1153496	1	4167	2	0	4120
Picture	full1i	other				1164996	1	3834	2	0	3790
Picture	full1n	other				1175996	1	4500	2	0	4450
Picture	full1i	other				1189163	1	2833	2	0	2790
Picture	full1n	other				1199996	1	3833	2	0	3790
Picture	full1i	other				1212163	1	4500	2	0	4450
Picture	full0i	other				1222996	1	3667	2	0	3620
Picture	blue1n	false alarm	2	4072	2	1233996	1	4500	2	0	4450
Picture	full1i	other				1244996	1	4500	2	0	4450
Picture	full1n	other				1258496	1	4667	2	0	4620
Picture	full1i	other				1270329	1	3167	2	0	3120
Picture	full1n	other				1283829	1	2667	2	0	2620
Picture	full0n	other				1295662	2	4667	3	0	4620
Picture	full0i	other				1307829	1	5000	2	0	4950
Picture	full1i	other				1320162	2	3500	3	0	3450
Picture	full1n	other				1333662	1	4834	2	0	4790
Picture	blue0n	false alarm	2	3771	2	1345996	1	4500	2	0	4450
Picture	full0i	other				1357329	1	2667	2	0	2620
Picture	full1i	other				1368829	1	3167	2	0	3120
Picture	full0n	other				1381496	1	3166	2	0	3120
Picture	full0i	other				1392329	1	3167	2	0	3120
Picture	full0n	other				1404162	1	3167	2	0	3120
Picture	full1n	other				1416995	2	3834	3	0	3790
Picture	full1i	other				1430495	2	4834	3	0	4790
Picture	full1n	other				1443329	1	4500	2	0	4450
Picture	blue0i	false alarm	2	4504	2	1454662	1	4500	2	0	4450
Picture	full0n	other				1466495	1	5000	2	0	4950
Picture	full1i	other				1477495	1	2500	2	0	2450
Picture	full0i	other				1489829	1	4666	2	0	4620
Picture	full0n	other				1501162	1	3167	2	0	3120
Picture	full0i	other				1512495	1	4334	2	0	4290
Picture	full0n	other				1523995	1	3667	2	0	3620
Picture	full0i	other				1535829	1	2666	2	0	2620
Picture	blue1n	false alarm	2	6537	3	1549328	2	2834	3	0	2790
Picture	full0n	other				1562828	2	5000	3	0	4950
Picture	full1i	other				1573828	1	3334	2	0	3290
Picture	full0i	other				1586495	1	2833	2	0	2790
Picture	full0n	other				1597995	1	3833	2	0	3790
Picture	full0i	other				1610162	1	2833	2	0	2790
Picture	full1n	other				1620995	1	3333	2	0	3290
Picture	82	other				1632328	1	100167	2	0	next
Picture	82	other				1732495	1	10000	2	100000	next
Picture	82	other				1742495	1	10000	2	110000	next
Picture	82	other				1752495	1	10000	2	120000	next
Picture	82	other				1762495	1	10000	2	130000	next
Picture	82	other				1772495	1	9999	3	140000	next
Picture	82	other				1782494	2	10000	3	150000	next
Picture	82	other				1792494	1	10000	2	160000	next
Picture	82	other				1802494	1	10000	2	170000	next
Picture	82	other				1812494	1	10000	2	180000	next
Picture	82	other				1822494	1	10000	2	190000	10000
Picture	full0n	other				1832494	1	3167	2	0	3120
Picture	full0i	other				1844828	1	2833	2	0	2790
Picture	full0n	other				1857661	1	4500	2	0	4450
Picture	full1n	other				1869161	1	3500	2	0	3450
Picture	blue0i	false alarm	2	2801	2	1882661	1	4833	2	0	4790
Picture	full0n	other				1894827	2	4334	3	0	4290
Picture	full1i	other				1907161	1	3500	2	0	3450
Picture	full1n	other				1918161	1	4166	2	0	4120
Picture	full1i	other				1929494	1	3000	2	0	2950
Picture	full0i	other				1941661	1	3833	2	0	3790
Picture	full1n	other				1952661	1	5000	2	0	4950
Picture	full1i	other				1965327	1	4167	2	0	4120
Picture	blue0n	false alarm	2	3177	3	1977494	1	4167	2	0	4120
Picture	full0i	other				1990161	1	3666	2	0	3620
Picture	full0n	other				2000994	1	4500	2	0	4450
Picture	full0i	other				2013327	1	3334	2	0	3290
Picture	full0n	other				2025660	2	4334	3	0	4290
Picture	full1n	other				2037827	1	4667	2	0	4620
Picture	full0i	other				2050994	1	2500	2	0	2450
Picture	full1i	other				2061827	1	3000	2	0	2950
Picture	full0n	other				2072827	1	5000	2	0	4950
Picture	full1n	other				2085494	1	4500	2	0	4450
Picture	blue1i	false alarm	2	4010	2	2098660	1	3000	2	0	2950
Picture	full0i	other				2110160	1	3334	2	0	3290
Picture	full0n	other				2123660	1	3167	2	0	3120
Picture	full1n	other				2136827	1	3833	2	0	3790
Picture	full1i	other				2148993	2	5000	4	0	4950
Picture	full1n	other				2160827	1	2500	2	0	2450
Picture	full0i	other				2173993	2	4334	3	0	4290
Picture	full0n	other				2187493	1	2834	2	0	2790
Picture	full1i	other				2199827	1	2833	2	0	2790
Picture	full0i	other				2212660	1	4167	2	0	4120
Picture	full0n	other				2224160	1	3667	2	0	3620
Picture	full0i	other				2235993	1	3667	2	0	3620
Picture	full1n	other				2249493	1	5000	2	0	4950
Picture	full0n	other				2260327	1	2833	2	0	2790
Picture	blue0i	false alarm	2	3909	2	2271660	1	3000	2	0	2950
Picture	full1i	other				2283493	1	2833	2	0	2790
Picture	full1n	other				2294493	1	4000	2	0	3950
Picture	full1i	other				2306660	1	3666	2	0	3620
Picture	full1n	other				2318493	1	2833	2	0	2790
Picture	blue1i	other				2330826	1	4334	2	0	4290
Picture	full0n	other				2342993	1	3667	2	0	3620
Picture	full1n	other				2355826	1	3667	2	0	3620
Picture	full0i	other				2366826	1	4500	2	0	4450
Picture	full1i	other				2379493	1	3167	2	0	3120
Picture	full0n	other				2392159	2	3000	4	0	2950
Picture	full1n	other				2404826	1	3167	2	0	3120
Picture	full1i	other				2416993	1	3833	2	0	3790
Picture	full1n	other				2429826	1	3000	2	0	2950
Picture	full1i	other				2443326	1	4833	2	0	4790
Picture	full0i	other				2454826	1	2500	2	0	2450
Picture	blue0n	false alarm	2	3408	2	2466159	1	3000	2	0	2950
Picture	full1n	other				2478326	1	3000	2	0	2950
Picture	full1i	other				2491159	1	3667	2	0	3620
Picture	full0i	other				2504659	1	3333	3	0	3290
Picture	full0n	other				2515492	2	4500	4	0	4450
Picture	full0i	other				2528159	1	4167	2	0	4120
Picture	full1n	other				2539159	1	2667	2	0	2620
Picture	full1i	other				2551326	1	4666	2	0	4620
Picture	blue1n	false alarm	2	7340	2	2562326	1	2666	2	0	2620
Picture	full0n	other				2574659	1	4667	2	0	4620
Picture	full1i	other				2587826	1	2833	2	0	2790
Picture	full0i	other				2598659	1	4000	2	0	3950
Picture	full0n	other				2610826	1	3500	2	0	3450
Picture	full0i	other				2622659	1	4000	2	0	3950
Picture	full1n	other				2633659	1	4500	2	0	4450
Picture	full1i	other				2647159	1	2500	2	0	2450
Picture	full1n	other				2658992	1	4167	2	0	4120
Picture	blue1i	false alarm	2	4306	2	2672159	1	4833	2	0	4790
Picture	full1n	other				2683159	1	2500	2	0	2450
Picture	full1i	other				2695992	1	4833	2	0	4790
Picture	full1n	other				2707325	1	3334	2	0	3290
Picture	full0n	other				2719992	1	3500	2	0	3450
Picture	full0i	other				2732659	1	3833	2	0	3790
Picture	full1i	other				2745825	1	4500	2	0	4450
Picture	full1n	other				2756658	2	2500	4	0	2450
Picture	full0n	other				2768158	2	4167	3	0	4120
Picture	full1i	other				2780992	1	4666	2	0	4620
Picture	blue0i	false alarm	2	3939	2	2792825	1	2500	2	0	2450
Picture	full0n	other				2804658	1	3500	2	0	3450
Picture	full0i	other				2816158	1	3167	2	0	3120
Picture	full0n	other				2826992	1	3000	2	0	2950
Picture	full1n	other				2839325	1	3333	2	0	3290
Picture	full1i	other				2852158	1	3000	2	0	2950
Picture	full0i	other				2864492	1	3000	2	0	2950
Picture	full0n	other				2877991	2	3667	3	0	3620
Picture	full0i	other				2891491	2	4000	4	0	3950
Picture	blue1n	false alarm	2	3905	2	2903658	1	4833	2	0	4790
Picture	full0n	other				2917158	1	2500	2	0	2450
Picture	full1i	other				2928491	1	4500	2	0	4450
Picture	full0i	other				2941658	1	3333	2	0	3290
Picture	full0n	other				2954325	1	4500	2	0	4450
Picture	full1n	other				2965158	1	4167	2	0	4120
Picture	full0i	other				2978325	1	3833	2	0	3790
Picture	full0n	other				2991158	1	4500	2	0	4450
Picture	full0i	other				3003325	1	2833	2	0	2790
Picture	full0n	other				3014824	2	3834	3	0	3790
Picture	full0i	other				3026324	2	4500	3	0	4450
Picture	full1i	other				3039158	1	3666	2	0	3620
Picture	full0n	other				3050491	1	4500	2	0	4450
Picture	full0i	other				3061824	1	4500	2	0	4450
Picture	full0n	other				3073991	1	4667	2	0	4620
Picture	full0i	other				3087491	1	3167	2	0	3120
Picture	blue0n	false alarm	2	4113	2	3100658	1	2666	2	0	2620
Picture	full1n	other				3111991	1	4667	2	0	4620
Picture	full1i	other				3124158	1	4999	3	0	4950
Picture	full0i	other				3135657	2	3500	4	0	3450
Picture	full0n	other				3148824	1	4833	2	0	4790
Picture	full1n	other				3160991	1	4500	2	0	4450
Picture	full1i	other				3173324	1	2667	2	0	2620
Picture	full0i	other				3185991	1	3166	2	0	3120
Picture	full1n	other				3198824	1	3167	2	0	3120
Picture	blue1i	false alarm	2	5646	2	3210324	1	3167	2	0	3120
Picture	full1n	other				3221324	1	3167	2	0	3120
Picture	full0n	other				3233491	1	3833	2	0	3790
Picture	full0i	other				3245324	1	4833	2	0	4790
Picture	full0n	other				3257490	2	4500	4	0	4450
Picture	full1i	other				3268324	1	4500	2	0	4450
Picture	full1n	other				3280490	2	5000	3	0	4950
Picture	full0i	other				3292657	1	2500	2	0	2450
Picture	full1i	other				3304824	1	4666	2	0	4620
Picture	full1n	other				3316157	1	3167	2	0	3120
Picture	full1i	other				3327657	1	4333	2	0	4290
Picture	full1n	other				3339824	1	3666	2	0	3620
Picture	full1i	other				3352157	1	2667	2	0	2620
Picture	blue0n	false alarm	2	4779	2	3363990	1	2834	2	0	2790
Picture	full1n	other				3374990	1	5000	2	0	4950
Picture	full0i	other				3386490	1	3333	3	0	3290
Picture	full1i	other				3397823	2	2834	3	0	2790
Picture	full1n	other				3409657	1	3833	2	0	3790
Picture	full1i	other				3420990	1	2833	2	0	2790
Picture	full0n	other				3431823	1	3334	2	0	3290
Picture	default	other				3443157	1	2666	2	0	2500
Picture	default	other				3463323	1	7277	2	0	2500
