Scenario - visual LTP Rap V4.0 HVB (based on combined block 1+2 from old 45 135 degree pilot)
Logfile written - 01/16/2016 12:56:55

Subject	Trial	Event Type	Code	Time	TTime	Uncertainty	Duration	Uncertainty	ReqTime	ReqDur

06_S0313_v0	1	Response	128	-5365	4468	1
06_S0313_v0	3	Picture	full1n	4833	0	1	4666	2	0	4620
06_S0313_v0	4	Picture	full0n	16303	0	198	2696	199	0	2620
06_S0313_v0	5	Picture	full0i	28166	0	1	4333	2	0	4290
06_S0313_v0	6	Picture	blue0n	40966	0	201	2700	202	0	2620
06_S0313_v0	6	Response	10	45081	4115	1
06_S0313_v0	7	Picture	full1i	52966	0	201	4033	202	0	3950
06_S0313_v0	8	Picture	full1n	63999	0	1	2500	2	0	2450
06_S0313_v0	9	Picture	full0i	75333	0	1	4833	2	0	4790
06_S0313_v0	10	Picture	full1i	86166	0	1	2500	2	0	2450
06_S0313_v0	11	Picture	full0n	98333	0	1	2833	2	0	2790
06_S0313_v0	12	Picture	full1n	111833	0	1	4666	2	0	4620
06_S0313_v0	13	Picture	full1i	123999	0	1	4833	3	0	4790
06_S0313_v0	14	Picture	full1n	134832	0	2	4167	3	0	4120
06_S0313_v0	15	Picture	full1i	147666	0	1	4666	3	0	4620
06_S0313_v0	16	Picture	full0i	160832	0	2	4000	3	0	3950
06_S0313_v0	17	Picture	blue0n	173499	0	1	3000	2	0	2950
06_S0313_v0	17	Response	10	176980	3481	1
06_S0313_v0	18	Picture	full0i	185666	0	1	4333	2	0	4290
06_S0313_v0	19	Picture	full0n	196499	0	1	4167	2	0	4120
06_S0313_v0	20	Picture	full1n	209166	0	1	3166	2	0	3120
06_S0313_v0	21	Picture	full0i	220166	0	1	3833	2	0	3790
06_S0313_v0	22	Picture	full0n	232999	0	1	4167	2	0	4120
06_S0313_v0	23	Picture	full1i	244499	0	1	2500	2	0	2450
06_S0313_v0	24	Picture	full1n	256332	0	1	4167	2	0	4120
06_S0313_v0	25	Picture	full0i	267166	0	1	3000	2	0	2950
06_S0313_v0	26	Picture	full0n	279832	0	1	2834	2	0	2790
06_S0313_v0	26	Response	10	282178	2346	11
06_S0313_v0	27	Picture	full0i	291666	0	1	3166	2	0	3120
06_S0313_v0	28	Picture	full1i	303165	0	2	4834	3	0	4790
06_S0313_v0	29	Picture	blue1n	314499	0	1	4166	3	0	4120
06_S0313_v0	29	Response	10	318078	3579	1
06_S0313_v0	30	Picture	full0n	325999	0	1	5000	2	0	4950
06_S0313_v0	31	Picture	full1i	338165	0	2	4500	3	0	4450
06_S0313_v0	32	Picture	full1n	349499	0	1	4500	2	0	4450
06_S0313_v0	33	Picture	full1i	360832	0	1	4167	2	0	4120
06_S0313_v0	34	Picture	full1n	374332	0	1	4500	2	0	4450
06_S0313_v0	35	Picture	full0i	387165	0	1	2500	2	0	2450
06_S0313_v0	36	Picture	full0n	398499	0	1	4000	2	0	3950
06_S0313_v0	37	Picture	full0i	411165	0	1	4834	2	0	4790
06_S0313_v0	38	Picture	full1i	422665	0	1	2834	2	0	2790
06_S0313_v0	39	Picture	full1n	435832	0	1	4333	2	0	4290
06_S0313_v0	40	Picture	full1i	447999	0	1	3333	2	0	3290
06_S0313_v0	41	Picture	full1n	460332	0	1	5000	2	0	4950
06_S0313_v0	42	Picture	full0n	472665	0	1	3167	2	0	3120
06_S0313_v0	42	Response	10	477377	4712	1
06_S0313_v0	43	Picture	full0i	484165	0	1	4000	2	0	3950
06_S0313_v0	43	Response	10	487277	3112	1
06_S0313_v0	44	Picture	full0n	497665	0	1	4000	2	0	3950
06_S0313_v0	45	Picture	blue1i	511165	0	1	4833	2	0	4790
06_S0313_v0	45	Response	10	515077	3912	1
06_S0313_v0	46	Picture	full0i	522998	0	2	3000	3	0	2950
06_S0313_v0	47	Picture	full1n	535832	0	1	3166	2	0	3120
06_S0313_v0	48	Picture	full1i	548998	0	1	3334	2	0	3290
06_S0313_v0	49	Picture	full0n	561665	0	1	2833	2	0	2790
06_S0313_v0	50	Picture	blue1n	572998	0	1	4167	2	0	4120
06_S0313_v0	50	Response	10	579176	6178	1
06_S0313_v0	51	Picture	full1i	583998	0	1	3667	2	0	3620
06_S0313_v0	52	Picture	blue0i	594832	0	1	3833	2	0	3790
06_S0313_v0	52	Response	10	600076	5244	1
06_S0313_v0	53	Picture	full1n	605832	0	1	3000	2	0	2950
06_S0313_v0	54	Picture	full1i	617665	0	1	4833	2	0	4790
06_S0313_v0	55	Picture	full1n	629832	0	1	4500	2	0	4450
06_S0313_v0	56	Picture	full1i	641665	0	1	4500	2	0	4450
06_S0313_v0	57	Picture	blue1n	653998	0	1	3167	2	0	3120
06_S0313_v0	57	Response	10	657885	3887	1
06_S0313_v0	58	Picture	full0n	665331	0	2	4500	4	0	4450
06_S0313_v0	59	Picture	full1i	676831	0	2	3167	3	0	3120
06_S0313_v0	60	Picture	full1n	688165	0	1	3500	2	0	3450
06_S0313_v0	61	Picture	full1i	698998	0	1	4333	2	0	4290
06_S0313_v0	62	Picture	full1n	709998	0	1	3000	2	0	2950
06_S0313_v0	63	Picture	full1i	721331	0	1	3500	2	0	3450
06_S0313_v0	64	Picture	blue1n	733165	0	1	3333	2	0	3290
06_S0313_v0	64	Response	10	737985	4820	1
06_S0313_v0	65	Picture	full0i	745498	0	1	3167	2	0	3120
06_S0313_v0	66	Picture	full1i	758665	0	1	4666	2	0	4620
06_S0313_v0	67	Picture	full0n	770831	0	1	2667	2	0	2620
06_S0313_v0	68	Picture	full1n	783665	0	1	3666	2	0	3620
06_S0313_v0	69	Picture	full1i	795165	0	1	4833	2	0	4790
06_S0313_v0	70	Picture	full1n	805998	0	1	3333	2	0	3290
06_S0313_v0	71	Picture	full1i	818165	0	1	3833	2	0	3790
06_S0313_v0	72	Picture	full0i	829165	0	1	3833	2	0	3790
06_S0313_v0	73	Picture	full1n	842664	0	2	4500	4	0	4450
06_S0313_v0	74	Picture	full0n	854998	0	1	4833	2	0	4790
06_S0313_v0	75	Picture	full1i	865831	0	1	2667	2	0	2620
06_S0313_v0	76	Picture	full0i	877331	0	1	4500	2	0	4450
06_S0313_v0	77	Picture	full1n	889498	0	1	4333	2	0	4290
06_S0313_v0	78	Picture	full0n	901664	0	1	3834	2	0	3790
06_S0313_v0	79	Picture	blue0i	913998	0	1	2833	2	0	2790
06_S0313_v0	80	Picture	full0n	927498	0	1	4166	2	0	4120
06_S0313_v0	81	Picture	full0i	939664	0	1	2500	2	0	2450
06_S0313_v0	82	Picture	full1i	952498	0	1	4833	2	0	4790
06_S0313_v0	83	Picture	full1n	963498	0	1	2833	2	0	2790
06_S0313_v0	84	Picture	full1i	976164	0	1	4000	2	0	3950
06_S0313_v0	85	Picture	full0n	989664	0	1	3834	2	0	3790
06_S0313_v0	85	Response	10	993382	3718	1
06_S0313_v0	86	Picture	full1n	1000998	0	1	4666	3	0	4620
06_S0313_v0	87	Picture	full1i	1012831	0	1	4000	2	0	3950
06_S0313_v0	88	Picture	full1n	1023831	0	1	3166	3	0	3120
06_S0313_v0	89	Picture	full0i	1037331	0	1	3833	2	0	3790
06_S0313_v0	89	Response	10	1041682	4351	1
06_S0313_v0	90	Picture	full1i	1050497	0	2	2500	3	0	2450
06_S0313_v0	91	Picture	full0n	1062664	0	1	4333	2	0	4290
06_S0313_v0	92	Picture	full0i	1075497	0	1	4000	2	0	3950
06_S0313_v0	93	Picture	full0n	1087664	0	1	4167	2	0	4120
06_S0313_v0	94	Picture	full1n	1099831	0	1	4166	2	0	4120
06_S0313_v0	95	Picture	full0i	1112997	0	1	4334	2	0	4290
06_S0313_v0	96	Picture	blue1i	1124497	0	1	4000	2	0	3950
06_S0313_v0	97	Picture	full0n	1135497	0	1	2834	2	0	2790
06_S0313_v0	98	Picture	full1n	1146831	0	1	4166	2	0	4120
06_S0313_v0	99	Picture	full0i	1159497	0	1	3167	2	0	3120
06_S0313_v0	100	Picture	full0n	1172164	0	1	3666	3	0	3620
06_S0313_v0	101	Picture	full1i	1184997	0	1	3833	3	0	3790
06_S0313_v0	102	Picture	full0i	1198497	0	1	3500	2	0	3450
06_S0313_v0	103	Picture	full0n	1210830	0	2	2500	4	0	2450
06_S0313_v0	104	Picture	full0i	1222330	0	2	2834	3	0	2790
06_S0313_v0	105	Picture	full0n	1233664	0	1	3500	2	0	3450
06_S0313_v0	106	Picture	full0i	1245997	0	1	3000	2	0	2950
06_S0313_v0	107	Picture	full1n	1258164	0	1	5000	3	0	4950
06_S0313_v0	108	Picture	full0n	1270330	0	1	4334	2	0	4290
06_S0313_v0	109	Picture	full0i	1282664	0	1	4833	2	0	4790
06_S0313_v0	110	Picture	full0n	1296164	0	1	3500	2	0	3450
06_S0313_v0	111	Picture	blue0i	1307997	0	1	3833	2	0	3790
06_S0313_v0	111	Response	10	1311879	3882	1
06_S0313_v0	112	Picture	full0n	1320164	0	1	3333	2	0	3290
06_S0313_v0	113	Picture	full0i	1333330	0	1	3000	2	0	2950
06_S0313_v0	114	Picture	full1i	1344330	0	1	2667	2	0	2620
06_S0313_v0	115	Picture	full1n	1357497	0	1	3333	2	0	3290
06_S0313_v0	116	Picture	full0n	1370663	0	3	4834	4	0	4790
06_S0313_v0	117	Picture	full1i	1384163	0	2	4334	3	0	4290
06_S0313_v0	118	Picture	full1n	1396330	0	1	3833	2	0	3790
06_S0313_v0	119	Picture	full1i	1408163	0	2	4000	3	0	3950
06_S0313_v0	120	Picture	full1n	1418997	0	1	3166	2	0	3120
06_S0313_v0	121	Picture	blue0i	1431163	0	1	4334	2	0	4290
06_S0313_v0	121	Response	10	1436678	5515	1
06_S0313_v0	122	Picture	full0n	1442997	0	1	3000	2	0	2950
06_S0313_v0	123	Picture	full0i	1455330	0	1	4333	2	0	4290
06_S0313_v0	124	Picture	full1i	1468497	0	1	2666	2	0	2620
06_S0313_v0	125	Picture	full0n	1479330	0	1	4165	4	0	4120
06_S0313_v0	126	Picture	full0i	1491497	0	1	4833	2	0	4790
06_S0313_v0	127	Picture	full0n	1504163	0	1	2667	2	0	2620
06_S0313_v0	128	Picture	full0i	1516997	0	1	3166	2	0	3120
06_S0313_v0	129	Picture	full0n	1529830	0	1	4833	2	0	4790
06_S0313_v0	130	Picture	full0i	1541996	0	2	3667	3	0	3620
06_S0313_v0	131	Picture	blue1n	1554330	0	1	4500	2	0	4450
06_S0313_v0	132	Picture	full0n	1566996	0	2	4167	3	0	4120
06_S0313_v0	133	Picture	full0i	1579663	0	1	4667	2	0	4620
06_S0313_v0	134	Picture	full1i	1592830	0	1	4333	2	0	4290
06_S0313_v0	135	Picture	full1n	1604330	0	1	3666	2	0	3620
06_S0313_v0	136	Picture	82	1615330	0	1	100166	2	0	next
06_S0313_v0	136	Picture	82	1715496	100166	1	10000	2	100000	next
06_S0313_v0	136	Picture	82	1725496	110166	1	10000	2	110000	next
06_S0313_v0	136	Picture	82	1735496	120166	1	10000	2	120000	next
06_S0313_v0	136	Picture	82	1745496	130166	1	10000	2	130000	next
06_S0313_v0	136	Picture	82	1755496	140166	1	10000	2	140000	next
06_S0313_v0	136	Picture	82	1765496	150166	1	10000	2	150000	next
06_S0313_v0	136	Picture	82	1775496	160166	1	10000	2	160000	next
06_S0313_v0	136	Picture	82	1785496	170166	1	10000	2	170000	next
06_S0313_v0	136	Picture	82	1795496	180166	1	10000	2	180000	next
06_S0313_v0	136	Picture	82	1805496	190166	1	10000	2	190000	10000
06_S0313_v0	137	Picture	full0n	1815496	0	1	4667	2	0	4620
06_S0313_v0	138	Picture	full1n	1826829	0	1	2667	2	0	2620
06_S0313_v0	139	Picture	full1i	1838996	0	1	4333	4	0	4290
06_S0313_v0	140	Picture	full1n	1850829	0	1	2667	2	0	2620
06_S0313_v0	141	Picture	full0i	1861663	0	1	4000	2	0	3950
06_S0313_v0	142	Picture	full0n	1874496	0	1	2500	2	0	2450
06_S0313_v0	143	Picture	full1i	1885996	0	1	4833	4	0	4790
06_S0313_v0	144	Picture	full0i	1898329	0	1	2500	2	0	2450
06_S0313_v0	145	Picture	blue0n	1910496	0	1	2833	3	0	2790
06_S0313_v0	145	Response	10	1914984	4488	1
06_S0313_v0	146	Picture	full0i	1922329	0	1	4667	2	0	4620
06_S0313_v0	147	Picture	full1n	1935162	0	2	4834	3	0	4790
06_S0313_v0	148	Picture	full0n	1946496	0	1	4166	2	0	4120
06_S0313_v0	149	Picture	full0i	1959162	0	1	4667	2	0	4620
06_S0313_v0	150	Picture	blue1i	1971496	0	1	4000	2	0	3950
06_S0313_v0	150	Response	10	1976583	5087	1
06_S0313_v0	151	Picture	full1n	1983329	0	2	3000	3	0	2950
06_S0313_v0	152	Picture	full1i	1994162	0	1	4334	2	0	4290
06_S0313_v0	153	Picture	full1n	2005662	0	1	4167	2	0	4120
06_S0313_v0	154	Picture	full0n	2017829	0	1	3167	2	0	3120
06_S0313_v0	155	Picture	full1i	2030496	0	1	3833	2	0	3790
06_S0313_v0	156	Picture	full1n	2043662	0	1	4167	2	0	4120
06_S0313_v0	157	Picture	full0i	2055829	0	1	2500	2	0	2450
06_S0313_v0	158	Picture	blue0n	2067996	0	1	4166	2	0	4120
06_S0313_v0	158	Response	10	2071483	3487	1
06_S0313_v0	159	Picture	full1i	2078995	0	2	3000	4	0	2950
06_S0313_v0	160	Picture	full1n	2091662	0	1	2833	3	0	2790
06_S0313_v0	161	Picture	full1i	2102495	0	2	3167	3	0	3120
06_S0313_v0	162	Picture	full0i	2115662	0	1	4833	2	0	4790
06_S0313_v0	163	Picture	full0n	2127829	0	1	4166	2	0	4120
06_S0313_v0	164	Picture	full1n	2138829	0	1	5000	2	0	4950
06_S0313_v0	165	Picture	full0i	2152329	0	1	4500	2	0	4450
06_S0313_v0	166	Picture	full1i	2163662	0	1	4500	2	0	4450
06_S0313_v0	167	Picture	full0n	2176829	0	1	4166	2	0	4120
06_S0313_v0	168	Picture	full0i	2188329	0	1	4500	2	0	4450
06_S0313_v0	169	Picture	blue0n	2200495	0	1	2500	2	0	2450
06_S0313_v0	169	Response	10	2204481	3986	2
06_S0313_v0	170	Picture	full1n	2211995	0	1	4000	2	0	3950
06_S0313_v0	171	Picture	full1i	2223495	0	1	4834	2	0	4790
06_S0313_v0	172	Picture	full0i	2236995	0	1	2834	2	0	2790
06_S0313_v0	173	Picture	full0n	2249662	0	1	4333	2	0	4290
06_S0313_v0	174	Picture	full0i	2260995	0	1	3333	3	0	3290
06_S0313_v0	175	Picture	full0n	2272828	0	2	5000	3	0	4950
06_S0313_v0	176	Picture	full1n	2284995	0	1	3167	2	0	3120
06_S0313_v0	177	Picture	full1i	2295995	0	1	4000	2	0	3950
06_S0313_v0	178	Picture	full1n	2306995	0	1	4000	2	0	3950
06_S0313_v0	179	Picture	full0i	2317995	0	1	4833	2	0	4790
06_S0313_v0	180	Picture	full1i	2328828	0	1	3000	2	0	2950
06_S0313_v0	181	Picture	full0n	2341162	0	1	3166	2	0	3120
06_S0313_v0	182	Picture	full0i	2353828	0	1	3334	2	0	3290
06_S0313_v0	183	Picture	blue1n	2365995	0	1	2833	2	0	2790
06_S0313_v0	183	Response	10	2369780	3785	1
06_S0313_v0	184	Picture	full0n	2378328	0	1	4167	2	0	4120
06_S0313_v0	185	Picture	full0i	2390162	0	1	3666	2	0	3620
06_S0313_v0	186	Picture	full1i	2402328	0	1	3834	2	0	3790
06_S0313_v0	187	Picture	full0n	2415828	0	1	3000	2	0	2950
06_S0313_v0	188	Picture	full0i	2427661	0	2	4834	3	0	4790
06_S0313_v0	189	Picture	full0n	2441161	0	2	4500	3	0	4450
06_S0313_v0	190	Picture	full0i	2452661	0	2	4500	3	0	4450
06_S0313_v0	191	Picture	full0n	2463995	0	1	3166	2	0	3120
06_S0313_v0	192	Picture	full1n	2477161	0	1	4500	2	0	4450
06_S0313_v0	193	Picture	blue0i	2489495	0	1	3166	2	0	3120
06_S0313_v0	193	Response	10	2494679	5184	1
06_S0313_v0	194	Picture	full0n	2502161	0	1	3500	2	0	3450
06_S0313_v0	195	Picture	full0i	2514495	0	1	4333	2	0	4290
06_S0313_v0	196	Picture	full0n	2525328	0	1	3000	2	0	2950
06_S0313_v0	197	Picture	full0i	2538161	0	1	3500	2	0	3450
06_S0313_v0	198	Picture	full0n	2550328	0	1	3333	2	0	3290
06_S0313_v0	199	Picture	full1i	2562495	0	1	3166	2	0	3120
06_S0313_v0	200	Picture	blue0i	2574661	0	1	4667	2	0	4620
06_S0313_v0	200	Response	10	2579278	4617	1
06_S0313_v0	201	Picture	full1n	2586828	0	1	2667	2	0	2620
06_S0313_v0	202	Picture	full0n	2597661	0	1	3667	2	0	3620
06_S0313_v0	203	Picture	full0i	2609994	0	2	4834	3	0	4790
06_S0313_v0	204	Picture	full0n	2623161	0	1	3333	2	0	3290
06_S0313_v0	205	Picture	full0i	2636328	0	1	3833	2	0	3790
06_S0313_v0	206	Picture	full1i	2648494	0	2	3834	3	0	3790
06_S0313_v0	207	Picture	full0n	2660328	0	1	4500	2	0	4450
06_S0313_v0	208	Picture	full1n	2671328	0	1	4832	4	0	4790
06_S0313_v0	209	Picture	full0i	2683161	0	1	2667	2	0	2620
06_S0313_v0	210	Picture	full1i	2694661	0	1	4500	2	0	4450
06_S0313_v0	211	Picture	full0n	2708161	0	1	4333	2	0	4290
06_S0313_v0	212	Picture	full1n	2719661	0	1	3833	2	0	3790
06_S0313_v0	213	Picture	full1i	2731994	0	1	2834	2	0	2790
06_S0313_v0	214	Picture	blue1n	2743328	0	1	4166	2	0	4120
06_S0313_v0	214	Response	10	2746587	3259	1
06_S0313_v0	215	Picture	full1i	2754328	0	1	2500	2	0	2450
06_S0313_v0	216	Picture	full0i	2766994	0	1	4833	3	0	4790
06_S0313_v0	217	Picture	full0n	2779827	0	2	2834	3	0	2790
06_S0313_v0	218	Picture	full0i	2792494	0	1	4000	2	0	3950
06_S0313_v0	219	Picture	blue1n	2803494	0	1	3833	2	0	3790
06_S0313_v0	219	Response	10	2809986	6492	1
06_S0313_v0	220	Picture	full0n	2814494	0	1	4667	2	0	4620
06_S0313_v0	221	Picture	full0i	2827994	0	1	4000	2	0	3950
06_S0313_v0	222	Picture	full0n	2839327	0	1	3167	2	0	3120
06_S0313_v0	223	Picture	full1i	2852827	0	1	3834	2	0	3790
06_S0313_v0	224	Picture	full0i	2865494	0	1	2500	2	0	2450
06_S0313_v0	225	Picture	full1n	2876827	0	1	4334	2	0	4290
06_S0313_v0	226	Picture	full1i	2889494	0	1	4000	2	0	3950
06_S0313_v0	227	Picture	full1n	2900994	0	1	4167	2	0	4120
06_S0313_v0	228	Picture	full0n	2911994	0	1	4167	2	0	4120
06_S0313_v0	229	Picture	full1i	2924827	0	1	4334	2	0	4290
06_S0313_v0	230	Picture	full0i	2936994	0	1	4000	2	0	3950
06_S0313_v0	231	Picture	full1n	2948327	0	1	2834	2	0	2790
06_S0313_v0	232	Picture	blue0n	2959160	0	2	4167	3	0	4120
06_S0313_v0	232	Response	10	2962684	3524	2
06_S0313_v0	233	Picture	full1i	2971327	0	1	3167	2	0	3120
06_S0313_v0	234	Picture	full1n	2982660	0	2	3667	3	0	3620
06_S0313_v0	235	Picture	full0i	2995494	0	1	3833	2	0	3790
06_S0313_v0	236	Picture	full1i	3006994	0	1	3500	2	0	3450
06_S0313_v0	237	Picture	full1n	3019327	0	1	2500	2	0	2450
06_S0313_v0	238	Picture	full1i	3032827	0	1	2833	2	0	2790
06_S0313_v0	239	Picture	full1n	3045660	0	1	3500	2	0	3450
06_S0313_v0	240	Picture	full1i	3057494	0	1	3000	2	0	2950
06_S0313_v0	241	Picture	full0n	3070660	0	1	5000	2	0	4950
06_S0313_v0	242	Picture	full1n	3081494	0	1	4333	2	0	4290
06_S0313_v0	243	Picture	full1i	3094660	0	1	4834	2	0	4790
06_S0313_v0	244	Picture	full1n	3106994	0	1	3500	2	0	3450
06_S0313_v0	245	Picture	full1i	3120160	0	1	3834	2	0	3790
06_S0313_v0	246	Picture	full1n	3133327	0	1	3333	2	0	3290
06_S0313_v0	247	Picture	full1i	3145493	0	2	3000	4	0	2950
06_S0313_v0	248	Picture	full0i	3158327	0	1	2666	3	0	2620
06_S0313_v0	249	Picture	full0n	3169327	0	1	3333	2	0	3290
06_S0313_v0	250	Picture	blue1n	3181993	0	2	4834	3	0	4790
06_S0313_v0	250	Response	10	3185383	3390	1
06_S0313_v0	251	Picture	full0i	3193327	0	1	4333	2	0	4290
06_S0313_v0	252	Picture	full0n	3205493	0	1	3834	2	0	3790
06_S0313_v0	253	Picture	full0i	3216993	0	1	4000	2	0	3950
06_S0313_v0	254	Picture	full0n	3228827	0	1	3166	2	0	3120
06_S0313_v0	255	Picture	full1i	3242327	0	1	4333	2	0	4290
06_S0313_v0	256	Picture	full1n	3254493	0	1	3000	2	0	2950
06_S0313_v0	257	Picture	full1i	3265327	0	1	4333	2	0	4290
06_S0313_v0	258	Picture	blue0i	3278827	0	1	2666	2	0	2620
06_S0313_v0	258	Response	10	3283281	4454	2
06_S0313_v0	259	Picture	full1n	3292327	0	1	4166	2	0	4120
06_S0313_v0	260	Picture	full1i	3303160	0	1	4833	2	0	4790
06_S0313_v0	261	Picture	full1n	3314660	0	1	2666	3	0	2620
06_S0313_v0	262	Picture	full1i	3326993	0	1	3167	2	0	3120
06_S0313_v0	263	Picture	full1n	3339826	0	2	4834	3	0	4790
06_S0313_v0	264	Picture	full1i	3351160	0	1	3666	2	0	3620
06_S0313_v0	265	Picture	full0n	3363993	0	1	4500	2	0	4450
06_S0313_v0	266	Picture	full1n	3376826	0	1	4167	2	0	4120
06_S0313_v0	267	Picture	blue1i	3388660	0	1	4666	2	0	4620
06_S0313_v0	267	Response	10	3393481	4821	1
06_S0313_v0	268	Picture	full0i	3400826	0	1	4334	2	0	4290
06_S0313_v0	269	Picture	full0n	3413993	0	1	3667	2	0	3620
06_S0313_v0	270	Picture	default	3426160	0	1	2666	2	0	2500
06_S0313_v0	271	Picture	default	3446326	0	1	7307	2	0	2500


Event Type	Code	Type	Response	RT	RT Uncertainty	Time	Uncertainty	Duration	Uncertainty	ReqTime	ReqDur

Picture	full1n	other				4833	1	4666	2	0	4620
Picture	full0n	other				16303	198	2696	199	0	2620
Picture	full0i	other				28166	1	4333	2	0	4290
Picture	blue0n	false alarm	2	4115	202	40966	201	2700	202	0	2620
Picture	full1i	other				52966	201	4033	202	0	3950
Picture	full1n	other				63999	1	2500	2	0	2450
Picture	full0i	other				75333	1	4833	2	0	4790
Picture	full1i	other				86166	1	2500	2	0	2450
Picture	full0n	other				98333	1	2833	2	0	2790
Picture	full1n	other				111833	1	4666	2	0	4620
Picture	full1i	other				123999	1	4833	3	0	4790
Picture	full1n	other				134832	2	4167	3	0	4120
Picture	full1i	other				147666	1	4666	3	0	4620
Picture	full0i	other				160832	2	4000	3	0	3950
Picture	blue0n	false alarm	2	3481	2	173499	1	3000	2	0	2950
Picture	full0i	other				185666	1	4333	2	0	4290
Picture	full0n	other				196499	1	4167	2	0	4120
Picture	full1n	other				209166	1	3166	2	0	3120
Picture	full0i	other				220166	1	3833	2	0	3790
Picture	full0n	other				232999	1	4167	2	0	4120
Picture	full1i	other				244499	1	2500	2	0	2450
Picture	full1n	other				256332	1	4167	2	0	4120
Picture	full0i	other				267166	1	3000	2	0	2950
Picture	full0n	other				279832	1	2834	2	0	2790
Picture	full0i	other				291666	1	3166	2	0	3120
Picture	full1i	other				303165	2	4834	3	0	4790
Picture	blue1n	false alarm	2	3579	2	314499	1	4166	3	0	4120
Picture	full0n	other				325999	1	5000	2	0	4950
Picture	full1i	other				338165	2	4500	3	0	4450
Picture	full1n	other				349499	1	4500	2	0	4450
Picture	full1i	other				360832	1	4167	2	0	4120
Picture	full1n	other				374332	1	4500	2	0	4450
Picture	full0i	other				387165	1	2500	2	0	2450
Picture	full0n	other				398499	1	4000	2	0	3950
Picture	full0i	other				411165	1	4834	2	0	4790
Picture	full1i	other				422665	1	2834	2	0	2790
Picture	full1n	other				435832	1	4333	2	0	4290
Picture	full1i	other				447999	1	3333	2	0	3290
Picture	full1n	other				460332	1	5000	2	0	4950
Picture	full0n	other				472665	1	3167	2	0	3120
Picture	full0i	other				484165	1	4000	2	0	3950
Picture	full0n	other				497665	1	4000	2	0	3950
Picture	blue1i	false alarm	2	3912	2	511165	1	4833	2	0	4790
Picture	full0i	other				522998	2	3000	3	0	2950
Picture	full1n	other				535832	1	3166	2	0	3120
Picture	full1i	other				548998	1	3334	2	0	3290
Picture	full0n	other				561665	1	2833	2	0	2790
Picture	blue1n	false alarm	2	6178	2	572998	1	4167	2	0	4120
Picture	full1i	other				583998	1	3667	2	0	3620
Picture	blue0i	false alarm	2	5244	2	594832	1	3833	2	0	3790
Picture	full1n	other				605832	1	3000	2	0	2950
Picture	full1i	other				617665	1	4833	2	0	4790
Picture	full1n	other				629832	1	4500	2	0	4450
Picture	full1i	other				641665	1	4500	2	0	4450
Picture	blue1n	false alarm	2	3887	2	653998	1	3167	2	0	3120
Picture	full0n	other				665331	2	4500	4	0	4450
Picture	full1i	other				676831	2	3167	3	0	3120
Picture	full1n	other				688165	1	3500	2	0	3450
Picture	full1i	other				698998	1	4333	2	0	4290
Picture	full1n	other				709998	1	3000	2	0	2950
Picture	full1i	other				721331	1	3500	2	0	3450
Picture	blue1n	false alarm	2	4820	2	733165	1	3333	2	0	3290
Picture	full0i	other				745498	1	3167	2	0	3120
Picture	full1i	other				758665	1	4666	2	0	4620
Picture	full0n	other				770831	1	2667	2	0	2620
Picture	full1n	other				783665	1	3666	2	0	3620
Picture	full1i	other				795165	1	4833	2	0	4790
Picture	full1n	other				805998	1	3333	2	0	3290
Picture	full1i	other				818165	1	3833	2	0	3790
Picture	full0i	other				829165	1	3833	2	0	3790
Picture	full1n	other				842664	2	4500	4	0	4450
Picture	full0n	other				854998	1	4833	2	0	4790
Picture	full1i	other				865831	1	2667	2	0	2620
Picture	full0i	other				877331	1	4500	2	0	4450
Picture	full1n	other				889498	1	4333	2	0	4290
Picture	full0n	other				901664	1	3834	2	0	3790
Picture	blue0i	other				913998	1	2833	2	0	2790
Picture	full0n	other				927498	1	4166	2	0	4120
Picture	full0i	other				939664	1	2500	2	0	2450
Picture	full1i	other				952498	1	4833	2	0	4790
Picture	full1n	other				963498	1	2833	2	0	2790
Picture	full1i	other				976164	1	4000	2	0	3950
Picture	full0n	other				989664	1	3834	2	0	3790
Picture	full1n	other				1000998	1	4666	3	0	4620
Picture	full1i	other				1012831	1	4000	2	0	3950
Picture	full1n	other				1023831	1	3166	3	0	3120
Picture	full0i	other				1037331	1	3833	2	0	3790
Picture	full1i	other				1050497	2	2500	3	0	2450
Picture	full0n	other				1062664	1	4333	2	0	4290
Picture	full0i	other				1075497	1	4000	2	0	3950
Picture	full0n	other				1087664	1	4167	2	0	4120
Picture	full1n	other				1099831	1	4166	2	0	4120
Picture	full0i	other				1112997	1	4334	2	0	4290
Picture	blue1i	other				1124497	1	4000	2	0	3950
Picture	full0n	other				1135497	1	2834	2	0	2790
Picture	full1n	other				1146831	1	4166	2	0	4120
Picture	full0i	other				1159497	1	3167	2	0	3120
Picture	full0n	other				1172164	1	3666	3	0	3620
Picture	full1i	other				1184997	1	3833	3	0	3790
Picture	full0i	other				1198497	1	3500	2	0	3450
Picture	full0n	other				1210830	2	2500	4	0	2450
Picture	full0i	other				1222330	2	2834	3	0	2790
Picture	full0n	other				1233664	1	3500	2	0	3450
Picture	full0i	other				1245997	1	3000	2	0	2950
Picture	full1n	other				1258164	1	5000	3	0	4950
Picture	full0n	other				1270330	1	4334	2	0	4290
Picture	full0i	other				1282664	1	4833	2	0	4790
Picture	full0n	other				1296164	1	3500	2	0	3450
Picture	blue0i	false alarm	2	3882	2	1307997	1	3833	2	0	3790
Picture	full0n	other				1320164	1	3333	2	0	3290
Picture	full0i	other				1333330	1	3000	2	0	2950
Picture	full1i	other				1344330	1	2667	2	0	2620
Picture	full1n	other				1357497	1	3333	2	0	3290
Picture	full0n	other				1370663	3	4834	4	0	4790
Picture	full1i	other				1384163	2	4334	3	0	4290
Picture	full1n	other				1396330	1	3833	2	0	3790
Picture	full1i	other				1408163	2	4000	3	0	3950
Picture	full1n	other				1418997	1	3166	2	0	3120
Picture	blue0i	false alarm	2	5515	2	1431163	1	4334	2	0	4290
Picture	full0n	other				1442997	1	3000	2	0	2950
Picture	full0i	other				1455330	1	4333	2	0	4290
Picture	full1i	other				1468497	1	2666	2	0	2620
Picture	full0n	other				1479330	1	4165	4	0	4120
Picture	full0i	other				1491497	1	4833	2	0	4790
Picture	full0n	other				1504163	1	2667	2	0	2620
Picture	full0i	other				1516997	1	3166	2	0	3120
Picture	full0n	other				1529830	1	4833	2	0	4790
Picture	full0i	other				1541996	2	3667	3	0	3620
Picture	blue1n	other				1554330	1	4500	2	0	4450
Picture	full0n	other				1566996	2	4167	3	0	4120
Picture	full0i	other				1579663	1	4667	2	0	4620
Picture	full1i	other				1592830	1	4333	2	0	4290
Picture	full1n	other				1604330	1	3666	2	0	3620
Picture	82	other				1615330	1	100166	2	0	next
Picture	82	other				1715496	1	10000	2	100000	next
Picture	82	other				1725496	1	10000	2	110000	next
Picture	82	other				1735496	1	10000	2	120000	next
Picture	82	other				1745496	1	10000	2	130000	next
Picture	82	other				1755496	1	10000	2	140000	next
Picture	82	other				1765496	1	10000	2	150000	next
Picture	82	other				1775496	1	10000	2	160000	next
Picture	82	other				1785496	1	10000	2	170000	next
Picture	82	other				1795496	1	10000	2	180000	next
Picture	82	other				1805496	1	10000	2	190000	10000
Picture	full0n	other				1815496	1	4667	2	0	4620
Picture	full1n	other				1826829	1	2667	2	0	2620
Picture	full1i	other				1838996	1	4333	4	0	4290
Picture	full1n	other				1850829	1	2667	2	0	2620
Picture	full0i	other				1861663	1	4000	2	0	3950
Picture	full0n	other				1874496	1	2500	2	0	2450
Picture	full1i	other				1885996	1	4833	4	0	4790
Picture	full0i	other				1898329	1	2500	2	0	2450
Picture	blue0n	false alarm	2	4488	2	1910496	1	2833	3	0	2790
Picture	full0i	other				1922329	1	4667	2	0	4620
Picture	full1n	other				1935162	2	4834	3	0	4790
Picture	full0n	other				1946496	1	4166	2	0	4120
Picture	full0i	other				1959162	1	4667	2	0	4620
Picture	blue1i	false alarm	2	5087	2	1971496	1	4000	2	0	3950
Picture	full1n	other				1983329	2	3000	3	0	2950
Picture	full1i	other				1994162	1	4334	2	0	4290
Picture	full1n	other				2005662	1	4167	2	0	4120
Picture	full0n	other				2017829	1	3167	2	0	3120
Picture	full1i	other				2030496	1	3833	2	0	3790
Picture	full1n	other				2043662	1	4167	2	0	4120
Picture	full0i	other				2055829	1	2500	2	0	2450
Picture	blue0n	false alarm	2	3487	2	2067996	1	4166	2	0	4120
Picture	full1i	other				2078995	2	3000	4	0	2950
Picture	full1n	other				2091662	1	2833	3	0	2790
Picture	full1i	other				2102495	2	3167	3	0	3120
Picture	full0i	other				2115662	1	4833	2	0	4790
Picture	full0n	other				2127829	1	4166	2	0	4120
Picture	full1n	other				2138829	1	5000	2	0	4950
Picture	full0i	other				2152329	1	4500	2	0	4450
Picture	full1i	other				2163662	1	4500	2	0	4450
Picture	full0n	other				2176829	1	4166	2	0	4120
Picture	full0i	other				2188329	1	4500	2	0	4450
Picture	blue0n	false alarm	2	3986	3	2200495	1	2500	2	0	2450
Picture	full1n	other				2211995	1	4000	2	0	3950
Picture	full1i	other				2223495	1	4834	2	0	4790
Picture	full0i	other				2236995	1	2834	2	0	2790
Picture	full0n	other				2249662	1	4333	2	0	4290
Picture	full0i	other				2260995	1	3333	3	0	3290
Picture	full0n	other				2272828	2	5000	3	0	4950
Picture	full1n	other				2284995	1	3167	2	0	3120
Picture	full1i	other				2295995	1	4000	2	0	3950
Picture	full1n	other				2306995	1	4000	2	0	3950
Picture	full0i	other				2317995	1	4833	2	0	4790
Picture	full1i	other				2328828	1	3000	2	0	2950
Picture	full0n	other				2341162	1	3166	2	0	3120
Picture	full0i	other				2353828	1	3334	2	0	3290
Picture	blue1n	false alarm	2	3785	2	2365995	1	2833	2	0	2790
Picture	full0n	other				2378328	1	4167	2	0	4120
Picture	full0i	other				2390162	1	3666	2	0	3620
Picture	full1i	other				2402328	1	3834	2	0	3790
Picture	full0n	other				2415828	1	3000	2	0	2950
Picture	full0i	other				2427661	2	4834	3	0	4790
Picture	full0n	other				2441161	2	4500	3	0	4450
Picture	full0i	other				2452661	2	4500	3	0	4450
Picture	full0n	other				2463995	1	3166	2	0	3120
Picture	full1n	other				2477161	1	4500	2	0	4450
Picture	blue0i	false alarm	2	5184	2	2489495	1	3166	2	0	3120
Picture	full0n	other				2502161	1	3500	2	0	3450
Picture	full0i	other				2514495	1	4333	2	0	4290
Picture	full0n	other				2525328	1	3000	2	0	2950
Picture	full0i	other				2538161	1	3500	2	0	3450
Picture	full0n	other				2550328	1	3333	2	0	3290
Picture	full1i	other				2562495	1	3166	2	0	3120
Picture	blue0i	false alarm	2	4617	2	2574661	1	4667	2	0	4620
Picture	full1n	other				2586828	1	2667	2	0	2620
Picture	full0n	other				2597661	1	3667	2	0	3620
Picture	full0i	other				2609994	2	4834	3	0	4790
Picture	full0n	other				2623161	1	3333	2	0	3290
Picture	full0i	other				2636328	1	3833	2	0	3790
Picture	full1i	other				2648494	2	3834	3	0	3790
Picture	full0n	other				2660328	1	4500	2	0	4450
Picture	full1n	other				2671328	1	4832	4	0	4790
Picture	full0i	other				2683161	1	2667	2	0	2620
Picture	full1i	other				2694661	1	4500	2	0	4450
Picture	full0n	other				2708161	1	4333	2	0	4290
Picture	full1n	other				2719661	1	3833	2	0	3790
Picture	full1i	other				2731994	1	2834	2	0	2790
Picture	blue1n	false alarm	2	3259	2	2743328	1	4166	2	0	4120
Picture	full1i	other				2754328	1	2500	2	0	2450
Picture	full0i	other				2766994	1	4833	3	0	4790
Picture	full0n	other				2779827	2	2834	3	0	2790
Picture	full0i	other				2792494	1	4000	2	0	3950
Picture	blue1n	false alarm	2	6492	2	2803494	1	3833	2	0	3790
Picture	full0n	other				2814494	1	4667	2	0	4620
Picture	full0i	other				2827994	1	4000	2	0	3950
Picture	full0n	other				2839327	1	3167	2	0	3120
Picture	full1i	other				2852827	1	3834	2	0	3790
Picture	full0i	other				2865494	1	2500	2	0	2450
Picture	full1n	other				2876827	1	4334	2	0	4290
Picture	full1i	other				2889494	1	4000	2	0	3950
Picture	full1n	other				2900994	1	4167	2	0	4120
Picture	full0n	other				2911994	1	4167	2	0	4120
Picture	full1i	other				2924827	1	4334	2	0	4290
Picture	full0i	other				2936994	1	4000	2	0	3950
Picture	full1n	other				2948327	1	2834	2	0	2790
Picture	blue0n	false alarm	2	3524	4	2959160	2	4167	3	0	4120
Picture	full1i	other				2971327	1	3167	2	0	3120
Picture	full1n	other				2982660	2	3667	3	0	3620
Picture	full0i	other				2995494	1	3833	2	0	3790
Picture	full1i	other				3006994	1	3500	2	0	3450
Picture	full1n	other				3019327	1	2500	2	0	2450
Picture	full1i	other				3032827	1	2833	2	0	2790
Picture	full1n	other				3045660	1	3500	2	0	3450
Picture	full1i	other				3057494	1	3000	2	0	2950
Picture	full0n	other				3070660	1	5000	2	0	4950
Picture	full1n	other				3081494	1	4333	2	0	4290
Picture	full1i	other				3094660	1	4834	2	0	4790
Picture	full1n	other				3106994	1	3500	2	0	3450
Picture	full1i	other				3120160	1	3834	2	0	3790
Picture	full1n	other				3133327	1	3333	2	0	3290
Picture	full1i	other				3145493	2	3000	4	0	2950
Picture	full0i	other				3158327	1	2666	3	0	2620
Picture	full0n	other				3169327	1	3333	2	0	3290
Picture	blue1n	false alarm	2	3390	3	3181993	2	4834	3	0	4790
Picture	full0i	other				3193327	1	4333	2	0	4290
Picture	full0n	other				3205493	1	3834	2	0	3790
Picture	full0i	other				3216993	1	4000	2	0	3950
Picture	full0n	other				3228827	1	3166	2	0	3120
Picture	full1i	other				3242327	1	4333	2	0	4290
Picture	full1n	other				3254493	1	3000	2	0	2950
Picture	full1i	other				3265327	1	4333	2	0	4290
Picture	blue0i	false alarm	2	4454	3	3278827	1	2666	2	0	2620
Picture	full1n	other				3292327	1	4166	2	0	4120
Picture	full1i	other				3303160	1	4833	2	0	4790
Picture	full1n	other				3314660	1	2666	3	0	2620
Picture	full1i	other				3326993	1	3167	2	0	3120
Picture	full1n	other				3339826	2	4834	3	0	4790
Picture	full1i	other				3351160	1	3666	2	0	3620
Picture	full0n	other				3363993	1	4500	2	0	4450
Picture	full1n	other				3376826	1	4167	2	0	4120
Picture	blue1i	false alarm	2	4821	2	3388660	1	4666	2	0	4620
Picture	full0i	other				3400826	1	4334	2	0	4290
Picture	full0n	other				3413993	1	3667	2	0	3620
Picture	default	other				3426160	1	2666	2	0	2500
Picture	default	other				3446326	1	7307	2	0	2500
