Scenario - visual LTP Rap V4.0 HVB (based on combined block 1+2 from old 45 135 degree pilot)
Logfile written - 01/12/2016 14:20:49

Subject	Trial	Event Type	Code	Time	TTime	Uncertainty	Duration	Uncertainty	ReqTime	ReqDur

06_S0314_v0	1	Response	128	3415	13248	2
06_S0314_v0	3	Picture	full1n	13833	0	1	4666	2	0	4620
06_S0314_v0	4	Picture	full0n	25303	0	198	2696	199	0	2620
06_S0314_v0	5	Picture	full0i	37166	0	1	4333	2	0	4290
06_S0314_v0	6	Picture	blue0n	49966	0	201	2700	202	0	2620
06_S0314_v0	6	Response	10	54042	4076	1
06_S0314_v0	7	Picture	full1i	61966	0	201	4033	202	0	3950
06_S0314_v0	8	Picture	full1n	72999	0	1	2500	2	0	2450
06_S0314_v0	9	Picture	full0i	84333	0	1	4833	2	0	4790
06_S0314_v0	10	Picture	full1i	95166	0	1	2500	2	0	2450
06_S0314_v0	11	Picture	full0n	107332	0	2	2834	3	0	2790
06_S0314_v0	12	Picture	full1n	120832	0	2	4667	3	0	4620
06_S0314_v0	13	Picture	full1i	132999	0	1	4833	2	0	4790
06_S0314_v0	14	Picture	full1n	143832	0	1	4167	2	0	4120
06_S0314_v0	15	Picture	full1i	156666	0	1	4666	2	0	4620
06_S0314_v0	16	Picture	full0i	169832	0	1	4000	2	0	3950
06_S0314_v0	17	Picture	blue0n	182499	0	1	3000	2	0	2950
06_S0314_v0	17	Response	10	186641	4142	1
06_S0314_v0	18	Picture	full0i	194666	0	1	4333	2	0	4290
06_S0314_v0	19	Picture	full0n	205499	0	1	4167	2	0	4120
06_S0314_v0	20	Picture	full1n	218165	0	2	3167	3	0	3120
06_S0314_v0	21	Picture	full0i	229165	0	2	3834	3	0	3790
06_S0314_v0	22	Picture	full0n	241999	0	1	4166	2	0	4120
06_S0314_v0	23	Picture	full1i	253499	0	1	2500	2	0	2450
06_S0314_v0	24	Picture	full1n	265332	0	1	4167	2	0	4120
06_S0314_v0	25	Picture	full0i	276165	0	1	3000	2	0	2950
06_S0314_v0	26	Picture	full0n	288832	0	1	2833	2	0	2790
06_S0314_v0	27	Picture	full0i	300665	0	1	3167	2	0	3120
06_S0314_v0	28	Picture	full1i	312165	0	1	4834	2	0	4790
06_S0314_v0	29	Picture	blue1n	323499	0	1	4166	2	0	4120
06_S0314_v0	30	Picture	full0n	334999	0	1	4999	3	0	4950
06_S0314_v0	31	Picture	full1i	347165	0	1	4500	2	0	4450
06_S0314_v0	32	Picture	full1n	358498	0	2	4500	3	0	4450
06_S0314_v0	33	Picture	full1i	369832	0	1	4166	2	0	4120
06_S0314_v0	34	Picture	full1n	383332	0	1	4500	2	0	4450
06_S0314_v0	35	Picture	full0i	396165	0	1	2500	2	0	2450
06_S0314_v0	36	Picture	full0n	407498	0	1	4000	2	0	3950
06_S0314_v0	37	Picture	full0i	420165	0	1	4833	2	0	4790
06_S0314_v0	38	Picture	full1i	431665	0	1	2833	2	0	2790
06_S0314_v0	39	Picture	full1n	444832	0	1	4333	2	0	4290
06_S0314_v0	40	Picture	full1i	456998	0	1	3334	2	0	3290
06_S0314_v0	41	Picture	full1n	469331	0	2	5000	4	0	4950
06_S0314_v0	42	Picture	full0n	481665	0	1	3166	3	0	3120
06_S0314_v0	43	Picture	full0i	493165	0	1	4000	2	0	3950
06_S0314_v0	44	Picture	full0n	506665	0	1	4000	2	0	3950
06_S0314_v0	45	Picture	blue1i	520165	0	1	4833	2	0	4790
06_S0314_v0	45	Response	10	524348	4183	1
06_S0314_v0	46	Picture	full0i	531998	0	1	3000	2	0	2950
06_S0314_v0	47	Picture	full1n	544831	0	1	3167	2	0	3120
06_S0314_v0	48	Picture	full1i	557998	0	1	3333	2	0	3290
06_S0314_v0	49	Picture	full0n	570665	0	1	2833	2	0	2790
06_S0314_v0	50	Picture	blue1n	581998	0	1	4167	2	0	4120
06_S0314_v0	50	Response	10	588847	6849	1
06_S0314_v0	51	Picture	full1i	592998	0	1	3666	3	0	3620
06_S0314_v0	52	Picture	blue0i	603831	0	1	3833	3	0	3790
06_S0314_v0	52	Response	10	608547	4716	1
06_S0314_v0	53	Picture	full1n	614831	0	1	3000	2	0	2950
06_S0314_v0	54	Picture	full1i	626664	0	2	4834	3	0	4790
06_S0314_v0	55	Picture	full1n	638831	0	1	4500	2	0	4450
06_S0314_v0	56	Picture	full1i	650664	0	1	4500	2	0	4450
06_S0314_v0	57	Picture	blue1n	662998	0	1	3166	2	0	3120
06_S0314_v0	57	Response	10	667146	4148	1
06_S0314_v0	58	Picture	full0n	674331	0	1	4500	2	0	4450
06_S0314_v0	59	Picture	full1i	685831	0	1	3167	2	0	3120
06_S0314_v0	60	Picture	full1n	697164	0	1	3500	2	0	3450
06_S0314_v0	61	Picture	full1i	707998	0	1	4333	2	0	4290
06_S0314_v0	62	Picture	full1n	718998	0	1	2999	3	0	2950
06_S0314_v0	63	Picture	full1i	730331	0	1	3500	2	0	3450
06_S0314_v0	64	Picture	blue1n	742164	0	1	3333	2	0	3290
06_S0314_v0	64	Response	10	746346	4182	1
06_S0314_v0	65	Picture	full0i	754497	0	2	3167	3	0	3120
06_S0314_v0	66	Picture	full1i	767664	0	1	4667	2	0	4620
06_S0314_v0	67	Picture	full0n	779831	0	1	2666	2	0	2620
06_S0314_v0	68	Picture	full1n	792664	0	1	3667	2	0	3620
06_S0314_v0	69	Picture	full1i	804164	0	1	4833	2	0	4790
06_S0314_v0	70	Picture	full1n	814997	0	1	3334	2	0	3290
06_S0314_v0	70	Response	10	815345	348	1
06_S0314_v0	71	Picture	full1i	827164	0	1	3833	2	0	3790
06_S0314_v0	72	Picture	full0i	838164	0	1	3833	2	0	3790
06_S0314_v0	73	Picture	full1n	851664	0	1	4500	2	0	4450
06_S0314_v0	73	Response	10	856544	4880	2
06_S0314_v0	74	Picture	full0n	863997	0	1	4833	2	0	4790
06_S0314_v0	75	Picture	full1i	874830	0	2	2667	3	0	2620
06_S0314_v0	76	Picture	full0i	886330	0	1	4500	2	0	4450
06_S0314_v0	77	Picture	full1n	898497	0	1	4333	2	0	4290
06_S0314_v0	78	Picture	full0n	910664	0	1	3833	2	0	3790
06_S0314_v0	79	Picture	blue0i	922997	0	1	2833	2	0	2790
06_S0314_v0	79	Response	10	926644	3647	1
06_S0314_v0	80	Picture	full0n	936497	0	1	4167	2	0	4120
06_S0314_v0	81	Picture	full0i	948664	0	1	2500	2	0	2450
06_S0314_v0	82	Picture	full1i	961497	0	1	4833	2	0	4790
06_S0314_v0	83	Picture	full1n	972497	0	1	2833	2	0	2790
06_S0314_v0	84	Picture	full1i	985163	0	2	4000	3	0	3950
06_S0314_v0	85	Picture	full0n	998663	0	2	3834	3	0	3790
06_S0314_v0	86	Picture	full1n	1009997	0	1	4666	2	0	4620
06_S0314_v0	87	Picture	full1i	1021830	0	1	4000	2	0	3950
06_S0314_v0	88	Picture	full1n	1032830	0	1	3167	2	0	3120
06_S0314_v0	89	Picture	full0i	1046330	0	1	3833	2	0	3790
06_S0314_v0	90	Picture	full1i	1059497	0	1	2500	2	0	2450
06_S0314_v0	91	Picture	full0n	1071663	0	1	4334	2	0	4290
06_S0314_v0	92	Picture	full0i	1084497	0	1	4000	2	0	3950
06_S0314_v0	93	Picture	full0n	1096663	0	1	4167	2	0	4120
06_S0314_v0	94	Picture	full1n	1108830	0	1	4166	2	0	4120
06_S0314_v0	95	Picture	full0i	1121996	0	2	4334	3	0	4290
06_S0314_v0	96	Picture	blue1i	1133496	0	1	4000	2	0	3950
06_S0314_v0	96	Response	10	1138742	5246	1
06_S0314_v0	97	Picture	full0n	1144496	0	1	2834	2	0	2790
06_S0314_v0	98	Picture	full1n	1155830	0	1	4166	2	0	4120
06_S0314_v0	99	Picture	full0i	1168496	0	1	3167	2	0	3120
06_S0314_v0	100	Picture	full0n	1181163	0	1	3667	2	0	3620
06_S0314_v0	101	Picture	full1i	1193996	0	1	3834	2	0	3790
06_S0314_v0	102	Picture	full0i	1207496	0	1	3500	2	0	3450
06_S0314_v0	103	Picture	full0n	1219830	0	1	2500	2	0	2450
06_S0314_v0	104	Picture	full0i	1231329	0	2	2834	3	0	2790
06_S0314_v0	105	Picture	full0n	1242663	0	1	3500	2	0	3450
06_S0314_v0	106	Picture	full0i	1254996	0	1	3000	2	0	2950
06_S0314_v0	107	Picture	full1n	1267163	0	1	5000	2	0	4950
06_S0314_v0	108	Picture	full0n	1279329	0	1	4334	2	0	4290
06_S0314_v0	109	Picture	full0i	1291663	0	1	4833	2	0	4790
06_S0314_v0	110	Picture	full0n	1305163	0	1	3500	2	0	3450
06_S0314_v0	111	Picture	blue0i	1316996	0	1	3833	2	0	3790
06_S0314_v0	111	Response	10	1321540	4544	2
06_S0314_v0	112	Picture	full0n	1329163	0	1	3333	2	0	3290
06_S0314_v0	113	Picture	full0i	1342329	0	1	3000	2	0	2950
06_S0314_v0	114	Picture	full1i	1353329	0	1	2667	2	0	2620
06_S0314_v0	115	Picture	full1n	1366496	0	1	3333	2	0	3290
06_S0314_v0	116	Picture	full0n	1379662	0	2	4834	3	0	4790
06_S0314_v0	117	Picture	full1i	1393162	0	1	4334	2	0	4290
06_S0314_v0	118	Picture	full1n	1405329	0	1	3833	2	0	3790
06_S0314_v0	119	Picture	full1i	1417162	0	1	4000	2	0	3950
06_S0314_v0	120	Picture	full1n	1427996	0	1	3166	2	0	3120
06_S0314_v0	121	Picture	blue0i	1440162	0	1	4334	2	0	4290
06_S0314_v0	121	Response	10	1445149	4987	1
06_S0314_v0	122	Picture	full0n	1451996	0	1	3000	2	0	2950
06_S0314_v0	123	Picture	full0i	1464329	0	1	4333	2	0	4290
06_S0314_v0	124	Picture	full1i	1477495	0	2	2667	3	0	2620
06_S0314_v0	125	Picture	full0n	1488329	0	1	4166	3	0	4120
06_S0314_v0	126	Picture	full0i	1500495	0	2	4834	3	0	4790
06_S0314_v0	127	Picture	full0n	1513162	0	1	2667	2	0	2620
06_S0314_v0	128	Picture	full0i	1525995	0	1	3167	2	0	3120
06_S0314_v0	129	Picture	full0n	1538829	0	1	4833	2	0	4790
06_S0314_v0	130	Picture	full0i	1550995	0	1	3667	2	0	3620
06_S0314_v0	131	Picture	blue1n	1563329	0	1	4500	2	0	4450
06_S0314_v0	131	Response	10	1567848	4519	1
06_S0314_v0	132	Picture	full0n	1575995	0	1	4167	2	0	4120
06_S0314_v0	133	Picture	full0i	1588662	0	1	4667	2	0	4620
06_S0314_v0	134	Picture	full1i	1601828	0	2	4334	3	0	4290
06_S0314_v0	135	Picture	full1n	1613328	0	2	3667	3	0	3620
06_S0314_v0	136	Picture	82	1624328	0	1	100167	2	0	next
06_S0314_v0	136	Picture	82	1724495	100167	1	10000	2	100000	next
06_S0314_v0	136	Picture	82	1734495	110167	1	10000	2	110000	next
06_S0314_v0	136	Picture	82	1744495	120167	1	10000	2	120000	next
06_S0314_v0	136	Picture	82	1754495	130167	1	10000	2	130000	next
06_S0314_v0	136	Picture	82	1764495	140167	1	10000	2	140000	next
06_S0314_v0	136	Picture	82	1774495	150167	1	10000	2	150000	next
06_S0314_v0	136	Picture	82	1784495	160167	1	10000	2	160000	next
06_S0314_v0	136	Picture	82	1794495	170167	1	10000	2	170000	next
06_S0314_v0	136	Picture	82	1804495	180167	1	10000	2	180000	next
06_S0314_v0	136	Picture	82	1814495	190167	1	10000	2	190000	10000
06_S0314_v0	137	Picture	full0n	1824495	0	1	4666	2	0	4620
06_S0314_v0	138	Picture	full1n	1835828	0	1	2667	2	0	2620
06_S0314_v0	139	Picture	full1i	1847995	0	1	4333	2	0	4290
06_S0314_v0	140	Picture	full1n	1859828	0	1	2666	3	0	2620
06_S0314_v0	141	Picture	full0i	1870661	0	1	4000	2	0	3950
06_S0314_v0	142	Picture	full0n	1883494	0	2	2500	3	0	2450
06_S0314_v0	143	Picture	full1i	1894994	0	1	4834	2	0	4790
06_S0314_v0	144	Picture	full0i	1907328	0	1	2500	2	0	2450
06_S0314_v0	145	Picture	blue0n	1919494	0	1	2834	2	0	2790
06_S0314_v0	145	Response	10	1923945	4451	1
06_S0314_v0	146	Picture	full0i	1931328	0	1	4666	2	0	4620
06_S0314_v0	147	Picture	full1n	1944161	0	1	4833	2	0	4790
06_S0314_v0	148	Picture	full0n	1955494	0	1	4167	2	0	4120
06_S0314_v0	149	Picture	full0i	1968161	0	1	4667	2	0	4620
06_S0314_v0	150	Picture	blue1i	1980494	0	1	4000	2	0	3950
06_S0314_v0	151	Picture	full1n	1992327	0	2	3000	4	0	2950
06_S0314_v0	152	Picture	full1i	2003161	0	1	4333	2	0	4290
06_S0314_v0	153	Picture	full1n	2014661	0	1	4166	2	0	4120
06_S0314_v0	154	Picture	full0n	2026827	0	1	3167	2	0	3120
06_S0314_v0	155	Picture	full1i	2039494	0	1	3833	2	0	3790
06_S0314_v0	156	Picture	full1n	2052661	0	1	4166	2	0	4120
06_S0314_v0	157	Picture	full0i	2064827	0	1	2500	2	0	2450
06_S0314_v0	158	Picture	blue0n	2076994	0	1	4167	2	0	4120
06_S0314_v0	158	Response	10	2081144	4150	1
06_S0314_v0	159	Picture	full1i	2087994	0	1	3000	2	0	2950
06_S0314_v0	160	Picture	full1n	2100661	0	1	2833	2	0	2790
06_S0314_v0	161	Picture	full1i	2111494	0	1	3166	3	0	3120
06_S0314_v0	162	Picture	full0i	2124660	0	2	4834	3	0	4790
06_S0314_v0	163	Picture	full0n	2136827	0	1	4167	2	0	4120
06_S0314_v0	164	Picture	full1n	2147827	0	1	5000	2	0	4950
06_S0314_v0	165	Picture	full0i	2161327	0	1	4500	2	0	4450
06_S0314_v0	166	Picture	full1i	2172660	0	1	4500	2	0	4450
06_S0314_v0	167	Picture	full0n	2185827	0	1	4167	2	0	4120
06_S0314_v0	168	Picture	full0i	2197327	0	1	4500	2	0	4450
06_S0314_v0	169	Picture	blue0n	2209494	0	1	2500	2	0	2450
06_S0314_v0	169	Response	10	2214142	4648	2
06_S0314_v0	170	Picture	full1n	2220994	0	1	4000	2	0	3950
06_S0314_v0	171	Picture	full1i	2232494	0	1	4833	2	0	4790
06_S0314_v0	172	Picture	full0i	2245993	0	2	2834	3	0	2790
06_S0314_v0	173	Picture	full0n	2258660	0	1	4333	2	0	4290
06_S0314_v0	174	Picture	full0i	2269993	0	2	3334	3	0	3290
06_S0314_v0	175	Picture	full0n	2281827	0	1	5000	2	0	4950
06_S0314_v0	176	Picture	full1n	2293993	0	1	3167	2	0	3120
06_S0314_v0	177	Picture	full1i	2304993	0	1	4000	2	0	3950
06_S0314_v0	178	Picture	full1n	2315993	0	1	4000	2	0	3950
06_S0314_v0	179	Picture	full0i	2326993	0	1	4834	2	0	4790
06_S0314_v0	180	Picture	full1i	2337827	0	1	3000	2	0	2950
06_S0314_v0	181	Picture	full0n	2350160	0	1	3167	2	0	3120
06_S0314_v0	182	Picture	full0i	2362827	0	1	3333	2	0	3290
06_S0314_v0	183	Picture	blue1n	2374993	0	1	2833	3	0	2790
06_S0314_v0	183	Response	10	2380241	5248	1
06_S0314_v0	184	Picture	full0n	2387326	0	2	4167	3	0	4120
06_S0314_v0	185	Picture	full0i	2399160	0	1	3666	2	0	3620
06_S0314_v0	186	Picture	full1i	2411326	0	1	3834	2	0	3790
06_S0314_v0	187	Picture	full0n	2424826	0	1	3000	2	0	2950
06_S0314_v0	188	Picture	full0i	2436660	0	1	4833	2	0	4790
06_S0314_v0	189	Picture	full0n	2450160	0	1	4500	2	0	4450
06_S0314_v0	190	Picture	full0i	2461660	0	1	4500	2	0	4450
06_S0314_v0	191	Picture	full0n	2472993	0	1	3167	2	0	3120
06_S0314_v0	192	Picture	full1n	2486160	0	1	4500	2	0	4450
06_S0314_v0	193	Picture	blue0i	2498493	0	1	3166	3	0	3120
06_S0314_v0	193	Response	10	2504450	5957	1
06_S0314_v0	194	Picture	full0n	2511159	0	2	3500	4	0	3450
06_S0314_v0	195	Picture	full0i	2523493	0	1	4333	2	0	4290
06_S0314_v0	196	Picture	full0n	2534326	0	1	3000	2	0	2950
06_S0314_v0	197	Picture	full0i	2547159	0	1	3500	2	0	3450
06_S0314_v0	198	Picture	full0n	2559326	0	1	3333	2	0	3290
06_S0314_v0	199	Picture	full1i	2571493	0	1	3166	2	0	3120
06_S0314_v0	200	Picture	blue0i	2583659	0	1	4667	2	0	4620
06_S0314_v0	201	Picture	full1n	2595826	0	1	2667	2	0	2620
06_S0314_v0	202	Picture	full0n	2606659	0	1	3667	2	0	3620
06_S0314_v0	203	Picture	full0i	2618993	0	1	4833	2	0	4790
06_S0314_v0	204	Picture	full0n	2632159	0	1	3333	3	0	3290
06_S0314_v0	205	Picture	full0i	2645326	0	1	3833	2	0	3790
06_S0314_v0	206	Picture	full1i	2657492	0	2	3834	3	0	3790
06_S0314_v0	207	Picture	full0n	2669326	0	1	4500	2	0	4450
06_S0314_v0	208	Picture	full1n	2680326	0	1	4833	2	0	4790
06_S0314_v0	209	Picture	full0i	2692159	0	1	2667	2	0	2620
06_S0314_v0	210	Picture	full1i	2703659	0	1	4500	2	0	4450
06_S0314_v0	211	Picture	full0n	2717159	0	1	4333	2	0	4290
06_S0314_v0	212	Picture	full1n	2728659	0	1	3833	2	0	3790
06_S0314_v0	213	Picture	full1i	2740992	0	1	2834	2	0	2790
06_S0314_v0	214	Picture	blue1n	2752325	0	2	4167	3	0	4120
06_S0314_v0	215	Picture	full1i	2763325	0	2	2500	4	0	2450
06_S0314_v0	216	Picture	full0i	2775992	0	1	4833	2	0	4790
06_S0314_v0	217	Picture	full0n	2788825	0	2	2834	3	0	2790
06_S0314_v0	218	Picture	full0i	2801492	0	1	4000	2	0	3950
06_S0314_v0	219	Picture	blue1n	2812492	0	1	3833	2	0	3790
06_S0314_v0	220	Picture	full0n	2823492	0	1	4667	2	0	4620
06_S0314_v0	221	Picture	full0i	2836992	0	1	4000	2	0	3950
06_S0314_v0	222	Picture	full0n	2848325	0	1	3167	2	0	3120
06_S0314_v0	223	Picture	full1i	2861825	0	1	3834	2	0	3790
06_S0314_v0	224	Picture	full0i	2874492	0	1	2500	2	0	2450
06_S0314_v0	225	Picture	full1n	2885825	0	1	4333	3	0	4290
06_S0314_v0	226	Picture	full1i	2898492	0	1	4000	2	0	3950
06_S0314_v0	227	Picture	full1n	2909992	0	1	4166	2	0	4120
06_S0314_v0	228	Picture	full0n	2920992	0	1	4166	2	0	4120
06_S0314_v0	229	Picture	full1i	2933825	0	1	4333	2	0	4290
06_S0314_v0	230	Picture	full0i	2945992	0	1	4000	2	0	3950
06_S0314_v0	231	Picture	full1n	2957325	0	1	2833	2	0	2790
06_S0314_v0	232	Picture	blue0n	2968158	0	1	4167	2	0	4120
06_S0314_v0	233	Picture	full1i	2980325	0	1	3167	2	0	3120
06_S0314_v0	234	Picture	full1n	2991658	0	1	3667	2	0	3620
06_S0314_v0	235	Picture	full0i	3004492	0	1	3833	2	0	3790
06_S0314_v0	236	Picture	full1i	3015991	0	2	3500	4	0	3450
06_S0314_v0	237	Picture	full1n	3028325	0	1	2500	2	0	2450
06_S0314_v0	238	Picture	full1i	3041825	0	1	2833	2	0	2790
06_S0314_v0	239	Picture	full1n	3054658	0	1	3500	2	0	3450
06_S0314_v0	240	Picture	full1i	3066491	0	1	3000	2	0	2950
06_S0314_v0	241	Picture	full0n	3079658	0	1	5000	2	0	4950
06_S0314_v0	242	Picture	full1n	3090491	0	1	4334	2	0	4290
06_S0314_v0	243	Picture	full1i	3103658	0	1	4833	2	0	4790
06_S0314_v0	244	Picture	full1n	3115991	0	1	3500	2	0	3450
06_S0314_v0	245	Picture	full1i	3129158	0	1	3833	2	0	3790
06_S0314_v0	246	Picture	full1n	3142324	0	2	3334	3	0	3290
06_S0314_v0	247	Picture	full1i	3154491	0	1	3000	2	0	2950
06_S0314_v0	248	Picture	full0i	3167324	0	1	2667	2	0	2620
06_S0314_v0	249	Picture	full0n	3178324	0	1	3334	2	0	3290
06_S0314_v0	250	Picture	blue1n	3190991	0	1	4833	2	0	4790
06_S0314_v0	250	Response	10	3194644	3653	1
06_S0314_v0	251	Picture	full0i	3202324	0	1	4334	2	0	4290
06_S0314_v0	252	Picture	full0n	3214491	0	1	3833	2	0	3790
06_S0314_v0	253	Picture	full0i	3225991	0	1	4000	2	0	3950
06_S0314_v0	254	Picture	full0n	3237824	0	1	3167	2	0	3120
06_S0314_v0	255	Picture	full1i	3251324	0	1	4334	2	0	4290
06_S0314_v0	256	Picture	full1n	3263491	0	1	3000	2	0	2950
06_S0314_v0	257	Picture	full1i	3274324	0	1	4333	3	0	4290
06_S0314_v0	258	Picture	blue0i	3287824	0	1	2667	2	0	2620
06_S0314_v0	258	Response	10	3291142	3318	2
06_S0314_v0	259	Picture	full1n	3301324	0	1	4167	2	0	4120
06_S0314_v0	260	Picture	full1i	3312157	0	1	4834	2	0	4790
06_S0314_v0	261	Picture	full1n	3323657	0	1	2667	2	0	2620
06_S0314_v0	262	Picture	full1i	3335991	0	1	3166	2	0	3120
06_S0314_v0	263	Picture	full1n	3348824	0	1	4833	2	0	4790
06_S0314_v0	264	Picture	full1i	3360157	0	1	3667	2	0	3620
06_S0314_v0	265	Picture	full0n	3372991	0	1	4500	2	0	4450
06_S0314_v0	266	Picture	full1n	3385824	0	1	4166	3	0	4120
06_S0314_v0	267	Picture	blue1i	3397657	0	1	4667	2	0	4620
06_S0314_v0	267	Response	10	3402341	4684	2
06_S0314_v0	268	Picture	full0i	3409824	0	1	4333	2	0	4290
06_S0314_v0	269	Picture	full0n	3422990	0	1	3667	2	0	3620
06_S0314_v0	270	Picture	default	3435157	0	1	2667	2	0	2500
06_S0314_v0	271	Picture	default	3455324	0	1	7107	2	0	2500


Event Type	Code	Type	Response	RT	RT Uncertainty	Time	Uncertainty	Duration	Uncertainty	ReqTime	ReqDur

Picture	full1n	other				13833	1	4666	2	0	4620
Picture	full0n	other				25303	198	2696	199	0	2620
Picture	full0i	other				37166	1	4333	2	0	4290
Picture	blue0n	false alarm	2	4076	202	49966	201	2700	202	0	2620
Picture	full1i	other				61966	201	4033	202	0	3950
Picture	full1n	other				72999	1	2500	2	0	2450
Picture	full0i	other				84333	1	4833	2	0	4790
Picture	full1i	other				95166	1	2500	2	0	2450
Picture	full0n	other				107332	2	2834	3	0	2790
Picture	full1n	other				120832	2	4667	3	0	4620
Picture	full1i	other				132999	1	4833	2	0	4790
Picture	full1n	other				143832	1	4167	2	0	4120
Picture	full1i	other				156666	1	4666	2	0	4620
Picture	full0i	other				169832	1	4000	2	0	3950
Picture	blue0n	false alarm	2	4142	2	182499	1	3000	2	0	2950
Picture	full0i	other				194666	1	4333	2	0	4290
Picture	full0n	other				205499	1	4167	2	0	4120
Picture	full1n	other				218165	2	3167	3	0	3120
Picture	full0i	other				229165	2	3834	3	0	3790
Picture	full0n	other				241999	1	4166	2	0	4120
Picture	full1i	other				253499	1	2500	2	0	2450
Picture	full1n	other				265332	1	4167	2	0	4120
Picture	full0i	other				276165	1	3000	2	0	2950
Picture	full0n	other				288832	1	2833	2	0	2790
Picture	full0i	other				300665	1	3167	2	0	3120
Picture	full1i	other				312165	1	4834	2	0	4790
Picture	blue1n	other				323499	1	4166	2	0	4120
Picture	full0n	other				334999	1	4999	3	0	4950
Picture	full1i	other				347165	1	4500	2	0	4450
Picture	full1n	other				358498	2	4500	3	0	4450
Picture	full1i	other				369832	1	4166	2	0	4120
Picture	full1n	other				383332	1	4500	2	0	4450
Picture	full0i	other				396165	1	2500	2	0	2450
Picture	full0n	other				407498	1	4000	2	0	3950
Picture	full0i	other				420165	1	4833	2	0	4790
Picture	full1i	other				431665	1	2833	2	0	2790
Picture	full1n	other				444832	1	4333	2	0	4290
Picture	full1i	other				456998	1	3334	2	0	3290
Picture	full1n	other				469331	2	5000	4	0	4950
Picture	full0n	other				481665	1	3166	3	0	3120
Picture	full0i	other				493165	1	4000	2	0	3950
Picture	full0n	other				506665	1	4000	2	0	3950
Picture	blue1i	false alarm	2	4183	2	520165	1	4833	2	0	4790
Picture	full0i	other				531998	1	3000	2	0	2950
Picture	full1n	other				544831	1	3167	2	0	3120
Picture	full1i	other				557998	1	3333	2	0	3290
Picture	full0n	other				570665	1	2833	2	0	2790
Picture	blue1n	false alarm	2	6849	2	581998	1	4167	2	0	4120
Picture	full1i	other				592998	1	3666	3	0	3620
Picture	blue0i	false alarm	2	4716	2	603831	1	3833	3	0	3790
Picture	full1n	other				614831	1	3000	2	0	2950
Picture	full1i	other				626664	2	4834	3	0	4790
Picture	full1n	other				638831	1	4500	2	0	4450
Picture	full1i	other				650664	1	4500	2	0	4450
Picture	blue1n	false alarm	2	4148	2	662998	1	3166	2	0	3120
Picture	full0n	other				674331	1	4500	2	0	4450
Picture	full1i	other				685831	1	3167	2	0	3120
Picture	full1n	other				697164	1	3500	2	0	3450
Picture	full1i	other				707998	1	4333	2	0	4290
Picture	full1n	other				718998	1	2999	3	0	2950
Picture	full1i	other				730331	1	3500	2	0	3450
Picture	blue1n	false alarm	2	4182	2	742164	1	3333	2	0	3290
Picture	full0i	other				754497	2	3167	3	0	3120
Picture	full1i	other				767664	1	4667	2	0	4620
Picture	full0n	other				779831	1	2666	2	0	2620
Picture	full1n	other				792664	1	3667	2	0	3620
Picture	full1i	other				804164	1	4833	2	0	4790
Picture	full1n	other				814997	1	3334	2	0	3290
Picture	full1i	other				827164	1	3833	2	0	3790
Picture	full0i	other				838164	1	3833	2	0	3790
Picture	full1n	other				851664	1	4500	2	0	4450
Picture	full0n	other				863997	1	4833	2	0	4790
Picture	full1i	other				874830	2	2667	3	0	2620
Picture	full0i	other				886330	1	4500	2	0	4450
Picture	full1n	other				898497	1	4333	2	0	4290
Picture	full0n	other				910664	1	3833	2	0	3790
Picture	blue0i	false alarm	2	3647	2	922997	1	2833	2	0	2790
Picture	full0n	other				936497	1	4167	2	0	4120
Picture	full0i	other				948664	1	2500	2	0	2450
Picture	full1i	other				961497	1	4833	2	0	4790
Picture	full1n	other				972497	1	2833	2	0	2790
Picture	full1i	other				985163	2	4000	3	0	3950
Picture	full0n	other				998663	2	3834	3	0	3790
Picture	full1n	other				1009997	1	4666	2	0	4620
Picture	full1i	other				1021830	1	4000	2	0	3950
Picture	full1n	other				1032830	1	3167	2	0	3120
Picture	full0i	other				1046330	1	3833	2	0	3790
Picture	full1i	other				1059497	1	2500	2	0	2450
Picture	full0n	other				1071663	1	4334	2	0	4290
Picture	full0i	other				1084497	1	4000	2	0	3950
Picture	full0n	other				1096663	1	4167	2	0	4120
Picture	full1n	other				1108830	1	4166	2	0	4120
Picture	full0i	other				1121996	2	4334	3	0	4290
Picture	blue1i	false alarm	2	5246	2	1133496	1	4000	2	0	3950
Picture	full0n	other				1144496	1	2834	2	0	2790
Picture	full1n	other				1155830	1	4166	2	0	4120
Picture	full0i	other				1168496	1	3167	2	0	3120
Picture	full0n	other				1181163	1	3667	2	0	3620
Picture	full1i	other				1193996	1	3834	2	0	3790
Picture	full0i	other				1207496	1	3500	2	0	3450
Picture	full0n	other				1219830	1	2500	2	0	2450
Picture	full0i	other				1231329	2	2834	3	0	2790
Picture	full0n	other				1242663	1	3500	2	0	3450
Picture	full0i	other				1254996	1	3000	2	0	2950
Picture	full1n	other				1267163	1	5000	2	0	4950
Picture	full0n	other				1279329	1	4334	2	0	4290
Picture	full0i	other				1291663	1	4833	2	0	4790
Picture	full0n	other				1305163	1	3500	2	0	3450
Picture	blue0i	false alarm	2	4544	3	1316996	1	3833	2	0	3790
Picture	full0n	other				1329163	1	3333	2	0	3290
Picture	full0i	other				1342329	1	3000	2	0	2950
Picture	full1i	other				1353329	1	2667	2	0	2620
Picture	full1n	other				1366496	1	3333	2	0	3290
Picture	full0n	other				1379662	2	4834	3	0	4790
Picture	full1i	other				1393162	1	4334	2	0	4290
Picture	full1n	other				1405329	1	3833	2	0	3790
Picture	full1i	other				1417162	1	4000	2	0	3950
Picture	full1n	other				1427996	1	3166	2	0	3120
Picture	blue0i	false alarm	2	4987	2	1440162	1	4334	2	0	4290
Picture	full0n	other				1451996	1	3000	2	0	2950
Picture	full0i	other				1464329	1	4333	2	0	4290
Picture	full1i	other				1477495	2	2667	3	0	2620
Picture	full0n	other				1488329	1	4166	3	0	4120
Picture	full0i	other				1500495	2	4834	3	0	4790
Picture	full0n	other				1513162	1	2667	2	0	2620
Picture	full0i	other				1525995	1	3167	2	0	3120
Picture	full0n	other				1538829	1	4833	2	0	4790
Picture	full0i	other				1550995	1	3667	2	0	3620
Picture	blue1n	false alarm	2	4519	2	1563329	1	4500	2	0	4450
Picture	full0n	other				1575995	1	4167	2	0	4120
Picture	full0i	other				1588662	1	4667	2	0	4620
Picture	full1i	other				1601828	2	4334	3	0	4290
Picture	full1n	other				1613328	2	3667	3	0	3620
Picture	82	other				1624328	1	100167	2	0	next
Picture	82	other				1724495	1	10000	2	100000	next
Picture	82	other				1734495	1	10000	2	110000	next
Picture	82	other				1744495	1	10000	2	120000	next
Picture	82	other				1754495	1	10000	2	130000	next
Picture	82	other				1764495	1	10000	2	140000	next
Picture	82	other				1774495	1	10000	2	150000	next
Picture	82	other				1784495	1	10000	2	160000	next
Picture	82	other				1794495	1	10000	2	170000	next
Picture	82	other				1804495	1	10000	2	180000	next
Picture	82	other				1814495	1	10000	2	190000	10000
Picture	full0n	other				1824495	1	4666	2	0	4620
Picture	full1n	other				1835828	1	2667	2	0	2620
Picture	full1i	other				1847995	1	4333	2	0	4290
Picture	full1n	other				1859828	1	2666	3	0	2620
Picture	full0i	other				1870661	1	4000	2	0	3950
Picture	full0n	other				1883494	2	2500	3	0	2450
Picture	full1i	other				1894994	1	4834	2	0	4790
Picture	full0i	other				1907328	1	2500	2	0	2450
Picture	blue0n	false alarm	2	4451	2	1919494	1	2834	2	0	2790
Picture	full0i	other				1931328	1	4666	2	0	4620
Picture	full1n	other				1944161	1	4833	2	0	4790
Picture	full0n	other				1955494	1	4167	2	0	4120
Picture	full0i	other				1968161	1	4667	2	0	4620
Picture	blue1i	other				1980494	1	4000	2	0	3950
Picture	full1n	other				1992327	2	3000	4	0	2950
Picture	full1i	other				2003161	1	4333	2	0	4290
Picture	full1n	other				2014661	1	4166	2	0	4120
Picture	full0n	other				2026827	1	3167	2	0	3120
Picture	full1i	other				2039494	1	3833	2	0	3790
Picture	full1n	other				2052661	1	4166	2	0	4120
Picture	full0i	other				2064827	1	2500	2	0	2450
Picture	blue0n	false alarm	2	4150	2	2076994	1	4167	2	0	4120
Picture	full1i	other				2087994	1	3000	2	0	2950
Picture	full1n	other				2100661	1	2833	2	0	2790
Picture	full1i	other				2111494	1	3166	3	0	3120
Picture	full0i	other				2124660	2	4834	3	0	4790
Picture	full0n	other				2136827	1	4167	2	0	4120
Picture	full1n	other				2147827	1	5000	2	0	4950
Picture	full0i	other				2161327	1	4500	2	0	4450
Picture	full1i	other				2172660	1	4500	2	0	4450
Picture	full0n	other				2185827	1	4167	2	0	4120
Picture	full0i	other				2197327	1	4500	2	0	4450
Picture	blue0n	false alarm	2	4648	3	2209494	1	2500	2	0	2450
Picture	full1n	other				2220994	1	4000	2	0	3950
Picture	full1i	other				2232494	1	4833	2	0	4790
Picture	full0i	other				2245993	2	2834	3	0	2790
Picture	full0n	other				2258660	1	4333	2	0	4290
Picture	full0i	other				2269993	2	3334	3	0	3290
Picture	full0n	other				2281827	1	5000	2	0	4950
Picture	full1n	other				2293993	1	3167	2	0	3120
Picture	full1i	other				2304993	1	4000	2	0	3950
Picture	full1n	other				2315993	1	4000	2	0	3950
Picture	full0i	other				2326993	1	4834	2	0	4790
Picture	full1i	other				2337827	1	3000	2	0	2950
Picture	full0n	other				2350160	1	3167	2	0	3120
Picture	full0i	other				2362827	1	3333	2	0	3290
Picture	blue1n	false alarm	2	5248	2	2374993	1	2833	3	0	2790
Picture	full0n	other				2387326	2	4167	3	0	4120
Picture	full0i	other				2399160	1	3666	2	0	3620
Picture	full1i	other				2411326	1	3834	2	0	3790
Picture	full0n	other				2424826	1	3000	2	0	2950
Picture	full0i	other				2436660	1	4833	2	0	4790
Picture	full0n	other				2450160	1	4500	2	0	4450
Picture	full0i	other				2461660	1	4500	2	0	4450
Picture	full0n	other				2472993	1	3167	2	0	3120
Picture	full1n	other				2486160	1	4500	2	0	4450
Picture	blue0i	false alarm	2	5957	2	2498493	1	3166	3	0	3120
Picture	full0n	other				2511159	2	3500	4	0	3450
Picture	full0i	other				2523493	1	4333	2	0	4290
Picture	full0n	other				2534326	1	3000	2	0	2950
Picture	full0i	other				2547159	1	3500	2	0	3450
Picture	full0n	other				2559326	1	3333	2	0	3290
Picture	full1i	other				2571493	1	3166	2	0	3120
Picture	blue0i	other				2583659	1	4667	2	0	4620
Picture	full1n	other				2595826	1	2667	2	0	2620
Picture	full0n	other				2606659	1	3667	2	0	3620
Picture	full0i	other				2618993	1	4833	2	0	4790
Picture	full0n	other				2632159	1	3333	3	0	3290
Picture	full0i	other				2645326	1	3833	2	0	3790
Picture	full1i	other				2657492	2	3834	3	0	3790
Picture	full0n	other				2669326	1	4500	2	0	4450
Picture	full1n	other				2680326	1	4833	2	0	4790
Picture	full0i	other				2692159	1	2667	2	0	2620
Picture	full1i	other				2703659	1	4500	2	0	4450
Picture	full0n	other				2717159	1	4333	2	0	4290
Picture	full1n	other				2728659	1	3833	2	0	3790
Picture	full1i	other				2740992	1	2834	2	0	2790
Picture	blue1n	other				2752325	2	4167	3	0	4120
Picture	full1i	other				2763325	2	2500	4	0	2450
Picture	full0i	other				2775992	1	4833	2	0	4790
Picture	full0n	other				2788825	2	2834	3	0	2790
Picture	full0i	other				2801492	1	4000	2	0	3950
Picture	blue1n	other				2812492	1	3833	2	0	3790
Picture	full0n	other				2823492	1	4667	2	0	4620
Picture	full0i	other				2836992	1	4000	2	0	3950
Picture	full0n	other				2848325	1	3167	2	0	3120
Picture	full1i	other				2861825	1	3834	2	0	3790
Picture	full0i	other				2874492	1	2500	2	0	2450
Picture	full1n	other				2885825	1	4333	3	0	4290
Picture	full1i	other				2898492	1	4000	2	0	3950
Picture	full1n	other				2909992	1	4166	2	0	4120
Picture	full0n	other				2920992	1	4166	2	0	4120
Picture	full1i	other				2933825	1	4333	2	0	4290
Picture	full0i	other				2945992	1	4000	2	0	3950
Picture	full1n	other				2957325	1	2833	2	0	2790
Picture	blue0n	other				2968158	1	4167	2	0	4120
Picture	full1i	other				2980325	1	3167	2	0	3120
Picture	full1n	other				2991658	1	3667	2	0	3620
Picture	full0i	other				3004492	1	3833	2	0	3790
Picture	full1i	other				3015991	2	3500	4	0	3450
Picture	full1n	other				3028325	1	2500	2	0	2450
Picture	full1i	other				3041825	1	2833	2	0	2790
Picture	full1n	other				3054658	1	3500	2	0	3450
Picture	full1i	other				3066491	1	3000	2	0	2950
Picture	full0n	other				3079658	1	5000	2	0	4950
Picture	full1n	other				3090491	1	4334	2	0	4290
Picture	full1i	other				3103658	1	4833	2	0	4790
Picture	full1n	other				3115991	1	3500	2	0	3450
Picture	full1i	other				3129158	1	3833	2	0	3790
Picture	full1n	other				3142324	2	3334	3	0	3290
Picture	full1i	other				3154491	1	3000	2	0	2950
Picture	full0i	other				3167324	1	2667	2	0	2620
Picture	full0n	other				3178324	1	3334	2	0	3290
Picture	blue1n	false alarm	2	3653	2	3190991	1	4833	2	0	4790
Picture	full0i	other				3202324	1	4334	2	0	4290
Picture	full0n	other				3214491	1	3833	2	0	3790
Picture	full0i	other				3225991	1	4000	2	0	3950
Picture	full0n	other				3237824	1	3167	2	0	3120
Picture	full1i	other				3251324	1	4334	2	0	4290
Picture	full1n	other				3263491	1	3000	2	0	2950
Picture	full1i	other				3274324	1	4333	3	0	4290
Picture	blue0i	false alarm	2	3318	3	3287824	1	2667	2	0	2620
Picture	full1n	other				3301324	1	4167	2	0	4120
Picture	full1i	other				3312157	1	4834	2	0	4790
Picture	full1n	other				3323657	1	2667	2	0	2620
Picture	full1i	other				3335991	1	3166	2	0	3120
Picture	full1n	other				3348824	1	4833	2	0	4790
Picture	full1i	other				3360157	1	3667	2	0	3620
Picture	full0n	other				3372991	1	4500	2	0	4450
Picture	full1n	other				3385824	1	4166	3	0	4120
Picture	blue1i	false alarm	2	4684	3	3397657	1	4667	2	0	4620
Picture	full0i	other				3409824	1	4333	2	0	4290
Picture	full0n	other				3422990	1	3667	2	0	3620
Picture	default	other				3435157	1	2667	2	0	2500
Picture	default	other				3455324	1	7107	2	0	2500
