Scenario - visual LTP Rap V4.0 HVA (based on combined block 1+2 from old 45 135 degree pilot)
Logfile written - 03/03/2016 10:39:10

Subject	Trial	Event Type	Code	Time	TTime	Uncertainty	Duration	Uncertainty	ReqTime	ReqDur

06_S0315_v0	1	Response	128	5821	15654	1
06_S0315_v0	3	Picture	full1n	15999	0	1	3167	2	0	3120
06_S0315_v0	4	Picture	full1i	26929	0	238	2903	239	0	2790
06_S0315_v0	5	Picture	full1n	40166	0	1	4500	2	0	4450
06_S0315_v0	6	Picture	full0n	53332	0	1	3500	2	0	3450
06_S0315_v0	7	Picture	full1i	64166	0	1	4833	2	0	4790
06_S0315_v0	8	Picture	full1n	76332	0	1	4333	2	0	4290
06_S0315_v0	8	Response	10	81749	5417	2
06_S0315_v0	9	Picture	full0i	88499	0	1	3500	2	0	3450
06_S0315_v0	10	Picture	full0n	100832	0	1	4167	2	0	4120
06_S0315_v0	11	Picture	blue0i	112302	0	198	3030	199	0	2950
06_S0315_v0	11	Response	10	116549	4247	1
06_S0315_v0	12	Picture	full1i	124332	0	1	3833	2	0	3790
06_S0315_v0	13	Picture	full0n	137165	0	1	5000	2	0	4950
06_S0315_v0	14	Picture	full0i	149832	0	1	4166	2	0	4120
06_S0315_v0	15	Picture	full1n	163331	0	2	4167	3	0	4120
06_S0315_v0	16	Picture	full1i	175998	0	1	3667	2	0	3620
06_S0315_v0	17	Picture	full1n	187331	0	1	4500	2	0	4450
06_S0315_v0	18	Picture	blue1i	199498	0	1	3333	2	0	3290
06_S0315_v0	18	Response	10	203348	3850	1
06_S0315_v0	19	Picture	full1n	211664	0	1	4334	2	0	4290
06_S0315_v0	20	Picture	full0n	223831	0	1	4667	2	0	4620
06_S0315_v0	21	Picture	full1i	235664	0	1	2500	2	0	2450
06_S0315_v0	22	Picture	full0i	247997	0	2	3000	3	0	2950
06_S0315_v0	23	Picture	full0n	261497	0	1	5000	2	0	4950
06_S0315_v0	24	Picture	full0i	274997	0	1	4500	2	0	4450
06_S0315_v0	25	Picture	full0n	287830	0	2	3000	3	0	2950
06_S0315_v0	26	Picture	full1n	300497	0	1	3333	2	0	3290
06_S0315_v0	27	Picture	blue1i	312330	0	1	3167	2	0	3120
06_S0315_v0	27	Response	10	317346	5016	1
06_S0315_v0	28	Picture	full0i	324997	0	1	3833	2	0	3790
06_S0315_v0	29	Picture	full0n	337330	0	1	5000	2	0	4950
06_S0315_v0	30	Picture	full0i	349163	0	1	2500	2	0	2450
06_S0315_v0	31	Picture	full1n	360497	0	1	4333	2	0	4290
06_S0315_v0	32	Picture	full1i	372663	0	1	2833	2	0	2790
06_S0315_v0	33	Picture	full0n	384163	0	1	2833	2	0	2790
06_S0315_v0	34	Picture	full1n	394996	0	1	4167	2	0	4120
06_S0315_v0	35	Picture	full1i	407163	0	1	3667	2	0	3620
06_S0315_v0	36	Picture	full1n	419996	0	1	3667	2	0	3620
06_S0315_v0	37	Picture	full0i	432163	0	1	5000	2	0	4950
06_S0315_v0	38	Picture	blue1i	443496	0	1	2833	2	0	2790
06_S0315_v0	38	Response	10	448144	4648	1
06_S0315_v0	39	Picture	full1n	454496	0	1	3000	2	0	2950
06_S0315_v0	40	Picture	full0n	467162	0	2	2834	3	0	2790
06_S0315_v0	41	Picture	full0i	478162	0	1	4000	2	0	3950
06_S0315_v0	42	Picture	full0n	490329	0	1	3667	2	0	3620
06_S0315_v0	43	Picture	full0i	503162	0	1	2833	2	0	2790
06_S0315_v0	44	Picture	full0n	516329	0	1	4333	2	0	4290
06_S0315_v0	45	Picture	full1i	529495	0	1	3667	2	0	3620
06_S0315_v0	46	Picture	full0i	542162	0	1	3666	3	0	3620
06_S0315_v0	47	Picture	full1n	552995	0	1	4500	2	0	4450
06_S0315_v0	48	Picture	full0n	565162	0	1	3166	2	0	3120
06_S0315_v0	49	Picture	full1i	576662	0	1	3000	2	0	2950
06_S0315_v0	50	Picture	blue0i	588495	0	1	3166	3	0	3120
06_S0315_v0	50	Response	10	592942	4447	1
06_S0315_v0	51	Picture	full0n	599995	0	1	3833	2	0	3790
06_S0315_v0	52	Picture	full0i	612328	0	1	3000	2	0	2950
06_S0315_v0	53	Picture	full0n	623828	0	1	4833	2	0	4790
06_S0315_v0	54	Picture	full1n	636994	0	2	2500	3	0	2450
06_S0315_v0	55	Picture	full1i	647828	0	1	3000	2	0	2950
06_S0315_v0	56	Picture	full0i	661328	0	1	3000	2	0	2950
06_S0315_v0	57	Picture	full0n	672661	0	1	3666	3	0	3620
06_S0315_v0	58	Picture	full1n	685827	0	1	3334	2	0	3290
06_S0315_v0	59	Picture	full1i	697994	0	1	4500	2	0	4450
06_S0315_v0	60	Picture	blue1n	709827	0	1	4167	2	0	4120
06_S0315_v0	60	Response	10	714450	4623	1
06_S0315_v0	61	Picture	full0i	722160	0	2	2667	3	0	2620
06_S0315_v0	62	Picture	full0n	734827	0	1	4667	2	0	4620
06_S0315_v0	63	Picture	full0i	746994	0	1	2666	2	0	2620
06_S0315_v0	64	Picture	full1i	759827	0	1	4666	3	0	4620
06_S0315_v0	65	Picture	full0n	771327	0	1	2833	2	0	2790
06_S0315_v0	66	Picture	full1n	783493	0	1	4000	2	0	3950
06_S0315_v0	67	Picture	full1i	796327	0	1	3499	3	0	3450
06_S0315_v0	68	Picture	full1n	808660	0	1	4000	2	0	3950
06_S0315_v0	69	Picture	full0i	820826	0	1	4500	2	0	4450
06_S0315_v0	70	Picture	blue0n	832993	0	1	2500	2	0	2450
06_S0315_v0	70	Response	10	837548	4555	2
06_S0315_v0	71	Picture	full0i	845159	0	2	4167	3	0	4120
06_S0315_v0	72	Picture	full0n	855993	0	1	4833	2	0	4790
06_S0315_v0	73	Picture	full0i	866993	0	1	2500	2	0	2450
06_S0315_v0	74	Picture	full0n	879826	0	1	4833	2	0	4790
06_S0315_v0	75	Picture	full0i	892492	0	2	3334	3	0	3290
06_S0315_v0	76	Picture	full1i	905992	0	1	3500	2	0	3450
06_S0315_v0	77	Picture	full1n	918659	0	1	3833	2	0	3790
06_S0315_v0	78	Picture	full0n	931492	0	1	4500	2	0	4450
06_S0315_v0	79	Picture	full0i	943659	0	1	2500	2	0	2450
06_S0315_v0	80	Picture	full1i	954492	0	1	4167	2	0	4120
06_S0315_v0	81	Picture	blue0n	967325	0	1	4667	2	0	4620
06_S0315_v0	81	Response	10	971046	3721	2
06_S0315_v0	82	Picture	full1n	978325	0	1	2500	2	0	2450
06_S0315_v0	83	Picture	full1i	990658	0	1	3500	2	0	3450
06_S0315_v0	84	Picture	full1n	1001658	0	1	3167	2	0	3120
06_S0315_v0	85	Picture	full1i	1014825	0	1	3000	2	0	2950
06_S0315_v0	86	Picture	full0i	1026325	0	1	3333	2	0	3290
06_S0315_v0	87	Picture	full0n	1037825	0	1	3000	2	0	2950
06_S0315_v0	88	Picture	full1n	1050158	0	1	3000	2	0	2950
06_S0315_v0	89	Picture	full1i	1062324	0	2	3667	3	0	3620
06_S0315_v0	90	Picture	full1n	1075491	0	1	4000	2	0	3950
06_S0315_v0	91	Picture	full1i	1086824	0	1	4834	2	0	4790
06_S0315_v0	92	Picture	full1n	1099991	0	1	2500	2	0	2450
06_S0315_v0	93	Picture	full0i	1111324	0	1	4500	2	0	4450
06_S0315_v0	94	Picture	blue1i	1122657	0	1	3334	2	0	3290
06_S0315_v0	94	Response	10	1126044	3387	1
06_S0315_v0	95	Picture	full1n	1134491	0	1	4500	2	0	4450
06_S0315_v0	96	Picture	full0n	1147657	0	1	4167	2	0	4120
06_S0315_v0	97	Picture	full1i	1159157	0	1	3833	2	0	3790
06_S0315_v0	98	Picture	full1n	1170157	0	1	4500	2	0	4450
06_S0315_v0	99	Picture	full1i	1183324	0	1	2833	2	0	2790
06_S0315_v0	100	Picture	full1n	1194157	0	1	3833	2	0	3790
06_S0315_v0	101	Picture	full1i	1206323	0	1	4500	2	0	4450
06_S0315_v0	102	Picture	full0i	1217157	0	1	3666	2	0	3620
06_S0315_v0	103	Picture	blue1n	1228157	0	1	4499	3	0	4450
06_S0315_v0	103	Response	10	1234142	5985	2
06_S0315_v0	104	Picture	full1i	1239156	0	2	4500	3	0	4450
06_S0315_v0	105	Picture	full1n	1252656	0	1	4667	2	0	4620
06_S0315_v0	106	Picture	full1i	1264490	0	1	3166	2	0	3120
06_S0315_v0	107	Picture	full1n	1277989	0	2	2667	3	0	2620
06_S0315_v0	108	Picture	full0n	1289823	0	1	4666	2	0	4620
06_S0315_v0	109	Picture	full0i	1301989	0	1	5000	2	0	4950
06_S0315_v0	110	Picture	full1i	1314323	0	1	3499	3	0	3450
06_S0315_v0	111	Picture	full1n	1327822	0	2	4834	3	0	4790
06_S0315_v0	112	Picture	blue0n	1340156	0	1	4500	2	0	4450
06_S0315_v0	112	Response	10	1346140	5984	2
06_S0315_v0	113	Picture	full0i	1351489	0	1	2667	2	0	2620
06_S0315_v0	114	Picture	full1i	1362989	0	1	3166	2	0	3120
06_S0315_v0	115	Picture	full0n	1375655	0	1	3167	2	0	3120
06_S0315_v0	116	Picture	full0i	1386489	0	1	3166	2	0	3120
06_S0315_v0	117	Picture	full0n	1398322	0	1	3166	3	0	3120
06_S0315_v0	118	Picture	full1n	1411155	0	1	3833	2	0	3790
06_S0315_v0	119	Picture	full1i	1424655	0	1	4833	2	0	4790
06_S0315_v0	120	Picture	full1n	1437488	0	1	4500	2	0	4450
06_S0315_v0	121	Picture	blue0i	1448821	0	2	4500	3	0	4450
06_S0315_v0	121	Response	10	1453639	4818	1
06_S0315_v0	122	Picture	full0n	1460655	0	1	5000	2	0	4950
06_S0315_v0	123	Picture	full1i	1471655	0	1	2500	2	0	2450
06_S0315_v0	124	Picture	full0i	1483988	0	1	4667	2	0	4620
06_S0315_v0	125	Picture	full0n	1495321	0	1	3167	2	0	3120
06_S0315_v0	126	Picture	full0i	1506654	0	1	4334	2	0	4290
06_S0315_v0	127	Picture	full0n	1518154	0	1	3667	2	0	3620
06_S0315_v0	128	Picture	full0i	1529988	0	1	2666	2	0	2620
06_S0315_v0	129	Picture	blue1n	1543487	0	2	2834	3	0	2790
06_S0315_v0	129	Response	10	1549037	5550	2
06_S0315_v0	130	Picture	full0n	1556987	0	1	5000	2	0	4950
06_S0315_v0	131	Picture	full1i	1567987	0	1	3334	2	0	3290
06_S0315_v0	132	Picture	full0i	1580654	0	1	2833	2	0	2790
06_S0315_v0	133	Picture	full0n	1592154	0	1	3833	2	0	3790
06_S0315_v0	134	Picture	full0i	1604320	0	1	2834	2	0	2790
06_S0315_v0	135	Picture	full1n	1615154	0	1	3333	2	0	3290
06_S0315_v0	136	Picture	82	1626487	0	1	100166	2	0	next
06_S0315_v0	136	Picture	82	1726653	100166	1	10000	2	100000	next
06_S0315_v0	136	Picture	82	1736653	110166	1	9999	3	110000	next
06_S0315_v0	136	Picture	82	1746652	120165	2	10000	3	120000	next
06_S0315_v0	136	Picture	82	1756652	130165	1	10000	2	130000	next
06_S0315_v0	136	Picture	82	1766652	140165	1	10000	2	140000	next
06_S0315_v0	136	Picture	82	1776652	150165	1	10000	2	150000	next
06_S0315_v0	136	Picture	82	1786652	160165	1	10000	2	160000	next
06_S0315_v0	136	Picture	82	1796652	170165	1	10000	2	170000	next
06_S0315_v0	136	Picture	82	1806652	180165	1	10000	2	180000	next
06_S0315_v0	136	Picture	82	1816652	190165	1	10000	2	190000	10000
06_S0315_v0	137	Picture	full0n	1826652	0	1	3167	2	0	3120
06_S0315_v0	138	Picture	full0i	1838985	0	1	2833	2	0	2790
06_S0315_v0	139	Picture	full0n	1851818	0	1	4500	2	0	4450
06_S0315_v0	140	Picture	full1n	1863318	0	1	3500	2	0	3450
06_S0315_v0	141	Picture	blue0i	1876818	0	1	4833	3	0	4790
06_S0315_v0	141	Response	10	1880642	3824	2
06_S0315_v0	142	Picture	full0n	1888985	0	1	4333	2	0	4290
06_S0315_v0	143	Picture	full1i	1901318	0	1	3500	2	0	3450
06_S0315_v0	144	Picture	full1n	1912318	0	1	4167	2	0	4120
06_S0315_v0	145	Picture	full1i	1923651	0	1	3000	2	0	2950
06_S0315_v0	146	Picture	full0i	1935818	0	1	3833	2	0	3790
06_S0315_v0	147	Picture	full1n	1946818	0	1	5000	2	0	4950
06_S0315_v0	148	Picture	full1i	1959484	0	1	4167	2	0	4120
06_S0315_v0	149	Picture	blue0n	1971651	0	1	4166	2	0	4120
06_S0315_v0	149	Response	10	1975841	4190	1
06_S0315_v0	150	Picture	full0i	1984317	0	1	3667	2	0	3620
06_S0315_v0	151	Picture	full0n	1995151	0	1	4500	2	0	4450
06_S0315_v0	152	Picture	full0i	2007484	0	1	3333	2	0	3290
06_S0315_v0	153	Picture	full0n	2019817	0	1	4333	2	0	4290
06_S0315_v0	154	Picture	full1n	2031984	0	1	4666	2	0	4620
06_S0315_v0	155	Picture	full0i	2045150	0	1	2500	2	0	2450
06_S0315_v0	155	Response	10	2049540	4390	1
06_S0315_v0	156	Picture	full1i	2055983	0	2	3000	3	0	2950
06_S0315_v0	157	Picture	full0n	2066983	0	1	5000	2	0	4950
06_S0315_v0	158	Picture	full1n	2079650	0	1	4500	2	0	4450
06_S0315_v0	159	Picture	blue1i	2092816	0	2	3000	4	0	2950
06_S0315_v0	159	Response	10	2097439	4623	2
06_S0315_v0	160	Picture	full0i	2104316	0	1	3334	2	0	3290
06_S0315_v0	161	Picture	full0n	2117816	0	1	3167	2	0	3120
06_S0315_v0	162	Picture	full1n	2130983	0	1	3833	2	0	3790
06_S0315_v0	163	Picture	full1i	2143149	0	2	5000	3	0	4950
06_S0315_v0	164	Picture	full1n	2154983	0	1	2500	2	0	2450
06_S0315_v0	165	Picture	full0i	2168149	0	1	4334	2	0	4290
06_S0315_v0	166	Picture	full0n	2181649	0	1	2833	2	0	2790
06_S0315_v0	167	Picture	full1i	2193982	0	1	2834	2	0	2790
06_S0315_v0	168	Picture	full0i	2206816	0	1	4166	2	0	4120
06_S0315_v0	169	Picture	full0n	2218316	0	1	3666	2	0	3620
06_S0315_v0	170	Picture	full0i	2230149	0	1	3666	2	0	3620
06_S0315_v0	171	Picture	full1n	2243649	0	1	5000	2	0	4950
06_S0315_v0	172	Picture	full0n	2254482	0	1	2833	2	0	2790
06_S0315_v0	173	Picture	blue0i	2265815	0	1	3000	2	0	2950
06_S0315_v0	173	Response	10	2269537	3722	1
06_S0315_v0	174	Picture	full1i	2277648	0	1	2834	2	0	2790
06_S0315_v0	175	Picture	full1n	2288648	0	1	4000	2	0	3950
06_S0315_v0	176	Picture	full1i	2300815	0	1	3667	2	0	3620
06_S0315_v0	177	Picture	full1n	2312648	0	1	2833	2	0	2790
06_S0315_v0	178	Picture	blue1i	2324981	0	1	4334	2	0	4290
06_S0315_v0	178	Response	10	2332736	7755	1
06_S0315_v0	179	Picture	full0n	2337148	0	1	3667	2	0	3620
06_S0315_v0	180	Picture	full1n	2349981	0	1	3667	2	0	3620
06_S0315_v0	181	Picture	full0i	2360981	0	1	4500	2	0	4450
06_S0315_v0	182	Picture	full1i	2373648	0	1	3166	2	0	3120
06_S0315_v0	183	Picture	full0n	2386314	0	1	3000	2	0	2950
06_S0315_v0	184	Picture	full1n	2398981	0	1	3166	2	0	3120
06_S0315_v0	185	Picture	full1i	2411147	0	1	3834	2	0	3790
06_S0315_v0	186	Picture	full1n	2423981	0	1	3000	2	0	2950
06_S0315_v0	187	Picture	full1i	2437480	0	2	4834	3	0	4790
06_S0315_v0	188	Picture	full0i	2448980	0	1	2500	2	0	2450
06_S0315_v0	189	Picture	blue0n	2460314	0	1	3000	2	0	2950
06_S0315_v0	189	Response	10	2463934	3620	1
06_S0315_v0	190	Picture	full1n	2472480	0	1	3000	2	0	2950
06_S0315_v0	191	Picture	full1i	2485313	0	2	3667	3	0	3620
06_S0315_v0	192	Picture	full0i	2498813	0	1	3334	2	0	3290
06_S0315_v0	193	Picture	full0n	2509647	0	1	4500	2	0	4450
06_S0315_v0	194	Picture	full0i	2522313	0	1	4167	2	0	4120
06_S0315_v0	195	Picture	full1n	2533313	0	1	2667	2	0	2620
06_S0315_v0	196	Picture	full1i	2545480	0	1	4666	2	0	4620
06_S0315_v0	197	Picture	blue1n	2556480	0	1	2666	2	0	2620
06_S0315_v0	197	Response	10	2560932	4452	2
06_S0315_v0	198	Picture	full0n	2568813	0	1	4666	2	0	4620
06_S0315_v0	199	Picture	full1i	2581979	0	1	2834	2	0	2790
06_S0315_v0	200	Picture	full0i	2592813	0	1	4000	2	0	3950
06_S0315_v0	201	Picture	full0n	2604979	0	1	3500	2	0	3450
06_S0315_v0	202	Picture	full0i	2616812	0	2	4000	3	0	3950
06_S0315_v0	203	Picture	full1n	2627812	0	1	4500	2	0	4450
06_S0315_v0	204	Picture	full1i	2641312	0	1	2500	2	0	2450
06_S0315_v0	205	Picture	full1n	2653145	0	2	4167	3	0	4120
06_S0315_v0	206	Picture	blue1i	2666312	0	1	4833	2	0	4790
06_S0315_v0	206	Response	10	2671141	4829	1
06_S0315_v0	207	Picture	full1n	2677312	0	1	2500	2	0	2450
06_S0315_v0	208	Picture	full1i	2690145	0	1	4834	2	0	4790
06_S0315_v0	209	Picture	full1n	2701478	0	2	3334	3	0	3290
06_S0315_v0	210	Picture	full0n	2714145	0	1	3500	2	0	3450
06_S0315_v0	211	Picture	full0i	2726812	0	1	3833	2	0	3790
06_S0315_v0	212	Picture	full1i	2739978	0	1	4500	2	0	4450
06_S0315_v0	213	Picture	full1n	2750811	0	1	2500	2	0	2450
06_S0315_v0	214	Picture	full0n	2762311	0	1	4167	2	0	4120
06_S0315_v0	215	Picture	full1i	2775145	0	1	4666	2	0	4620
06_S0315_v0	216	Picture	blue0i	2786978	0	1	2500	2	0	2450
06_S0315_v0	216	Response	10	2790539	3561	1
06_S0315_v0	217	Picture	full0n	2798811	0	1	3500	2	0	3450
06_S0315_v0	218	Picture	full0i	2810311	0	1	3167	2	0	3120
06_S0315_v0	219	Picture	full0n	2821144	0	1	3000	2	0	2950
06_S0315_v0	220	Picture	full1n	2833477	0	2	3334	3	0	3290
06_S0315_v0	221	Picture	full1i	2846311	0	1	3000	2	0	2950
06_S0315_v0	222	Picture	full0i	2858644	0	1	3000	2	0	2950
06_S0315_v0	223	Picture	full0n	2872144	0	1	3666	2	0	3620
06_S0315_v0	224	Picture	full0i	2885644	0	1	4000	2	0	3950
06_S0315_v0	225	Picture	blue1n	2897810	0	1	4834	2	0	4790
06_S0315_v0	225	Response	10	2902337	4527	2
06_S0315_v0	226	Picture	full0n	2911310	0	1	2500	2	0	2450
06_S0315_v0	227	Picture	full1i	2922643	0	1	4500	2	0	4450
06_S0315_v0	228	Picture	full0i	2935810	0	1	3333	2	0	3290
06_S0315_v0	229	Picture	full0n	2948477	0	1	4500	2	0	4450
06_S0315_v0	230	Picture	full1n	2959310	0	1	4166	2	0	4120
06_S0315_v0	231	Picture	full0i	2972476	0	1	3834	2	0	3790
06_S0315_v0	232	Picture	full0n	2985310	0	1	4500	2	0	4450
06_S0315_v0	233	Picture	full0i	2997476	0	1	2833	3	0	2790
06_S0315_v0	234	Picture	full0n	3008976	0	1	3833	2	0	3790
06_S0315_v0	235	Picture	full0i	3020476	0	1	4500	2	0	4450
06_S0315_v0	236	Picture	full1i	3033309	0	1	3667	2	0	3620
06_S0315_v0	237	Picture	full0n	3044642	0	2	4500	3	0	4450
06_S0315_v0	238	Picture	full0i	3055976	0	1	4500	2	0	4450
06_S0315_v0	239	Picture	full0n	3068142	0	1	4667	2	0	4620
06_S0315_v0	240	Picture	full0i	3081642	0	1	3167	2	0	3120
06_S0315_v0	241	Picture	blue0n	3094809	0	1	2666	2	0	2620
06_S0315_v0	241	Response	10	3101534	6725	2
06_S0315_v0	242	Picture	full1n	3106142	0	1	4667	2	0	4620
06_S0315_v0	243	Picture	full1i	3118309	0	1	5000	2	0	4950
06_S0315_v0	244	Picture	full0i	3129808	0	2	3500	4	0	3450
06_S0315_v0	245	Picture	full0n	3142975	0	1	4833	2	0	4790
06_S0315_v0	246	Picture	full1n	3155142	0	1	4500	2	0	4450
06_S0315_v0	247	Picture	full1i	3167475	0	1	2666	3	0	2620
06_S0315_v0	248	Picture	full0i	3180141	0	2	3167	3	0	3120
06_S0315_v0	249	Picture	full1n	3192975	0	1	3166	2	0	3120
06_S0315_v0	250	Picture	blue1i	3204475	0	1	3166	2	0	3120
06_S0315_v0	250	Response	10	3211133	6658	1
06_S0315_v0	251	Picture	full1n	3215474	0	2	3167	3	0	3120
06_S0315_v0	252	Picture	full0n	3227641	0	1	3833	2	0	3790
06_S0315_v0	253	Picture	full0i	3239474	0	1	4834	2	0	4790
06_S0315_v0	254	Picture	full0n	3251641	0	1	4500	2	0	4450
06_S0315_v0	255	Picture	full1i	3262474	0	1	4500	2	0	4450
06_S0315_v0	256	Picture	full1n	3274641	0	1	5000	2	0	4950
06_S0315_v0	257	Picture	full0i	3286807	0	1	2500	2	0	2450
06_S0315_v0	258	Picture	full1i	3298974	0	1	4666	3	0	4620
06_S0315_v0	259	Picture	full1n	3310307	0	1	3167	2	0	3120
06_S0315_v0	260	Picture	full1i	3321807	0	1	4333	2	0	4290
06_S0315_v0	261	Picture	full1n	3333974	0	1	3666	2	0	3620
06_S0315_v0	262	Picture	full1i	3346307	0	1	2666	2	0	2620
06_S0315_v0	263	Picture	blue0n	3358140	0	1	2833	2	0	2790
06_S0315_v0	263	Response	10	3361530	3390	2
06_S0315_v0	264	Picture	full1n	3369140	0	1	5000	2	0	4950
06_S0315_v0	265	Picture	full0i	3380640	0	1	3333	2	0	3290
06_S0315_v0	266	Picture	full1i	3391973	0	1	2833	2	0	2790
06_S0315_v0	267	Picture	full1n	3403806	0	1	3834	2	0	3790
06_S0315_v0	268	Picture	full1i	3415140	0	1	2833	2	0	2790
06_S0315_v0	269	Picture	full0n	3425973	0	1	3333	2	0	3290
06_S0315_v0	270	Picture	default	3437306	0	1	2667	2	0	2500
06_S0315_v0	271	Picture	default	3457473	0	1	7239	2	0	2500


Event Type	Code	Type	Response	RT	RT Uncertainty	Time	Uncertainty	Duration	Uncertainty	ReqTime	ReqDur

Picture	full1n	other				15999	1	3167	2	0	3120
Picture	full1i	other				26929	238	2903	239	0	2790
Picture	full1n	other				40166	1	4500	2	0	4450
Picture	full0n	other				53332	1	3500	2	0	3450
Picture	full1i	other				64166	1	4833	2	0	4790
Picture	full1n	other				76332	1	4333	2	0	4290
Picture	full0i	other				88499	1	3500	2	0	3450
Picture	full0n	other				100832	1	4167	2	0	4120
Picture	blue0i	false alarm	2	4247	199	112302	198	3030	199	0	2950
Picture	full1i	other				124332	1	3833	2	0	3790
Picture	full0n	other				137165	1	5000	2	0	4950
Picture	full0i	other				149832	1	4166	2	0	4120
Picture	full1n	other				163331	2	4167	3	0	4120
Picture	full1i	other				175998	1	3667	2	0	3620
Picture	full1n	other				187331	1	4500	2	0	4450
Picture	blue1i	false alarm	2	3850	2	199498	1	3333	2	0	3290
Picture	full1n	other				211664	1	4334	2	0	4290
Picture	full0n	other				223831	1	4667	2	0	4620
Picture	full1i	other				235664	1	2500	2	0	2450
Picture	full0i	other				247997	2	3000	3	0	2950
Picture	full0n	other				261497	1	5000	2	0	4950
Picture	full0i	other				274997	1	4500	2	0	4450
Picture	full0n	other				287830	2	3000	3	0	2950
Picture	full1n	other				300497	1	3333	2	0	3290
Picture	blue1i	false alarm	2	5016	2	312330	1	3167	2	0	3120
Picture	full0i	other				324997	1	3833	2	0	3790
Picture	full0n	other				337330	1	5000	2	0	4950
Picture	full0i	other				349163	1	2500	2	0	2450
Picture	full1n	other				360497	1	4333	2	0	4290
Picture	full1i	other				372663	1	2833	2	0	2790
Picture	full0n	other				384163	1	2833	2	0	2790
Picture	full1n	other				394996	1	4167	2	0	4120
Picture	full1i	other				407163	1	3667	2	0	3620
Picture	full1n	other				419996	1	3667	2	0	3620
Picture	full0i	other				432163	1	5000	2	0	4950
Picture	blue1i	false alarm	2	4648	2	443496	1	2833	2	0	2790
Picture	full1n	other				454496	1	3000	2	0	2950
Picture	full0n	other				467162	2	2834	3	0	2790
Picture	full0i	other				478162	1	4000	2	0	3950
Picture	full0n	other				490329	1	3667	2	0	3620
Picture	full0i	other				503162	1	2833	2	0	2790
Picture	full0n	other				516329	1	4333	2	0	4290
Picture	full1i	other				529495	1	3667	2	0	3620
Picture	full0i	other				542162	1	3666	3	0	3620
Picture	full1n	other				552995	1	4500	2	0	4450
Picture	full0n	other				565162	1	3166	2	0	3120
Picture	full1i	other				576662	1	3000	2	0	2950
Picture	blue0i	false alarm	2	4447	2	588495	1	3166	3	0	3120
Picture	full0n	other				599995	1	3833	2	0	3790
Picture	full0i	other				612328	1	3000	2	0	2950
Picture	full0n	other				623828	1	4833	2	0	4790
Picture	full1n	other				636994	2	2500	3	0	2450
Picture	full1i	other				647828	1	3000	2	0	2950
Picture	full0i	other				661328	1	3000	2	0	2950
Picture	full0n	other				672661	1	3666	3	0	3620
Picture	full1n	other				685827	1	3334	2	0	3290
Picture	full1i	other				697994	1	4500	2	0	4450
Picture	blue1n	false alarm	2	4623	2	709827	1	4167	2	0	4120
Picture	full0i	other				722160	2	2667	3	0	2620
Picture	full0n	other				734827	1	4667	2	0	4620
Picture	full0i	other				746994	1	2666	2	0	2620
Picture	full1i	other				759827	1	4666	3	0	4620
Picture	full0n	other				771327	1	2833	2	0	2790
Picture	full1n	other				783493	1	4000	2	0	3950
Picture	full1i	other				796327	1	3499	3	0	3450
Picture	full1n	other				808660	1	4000	2	0	3950
Picture	full0i	other				820826	1	4500	2	0	4450
Picture	blue0n	false alarm	2	4555	3	832993	1	2500	2	0	2450
Picture	full0i	other				845159	2	4167	3	0	4120
Picture	full0n	other				855993	1	4833	2	0	4790
Picture	full0i	other				866993	1	2500	2	0	2450
Picture	full0n	other				879826	1	4833	2	0	4790
Picture	full0i	other				892492	2	3334	3	0	3290
Picture	full1i	other				905992	1	3500	2	0	3450
Picture	full1n	other				918659	1	3833	2	0	3790
Picture	full0n	other				931492	1	4500	2	0	4450
Picture	full0i	other				943659	1	2500	2	0	2450
Picture	full1i	other				954492	1	4167	2	0	4120
Picture	blue0n	false alarm	2	3721	3	967325	1	4667	2	0	4620
Picture	full1n	other				978325	1	2500	2	0	2450
Picture	full1i	other				990658	1	3500	2	0	3450
Picture	full1n	other				1001658	1	3167	2	0	3120
Picture	full1i	other				1014825	1	3000	2	0	2950
Picture	full0i	other				1026325	1	3333	2	0	3290
Picture	full0n	other				1037825	1	3000	2	0	2950
Picture	full1n	other				1050158	1	3000	2	0	2950
Picture	full1i	other				1062324	2	3667	3	0	3620
Picture	full1n	other				1075491	1	4000	2	0	3950
Picture	full1i	other				1086824	1	4834	2	0	4790
Picture	full1n	other				1099991	1	2500	2	0	2450
Picture	full0i	other				1111324	1	4500	2	0	4450
Picture	blue1i	false alarm	2	3387	2	1122657	1	3334	2	0	3290
Picture	full1n	other				1134491	1	4500	2	0	4450
Picture	full0n	other				1147657	1	4167	2	0	4120
Picture	full1i	other				1159157	1	3833	2	0	3790
Picture	full1n	other				1170157	1	4500	2	0	4450
Picture	full1i	other				1183324	1	2833	2	0	2790
Picture	full1n	other				1194157	1	3833	2	0	3790
Picture	full1i	other				1206323	1	4500	2	0	4450
Picture	full0i	other				1217157	1	3666	2	0	3620
Picture	blue1n	false alarm	2	5985	3	1228157	1	4499	3	0	4450
Picture	full1i	other				1239156	2	4500	3	0	4450
Picture	full1n	other				1252656	1	4667	2	0	4620
Picture	full1i	other				1264490	1	3166	2	0	3120
Picture	full1n	other				1277989	2	2667	3	0	2620
Picture	full0n	other				1289823	1	4666	2	0	4620
Picture	full0i	other				1301989	1	5000	2	0	4950
Picture	full1i	other				1314323	1	3499	3	0	3450
Picture	full1n	other				1327822	2	4834	3	0	4790
Picture	blue0n	false alarm	2	5984	3	1340156	1	4500	2	0	4450
Picture	full0i	other				1351489	1	2667	2	0	2620
Picture	full1i	other				1362989	1	3166	2	0	3120
Picture	full0n	other				1375655	1	3167	2	0	3120
Picture	full0i	other				1386489	1	3166	2	0	3120
Picture	full0n	other				1398322	1	3166	3	0	3120
Picture	full1n	other				1411155	1	3833	2	0	3790
Picture	full1i	other				1424655	1	4833	2	0	4790
Picture	full1n	other				1437488	1	4500	2	0	4450
Picture	blue0i	false alarm	2	4818	3	1448821	2	4500	3	0	4450
Picture	full0n	other				1460655	1	5000	2	0	4950
Picture	full1i	other				1471655	1	2500	2	0	2450
Picture	full0i	other				1483988	1	4667	2	0	4620
Picture	full0n	other				1495321	1	3167	2	0	3120
Picture	full0i	other				1506654	1	4334	2	0	4290
Picture	full0n	other				1518154	1	3667	2	0	3620
Picture	full0i	other				1529988	1	2666	2	0	2620
Picture	blue1n	false alarm	2	5550	4	1543487	2	2834	3	0	2790
Picture	full0n	other				1556987	1	5000	2	0	4950
Picture	full1i	other				1567987	1	3334	2	0	3290
Picture	full0i	other				1580654	1	2833	2	0	2790
Picture	full0n	other				1592154	1	3833	2	0	3790
Picture	full0i	other				1604320	1	2834	2	0	2790
Picture	full1n	other				1615154	1	3333	2	0	3290
Picture	82	other				1626487	1	100166	2	0	next
Picture	82	other				1726653	1	10000	2	100000	next
Picture	82	other				1736653	1	9999	3	110000	next
Picture	82	other				1746652	2	10000	3	120000	next
Picture	82	other				1756652	1	10000	2	130000	next
Picture	82	other				1766652	1	10000	2	140000	next
Picture	82	other				1776652	1	10000	2	150000	next
Picture	82	other				1786652	1	10000	2	160000	next
Picture	82	other				1796652	1	10000	2	170000	next
Picture	82	other				1806652	1	10000	2	180000	next
Picture	82	other				1816652	1	10000	2	190000	10000
Picture	full0n	other				1826652	1	3167	2	0	3120
Picture	full0i	other				1838985	1	2833	2	0	2790
Picture	full0n	other				1851818	1	4500	2	0	4450
Picture	full1n	other				1863318	1	3500	2	0	3450
Picture	blue0i	false alarm	2	3824	3	1876818	1	4833	3	0	4790
Picture	full0n	other				1888985	1	4333	2	0	4290
Picture	full1i	other				1901318	1	3500	2	0	3450
Picture	full1n	other				1912318	1	4167	2	0	4120
Picture	full1i	other				1923651	1	3000	2	0	2950
Picture	full0i	other				1935818	1	3833	2	0	3790
Picture	full1n	other				1946818	1	5000	2	0	4950
Picture	full1i	other				1959484	1	4167	2	0	4120
Picture	blue0n	false alarm	2	4190	2	1971651	1	4166	2	0	4120
Picture	full0i	other				1984317	1	3667	2	0	3620
Picture	full0n	other				1995151	1	4500	2	0	4450
Picture	full0i	other				2007484	1	3333	2	0	3290
Picture	full0n	other				2019817	1	4333	2	0	4290
Picture	full1n	other				2031984	1	4666	2	0	4620
Picture	full0i	other				2045150	1	2500	2	0	2450
Picture	full1i	other				2055983	2	3000	3	0	2950
Picture	full0n	other				2066983	1	5000	2	0	4950
Picture	full1n	other				2079650	1	4500	2	0	4450
Picture	blue1i	false alarm	2	4623	4	2092816	2	3000	4	0	2950
Picture	full0i	other				2104316	1	3334	2	0	3290
Picture	full0n	other				2117816	1	3167	2	0	3120
Picture	full1n	other				2130983	1	3833	2	0	3790
Picture	full1i	other				2143149	2	5000	3	0	4950
Picture	full1n	other				2154983	1	2500	2	0	2450
Picture	full0i	other				2168149	1	4334	2	0	4290
Picture	full0n	other				2181649	1	2833	2	0	2790
Picture	full1i	other				2193982	1	2834	2	0	2790
Picture	full0i	other				2206816	1	4166	2	0	4120
Picture	full0n	other				2218316	1	3666	2	0	3620
Picture	full0i	other				2230149	1	3666	2	0	3620
Picture	full1n	other				2243649	1	5000	2	0	4950
Picture	full0n	other				2254482	1	2833	2	0	2790
Picture	blue0i	false alarm	2	3722	2	2265815	1	3000	2	0	2950
Picture	full1i	other				2277648	1	2834	2	0	2790
Picture	full1n	other				2288648	1	4000	2	0	3950
Picture	full1i	other				2300815	1	3667	2	0	3620
Picture	full1n	other				2312648	1	2833	2	0	2790
Picture	blue1i	false alarm	2	7755	2	2324981	1	4334	2	0	4290
Picture	full0n	other				2337148	1	3667	2	0	3620
Picture	full1n	other				2349981	1	3667	2	0	3620
Picture	full0i	other				2360981	1	4500	2	0	4450
Picture	full1i	other				2373648	1	3166	2	0	3120
Picture	full0n	other				2386314	1	3000	2	0	2950
Picture	full1n	other				2398981	1	3166	2	0	3120
Picture	full1i	other				2411147	1	3834	2	0	3790
Picture	full1n	other				2423981	1	3000	2	0	2950
Picture	full1i	other				2437480	2	4834	3	0	4790
Picture	full0i	other				2448980	1	2500	2	0	2450
Picture	blue0n	false alarm	2	3620	2	2460314	1	3000	2	0	2950
Picture	full1n	other				2472480	1	3000	2	0	2950
Picture	full1i	other				2485313	2	3667	3	0	3620
Picture	full0i	other				2498813	1	3334	2	0	3290
Picture	full0n	other				2509647	1	4500	2	0	4450
Picture	full0i	other				2522313	1	4167	2	0	4120
Picture	full1n	other				2533313	1	2667	2	0	2620
Picture	full1i	other				2545480	1	4666	2	0	4620
Picture	blue1n	false alarm	2	4452	3	2556480	1	2666	2	0	2620
Picture	full0n	other				2568813	1	4666	2	0	4620
Picture	full1i	other				2581979	1	2834	2	0	2790
Picture	full0i	other				2592813	1	4000	2	0	3950
Picture	full0n	other				2604979	1	3500	2	0	3450
Picture	full0i	other				2616812	2	4000	3	0	3950
Picture	full1n	other				2627812	1	4500	2	0	4450
Picture	full1i	other				2641312	1	2500	2	0	2450
Picture	full1n	other				2653145	2	4167	3	0	4120
Picture	blue1i	false alarm	2	4829	2	2666312	1	4833	2	0	4790
Picture	full1n	other				2677312	1	2500	2	0	2450
Picture	full1i	other				2690145	1	4834	2	0	4790
Picture	full1n	other				2701478	2	3334	3	0	3290
Picture	full0n	other				2714145	1	3500	2	0	3450
Picture	full0i	other				2726812	1	3833	2	0	3790
Picture	full1i	other				2739978	1	4500	2	0	4450
Picture	full1n	other				2750811	1	2500	2	0	2450
Picture	full0n	other				2762311	1	4167	2	0	4120
Picture	full1i	other				2775145	1	4666	2	0	4620
Picture	blue0i	false alarm	2	3561	2	2786978	1	2500	2	0	2450
Picture	full0n	other				2798811	1	3500	2	0	3450
Picture	full0i	other				2810311	1	3167	2	0	3120
Picture	full0n	other				2821144	1	3000	2	0	2950
Picture	full1n	other				2833477	2	3334	3	0	3290
Picture	full1i	other				2846311	1	3000	2	0	2950
Picture	full0i	other				2858644	1	3000	2	0	2950
Picture	full0n	other				2872144	1	3666	2	0	3620
Picture	full0i	other				2885644	1	4000	2	0	3950
Picture	blue1n	false alarm	2	4527	3	2897810	1	4834	2	0	4790
Picture	full0n	other				2911310	1	2500	2	0	2450
Picture	full1i	other				2922643	1	4500	2	0	4450
Picture	full0i	other				2935810	1	3333	2	0	3290
Picture	full0n	other				2948477	1	4500	2	0	4450
Picture	full1n	other				2959310	1	4166	2	0	4120
Picture	full0i	other				2972476	1	3834	2	0	3790
Picture	full0n	other				2985310	1	4500	2	0	4450
Picture	full0i	other				2997476	1	2833	3	0	2790
Picture	full0n	other				3008976	1	3833	2	0	3790
Picture	full0i	other				3020476	1	4500	2	0	4450
Picture	full1i	other				3033309	1	3667	2	0	3620
Picture	full0n	other				3044642	2	4500	3	0	4450
Picture	full0i	other				3055976	1	4500	2	0	4450
Picture	full0n	other				3068142	1	4667	2	0	4620
Picture	full0i	other				3081642	1	3167	2	0	3120
Picture	blue0n	false alarm	2	6725	3	3094809	1	2666	2	0	2620
Picture	full1n	other				3106142	1	4667	2	0	4620
Picture	full1i	other				3118309	1	5000	2	0	4950
Picture	full0i	other				3129808	2	3500	4	0	3450
Picture	full0n	other				3142975	1	4833	2	0	4790
Picture	full1n	other				3155142	1	4500	2	0	4450
Picture	full1i	other				3167475	1	2666	3	0	2620
Picture	full0i	other				3180141	2	3167	3	0	3120
Picture	full1n	other				3192975	1	3166	2	0	3120
Picture	blue1i	false alarm	2	6658	2	3204475	1	3166	2	0	3120
Picture	full1n	other				3215474	2	3167	3	0	3120
Picture	full0n	other				3227641	1	3833	2	0	3790
Picture	full0i	other				3239474	1	4834	2	0	4790
Picture	full0n	other				3251641	1	4500	2	0	4450
Picture	full1i	other				3262474	1	4500	2	0	4450
Picture	full1n	other				3274641	1	5000	2	0	4950
Picture	full0i	other				3286807	1	2500	2	0	2450
Picture	full1i	other				3298974	1	4666	3	0	4620
Picture	full1n	other				3310307	1	3167	2	0	3120
Picture	full1i	other				3321807	1	4333	2	0	4290
Picture	full1n	other				3333974	1	3666	2	0	3620
Picture	full1i	other				3346307	1	2666	2	0	2620
Picture	blue0n	false alarm	2	3390	3	3358140	1	2833	2	0	2790
Picture	full1n	other				3369140	1	5000	2	0	4950
Picture	full0i	other				3380640	1	3333	2	0	3290
Picture	full1i	other				3391973	1	2833	2	0	2790
Picture	full1n	other				3403806	1	3834	2	0	3790
Picture	full1i	other				3415140	1	2833	2	0	2790
Picture	full0n	other				3425973	1	3333	2	0	3290
Picture	default	other				3437306	1	2667	2	0	2500
Picture	default	other				3457473	1	7239	2	0	2500
