Scenario - visual LTP Rap V4.0 HVD (based on combined block 1+2 from old 45 135 degree pilot)
Logfile written - 03/23/2015 11:57:53

Subject	Trial	Event Type	Code	Time	TTime	Uncertainty	Duration	Uncertainty	ReqTime	ReqDur

08-0303	1	Response	128	9414	19247	2
08-0303	3	Picture	full1n	19833	0	1	4667	2	0	4620
08-0303	4	Picture	full0n	31303	0	198	2697	199	0	2620
08-0303	5	Picture	full0i	43166	0	1	4334	2	0	4290
08-0303	6	Picture	blue0n	55966	0	201	2700	202	0	2620
08-0303	6	Response	10	60473	4507	2
08-0303	7	Picture	full1i	67966	0	202	4034	203	0	3950
08-0303	8	Picture	full1n	79000	0	1	2500	2	0	2450
08-0303	9	Picture	full0i	90333	0	1	4833	3	0	4790
08-0303	10	Picture	full1i	101166	0	2	2500	4	0	2450
08-0303	11	Picture	full0n	113333	0	1	2834	2	0	2790
08-0303	12	Picture	full1n	126833	0	1	4667	2	0	4620
08-0303	13	Picture	full1i	139000	0	1	4833	2	0	4790
08-0303	14	Picture	full1n	149833	0	1	4167	2	0	4120
08-0303	15	Picture	full1i	162667	0	1	4666	2	0	4620
08-0303	16	Picture	full0i	175833	0	1	4000	2	0	3950
08-0303	17	Picture	blue0n	188500	0	1	3000	2	0	2950
08-0303	17	Response	10	193271	4771	1
08-0303	18	Picture	full0i	200667	0	1	4333	2	0	4290
08-0303	19	Picture	full0n	211500	0	1	4167	2	0	4120
08-0303	20	Picture	full1n	224167	0	1	3167	2	0	3120
08-0303	21	Picture	full0i	235167	0	1	3833	2	0	3790
08-0303	22	Picture	full0n	248000	0	1	4167	2	0	4120
08-0303	23	Picture	full1i	259500	0	1	2500	2	0	2450
08-0303	24	Picture	full1n	271334	0	1	4166	2	0	4120
08-0303	25	Picture	full0i	282167	0	1	3000	2	0	2950
08-0303	26	Picture	full0n	294834	0	1	2833	2	0	2790
08-0303	27	Picture	full0i	306667	0	1	3167	2	0	3120
08-0303	28	Picture	full1i	318167	0	1	4834	2	0	4790
08-0303	29	Picture	blue1n	329501	0	1	4166	2	0	4120
08-0303	29	Response	10	335769	6268	1
08-0303	30	Picture	full0n	341001	0	1	5000	2	0	4950
08-0303	31	Picture	full1i	353167	0	1	4500	2	0	4450
08-0303	32	Picture	full1n	364501	0	1	4500	2	0	4450
08-0303	33	Picture	full1i	375834	0	1	4167	2	0	4120
08-0303	34	Picture	full1n	389334	0	1	4500	2	0	4450
08-0303	35	Picture	full0i	402168	0	1	2500	2	0	2450
08-0303	36	Picture	full0n	413501	0	1	4000	2	0	3950
08-0303	37	Picture	full0i	426168	0	1	4833	2	0	4790
08-0303	38	Picture	full1i	437668	0	1	2833	2	0	2790
08-0303	39	Picture	full1n	450834	0	1	4334	2	0	4290
08-0303	40	Picture	full1i	463001	0	1	3333	2	0	3290
08-0303	41	Picture	full1n	475334	0	2	5000	4	0	4950
08-0303	42	Picture	full0n	487668	0	1	3167	2	0	3120
08-0303	43	Picture	full0i	499168	0	1	4000	2	0	3950
08-0303	44	Picture	full0n	512668	0	1	4000	2	0	3950
08-0303	45	Picture	blue1i	526168	0	1	4833	2	0	4790
08-0303	45	Response	10	532966	6798	1
08-0303	46	Picture	full0i	538001	0	1	3000	2	0	2950
08-0303	47	Picture	full1n	550835	0	1	3166	2	0	3120
08-0303	48	Picture	full1i	564001	0	2	3334	3	0	3290
08-0303	49	Picture	full0n	576668	0	1	2833	3	0	2790
08-0303	50	Picture	blue1n	588002	0	1	4166	2	0	4120
08-0303	50	Response	10	597965	9963	1
08-0303	51	Picture	full1i	599002	0	1	3666	2	0	3620
08-0303	52	Picture	blue0i	609835	0	1	3833	2	0	3790
08-0303	52	Response	10	615465	5630	1
08-0303	53	Picture	full1n	620835	0	1	3000	2	0	2950
08-0303	54	Picture	full1i	632668	0	1	4834	2	0	4790
08-0303	55	Picture	full1n	644835	0	1	4500	2	0	4450
08-0303	56	Picture	full1i	656668	0	2	4500	3	0	4450
08-0303	57	Picture	blue1n	669002	0	1	3166	3	0	3120
08-0303	57	Response	10	675564	6562	1
08-0303	58	Picture	full0n	680335	0	1	4500	2	0	4450
08-0303	59	Picture	full1i	691835	0	1	3167	2	0	3120
08-0303	60	Picture	full1n	703169	0	1	3500	2	0	3450
08-0303	61	Picture	full1i	714002	0	1	4333	3	0	4290
08-0303	62	Picture	full1n	725002	0	1	3000	2	0	2950
08-0303	63	Picture	full1i	736335	0	1	3500	2	0	3450
08-0303	64	Picture	blue1n	748169	0	1	3333	2	0	3290
08-0303	64	Response	10	752463	4294	1
08-0303	65	Picture	full0i	760502	0	1	3167	2	0	3120
08-0303	66	Picture	full1i	773669	0	1	4667	2	0	4620
08-0303	67	Picture	full0n	785836	0	1	2666	2	0	2620
08-0303	68	Picture	full1n	798669	0	1	3667	2	0	3620
08-0303	69	Picture	full1i	810169	0	1	4833	2	0	4790
08-0303	70	Picture	full1n	821002	0	1	3334	2	0	3290
08-0303	71	Picture	full1i	833169	0	1	3833	2	0	3790
08-0303	72	Picture	full0i	844169	0	1	3833	2	0	3790
08-0303	73	Picture	full1n	857669	0	1	4500	2	0	4450
08-0303	74	Picture	full0n	870003	0	1	4833	2	0	4790
08-0303	75	Picture	full1i	880836	0	1	2667	2	0	2620
08-0303	76	Picture	full0i	892336	0	1	4500	2	0	4450
08-0303	77	Picture	full1n	904503	0	1	4333	2	0	4290
08-0303	78	Picture	full0n	916669	0	1	3834	2	0	3790
08-0303	79	Picture	blue0i	929003	0	1	2833	2	0	2790
08-0303	79	Response	10	934360	5357	1
08-0303	80	Picture	full0n	942503	0	1	4166	3	0	4120
08-0303	81	Picture	full0i	954669	0	2	2500	4	0	2450
08-0303	82	Picture	full1i	967503	0	1	4833	2	0	4790
08-0303	83	Picture	full1n	978503	0	1	2833	2	0	2790
08-0303	84	Picture	full1i	991170	0	1	4000	2	0	3950
08-0303	85	Picture	full0n	1004670	0	1	3833	2	0	3790
08-0303	86	Picture	full1n	1016003	0	1	4667	2	0	4620
08-0303	87	Picture	full1i	1027836	0	1	4000	2	0	3950
08-0303	88	Picture	full1n	1038836	0	2	3167	3	0	3120
08-0303	89	Picture	full0i	1052336	0	2	3834	3	0	3790
08-0303	90	Picture	full1i	1065503	0	1	2500	2	0	2450
08-0303	91	Picture	full0n	1077670	0	1	4333	2	0	4290
08-0303	92	Picture	full0i	1090503	0	1	4000	2	0	3950
08-0303	93	Picture	full0n	1102670	0	1	4167	2	0	4120
08-0303	94	Picture	full1n	1114837	0	1	4166	2	0	4120
08-0303	95	Picture	full0i	1128003	0	2	4334	3	0	4290
08-0303	96	Picture	blue1i	1139503	0	2	4000	4	0	3950
08-0303	96	Response	10	1148346	8843	2
08-0303	97	Picture	full0n	1150504	0	1	2833	2	0	2790
08-0303	98	Picture	full1n	1161837	0	1	4167	2	0	4120
08-0303	99	Picture	full0i	1174504	0	1	3166	2	0	3120
08-0303	100	Picture	full0n	1187170	0	1	3667	2	0	3620
08-0303	101	Picture	full1i	1200004	0	1	3833	2	0	3790
08-0303	102	Picture	full0i	1213504	0	1	3500	2	0	3450
08-0303	103	Picture	full0n	1225837	0	1	2500	2	0	2450
08-0303	104	Picture	full0i	1237337	0	1	2833	3	0	2790
08-0303	105	Picture	full0n	1248671	0	1	3500	2	0	3450
08-0303	106	Picture	full0i	1261004	0	1	3000	2	0	2950
08-0303	107	Picture	full1n	1273171	0	1	5000	2	0	4950
08-0303	108	Picture	full0n	1285337	0	1	4334	2	0	4290
08-0303	109	Picture	full0i	1297671	0	1	4833	2	0	4790
08-0303	110	Picture	full0n	1311171	0	1	3500	2	0	3450
08-0303	111	Picture	blue0i	1323004	0	1	3833	3	0	3790
08-0303	111	Response	10	1327544	4540	1
08-0303	112	Picture	full0n	1335171	0	1	3333	2	0	3290
08-0303	113	Picture	full0i	1348338	0	1	3000	2	0	2950
08-0303	114	Picture	full1i	1359338	0	1	2666	2	0	2620
08-0303	115	Picture	full1n	1372504	0	1	3334	2	0	3290
08-0303	116	Picture	full0n	1385671	0	1	4833	2	0	4790
08-0303	117	Picture	full1i	1399171	0	1	4333	2	0	4290
08-0303	118	Picture	full1n	1411338	0	1	3833	2	0	3790
08-0303	119	Picture	full1i	1423171	0	1	4000	2	0	3950
08-0303	120	Picture	full1n	1434004	0	2	3167	3	0	3120
08-0303	121	Picture	blue0i	1446171	0	1	4334	2	0	4290
08-0303	121	Response	10	1451042	4871	1
08-0303	122	Picture	full0n	1458005	0	1	3000	2	0	2950
08-0303	123	Picture	full0i	1470338	0	1	4333	2	0	4290
08-0303	124	Picture	full1i	1483505	0	1	2666	2	0	2620
08-0303	125	Picture	full0n	1494338	0	1	4167	2	0	4120
08-0303	126	Picture	full0i	1506505	0	1	4833	2	0	4790
08-0303	127	Picture	full0n	1519171	0	2	2667	3	0	2620
08-0303	128	Picture	full0i	1532005	0	1	3167	2	0	3120
08-0303	129	Picture	full0n	1544838	0	1	4834	2	0	4790
08-0303	130	Picture	full0i	1557005	0	1	3667	2	0	3620
08-0303	131	Picture	blue1n	1569338	0	1	4500	2	0	4450
08-0303	131	Response	10	1576340	7002	1
08-0303	132	Picture	full0n	1582005	0	1	4167	2	0	4120
08-0303	133	Picture	full0i	1594672	0	1	4666	2	0	4620
08-0303	134	Picture	full1i	1607838	0	2	4334	3	0	4290
08-0303	135	Picture	full1n	1619338	0	2	3667	3	0	3620
08-0303	136	Picture	82	1630339	0	1	100167	2	0	next
08-0303	136	Picture	82	1730506	100167	1	10000	2	100000	next
08-0303	136	Picture	82	1740506	110167	1	10000	2	110000	next
08-0303	136	Picture	82	1750506	120167	1	10000	2	120000	next
08-0303	136	Picture	82	1760506	130167	1	10000	2	130000	next
08-0303	136	Picture	82	1770506	140167	1	10000	2	140000	next
08-0303	136	Picture	82	1780506	150167	1	10000	2	150000	next
08-0303	136	Picture	82	1790506	160167	1	10000	2	160000	next
08-0303	136	Picture	82	1800506	170167	1	10000	2	170000	next
08-0303	136	Picture	82	1810506	180167	1	10000	2	180000	next
08-0303	136	Picture	82	1820506	190167	1	10000	2	190000	10000
08-0303	137	Picture	full0n	1830506	0	1	4667	2	0	4620
08-0303	138	Picture	full1n	1841839	0	1	2667	2	0	2620
08-0303	139	Picture	full1i	1854006	0	1	4333	2	0	4290
08-0303	140	Picture	full1n	1865839	0	1	2667	2	0	2620
08-0303	141	Picture	full0i	1876673	0	1	4000	2	0	3950
08-0303	142	Picture	full0n	1889506	0	1	2500	2	0	2450
08-0303	143	Picture	full1i	1901006	0	1	4833	3	0	4790
08-0303	144	Picture	full0i	1913340	0	1	2500	2	0	2450
08-0303	145	Picture	blue0n	1925506	0	1	2834	2	0	2790
08-0303	145	Response	10	1929935	4429	1
08-0303	146	Picture	full0i	1937340	0	1	4666	2	0	4620
08-0303	147	Picture	full1n	1950173	0	1	4833	2	0	4790
08-0303	148	Picture	full0n	1961506	0	1	4167	2	0	4120
08-0303	149	Picture	full0i	1974173	0	1	4667	2	0	4620
08-0303	150	Picture	blue1i	1986506	0	2	4000	3	0	3950
08-0303	150	Response	10	1991734	5228	1
08-0303	151	Picture	full1n	1998340	0	1	3000	2	0	2950
08-0303	152	Picture	full1i	2009173	0	1	4334	2	0	4290
08-0303	153	Picture	full1n	2020673	0	1	4167	2	0	4120
08-0303	154	Picture	full0n	2032840	0	1	3167	2	0	3120
08-0303	155	Picture	full1i	2045507	0	1	3833	2	0	3790
08-0303	156	Picture	full1n	2058673	0	1	4167	2	0	4120
08-0303	157	Picture	full0i	2070840	0	1	2500	2	0	2450
08-0303	158	Picture	blue0n	2083007	0	1	4166	2	0	4120
08-0303	158	Response	10	2087032	4025	2
08-0303	159	Picture	full1i	2094007	0	1	3000	2	0	2950
08-0303	160	Picture	full1n	2106674	0	1	2833	2	0	2790
08-0303	161	Picture	full1i	2117507	0	1	3167	2	0	3120
08-0303	162	Picture	full0i	2130674	0	1	4833	2	0	4790
08-0303	163	Picture	full0n	2142840	0	1	4167	2	0	4120
08-0303	164	Picture	full1n	2153840	0	1	5000	2	0	4950
08-0303	165	Picture	full0i	2167340	0	2	4500	3	0	4450
08-0303	166	Picture	full1i	2178674	0	1	4500	2	0	4450
08-0303	167	Picture	full0n	2191840	0	2	4167	3	0	4120
08-0303	168	Picture	full0i	2203341	0	1	4500	2	0	4450
08-0303	169	Picture	blue0n	2215507	0	1	2500	2	0	2450
08-0303	169	Response	10	2219930	4423	2
08-0303	170	Picture	full1n	2227007	0	1	4000	2	0	3950
08-0303	171	Picture	full1i	2238507	0	1	4834	2	0	4790
08-0303	172	Picture	full0i	2252007	0	1	2834	2	0	2790
08-0303	173	Picture	full0n	2264674	0	1	4333	2	0	4290
08-0303	174	Picture	full0i	2276007	0	2	3334	3	0	3290
08-0303	175	Picture	full0n	2287841	0	1	5000	2	0	4950
08-0303	176	Picture	full1n	2300008	0	1	3166	2	0	3120
08-0303	177	Picture	full1i	2311008	0	1	4000	2	0	3950
08-0303	178	Picture	full1n	2322008	0	1	4000	2	0	3950
08-0303	179	Picture	full0i	2333008	0	1	4833	2	0	4790
08-0303	180	Picture	full1i	2343841	0	1	3000	2	0	2950
08-0303	181	Picture	full0n	2356174	0	2	3167	3	0	3120
08-0303	182	Picture	full0i	2368841	0	1	3333	3	0	3290
08-0303	183	Picture	blue1n	2381008	0	1	2833	2	0	2790
08-0303	183	Response	10	2385728	4720	1
08-0303	184	Picture	full0n	2393341	0	1	4167	2	0	4120
08-0303	185	Picture	full0i	2405175	0	1	3666	2	0	3620
08-0303	186	Picture	full1i	2417341	0	1	3834	2	0	3790
08-0303	187	Picture	full0n	2430841	0	1	3000	2	0	2950
08-0303	188	Picture	full0i	2442675	0	1	4833	2	0	4790
08-0303	189	Picture	full0n	2456175	0	1	4500	2	0	4450
08-0303	190	Picture	full0i	2467675	0	1	4500	2	0	4450
08-0303	191	Picture	full0n	2479008	0	1	3167	2	0	3120
08-0303	192	Picture	full1n	2492175	0	1	4500	2	0	4450
08-0303	193	Picture	blue0i	2504508	0	1	3167	2	0	3120
08-0303	193	Response	10	2510116	5608	1
08-0303	194	Picture	full0n	2517175	0	1	3500	2	0	3450
08-0303	195	Picture	full0i	2529508	0	1	4334	2	0	4290
08-0303	196	Picture	full0n	2540342	0	1	3000	2	0	2950
08-0303	197	Picture	full0i	2553175	0	1	3500	2	0	3450
08-0303	198	Picture	full0n	2565342	0	1	3333	2	0	3290
08-0303	199	Picture	full1i	2577509	0	1	3166	2	0	3120
08-0303	200	Picture	blue0i	2589675	0	1	4667	2	0	4620
08-0303	200	Response	10	2594015	4340	1
08-0303	201	Picture	full1n	2601842	0	1	2667	2	0	2620
08-0303	202	Picture	full0n	2612675	0	1	3667	2	0	3620
08-0303	203	Picture	full0i	2625009	0	1	4833	2	0	4790
08-0303	204	Picture	full0n	2638175	0	1	3334	2	0	3290
08-0303	205	Picture	full0i	2651342	0	1	3833	2	0	3790
08-0303	206	Picture	full1i	2663509	0	1	3833	2	0	3790
08-0303	207	Picture	full0n	2675342	0	1	4500	2	0	4450
08-0303	208	Picture	full1n	2686342	0	1	4834	2	0	4790
08-0303	209	Picture	full0i	2698176	0	1	2666	2	0	2620
08-0303	210	Picture	full1i	2709676	0	1	4500	2	0	4450
08-0303	211	Picture	full0n	2723176	0	1	4333	2	0	4290
08-0303	212	Picture	full1n	2734676	0	1	3833	2	0	3790
08-0303	213	Picture	full1i	2747009	0	1	2833	2	0	2790
08-0303	214	Picture	blue1n	2758342	0	2	4167	3	0	4120
08-0303	214	Response	10	2763712	5370	1
08-0303	215	Picture	full1i	2769343	0	1	2500	2	0	2450
08-0303	216	Picture	full0i	2782009	0	1	4834	2	0	4790
08-0303	217	Picture	full0n	2794843	0	1	2833	2	0	2790
08-0303	218	Picture	full0i	2807509	0	1	4000	2	0	3950
08-0303	219	Picture	blue1n	2818509	0	1	3834	2	0	3790
08-0303	219	Response	10	2824111	5602	2
08-0303	220	Picture	full0n	2829509	0	1	4667	2	0	4620
08-0303	221	Picture	full0i	2843009	0	2	4000	4	0	3950
08-0303	222	Picture	full0n	2854343	0	1	3167	2	0	3120
08-0303	223	Picture	full1i	2867843	0	1	3833	2	0	3790
08-0303	224	Picture	full0i	2880510	0	1	2500	2	0	2450
08-0303	225	Picture	full1n	2891843	0	1	4333	2	0	4290
08-0303	226	Picture	full1i	2904510	0	1	4000	2	0	3950
08-0303	227	Picture	full1n	2916010	0	1	4166	2	0	4120
08-0303	228	Picture	full0n	2927009	0	2	4167	3	0	4120
08-0303	229	Picture	full1i	2939843	0	1	4333	3	0	4290
08-0303	230	Picture	full0i	2952010	0	1	4000	2	0	3950
08-0303	231	Picture	full1n	2963343	0	1	2834	2	0	2790
08-0303	232	Picture	blue0n	2974177	0	1	4166	2	0	4120
08-0303	232	Response	10	2978809	4632	1
08-0303	233	Picture	full1i	2986343	0	1	3167	2	0	3120
08-0303	234	Picture	full1n	2997677	0	1	3666	2	0	3620
08-0303	235	Picture	full0i	3010510	0	1	3833	2	0	3790
08-0303	236	Picture	full1i	3022010	0	1	3500	2	0	3450
08-0303	237	Picture	full1n	3034343	0	2	2500	4	0	2450
08-0303	238	Picture	full1i	3047844	0	1	2833	2	0	2790
08-0303	239	Picture	full1n	3060677	0	1	3500	2	0	3450
08-0303	240	Picture	full1i	3072510	0	1	3000	2	0	2950
08-0303	241	Picture	full0n	3085677	0	1	5000	2	0	4950
08-0303	242	Picture	full1n	3096510	0	1	4334	2	0	4290
08-0303	243	Picture	full1i	3109677	0	1	4833	2	0	4790
08-0303	244	Picture	full1n	3122010	0	2	3500	3	0	3450
08-0303	245	Picture	full1i	3135177	0	1	3833	3	0	3790
08-0303	246	Picture	full1n	3148344	0	1	3333	2	0	3290
08-0303	247	Picture	full1i	3160511	0	1	3000	2	0	2950
08-0303	248	Picture	full0i	3173344	0	1	2667	2	0	2620
08-0303	249	Picture	full0n	3184344	0	1	3333	2	0	3290
08-0303	250	Picture	blue1n	3197011	0	1	4833	2	0	4790
08-0303	250	Response	10	3203305	6294	2
08-0303	251	Picture	full0i	3208344	0	1	4333	2	0	4290
08-0303	252	Picture	full0n	3220511	0	1	3833	2	0	3790
08-0303	253	Picture	full0i	3232011	0	1	4000	2	0	3950
08-0303	254	Picture	full0n	3243844	0	1	3167	2	0	3120
08-0303	255	Picture	full1i	3257344	0	1	4334	2	0	4290
08-0303	256	Picture	full1n	3269511	0	1	3000	2	0	2950
08-0303	257	Picture	full1i	3280344	0	1	4334	2	0	4290
08-0303	258	Picture	blue0i	3293844	0	1	2667	2	0	2620
08-0303	258	Response	10	3298504	4660	1
08-0303	259	Picture	full1n	3307344	0	2	4167	3	0	4120
08-0303	260	Picture	full1i	3318178	0	1	4833	2	0	4790
08-0303	261	Picture	full1n	3329678	0	1	2666	3	0	2620
08-0303	262	Picture	full1i	3342011	0	1	3167	2	0	3120
08-0303	263	Picture	full1n	3354845	0	1	4833	2	0	4790
08-0303	264	Picture	full1i	3366178	0	1	3667	2	0	3620
08-0303	265	Picture	full0n	3379011	0	1	4500	2	0	4450
08-0303	266	Picture	full1n	3391845	0	1	4166	2	0	4120
08-0303	267	Picture	blue1i	3403678	0	1	4667	2	0	4620
08-0303	267	Response	10	3410202	6524	2
08-0303	268	Picture	full0i	3415845	0	1	4333	2	0	4290
08-0303	269	Picture	full0n	3429012	0	1	3666	2	0	3620
08-0303	270	Picture	default	3441178	0	1	2667	2	0	2500
08-0303	271	Picture	default	3461345	0	1	6830	2	0	2500


Event Type	Code	Type	Response	RT	RT Uncertainty	Time	Uncertainty	Duration	Uncertainty	ReqTime	ReqDur

Picture	full1n	other				19833	1	4667	2	0	4620
Picture	full0n	other				31303	198	2697	199	0	2620
Picture	full0i	other				43166	1	4334	2	0	4290
Picture	blue0n	false alarm	2	4507	203	55966	201	2700	202	0	2620
Picture	full1i	other				67966	202	4034	203	0	3950
Picture	full1n	other				79000	1	2500	2	0	2450
Picture	full0i	other				90333	1	4833	3	0	4790
Picture	full1i	other				101166	2	2500	4	0	2450
Picture	full0n	other				113333	1	2834	2	0	2790
Picture	full1n	other				126833	1	4667	2	0	4620
Picture	full1i	other				139000	1	4833	2	0	4790
Picture	full1n	other				149833	1	4167	2	0	4120
Picture	full1i	other				162667	1	4666	2	0	4620
Picture	full0i	other				175833	1	4000	2	0	3950
Picture	blue0n	false alarm	2	4771	2	188500	1	3000	2	0	2950
Picture	full0i	other				200667	1	4333	2	0	4290
Picture	full0n	other				211500	1	4167	2	0	4120
Picture	full1n	other				224167	1	3167	2	0	3120
Picture	full0i	other				235167	1	3833	2	0	3790
Picture	full0n	other				248000	1	4167	2	0	4120
Picture	full1i	other				259500	1	2500	2	0	2450
Picture	full1n	other				271334	1	4166	2	0	4120
Picture	full0i	other				282167	1	3000	2	0	2950
Picture	full0n	other				294834	1	2833	2	0	2790
Picture	full0i	other				306667	1	3167	2	0	3120
Picture	full1i	other				318167	1	4834	2	0	4790
Picture	blue1n	false alarm	2	6268	2	329501	1	4166	2	0	4120
Picture	full0n	other				341001	1	5000	2	0	4950
Picture	full1i	other				353167	1	4500	2	0	4450
Picture	full1n	other				364501	1	4500	2	0	4450
Picture	full1i	other				375834	1	4167	2	0	4120
Picture	full1n	other				389334	1	4500	2	0	4450
Picture	full0i	other				402168	1	2500	2	0	2450
Picture	full0n	other				413501	1	4000	2	0	3950
Picture	full0i	other				426168	1	4833	2	0	4790
Picture	full1i	other				437668	1	2833	2	0	2790
Picture	full1n	other				450834	1	4334	2	0	4290
Picture	full1i	other				463001	1	3333	2	0	3290
Picture	full1n	other				475334	2	5000	4	0	4950
Picture	full0n	other				487668	1	3167	2	0	3120
Picture	full0i	other				499168	1	4000	2	0	3950
Picture	full0n	other				512668	1	4000	2	0	3950
Picture	blue1i	false alarm	2	6798	2	526168	1	4833	2	0	4790
Picture	full0i	other				538001	1	3000	2	0	2950
Picture	full1n	other				550835	1	3166	2	0	3120
Picture	full1i	other				564001	2	3334	3	0	3290
Picture	full0n	other				576668	1	2833	3	0	2790
Picture	blue1n	false alarm	2	9963	2	588002	1	4166	2	0	4120
Picture	full1i	other				599002	1	3666	2	0	3620
Picture	blue0i	false alarm	2	5630	2	609835	1	3833	2	0	3790
Picture	full1n	other				620835	1	3000	2	0	2950
Picture	full1i	other				632668	1	4834	2	0	4790
Picture	full1n	other				644835	1	4500	2	0	4450
Picture	full1i	other				656668	2	4500	3	0	4450
Picture	blue1n	false alarm	2	6562	2	669002	1	3166	3	0	3120
Picture	full0n	other				680335	1	4500	2	0	4450
Picture	full1i	other				691835	1	3167	2	0	3120
Picture	full1n	other				703169	1	3500	2	0	3450
Picture	full1i	other				714002	1	4333	3	0	4290
Picture	full1n	other				725002	1	3000	2	0	2950
Picture	full1i	other				736335	1	3500	2	0	3450
Picture	blue1n	false alarm	2	4294	2	748169	1	3333	2	0	3290
Picture	full0i	other				760502	1	3167	2	0	3120
Picture	full1i	other				773669	1	4667	2	0	4620
Picture	full0n	other				785836	1	2666	2	0	2620
Picture	full1n	other				798669	1	3667	2	0	3620
Picture	full1i	other				810169	1	4833	2	0	4790
Picture	full1n	other				821002	1	3334	2	0	3290
Picture	full1i	other				833169	1	3833	2	0	3790
Picture	full0i	other				844169	1	3833	2	0	3790
Picture	full1n	other				857669	1	4500	2	0	4450
Picture	full0n	other				870003	1	4833	2	0	4790
Picture	full1i	other				880836	1	2667	2	0	2620
Picture	full0i	other				892336	1	4500	2	0	4450
Picture	full1n	other				904503	1	4333	2	0	4290
Picture	full0n	other				916669	1	3834	2	0	3790
Picture	blue0i	false alarm	2	5357	2	929003	1	2833	2	0	2790
Picture	full0n	other				942503	1	4166	3	0	4120
Picture	full0i	other				954669	2	2500	4	0	2450
Picture	full1i	other				967503	1	4833	2	0	4790
Picture	full1n	other				978503	1	2833	2	0	2790
Picture	full1i	other				991170	1	4000	2	0	3950
Picture	full0n	other				1004670	1	3833	2	0	3790
Picture	full1n	other				1016003	1	4667	2	0	4620
Picture	full1i	other				1027836	1	4000	2	0	3950
Picture	full1n	other				1038836	2	3167	3	0	3120
Picture	full0i	other				1052336	2	3834	3	0	3790
Picture	full1i	other				1065503	1	2500	2	0	2450
Picture	full0n	other				1077670	1	4333	2	0	4290
Picture	full0i	other				1090503	1	4000	2	0	3950
Picture	full0n	other				1102670	1	4167	2	0	4120
Picture	full1n	other				1114837	1	4166	2	0	4120
Picture	full0i	other				1128003	2	4334	3	0	4290
Picture	blue1i	false alarm	2	8843	4	1139503	2	4000	4	0	3950
Picture	full0n	other				1150504	1	2833	2	0	2790
Picture	full1n	other				1161837	1	4167	2	0	4120
Picture	full0i	other				1174504	1	3166	2	0	3120
Picture	full0n	other				1187170	1	3667	2	0	3620
Picture	full1i	other				1200004	1	3833	2	0	3790
Picture	full0i	other				1213504	1	3500	2	0	3450
Picture	full0n	other				1225837	1	2500	2	0	2450
Picture	full0i	other				1237337	1	2833	3	0	2790
Picture	full0n	other				1248671	1	3500	2	0	3450
Picture	full0i	other				1261004	1	3000	2	0	2950
Picture	full1n	other				1273171	1	5000	2	0	4950
Picture	full0n	other				1285337	1	4334	2	0	4290
Picture	full0i	other				1297671	1	4833	2	0	4790
Picture	full0n	other				1311171	1	3500	2	0	3450
Picture	blue0i	false alarm	2	4540	2	1323004	1	3833	3	0	3790
Picture	full0n	other				1335171	1	3333	2	0	3290
Picture	full0i	other				1348338	1	3000	2	0	2950
Picture	full1i	other				1359338	1	2666	2	0	2620
Picture	full1n	other				1372504	1	3334	2	0	3290
Picture	full0n	other				1385671	1	4833	2	0	4790
Picture	full1i	other				1399171	1	4333	2	0	4290
Picture	full1n	other				1411338	1	3833	2	0	3790
Picture	full1i	other				1423171	1	4000	2	0	3950
Picture	full1n	other				1434004	2	3167	3	0	3120
Picture	blue0i	false alarm	2	4871	2	1446171	1	4334	2	0	4290
Picture	full0n	other				1458005	1	3000	2	0	2950
Picture	full0i	other				1470338	1	4333	2	0	4290
Picture	full1i	other				1483505	1	2666	2	0	2620
Picture	full0n	other				1494338	1	4167	2	0	4120
Picture	full0i	other				1506505	1	4833	2	0	4790
Picture	full0n	other				1519171	2	2667	3	0	2620
Picture	full0i	other				1532005	1	3167	2	0	3120
Picture	full0n	other				1544838	1	4834	2	0	4790
Picture	full0i	other				1557005	1	3667	2	0	3620
Picture	blue1n	false alarm	2	7002	2	1569338	1	4500	2	0	4450
Picture	full0n	other				1582005	1	4167	2	0	4120
Picture	full0i	other				1594672	1	4666	2	0	4620
Picture	full1i	other				1607838	2	4334	3	0	4290
Picture	full1n	other				1619338	2	3667	3	0	3620
Picture	82	other				1630339	1	100167	2	0	next
Picture	82	other				1730506	1	10000	2	100000	next
Picture	82	other				1740506	1	10000	2	110000	next
Picture	82	other				1750506	1	10000	2	120000	next
Picture	82	other				1760506	1	10000	2	130000	next
Picture	82	other				1770506	1	10000	2	140000	next
Picture	82	other				1780506	1	10000	2	150000	next
Picture	82	other				1790506	1	10000	2	160000	next
Picture	82	other				1800506	1	10000	2	170000	next
Picture	82	other				1810506	1	10000	2	180000	next
Picture	82	other				1820506	1	10000	2	190000	10000
Picture	full0n	other				1830506	1	4667	2	0	4620
Picture	full1n	other				1841839	1	2667	2	0	2620
Picture	full1i	other				1854006	1	4333	2	0	4290
Picture	full1n	other				1865839	1	2667	2	0	2620
Picture	full0i	other				1876673	1	4000	2	0	3950
Picture	full0n	other				1889506	1	2500	2	0	2450
Picture	full1i	other				1901006	1	4833	3	0	4790
Picture	full0i	other				1913340	1	2500	2	0	2450
Picture	blue0n	false alarm	2	4429	2	1925506	1	2834	2	0	2790
Picture	full0i	other				1937340	1	4666	2	0	4620
Picture	full1n	other				1950173	1	4833	2	0	4790
Picture	full0n	other				1961506	1	4167	2	0	4120
Picture	full0i	other				1974173	1	4667	2	0	4620
Picture	blue1i	false alarm	2	5228	3	1986506	2	4000	3	0	3950
Picture	full1n	other				1998340	1	3000	2	0	2950
Picture	full1i	other				2009173	1	4334	2	0	4290
Picture	full1n	other				2020673	1	4167	2	0	4120
Picture	full0n	other				2032840	1	3167	2	0	3120
Picture	full1i	other				2045507	1	3833	2	0	3790
Picture	full1n	other				2058673	1	4167	2	0	4120
Picture	full0i	other				2070840	1	2500	2	0	2450
Picture	blue0n	false alarm	2	4025	3	2083007	1	4166	2	0	4120
Picture	full1i	other				2094007	1	3000	2	0	2950
Picture	full1n	other				2106674	1	2833	2	0	2790
Picture	full1i	other				2117507	1	3167	2	0	3120
Picture	full0i	other				2130674	1	4833	2	0	4790
Picture	full0n	other				2142840	1	4167	2	0	4120
Picture	full1n	other				2153840	1	5000	2	0	4950
Picture	full0i	other				2167340	2	4500	3	0	4450
Picture	full1i	other				2178674	1	4500	2	0	4450
Picture	full0n	other				2191840	2	4167	3	0	4120
Picture	full0i	other				2203341	1	4500	2	0	4450
Picture	blue0n	false alarm	2	4423	3	2215507	1	2500	2	0	2450
Picture	full1n	other				2227007	1	4000	2	0	3950
Picture	full1i	other				2238507	1	4834	2	0	4790
Picture	full0i	other				2252007	1	2834	2	0	2790
Picture	full0n	other				2264674	1	4333	2	0	4290
Picture	full0i	other				2276007	2	3334	3	0	3290
Picture	full0n	other				2287841	1	5000	2	0	4950
Picture	full1n	other				2300008	1	3166	2	0	3120
Picture	full1i	other				2311008	1	4000	2	0	3950
Picture	full1n	other				2322008	1	4000	2	0	3950
Picture	full0i	other				2333008	1	4833	2	0	4790
Picture	full1i	other				2343841	1	3000	2	0	2950
Picture	full0n	other				2356174	2	3167	3	0	3120
Picture	full0i	other				2368841	1	3333	3	0	3290
Picture	blue1n	false alarm	2	4720	2	2381008	1	2833	2	0	2790
Picture	full0n	other				2393341	1	4167	2	0	4120
Picture	full0i	other				2405175	1	3666	2	0	3620
Picture	full1i	other				2417341	1	3834	2	0	3790
Picture	full0n	other				2430841	1	3000	2	0	2950
Picture	full0i	other				2442675	1	4833	2	0	4790
Picture	full0n	other				2456175	1	4500	2	0	4450
Picture	full0i	other				2467675	1	4500	2	0	4450
Picture	full0n	other				2479008	1	3167	2	0	3120
Picture	full1n	other				2492175	1	4500	2	0	4450
Picture	blue0i	false alarm	2	5608	2	2504508	1	3167	2	0	3120
Picture	full0n	other				2517175	1	3500	2	0	3450
Picture	full0i	other				2529508	1	4334	2	0	4290
Picture	full0n	other				2540342	1	3000	2	0	2950
Picture	full0i	other				2553175	1	3500	2	0	3450
Picture	full0n	other				2565342	1	3333	2	0	3290
Picture	full1i	other				2577509	1	3166	2	0	3120
Picture	blue0i	false alarm	2	4340	2	2589675	1	4667	2	0	4620
Picture	full1n	other				2601842	1	2667	2	0	2620
Picture	full0n	other				2612675	1	3667	2	0	3620
Picture	full0i	other				2625009	1	4833	2	0	4790
Picture	full0n	other				2638175	1	3334	2	0	3290
Picture	full0i	other				2651342	1	3833	2	0	3790
Picture	full1i	other				2663509	1	3833	2	0	3790
Picture	full0n	other				2675342	1	4500	2	0	4450
Picture	full1n	other				2686342	1	4834	2	0	4790
Picture	full0i	other				2698176	1	2666	2	0	2620
Picture	full1i	other				2709676	1	4500	2	0	4450
Picture	full0n	other				2723176	1	4333	2	0	4290
Picture	full1n	other				2734676	1	3833	2	0	3790
Picture	full1i	other				2747009	1	2833	2	0	2790
Picture	blue1n	false alarm	2	5370	3	2758342	2	4167	3	0	4120
Picture	full1i	other				2769343	1	2500	2	0	2450
Picture	full0i	other				2782009	1	4834	2	0	4790
Picture	full0n	other				2794843	1	2833	2	0	2790
Picture	full0i	other				2807509	1	4000	2	0	3950
Picture	blue1n	false alarm	2	5602	3	2818509	1	3834	2	0	3790
Picture	full0n	other				2829509	1	4667	2	0	4620
Picture	full0i	other				2843009	2	4000	4	0	3950
Picture	full0n	other				2854343	1	3167	2	0	3120
Picture	full1i	other				2867843	1	3833	2	0	3790
Picture	full0i	other				2880510	1	2500	2	0	2450
Picture	full1n	other				2891843	1	4333	2	0	4290
Picture	full1i	other				2904510	1	4000	2	0	3950
Picture	full1n	other				2916010	1	4166	2	0	4120
Picture	full0n	other				2927009	2	4167	3	0	4120
Picture	full1i	other				2939843	1	4333	3	0	4290
Picture	full0i	other				2952010	1	4000	2	0	3950
Picture	full1n	other				2963343	1	2834	2	0	2790
Picture	blue0n	false alarm	2	4632	2	2974177	1	4166	2	0	4120
Picture	full1i	other				2986343	1	3167	2	0	3120
Picture	full1n	other				2997677	1	3666	2	0	3620
Picture	full0i	other				3010510	1	3833	2	0	3790
Picture	full1i	other				3022010	1	3500	2	0	3450
Picture	full1n	other				3034343	2	2500	4	0	2450
Picture	full1i	other				3047844	1	2833	2	0	2790
Picture	full1n	other				3060677	1	3500	2	0	3450
Picture	full1i	other				3072510	1	3000	2	0	2950
Picture	full0n	other				3085677	1	5000	2	0	4950
Picture	full1n	other				3096510	1	4334	2	0	4290
Picture	full1i	other				3109677	1	4833	2	0	4790
Picture	full1n	other				3122010	2	3500	3	0	3450
Picture	full1i	other				3135177	1	3833	3	0	3790
Picture	full1n	other				3148344	1	3333	2	0	3290
Picture	full1i	other				3160511	1	3000	2	0	2950
Picture	full0i	other				3173344	1	2667	2	0	2620
Picture	full0n	other				3184344	1	3333	2	0	3290
Picture	blue1n	false alarm	2	6294	3	3197011	1	4833	2	0	4790
Picture	full0i	other				3208344	1	4333	2	0	4290
Picture	full0n	other				3220511	1	3833	2	0	3790
Picture	full0i	other				3232011	1	4000	2	0	3950
Picture	full0n	other				3243844	1	3167	2	0	3120
Picture	full1i	other				3257344	1	4334	2	0	4290
Picture	full1n	other				3269511	1	3000	2	0	2950
Picture	full1i	other				3280344	1	4334	2	0	4290
Picture	blue0i	false alarm	2	4660	2	3293844	1	2667	2	0	2620
Picture	full1n	other				3307344	2	4167	3	0	4120
Picture	full1i	other				3318178	1	4833	2	0	4790
Picture	full1n	other				3329678	1	2666	3	0	2620
Picture	full1i	other				3342011	1	3167	2	0	3120
Picture	full1n	other				3354845	1	4833	2	0	4790
Picture	full1i	other				3366178	1	3667	2	0	3620
Picture	full0n	other				3379011	1	4500	2	0	4450
Picture	full1n	other				3391845	1	4166	2	0	4120
Picture	blue1i	false alarm	2	6524	3	3403678	1	4667	2	0	4620
Picture	full0i	other				3415845	1	4333	2	0	4290
Picture	full0n	other				3429012	1	3666	2	0	3620
Picture	default	other				3441178	1	2667	2	0	2500
Picture	default	other				3461345	1	6830	2	0	2500
