Scenario - visual LTP Rap V4.0 HVB (based on combined block 1+2 from old 45 135 degree pilot)
Logfile written - 03/23/2015 11:06:13

Subject	Trial	Event Type	Code	Time	TTime	Uncertainty	Duration	Uncertainty	ReqTime	ReqDur

08-0303	1	Response	128	-5970	3863	1
08-0303	3	Picture	full1n	4499	0	2	4667	3	0	4620
08-0303	4	Picture	full0n	15969	0	198	2697	199	0	2620
08-0303	5	Picture	full0i	27833	0	1	4333	2	0	4290
08-0303	6	Picture	blue0n	40633	0	201	2700	202	0	2620
08-0303	6	Response	10	48028	7395	1
08-0303	7	Picture	full1i	52633	0	201	4033	202	0	3950
08-0303	8	Picture	full1n	63666	0	1	2500	2	0	2450
08-0303	9	Picture	full0i	75000	0	1	4833	2	0	4790
08-0303	10	Picture	full1i	85833	0	1	2500	2	0	2450
08-0303	11	Picture	full0n	98000	0	1	2833	2	0	2790
08-0303	12	Picture	full1n	111500	0	1	4667	2	0	4620
08-0303	13	Picture	full1i	123667	0	1	4833	2	0	4790
08-0303	14	Picture	full1n	134500	0	1	4167	2	0	4120
08-0303	15	Picture	full1i	147333	0	1	4667	2	0	4620
08-0303	16	Picture	full0i	160500	0	1	4000	2	0	3950
08-0303	17	Picture	blue0n	173167	0	1	3000	2	0	2950
08-0303	17	Response	10	180525	7358	2
08-0303	18	Picture	full0i	185333	0	2	4334	3	0	4290
08-0303	19	Picture	full0n	196167	0	1	4166	3	0	4120
08-0303	20	Picture	full1n	208834	0	1	3166	2	0	3120
08-0303	21	Picture	full0i	219834	0	1	3833	2	0	3790
08-0303	22	Picture	full0n	232667	0	1	4167	2	0	4120
08-0303	23	Picture	full1i	244167	0	1	2500	2	0	2450
08-0303	24	Picture	full1n	256000	0	1	4167	2	0	4120
08-0303	25	Picture	full0i	266834	0	1	3000	2	0	2950
08-0303	26	Picture	full0n	279500	0	2	2834	3	0	2790
08-0303	27	Picture	full0i	291334	0	1	3166	3	0	3120
08-0303	28	Picture	full1i	302834	0	1	4833	2	0	4790
08-0303	29	Picture	blue1n	314167	0	1	4167	2	0	4120
08-0303	30	Picture	full0n	325667	0	1	5000	2	0	4950
08-0303	31	Picture	full1i	337834	0	1	4500	2	0	4450
08-0303	32	Picture	full1n	349167	0	1	4500	2	0	4450
08-0303	33	Picture	full1i	360501	0	1	4166	2	0	4120
08-0303	34	Picture	full1n	374001	0	1	4500	2	0	4450
08-0303	35	Picture	full0i	386834	0	1	2500	2	0	2450
08-0303	36	Picture	full0n	398168	0	1	4000	2	0	3950
08-0303	37	Picture	full0i	410834	0	1	4834	2	0	4790
08-0303	38	Picture	full1i	422334	0	1	2834	2	0	2790
08-0303	39	Picture	full1n	435501	0	1	4333	2	0	4290
08-0303	40	Picture	full1i	447668	0	1	3333	2	0	3290
08-0303	41	Picture	full1n	460001	0	1	5000	2	0	4950
08-0303	42	Picture	full0n	472334	0	2	3167	3	0	3120
08-0303	43	Picture	full0i	483835	0	1	4000	2	0	3950
08-0303	44	Picture	full0n	497335	0	1	4000	2	0	3950
08-0303	45	Picture	blue1i	510835	0	1	4833	2	0	4790
08-0303	46	Picture	full0i	522668	0	1	3000	2	0	2950
08-0303	47	Picture	full1n	535501	0	1	3167	2	0	3120
08-0303	48	Picture	full1i	548668	0	1	3333	2	0	3290
08-0303	49	Picture	full0n	561335	0	1	2833	2	0	2790
08-0303	50	Picture	blue1n	572668	0	1	4167	2	0	4120
08-0303	51	Picture	full1i	583668	0	1	3667	2	0	3620
08-0303	52	Picture	blue0i	594502	0	1	3833	2	0	3790
08-0303	52	Response	10	601009	6507	2
08-0303	53	Picture	full1n	605502	0	1	3000	2	0	2950
08-0303	54	Picture	full1i	617335	0	1	4833	2	0	4790
08-0303	55	Picture	full1n	629502	0	1	4500	2	0	4450
08-0303	56	Picture	full1i	641335	0	1	4500	2	0	4450
08-0303	57	Picture	blue1n	653668	0	2	3167	3	0	3120
08-0303	57	Response	10	658408	4740	2
08-0303	58	Picture	full0n	665002	0	1	4500	2	0	4450
08-0303	59	Picture	full1i	676502	0	1	3167	2	0	3120
08-0303	60	Picture	full1n	687835	0	1	3500	2	0	3450
08-0303	61	Picture	full1i	698669	0	1	4333	2	0	4290
08-0303	62	Picture	full1n	709669	0	1	3000	2	0	2950
08-0303	63	Picture	full1i	721002	0	1	3500	2	0	3450
08-0303	64	Picture	blue1n	732835	0	1	3334	2	0	3290
08-0303	64	Response	10	739207	6372	1
08-0303	65	Picture	full0i	745169	0	1	3166	3	0	3120
08-0303	66	Picture	full1i	758335	0	2	4667	3	0	4620
08-0303	67	Picture	full0n	770502	0	1	2667	2	0	2620
08-0303	68	Picture	full1n	783336	0	1	3666	2	0	3620
08-0303	69	Picture	full1i	794836	0	1	4833	2	0	4790
08-0303	70	Picture	full1n	805669	0	1	3333	2	0	3290
08-0303	71	Picture	full1i	817836	0	1	3833	2	0	3790
08-0303	72	Picture	full0i	828836	0	1	3833	2	0	3790
08-0303	73	Picture	full1n	842336	0	1	4500	2	0	4450
08-0303	74	Picture	full0n	854669	0	1	4834	2	0	4790
08-0303	75	Picture	full1i	865503	0	1	2666	2	0	2620
08-0303	76	Picture	full0i	877003	0	1	4500	2	0	4450
08-0303	77	Picture	full1n	889169	0	1	4334	2	0	4290
08-0303	78	Picture	full0n	901336	0	1	3833	2	0	3790
08-0303	79	Picture	blue0i	913669	0	1	2834	2	0	2790
08-0303	79	Response	10	918905	5236	1
08-0303	80	Picture	full0n	927169	0	2	4167	3	0	4120
08-0303	81	Picture	full0i	939336	0	1	2500	2	0	2450
08-0303	82	Picture	full1i	952170	0	1	4833	2	0	4790
08-0303	83	Picture	full1n	963170	0	1	2833	2	0	2790
08-0303	84	Picture	full1i	975836	0	1	4000	2	0	3950
08-0303	85	Picture	full0n	989336	0	1	3834	2	0	3790
08-0303	86	Picture	full1n	1000670	0	1	4666	2	0	4620
08-0303	87	Picture	full1i	1012503	0	1	4000	2	0	3950
08-0303	88	Picture	full1n	1023503	0	1	3167	2	0	3120
08-0303	89	Picture	full0i	1037003	0	1	3834	2	0	3790
08-0303	90	Picture	full1i	1050170	0	1	2500	2	0	2450
08-0303	91	Picture	full0n	1062337	0	1	4333	2	0	4290
08-0303	92	Picture	full0i	1075170	0	1	4000	2	0	3950
08-0303	93	Picture	full0n	1087337	0	1	4166	2	0	4120
08-0303	94	Picture	full1n	1099503	0	1	4167	2	0	4120
08-0303	95	Picture	full0i	1112670	0	1	4333	2	0	4290
08-0303	96	Picture	blue1i	1124170	0	1	4000	2	0	3950
08-0303	97	Picture	full0n	1135170	0	1	2834	2	0	2790
08-0303	98	Picture	full1n	1146504	0	1	4166	2	0	4120
08-0303	99	Picture	full0i	1159170	0	1	3167	2	0	3120
08-0303	100	Picture	full0n	1171837	0	1	3667	2	0	3620
08-0303	101	Picture	full1i	1184670	0	1	3834	2	0	3790
08-0303	102	Picture	full0i	1198170	0	1	3500	2	0	3450
08-0303	103	Picture	full0n	1210504	0	1	2500	2	0	2450
08-0303	104	Picture	full0i	1222004	0	1	2833	2	0	2790
08-0303	105	Picture	full0n	1233337	0	1	3500	2	0	3450
08-0303	106	Picture	full0i	1245671	0	1	3000	2	0	2950
08-0303	107	Picture	full1n	1257837	0	1	5000	2	0	4950
08-0303	108	Picture	full0n	1270004	0	1	4333	2	0	4290
08-0303	109	Picture	full0i	1282337	0	1	4834	2	0	4790
08-0303	110	Picture	full0n	1295837	0	1	3500	2	0	3450
08-0303	111	Picture	blue0i	1307671	0	1	3833	2	0	3790
08-0303	111	Response	10	1312598	4927	2
08-0303	112	Picture	full0n	1319837	0	2	3334	3	0	3290
08-0303	113	Picture	full0i	1333004	0	1	3000	2	0	2950
08-0303	114	Picture	full1i	1344004	0	1	2667	2	0	2620
08-0303	115	Picture	full1n	1357171	0	1	3333	2	0	3290
08-0303	116	Picture	full0n	1370338	0	1	4833	2	0	4790
08-0303	117	Picture	full1i	1383838	0	1	4333	2	0	4290
08-0303	118	Picture	full1n	1396004	0	2	3834	3	0	3790
08-0303	119	Picture	full1i	1407838	0	1	4000	2	0	3950
08-0303	120	Picture	full1n	1418671	0	1	3167	2	0	3120
08-0303	121	Picture	blue0i	1430838	0	1	4333	2	0	4290
08-0303	121	Response	10	1436197	5359	1
08-0303	122	Picture	full0n	1442671	0	1	3000	2	0	2950
08-0303	123	Picture	full0i	1455005	0	1	4333	2	0	4290
08-0303	124	Picture	full1i	1468171	0	1	2667	2	0	2620
08-0303	125	Picture	full0n	1479005	0	1	4166	2	0	4120
08-0303	126	Picture	full0i	1491171	0	2	4834	3	0	4790
08-0303	127	Picture	full0n	1503838	0	1	2667	2	0	2620
08-0303	128	Picture	full0i	1516672	0	1	3166	2	0	3120
08-0303	129	Picture	full0n	1529505	0	1	4833	2	0	4790
08-0303	130	Picture	full0i	1541672	0	1	3666	2	0	3620
08-0303	131	Picture	blue1n	1554005	0	1	4500	2	0	4450
08-0303	131	Response	10	1561995	7990	1
08-0303	132	Picture	full0n	1566672	0	1	4166	2	0	4120
08-0303	133	Picture	full0i	1579338	0	2	4667	3	0	4620
08-0303	134	Picture	full1i	1592505	0	1	4333	3	0	4290
08-0303	135	Picture	full1n	1604005	0	1	3667	2	0	3620
08-0303	136	Picture	82	1615005	0	1	100167	2	0	next
08-0303	136	Picture	82	1715172	100167	1	10000	2	100000	next
08-0303	136	Picture	82	1725172	110167	1	10000	2	110000	next
08-0303	136	Picture	82	1735172	120167	1	10000	2	120000	next
08-0303	136	Picture	82	1745172	130167	1	10000	2	130000	next
08-0303	136	Picture	82	1755172	140167	1	10000	2	140000	next
08-0303	136	Picture	82	1765172	150167	1	10000	3	150000	next
08-0303	136	Picture	82	1775172	160167	2	10000	4	160000	next
08-0303	136	Picture	82	1785172	170167	2	10001	3	170000	next
08-0303	136	Picture	82	1795173	180168	1	10000	2	180000	next
08-0303	136	Picture	82	1805173	190168	1	10000	2	190000	10000
08-0303	137	Picture	full0n	1815173	0	1	4666	2	0	4620
08-0303	138	Picture	full1n	1826506	0	1	2667	2	0	2620
08-0303	139	Picture	full1i	1838673	0	1	4333	2	0	4290
08-0303	140	Picture	full1n	1850506	0	1	2667	2	0	2620
08-0303	141	Picture	full0i	1861339	0	2	4000	3	0	3950
08-0303	142	Picture	full0n	1874173	0	1	2500	2	0	2450
08-0303	143	Picture	full1i	1885673	0	1	4833	2	0	4790
08-0303	144	Picture	full0i	1898006	0	1	2500	2	0	2450
08-0303	145	Picture	blue0n	1910173	0	1	2833	2	0	2790
08-0303	145	Response	10	1917680	7507	1
08-0303	146	Picture	full0i	1922006	0	1	4667	2	0	4620
08-0303	147	Picture	full1n	1934840	0	1	4833	2	0	4790
08-0303	148	Picture	full0n	1946173	0	1	4167	2	0	4120
08-0303	149	Picture	full0i	1958840	0	1	4666	3	0	4620
08-0303	150	Picture	blue1i	1971173	0	1	4000	2	0	3950
08-0303	150	Response	10	1978179	7006	1
08-0303	151	Picture	full1n	1983007	0	1	3000	2	0	2950
08-0303	152	Picture	full1i	1993840	0	1	4333	2	0	4290
08-0303	153	Picture	full1n	2005340	0	1	4167	2	0	4120
08-0303	154	Picture	full0n	2017507	0	1	3166	2	0	3120
08-0303	155	Picture	full1i	2030173	0	1	3834	2	0	3790
08-0303	156	Picture	full1n	2043340	0	1	4167	2	0	4120
08-0303	157	Picture	full0i	2055507	0	1	2500	2	0	2450
08-0303	158	Picture	blue0n	2067674	0	1	4166	2	0	4120
08-0303	158	Response	10	2071977	4303	1
08-0303	159	Picture	full1i	2078674	0	1	3000	2	0	2950
08-0303	160	Picture	full1n	2091340	0	1	2834	2	0	2790
08-0303	161	Picture	full1i	2102174	0	1	3166	2	0	3120
08-0303	162	Picture	full0i	2115340	0	1	4834	2	0	4790
08-0303	163	Picture	full0n	2127507	0	1	4167	2	0	4120
08-0303	164	Picture	full1n	2138507	0	1	5000	2	0	4950
08-0303	165	Picture	full0i	2152007	0	1	4500	2	0	4450
08-0303	166	Picture	full1i	2163341	0	1	4500	2	0	4450
08-0303	167	Picture	full0n	2176507	0	1	4167	2	0	4120
08-0303	168	Picture	full0i	2188007	0	1	4500	2	0	4450
08-0303	169	Picture	blue0n	2200174	0	1	2500	2	0	2450
08-0303	169	Response	10	2204375	4201	1
08-0303	170	Picture	full1n	2211674	0	1	4000	2	0	3950
08-0303	171	Picture	full1i	2223174	0	1	4833	2	0	4790
08-0303	172	Picture	full0i	2236674	0	1	2833	2	0	2790
08-0303	173	Picture	full0n	2249341	0	1	4333	2	0	4290
08-0303	174	Picture	full0i	2260674	0	1	3334	2	0	3290
08-0303	175	Picture	full0n	2272508	0	1	5000	2	0	4950
08-0303	176	Picture	full1n	2284674	0	1	3167	2	0	3120
08-0303	177	Picture	full1i	2295674	0	1	4000	2	0	3950
08-0303	178	Picture	full1n	2306674	0	1	4000	2	0	3950
08-0303	179	Picture	full0i	2317674	0	1	4834	2	0	4790
08-0303	180	Picture	full1i	2328508	0	1	3000	2	0	2950
08-0303	181	Picture	full0n	2340841	0	1	3167	2	0	3120
08-0303	182	Picture	full0i	2353508	0	1	3333	2	0	3290
08-0303	183	Picture	blue1n	2365675	0	1	2833	2	0	2790
08-0303	183	Response	10	2373573	7898	1
08-0303	184	Picture	full0n	2378008	0	1	4167	2	0	4120
08-0303	185	Picture	full0i	2389841	0	1	3667	2	0	3620
08-0303	186	Picture	full1i	2402008	0	1	3833	2	0	3790
08-0303	187	Picture	full0n	2415508	0	1	3000	2	0	2950
08-0303	188	Picture	full0i	2427341	0	2	4834	3	0	4790
08-0303	189	Picture	full0n	2440842	0	1	4500	2	0	4450
08-0303	190	Picture	full0i	2452342	0	1	4500	2	0	4450
08-0303	191	Picture	full0n	2463675	0	1	3167	2	0	3120
08-0303	192	Picture	full1n	2476842	0	1	4500	2	0	4450
08-0303	193	Picture	blue0i	2489175	0	1	3167	2	0	3120
08-0303	193	Response	10	2496571	7396	1
08-0303	194	Picture	full0n	2501842	0	1	3500	2	0	3450
08-0303	195	Picture	full0i	2514175	0	1	4333	2	0	4290
08-0303	196	Picture	full0n	2525008	0	2	3000	4	0	2950
08-0303	197	Picture	full0i	2537842	0	1	3500	2	0	3450
08-0303	198	Picture	full0n	2550009	0	1	3333	2	0	3290
08-0303	199	Picture	full1i	2562175	0	1	3167	2	0	3120
08-0303	200	Picture	blue0i	2574342	0	1	4667	2	0	4620
08-0303	200	Response	10	2578569	4227	2
08-0303	201	Picture	full1n	2586509	0	1	2666	2	0	2620
08-0303	202	Picture	full0n	2597342	0	1	3667	2	0	3620
08-0303	203	Picture	full0i	2609675	0	2	4834	3	0	4790
08-0303	204	Picture	full0n	2622842	0	1	3334	2	0	3290
08-0303	205	Picture	full0i	2636009	0	1	3833	2	0	3790
08-0303	206	Picture	full1i	2648176	0	1	3833	2	0	3790
08-0303	207	Picture	full0n	2660009	0	1	4500	2	0	4450
08-0303	208	Picture	full1n	2671009	0	1	4833	2	0	4790
08-0303	209	Picture	full0i	2682842	0	1	2667	2	0	2620
08-0303	210	Picture	full1i	2694342	0	2	4500	3	0	4450
08-0303	211	Picture	full0n	2707842	0	2	4334	3	0	4290
08-0303	212	Picture	full1n	2719342	0	2	3834	3	0	3790
08-0303	213	Picture	full1i	2731676	0	1	2833	2	0	2790
08-0303	214	Picture	blue1n	2743009	0	1	4167	2	0	4120
08-0303	214	Response	10	2750066	7057	2
08-0303	215	Picture	full1i	2754009	0	1	2500	2	0	2450
08-0303	216	Picture	full0i	2766676	0	1	4833	2	0	4790
08-0303	217	Picture	full0n	2779509	0	1	2834	2	0	2790
08-0303	218	Picture	full0i	2792176	0	1	4000	2	0	3950
08-0303	219	Picture	blue1n	2803176	0	1	3833	3	0	3790
08-0303	219	Response	10	2811266	8090	1
08-0303	220	Picture	full0n	2814176	0	1	4667	2	0	4620
08-0303	221	Picture	full0i	2827676	0	1	4000	2	0	3950
08-0303	222	Picture	full0n	2839010	0	1	3166	2	0	3120
08-0303	223	Picture	full1i	2852510	0	1	3833	2	0	3790
08-0303	224	Picture	full0i	2865176	0	1	2500	2	0	2450
08-0303	225	Picture	full1n	2876510	0	1	4333	2	0	4290
08-0303	226	Picture	full1i	2889176	0	2	4000	4	0	3950
08-0303	227	Picture	full1n	2900676	0	2	4167	3	0	4120
08-0303	228	Picture	full0n	2911677	0	1	4166	2	0	4120
08-0303	229	Picture	full1i	2924510	0	1	4333	2	0	4290
08-0303	230	Picture	full0i	2936677	0	1	4000	2	0	3950
08-0303	231	Picture	full1n	2948010	0	1	2833	2	0	2790
08-0303	232	Picture	blue0n	2958843	0	1	4167	2	0	4120
08-0303	232	Response	10	2964864	6021	1
08-0303	233	Picture	full1i	2971010	0	1	3167	2	0	3120
08-0303	234	Picture	full1n	2982343	0	2	3667	3	0	3620
08-0303	235	Picture	full0i	2995177	0	1	3833	2	0	3790
08-0303	236	Picture	full1i	3006677	0	1	3500	2	0	3450
08-0303	237	Picture	full1n	3019010	0	1	2500	2	0	2450
08-0303	238	Picture	full1i	3032510	0	1	2834	2	0	2790
08-0303	239	Picture	full1n	3045344	0	1	3500	2	0	3450
08-0303	240	Picture	full1i	3057177	0	1	3000	2	0	2950
08-0303	241	Picture	full0n	3070344	0	1	5000	2	0	4950
08-0303	242	Picture	full1n	3081177	0	1	4333	3	0	4290
08-0303	243	Picture	full1i	3094344	0	1	4833	2	0	4790
08-0303	244	Picture	full1n	3106677	0	1	3500	2	0	3450
08-0303	245	Picture	full1i	3119844	0	1	3833	2	0	3790
08-0303	246	Picture	full1n	3133011	0	1	3333	2	0	3290
08-0303	247	Picture	full1i	3145177	0	1	3000	2	0	2950
08-0303	248	Picture	full0i	3158011	0	1	2666	2	0	2620
08-0303	249	Picture	full0n	3169011	0	1	3333	2	0	3290
08-0303	250	Picture	blue1n	3181677	0	2	4834	3	0	4790
08-0303	250	Response	10	3189350	7673	1
08-0303	251	Picture	full0i	3193011	0	1	4333	2	0	4290
08-0303	252	Picture	full0n	3205178	0	1	3833	2	0	3790
08-0303	253	Picture	full0i	3216678	0	1	4000	2	0	3950
08-0303	254	Picture	full0n	3228511	0	1	3167	2	0	3120
08-0303	255	Picture	full1i	3242011	0	1	4333	2	0	4290
08-0303	256	Picture	full1n	3254178	0	1	3000	2	0	2950
08-0303	257	Picture	full1i	3265011	0	1	4333	3	0	4290
08-0303	258	Picture	blue0i	3278511	0	1	2667	2	0	2620
08-0303	258	Response	10	3283148	4637	2
08-0303	259	Picture	full1n	3292011	0	1	4167	2	0	4120
08-0303	260	Picture	full1i	3302845	0	1	4833	2	0	4790
08-0303	261	Picture	full1n	3314345	0	1	2666	2	0	2620
08-0303	262	Picture	full1i	3326678	0	1	3167	2	0	3120
08-0303	263	Picture	full1n	3339511	0	2	4834	3	0	4790
08-0303	264	Picture	full1i	3350845	0	1	3666	2	0	3620
08-0303	265	Picture	full0n	3363678	0	1	4500	2	0	4450
08-0303	266	Picture	full1n	3376512	0	1	4166	2	0	4120
08-0303	267	Picture	blue1i	3388345	0	1	4667	2	0	4620
08-0303	267	Response	10	3395347	7002	1
08-0303	268	Picture	full0i	3400512	0	1	4333	2	0	4290
08-0303	269	Picture	full0n	3413678	0	1	3667	2	0	3620
08-0303	270	Picture	default	3425845	0	1	2667	2	0	2500
08-0303	271	Picture	default	3446012	0	1	6859	2	0	2500


Event Type	Code	Type	Response	RT	RT Uncertainty	Time	Uncertainty	Duration	Uncertainty	ReqTime	ReqDur

Picture	full1n	other				4499	2	4667	3	0	4620
Picture	full0n	other				15969	198	2697	199	0	2620
Picture	full0i	other				27833	1	4333	2	0	4290
Picture	blue0n	false alarm	2	7395	202	40633	201	2700	202	0	2620
Picture	full1i	other				52633	201	4033	202	0	3950
Picture	full1n	other				63666	1	2500	2	0	2450
Picture	full0i	other				75000	1	4833	2	0	4790
Picture	full1i	other				85833	1	2500	2	0	2450
Picture	full0n	other				98000	1	2833	2	0	2790
Picture	full1n	other				111500	1	4667	2	0	4620
Picture	full1i	other				123667	1	4833	2	0	4790
Picture	full1n	other				134500	1	4167	2	0	4120
Picture	full1i	other				147333	1	4667	2	0	4620
Picture	full0i	other				160500	1	4000	2	0	3950
Picture	blue0n	false alarm	2	7358	3	173167	1	3000	2	0	2950
Picture	full0i	other				185333	2	4334	3	0	4290
Picture	full0n	other				196167	1	4166	3	0	4120
Picture	full1n	other				208834	1	3166	2	0	3120
Picture	full0i	other				219834	1	3833	2	0	3790
Picture	full0n	other				232667	1	4167	2	0	4120
Picture	full1i	other				244167	1	2500	2	0	2450
Picture	full1n	other				256000	1	4167	2	0	4120
Picture	full0i	other				266834	1	3000	2	0	2950
Picture	full0n	other				279500	2	2834	3	0	2790
Picture	full0i	other				291334	1	3166	3	0	3120
Picture	full1i	other				302834	1	4833	2	0	4790
Picture	blue1n	other				314167	1	4167	2	0	4120
Picture	full0n	other				325667	1	5000	2	0	4950
Picture	full1i	other				337834	1	4500	2	0	4450
Picture	full1n	other				349167	1	4500	2	0	4450
Picture	full1i	other				360501	1	4166	2	0	4120
Picture	full1n	other				374001	1	4500	2	0	4450
Picture	full0i	other				386834	1	2500	2	0	2450
Picture	full0n	other				398168	1	4000	2	0	3950
Picture	full0i	other				410834	1	4834	2	0	4790
Picture	full1i	other				422334	1	2834	2	0	2790
Picture	full1n	other				435501	1	4333	2	0	4290
Picture	full1i	other				447668	1	3333	2	0	3290
Picture	full1n	other				460001	1	5000	2	0	4950
Picture	full0n	other				472334	2	3167	3	0	3120
Picture	full0i	other				483835	1	4000	2	0	3950
Picture	full0n	other				497335	1	4000	2	0	3950
Picture	blue1i	other				510835	1	4833	2	0	4790
Picture	full0i	other				522668	1	3000	2	0	2950
Picture	full1n	other				535501	1	3167	2	0	3120
Picture	full1i	other				548668	1	3333	2	0	3290
Picture	full0n	other				561335	1	2833	2	0	2790
Picture	blue1n	other				572668	1	4167	2	0	4120
Picture	full1i	other				583668	1	3667	2	0	3620
Picture	blue0i	false alarm	2	6507	3	594502	1	3833	2	0	3790
Picture	full1n	other				605502	1	3000	2	0	2950
Picture	full1i	other				617335	1	4833	2	0	4790
Picture	full1n	other				629502	1	4500	2	0	4450
Picture	full1i	other				641335	1	4500	2	0	4450
Picture	blue1n	false alarm	2	4740	4	653668	2	3167	3	0	3120
Picture	full0n	other				665002	1	4500	2	0	4450
Picture	full1i	other				676502	1	3167	2	0	3120
Picture	full1n	other				687835	1	3500	2	0	3450
Picture	full1i	other				698669	1	4333	2	0	4290
Picture	full1n	other				709669	1	3000	2	0	2950
Picture	full1i	other				721002	1	3500	2	0	3450
Picture	blue1n	false alarm	2	6372	2	732835	1	3334	2	0	3290
Picture	full0i	other				745169	1	3166	3	0	3120
Picture	full1i	other				758335	2	4667	3	0	4620
Picture	full0n	other				770502	1	2667	2	0	2620
Picture	full1n	other				783336	1	3666	2	0	3620
Picture	full1i	other				794836	1	4833	2	0	4790
Picture	full1n	other				805669	1	3333	2	0	3290
Picture	full1i	other				817836	1	3833	2	0	3790
Picture	full0i	other				828836	1	3833	2	0	3790
Picture	full1n	other				842336	1	4500	2	0	4450
Picture	full0n	other				854669	1	4834	2	0	4790
Picture	full1i	other				865503	1	2666	2	0	2620
Picture	full0i	other				877003	1	4500	2	0	4450
Picture	full1n	other				889169	1	4334	2	0	4290
Picture	full0n	other				901336	1	3833	2	0	3790
Picture	blue0i	false alarm	2	5236	2	913669	1	2834	2	0	2790
Picture	full0n	other				927169	2	4167	3	0	4120
Picture	full0i	other				939336	1	2500	2	0	2450
Picture	full1i	other				952170	1	4833	2	0	4790
Picture	full1n	other				963170	1	2833	2	0	2790
Picture	full1i	other				975836	1	4000	2	0	3950
Picture	full0n	other				989336	1	3834	2	0	3790
Picture	full1n	other				1000670	1	4666	2	0	4620
Picture	full1i	other				1012503	1	4000	2	0	3950
Picture	full1n	other				1023503	1	3167	2	0	3120
Picture	full0i	other				1037003	1	3834	2	0	3790
Picture	full1i	other				1050170	1	2500	2	0	2450
Picture	full0n	other				1062337	1	4333	2	0	4290
Picture	full0i	other				1075170	1	4000	2	0	3950
Picture	full0n	other				1087337	1	4166	2	0	4120
Picture	full1n	other				1099503	1	4167	2	0	4120
Picture	full0i	other				1112670	1	4333	2	0	4290
Picture	blue1i	other				1124170	1	4000	2	0	3950
Picture	full0n	other				1135170	1	2834	2	0	2790
Picture	full1n	other				1146504	1	4166	2	0	4120
Picture	full0i	other				1159170	1	3167	2	0	3120
Picture	full0n	other				1171837	1	3667	2	0	3620
Picture	full1i	other				1184670	1	3834	2	0	3790
Picture	full0i	other				1198170	1	3500	2	0	3450
Picture	full0n	other				1210504	1	2500	2	0	2450
Picture	full0i	other				1222004	1	2833	2	0	2790
Picture	full0n	other				1233337	1	3500	2	0	3450
Picture	full0i	other				1245671	1	3000	2	0	2950
Picture	full1n	other				1257837	1	5000	2	0	4950
Picture	full0n	other				1270004	1	4333	2	0	4290
Picture	full0i	other				1282337	1	4834	2	0	4790
Picture	full0n	other				1295837	1	3500	2	0	3450
Picture	blue0i	false alarm	2	4927	3	1307671	1	3833	2	0	3790
Picture	full0n	other				1319837	2	3334	3	0	3290
Picture	full0i	other				1333004	1	3000	2	0	2950
Picture	full1i	other				1344004	1	2667	2	0	2620
Picture	full1n	other				1357171	1	3333	2	0	3290
Picture	full0n	other				1370338	1	4833	2	0	4790
Picture	full1i	other				1383838	1	4333	2	0	4290
Picture	full1n	other				1396004	2	3834	3	0	3790
Picture	full1i	other				1407838	1	4000	2	0	3950
Picture	full1n	other				1418671	1	3167	2	0	3120
Picture	blue0i	false alarm	2	5359	2	1430838	1	4333	2	0	4290
Picture	full0n	other				1442671	1	3000	2	0	2950
Picture	full0i	other				1455005	1	4333	2	0	4290
Picture	full1i	other				1468171	1	2667	2	0	2620
Picture	full0n	other				1479005	1	4166	2	0	4120
Picture	full0i	other				1491171	2	4834	3	0	4790
Picture	full0n	other				1503838	1	2667	2	0	2620
Picture	full0i	other				1516672	1	3166	2	0	3120
Picture	full0n	other				1529505	1	4833	2	0	4790
Picture	full0i	other				1541672	1	3666	2	0	3620
Picture	blue1n	false alarm	2	7990	2	1554005	1	4500	2	0	4450
Picture	full0n	other				1566672	1	4166	2	0	4120
Picture	full0i	other				1579338	2	4667	3	0	4620
Picture	full1i	other				1592505	1	4333	3	0	4290
Picture	full1n	other				1604005	1	3667	2	0	3620
Picture	82	other				1615005	1	100167	2	0	next
Picture	82	other				1715172	1	10000	2	100000	next
Picture	82	other				1725172	1	10000	2	110000	next
Picture	82	other				1735172	1	10000	2	120000	next
Picture	82	other				1745172	1	10000	2	130000	next
Picture	82	other				1755172	1	10000	2	140000	next
Picture	82	other				1765172	1	10000	3	150000	next
Picture	82	other				1775172	2	10000	4	160000	next
Picture	82	other				1785172	2	10001	3	170000	next
Picture	82	other				1795173	1	10000	2	180000	next
Picture	82	other				1805173	1	10000	2	190000	10000
Picture	full0n	other				1815173	1	4666	2	0	4620
Picture	full1n	other				1826506	1	2667	2	0	2620
Picture	full1i	other				1838673	1	4333	2	0	4290
Picture	full1n	other				1850506	1	2667	2	0	2620
Picture	full0i	other				1861339	2	4000	3	0	3950
Picture	full0n	other				1874173	1	2500	2	0	2450
Picture	full1i	other				1885673	1	4833	2	0	4790
Picture	full0i	other				1898006	1	2500	2	0	2450
Picture	blue0n	false alarm	2	7507	2	1910173	1	2833	2	0	2790
Picture	full0i	other				1922006	1	4667	2	0	4620
Picture	full1n	other				1934840	1	4833	2	0	4790
Picture	full0n	other				1946173	1	4167	2	0	4120
Picture	full0i	other				1958840	1	4666	3	0	4620
Picture	blue1i	false alarm	2	7006	2	1971173	1	4000	2	0	3950
Picture	full1n	other				1983007	1	3000	2	0	2950
Picture	full1i	other				1993840	1	4333	2	0	4290
Picture	full1n	other				2005340	1	4167	2	0	4120
Picture	full0n	other				2017507	1	3166	2	0	3120
Picture	full1i	other				2030173	1	3834	2	0	3790
Picture	full1n	other				2043340	1	4167	2	0	4120
Picture	full0i	other				2055507	1	2500	2	0	2450
Picture	blue0n	false alarm	2	4303	2	2067674	1	4166	2	0	4120
Picture	full1i	other				2078674	1	3000	2	0	2950
Picture	full1n	other				2091340	1	2834	2	0	2790
Picture	full1i	other				2102174	1	3166	2	0	3120
Picture	full0i	other				2115340	1	4834	2	0	4790
Picture	full0n	other				2127507	1	4167	2	0	4120
Picture	full1n	other				2138507	1	5000	2	0	4950
Picture	full0i	other				2152007	1	4500	2	0	4450
Picture	full1i	other				2163341	1	4500	2	0	4450
Picture	full0n	other				2176507	1	4167	2	0	4120
Picture	full0i	other				2188007	1	4500	2	0	4450
Picture	blue0n	false alarm	2	4201	2	2200174	1	2500	2	0	2450
Picture	full1n	other				2211674	1	4000	2	0	3950
Picture	full1i	other				2223174	1	4833	2	0	4790
Picture	full0i	other				2236674	1	2833	2	0	2790
Picture	full0n	other				2249341	1	4333	2	0	4290
Picture	full0i	other				2260674	1	3334	2	0	3290
Picture	full0n	other				2272508	1	5000	2	0	4950
Picture	full1n	other				2284674	1	3167	2	0	3120
Picture	full1i	other				2295674	1	4000	2	0	3950
Picture	full1n	other				2306674	1	4000	2	0	3950
Picture	full0i	other				2317674	1	4834	2	0	4790
Picture	full1i	other				2328508	1	3000	2	0	2950
Picture	full0n	other				2340841	1	3167	2	0	3120
Picture	full0i	other				2353508	1	3333	2	0	3290
Picture	blue1n	false alarm	2	7898	2	2365675	1	2833	2	0	2790
Picture	full0n	other				2378008	1	4167	2	0	4120
Picture	full0i	other				2389841	1	3667	2	0	3620
Picture	full1i	other				2402008	1	3833	2	0	3790
Picture	full0n	other				2415508	1	3000	2	0	2950
Picture	full0i	other				2427341	2	4834	3	0	4790
Picture	full0n	other				2440842	1	4500	2	0	4450
Picture	full0i	other				2452342	1	4500	2	0	4450
Picture	full0n	other				2463675	1	3167	2	0	3120
Picture	full1n	other				2476842	1	4500	2	0	4450
Picture	blue0i	false alarm	2	7396	2	2489175	1	3167	2	0	3120
Picture	full0n	other				2501842	1	3500	2	0	3450
Picture	full0i	other				2514175	1	4333	2	0	4290
Picture	full0n	other				2525008	2	3000	4	0	2950
Picture	full0i	other				2537842	1	3500	2	0	3450
Picture	full0n	other				2550009	1	3333	2	0	3290
Picture	full1i	other				2562175	1	3167	2	0	3120
Picture	blue0i	false alarm	2	4227	3	2574342	1	4667	2	0	4620
Picture	full1n	other				2586509	1	2666	2	0	2620
Picture	full0n	other				2597342	1	3667	2	0	3620
Picture	full0i	other				2609675	2	4834	3	0	4790
Picture	full0n	other				2622842	1	3334	2	0	3290
Picture	full0i	other				2636009	1	3833	2	0	3790
Picture	full1i	other				2648176	1	3833	2	0	3790
Picture	full0n	other				2660009	1	4500	2	0	4450
Picture	full1n	other				2671009	1	4833	2	0	4790
Picture	full0i	other				2682842	1	2667	2	0	2620
Picture	full1i	other				2694342	2	4500	3	0	4450
Picture	full0n	other				2707842	2	4334	3	0	4290
Picture	full1n	other				2719342	2	3834	3	0	3790
Picture	full1i	other				2731676	1	2833	2	0	2790
Picture	blue1n	false alarm	2	7057	3	2743009	1	4167	2	0	4120
Picture	full1i	other				2754009	1	2500	2	0	2450
Picture	full0i	other				2766676	1	4833	2	0	4790
Picture	full0n	other				2779509	1	2834	2	0	2790
Picture	full0i	other				2792176	1	4000	2	0	3950
Picture	blue1n	false alarm	2	8090	2	2803176	1	3833	3	0	3790
Picture	full0n	other				2814176	1	4667	2	0	4620
Picture	full0i	other				2827676	1	4000	2	0	3950
Picture	full0n	other				2839010	1	3166	2	0	3120
Picture	full1i	other				2852510	1	3833	2	0	3790
Picture	full0i	other				2865176	1	2500	2	0	2450
Picture	full1n	other				2876510	1	4333	2	0	4290
Picture	full1i	other				2889176	2	4000	4	0	3950
Picture	full1n	other				2900676	2	4167	3	0	4120
Picture	full0n	other				2911677	1	4166	2	0	4120
Picture	full1i	other				2924510	1	4333	2	0	4290
Picture	full0i	other				2936677	1	4000	2	0	3950
Picture	full1n	other				2948010	1	2833	2	0	2790
Picture	blue0n	false alarm	2	6021	2	2958843	1	4167	2	0	4120
Picture	full1i	other				2971010	1	3167	2	0	3120
Picture	full1n	other				2982343	2	3667	3	0	3620
Picture	full0i	other				2995177	1	3833	2	0	3790
Picture	full1i	other				3006677	1	3500	2	0	3450
Picture	full1n	other				3019010	1	2500	2	0	2450
Picture	full1i	other				3032510	1	2834	2	0	2790
Picture	full1n	other				3045344	1	3500	2	0	3450
Picture	full1i	other				3057177	1	3000	2	0	2950
Picture	full0n	other				3070344	1	5000	2	0	4950
Picture	full1n	other				3081177	1	4333	3	0	4290
Picture	full1i	other				3094344	1	4833	2	0	4790
Picture	full1n	other				3106677	1	3500	2	0	3450
Picture	full1i	other				3119844	1	3833	2	0	3790
Picture	full1n	other				3133011	1	3333	2	0	3290
Picture	full1i	other				3145177	1	3000	2	0	2950
Picture	full0i	other				3158011	1	2666	2	0	2620
Picture	full0n	other				3169011	1	3333	2	0	3290
Picture	blue1n	false alarm	2	7673	3	3181677	2	4834	3	0	4790
Picture	full0i	other				3193011	1	4333	2	0	4290
Picture	full0n	other				3205178	1	3833	2	0	3790
Picture	full0i	other				3216678	1	4000	2	0	3950
Picture	full0n	other				3228511	1	3167	2	0	3120
Picture	full1i	other				3242011	1	4333	2	0	4290
Picture	full1n	other				3254178	1	3000	2	0	2950
Picture	full1i	other				3265011	1	4333	3	0	4290
Picture	blue0i	false alarm	2	4637	3	3278511	1	2667	2	0	2620
Picture	full1n	other				3292011	1	4167	2	0	4120
Picture	full1i	other				3302845	1	4833	2	0	4790
Picture	full1n	other				3314345	1	2666	2	0	2620
Picture	full1i	other				3326678	1	3167	2	0	3120
Picture	full1n	other				3339511	2	4834	3	0	4790
Picture	full1i	other				3350845	1	3666	2	0	3620
Picture	full0n	other				3363678	1	4500	2	0	4450
Picture	full1n	other				3376512	1	4166	2	0	4120
Picture	blue1i	false alarm	2	7002	2	3388345	1	4667	2	0	4620
Picture	full0i	other				3400512	1	4333	2	0	4290
Picture	full0n	other				3413678	1	3667	2	0	3620
Picture	default	other				3425845	1	2667	2	0	2500
Picture	default	other				3446012	1	6859	2	0	2500
