Scenario - visual LTP Rap V4.0 HVC (based on combined block 1+2 from old 45 135 degree pilot)
Logfile written - 03/23/2015 11:51:27

Subject	Trial	Event Type	Code	Time	TTime	Uncertainty	Duration	Uncertainty	ReqTime	ReqDur

08-0303	1	Response	128	12967	22800	1
08-0303	3	Picture	full1n	23166	0	1	3167	2	0	3120
08-0303	4	Picture	full1i	34096	0	238	2904	239	0	2790
08-0303	5	Picture	full1n	47333	0	1	4500	2	0	4450
08-0303	6	Picture	full0n	60500	0	1	3500	2	0	3450
08-0303	7	Picture	full1i	71333	0	1	4833	2	0	4790
08-0303	8	Picture	full1n	83500	0	1	4333	2	0	4290
08-0303	9	Picture	full0i	95666	0	2	3500	4	0	3450
08-0303	10	Picture	full0n	108000	0	1	4167	2	0	4120
08-0303	11	Picture	blue0i	119470	0	198	3030	199	0	2950
08-0303	11	Response	10	124875	5405	1
08-0303	12	Picture	full1i	131500	0	1	3833	2	0	3790
08-0303	13	Picture	full0n	144333	0	1	5000	2	0	4950
08-0303	14	Picture	full0i	157000	0	1	4167	2	0	4120
08-0303	15	Picture	full1n	170500	0	1	4167	2	0	4120
08-0303	16	Picture	full1i	183167	0	1	3666	2	0	3620
08-0303	17	Picture	full1n	194500	0	1	4500	2	0	4450
08-0303	18	Picture	blue1i	206667	0	1	3333	2	0	3290
08-0303	18	Response	10	211473	4806	1
08-0303	19	Picture	full1n	218834	0	1	4333	2	0	4290
08-0303	20	Picture	full0n	231000	0	1	4667	2	0	4620
08-0303	21	Picture	full1i	242834	0	1	2500	2	0	2450
08-0303	22	Picture	full0i	255167	0	1	3000	2	0	2950
08-0303	23	Picture	full0n	268667	0	1	5000	2	0	4950
08-0303	24	Picture	full0i	282167	0	1	4500	2	0	4450
08-0303	25	Picture	full0n	295001	0	1	3000	2	0	2950
08-0303	26	Picture	full1n	307667	0	1	3334	2	0	3290
08-0303	27	Picture	blue1i	319501	0	1	3166	2	0	3120
08-0303	28	Picture	full0i	332167	0	1	3834	2	0	3790
08-0303	29	Picture	full0n	344501	0	1	5000	2	0	4950
08-0303	30	Picture	full0i	356334	0	1	2500	2	0	2450
08-0303	31	Picture	full1n	367667	0	2	4334	3	0	4290
08-0303	32	Picture	full1i	379834	0	1	2833	3	0	2790
08-0303	33	Picture	full0n	391334	0	1	2834	2	0	2790
08-0303	34	Picture	full1n	402168	0	1	4166	2	0	4120
08-0303	35	Picture	full1i	414334	0	1	3667	2	0	3620
08-0303	36	Picture	full1n	427168	0	1	3666	2	0	3620
08-0303	37	Picture	full0i	439334	0	1	5000	2	0	4950
08-0303	38	Picture	blue1i	450668	0	1	2833	2	0	2790
08-0303	39	Picture	full1n	461668	0	1	3000	2	0	2950
08-0303	40	Picture	full0n	474334	0	2	2834	3	0	2790
08-0303	41	Picture	full0i	485335	0	1	4000	2	0	3950
08-0303	42	Picture	full0n	497501	0	1	3667	2	0	3620
08-0303	43	Picture	full0i	510335	0	1	2833	2	0	2790
08-0303	44	Picture	full0n	523501	0	1	4334	2	0	4290
08-0303	45	Picture	full1i	536668	0	1	3667	2	0	3620
08-0303	46	Picture	full0i	549335	0	1	3666	2	0	3620
08-0303	47	Picture	full1n	560168	0	1	4500	2	0	4450
08-0303	48	Picture	full0n	572335	0	1	3167	2	0	3120
08-0303	49	Picture	full1i	583835	0	1	3000	2	0	2950
08-0303	50	Picture	blue0i	595668	0	1	3167	2	0	3120
08-0303	50	Response	10	600367	4699	1
08-0303	51	Picture	full0n	607168	0	1	3834	2	0	3790
08-0303	52	Picture	full0i	619502	0	1	3000	2	0	2950
08-0303	53	Picture	full0n	631002	0	1	4833	2	0	4790
08-0303	54	Picture	full1n	644168	0	2	2500	3	0	2450
08-0303	55	Picture	full1i	655002	0	1	3000	2	0	2950
08-0303	56	Picture	full0i	668502	0	1	3000	2	0	2950
08-0303	57	Picture	full0n	679835	0	1	3667	2	0	3620
08-0303	58	Picture	full1n	693002	0	1	3333	2	0	3290
08-0303	59	Picture	full1i	705169	0	1	4500	2	0	4450
08-0303	60	Picture	blue1n	717002	0	1	4167	2	0	4120
08-0303	60	Response	10	721966	4964	1
08-0303	61	Picture	full0i	729335	0	1	2667	2	0	2620
08-0303	62	Picture	full0n	742002	0	1	4667	2	0	4620
08-0303	63	Picture	full0i	754169	0	1	2666	3	0	2620
08-0303	64	Picture	full1i	767002	0	1	4667	2	0	4620
08-0303	65	Picture	full0n	778502	0	1	2834	2	0	2790
08-0303	66	Picture	full1n	790669	0	1	4000	2	0	3950
08-0303	67	Picture	full1i	803502	0	1	3500	2	0	3450
08-0303	68	Picture	full1n	815836	0	1	4000	2	0	3950
08-0303	69	Picture	full0i	828002	0	2	4500	3	0	4450
08-0303	70	Picture	blue0n	840169	0	1	2500	2	0	2450
08-0303	70	Response	10	847764	7595	1
08-0303	71	Picture	full0i	852336	0	1	4167	2	0	4120
08-0303	72	Picture	full0n	863169	0	1	4834	2	0	4790
08-0303	73	Picture	full0i	874169	0	1	2500	2	0	2450
08-0303	74	Picture	full0n	887003	0	1	4833	2	0	4790
08-0303	75	Picture	full0i	899669	0	1	3334	2	0	3290
08-0303	76	Picture	full1i	913169	0	1	3500	2	0	3450
08-0303	77	Picture	full1n	925836	0	1	3833	2	0	3790
08-0303	78	Picture	full0n	938669	0	2	4500	4	0	4450
08-0303	79	Picture	full0i	950836	0	1	2500	2	0	2450
08-0303	80	Picture	full1i	961670	0	1	4166	2	0	4120
08-0303	81	Picture	blue0n	974503	0	1	4667	2	0	4620
08-0303	81	Response	10	979351	4848	2
08-0303	82	Picture	full1n	985503	0	1	2500	2	0	2450
08-0303	83	Picture	full1i	997836	0	1	3500	2	0	3450
08-0303	84	Picture	full1n	1008836	0	1	3167	2	0	3120
08-0303	85	Picture	full1i	1022003	0	1	3000	2	0	2950
08-0303	86	Picture	full0i	1033503	0	1	3333	3	0	3290
08-0303	87	Picture	full0n	1045003	0	1	3000	2	0	2950
08-0303	88	Picture	full1n	1057337	0	1	3000	2	0	2950
08-0303	89	Picture	full1i	1069503	0	1	3667	2	0	3620
08-0303	90	Picture	full1n	1082670	0	1	4000	2	0	3950
08-0303	91	Picture	full1i	1094003	0	1	4834	2	0	4790
08-0303	92	Picture	full1n	1107170	0	1	2500	2	0	2450
08-0303	93	Picture	full0i	1118503	0	2	4500	4	0	4450
08-0303	94	Picture	blue1i	1129837	0	1	3333	2	0	3290
08-0303	94	Response	10	1135149	5312	1
08-0303	95	Picture	full1n	1141670	0	1	4500	2	0	4450
08-0303	96	Picture	full0n	1154837	0	1	4167	2	0	4120
08-0303	97	Picture	full1i	1166337	0	1	3833	2	0	3790
08-0303	98	Picture	full1n	1177337	0	1	4500	2	0	4450
08-0303	99	Picture	full1i	1190504	0	1	2833	2	0	2790
08-0303	100	Picture	full1n	1201337	0	1	3833	2	0	3790
08-0303	101	Picture	full1i	1213504	0	1	4500	2	0	4450
08-0303	102	Picture	full0i	1224337	0	1	3667	2	0	3620
08-0303	103	Picture	blue1n	1235337	0	1	4500	2	0	4450
08-0303	103	Response	10	1241747	6410	2
08-0303	104	Picture	full1i	1246337	0	1	4500	2	0	4450
08-0303	105	Picture	full1n	1259837	0	1	4667	2	0	4620
08-0303	106	Picture	full1i	1271671	0	1	3166	2	0	3120
08-0303	107	Picture	full1n	1285171	0	1	2666	2	0	2620
08-0303	108	Picture	full0n	1297004	0	1	4667	2	0	4620
08-0303	109	Picture	full0i	1309171	0	1	5000	2	0	4950
08-0303	110	Picture	full1i	1321504	0	1	3500	2	0	3450
08-0303	111	Picture	full1n	1335004	0	1	4834	2	0	4790
08-0303	112	Picture	blue0n	1347338	0	1	4500	2	0	4450
08-0303	112	Response	10	1351746	4408	1
08-0303	113	Picture	full0i	1358671	0	1	2667	2	0	2620
08-0303	114	Picture	full1i	1370171	0	1	3167	2	0	3120
08-0303	115	Picture	full0n	1382838	0	1	3166	2	0	3120
08-0303	116	Picture	full0i	1393671	0	1	3167	2	0	3120
08-0303	117	Picture	full0n	1405504	0	2	3167	3	0	3120
08-0303	118	Picture	full1n	1418338	0	1	3833	2	0	3790
08-0303	119	Picture	full1i	1431838	0	1	4833	2	0	4790
08-0303	120	Picture	full1n	1444671	0	1	4500	2	0	4450
08-0303	121	Picture	blue0i	1456005	0	1	4500	2	0	4450
08-0303	121	Response	10	1461244	5239	1
08-0303	122	Picture	full0n	1467838	0	1	5000	2	0	4950
08-0303	123	Picture	full1i	1478838	0	1	2500	2	0	2450
08-0303	124	Picture	full0i	1491171	0	2	4667	3	0	4620
08-0303	125	Picture	full0n	1502505	0	1	3166	3	0	3120
08-0303	126	Picture	full0i	1513838	0	1	4334	2	0	4290
08-0303	127	Picture	full0n	1525338	0	1	3667	2	0	3620
08-0303	128	Picture	full0i	1537172	0	1	2666	2	0	2620
08-0303	129	Picture	blue1n	1550672	0	1	2833	2	0	2790
08-0303	129	Response	10	1558142	7470	2
08-0303	130	Picture	full0n	1564172	0	1	5000	2	0	4950
08-0303	131	Picture	full1i	1575172	0	1	3333	2	0	3290
08-0303	132	Picture	full0i	1587838	0	2	2834	3	0	2790
08-0303	133	Picture	full0n	1599338	0	2	3834	3	0	3790
08-0303	134	Picture	full0i	1611505	0	1	2834	2	0	2790
08-0303	135	Picture	full1n	1622339	0	1	3333	2	0	3290
08-0303	136	Picture	82	1633672	0	1	100167	2	0	next
08-0303	136	Picture	82	1733839	100167	1	10000	2	100000	next
08-0303	136	Picture	82	1743839	110167	1	10000	2	110000	next
08-0303	136	Picture	82	1753839	120167	1	10000	2	120000	next
08-0303	136	Picture	82	1763839	130167	1	10000	2	130000	next
08-0303	136	Picture	82	1773839	140167	1	10000	2	140000	next
08-0303	136	Picture	82	1783839	150167	1	10000	2	150000	next
08-0303	136	Picture	82	1793839	160167	1	10000	2	160000	next
08-0303	136	Picture	82	1803839	170167	1	10000	2	170000	next
08-0303	136	Picture	82	1813839	180167	1	10000	2	180000	next
08-0303	136	Picture	82	1823839	190167	1	10000	2	190000	10000
08-0303	137	Picture	full0n	1833839	0	1	3167	2	0	3120
08-0303	138	Picture	full0i	1846173	0	1	2833	2	0	2790
08-0303	139	Picture	full0n	1859006	0	1	4500	2	0	4450
08-0303	140	Picture	full1n	1870506	0	1	3500	2	0	3450
08-0303	141	Picture	blue0i	1884006	0	1	4833	3	0	4790
08-0303	141	Response	10	1889437	5431	2
08-0303	142	Picture	full0n	1896173	0	1	4333	2	0	4290
08-0303	143	Picture	full1i	1908506	0	1	3500	2	0	3450
08-0303	144	Picture	full1n	1919506	0	1	4167	2	0	4120
08-0303	145	Picture	full1i	1930840	0	1	3000	2	0	2950
08-0303	146	Picture	full0i	1943006	0	1	3834	2	0	3790
08-0303	147	Picture	full1n	1954006	0	1	5000	2	0	4950
08-0303	148	Picture	full1i	1966673	0	1	4167	2	0	4120
08-0303	149	Picture	blue0n	1978840	0	1	4167	2	0	4120
08-0303	149	Response	10	1983436	4596	2
08-0303	150	Picture	full0i	1991507	0	1	3666	2	0	3620
08-0303	151	Picture	full0n	2002340	0	1	4500	2	0	4450
08-0303	152	Picture	full0i	2014673	0	1	3334	2	0	3290
08-0303	153	Picture	full0n	2027007	0	1	4333	2	0	4290
08-0303	154	Picture	full1n	2039173	0	1	4667	2	0	4620
08-0303	155	Picture	full0i	2052340	0	1	2500	2	0	2450
08-0303	156	Picture	full1i	2063173	0	2	3000	4	0	2950
08-0303	157	Picture	full0n	2074173	0	2	5001	3	0	4950
08-0303	158	Picture	full1n	2086840	0	1	4500	2	0	4450
08-0303	159	Picture	blue1i	2100007	0	1	3000	2	0	2950
08-0303	159	Response	10	2106834	6827	2
08-0303	160	Picture	full0i	2111507	0	1	3333	2	0	3290
08-0303	161	Picture	full0n	2125007	0	1	3167	2	0	3120
08-0303	162	Picture	full1n	2138174	0	1	3833	2	0	3790
08-0303	163	Picture	full1i	2150340	0	2	5000	3	0	4950
08-0303	164	Picture	full1n	2162174	0	1	2500	2	0	2450
08-0303	165	Picture	full0i	2175341	0	1	4333	2	0	4290
08-0303	166	Picture	full0n	2188841	0	1	2833	2	0	2790
08-0303	167	Picture	full1i	2201174	0	1	2833	2	0	2790
08-0303	168	Picture	full0i	2214007	0	1	4167	2	0	4120
08-0303	169	Picture	full0n	2225507	0	1	3667	2	0	3620
08-0303	170	Picture	full0i	2237341	0	1	3666	2	0	3620
08-0303	171	Picture	full1n	2250841	0	1	5000	2	0	4950
08-0303	172	Picture	full0n	2261674	0	1	2834	2	0	2790
08-0303	173	Picture	blue0i	2273008	0	1	3000	2	0	2950
08-0303	173	Response	10	2277722	4714	1
08-0303	174	Picture	full1i	2284841	0	1	2833	2	0	2790
08-0303	175	Picture	full1n	2295841	0	1	4000	2	0	3950
08-0303	176	Picture	full1i	2308008	0	1	3666	2	0	3620
08-0303	177	Picture	full1n	2319841	0	1	2833	2	0	2790
08-0303	178	Picture	blue1i	2332174	0	2	4334	3	0	4290
08-0303	178	Response	10	2336621	4447	1
08-0303	179	Picture	full0n	2344341	0	1	3667	2	0	3620
08-0303	180	Picture	full1n	2357175	0	1	3666	2	0	3620
08-0303	181	Picture	full0i	2368175	0	1	4500	2	0	4450
08-0303	182	Picture	full1i	2380841	0	1	3167	2	0	3120
08-0303	183	Picture	full0n	2393508	0	1	3000	2	0	2950
08-0303	184	Picture	full1n	2406175	0	1	3166	2	0	3120
08-0303	185	Picture	full1i	2418341	0	1	3834	2	0	3790
08-0303	186	Picture	full1n	2431175	0	1	3000	2	0	2950
08-0303	187	Picture	full1i	2444675	0	1	4833	2	0	4790
08-0303	188	Picture	full0i	2456175	0	1	2500	2	0	2450
08-0303	189	Picture	blue0n	2467508	0	1	3000	2	0	2950
08-0303	189	Response	10	2472219	4711	1
08-0303	190	Picture	full1n	2479675	0	1	3000	2	0	2950
08-0303	191	Picture	full1i	2492508	0	1	3667	2	0	3620
08-0303	192	Picture	full0i	2506008	0	1	3334	2	0	3290
08-0303	193	Picture	full0n	2516842	0	1	4500	2	0	4450
08-0303	194	Picture	full0i	2529508	0	2	4167	3	0	4120
08-0303	195	Picture	full1n	2540508	0	2	2667	3	0	2620
08-0303	196	Picture	full1i	2552675	0	1	4667	2	0	4620
08-0303	197	Picture	blue1n	2563675	0	1	2667	2	0	2620
08-0303	197	Response	10	2572317	8642	2
08-0303	198	Picture	full0n	2576009	0	1	4666	2	0	4620
08-0303	199	Picture	full1i	2589175	0	1	2834	2	0	2790
08-0303	200	Picture	full0i	2600009	0	1	4000	2	0	3950
08-0303	201	Picture	full0n	2612175	0	2	3500	3	0	3450
08-0303	202	Picture	full0i	2624009	0	1	4000	2	0	3950
08-0303	203	Picture	full1n	2635009	0	1	4500	2	0	4450
08-0303	204	Picture	full1i	2648509	0	1	2500	2	0	2450
08-0303	205	Picture	full1n	2660342	0	1	4167	2	0	4120
08-0303	206	Picture	blue1i	2673509	0	1	4833	2	0	4790
08-0303	206	Response	10	2679716	6207	1
08-0303	207	Picture	full1n	2684509	0	1	2500	2	0	2450
08-0303	208	Picture	full1i	2697342	0	1	4834	2	0	4790
08-0303	209	Picture	full1n	2708676	0	1	3333	2	0	3290
08-0303	210	Picture	full0n	2721342	0	2	3500	4	0	3450
08-0303	211	Picture	full0i	2734009	0	1	3834	2	0	3790
08-0303	212	Picture	full1i	2747176	0	1	4500	2	0	4450
08-0303	213	Picture	full1n	2758009	0	1	2500	2	0	2450
08-0303	214	Picture	full0n	2769509	0	1	4167	2	0	4120
08-0303	215	Picture	full1i	2782343	0	1	4666	2	0	4620
08-0303	216	Picture	blue0i	2794176	0	1	2500	2	0	2450
08-0303	216	Response	10	2799914	5738	1
08-0303	217	Picture	full0n	2806009	0	2	3500	3	0	3450
08-0303	218	Picture	full0i	2817509	0	2	3167	3	0	3120
08-0303	219	Picture	full0n	2828343	0	1	3000	2	0	2950
08-0303	220	Picture	full1n	2840676	0	1	3334	2	0	3290
08-0303	221	Picture	full1i	2853510	0	1	3000	2	0	2950
08-0303	222	Picture	full0i	2865843	0	1	3000	2	0	2950
08-0303	223	Picture	full0n	2879343	0	1	3667	2	0	3620
08-0303	224	Picture	full0i	2892843	0	1	4000	2	0	3950
08-0303	225	Picture	blue1n	2905010	0	1	4833	2	0	4790
08-0303	225	Response	10	2912312	7302	1
08-0303	226	Picture	full0n	2918510	0	1	2500	2	0	2450
08-0303	227	Picture	full1i	2929843	0	1	4500	2	0	4450
08-0303	228	Picture	full0i	2943010	0	1	3333	2	0	3290
08-0303	229	Picture	full0n	2955677	0	1	4500	2	0	4450
08-0303	230	Picture	full1n	2966510	0	1	4167	2	0	4120
08-0303	231	Picture	full0i	2979677	0	1	3833	2	0	3790
08-0303	232	Picture	full0n	2992510	0	1	4500	2	0	4450
08-0303	233	Picture	full0i	3004677	0	1	2833	2	0	2790
08-0303	234	Picture	full0n	3016177	0	1	3833	2	0	3790
08-0303	235	Picture	full0i	3027677	0	1	4500	2	0	4450
08-0303	236	Picture	full1i	3040510	0	1	3667	2	0	3620
08-0303	237	Picture	full0n	3051844	0	1	4500	2	0	4450
08-0303	238	Picture	full0i	3063177	0	1	4500	2	0	4450
08-0303	239	Picture	full0n	3075344	0	1	4666	2	0	4620
08-0303	240	Picture	full0i	3088844	0	1	3166	2	0	3120
08-0303	241	Picture	blue0n	3102010	0	2	2667	3	0	2620
08-0303	241	Response	10	3107109	5099	1
08-0303	242	Picture	full1n	3113344	0	1	4667	2	0	4620
08-0303	243	Picture	full1i	3125511	0	1	5000	2	0	4950
08-0303	244	Picture	full0i	3137011	0	1	3500	2	0	3450
08-0303	245	Picture	full0n	3150177	0	1	4834	2	0	4790
08-0303	246	Picture	full1n	3162344	0	1	4500	2	0	4450
08-0303	247	Picture	full1i	3174677	0	2	2667	3	0	2620
08-0303	248	Picture	full0i	3187344	0	1	3167	2	0	3120
08-0303	249	Picture	full1n	3200178	0	1	3166	2	0	3120
08-0303	250	Picture	blue1i	3211678	0	1	3166	2	0	3120
08-0303	250	Response	10	3220108	8430	1
08-0303	251	Picture	full1n	3222678	0	1	3166	2	0	3120
08-0303	252	Picture	full0n	3234844	0	1	3834	2	0	3790
08-0303	253	Picture	full0i	3246678	0	1	4833	2	0	4790
08-0303	254	Picture	full0n	3258844	0	1	4500	2	0	4450
08-0303	255	Picture	full1i	3269678	0	1	4500	2	0	4450
08-0303	256	Picture	full1n	3281844	0	2	5000	4	0	4950
08-0303	257	Picture	full0i	3294011	0	1	2500	2	0	2450
08-0303	258	Picture	full1i	3306178	0	1	4667	2	0	4620
08-0303	259	Picture	full1n	3317511	0	1	3167	2	0	3120
08-0303	260	Picture	full1i	3329011	0	1	4334	2	0	4290
08-0303	261	Picture	full1n	3341178	0	1	3667	2	0	3620
08-0303	262	Picture	full1i	3353511	0	1	2667	2	0	2620
08-0303	263	Picture	blue0n	3365345	0	1	2833	2	0	2790
08-0303	263	Response	10	3369805	4460	1
08-0303	264	Picture	full1n	3376345	0	1	5000	2	0	4950
08-0303	265	Picture	full0i	3387845	0	1	3333	2	0	3290
08-0303	266	Picture	full1i	3399178	0	1	2834	2	0	2790
08-0303	267	Picture	full1n	3411012	0	1	3833	2	0	3790
08-0303	268	Picture	full1i	3422345	0	1	2833	2	0	2790
08-0303	269	Picture	full0n	3433178	0	1	3334	2	0	3290
08-0303	270	Picture	default	3444512	0	1	2666	2	0	2500
08-0303	271	Picture	default	3464678	0	2	7106	3	0	2500


Event Type	Code	Type	Response	RT	RT Uncertainty	Time	Uncertainty	Duration	Uncertainty	ReqTime	ReqDur

Picture	full1n	other				23166	1	3167	2	0	3120
Picture	full1i	other				34096	238	2904	239	0	2790
Picture	full1n	other				47333	1	4500	2	0	4450
Picture	full0n	other				60500	1	3500	2	0	3450
Picture	full1i	other				71333	1	4833	2	0	4790
Picture	full1n	other				83500	1	4333	2	0	4290
Picture	full0i	other				95666	2	3500	4	0	3450
Picture	full0n	other				108000	1	4167	2	0	4120
Picture	blue0i	false alarm	2	5405	199	119470	198	3030	199	0	2950
Picture	full1i	other				131500	1	3833	2	0	3790
Picture	full0n	other				144333	1	5000	2	0	4950
Picture	full0i	other				157000	1	4167	2	0	4120
Picture	full1n	other				170500	1	4167	2	0	4120
Picture	full1i	other				183167	1	3666	2	0	3620
Picture	full1n	other				194500	1	4500	2	0	4450
Picture	blue1i	false alarm	2	4806	2	206667	1	3333	2	0	3290
Picture	full1n	other				218834	1	4333	2	0	4290
Picture	full0n	other				231000	1	4667	2	0	4620
Picture	full1i	other				242834	1	2500	2	0	2450
Picture	full0i	other				255167	1	3000	2	0	2950
Picture	full0n	other				268667	1	5000	2	0	4950
Picture	full0i	other				282167	1	4500	2	0	4450
Picture	full0n	other				295001	1	3000	2	0	2950
Picture	full1n	other				307667	1	3334	2	0	3290
Picture	blue1i	other				319501	1	3166	2	0	3120
Picture	full0i	other				332167	1	3834	2	0	3790
Picture	full0n	other				344501	1	5000	2	0	4950
Picture	full0i	other				356334	1	2500	2	0	2450
Picture	full1n	other				367667	2	4334	3	0	4290
Picture	full1i	other				379834	1	2833	3	0	2790
Picture	full0n	other				391334	1	2834	2	0	2790
Picture	full1n	other				402168	1	4166	2	0	4120
Picture	full1i	other				414334	1	3667	2	0	3620
Picture	full1n	other				427168	1	3666	2	0	3620
Picture	full0i	other				439334	1	5000	2	0	4950
Picture	blue1i	other				450668	1	2833	2	0	2790
Picture	full1n	other				461668	1	3000	2	0	2950
Picture	full0n	other				474334	2	2834	3	0	2790
Picture	full0i	other				485335	1	4000	2	0	3950
Picture	full0n	other				497501	1	3667	2	0	3620
Picture	full0i	other				510335	1	2833	2	0	2790
Picture	full0n	other				523501	1	4334	2	0	4290
Picture	full1i	other				536668	1	3667	2	0	3620
Picture	full0i	other				549335	1	3666	2	0	3620
Picture	full1n	other				560168	1	4500	2	0	4450
Picture	full0n	other				572335	1	3167	2	0	3120
Picture	full1i	other				583835	1	3000	2	0	2950
Picture	blue0i	false alarm	2	4699	2	595668	1	3167	2	0	3120
Picture	full0n	other				607168	1	3834	2	0	3790
Picture	full0i	other				619502	1	3000	2	0	2950
Picture	full0n	other				631002	1	4833	2	0	4790
Picture	full1n	other				644168	2	2500	3	0	2450
Picture	full1i	other				655002	1	3000	2	0	2950
Picture	full0i	other				668502	1	3000	2	0	2950
Picture	full0n	other				679835	1	3667	2	0	3620
Picture	full1n	other				693002	1	3333	2	0	3290
Picture	full1i	other				705169	1	4500	2	0	4450
Picture	blue1n	false alarm	2	4964	2	717002	1	4167	2	0	4120
Picture	full0i	other				729335	1	2667	2	0	2620
Picture	full0n	other				742002	1	4667	2	0	4620
Picture	full0i	other				754169	1	2666	3	0	2620
Picture	full1i	other				767002	1	4667	2	0	4620
Picture	full0n	other				778502	1	2834	2	0	2790
Picture	full1n	other				790669	1	4000	2	0	3950
Picture	full1i	other				803502	1	3500	2	0	3450
Picture	full1n	other				815836	1	4000	2	0	3950
Picture	full0i	other				828002	2	4500	3	0	4450
Picture	blue0n	false alarm	2	7595	2	840169	1	2500	2	0	2450
Picture	full0i	other				852336	1	4167	2	0	4120
Picture	full0n	other				863169	1	4834	2	0	4790
Picture	full0i	other				874169	1	2500	2	0	2450
Picture	full0n	other				887003	1	4833	2	0	4790
Picture	full0i	other				899669	1	3334	2	0	3290
Picture	full1i	other				913169	1	3500	2	0	3450
Picture	full1n	other				925836	1	3833	2	0	3790
Picture	full0n	other				938669	2	4500	4	0	4450
Picture	full0i	other				950836	1	2500	2	0	2450
Picture	full1i	other				961670	1	4166	2	0	4120
Picture	blue0n	false alarm	2	4848	3	974503	1	4667	2	0	4620
Picture	full1n	other				985503	1	2500	2	0	2450
Picture	full1i	other				997836	1	3500	2	0	3450
Picture	full1n	other				1008836	1	3167	2	0	3120
Picture	full1i	other				1022003	1	3000	2	0	2950
Picture	full0i	other				1033503	1	3333	3	0	3290
Picture	full0n	other				1045003	1	3000	2	0	2950
Picture	full1n	other				1057337	1	3000	2	0	2950
Picture	full1i	other				1069503	1	3667	2	0	3620
Picture	full1n	other				1082670	1	4000	2	0	3950
Picture	full1i	other				1094003	1	4834	2	0	4790
Picture	full1n	other				1107170	1	2500	2	0	2450
Picture	full0i	other				1118503	2	4500	4	0	4450
Picture	blue1i	false alarm	2	5312	2	1129837	1	3333	2	0	3290
Picture	full1n	other				1141670	1	4500	2	0	4450
Picture	full0n	other				1154837	1	4167	2	0	4120
Picture	full1i	other				1166337	1	3833	2	0	3790
Picture	full1n	other				1177337	1	4500	2	0	4450
Picture	full1i	other				1190504	1	2833	2	0	2790
Picture	full1n	other				1201337	1	3833	2	0	3790
Picture	full1i	other				1213504	1	4500	2	0	4450
Picture	full0i	other				1224337	1	3667	2	0	3620
Picture	blue1n	false alarm	2	6410	3	1235337	1	4500	2	0	4450
Picture	full1i	other				1246337	1	4500	2	0	4450
Picture	full1n	other				1259837	1	4667	2	0	4620
Picture	full1i	other				1271671	1	3166	2	0	3120
Picture	full1n	other				1285171	1	2666	2	0	2620
Picture	full0n	other				1297004	1	4667	2	0	4620
Picture	full0i	other				1309171	1	5000	2	0	4950
Picture	full1i	other				1321504	1	3500	2	0	3450
Picture	full1n	other				1335004	1	4834	2	0	4790
Picture	blue0n	false alarm	2	4408	2	1347338	1	4500	2	0	4450
Picture	full0i	other				1358671	1	2667	2	0	2620
Picture	full1i	other				1370171	1	3167	2	0	3120
Picture	full0n	other				1382838	1	3166	2	0	3120
Picture	full0i	other				1393671	1	3167	2	0	3120
Picture	full0n	other				1405504	2	3167	3	0	3120
Picture	full1n	other				1418338	1	3833	2	0	3790
Picture	full1i	other				1431838	1	4833	2	0	4790
Picture	full1n	other				1444671	1	4500	2	0	4450
Picture	blue0i	false alarm	2	5239	2	1456005	1	4500	2	0	4450
Picture	full0n	other				1467838	1	5000	2	0	4950
Picture	full1i	other				1478838	1	2500	2	0	2450
Picture	full0i	other				1491171	2	4667	3	0	4620
Picture	full0n	other				1502505	1	3166	3	0	3120
Picture	full0i	other				1513838	1	4334	2	0	4290
Picture	full0n	other				1525338	1	3667	2	0	3620
Picture	full0i	other				1537172	1	2666	2	0	2620
Picture	blue1n	false alarm	2	7470	3	1550672	1	2833	2	0	2790
Picture	full0n	other				1564172	1	5000	2	0	4950
Picture	full1i	other				1575172	1	3333	2	0	3290
Picture	full0i	other				1587838	2	2834	3	0	2790
Picture	full0n	other				1599338	2	3834	3	0	3790
Picture	full0i	other				1611505	1	2834	2	0	2790
Picture	full1n	other				1622339	1	3333	2	0	3290
Picture	82	other				1633672	1	100167	2	0	next
Picture	82	other				1733839	1	10000	2	100000	next
Picture	82	other				1743839	1	10000	2	110000	next
Picture	82	other				1753839	1	10000	2	120000	next
Picture	82	other				1763839	1	10000	2	130000	next
Picture	82	other				1773839	1	10000	2	140000	next
Picture	82	other				1783839	1	10000	2	150000	next
Picture	82	other				1793839	1	10000	2	160000	next
Picture	82	other				1803839	1	10000	2	170000	next
Picture	82	other				1813839	1	10000	2	180000	next
Picture	82	other				1823839	1	10000	2	190000	10000
Picture	full0n	other				1833839	1	3167	2	0	3120
Picture	full0i	other				1846173	1	2833	2	0	2790
Picture	full0n	other				1859006	1	4500	2	0	4450
Picture	full1n	other				1870506	1	3500	2	0	3450
Picture	blue0i	false alarm	2	5431	3	1884006	1	4833	3	0	4790
Picture	full0n	other				1896173	1	4333	2	0	4290
Picture	full1i	other				1908506	1	3500	2	0	3450
Picture	full1n	other				1919506	1	4167	2	0	4120
Picture	full1i	other				1930840	1	3000	2	0	2950
Picture	full0i	other				1943006	1	3834	2	0	3790
Picture	full1n	other				1954006	1	5000	2	0	4950
Picture	full1i	other				1966673	1	4167	2	0	4120
Picture	blue0n	false alarm	2	4596	3	1978840	1	4167	2	0	4120
Picture	full0i	other				1991507	1	3666	2	0	3620
Picture	full0n	other				2002340	1	4500	2	0	4450
Picture	full0i	other				2014673	1	3334	2	0	3290
Picture	full0n	other				2027007	1	4333	2	0	4290
Picture	full1n	other				2039173	1	4667	2	0	4620
Picture	full0i	other				2052340	1	2500	2	0	2450
Picture	full1i	other				2063173	2	3000	4	0	2950
Picture	full0n	other				2074173	2	5001	3	0	4950
Picture	full1n	other				2086840	1	4500	2	0	4450
Picture	blue1i	false alarm	2	6827	3	2100007	1	3000	2	0	2950
Picture	full0i	other				2111507	1	3333	2	0	3290
Picture	full0n	other				2125007	1	3167	2	0	3120
Picture	full1n	other				2138174	1	3833	2	0	3790
Picture	full1i	other				2150340	2	5000	3	0	4950
Picture	full1n	other				2162174	1	2500	2	0	2450
Picture	full0i	other				2175341	1	4333	2	0	4290
Picture	full0n	other				2188841	1	2833	2	0	2790
Picture	full1i	other				2201174	1	2833	2	0	2790
Picture	full0i	other				2214007	1	4167	2	0	4120
Picture	full0n	other				2225507	1	3667	2	0	3620
Picture	full0i	other				2237341	1	3666	2	0	3620
Picture	full1n	other				2250841	1	5000	2	0	4950
Picture	full0n	other				2261674	1	2834	2	0	2790
Picture	blue0i	false alarm	2	4714	2	2273008	1	3000	2	0	2950
Picture	full1i	other				2284841	1	2833	2	0	2790
Picture	full1n	other				2295841	1	4000	2	0	3950
Picture	full1i	other				2308008	1	3666	2	0	3620
Picture	full1n	other				2319841	1	2833	2	0	2790
Picture	blue1i	false alarm	2	4447	3	2332174	2	4334	3	0	4290
Picture	full0n	other				2344341	1	3667	2	0	3620
Picture	full1n	other				2357175	1	3666	2	0	3620
Picture	full0i	other				2368175	1	4500	2	0	4450
Picture	full1i	other				2380841	1	3167	2	0	3120
Picture	full0n	other				2393508	1	3000	2	0	2950
Picture	full1n	other				2406175	1	3166	2	0	3120
Picture	full1i	other				2418341	1	3834	2	0	3790
Picture	full1n	other				2431175	1	3000	2	0	2950
Picture	full1i	other				2444675	1	4833	2	0	4790
Picture	full0i	other				2456175	1	2500	2	0	2450
Picture	blue0n	false alarm	2	4711	2	2467508	1	3000	2	0	2950
Picture	full1n	other				2479675	1	3000	2	0	2950
Picture	full1i	other				2492508	1	3667	2	0	3620
Picture	full0i	other				2506008	1	3334	2	0	3290
Picture	full0n	other				2516842	1	4500	2	0	4450
Picture	full0i	other				2529508	2	4167	3	0	4120
Picture	full1n	other				2540508	2	2667	3	0	2620
Picture	full1i	other				2552675	1	4667	2	0	4620
Picture	blue1n	false alarm	2	8642	3	2563675	1	2667	2	0	2620
Picture	full0n	other				2576009	1	4666	2	0	4620
Picture	full1i	other				2589175	1	2834	2	0	2790
Picture	full0i	other				2600009	1	4000	2	0	3950
Picture	full0n	other				2612175	2	3500	3	0	3450
Picture	full0i	other				2624009	1	4000	2	0	3950
Picture	full1n	other				2635009	1	4500	2	0	4450
Picture	full1i	other				2648509	1	2500	2	0	2450
Picture	full1n	other				2660342	1	4167	2	0	4120
Picture	blue1i	false alarm	2	6207	2	2673509	1	4833	2	0	4790
Picture	full1n	other				2684509	1	2500	2	0	2450
Picture	full1i	other				2697342	1	4834	2	0	4790
Picture	full1n	other				2708676	1	3333	2	0	3290
Picture	full0n	other				2721342	2	3500	4	0	3450
Picture	full0i	other				2734009	1	3834	2	0	3790
Picture	full1i	other				2747176	1	4500	2	0	4450
Picture	full1n	other				2758009	1	2500	2	0	2450
Picture	full0n	other				2769509	1	4167	2	0	4120
Picture	full1i	other				2782343	1	4666	2	0	4620
Picture	blue0i	false alarm	2	5738	2	2794176	1	2500	2	0	2450
Picture	full0n	other				2806009	2	3500	3	0	3450
Picture	full0i	other				2817509	2	3167	3	0	3120
Picture	full0n	other				2828343	1	3000	2	0	2950
Picture	full1n	other				2840676	1	3334	2	0	3290
Picture	full1i	other				2853510	1	3000	2	0	2950
Picture	full0i	other				2865843	1	3000	2	0	2950
Picture	full0n	other				2879343	1	3667	2	0	3620
Picture	full0i	other				2892843	1	4000	2	0	3950
Picture	blue1n	false alarm	2	7302	2	2905010	1	4833	2	0	4790
Picture	full0n	other				2918510	1	2500	2	0	2450
Picture	full1i	other				2929843	1	4500	2	0	4450
Picture	full0i	other				2943010	1	3333	2	0	3290
Picture	full0n	other				2955677	1	4500	2	0	4450
Picture	full1n	other				2966510	1	4167	2	0	4120
Picture	full0i	other				2979677	1	3833	2	0	3790
Picture	full0n	other				2992510	1	4500	2	0	4450
Picture	full0i	other				3004677	1	2833	2	0	2790
Picture	full0n	other				3016177	1	3833	2	0	3790
Picture	full0i	other				3027677	1	4500	2	0	4450
Picture	full1i	other				3040510	1	3667	2	0	3620
Picture	full0n	other				3051844	1	4500	2	0	4450
Picture	full0i	other				3063177	1	4500	2	0	4450
Picture	full0n	other				3075344	1	4666	2	0	4620
Picture	full0i	other				3088844	1	3166	2	0	3120
Picture	blue0n	false alarm	2	5099	3	3102010	2	2667	3	0	2620
Picture	full1n	other				3113344	1	4667	2	0	4620
Picture	full1i	other				3125511	1	5000	2	0	4950
Picture	full0i	other				3137011	1	3500	2	0	3450
Picture	full0n	other				3150177	1	4834	2	0	4790
Picture	full1n	other				3162344	1	4500	2	0	4450
Picture	full1i	other				3174677	2	2667	3	0	2620
Picture	full0i	other				3187344	1	3167	2	0	3120
Picture	full1n	other				3200178	1	3166	2	0	3120
Picture	blue1i	false alarm	2	8430	2	3211678	1	3166	2	0	3120
Picture	full1n	other				3222678	1	3166	2	0	3120
Picture	full0n	other				3234844	1	3834	2	0	3790
Picture	full0i	other				3246678	1	4833	2	0	4790
Picture	full0n	other				3258844	1	4500	2	0	4450
Picture	full1i	other				3269678	1	4500	2	0	4450
Picture	full1n	other				3281844	2	5000	4	0	4950
Picture	full0i	other				3294011	1	2500	2	0	2450
Picture	full1i	other				3306178	1	4667	2	0	4620
Picture	full1n	other				3317511	1	3167	2	0	3120
Picture	full1i	other				3329011	1	4334	2	0	4290
Picture	full1n	other				3341178	1	3667	2	0	3620
Picture	full1i	other				3353511	1	2667	2	0	2620
Picture	blue0n	false alarm	2	4460	2	3365345	1	2833	2	0	2790
Picture	full1n	other				3376345	1	5000	2	0	4950
Picture	full0i	other				3387845	1	3333	2	0	3290
Picture	full1i	other				3399178	1	2834	2	0	2790
Picture	full1n	other				3411012	1	3833	2	0	3790
Picture	full1i	other				3422345	1	2833	2	0	2790
Picture	full0n	other				3433178	1	3334	2	0	3290
Picture	default	other				3444512	1	2666	2	0	2500
Picture	default	other				3464678	2	7106	3	0	2500
