Scenario - visual LTP Rap V4.0 HVA (based on combined block 1+2 from old 45 135 degree pilot)
Logfile written - 03/23/2015 10:59:40

Subject	Trial	Event Type	Code	Time	TTime	Uncertainty	Duration	Uncertainty	ReqTime	ReqDur

08-0303	1	Response	128	-5397	4436	1
08-0303	3	Picture	full1n	4833	0	1	3166	3	0	3120
08-0303	4	Picture	full1i	15763	0	238	2903	239	0	2790
08-0303	5	Picture	full1n	29000	0	1	4500	2	0	4450
08-0303	6	Picture	full0n	42166	0	1	3500	2	0	3450
08-0303	7	Picture	full1i	53000	0	1	4833	2	0	4790
08-0303	8	Picture	full1n	65166	0	1	4334	2	0	4290
08-0303	9	Picture	full0i	77333	0	1	3500	2	0	3450
08-0303	10	Picture	full0n	89666	0	2	4167	3	0	4120
08-0303	11	Picture	blue0i	101136	0	198	3030	199	0	2950
08-0303	11	Response	10	106830	5694	1
08-0303	12	Picture	full1i	113166	0	2	3834	3	0	3790
08-0303	13	Picture	full0n	126000	0	1	5000	2	0	4950
08-0303	14	Picture	full0i	138667	0	1	4166	2	0	4120
08-0303	15	Picture	full1n	152167	0	1	4166	2	0	4120
08-0303	16	Picture	full1i	164833	0	1	3667	2	0	3620
08-0303	17	Picture	full1n	176167	0	1	4500	2	0	4450
08-0303	18	Picture	blue1i	188333	0	2	3334	3	0	3290
08-0303	19	Picture	full1n	200500	0	1	4333	3	0	4290
08-0303	20	Picture	full0n	212667	0	1	4667	2	0	4620
08-0303	21	Picture	full1i	224500	0	1	2500	2	0	2450
08-0303	22	Picture	full0i	236834	0	1	3000	2	0	2950
08-0303	23	Picture	full0n	250334	0	1	5000	2	0	4950
08-0303	24	Picture	full0i	263834	0	1	4500	2	0	4450
08-0303	25	Picture	full0n	276667	0	1	3000	2	0	2950
08-0303	26	Picture	full1n	289334	0	1	3333	2	0	3290
08-0303	27	Picture	blue1i	301167	0	1	3167	2	0	3120
08-0303	27	Response	10	306427	5260	1
08-0303	28	Picture	full0i	313834	0	1	3833	2	0	3790
08-0303	29	Picture	full0n	326167	0	1	5000	2	0	4950
08-0303	30	Picture	full0i	338001	0	1	2500	2	0	2450
08-0303	31	Picture	full1n	349334	0	1	4333	2	0	4290
08-0303	32	Picture	full1i	361501	0	1	2833	2	0	2790
08-0303	33	Picture	full0n	373001	0	1	2833	2	0	2790
08-0303	34	Picture	full1n	383834	0	1	4167	2	0	4120
08-0303	35	Picture	full1i	396001	0	1	3666	3	0	3620
08-0303	36	Picture	full1n	408834	0	1	3667	2	0	3620
08-0303	37	Picture	full0i	421001	0	1	5000	2	0	4950
08-0303	38	Picture	blue1i	432334	0	1	2834	2	0	2790
08-0303	38	Response	10	439215	6881	1
08-0303	39	Picture	full1n	443334	0	1	3000	2	0	2950
08-0303	40	Picture	full0n	456001	0	1	2833	2	0	2790
08-0303	41	Picture	full0i	467001	0	1	4000	2	0	3950
08-0303	42	Picture	full0n	479168	0	1	3666	2	0	3620
08-0303	43	Picture	full0i	492001	0	1	2833	3	0	2790
08-0303	44	Picture	full0n	505168	0	1	4333	2	0	4290
08-0303	44	Response	10	509814	4646	1
08-0303	45	Picture	full1i	518335	0	1	3666	2	0	3620
08-0303	46	Picture	full0i	531001	0	1	3667	2	0	3620
08-0303	47	Picture	full1n	541835	0	1	4500	2	0	4450
08-0303	48	Picture	full0n	554001	0	1	3167	2	0	3120
08-0303	49	Picture	full1i	565501	0	1	3000	2	0	2950
08-0303	50	Picture	blue0i	577335	0	1	3166	2	0	3120
08-0303	50	Response	10	581913	4578	1
08-0303	51	Picture	full0n	588835	0	1	3833	2	0	3790
08-0303	52	Picture	full0i	601168	0	1	3000	2	0	2950
08-0303	53	Picture	full0n	612668	0	1	4834	2	0	4790
08-0303	54	Picture	full1n	625835	0	1	2500	2	0	2450
08-0303	55	Picture	full1i	636668	0	1	3000	2	0	2950
08-0303	56	Picture	full0i	650168	0	1	3000	2	0	2950
08-0303	57	Picture	full0n	661502	0	1	3666	2	0	3620
08-0303	58	Picture	full1n	674668	0	2	3334	3	0	3290
08-0303	59	Picture	full1i	686835	0	1	4500	2	0	4450
08-0303	60	Picture	blue1n	698669	0	1	4166	2	0	4120
08-0303	60	Response	10	703411	4742	1
08-0303	61	Picture	full0i	711002	0	1	2667	2	0	2620
08-0303	62	Picture	full0n	723669	0	1	4666	2	0	4620
08-0303	63	Picture	full0i	735835	0	1	2667	2	0	2620
08-0303	64	Picture	full1i	748669	0	1	4666	2	0	4620
08-0303	65	Picture	full0n	760169	0	1	2833	2	0	2790
08-0303	66	Picture	full1n	772335	0	2	4000	3	0	3950
08-0303	67	Picture	full1i	785169	0	1	3500	2	0	3450
08-0303	68	Picture	full1n	797502	0	1	4000	2	0	3950
08-0303	69	Picture	full0i	809669	0	1	4500	2	0	4450
08-0303	70	Picture	blue0n	821836	0	1	2500	2	0	2450
08-0303	70	Response	10	825909	4073	2
08-0303	71	Picture	full0i	834002	0	1	4167	2	0	4120
08-0303	72	Picture	full0n	844836	0	1	4833	2	0	4790
08-0303	73	Picture	full0i	855836	0	1	2500	2	0	2450
08-0303	74	Picture	full0n	868669	0	1	4833	2	0	4790
08-0303	75	Picture	full0i	881336	0	1	3333	2	0	3290
08-0303	76	Picture	full1i	894836	0	1	3500	2	0	3450
08-0303	77	Picture	full1n	907503	0	1	3833	2	0	3790
08-0303	78	Picture	full0n	920336	0	1	4500	2	0	4450
08-0303	79	Picture	full0i	932503	0	1	2500	2	0	2450
08-0303	80	Picture	full1i	943336	0	1	4167	2	0	4120
08-0303	81	Picture	blue0n	956169	0	1	4667	2	0	4620
08-0303	81	Response	10	961707	5538	1
08-0303	82	Picture	full1n	967169	0	2	2500	3	0	2450
08-0303	83	Picture	full1i	979503	0	1	3500	2	0	3450
08-0303	84	Picture	full1n	990503	0	1	3167	2	0	3120
08-0303	85	Picture	full1i	1003670	0	1	3000	2	0	2950
08-0303	86	Picture	full0i	1015170	0	1	3333	2	0	3290
08-0303	87	Picture	full0n	1026670	0	1	3000	2	0	2950
08-0303	88	Picture	full1n	1039003	0	1	3000	2	0	2950
08-0303	89	Picture	full1i	1051170	0	1	3666	2	0	3620
08-0303	90	Picture	full1n	1064336	0	2	4000	3	0	3950
08-0303	91	Picture	full1i	1075670	0	1	4833	2	0	4790
08-0303	92	Picture	full1n	1088837	0	1	2500	2	0	2450
08-0303	93	Picture	full0i	1100170	0	1	4500	2	0	4450
08-0303	94	Picture	blue1i	1111503	0	1	3334	2	0	3290
08-0303	94	Response	10	1118605	7102	1
08-0303	95	Picture	full1n	1123337	0	1	4500	2	0	4450
08-0303	96	Picture	full0n	1136503	0	1	4167	2	0	4120
08-0303	97	Picture	full1i	1148003	0	1	3834	2	0	3790
08-0303	98	Picture	full1n	1159003	0	2	4500	3	0	4450
08-0303	99	Picture	full1i	1172170	0	1	2833	3	0	2790
08-0303	100	Picture	full1n	1183003	0	2	3834	3	0	3790
08-0303	101	Picture	full1i	1195170	0	1	4500	2	0	4450
08-0303	102	Picture	full0i	1206004	0	1	3666	2	0	3620
08-0303	102	Response	10	1211903	5899	2
08-0303	103	Picture	blue1n	1217004	0	1	4500	2	0	4450
08-0303	103	Response	10	1227003	9999	1
08-0303	104	Picture	full1i	1228004	0	1	4500	2	0	4450
08-0303	105	Picture	full1n	1241504	0	1	4666	2	0	4620
08-0303	106	Picture	full1i	1253337	0	1	3167	2	0	3120
08-0303	107	Picture	full1n	1266837	0	1	2667	2	0	2620
08-0303	108	Picture	full0n	1278671	0	1	4666	2	0	4620
08-0303	108	Response	10	1285902	7231	1
08-0303	109	Picture	full0i	1290837	0	1	5000	2	0	4950
08-0303	110	Picture	full1i	1303171	0	1	3500	2	0	3450
08-0303	111	Picture	full1n	1316671	0	1	4833	2	0	4790
08-0303	112	Picture	blue0n	1329004	0	1	4500	2	0	4450
08-0303	112	Response	10	1333901	4897	2
08-0303	113	Picture	full0i	1340337	0	1	2667	2	0	2620
08-0303	114	Picture	full1i	1351837	0	2	3167	3	0	3120
08-0303	115	Picture	full0n	1364504	0	1	3167	2	0	3120
08-0303	116	Picture	full0i	1375338	0	1	3166	2	0	3120
08-0303	117	Picture	full0n	1387171	0	1	3167	2	0	3120
08-0303	118	Picture	full1n	1400004	0	1	3834	2	0	3790
08-0303	119	Picture	full1i	1413504	0	1	4834	2	0	4790
08-0303	120	Picture	full1n	1426338	0	1	4500	2	0	4450
08-0303	121	Picture	blue0i	1437671	0	1	4500	2	0	4450
08-0303	121	Response	10	1442300	4629	1
08-0303	122	Picture	full0n	1449504	0	2	5000	4	0	4950
08-0303	123	Picture	full1i	1460504	0	2	2500	4	0	2450
08-0303	124	Picture	full0i	1472838	0	1	4667	2	0	4620
08-0303	125	Picture	full0n	1484171	0	1	3167	2	0	3120
08-0303	126	Picture	full0i	1495505	0	1	4333	2	0	4290
08-0303	127	Picture	full0n	1507005	0	1	3666	2	0	3620
08-0303	128	Picture	full0i	1518838	0	1	2667	2	0	2620
08-0303	129	Picture	blue1n	1532338	0	1	2833	2	0	2790
08-0303	129	Response	10	1540099	7761	1
08-0303	130	Picture	full0n	1545838	0	1	5000	2	0	4950
08-0303	131	Picture	full1i	1556838	0	1	3333	3	0	3290
08-0303	132	Picture	full0i	1569505	0	1	2833	2	0	2790
08-0303	133	Picture	full0n	1581005	0	1	3833	2	0	3790
08-0303	134	Picture	full0i	1593172	0	1	2833	2	0	2790
08-0303	135	Picture	full1n	1604005	0	1	3333	2	0	3290
08-0303	136	Picture	82	1615338	0	1	100167	2	0	next
08-0303	136	Picture	82	1715505	100167	1	10000	2	100000	next
08-0303	136	Picture	82	1725505	110167	1	10000	2	110000	next
08-0303	136	Picture	82	1735505	120167	1	10000	3	120000	next
08-0303	136	Picture	82	1745505	130167	2	10001	3	130000	next
08-0303	136	Picture	82	1755506	140168	1	10000	2	140000	next
08-0303	136	Picture	82	1765506	150168	1	10000	2	150000	next
08-0303	136	Picture	82	1775506	160168	1	10000	2	160000	next
08-0303	136	Picture	82	1785506	170168	1	10000	2	170000	next
08-0303	136	Picture	82	1795506	180168	1	10000	2	180000	next
08-0303	136	Picture	82	1805506	190168	1	10000	2	190000	10000
08-0303	137	Picture	full0n	1815506	0	1	3166	2	0	3120
08-0303	138	Picture	full0i	1827839	0	1	2833	2	0	2790
08-0303	139	Picture	full0n	1840672	0	2	4500	4	0	4450
08-0303	140	Picture	full1n	1852173	0	1	3500	2	0	3450
08-0303	141	Picture	blue0i	1865673	0	1	4833	2	0	4790
08-0303	141	Response	10	1869983	4310	2
08-0303	142	Picture	full0n	1877839	0	1	4334	2	0	4290
08-0303	143	Picture	full1i	1890173	0	1	3500	2	0	3450
08-0303	144	Picture	full1n	1901173	0	1	4166	2	0	4120
08-0303	145	Picture	full1i	1912506	0	1	3000	2	0	2950
08-0303	146	Picture	full0i	1924673	0	1	3833	2	0	3790
08-0303	147	Picture	full1n	1935673	0	1	5000	2	0	4950
08-0303	148	Picture	full1i	1948340	0	1	4166	2	0	4120
08-0303	149	Picture	blue0n	1960506	0	1	4167	2	0	4120
08-0303	149	Response	10	1964482	3976	1
08-0303	150	Picture	full0i	1973173	0	1	3667	2	0	3620
08-0303	151	Picture	full0n	1984006	0	1	4500	2	0	4450
08-0303	152	Picture	full0i	1996340	0	1	3333	2	0	3290
08-0303	153	Picture	full0n	2008673	0	1	4333	2	0	4290
08-0303	154	Picture	full1n	2020840	0	1	4666	3	0	4620
08-0303	155	Picture	full0i	2034006	0	2	2500	4	0	2450
08-0303	156	Picture	full1i	2044840	0	1	3000	2	0	2950
08-0303	157	Picture	full0n	2055840	0	1	5000	2	0	4950
08-0303	158	Picture	full1n	2068507	0	1	4500	2	0	4450
08-0303	159	Picture	blue1i	2081673	0	1	3000	2	0	2950
08-0303	159	Response	10	2088180	6507	1
08-0303	160	Picture	full0i	2093173	0	1	3334	2	0	3290
08-0303	161	Picture	full0n	2106673	0	1	3167	2	0	3120
08-0303	162	Picture	full1n	2119840	0	1	3833	3	0	3790
08-0303	163	Picture	full1i	2132007	0	1	5000	2	0	4950
08-0303	164	Picture	full1n	2143840	0	1	2500	2	0	2450
08-0303	165	Picture	full0i	2157007	0	1	4333	2	0	4290
08-0303	166	Picture	full0n	2170507	0	1	2833	2	0	2790
08-0303	167	Picture	full1i	2182840	0	1	2834	2	0	2790
08-0303	168	Picture	full0i	2195674	0	1	4166	2	0	4120
08-0303	169	Picture	full0n	2207174	0	1	3666	3	0	3620
08-0303	170	Picture	full0i	2219007	0	1	3667	2	0	3620
08-0303	171	Picture	full1n	2232507	0	1	5000	2	0	4950
08-0303	172	Picture	full0n	2243341	0	1	2833	2	0	2790
08-0303	173	Picture	blue0i	2254674	0	1	3000	2	0	2950
08-0303	173	Response	10	2258877	4203	2
08-0303	174	Picture	full1i	2266507	0	1	2834	2	0	2790
08-0303	175	Picture	full1n	2277507	0	1	4000	2	0	3950
08-0303	176	Picture	full1i	2289674	0	1	3667	2	0	3620
08-0303	177	Picture	full1n	2301507	0	2	2834	3	0	2790
08-0303	178	Picture	blue1i	2313841	0	1	4333	2	0	4290
08-0303	179	Picture	full0n	2326008	0	1	3666	2	0	3620
08-0303	180	Picture	full1n	2338841	0	1	3667	2	0	3620
08-0303	181	Picture	full0i	2349841	0	1	4500	2	0	4450
08-0303	182	Picture	full1i	2362508	0	1	3166	2	0	3120
08-0303	183	Picture	full0n	2375174	0	1	3000	2	0	2950
08-0303	184	Picture	full1n	2387841	0	1	3167	2	0	3120
08-0303	185	Picture	full1i	2400008	0	1	3833	2	0	3790
08-0303	186	Picture	full1n	2412841	0	1	3000	2	0	2950
08-0303	187	Picture	full1i	2426341	0	1	4834	2	0	4790
08-0303	188	Picture	full0i	2437841	0	1	2500	2	0	2450
08-0303	189	Picture	blue0n	2449174	0	2	3001	3	0	2950
08-0303	189	Response	10	2455075	5901	1
08-0303	190	Picture	full1n	2461341	0	1	3000	2	0	2950
08-0303	191	Picture	full1i	2474175	0	1	3666	2	0	3620
08-0303	192	Picture	full0i	2487675	0	1	3333	2	0	3290
08-0303	193	Picture	full0n	2498508	0	1	4500	2	0	4450
08-0303	194	Picture	full0i	2511175	0	1	4167	2	0	4120
08-0303	195	Picture	full1n	2522175	0	1	2667	2	0	2620
08-0303	195	Response	10	2531873	9698	2
08-0303	196	Picture	full1i	2534342	0	1	4666	2	0	4620
08-0303	197	Picture	blue1n	2545342	0	1	2666	2	0	2620
08-0303	197	Response	10	2553073	7731	1
08-0303	198	Picture	full0n	2557675	0	1	4667	2	0	4620
08-0303	199	Picture	full1i	2570842	0	1	2833	2	0	2790
08-0303	200	Picture	full0i	2581675	0	1	4000	2	0	3950
08-0303	201	Picture	full0n	2593842	0	1	3500	2	0	3450
08-0303	202	Picture	full0i	2605675	0	1	4000	2	0	3950
08-0303	203	Picture	full1n	2616675	0	1	4500	2	0	4450
08-0303	204	Picture	full1i	2630175	0	1	2500	2	0	2450
08-0303	205	Picture	full1n	2642009	0	1	4166	2	0	4120
08-0303	206	Picture	blue1i	2655175	0	1	4834	2	0	4790
08-0303	206	Response	10	2661871	6696	2
08-0303	207	Picture	full1n	2666175	0	1	2500	2	0	2450
08-0303	208	Picture	full1i	2679009	0	1	4833	2	0	4790
08-0303	209	Picture	full1n	2690342	0	1	3334	2	0	3290
08-0303	210	Picture	full0n	2703009	0	1	3500	2	0	3450
08-0303	211	Picture	full0i	2715676	0	1	3833	2	0	3790
08-0303	212	Picture	full1i	2728842	0	1	4500	2	0	4450
08-0303	213	Picture	full1n	2739676	0	1	2500	2	0	2450
08-0303	214	Picture	full0n	2751176	0	1	4166	2	0	4120
08-0303	215	Picture	full1i	2764009	0	1	4667	2	0	4620
08-0303	216	Picture	blue0i	2775842	0	2	2500	4	0	2450
08-0303	216	Response	10	2783270	7428	1
08-0303	217	Picture	full0n	2787676	0	1	3500	2	0	3450
08-0303	218	Picture	full0i	2799176	0	1	3167	2	0	3120
08-0303	219	Picture	full0n	2810009	0	1	3000	2	0	2950
08-0303	220	Picture	full1n	2822343	0	1	3333	2	0	3290
08-0303	221	Picture	full1i	2835176	0	1	3000	2	0	2950
08-0303	222	Picture	full0i	2847509	0	1	3000	2	0	2950
08-0303	223	Picture	full0n	2861009	0	2	3667	3	0	3620
08-0303	224	Picture	full0i	2874509	0	2	4000	4	0	3950
08-0303	225	Picture	blue1n	2886676	0	1	4834	2	0	4790
08-0303	226	Picture	full0n	2900176	0	1	2500	2	0	2450
08-0303	227	Picture	full1i	2911510	0	1	4500	2	0	4450
08-0303	228	Picture	full0i	2924676	0	1	3334	2	0	3290
08-0303	229	Picture	full0n	2937343	0	1	4500	2	0	4450
08-0303	230	Picture	full1n	2948176	0	1	4167	2	0	4120
08-0303	231	Picture	full0i	2961343	0	1	3833	2	0	3790
08-0303	232	Picture	full0n	2974176	0	2	4501	3	0	4450
08-0303	233	Picture	full0i	2986343	0	1	2834	2	0	2790
08-0303	234	Picture	full0n	2997843	0	1	3834	2	0	3790
08-0303	235	Picture	full0i	3009343	0	1	4500	2	0	4450
08-0303	236	Picture	full1i	3022177	0	1	3666	2	0	3620
08-0303	237	Picture	full0n	3033510	0	1	4500	2	0	4450
08-0303	238	Picture	full0i	3044843	0	1	4500	2	0	4450
08-0303	239	Picture	full0n	3057010	0	1	4667	2	0	4620
08-0303	240	Picture	full0i	3070510	0	1	3167	2	0	3120
08-0303	241	Picture	blue0n	3083677	0	1	2667	2	0	2620
08-0303	242	Picture	full1n	3095010	0	1	4667	2	0	4620
08-0303	243	Picture	full1i	3107177	0	1	5000	2	0	4950
08-0303	244	Picture	full0i	3118677	0	1	3500	2	0	3450
08-0303	245	Picture	full0n	3131844	0	1	4833	2	0	4790
08-0303	246	Picture	full1n	3144010	0	2	4500	3	0	4450
08-0303	247	Picture	full1i	3156344	0	1	2666	3	0	2620
08-0303	248	Picture	full0i	3169011	0	1	3166	2	0	3120
08-0303	249	Picture	full1n	3181844	0	1	3167	2	0	3120
08-0303	250	Picture	blue1i	3193344	0	1	3167	2	0	3120
08-0303	251	Picture	full1n	3204344	0	1	3167	2	0	3120
08-0303	252	Picture	full0n	3216511	0	1	3833	2	0	3790
08-0303	253	Picture	full0i	3228344	0	1	4833	2	0	4790
08-0303	254	Picture	full0n	3240511	0	1	4500	2	0	4450
08-0303	255	Picture	full1i	3251344	0	1	4500	2	0	4450
08-0303	256	Picture	full1n	3263511	0	1	5000	2	0	4950
08-0303	257	Picture	full0i	3275678	0	1	2500	2	0	2450
08-0303	258	Picture	full1i	3287844	0	1	4667	2	0	4620
08-0303	259	Picture	full1n	3299178	0	1	3166	2	0	3120
08-0303	260	Picture	full1i	3310678	0	1	4333	2	0	4290
08-0303	261	Picture	full1n	3322844	0	1	3667	2	0	3620
08-0303	262	Picture	full1i	3335178	0	1	2666	3	0	2620
08-0303	263	Picture	blue0n	3347011	0	1	2834	2	0	2790
08-0303	263	Response	10	3352051	5040	1
08-0303	264	Picture	full1n	3358011	0	1	5000	2	0	4950
08-0303	265	Picture	full0i	3369511	0	1	3334	2	0	3290
08-0303	266	Picture	full1i	3380845	0	1	2833	2	0	2790
08-0303	267	Picture	full1n	3392678	0	1	3833	2	0	3790
08-0303	268	Picture	full1i	3404011	0	1	2834	2	0	2790
08-0303	269	Picture	full0n	3414845	0	1	3333	2	0	3290
08-0303	270	Picture	default	3426178	0	1	2667	2	0	2500
08-0303	271	Picture	default	3446345	0	1	6818	2	0	2500


Event Type	Code	Type	Response	RT	RT Uncertainty	Time	Uncertainty	Duration	Uncertainty	ReqTime	ReqDur

Picture	full1n	other				4833	1	3166	3	0	3120
Picture	full1i	other				15763	238	2903	239	0	2790
Picture	full1n	other				29000	1	4500	2	0	4450
Picture	full0n	other				42166	1	3500	2	0	3450
Picture	full1i	other				53000	1	4833	2	0	4790
Picture	full1n	other				65166	1	4334	2	0	4290
Picture	full0i	other				77333	1	3500	2	0	3450
Picture	full0n	other				89666	2	4167	3	0	4120
Picture	blue0i	false alarm	2	5694	199	101136	198	3030	199	0	2950
Picture	full1i	other				113166	2	3834	3	0	3790
Picture	full0n	other				126000	1	5000	2	0	4950
Picture	full0i	other				138667	1	4166	2	0	4120
Picture	full1n	other				152167	1	4166	2	0	4120
Picture	full1i	other				164833	1	3667	2	0	3620
Picture	full1n	other				176167	1	4500	2	0	4450
Picture	blue1i	other				188333	2	3334	3	0	3290
Picture	full1n	other				200500	1	4333	3	0	4290
Picture	full0n	other				212667	1	4667	2	0	4620
Picture	full1i	other				224500	1	2500	2	0	2450
Picture	full0i	other				236834	1	3000	2	0	2950
Picture	full0n	other				250334	1	5000	2	0	4950
Picture	full0i	other				263834	1	4500	2	0	4450
Picture	full0n	other				276667	1	3000	2	0	2950
Picture	full1n	other				289334	1	3333	2	0	3290
Picture	blue1i	false alarm	2	5260	2	301167	1	3167	2	0	3120
Picture	full0i	other				313834	1	3833	2	0	3790
Picture	full0n	other				326167	1	5000	2	0	4950
Picture	full0i	other				338001	1	2500	2	0	2450
Picture	full1n	other				349334	1	4333	2	0	4290
Picture	full1i	other				361501	1	2833	2	0	2790
Picture	full0n	other				373001	1	2833	2	0	2790
Picture	full1n	other				383834	1	4167	2	0	4120
Picture	full1i	other				396001	1	3666	3	0	3620
Picture	full1n	other				408834	1	3667	2	0	3620
Picture	full0i	other				421001	1	5000	2	0	4950
Picture	blue1i	false alarm	2	6881	2	432334	1	2834	2	0	2790
Picture	full1n	other				443334	1	3000	2	0	2950
Picture	full0n	other				456001	1	2833	2	0	2790
Picture	full0i	other				467001	1	4000	2	0	3950
Picture	full0n	other				479168	1	3666	2	0	3620
Picture	full0i	other				492001	1	2833	3	0	2790
Picture	full0n	other				505168	1	4333	2	0	4290
Picture	full1i	other				518335	1	3666	2	0	3620
Picture	full0i	other				531001	1	3667	2	0	3620
Picture	full1n	other				541835	1	4500	2	0	4450
Picture	full0n	other				554001	1	3167	2	0	3120
Picture	full1i	other				565501	1	3000	2	0	2950
Picture	blue0i	false alarm	2	4578	2	577335	1	3166	2	0	3120
Picture	full0n	other				588835	1	3833	2	0	3790
Picture	full0i	other				601168	1	3000	2	0	2950
Picture	full0n	other				612668	1	4834	2	0	4790
Picture	full1n	other				625835	1	2500	2	0	2450
Picture	full1i	other				636668	1	3000	2	0	2950
Picture	full0i	other				650168	1	3000	2	0	2950
Picture	full0n	other				661502	1	3666	2	0	3620
Picture	full1n	other				674668	2	3334	3	0	3290
Picture	full1i	other				686835	1	4500	2	0	4450
Picture	blue1n	false alarm	2	4742	2	698669	1	4166	2	0	4120
Picture	full0i	other				711002	1	2667	2	0	2620
Picture	full0n	other				723669	1	4666	2	0	4620
Picture	full0i	other				735835	1	2667	2	0	2620
Picture	full1i	other				748669	1	4666	2	0	4620
Picture	full0n	other				760169	1	2833	2	0	2790
Picture	full1n	other				772335	2	4000	3	0	3950
Picture	full1i	other				785169	1	3500	2	0	3450
Picture	full1n	other				797502	1	4000	2	0	3950
Picture	full0i	other				809669	1	4500	2	0	4450
Picture	blue0n	false alarm	2	4073	3	821836	1	2500	2	0	2450
Picture	full0i	other				834002	1	4167	2	0	4120
Picture	full0n	other				844836	1	4833	2	0	4790
Picture	full0i	other				855836	1	2500	2	0	2450
Picture	full0n	other				868669	1	4833	2	0	4790
Picture	full0i	other				881336	1	3333	2	0	3290
Picture	full1i	other				894836	1	3500	2	0	3450
Picture	full1n	other				907503	1	3833	2	0	3790
Picture	full0n	other				920336	1	4500	2	0	4450
Picture	full0i	other				932503	1	2500	2	0	2450
Picture	full1i	other				943336	1	4167	2	0	4120
Picture	blue0n	false alarm	2	5538	2	956169	1	4667	2	0	4620
Picture	full1n	other				967169	2	2500	3	0	2450
Picture	full1i	other				979503	1	3500	2	0	3450
Picture	full1n	other				990503	1	3167	2	0	3120
Picture	full1i	other				1003670	1	3000	2	0	2950
Picture	full0i	other				1015170	1	3333	2	0	3290
Picture	full0n	other				1026670	1	3000	2	0	2950
Picture	full1n	other				1039003	1	3000	2	0	2950
Picture	full1i	other				1051170	1	3666	2	0	3620
Picture	full1n	other				1064336	2	4000	3	0	3950
Picture	full1i	other				1075670	1	4833	2	0	4790
Picture	full1n	other				1088837	1	2500	2	0	2450
Picture	full0i	other				1100170	1	4500	2	0	4450
Picture	blue1i	false alarm	2	7102	2	1111503	1	3334	2	0	3290
Picture	full1n	other				1123337	1	4500	2	0	4450
Picture	full0n	other				1136503	1	4167	2	0	4120
Picture	full1i	other				1148003	1	3834	2	0	3790
Picture	full1n	other				1159003	2	4500	3	0	4450
Picture	full1i	other				1172170	1	2833	3	0	2790
Picture	full1n	other				1183003	2	3834	3	0	3790
Picture	full1i	other				1195170	1	4500	2	0	4450
Picture	full0i	other				1206004	1	3666	2	0	3620
Picture	blue1n	false alarm	2	9999	2	1217004	1	4500	2	0	4450
Picture	full1i	other				1228004	1	4500	2	0	4450
Picture	full1n	other				1241504	1	4666	2	0	4620
Picture	full1i	other				1253337	1	3167	2	0	3120
Picture	full1n	other				1266837	1	2667	2	0	2620
Picture	full0n	other				1278671	1	4666	2	0	4620
Picture	full0i	other				1290837	1	5000	2	0	4950
Picture	full1i	other				1303171	1	3500	2	0	3450
Picture	full1n	other				1316671	1	4833	2	0	4790
Picture	blue0n	false alarm	2	4897	3	1329004	1	4500	2	0	4450
Picture	full0i	other				1340337	1	2667	2	0	2620
Picture	full1i	other				1351837	2	3167	3	0	3120
Picture	full0n	other				1364504	1	3167	2	0	3120
Picture	full0i	other				1375338	1	3166	2	0	3120
Picture	full0n	other				1387171	1	3167	2	0	3120
Picture	full1n	other				1400004	1	3834	2	0	3790
Picture	full1i	other				1413504	1	4834	2	0	4790
Picture	full1n	other				1426338	1	4500	2	0	4450
Picture	blue0i	false alarm	2	4629	2	1437671	1	4500	2	0	4450
Picture	full0n	other				1449504	2	5000	4	0	4950
Picture	full1i	other				1460504	2	2500	4	0	2450
Picture	full0i	other				1472838	1	4667	2	0	4620
Picture	full0n	other				1484171	1	3167	2	0	3120
Picture	full0i	other				1495505	1	4333	2	0	4290
Picture	full0n	other				1507005	1	3666	2	0	3620
Picture	full0i	other				1518838	1	2667	2	0	2620
Picture	blue1n	false alarm	2	7761	2	1532338	1	2833	2	0	2790
Picture	full0n	other				1545838	1	5000	2	0	4950
Picture	full1i	other				1556838	1	3333	3	0	3290
Picture	full0i	other				1569505	1	2833	2	0	2790
Picture	full0n	other				1581005	1	3833	2	0	3790
Picture	full0i	other				1593172	1	2833	2	0	2790
Picture	full1n	other				1604005	1	3333	2	0	3290
Picture	82	other				1615338	1	100167	2	0	next
Picture	82	other				1715505	1	10000	2	100000	next
Picture	82	other				1725505	1	10000	2	110000	next
Picture	82	other				1735505	1	10000	3	120000	next
Picture	82	other				1745505	2	10001	3	130000	next
Picture	82	other				1755506	1	10000	2	140000	next
Picture	82	other				1765506	1	10000	2	150000	next
Picture	82	other				1775506	1	10000	2	160000	next
Picture	82	other				1785506	1	10000	2	170000	next
Picture	82	other				1795506	1	10000	2	180000	next
Picture	82	other				1805506	1	10000	2	190000	10000
Picture	full0n	other				1815506	1	3166	2	0	3120
Picture	full0i	other				1827839	1	2833	2	0	2790
Picture	full0n	other				1840672	2	4500	4	0	4450
Picture	full1n	other				1852173	1	3500	2	0	3450
Picture	blue0i	false alarm	2	4310	3	1865673	1	4833	2	0	4790
Picture	full0n	other				1877839	1	4334	2	0	4290
Picture	full1i	other				1890173	1	3500	2	0	3450
Picture	full1n	other				1901173	1	4166	2	0	4120
Picture	full1i	other				1912506	1	3000	2	0	2950
Picture	full0i	other				1924673	1	3833	2	0	3790
Picture	full1n	other				1935673	1	5000	2	0	4950
Picture	full1i	other				1948340	1	4166	2	0	4120
Picture	blue0n	false alarm	2	3976	2	1960506	1	4167	2	0	4120
Picture	full0i	other				1973173	1	3667	2	0	3620
Picture	full0n	other				1984006	1	4500	2	0	4450
Picture	full0i	other				1996340	1	3333	2	0	3290
Picture	full0n	other				2008673	1	4333	2	0	4290
Picture	full1n	other				2020840	1	4666	3	0	4620
Picture	full0i	other				2034006	2	2500	4	0	2450
Picture	full1i	other				2044840	1	3000	2	0	2950
Picture	full0n	other				2055840	1	5000	2	0	4950
Picture	full1n	other				2068507	1	4500	2	0	4450
Picture	blue1i	false alarm	2	6507	2	2081673	1	3000	2	0	2950
Picture	full0i	other				2093173	1	3334	2	0	3290
Picture	full0n	other				2106673	1	3167	2	0	3120
Picture	full1n	other				2119840	1	3833	3	0	3790
Picture	full1i	other				2132007	1	5000	2	0	4950
Picture	full1n	other				2143840	1	2500	2	0	2450
Picture	full0i	other				2157007	1	4333	2	0	4290
Picture	full0n	other				2170507	1	2833	2	0	2790
Picture	full1i	other				2182840	1	2834	2	0	2790
Picture	full0i	other				2195674	1	4166	2	0	4120
Picture	full0n	other				2207174	1	3666	3	0	3620
Picture	full0i	other				2219007	1	3667	2	0	3620
Picture	full1n	other				2232507	1	5000	2	0	4950
Picture	full0n	other				2243341	1	2833	2	0	2790
Picture	blue0i	false alarm	2	4203	3	2254674	1	3000	2	0	2950
Picture	full1i	other				2266507	1	2834	2	0	2790
Picture	full1n	other				2277507	1	4000	2	0	3950
Picture	full1i	other				2289674	1	3667	2	0	3620
Picture	full1n	other				2301507	2	2834	3	0	2790
Picture	blue1i	other				2313841	1	4333	2	0	4290
Picture	full0n	other				2326008	1	3666	2	0	3620
Picture	full1n	other				2338841	1	3667	2	0	3620
Picture	full0i	other				2349841	1	4500	2	0	4450
Picture	full1i	other				2362508	1	3166	2	0	3120
Picture	full0n	other				2375174	1	3000	2	0	2950
Picture	full1n	other				2387841	1	3167	2	0	3120
Picture	full1i	other				2400008	1	3833	2	0	3790
Picture	full1n	other				2412841	1	3000	2	0	2950
Picture	full1i	other				2426341	1	4834	2	0	4790
Picture	full0i	other				2437841	1	2500	2	0	2450
Picture	blue0n	false alarm	2	5901	3	2449174	2	3001	3	0	2950
Picture	full1n	other				2461341	1	3000	2	0	2950
Picture	full1i	other				2474175	1	3666	2	0	3620
Picture	full0i	other				2487675	1	3333	2	0	3290
Picture	full0n	other				2498508	1	4500	2	0	4450
Picture	full0i	other				2511175	1	4167	2	0	4120
Picture	full1n	other				2522175	1	2667	2	0	2620
Picture	full1i	other				2534342	1	4666	2	0	4620
Picture	blue1n	false alarm	2	7731	2	2545342	1	2666	2	0	2620
Picture	full0n	other				2557675	1	4667	2	0	4620
Picture	full1i	other				2570842	1	2833	2	0	2790
Picture	full0i	other				2581675	1	4000	2	0	3950
Picture	full0n	other				2593842	1	3500	2	0	3450
Picture	full0i	other				2605675	1	4000	2	0	3950
Picture	full1n	other				2616675	1	4500	2	0	4450
Picture	full1i	other				2630175	1	2500	2	0	2450
Picture	full1n	other				2642009	1	4166	2	0	4120
Picture	blue1i	false alarm	2	6696	3	2655175	1	4834	2	0	4790
Picture	full1n	other				2666175	1	2500	2	0	2450
Picture	full1i	other				2679009	1	4833	2	0	4790
Picture	full1n	other				2690342	1	3334	2	0	3290
Picture	full0n	other				2703009	1	3500	2	0	3450
Picture	full0i	other				2715676	1	3833	2	0	3790
Picture	full1i	other				2728842	1	4500	2	0	4450
Picture	full1n	other				2739676	1	2500	2	0	2450
Picture	full0n	other				2751176	1	4166	2	0	4120
Picture	full1i	other				2764009	1	4667	2	0	4620
Picture	blue0i	false alarm	2	7428	3	2775842	2	2500	4	0	2450
Picture	full0n	other				2787676	1	3500	2	0	3450
Picture	full0i	other				2799176	1	3167	2	0	3120
Picture	full0n	other				2810009	1	3000	2	0	2950
Picture	full1n	other				2822343	1	3333	2	0	3290
Picture	full1i	other				2835176	1	3000	2	0	2950
Picture	full0i	other				2847509	1	3000	2	0	2950
Picture	full0n	other				2861009	2	3667	3	0	3620
Picture	full0i	other				2874509	2	4000	4	0	3950
Picture	blue1n	other				2886676	1	4834	2	0	4790
Picture	full0n	other				2900176	1	2500	2	0	2450
Picture	full1i	other				2911510	1	4500	2	0	4450
Picture	full0i	other				2924676	1	3334	2	0	3290
Picture	full0n	other				2937343	1	4500	2	0	4450
Picture	full1n	other				2948176	1	4167	2	0	4120
Picture	full0i	other				2961343	1	3833	2	0	3790
Picture	full0n	other				2974176	2	4501	3	0	4450
Picture	full0i	other				2986343	1	2834	2	0	2790
Picture	full0n	other				2997843	1	3834	2	0	3790
Picture	full0i	other				3009343	1	4500	2	0	4450
Picture	full1i	other				3022177	1	3666	2	0	3620
Picture	full0n	other				3033510	1	4500	2	0	4450
Picture	full0i	other				3044843	1	4500	2	0	4450
Picture	full0n	other				3057010	1	4667	2	0	4620
Picture	full0i	other				3070510	1	3167	2	0	3120
Picture	blue0n	other				3083677	1	2667	2	0	2620
Picture	full1n	other				3095010	1	4667	2	0	4620
Picture	full1i	other				3107177	1	5000	2	0	4950
Picture	full0i	other				3118677	1	3500	2	0	3450
Picture	full0n	other				3131844	1	4833	2	0	4790
Picture	full1n	other				3144010	2	4500	3	0	4450
Picture	full1i	other				3156344	1	2666	3	0	2620
Picture	full0i	other				3169011	1	3166	2	0	3120
Picture	full1n	other				3181844	1	3167	2	0	3120
Picture	blue1i	other				3193344	1	3167	2	0	3120
Picture	full1n	other				3204344	1	3167	2	0	3120
Picture	full0n	other				3216511	1	3833	2	0	3790
Picture	full0i	other				3228344	1	4833	2	0	4790
Picture	full0n	other				3240511	1	4500	2	0	4450
Picture	full1i	other				3251344	1	4500	2	0	4450
Picture	full1n	other				3263511	1	5000	2	0	4950
Picture	full0i	other				3275678	1	2500	2	0	2450
Picture	full1i	other				3287844	1	4667	2	0	4620
Picture	full1n	other				3299178	1	3166	2	0	3120
Picture	full1i	other				3310678	1	4333	2	0	4290
Picture	full1n	other				3322844	1	3667	2	0	3620
Picture	full1i	other				3335178	1	2666	3	0	2620
Picture	blue0n	false alarm	2	5040	2	3347011	1	2834	2	0	2790
Picture	full1n	other				3358011	1	5000	2	0	4950
Picture	full0i	other				3369511	1	3334	2	0	3290
Picture	full1i	other				3380845	1	2833	2	0	2790
Picture	full1n	other				3392678	1	3833	2	0	3790
Picture	full1i	other				3404011	1	2834	2	0	2790
Picture	full0n	other				3414845	1	3333	2	0	3290
Picture	default	other				3426178	1	2667	2	0	2500
Picture	default	other				3446345	1	6818	2	0	2500
