Scenario - visual LTP Rap V4.0 HVD (based on combined block 1+2 from old 45 135 degree pilot)
Logfile written - 04/24/2015 14:32:09

Subject	Trial	Event Type	Code	Time	TTime	Uncertainty	Duration	Uncertainty	ReqTime	ReqDur

08_S0305_v0	1	Response	128	-3630	6203	1
08_S0305_v0	3	Picture	full1n	6833	0	1	4667	2	0	4620
08_S0305_v0	4	Picture	full0n	18303	0	198	2697	199	0	2620
08_S0305_v0	5	Picture	full0i	30166	0	2	4334	3	0	4290
08_S0305_v0	6	Picture	blue0n	42966	0	202	2700	204	0	2620
08_S0305_v0	6	Response	10	47018	4052	1
08_S0305_v0	7	Picture	full1i	54966	0	202	4034	203	0	3950
08_S0305_v0	8	Picture	full1n	66000	0	1	2500	2	0	2450
08_S0305_v0	9	Picture	full0i	77333	0	1	4834	2	0	4790
08_S0305_v0	10	Picture	full1i	88167	0	1	2500	2	0	2450
08_S0305_v0	11	Picture	full0n	100333	0	2	2834	3	0	2790
08_S0305_v0	12	Picture	full1n	113834	0	1	4666	2	0	4620
08_S0305_v0	13	Picture	full1i	126000	0	1	4834	2	0	4790
08_S0305_v0	14	Picture	full1n	136834	0	1	4166	2	0	4120
08_S0305_v0	15	Picture	full1i	149667	0	1	4667	2	0	4620
08_S0305_v0	16	Picture	full0i	162834	0	1	4000	2	0	3950
08_S0305_v0	17	Picture	blue0n	175501	0	1	3000	2	0	2950
08_S0305_v0	17	Response	10	179016	3515	1
08_S0305_v0	18	Picture	full0i	187667	0	2	4334	3	0	4290
08_S0305_v0	19	Picture	full0n	198501	0	1	4167	2	0	4120
08_S0305_v0	20	Picture	full1n	211168	0	1	3166	2	0	3120
08_S0305_v0	21	Picture	full0i	222168	0	1	3833	2	0	3790
08_S0305_v0	22	Picture	full0n	235001	0	1	4167	2	0	4120
08_S0305_v0	23	Picture	full1i	246501	0	1	2500	2	0	2450
08_S0305_v0	24	Picture	full1n	258335	0	1	4166	2	0	4120
08_S0305_v0	25	Picture	full0i	269168	0	1	3000	2	0	2950
08_S0305_v0	26	Picture	full0n	281835	0	1	2833	2	0	2790
08_S0305_v0	27	Picture	full0i	293668	0	1	3167	2	0	3120
08_S0305_v0	28	Picture	full1i	305168	0	1	4834	2	0	4790
08_S0305_v0	29	Picture	blue1n	316502	0	1	4166	2	0	4120
08_S0305_v0	29	Response	10	320215	3713	1
08_S0305_v0	30	Picture	full0n	328002	0	1	5000	2	0	4950
08_S0305_v0	31	Picture	full1i	340168	0	2	4500	3	0	4450
08_S0305_v0	32	Picture	full1n	351502	0	1	4500	2	0	4450
08_S0305_v0	33	Picture	full1i	362835	0	1	4167	2	0	4120
08_S0305_v0	34	Picture	full1n	376335	0	1	4500	2	0	4450
08_S0305_v0	35	Picture	full0i	389169	0	1	2500	2	0	2450
08_S0305_v0	35	Response	10	393714	4545	1
08_S0305_v0	36	Picture	full0n	400502	0	1	4000	2	0	3950
08_S0305_v0	37	Picture	full0i	413169	0	1	4833	2	0	4790
08_S0305_v0	38	Picture	full1i	424669	0	1	2833	2	0	2790
08_S0305_v0	39	Picture	full1n	437836	0	1	4333	2	0	4290
08_S0305_v0	40	Picture	full1i	450002	0	2	3334	3	0	3290
08_S0305_v0	41	Picture	full1n	462336	0	1	5000	2	0	4950
08_S0305_v0	42	Picture	full0n	474669	0	1	3167	2	0	3120
08_S0305_v0	43	Picture	full0i	486169	0	1	4000	2	0	3950
08_S0305_v0	44	Picture	full0n	499669	0	2	4001	3	0	3950
08_S0305_v0	45	Picture	blue1i	513170	0	1	4833	2	0	4790
08_S0305_v0	45	Response	10	517212	4042	1
08_S0305_v0	46	Picture	full0i	525003	0	1	3000	2	0	2950
08_S0305_v0	47	Picture	full1n	537836	0	1	3167	2	0	3120
08_S0305_v0	48	Picture	full1i	551003	0	1	3334	2	0	3290
08_S0305_v0	49	Picture	full0n	563670	0	1	2833	2	0	2790
08_S0305_v0	50	Picture	blue1n	575003	0	1	4167	2	0	4120
08_S0305_v0	50	Response	10	581111	6108	1
08_S0305_v0	51	Picture	full1i	586003	0	1	3667	2	0	3620
08_S0305_v0	52	Picture	blue0i	596837	0	1	3833	2	0	3790
08_S0305_v0	52	Response	10	602111	5274	1
08_S0305_v0	53	Picture	full1n	607837	0	1	3000	2	0	2950
08_S0305_v0	54	Picture	full1i	619670	0	1	4834	2	0	4790
08_S0305_v0	55	Picture	full1n	631837	0	1	4500	2	0	4450
08_S0305_v0	56	Picture	full1i	643670	0	2	4500	4	0	4450
08_S0305_v0	57	Picture	blue1n	656004	0	1	3167	2	0	3120
08_S0305_v0	57	Response	10	660510	4506	2
08_S0305_v0	58	Picture	full0n	667337	0	1	4500	2	0	4450
08_S0305_v0	59	Picture	full1i	678837	0	1	3167	2	0	3120
08_S0305_v0	60	Picture	full1n	690171	0	1	3500	2	0	3450
08_S0305_v0	61	Picture	full1i	701004	0	1	4334	2	0	4290
08_S0305_v0	62	Picture	full1n	712004	0	1	3000	2	0	2950
08_S0305_v0	63	Picture	full1i	723338	0	1	3500	2	0	3450
08_S0305_v0	64	Picture	blue1n	735171	0	1	3333	2	0	3290
08_S0305_v0	64	Response	10	739109	3938	2
08_S0305_v0	65	Picture	full0i	747504	0	2	3167	3	0	3120
08_S0305_v0	66	Picture	full1i	760671	0	1	4667	2	0	4620
08_S0305_v0	67	Picture	full0n	772838	0	1	2667	2	0	2620
08_S0305_v0	68	Picture	full1n	785671	0	1	3667	2	0	3620
08_S0305_v0	69	Picture	full1i	797171	0	2	4834	3	0	4790
08_S0305_v0	70	Picture	full1n	808005	0	1	3333	2	0	3290
08_S0305_v0	71	Picture	full1i	820172	0	1	3833	2	0	3790
08_S0305_v0	72	Picture	full0i	831172	0	1	3833	2	0	3790
08_S0305_v0	72	Response	10	836308	5136	1
08_S0305_v0	73	Picture	full1n	844672	0	1	4500	2	0	4450
08_S0305_v0	74	Picture	full0n	857005	0	1	4834	2	0	4790
08_S0305_v0	75	Picture	full1i	867839	0	1	2666	2	0	2620
08_S0305_v0	76	Picture	full0i	879339	0	1	4500	2	0	4450
08_S0305_v0	77	Picture	full1n	891505	0	1	4334	2	0	4290
08_S0305_v0	78	Picture	full0n	903672	0	1	3834	2	0	3790
08_S0305_v0	79	Picture	blue0i	916006	0	1	2833	2	0	2790
08_S0305_v0	79	Response	10	920097	4091	1
08_S0305_v0	80	Picture	full0n	929506	0	1	4166	2	0	4120
08_S0305_v0	81	Picture	full0i	941672	0	2	2500	3	0	2450
08_S0305_v0	82	Picture	full1i	954506	0	1	4833	2	0	4790
08_S0305_v0	83	Picture	full1n	965506	0	1	2833	2	0	2790
08_S0305_v0	84	Picture	full1i	978173	0	1	4000	2	0	3950
08_S0305_v0	85	Picture	full0n	991673	0	1	3833	2	0	3790
08_S0305_v0	86	Picture	full1n	1003006	0	1	4667	2	0	4620
08_S0305_v0	87	Picture	full1i	1014840	0	1	4000	2	0	3950
08_S0305_v0	88	Picture	full1n	1025840	0	1	3166	2	0	3120
08_S0305_v0	89	Picture	full0i	1039340	0	1	3833	2	0	3790
08_S0305_v0	90	Picture	full1i	1052506	0	2	2501	3	0	2450
08_S0305_v0	91	Picture	full0n	1064673	0	1	4334	2	0	4290
08_S0305_v0	91	Response	10	1068495	3822	2
08_S0305_v0	92	Picture	full0i	1077507	0	1	4000	2	0	3950
08_S0305_v0	93	Picture	full0n	1089673	0	1	4167	2	0	4120
08_S0305_v0	94	Picture	full1n	1101840	0	1	4167	2	0	4120
08_S0305_v0	95	Picture	full0i	1115007	0	1	4333	2	0	4290
08_S0305_v0	96	Picture	blue1i	1126507	0	1	4000	2	0	3950
08_S0305_v0	96	Response	10	1131595	5088	1
08_S0305_v0	97	Picture	full0n	1137507	0	1	2833	2	0	2790
08_S0305_v0	98	Picture	full1n	1148840	0	2	4167	3	0	4120
08_S0305_v0	99	Picture	full0i	1161507	0	1	3167	2	0	3120
08_S0305_v0	100	Picture	full0n	1174174	0	1	3667	2	0	3620
08_S0305_v0	101	Picture	full1i	1187007	0	1	3834	2	0	3790
08_S0305_v0	102	Picture	full0i	1200507	0	2	3500	4	0	3450
08_S0305_v0	103	Picture	full0n	1212841	0	1	2500	2	0	2450
08_S0305_v0	104	Picture	full0i	1224341	0	1	2833	2	0	2790
08_S0305_v0	105	Picture	full0n	1235674	0	1	3500	2	0	3450
08_S0305_v0	106	Picture	full0i	1248008	0	1	3000	2	0	2950
08_S0305_v0	107	Picture	full1n	1260175	0	1	5000	2	0	4950
08_S0305_v0	108	Picture	full0n	1272341	0	1	4334	2	0	4290
08_S0305_v0	109	Picture	full0i	1284675	0	1	4833	2	0	4790
08_S0305_v0	110	Picture	full0n	1298175	0	1	3500	2	0	3450
08_S0305_v0	111	Picture	blue0i	1310008	0	1	3834	2	0	3790
08_S0305_v0	111	Response	10	1315492	5484	2
08_S0305_v0	112	Picture	full0n	1322175	0	1	3333	2	0	3290
08_S0305_v0	113	Picture	full0i	1335342	0	1	3000	2	0	2950
08_S0305_v0	114	Picture	full1i	1346342	0	1	2666	2	0	2620
08_S0305_v0	115	Picture	full1n	1359509	0	1	3333	2	0	3290
08_S0305_v0	116	Picture	full0n	1372675	0	1	4834	2	0	4790
08_S0305_v0	117	Picture	full1i	1386175	0	1	4334	2	0	4290
08_S0305_v0	118	Picture	full1n	1398342	0	1	3833	3	0	3790
08_S0305_v0	119	Picture	full1i	1410176	0	1	4000	2	0	3950
08_S0305_v0	120	Picture	full1n	1421009	0	1	3167	2	0	3120
08_S0305_v0	121	Picture	blue0i	1433176	0	1	4333	2	0	4290
08_S0305_v0	121	Response	10	1437591	4415	1
08_S0305_v0	122	Picture	full0n	1445009	0	1	3000	2	0	2950
08_S0305_v0	123	Picture	full0i	1457342	0	2	4334	3	0	4290
08_S0305_v0	124	Picture	full1i	1470509	0	1	2667	2	0	2620
08_S0305_v0	125	Picture	full0n	1481343	0	1	4166	2	0	4120
08_S0305_v0	126	Picture	full0i	1493509	0	2	4834	3	0	4790
08_S0305_v0	127	Picture	full0n	1506176	0	1	2667	2	0	2620
08_S0305_v0	128	Picture	full0i	1519010	0	1	3166	2	0	3120
08_S0305_v0	129	Picture	full0n	1531843	0	1	4833	2	0	4790
08_S0305_v0	130	Picture	full0i	1544010	0	1	3666	2	0	3620
08_S0305_v0	131	Picture	blue1n	1556343	0	1	4500	2	0	4450
08_S0305_v0	131	Response	10	1561689	5346	2
08_S0305_v0	132	Picture	full0n	1569010	0	1	4167	2	0	4120
08_S0305_v0	133	Picture	full0i	1581677	0	1	4666	2	0	4620
08_S0305_v0	134	Picture	full1i	1594843	0	1	4334	2	0	4290
08_S0305_v0	135	Picture	full1n	1606343	0	2	3667	3	0	3620
08_S0305_v0	136	Picture	82	1617344	0	1	100167	2	0	next
08_S0305_v0	136	Picture	82	1717511	100167	1	10000	2	100000	next
08_S0305_v0	136	Picture	82	1727511	110167	1	10000	2	110000	next
08_S0305_v0	136	Picture	82	1737511	120167	1	10000	2	120000	next
08_S0305_v0	136	Picture	82	1747511	130167	1	10000	2	130000	next
08_S0305_v0	136	Picture	82	1757511	140167	1	10000	2	140000	next
08_S0305_v0	136	Picture	82	1767511	150167	1	10000	2	150000	next
08_S0305_v0	136	Picture	82	1777511	160167	1	10000	2	160000	next
08_S0305_v0	136	Picture	82	1787511	170167	1	10000	2	170000	next
08_S0305_v0	136	Picture	82	1797511	180167	1	10000	3	180000	next
08_S0305_v0	136	Picture	82	1807511	190167	2	10001	3	190000	10000
08_S0305_v0	137	Picture	full0n	1817512	0	1	4666	2	0	4620
08_S0305_v0	138	Picture	full1n	1828845	0	1	2667	2	0	2620
08_S0305_v0	139	Picture	full1i	1841012	0	1	4333	2	0	4290
08_S0305_v0	140	Picture	full1n	1852845	0	1	2667	2	0	2620
08_S0305_v0	141	Picture	full0i	1863679	0	1	4000	2	0	3950
08_S0305_v0	142	Picture	full0n	1876512	0	1	2500	2	0	2450
08_S0305_v0	143	Picture	full1i	1888012	0	1	4833	2	0	4790
08_S0305_v0	144	Picture	full0i	1900345	0	2	2500	3	0	2450
08_S0305_v0	145	Picture	blue0n	1912512	0	1	2834	2	0	2790
08_S0305_v0	145	Response	10	1916985	4473	1
08_S0305_v0	146	Picture	full0i	1924346	0	1	4666	2	0	4620
08_S0305_v0	147	Picture	full1n	1937179	0	1	4833	2	0	4790
08_S0305_v0	148	Picture	full0n	1948512	0	2	4167	3	0	4120
08_S0305_v0	149	Picture	full0i	1961179	0	1	4667	2	0	4620
08_S0305_v0	150	Picture	blue1i	1973513	0	1	4000	2	0	3950
08_S0305_v0	150	Response	10	1978484	4971	1
08_S0305_v0	151	Picture	full1n	1985346	0	1	3000	2	0	2950
08_S0305_v0	152	Picture	full1i	1996179	0	1	4334	2	0	4290
08_S0305_v0	153	Picture	full1n	2007679	0	2	4167	3	0	4120
08_S0305_v0	154	Picture	full0n	2019846	0	1	3167	2	0	3120
08_S0305_v0	155	Picture	full1i	2032513	0	1	3833	2	0	3790
08_S0305_v0	156	Picture	full1n	2045680	0	1	4166	2	0	4120
08_S0305_v0	157	Picture	full0i	2057846	0	2	2500	4	0	2450
08_S0305_v0	158	Picture	blue0n	2070013	0	1	4167	2	0	4120
08_S0305_v0	158	Response	10	2074683	4670	1
08_S0305_v0	159	Picture	full1i	2081013	0	1	3000	2	0	2950
08_S0305_v0	160	Picture	full1n	2093680	0	1	2833	2	0	2790
08_S0305_v0	161	Picture	full1i	2104513	0	2	3167	3	0	3120
08_S0305_v0	162	Picture	full0i	2117680	0	1	4834	2	0	4790
08_S0305_v0	163	Picture	full0n	2129847	0	1	4167	2	0	4120
08_S0305_v0	164	Picture	full1n	2140847	0	1	5000	2	0	4950
08_S0305_v0	165	Picture	full0i	2154347	0	1	4500	2	0	4450
08_S0305_v0	166	Picture	full1i	2165681	0	1	4500	2	0	4450
08_S0305_v0	167	Picture	full0n	2178847	0	1	4167	2	0	4120
08_S0305_v0	168	Picture	full0i	2190347	0	1	4500	2	0	4450
08_S0305_v0	169	Picture	blue0n	2202514	0	1	2500	2	0	2450
08_S0305_v0	169	Response	10	2207372	4858	1
08_S0305_v0	170	Picture	full1n	2214014	0	1	4000	2	0	3950
08_S0305_v0	171	Picture	full1i	2225514	0	1	4834	2	0	4790
08_S0305_v0	172	Picture	full0i	2239014	0	1	2834	2	0	2790
08_S0305_v0	173	Picture	full0n	2251681	0	1	4333	2	0	4290
08_S0305_v0	174	Picture	full0i	2263015	0	1	3333	2	0	3290
08_S0305_v0	175	Picture	full0n	2274848	0	1	5000	2	0	4950
08_S0305_v0	176	Picture	full1n	2287015	0	1	3166	2	0	3120
08_S0305_v0	177	Picture	full1i	2298015	0	1	4000	2	0	3950
08_S0305_v0	178	Picture	full1n	2309015	0	1	4000	2	0	3950
08_S0305_v0	179	Picture	full0i	2320015	0	1	4833	2	0	4790
08_S0305_v0	180	Picture	full1i	2330848	0	1	3000	2	0	2950
08_S0305_v0	181	Picture	full0n	2343182	0	1	3166	2	0	3120
08_S0305_v0	182	Picture	full0i	2355848	0	2	3334	3	0	3290
08_S0305_v0	183	Picture	blue1n	2368015	0	1	2834	2	0	2790
08_S0305_v0	183	Response	10	2374570	6555	1
08_S0305_v0	184	Picture	full0n	2380349	0	1	4166	2	0	4120
08_S0305_v0	185	Picture	full0i	2392182	0	1	3667	2	0	3620
08_S0305_v0	186	Picture	full1i	2404349	0	1	3833	2	0	3790
08_S0305_v0	187	Picture	full0n	2417849	0	1	3000	2	0	2950
08_S0305_v0	188	Picture	full0i	2429682	0	1	4834	2	0	4790
08_S0305_v0	189	Picture	full0n	2443182	0	1	4500	2	0	4450
08_S0305_v0	190	Picture	full0i	2454682	0	2	4500	4	0	4450
08_S0305_v0	191	Picture	full0n	2466016	0	1	3167	2	0	3120
08_S0305_v0	192	Picture	full1n	2479183	0	1	4500	2	0	4450
08_S0305_v0	193	Picture	blue0i	2491516	0	1	3167	2	0	3120
08_S0305_v0	193	Response	10	2496868	5352	1
08_S0305_v0	194	Picture	full0n	2504183	0	1	3500	2	0	3450
08_S0305_v0	195	Picture	full0i	2516516	0	1	4334	2	0	4290
08_S0305_v0	196	Picture	full0n	2527350	0	1	3000	2	0	2950
08_S0305_v0	197	Picture	full0i	2540183	0	1	3500	2	0	3450
08_S0305_v0	198	Picture	full0n	2552350	0	1	3333	2	0	3290
08_S0305_v0	199	Picture	full1i	2564516	0	2	3167	3	0	3120
08_S0305_v0	200	Picture	blue0i	2576683	0	1	4667	2	0	4620
08_S0305_v0	200	Response	10	2580867	4184	1
08_S0305_v0	201	Picture	full1n	2588850	0	1	2667	2	0	2620
08_S0305_v0	202	Picture	full0n	2599683	0	1	3667	2	0	3620
08_S0305_v0	203	Picture	full0i	2612017	0	1	4833	2	0	4790
08_S0305_v0	204	Picture	full0n	2625184	0	1	3333	2	0	3290
08_S0305_v0	205	Picture	full0i	2638350	0	1	3834	2	0	3790
08_S0305_v0	206	Picture	full1i	2650517	0	1	3833	2	0	3790
08_S0305_v0	207	Picture	full0n	2662350	0	2	4501	3	0	4450
08_S0305_v0	208	Picture	full1n	2673351	0	1	4833	2	0	4790
08_S0305_v0	209	Picture	full0i	2685184	0	1	2667	2	0	2620
08_S0305_v0	210	Picture	full1i	2696684	0	1	4500	2	0	4450
08_S0305_v0	211	Picture	full0n	2710184	0	1	4333	3	0	4290
08_S0305_v0	212	Picture	full1n	2721684	0	1	3834	2	0	3790
08_S0305_v0	213	Picture	full1i	2734018	0	1	2833	2	0	2790
08_S0305_v0	214	Picture	blue1n	2745351	0	1	4167	2	0	4120
08_S0305_v0	214	Response	10	2749765	4414	1
08_S0305_v0	215	Picture	full1i	2756351	0	1	2500	2	0	2450
08_S0305_v0	216	Picture	full0i	2769018	0	1	4833	2	0	4790
08_S0305_v0	217	Picture	full0n	2781851	0	1	2834	2	0	2790
08_S0305_v0	218	Picture	full0i	2794518	0	1	4000	2	0	3950
08_S0305_v0	219	Picture	blue1n	2805518	0	1	3833	2	0	3790
08_S0305_v0	219	Response	10	2812164	6646	1
08_S0305_v0	220	Picture	full0n	2816518	0	1	4667	2	0	4620
08_S0305_v0	221	Picture	full0i	2830018	0	1	4000	2	0	3950
08_S0305_v0	222	Picture	full0n	2841352	0	1	3166	2	0	3120
08_S0305_v0	223	Picture	full1i	2854852	0	1	3833	2	0	3790
08_S0305_v0	224	Picture	full0i	2867519	0	1	2500	2	0	2450
08_S0305_v0	225	Picture	full1n	2878852	0	1	4333	2	0	4290
08_S0305_v0	226	Picture	full1i	2891519	0	1	4000	2	0	3950
08_S0305_v0	227	Picture	full1n	2903019	0	1	4166	2	0	4120
08_S0305_v0	228	Picture	full0n	2914019	0	1	4167	2	0	4120
08_S0305_v0	229	Picture	full1i	2926852	0	1	4334	2	0	4290
08_S0305_v0	230	Picture	full0i	2939019	0	1	4000	2	0	3950
08_S0305_v0	231	Picture	full1n	2950352	0	1	2834	2	0	2790
08_S0305_v0	232	Picture	blue0n	2961186	0	1	4166	3	0	4120
08_S0305_v0	232	Response	10	2964662	3476	2
08_S0305_v0	233	Picture	full1i	2973353	0	1	3166	2	0	3120
08_S0305_v0	234	Picture	full1n	2984686	0	1	3667	2	0	3620
08_S0305_v0	235	Picture	full0i	2997519	0	1	3834	2	0	3790
08_S0305_v0	236	Picture	full1i	3009019	0	2	3500	4	0	3450
08_S0305_v0	237	Picture	full1n	3021353	0	1	2500	2	0	2450
08_S0305_v0	238	Picture	full1i	3034853	0	1	2833	2	0	2790
08_S0305_v0	239	Picture	full1n	3047686	0	1	3500	2	0	3450
08_S0305_v0	240	Picture	full1i	3059520	0	1	3000	2	0	2950
08_S0305_v0	241	Picture	full0n	3072687	0	1	5000	2	0	4950
08_S0305_v0	242	Picture	full1n	3083520	0	1	4333	2	0	4290
08_S0305_v0	243	Picture	full1i	3096687	0	1	4833	2	0	4790
08_S0305_v0	244	Picture	full1n	3109020	0	1	3500	2	0	3450
08_S0305_v0	245	Picture	full1i	3122187	0	1	3833	2	0	3790
08_S0305_v0	246	Picture	full1n	3135354	0	1	3333	2	0	3290
08_S0305_v0	247	Picture	full1i	3147520	0	1	3000	2	0	2950
08_S0305_v0	248	Picture	full0i	3160354	0	1	2666	3	0	2620
08_S0305_v0	249	Picture	full0n	3171354	0	1	3333	2	0	3290
08_S0305_v0	250	Picture	blue1n	3184021	0	1	4833	2	0	4790
08_S0305_v0	250	Response	10	3187959	3938	2
08_S0305_v0	251	Picture	full0i	3195354	0	1	4333	2	0	4290
08_S0305_v0	252	Picture	full0n	3207521	0	1	3833	2	0	3790
08_S0305_v0	253	Picture	full0i	3219021	0	1	4000	2	0	3950
08_S0305_v0	254	Picture	full0n	3230854	0	1	3167	2	0	3120
08_S0305_v0	255	Picture	full1i	3244354	0	1	4334	2	0	4290
08_S0305_v0	256	Picture	full1n	3256521	0	1	3000	2	0	2950
08_S0305_v0	257	Picture	full1i	3267354	0	2	4334	3	0	4290
08_S0305_v0	258	Picture	blue0i	3280855	0	1	2666	2	0	2620
08_S0305_v0	258	Response	10	3287458	6603	2
08_S0305_v0	259	Picture	full1n	3294355	0	1	4166	2	0	4120
08_S0305_v0	260	Picture	full1i	3305188	0	1	4833	2	0	4790
08_S0305_v0	261	Picture	full1n	3316688	0	1	2667	2	0	2620
08_S0305_v0	262	Picture	full1i	3329022	0	1	3166	2	0	3120
08_S0305_v0	263	Picture	full1n	3341855	0	1	4833	2	0	4790
08_S0305_v0	264	Picture	full1i	3353188	0	1	3667	2	0	3620
08_S0305_v0	265	Picture	full0n	3366022	0	1	4500	2	0	4450
08_S0305_v0	266	Picture	full1n	3378855	0	1	4167	2	0	4120
08_S0305_v0	267	Picture	blue1i	3390689	0	1	4666	2	0	4620
08_S0305_v0	267	Response	10	3396457	5768	1
08_S0305_v0	268	Picture	full0i	3402855	0	1	4334	2	0	4290
08_S0305_v0	269	Picture	full0n	3416022	0	1	3667	2	0	3620
08_S0305_v0	270	Picture	default	3428189	0	1	2667	2	0	2500
08_S0305_v0	271	Picture	default	3448356	0	1	6877	2	0	2500


Event Type	Code	Type	Response	RT	RT Uncertainty	Time	Uncertainty	Duration	Uncertainty	ReqTime	ReqDur

Picture	full1n	other				6833	1	4667	2	0	4620
Picture	full0n	other				18303	198	2697	199	0	2620
Picture	full0i	other				30166	2	4334	3	0	4290
Picture	blue0n	false alarm	2	4052	203	42966	202	2700	204	0	2620
Picture	full1i	other				54966	202	4034	203	0	3950
Picture	full1n	other				66000	1	2500	2	0	2450
Picture	full0i	other				77333	1	4834	2	0	4790
Picture	full1i	other				88167	1	2500	2	0	2450
Picture	full0n	other				100333	2	2834	3	0	2790
Picture	full1n	other				113834	1	4666	2	0	4620
Picture	full1i	other				126000	1	4834	2	0	4790
Picture	full1n	other				136834	1	4166	2	0	4120
Picture	full1i	other				149667	1	4667	2	0	4620
Picture	full0i	other				162834	1	4000	2	0	3950
Picture	blue0n	false alarm	2	3515	2	175501	1	3000	2	0	2950
Picture	full0i	other				187667	2	4334	3	0	4290
Picture	full0n	other				198501	1	4167	2	0	4120
Picture	full1n	other				211168	1	3166	2	0	3120
Picture	full0i	other				222168	1	3833	2	0	3790
Picture	full0n	other				235001	1	4167	2	0	4120
Picture	full1i	other				246501	1	2500	2	0	2450
Picture	full1n	other				258335	1	4166	2	0	4120
Picture	full0i	other				269168	1	3000	2	0	2950
Picture	full0n	other				281835	1	2833	2	0	2790
Picture	full0i	other				293668	1	3167	2	0	3120
Picture	full1i	other				305168	1	4834	2	0	4790
Picture	blue1n	false alarm	2	3713	2	316502	1	4166	2	0	4120
Picture	full0n	other				328002	1	5000	2	0	4950
Picture	full1i	other				340168	2	4500	3	0	4450
Picture	full1n	other				351502	1	4500	2	0	4450
Picture	full1i	other				362835	1	4167	2	0	4120
Picture	full1n	other				376335	1	4500	2	0	4450
Picture	full0i	other				389169	1	2500	2	0	2450
Picture	full0n	other				400502	1	4000	2	0	3950
Picture	full0i	other				413169	1	4833	2	0	4790
Picture	full1i	other				424669	1	2833	2	0	2790
Picture	full1n	other				437836	1	4333	2	0	4290
Picture	full1i	other				450002	2	3334	3	0	3290
Picture	full1n	other				462336	1	5000	2	0	4950
Picture	full0n	other				474669	1	3167	2	0	3120
Picture	full0i	other				486169	1	4000	2	0	3950
Picture	full0n	other				499669	2	4001	3	0	3950
Picture	blue1i	false alarm	2	4042	2	513170	1	4833	2	0	4790
Picture	full0i	other				525003	1	3000	2	0	2950
Picture	full1n	other				537836	1	3167	2	0	3120
Picture	full1i	other				551003	1	3334	2	0	3290
Picture	full0n	other				563670	1	2833	2	0	2790
Picture	blue1n	false alarm	2	6108	2	575003	1	4167	2	0	4120
Picture	full1i	other				586003	1	3667	2	0	3620
Picture	blue0i	false alarm	2	5274	2	596837	1	3833	2	0	3790
Picture	full1n	other				607837	1	3000	2	0	2950
Picture	full1i	other				619670	1	4834	2	0	4790
Picture	full1n	other				631837	1	4500	2	0	4450
Picture	full1i	other				643670	2	4500	4	0	4450
Picture	blue1n	false alarm	2	4506	3	656004	1	3167	2	0	3120
Picture	full0n	other				667337	1	4500	2	0	4450
Picture	full1i	other				678837	1	3167	2	0	3120
Picture	full1n	other				690171	1	3500	2	0	3450
Picture	full1i	other				701004	1	4334	2	0	4290
Picture	full1n	other				712004	1	3000	2	0	2950
Picture	full1i	other				723338	1	3500	2	0	3450
Picture	blue1n	false alarm	2	3938	3	735171	1	3333	2	0	3290
Picture	full0i	other				747504	2	3167	3	0	3120
Picture	full1i	other				760671	1	4667	2	0	4620
Picture	full0n	other				772838	1	2667	2	0	2620
Picture	full1n	other				785671	1	3667	2	0	3620
Picture	full1i	other				797171	2	4834	3	0	4790
Picture	full1n	other				808005	1	3333	2	0	3290
Picture	full1i	other				820172	1	3833	2	0	3790
Picture	full0i	other				831172	1	3833	2	0	3790
Picture	full1n	other				844672	1	4500	2	0	4450
Picture	full0n	other				857005	1	4834	2	0	4790
Picture	full1i	other				867839	1	2666	2	0	2620
Picture	full0i	other				879339	1	4500	2	0	4450
Picture	full1n	other				891505	1	4334	2	0	4290
Picture	full0n	other				903672	1	3834	2	0	3790
Picture	blue0i	false alarm	2	4091	2	916006	1	2833	2	0	2790
Picture	full0n	other				929506	1	4166	2	0	4120
Picture	full0i	other				941672	2	2500	3	0	2450
Picture	full1i	other				954506	1	4833	2	0	4790
Picture	full1n	other				965506	1	2833	2	0	2790
Picture	full1i	other				978173	1	4000	2	0	3950
Picture	full0n	other				991673	1	3833	2	0	3790
Picture	full1n	other				1003006	1	4667	2	0	4620
Picture	full1i	other				1014840	1	4000	2	0	3950
Picture	full1n	other				1025840	1	3166	2	0	3120
Picture	full0i	other				1039340	1	3833	2	0	3790
Picture	full1i	other				1052506	2	2501	3	0	2450
Picture	full0n	other				1064673	1	4334	2	0	4290
Picture	full0i	other				1077507	1	4000	2	0	3950
Picture	full0n	other				1089673	1	4167	2	0	4120
Picture	full1n	other				1101840	1	4167	2	0	4120
Picture	full0i	other				1115007	1	4333	2	0	4290
Picture	blue1i	false alarm	2	5088	2	1126507	1	4000	2	0	3950
Picture	full0n	other				1137507	1	2833	2	0	2790
Picture	full1n	other				1148840	2	4167	3	0	4120
Picture	full0i	other				1161507	1	3167	2	0	3120
Picture	full0n	other				1174174	1	3667	2	0	3620
Picture	full1i	other				1187007	1	3834	2	0	3790
Picture	full0i	other				1200507	2	3500	4	0	3450
Picture	full0n	other				1212841	1	2500	2	0	2450
Picture	full0i	other				1224341	1	2833	2	0	2790
Picture	full0n	other				1235674	1	3500	2	0	3450
Picture	full0i	other				1248008	1	3000	2	0	2950
Picture	full1n	other				1260175	1	5000	2	0	4950
Picture	full0n	other				1272341	1	4334	2	0	4290
Picture	full0i	other				1284675	1	4833	2	0	4790
Picture	full0n	other				1298175	1	3500	2	0	3450
Picture	blue0i	false alarm	2	5484	3	1310008	1	3834	2	0	3790
Picture	full0n	other				1322175	1	3333	2	0	3290
Picture	full0i	other				1335342	1	3000	2	0	2950
Picture	full1i	other				1346342	1	2666	2	0	2620
Picture	full1n	other				1359509	1	3333	2	0	3290
Picture	full0n	other				1372675	1	4834	2	0	4790
Picture	full1i	other				1386175	1	4334	2	0	4290
Picture	full1n	other				1398342	1	3833	3	0	3790
Picture	full1i	other				1410176	1	4000	2	0	3950
Picture	full1n	other				1421009	1	3167	2	0	3120
Picture	blue0i	false alarm	2	4415	2	1433176	1	4333	2	0	4290
Picture	full0n	other				1445009	1	3000	2	0	2950
Picture	full0i	other				1457342	2	4334	3	0	4290
Picture	full1i	other				1470509	1	2667	2	0	2620
Picture	full0n	other				1481343	1	4166	2	0	4120
Picture	full0i	other				1493509	2	4834	3	0	4790
Picture	full0n	other				1506176	1	2667	2	0	2620
Picture	full0i	other				1519010	1	3166	2	0	3120
Picture	full0n	other				1531843	1	4833	2	0	4790
Picture	full0i	other				1544010	1	3666	2	0	3620
Picture	blue1n	false alarm	2	5346	3	1556343	1	4500	2	0	4450
Picture	full0n	other				1569010	1	4167	2	0	4120
Picture	full0i	other				1581677	1	4666	2	0	4620
Picture	full1i	other				1594843	1	4334	2	0	4290
Picture	full1n	other				1606343	2	3667	3	0	3620
Picture	82	other				1617344	1	100167	2	0	next
Picture	82	other				1717511	1	10000	2	100000	next
Picture	82	other				1727511	1	10000	2	110000	next
Picture	82	other				1737511	1	10000	2	120000	next
Picture	82	other				1747511	1	10000	2	130000	next
Picture	82	other				1757511	1	10000	2	140000	next
Picture	82	other				1767511	1	10000	2	150000	next
Picture	82	other				1777511	1	10000	2	160000	next
Picture	82	other				1787511	1	10000	2	170000	next
Picture	82	other				1797511	1	10000	3	180000	next
Picture	82	other				1807511	2	10001	3	190000	10000
Picture	full0n	other				1817512	1	4666	2	0	4620
Picture	full1n	other				1828845	1	2667	2	0	2620
Picture	full1i	other				1841012	1	4333	2	0	4290
Picture	full1n	other				1852845	1	2667	2	0	2620
Picture	full0i	other				1863679	1	4000	2	0	3950
Picture	full0n	other				1876512	1	2500	2	0	2450
Picture	full1i	other				1888012	1	4833	2	0	4790
Picture	full0i	other				1900345	2	2500	3	0	2450
Picture	blue0n	false alarm	2	4473	2	1912512	1	2834	2	0	2790
Picture	full0i	other				1924346	1	4666	2	0	4620
Picture	full1n	other				1937179	1	4833	2	0	4790
Picture	full0n	other				1948512	2	4167	3	0	4120
Picture	full0i	other				1961179	1	4667	2	0	4620
Picture	blue1i	false alarm	2	4971	2	1973513	1	4000	2	0	3950
Picture	full1n	other				1985346	1	3000	2	0	2950
Picture	full1i	other				1996179	1	4334	2	0	4290
Picture	full1n	other				2007679	2	4167	3	0	4120
Picture	full0n	other				2019846	1	3167	2	0	3120
Picture	full1i	other				2032513	1	3833	2	0	3790
Picture	full1n	other				2045680	1	4166	2	0	4120
Picture	full0i	other				2057846	2	2500	4	0	2450
Picture	blue0n	false alarm	2	4670	2	2070013	1	4167	2	0	4120
Picture	full1i	other				2081013	1	3000	2	0	2950
Picture	full1n	other				2093680	1	2833	2	0	2790
Picture	full1i	other				2104513	2	3167	3	0	3120
Picture	full0i	other				2117680	1	4834	2	0	4790
Picture	full0n	other				2129847	1	4167	2	0	4120
Picture	full1n	other				2140847	1	5000	2	0	4950
Picture	full0i	other				2154347	1	4500	2	0	4450
Picture	full1i	other				2165681	1	4500	2	0	4450
Picture	full0n	other				2178847	1	4167	2	0	4120
Picture	full0i	other				2190347	1	4500	2	0	4450
Picture	blue0n	false alarm	2	4858	2	2202514	1	2500	2	0	2450
Picture	full1n	other				2214014	1	4000	2	0	3950
Picture	full1i	other				2225514	1	4834	2	0	4790
Picture	full0i	other				2239014	1	2834	2	0	2790
Picture	full0n	other				2251681	1	4333	2	0	4290
Picture	full0i	other				2263015	1	3333	2	0	3290
Picture	full0n	other				2274848	1	5000	2	0	4950
Picture	full1n	other				2287015	1	3166	2	0	3120
Picture	full1i	other				2298015	1	4000	2	0	3950
Picture	full1n	other				2309015	1	4000	2	0	3950
Picture	full0i	other				2320015	1	4833	2	0	4790
Picture	full1i	other				2330848	1	3000	2	0	2950
Picture	full0n	other				2343182	1	3166	2	0	3120
Picture	full0i	other				2355848	2	3334	3	0	3290
Picture	blue1n	false alarm	2	6555	2	2368015	1	2834	2	0	2790
Picture	full0n	other				2380349	1	4166	2	0	4120
Picture	full0i	other				2392182	1	3667	2	0	3620
Picture	full1i	other				2404349	1	3833	2	0	3790
Picture	full0n	other				2417849	1	3000	2	0	2950
Picture	full0i	other				2429682	1	4834	2	0	4790
Picture	full0n	other				2443182	1	4500	2	0	4450
Picture	full0i	other				2454682	2	4500	4	0	4450
Picture	full0n	other				2466016	1	3167	2	0	3120
Picture	full1n	other				2479183	1	4500	2	0	4450
Picture	blue0i	false alarm	2	5352	2	2491516	1	3167	2	0	3120
Picture	full0n	other				2504183	1	3500	2	0	3450
Picture	full0i	other				2516516	1	4334	2	0	4290
Picture	full0n	other				2527350	1	3000	2	0	2950
Picture	full0i	other				2540183	1	3500	2	0	3450
Picture	full0n	other				2552350	1	3333	2	0	3290
Picture	full1i	other				2564516	2	3167	3	0	3120
Picture	blue0i	false alarm	2	4184	2	2576683	1	4667	2	0	4620
Picture	full1n	other				2588850	1	2667	2	0	2620
Picture	full0n	other				2599683	1	3667	2	0	3620
Picture	full0i	other				2612017	1	4833	2	0	4790
Picture	full0n	other				2625184	1	3333	2	0	3290
Picture	full0i	other				2638350	1	3834	2	0	3790
Picture	full1i	other				2650517	1	3833	2	0	3790
Picture	full0n	other				2662350	2	4501	3	0	4450
Picture	full1n	other				2673351	1	4833	2	0	4790
Picture	full0i	other				2685184	1	2667	2	0	2620
Picture	full1i	other				2696684	1	4500	2	0	4450
Picture	full0n	other				2710184	1	4333	3	0	4290
Picture	full1n	other				2721684	1	3834	2	0	3790
Picture	full1i	other				2734018	1	2833	2	0	2790
Picture	blue1n	false alarm	2	4414	2	2745351	1	4167	2	0	4120
Picture	full1i	other				2756351	1	2500	2	0	2450
Picture	full0i	other				2769018	1	4833	2	0	4790
Picture	full0n	other				2781851	1	2834	2	0	2790
Picture	full0i	other				2794518	1	4000	2	0	3950
Picture	blue1n	false alarm	2	6646	2	2805518	1	3833	2	0	3790
Picture	full0n	other				2816518	1	4667	2	0	4620
Picture	full0i	other				2830018	1	4000	2	0	3950
Picture	full0n	other				2841352	1	3166	2	0	3120
Picture	full1i	other				2854852	1	3833	2	0	3790
Picture	full0i	other				2867519	1	2500	2	0	2450
Picture	full1n	other				2878852	1	4333	2	0	4290
Picture	full1i	other				2891519	1	4000	2	0	3950
Picture	full1n	other				2903019	1	4166	2	0	4120
Picture	full0n	other				2914019	1	4167	2	0	4120
Picture	full1i	other				2926852	1	4334	2	0	4290
Picture	full0i	other				2939019	1	4000	2	0	3950
Picture	full1n	other				2950352	1	2834	2	0	2790
Picture	blue0n	false alarm	2	3476	3	2961186	1	4166	3	0	4120
Picture	full1i	other				2973353	1	3166	2	0	3120
Picture	full1n	other				2984686	1	3667	2	0	3620
Picture	full0i	other				2997519	1	3834	2	0	3790
Picture	full1i	other				3009019	2	3500	4	0	3450
Picture	full1n	other				3021353	1	2500	2	0	2450
Picture	full1i	other				3034853	1	2833	2	0	2790
Picture	full1n	other				3047686	1	3500	2	0	3450
Picture	full1i	other				3059520	1	3000	2	0	2950
Picture	full0n	other				3072687	1	5000	2	0	4950
Picture	full1n	other				3083520	1	4333	2	0	4290
Picture	full1i	other				3096687	1	4833	2	0	4790
Picture	full1n	other				3109020	1	3500	2	0	3450
Picture	full1i	other				3122187	1	3833	2	0	3790
Picture	full1n	other				3135354	1	3333	2	0	3290
Picture	full1i	other				3147520	1	3000	2	0	2950
Picture	full0i	other				3160354	1	2666	3	0	2620
Picture	full0n	other				3171354	1	3333	2	0	3290
Picture	blue1n	false alarm	2	3938	3	3184021	1	4833	2	0	4790
Picture	full0i	other				3195354	1	4333	2	0	4290
Picture	full0n	other				3207521	1	3833	2	0	3790
Picture	full0i	other				3219021	1	4000	2	0	3950
Picture	full0n	other				3230854	1	3167	2	0	3120
Picture	full1i	other				3244354	1	4334	2	0	4290
Picture	full1n	other				3256521	1	3000	2	0	2950
Picture	full1i	other				3267354	2	4334	3	0	4290
Picture	blue0i	false alarm	2	6603	3	3280855	1	2666	2	0	2620
Picture	full1n	other				3294355	1	4166	2	0	4120
Picture	full1i	other				3305188	1	4833	2	0	4790
Picture	full1n	other				3316688	1	2667	2	0	2620
Picture	full1i	other				3329022	1	3166	2	0	3120
Picture	full1n	other				3341855	1	4833	2	0	4790
Picture	full1i	other				3353188	1	3667	2	0	3620
Picture	full0n	other				3366022	1	4500	2	0	4450
Picture	full1n	other				3378855	1	4167	2	0	4120
Picture	blue1i	false alarm	2	5768	2	3390689	1	4666	2	0	4620
Picture	full0i	other				3402855	1	4334	2	0	4290
Picture	full0n	other				3416022	1	3667	2	0	3620
Picture	default	other				3428189	1	2667	2	0	2500
Picture	default	other				3448356	1	6877	2	0	2500
