Scenario - visual LTP Rap V4.0 HVA (based on combined block 1+2 from old 45 135 degree pilot)
Logfile written - 12/07/2015 14:18:12

Subject	Trial	Event Type	Code	Time	TTime	Uncertainty	Duration	Uncertainty	ReqTime	ReqDur

08_S0318_v0	1	Response	128	4341	14174	2
08_S0318_v0	3	Picture	full1n	14833	0	1	3167	2	0	3120
08_S0318_v0	4	Picture	full1i	25763	0	238	2903	239	0	2790
08_S0318_v0	5	Picture	full1n	39000	0	1	4500	2	0	4450
08_S0318_v0	6	Picture	full0n	52166	0	2	3500	3	0	3450
08_S0318_v0	7	Picture	full1i	63000	0	1	4833	2	0	4790
08_S0318_v0	8	Picture	full1n	75167	0	1	4333	2	0	4290
08_S0318_v0	9	Picture	full0i	87333	0	1	3500	2	0	3450
08_S0318_v0	10	Picture	full0n	99667	0	1	4166	2	0	4120
08_S0318_v0	11	Picture	blue0i	111137	0	198	3030	199	0	2950
08_S0318_v0	11	Response	10	115923	4786	1
08_S0318_v0	12	Picture	full1i	123167	0	1	3833	2	0	3790
08_S0318_v0	13	Picture	full0n	136000	0	1	5000	2	0	4950
08_S0318_v0	14	Picture	full0i	148667	0	1	4167	2	0	4120
08_S0318_v0	15	Picture	full1n	162167	0	1	4167	2	0	4120
08_S0318_v0	16	Picture	full1i	174834	0	1	3666	2	0	3620
08_S0318_v0	17	Picture	full1n	186167	0	1	4500	2	0	4450
08_S0318_v0	18	Picture	blue1i	198334	0	1	3333	2	0	3290
08_S0318_v0	18	Response	10	202222	3888	1
08_S0318_v0	19	Picture	full1n	210500	0	2	4334	3	0	4290
08_S0318_v0	20	Picture	full0n	222667	0	1	4667	2	0	4620
08_S0318_v0	21	Picture	full1i	234501	0	1	2500	2	0	2450
08_S0318_v0	22	Picture	full0i	246834	0	1	3000	2	0	2950
08_S0318_v0	23	Picture	full0n	260334	0	1	5000	2	0	4950
08_S0318_v0	23	Response	10	264620	4286	2
08_S0318_v0	24	Picture	full0i	273834	0	1	4500	2	0	4450
08_S0318_v0	25	Picture	full0n	286668	0	1	3000	2	0	2950
08_S0318_v0	26	Picture	full1n	299334	0	1	3334	2	0	3290
08_S0318_v0	27	Picture	blue1i	311168	0	1	3166	2	0	3120
08_S0318_v0	27	Response	10	314520	3352	1
08_S0318_v0	28	Picture	full0i	323834	0	1	3834	2	0	3790
08_S0318_v0	29	Picture	full0n	336168	0	1	5000	2	0	4950
08_S0318_v0	30	Picture	full0i	348001	0	1	2500	2	0	2450
08_S0318_v0	31	Picture	full1n	359335	0	1	4333	2	0	4290
08_S0318_v0	32	Picture	full1i	371501	0	1	2834	2	0	2790
08_S0318_v0	33	Picture	full0n	383001	0	1	2834	2	0	2790
08_S0318_v0	34	Picture	full1n	393835	0	1	4166	2	0	4120
08_S0318_v0	35	Picture	full1i	406001	0	2	3667	3	0	3620
08_S0318_v0	36	Picture	full1n	418835	0	1	3667	2	0	3620
08_S0318_v0	37	Picture	full0i	431002	0	1	5000	2	0	4950
08_S0318_v0	38	Picture	blue1i	442335	0	1	2833	2	0	2790
08_S0318_v0	38	Response	10	447118	4783	1
08_S0318_v0	39	Picture	full1n	453335	0	1	3000	2	0	2950
08_S0318_v0	40	Picture	full0n	466002	0	1	2833	2	0	2790
08_S0318_v0	41	Picture	full0i	477002	0	1	4000	2	0	3950
08_S0318_v0	42	Picture	full0n	489169	0	1	3666	2	0	3620
08_S0318_v0	43	Picture	full0i	502002	0	1	2833	2	0	2790
08_S0318_v0	44	Picture	full0n	515169	0	1	4333	2	0	4290
08_S0318_v0	45	Picture	full1i	528335	0	1	3667	2	0	3620
08_S0318_v0	46	Picture	full0i	541002	0	1	3667	2	0	3620
08_S0318_v0	47	Picture	full1n	551835	0	2	4501	3	0	4450
08_S0318_v0	48	Picture	full0n	564002	0	1	3167	2	0	3120
08_S0318_v0	49	Picture	full1i	575502	0	1	3000	2	0	2950
08_S0318_v0	50	Picture	blue0i	587336	0	1	3166	2	0	3120
08_S0318_v0	50	Response	10	592015	4679	2
08_S0318_v0	50	Response	10	596316	8980	1
08_S0318_v0	51	Picture	full0n	598836	0	1	3833	2	0	3790
08_S0318_v0	52	Picture	full0i	611169	0	1	3000	2	0	2950
08_S0318_v0	53	Picture	full0n	622669	0	1	4834	2	0	4790
08_S0318_v0	54	Picture	full1n	635836	0	1	2500	2	0	2450
08_S0318_v0	55	Picture	full1i	646669	0	1	3000	2	0	2950
08_S0318_v0	56	Picture	full0i	660169	0	1	3000	2	0	2950
08_S0318_v0	57	Picture	full0n	671503	0	1	3666	2	0	3620
08_S0318_v0	58	Picture	full1n	684669	0	2	3334	3	0	3290
08_S0318_v0	59	Picture	full1i	696836	0	1	4500	2	0	4450
08_S0318_v0	60	Picture	blue1n	708670	0	1	4166	2	0	4120
08_S0318_v0	60	Response	10	713114	4444	1
08_S0318_v0	61	Picture	full0i	721003	0	1	2667	2	0	2620
08_S0318_v0	62	Picture	full0n	733670	0	1	4666	2	0	4620
08_S0318_v0	63	Picture	full0i	745836	0	2	2667	3	0	2620
08_S0318_v0	64	Picture	full1i	758670	0	1	4667	2	0	4620
08_S0318_v0	65	Picture	full0n	770170	0	1	2833	2	0	2790
08_S0318_v0	66	Picture	full1n	782337	0	1	4000	2	0	3950
08_S0318_v0	67	Picture	full1i	795170	0	1	3500	2	0	3450
08_S0318_v0	68	Picture	full1n	807503	0	2	4000	3	0	3950
08_S0318_v0	69	Picture	full0i	819670	0	1	4500	2	0	4450
08_S0318_v0	70	Picture	blue0n	831837	0	1	2500	2	0	2450
08_S0318_v0	70	Response	10	836012	4175	1
08_S0318_v0	71	Picture	full0i	844004	0	1	4166	2	0	4120
08_S0318_v0	72	Picture	full0n	854837	0	1	4833	2	0	4790
08_S0318_v0	73	Picture	full0i	865837	0	1	2500	2	0	2450
08_S0318_v0	74	Picture	full0n	878670	0	2	4834	3	0	4790
08_S0318_v0	75	Picture	full0i	891337	0	1	3334	2	0	3290
08_S0318_v0	76	Picture	full1i	904837	0	1	3500	2	0	3450
08_S0318_v0	77	Picture	full1n	917504	0	1	3833	2	0	3790
08_S0318_v0	78	Picture	full0n	930337	0	1	4500	2	0	4450
08_S0318_v0	79	Picture	full0i	942504	0	1	2500	2	0	2450
08_S0318_v0	80	Picture	full1i	953337	0	2	4167	3	0	4120
08_S0318_v0	81	Picture	blue0n	966171	0	1	4667	2	0	4620
08_S0318_v0	81	Response	10	970400	4229	1
08_S0318_v0	82	Picture	full1n	977171	0	1	2500	2	0	2450
08_S0318_v0	83	Picture	full1i	989504	0	1	3500	2	0	3450
08_S0318_v0	84	Picture	full1n	1000504	0	1	3167	2	0	3120
08_S0318_v0	85	Picture	full1i	1013671	0	1	3000	2	0	2950
08_S0318_v0	86	Picture	full0i	1025171	0	1	3334	2	0	3290
08_S0318_v0	87	Picture	full0n	1036671	0	1	3000	2	0	2950
08_S0318_v0	88	Picture	full1n	1049005	0	1	3000	2	0	2950
08_S0318_v0	89	Picture	full1i	1061171	0	1	3667	2	0	3620
08_S0318_v0	90	Picture	full1n	1074338	0	1	4000	2	0	3950
08_S0318_v0	91	Picture	full1i	1085671	0	2	4834	3	0	4790
08_S0318_v0	92	Picture	full1n	1098838	0	1	2500	2	0	2450
08_S0318_v0	93	Picture	full0i	1110172	0	1	4500	2	0	4450
08_S0318_v0	94	Picture	blue1i	1121505	0	1	3333	2	0	3290
08_S0318_v0	94	Response	10	1125697	4192	2
08_S0318_v0	95	Picture	full1n	1133338	0	1	4500	2	0	4450
08_S0318_v0	96	Picture	full0n	1146505	0	1	4167	2	0	4120
08_S0318_v0	97	Picture	full1i	1158005	0	1	3834	2	0	3790
08_S0318_v0	98	Picture	full1n	1169005	0	1	4500	2	0	4450
08_S0318_v0	99	Picture	full1i	1182172	0	1	2833	2	0	2790
08_S0318_v0	100	Picture	full1n	1193005	0	1	3834	2	0	3790
08_S0318_v0	101	Picture	full1i	1205172	0	1	4500	2	0	4450
08_S0318_v0	102	Picture	full0i	1216005	0	2	3667	3	0	3620
08_S0318_v0	103	Picture	blue1n	1227006	0	1	4500	2	0	4450
08_S0318_v0	103	Response	10	1230996	3990	1
08_S0318_v0	104	Picture	full1i	1238006	0	1	4500	2	0	4450
08_S0318_v0	105	Picture	full1n	1251506	0	1	4666	2	0	4620
08_S0318_v0	106	Picture	full1i	1263339	0	1	3167	2	0	3120
08_S0318_v0	107	Picture	full1n	1276839	0	1	2667	2	0	2620
08_S0318_v0	108	Picture	full0n	1288673	0	1	4666	2	0	4620
08_S0318_v0	109	Picture	full0i	1300839	0	1	5000	2	0	4950
08_S0318_v0	110	Picture	full1i	1313173	0	1	3500	2	0	3450
08_S0318_v0	111	Picture	full1n	1326673	0	1	4833	2	0	4790
08_S0318_v0	112	Picture	blue0n	1339006	0	1	4500	2	0	4450
08_S0318_v0	112	Response	10	1344094	5088	2
08_S0318_v0	113	Picture	full0i	1350339	0	2	2667	3	0	2620
08_S0318_v0	114	Picture	full1i	1361840	0	1	3166	2	0	3120
08_S0318_v0	115	Picture	full0n	1374506	0	1	3167	2	0	3120
08_S0318_v0	116	Picture	full0i	1385340	0	1	3166	2	0	3120
08_S0318_v0	117	Picture	full0n	1397173	0	1	3167	2	0	3120
08_S0318_v0	118	Picture	full1n	1410006	0	2	3834	3	0	3790
08_S0318_v0	119	Picture	full1i	1423507	0	1	4833	2	0	4790
08_S0318_v0	120	Picture	full1n	1436340	0	1	4500	2	0	4450
08_S0318_v0	121	Picture	blue0i	1447673	0	1	4500	2	0	4450
08_S0318_v0	121	Response	10	1451593	3920	1
08_S0318_v0	122	Picture	full0n	1459507	0	1	5000	2	0	4950
08_S0318_v0	123	Picture	full1i	1470507	0	1	2500	2	0	2450
08_S0318_v0	124	Picture	full0i	1482840	0	1	4667	2	0	4620
08_S0318_v0	125	Picture	full0n	1494174	0	1	3166	2	0	3120
08_S0318_v0	126	Picture	full0i	1505507	0	1	4333	2	0	4290
08_S0318_v0	127	Picture	full0n	1517007	0	1	3667	2	0	3620
08_S0318_v0	128	Picture	full0i	1528840	0	1	2667	2	0	2620
08_S0318_v0	129	Picture	blue1n	1542340	0	2	2834	3	0	2790
08_S0318_v0	129	Response	10	1546691	4351	1
08_S0318_v0	130	Picture	full0n	1555841	0	1	5000	2	0	4950
08_S0318_v0	131	Picture	full1i	1566841	0	1	3333	2	0	3290
08_S0318_v0	132	Picture	full0i	1579507	0	1	2834	2	0	2790
08_S0318_v0	133	Picture	full0n	1591007	0	1	3834	2	0	3790
08_S0318_v0	134	Picture	full0i	1603174	0	1	2833	2	0	2790
08_S0318_v0	135	Picture	full1n	1614008	0	1	3333	2	0	3290
08_S0318_v0	136	Picture	82	1625341	0	1	100167	2	0	next
08_S0318_v0	136	Picture	82	1725508	100167	1	10000	2	100000	next
08_S0318_v0	136	Picture	82	1735508	110167	1	10000	2	110000	next
08_S0318_v0	136	Picture	82	1745508	120167	1	10000	2	120000	next
08_S0318_v0	136	Picture	82	1755508	130167	1	10000	2	130000	next
08_S0318_v0	136	Picture	82	1765508	140167	1	10000	2	140000	next
08_S0318_v0	136	Picture	82	1775508	150167	1	10000	2	150000	next
08_S0318_v0	136	Picture	82	1785508	160167	1	10000	2	160000	next
08_S0318_v0	136	Picture	82	1795508	170167	1	10000	3	170000	next
08_S0318_v0	136	Picture	82	1805508	180167	2	10001	3	180000	next
08_S0318_v0	136	Picture	82	1815509	190168	1	10000	2	190000	10000
08_S0318_v0	137	Picture	full0n	1825509	0	1	3166	2	0	3120
08_S0318_v0	138	Picture	full0i	1837842	0	1	2833	2	0	2790
08_S0318_v0	139	Picture	full0n	1850675	0	1	4500	2	0	4450
08_S0318_v0	140	Picture	full1n	1862175	0	2	3500	3	0	3450
08_S0318_v0	141	Picture	blue0i	1875675	0	2	4834	3	0	4790
08_S0318_v0	141	Response	10	1879986	4311	1
08_S0318_v0	142	Picture	full0n	1887842	0	1	4334	2	0	4290
08_S0318_v0	143	Picture	full1i	1900176	0	1	3500	2	0	3450
08_S0318_v0	144	Picture	full1n	1911176	0	1	4166	2	0	4120
08_S0318_v0	145	Picture	full1i	1922509	0	1	3000	2	0	2950
08_S0318_v0	146	Picture	full0i	1934676	0	1	3833	2	0	3790
08_S0318_v0	147	Picture	full1n	1945676	0	1	5000	2	0	4950
08_S0318_v0	148	Picture	full1i	1958343	0	1	4166	2	0	4120
08_S0318_v0	149	Picture	blue0n	1970509	0	1	4167	2	0	4120
08_S0318_v0	149	Response	10	1975584	5075	2
08_S0318_v0	150	Picture	full0i	1983176	0	1	3667	2	0	3620
08_S0318_v0	151	Picture	full0n	1994009	0	2	4500	4	0	4450
08_S0318_v0	152	Picture	full0i	2006343	0	1	3333	2	0	3290
08_S0318_v0	153	Picture	full0n	2018676	0	1	4334	2	0	4290
08_S0318_v0	154	Picture	full1n	2030843	0	1	4667	2	0	4620
08_S0318_v0	155	Picture	full0i	2044010	0	1	2500	2	0	2450
08_S0318_v0	156	Picture	full1i	2054843	0	1	3000	2	0	2950
08_S0318_v0	157	Picture	full0n	2065843	0	1	5000	2	0	4950
08_S0318_v0	158	Picture	full1n	2078510	0	1	4500	2	0	4450
08_S0318_v0	159	Picture	blue1i	2091677	0	1	3000	2	0	2950
08_S0318_v0	159	Response	10	2096283	4606	1
08_S0318_v0	160	Picture	full0i	2103177	0	1	3333	2	0	3290
08_S0318_v0	161	Picture	full0n	2116677	0	1	3166	2	0	3120
08_S0318_v0	162	Picture	full1n	2129843	0	2	3834	3	0	3790
08_S0318_v0	163	Picture	full1i	2142010	0	1	5000	2	0	4950
08_S0318_v0	164	Picture	full1n	2153844	0	1	2500	2	0	2450
08_S0318_v0	165	Picture	full0i	2167010	0	1	4334	2	0	4290
08_S0318_v0	166	Picture	full0n	2180510	0	1	2834	2	0	2790
08_S0318_v0	167	Picture	full1i	2192844	0	1	2833	2	0	2790
08_S0318_v0	168	Picture	full0i	2205677	0	1	4167	2	0	4120
08_S0318_v0	169	Picture	full0n	2217177	0	1	3667	2	0	3620
08_S0318_v0	170	Picture	full0i	2229011	0	1	3666	2	0	3620
08_S0318_v0	171	Picture	full1n	2242511	0	1	5000	2	0	4950
08_S0318_v0	171	Response	10	2246371	3860	1
08_S0318_v0	172	Picture	full0n	2253344	0	1	2833	3	0	2790
08_S0318_v0	173	Picture	blue0i	2264677	0	2	3001	3	0	2950
08_S0318_v0	173	Response	10	2270070	5393	1
08_S0318_v0	174	Picture	full1i	2276511	0	1	2833	2	0	2790
08_S0318_v0	175	Picture	full1n	2287511	0	1	4000	2	0	3950
08_S0318_v0	176	Picture	full1i	2299678	0	1	3666	2	0	3620
08_S0318_v0	177	Picture	full1n	2311511	0	1	2833	2	0	2790
08_S0318_v0	178	Picture	blue1i	2323844	0	2	4334	3	0	4290
08_S0318_v0	178	Response	10	2328169	4325	2
08_S0318_v0	179	Picture	full0n	2336011	0	1	3667	2	0	3620
08_S0318_v0	180	Picture	full1n	2348845	0	1	3666	2	0	3620
08_S0318_v0	181	Picture	full0i	2359845	0	1	4500	2	0	4450
08_S0318_v0	182	Picture	full1i	2372511	0	1	3167	2	0	3120
08_S0318_v0	183	Picture	full0n	2385178	0	1	3000	2	0	2950
08_S0318_v0	184	Picture	full1n	2397845	0	1	3167	2	0	3120
08_S0318_v0	185	Picture	full1i	2410012	0	1	3833	2	0	3790
08_S0318_v0	186	Picture	full1n	2422845	0	1	3000	2	0	2950
08_S0318_v0	187	Picture	full1i	2436345	0	1	4833	2	0	4790
08_S0318_v0	188	Picture	full0i	2447845	0	1	2500	2	0	2450
08_S0318_v0	189	Picture	blue0n	2459178	0	2	3001	3	0	2950
08_S0318_v0	189	Response	10	2463967	4789	2
08_S0318_v0	190	Picture	full1n	2471345	0	1	3000	2	0	2950
08_S0318_v0	191	Picture	full1i	2484179	0	1	3666	2	0	3620
08_S0318_v0	192	Picture	full0i	2497679	0	1	3333	2	0	3290
08_S0318_v0	193	Picture	full0n	2508512	0	1	4500	2	0	4450
08_S0318_v0	194	Picture	full0i	2521179	0	1	4167	2	0	4120
08_S0318_v0	195	Picture	full1n	2532179	0	1	2667	2	0	2620
08_S0318_v0	196	Picture	full1i	2544346	0	1	4666	2	0	4620
08_S0318_v0	197	Picture	blue1n	2555346	0	1	2666	2	0	2620
08_S0318_v0	197	Response	10	2559866	4520	1
08_S0318_v0	198	Picture	full0n	2567679	0	1	4667	2	0	4620
08_S0318_v0	199	Picture	full1i	2580846	0	1	2833	2	0	2790
08_S0318_v0	200	Picture	full0i	2591679	0	1	4000	2	0	3950
08_S0318_v0	201	Picture	full0n	2603846	0	1	3500	2	0	3450
08_S0318_v0	202	Picture	full0i	2615679	0	1	4000	2	0	3950
08_S0318_v0	203	Picture	full1n	2626679	0	1	4500	2	0	4450
08_S0318_v0	204	Picture	full1i	2640179	0	2	2500	4	0	2450
08_S0318_v0	205	Picture	full1n	2652013	0	1	4167	2	0	4120
08_S0318_v0	206	Picture	blue1i	2665180	0	1	4833	2	0	4790
08_S0318_v0	206	Response	10	2669064	3884	1
08_S0318_v0	207	Picture	full1n	2676180	0	1	2500	2	0	2450
08_S0318_v0	208	Picture	full1i	2689013	0	1	4833	2	0	4790
08_S0318_v0	209	Picture	full1n	2700346	0	2	3334	3	0	3290
08_S0318_v0	210	Picture	full0n	2713013	0	1	3500	2	0	3450
08_S0318_v0	211	Picture	full0i	2725680	0	1	3833	2	0	3790
08_S0318_v0	212	Picture	full1i	2738847	0	1	4500	2	0	4450
08_S0318_v0	213	Picture	full1n	2749680	0	1	2500	2	0	2450
08_S0318_v0	214	Picture	full0n	2761180	0	1	4167	2	0	4120
08_S0318_v0	215	Picture	full1i	2774013	0	2	4667	3	0	4620
08_S0318_v0	216	Picture	blue0i	2785847	0	1	2500	2	0	2450
08_S0318_v0	216	Response	10	2789862	4015	2
08_S0318_v0	217	Picture	full0n	2797680	0	1	3500	2	0	3450
08_S0318_v0	218	Picture	full0i	2809180	0	1	3167	2	0	3120
08_S0318_v0	219	Picture	full0n	2820014	0	1	3000	2	0	2950
08_S0318_v0	220	Picture	full1n	2832347	0	1	3333	2	0	3290
08_S0318_v0	221	Picture	full1i	2845181	0	1	3000	2	0	2950
08_S0318_v0	222	Picture	full0i	2857514	0	1	3000	2	0	2950
08_S0318_v0	223	Picture	full0n	2871014	0	1	3667	2	0	3620
08_S0318_v0	224	Picture	full0i	2884514	0	1	4000	2	0	3950
08_S0318_v0	225	Picture	blue1n	2896681	0	1	4833	2	0	4790
08_S0318_v0	225	Response	10	2902261	5580	1
08_S0318_v0	226	Picture	full0n	2910181	0	1	2500	2	0	2450
08_S0318_v0	227	Picture	full1i	2921514	0	1	4500	2	0	4450
08_S0318_v0	228	Picture	full0i	2934681	0	1	3333	2	0	3290
08_S0318_v0	229	Picture	full0n	2947348	0	1	4500	2	0	4450
08_S0318_v0	230	Picture	full1n	2958181	0	1	4167	2	0	4120
08_S0318_v0	231	Picture	full0i	2971348	0	1	3833	2	0	3790
08_S0318_v0	232	Picture	full0n	2984181	0	1	4500	2	0	4450
08_S0318_v0	233	Picture	full0i	2996348	0	1	2833	2	0	2790
08_S0318_v0	234	Picture	full0n	3007848	0	1	3833	2	0	3790
08_S0318_v0	235	Picture	full0i	3019348	0	1	4500	2	0	4450
08_S0318_v0	236	Picture	full1i	3032181	0	2	3667	3	0	3620
08_S0318_v0	237	Picture	full0n	3043515	0	1	4500	2	0	4450
08_S0318_v0	238	Picture	full0i	3054848	0	1	4500	2	0	4450
08_S0318_v0	239	Picture	full0n	3067015	0	1	4667	2	0	4620
08_S0318_v0	240	Picture	full0i	3080515	0	1	3167	2	0	3120
08_S0318_v0	241	Picture	blue0n	3093682	0	1	2666	3	0	2620
08_S0318_v0	241	Response	10	3097557	3875	2
08_S0318_v0	242	Picture	full1n	3105015	0	1	4667	2	0	4620
08_S0318_v0	243	Picture	full1i	3117182	0	1	5000	2	0	4950
08_S0318_v0	244	Picture	full0i	3128682	0	1	3500	2	0	3450
08_S0318_v0	245	Picture	full0n	3141849	0	1	4833	2	0	4790
08_S0318_v0	246	Picture	full1n	3154015	0	2	4500	4	0	4450
08_S0318_v0	247	Picture	full1i	3166349	0	1	2667	2	0	2620
08_S0318_v0	248	Picture	full0i	3179016	0	1	3166	2	0	3120
08_S0318_v0	249	Picture	full1n	3191849	0	1	3167	2	0	3120
08_S0318_v0	250	Picture	blue1i	3203349	0	1	3167	2	0	3120
08_S0318_v0	250	Response	10	3208256	4907	1
08_S0318_v0	251	Picture	full1n	3214349	0	1	3167	2	0	3120
08_S0318_v0	252	Picture	full0n	3226516	0	1	3833	2	0	3790
08_S0318_v0	253	Picture	full0i	3238349	0	1	4834	2	0	4790
08_S0318_v0	254	Picture	full0n	3250516	0	1	4500	2	0	4450
08_S0318_v0	255	Picture	full1i	3261349	0	1	4500	2	0	4450
08_S0318_v0	256	Picture	full1n	3273516	0	1	5000	2	0	4950
08_S0318_v0	257	Picture	full0i	3285683	0	1	2500	2	0	2450
08_S0318_v0	258	Picture	full1i	3297850	0	1	4666	2	0	4620
08_S0318_v0	259	Picture	full1n	3309183	0	1	3167	2	0	3120
08_S0318_v0	260	Picture	full1i	3320683	0	1	4333	2	0	4290
08_S0318_v0	261	Picture	full1n	3332850	0	1	3666	2	0	3620
08_S0318_v0	262	Picture	full1i	3345183	0	1	2667	2	0	2620
08_S0318_v0	263	Picture	blue0n	3357017	0	1	2833	2	0	2790
08_S0318_v0	263	Response	10	3361644	4627	1
08_S0318_v0	264	Picture	full1n	3368017	0	1	5000	2	0	4950
08_S0318_v0	265	Picture	full0i	3379517	0	1	3333	2	0	3290
08_S0318_v0	266	Picture	full1i	3390850	0	1	2833	2	0	2790
08_S0318_v0	267	Picture	full1n	3402683	0	2	3834	3	0	3790
08_S0318_v0	268	Picture	full1i	3414017	0	1	2833	2	0	2790
08_S0318_v0	269	Picture	full0n	3424850	0	1	3334	2	0	3290
08_S0318_v0	270	Picture	default	3436184	0	1	2666	2	0	2500
08_S0318_v0	271	Picture	default	3456350	0	1	6730	2	0	2500


Event Type	Code	Type	Response	RT	RT Uncertainty	Time	Uncertainty	Duration	Uncertainty	ReqTime	ReqDur

Picture	full1n	other				14833	1	3167	2	0	3120
Picture	full1i	other				25763	238	2903	239	0	2790
Picture	full1n	other				39000	1	4500	2	0	4450
Picture	full0n	other				52166	2	3500	3	0	3450
Picture	full1i	other				63000	1	4833	2	0	4790
Picture	full1n	other				75167	1	4333	2	0	4290
Picture	full0i	other				87333	1	3500	2	0	3450
Picture	full0n	other				99667	1	4166	2	0	4120
Picture	blue0i	false alarm	2	4786	199	111137	198	3030	199	0	2950
Picture	full1i	other				123167	1	3833	2	0	3790
Picture	full0n	other				136000	1	5000	2	0	4950
Picture	full0i	other				148667	1	4167	2	0	4120
Picture	full1n	other				162167	1	4167	2	0	4120
Picture	full1i	other				174834	1	3666	2	0	3620
Picture	full1n	other				186167	1	4500	2	0	4450
Picture	blue1i	false alarm	2	3888	2	198334	1	3333	2	0	3290
Picture	full1n	other				210500	2	4334	3	0	4290
Picture	full0n	other				222667	1	4667	2	0	4620
Picture	full1i	other				234501	1	2500	2	0	2450
Picture	full0i	other				246834	1	3000	2	0	2950
Picture	full0n	other				260334	1	5000	2	0	4950
Picture	full0i	other				273834	1	4500	2	0	4450
Picture	full0n	other				286668	1	3000	2	0	2950
Picture	full1n	other				299334	1	3334	2	0	3290
Picture	blue1i	false alarm	2	3352	2	311168	1	3166	2	0	3120
Picture	full0i	other				323834	1	3834	2	0	3790
Picture	full0n	other				336168	1	5000	2	0	4950
Picture	full0i	other				348001	1	2500	2	0	2450
Picture	full1n	other				359335	1	4333	2	0	4290
Picture	full1i	other				371501	1	2834	2	0	2790
Picture	full0n	other				383001	1	2834	2	0	2790
Picture	full1n	other				393835	1	4166	2	0	4120
Picture	full1i	other				406001	2	3667	3	0	3620
Picture	full1n	other				418835	1	3667	2	0	3620
Picture	full0i	other				431002	1	5000	2	0	4950
Picture	blue1i	false alarm	2	4783	2	442335	1	2833	2	0	2790
Picture	full1n	other				453335	1	3000	2	0	2950
Picture	full0n	other				466002	1	2833	2	0	2790
Picture	full0i	other				477002	1	4000	2	0	3950
Picture	full0n	other				489169	1	3666	2	0	3620
Picture	full0i	other				502002	1	2833	2	0	2790
Picture	full0n	other				515169	1	4333	2	0	4290
Picture	full1i	other				528335	1	3667	2	0	3620
Picture	full0i	other				541002	1	3667	2	0	3620
Picture	full1n	other				551835	2	4501	3	0	4450
Picture	full0n	other				564002	1	3167	2	0	3120
Picture	full1i	other				575502	1	3000	2	0	2950
Picture	blue0i	false alarm	2	4679	3	587336	1	3166	2	0	3120
Picture	full0n	other				598836	1	3833	2	0	3790
Picture	full0i	other				611169	1	3000	2	0	2950
Picture	full0n	other				622669	1	4834	2	0	4790
Picture	full1n	other				635836	1	2500	2	0	2450
Picture	full1i	other				646669	1	3000	2	0	2950
Picture	full0i	other				660169	1	3000	2	0	2950
Picture	full0n	other				671503	1	3666	2	0	3620
Picture	full1n	other				684669	2	3334	3	0	3290
Picture	full1i	other				696836	1	4500	2	0	4450
Picture	blue1n	false alarm	2	4444	2	708670	1	4166	2	0	4120
Picture	full0i	other				721003	1	2667	2	0	2620
Picture	full0n	other				733670	1	4666	2	0	4620
Picture	full0i	other				745836	2	2667	3	0	2620
Picture	full1i	other				758670	1	4667	2	0	4620
Picture	full0n	other				770170	1	2833	2	0	2790
Picture	full1n	other				782337	1	4000	2	0	3950
Picture	full1i	other				795170	1	3500	2	0	3450
Picture	full1n	other				807503	2	4000	3	0	3950
Picture	full0i	other				819670	1	4500	2	0	4450
Picture	blue0n	false alarm	2	4175	2	831837	1	2500	2	0	2450
Picture	full0i	other				844004	1	4166	2	0	4120
Picture	full0n	other				854837	1	4833	2	0	4790
Picture	full0i	other				865837	1	2500	2	0	2450
Picture	full0n	other				878670	2	4834	3	0	4790
Picture	full0i	other				891337	1	3334	2	0	3290
Picture	full1i	other				904837	1	3500	2	0	3450
Picture	full1n	other				917504	1	3833	2	0	3790
Picture	full0n	other				930337	1	4500	2	0	4450
Picture	full0i	other				942504	1	2500	2	0	2450
Picture	full1i	other				953337	2	4167	3	0	4120
Picture	blue0n	false alarm	2	4229	2	966171	1	4667	2	0	4620
Picture	full1n	other				977171	1	2500	2	0	2450
Picture	full1i	other				989504	1	3500	2	0	3450
Picture	full1n	other				1000504	1	3167	2	0	3120
Picture	full1i	other				1013671	1	3000	2	0	2950
Picture	full0i	other				1025171	1	3334	2	0	3290
Picture	full0n	other				1036671	1	3000	2	0	2950
Picture	full1n	other				1049005	1	3000	2	0	2950
Picture	full1i	other				1061171	1	3667	2	0	3620
Picture	full1n	other				1074338	1	4000	2	0	3950
Picture	full1i	other				1085671	2	4834	3	0	4790
Picture	full1n	other				1098838	1	2500	2	0	2450
Picture	full0i	other				1110172	1	4500	2	0	4450
Picture	blue1i	false alarm	2	4192	3	1121505	1	3333	2	0	3290
Picture	full1n	other				1133338	1	4500	2	0	4450
Picture	full0n	other				1146505	1	4167	2	0	4120
Picture	full1i	other				1158005	1	3834	2	0	3790
Picture	full1n	other				1169005	1	4500	2	0	4450
Picture	full1i	other				1182172	1	2833	2	0	2790
Picture	full1n	other				1193005	1	3834	2	0	3790
Picture	full1i	other				1205172	1	4500	2	0	4450
Picture	full0i	other				1216005	2	3667	3	0	3620
Picture	blue1n	false alarm	2	3990	2	1227006	1	4500	2	0	4450
Picture	full1i	other				1238006	1	4500	2	0	4450
Picture	full1n	other				1251506	1	4666	2	0	4620
Picture	full1i	other				1263339	1	3167	2	0	3120
Picture	full1n	other				1276839	1	2667	2	0	2620
Picture	full0n	other				1288673	1	4666	2	0	4620
Picture	full0i	other				1300839	1	5000	2	0	4950
Picture	full1i	other				1313173	1	3500	2	0	3450
Picture	full1n	other				1326673	1	4833	2	0	4790
Picture	blue0n	false alarm	2	5088	3	1339006	1	4500	2	0	4450
Picture	full0i	other				1350339	2	2667	3	0	2620
Picture	full1i	other				1361840	1	3166	2	0	3120
Picture	full0n	other				1374506	1	3167	2	0	3120
Picture	full0i	other				1385340	1	3166	2	0	3120
Picture	full0n	other				1397173	1	3167	2	0	3120
Picture	full1n	other				1410006	2	3834	3	0	3790
Picture	full1i	other				1423507	1	4833	2	0	4790
Picture	full1n	other				1436340	1	4500	2	0	4450
Picture	blue0i	false alarm	2	3920	2	1447673	1	4500	2	0	4450
Picture	full0n	other				1459507	1	5000	2	0	4950
Picture	full1i	other				1470507	1	2500	2	0	2450
Picture	full0i	other				1482840	1	4667	2	0	4620
Picture	full0n	other				1494174	1	3166	2	0	3120
Picture	full0i	other				1505507	1	4333	2	0	4290
Picture	full0n	other				1517007	1	3667	2	0	3620
Picture	full0i	other				1528840	1	2667	2	0	2620
Picture	blue1n	false alarm	2	4351	3	1542340	2	2834	3	0	2790
Picture	full0n	other				1555841	1	5000	2	0	4950
Picture	full1i	other				1566841	1	3333	2	0	3290
Picture	full0i	other				1579507	1	2834	2	0	2790
Picture	full0n	other				1591007	1	3834	2	0	3790
Picture	full0i	other				1603174	1	2833	2	0	2790
Picture	full1n	other				1614008	1	3333	2	0	3290
Picture	82	other				1625341	1	100167	2	0	next
Picture	82	other				1725508	1	10000	2	100000	next
Picture	82	other				1735508	1	10000	2	110000	next
Picture	82	other				1745508	1	10000	2	120000	next
Picture	82	other				1755508	1	10000	2	130000	next
Picture	82	other				1765508	1	10000	2	140000	next
Picture	82	other				1775508	1	10000	2	150000	next
Picture	82	other				1785508	1	10000	2	160000	next
Picture	82	other				1795508	1	10000	3	170000	next
Picture	82	other				1805508	2	10001	3	180000	next
Picture	82	other				1815509	1	10000	2	190000	10000
Picture	full0n	other				1825509	1	3166	2	0	3120
Picture	full0i	other				1837842	1	2833	2	0	2790
Picture	full0n	other				1850675	1	4500	2	0	4450
Picture	full1n	other				1862175	2	3500	3	0	3450
Picture	blue0i	false alarm	2	4311	3	1875675	2	4834	3	0	4790
Picture	full0n	other				1887842	1	4334	2	0	4290
Picture	full1i	other				1900176	1	3500	2	0	3450
Picture	full1n	other				1911176	1	4166	2	0	4120
Picture	full1i	other				1922509	1	3000	2	0	2950
Picture	full0i	other				1934676	1	3833	2	0	3790
Picture	full1n	other				1945676	1	5000	2	0	4950
Picture	full1i	other				1958343	1	4166	2	0	4120
Picture	blue0n	false alarm	2	5075	3	1970509	1	4167	2	0	4120
Picture	full0i	other				1983176	1	3667	2	0	3620
Picture	full0n	other				1994009	2	4500	4	0	4450
Picture	full0i	other				2006343	1	3333	2	0	3290
Picture	full0n	other				2018676	1	4334	2	0	4290
Picture	full1n	other				2030843	1	4667	2	0	4620
Picture	full0i	other				2044010	1	2500	2	0	2450
Picture	full1i	other				2054843	1	3000	2	0	2950
Picture	full0n	other				2065843	1	5000	2	0	4950
Picture	full1n	other				2078510	1	4500	2	0	4450
Picture	blue1i	false alarm	2	4606	2	2091677	1	3000	2	0	2950
Picture	full0i	other				2103177	1	3333	2	0	3290
Picture	full0n	other				2116677	1	3166	2	0	3120
Picture	full1n	other				2129843	2	3834	3	0	3790
Picture	full1i	other				2142010	1	5000	2	0	4950
Picture	full1n	other				2153844	1	2500	2	0	2450
Picture	full0i	other				2167010	1	4334	2	0	4290
Picture	full0n	other				2180510	1	2834	2	0	2790
Picture	full1i	other				2192844	1	2833	2	0	2790
Picture	full0i	other				2205677	1	4167	2	0	4120
Picture	full0n	other				2217177	1	3667	2	0	3620
Picture	full0i	other				2229011	1	3666	2	0	3620
Picture	full1n	other				2242511	1	5000	2	0	4950
Picture	full0n	other				2253344	1	2833	3	0	2790
Picture	blue0i	false alarm	2	5393	3	2264677	2	3001	3	0	2950
Picture	full1i	other				2276511	1	2833	2	0	2790
Picture	full1n	other				2287511	1	4000	2	0	3950
Picture	full1i	other				2299678	1	3666	2	0	3620
Picture	full1n	other				2311511	1	2833	2	0	2790
Picture	blue1i	false alarm	2	4325	4	2323844	2	4334	3	0	4290
Picture	full0n	other				2336011	1	3667	2	0	3620
Picture	full1n	other				2348845	1	3666	2	0	3620
Picture	full0i	other				2359845	1	4500	2	0	4450
Picture	full1i	other				2372511	1	3167	2	0	3120
Picture	full0n	other				2385178	1	3000	2	0	2950
Picture	full1n	other				2397845	1	3167	2	0	3120
Picture	full1i	other				2410012	1	3833	2	0	3790
Picture	full1n	other				2422845	1	3000	2	0	2950
Picture	full1i	other				2436345	1	4833	2	0	4790
Picture	full0i	other				2447845	1	2500	2	0	2450
Picture	blue0n	false alarm	2	4789	4	2459178	2	3001	3	0	2950
Picture	full1n	other				2471345	1	3000	2	0	2950
Picture	full1i	other				2484179	1	3666	2	0	3620
Picture	full0i	other				2497679	1	3333	2	0	3290
Picture	full0n	other				2508512	1	4500	2	0	4450
Picture	full0i	other				2521179	1	4167	2	0	4120
Picture	full1n	other				2532179	1	2667	2	0	2620
Picture	full1i	other				2544346	1	4666	2	0	4620
Picture	blue1n	false alarm	2	4520	2	2555346	1	2666	2	0	2620
Picture	full0n	other				2567679	1	4667	2	0	4620
Picture	full1i	other				2580846	1	2833	2	0	2790
Picture	full0i	other				2591679	1	4000	2	0	3950
Picture	full0n	other				2603846	1	3500	2	0	3450
Picture	full0i	other				2615679	1	4000	2	0	3950
Picture	full1n	other				2626679	1	4500	2	0	4450
Picture	full1i	other				2640179	2	2500	4	0	2450
Picture	full1n	other				2652013	1	4167	2	0	4120
Picture	blue1i	false alarm	2	3884	2	2665180	1	4833	2	0	4790
Picture	full1n	other				2676180	1	2500	2	0	2450
Picture	full1i	other				2689013	1	4833	2	0	4790
Picture	full1n	other				2700346	2	3334	3	0	3290
Picture	full0n	other				2713013	1	3500	2	0	3450
Picture	full0i	other				2725680	1	3833	2	0	3790
Picture	full1i	other				2738847	1	4500	2	0	4450
Picture	full1n	other				2749680	1	2500	2	0	2450
Picture	full0n	other				2761180	1	4167	2	0	4120
Picture	full1i	other				2774013	2	4667	3	0	4620
Picture	blue0i	false alarm	2	4015	3	2785847	1	2500	2	0	2450
Picture	full0n	other				2797680	1	3500	2	0	3450
Picture	full0i	other				2809180	1	3167	2	0	3120
Picture	full0n	other				2820014	1	3000	2	0	2950
Picture	full1n	other				2832347	1	3333	2	0	3290
Picture	full1i	other				2845181	1	3000	2	0	2950
Picture	full0i	other				2857514	1	3000	2	0	2950
Picture	full0n	other				2871014	1	3667	2	0	3620
Picture	full0i	other				2884514	1	4000	2	0	3950
Picture	blue1n	false alarm	2	5580	2	2896681	1	4833	2	0	4790
Picture	full0n	other				2910181	1	2500	2	0	2450
Picture	full1i	other				2921514	1	4500	2	0	4450
Picture	full0i	other				2934681	1	3333	2	0	3290
Picture	full0n	other				2947348	1	4500	2	0	4450
Picture	full1n	other				2958181	1	4167	2	0	4120
Picture	full0i	other				2971348	1	3833	2	0	3790
Picture	full0n	other				2984181	1	4500	2	0	4450
Picture	full0i	other				2996348	1	2833	2	0	2790
Picture	full0n	other				3007848	1	3833	2	0	3790
Picture	full0i	other				3019348	1	4500	2	0	4450
Picture	full1i	other				3032181	2	3667	3	0	3620
Picture	full0n	other				3043515	1	4500	2	0	4450
Picture	full0i	other				3054848	1	4500	2	0	4450
Picture	full0n	other				3067015	1	4667	2	0	4620
Picture	full0i	other				3080515	1	3167	2	0	3120
Picture	blue0n	false alarm	2	3875	3	3093682	1	2666	3	0	2620
Picture	full1n	other				3105015	1	4667	2	0	4620
Picture	full1i	other				3117182	1	5000	2	0	4950
Picture	full0i	other				3128682	1	3500	2	0	3450
Picture	full0n	other				3141849	1	4833	2	0	4790
Picture	full1n	other				3154015	2	4500	4	0	4450
Picture	full1i	other				3166349	1	2667	2	0	2620
Picture	full0i	other				3179016	1	3166	2	0	3120
Picture	full1n	other				3191849	1	3167	2	0	3120
Picture	blue1i	false alarm	2	4907	2	3203349	1	3167	2	0	3120
Picture	full1n	other				3214349	1	3167	2	0	3120
Picture	full0n	other				3226516	1	3833	2	0	3790
Picture	full0i	other				3238349	1	4834	2	0	4790
Picture	full0n	other				3250516	1	4500	2	0	4450
Picture	full1i	other				3261349	1	4500	2	0	4450
Picture	full1n	other				3273516	1	5000	2	0	4950
Picture	full0i	other				3285683	1	2500	2	0	2450
Picture	full1i	other				3297850	1	4666	2	0	4620
Picture	full1n	other				3309183	1	3167	2	0	3120
Picture	full1i	other				3320683	1	4333	2	0	4290
Picture	full1n	other				3332850	1	3666	2	0	3620
Picture	full1i	other				3345183	1	2667	2	0	2620
Picture	blue0n	false alarm	2	4627	2	3357017	1	2833	2	0	2790
Picture	full1n	other				3368017	1	5000	2	0	4950
Picture	full0i	other				3379517	1	3333	2	0	3290
Picture	full1i	other				3390850	1	2833	2	0	2790
Picture	full1n	other				3402683	2	3834	3	0	3790
Picture	full1i	other				3414017	1	2833	2	0	2790
Picture	full0n	other				3424850	1	3334	2	0	3290
Picture	default	other				3436184	1	2666	2	0	2500
Picture	default	other				3456350	1	6730	2	0	2500
