Scenario - visual LTP Rap V4.0 HVA (based on combined block 1+2 from old 45 135 degree pilot)
Logfile written - 04/24/2015 13:35:44

Subject	Trial	Event Type	Code	Time	TTime	Uncertainty	Duration	Uncertainty	ReqTime	ReqDur

08_S0305_v0	1	Response	128	7284	17117	2
08_S0305_v0	3	Picture	full1n	17500	0	1	3166	2	0	3120
08_S0305_v0	4	Picture	full1i	28430	0	238	2903	239	0	2790
08_S0305_v0	5	Picture	full1n	41666	0	2	4500	4	0	4450
08_S0305_v0	6	Picture	full0n	54833	0	1	3500	2	0	3450
08_S0305_v0	7	Picture	full1i	65667	0	1	4833	2	0	4790
08_S0305_v0	8	Picture	full1n	77833	0	1	4334	2	0	4290
08_S0305_v0	9	Picture	full0i	90000	0	1	3500	2	0	3450
08_S0305_v0	9	Response	10	93713	3713	2
08_S0305_v0	10	Picture	full0n	102333	0	2	4167	3	0	4120
08_S0305_v0	11	Picture	blue0i	113803	0	198	3031	199	0	2950
08_S0305_v0	11	Response	10	117713	3910	1
08_S0305_v0	12	Picture	full1i	125834	0	1	3833	2	0	3790
08_S0305_v0	13	Picture	full0n	138667	0	1	5000	2	0	4950
08_S0305_v0	14	Picture	full0i	151334	0	1	4166	3	0	4120
08_S0305_v0	15	Picture	full1n	164834	0	1	4167	2	0	4120
08_S0305_v0	16	Picture	full1i	177501	0	1	3666	2	0	3620
08_S0305_v0	17	Picture	full1n	188834	0	1	4500	2	0	4450
08_S0305_v0	18	Picture	blue1i	201001	0	1	3333	2	0	3290
08_S0305_v0	18	Response	10	204812	3811	1
08_S0305_v0	19	Picture	full1n	213168	0	1	4333	2	0	4290
08_S0305_v0	20	Picture	full0n	225334	0	1	4667	2	0	4620
08_S0305_v0	21	Picture	full1i	237168	0	1	2500	2	0	2450
08_S0305_v0	22	Picture	full0i	249501	0	1	3000	2	0	2950
08_S0305_v0	23	Picture	full0n	263001	0	1	5000	2	0	4950
08_S0305_v0	24	Picture	full0i	276501	0	1	4500	2	0	4450
08_S0305_v0	24	Response	10	280010	3509	2
08_S0305_v0	25	Picture	full0n	289335	0	1	3000	2	0	2950
08_S0305_v0	26	Picture	full1n	302001	0	2	3334	3	0	3290
08_S0305_v0	27	Picture	blue1i	313835	0	1	3167	2	0	3120
08_S0305_v0	27	Response	10	317510	3675	2
08_S0305_v0	28	Picture	full0i	326502	0	1	3833	2	0	3790
08_S0305_v0	29	Picture	full0n	338835	0	1	5000	2	0	4950
08_S0305_v0	30	Picture	full0i	350668	0	2	2500	3	0	2450
08_S0305_v0	31	Picture	full1n	362002	0	1	4333	2	0	4290
08_S0305_v0	32	Picture	full1i	374169	0	1	2833	2	0	2790
08_S0305_v0	33	Picture	full0n	385669	0	1	2833	2	0	2790
08_S0305_v0	34	Picture	full1n	396502	0	1	4167	2	0	4120
08_S0305_v0	35	Picture	full1i	408669	0	1	3667	2	0	3620
08_S0305_v0	36	Picture	full1n	421502	0	1	3667	2	0	3620
08_S0305_v0	37	Picture	full0i	433669	0	1	5000	2	0	4950
08_S0305_v0	38	Picture	blue1i	445002	0	1	2834	2	0	2790
08_S0305_v0	38	Response	10	448409	3407	1
08_S0305_v0	39	Picture	full1n	456002	0	2	3000	4	0	2950
08_S0305_v0	40	Picture	full0n	468669	0	1	2834	2	0	2790
08_S0305_v0	41	Picture	full0i	479669	0	1	4000	2	0	3950
08_S0305_v0	42	Picture	full0n	491836	0	1	3667	2	0	3620
08_S0305_v0	43	Picture	full0i	504669	0	2	2834	3	0	2790
08_S0305_v0	44	Picture	full0n	517836	0	1	4334	2	0	4290
08_S0305_v0	45	Picture	full1i	531003	0	1	3667	2	0	3620
08_S0305_v0	46	Picture	full0i	543670	0	1	3666	2	0	3620
08_S0305_v0	46	Response	10	547107	3437	2
08_S0305_v0	47	Picture	full1n	554503	0	1	4500	2	0	4450
08_S0305_v0	48	Picture	full0n	566670	0	1	3167	2	0	3120
08_S0305_v0	48	Response	10	569807	3137	1
08_S0305_v0	49	Picture	full1i	578170	0	1	3000	2	0	2950
08_S0305_v0	50	Picture	blue0i	590003	0	1	3167	2	0	3120
08_S0305_v0	50	Response	10	594107	4104	1
08_S0305_v0	51	Picture	full0n	601503	0	2	3834	3	0	3790
08_S0305_v0	52	Picture	full0i	613837	0	1	3000	2	0	2950
08_S0305_v0	53	Picture	full0n	625337	0	1	4833	2	0	4790
08_S0305_v0	54	Picture	full1n	638504	0	1	2500	2	0	2450
08_S0305_v0	55	Picture	full1i	649337	0	1	3000	2	0	2950
08_S0305_v0	56	Picture	full0i	662837	0	1	3000	2	0	2950
08_S0305_v0	57	Picture	full0n	674171	0	1	3666	2	0	3620
08_S0305_v0	58	Picture	full1n	687337	0	1	3334	2	0	3290
08_S0305_v0	59	Picture	full1i	699504	0	1	4500	2	0	4450
08_S0305_v0	60	Picture	blue1n	711337	0	2	4167	3	0	4120
08_S0305_v0	60	Response	10	717096	5759	1
08_S0305_v0	61	Picture	full0i	723671	0	1	2667	2	0	2620
08_S0305_v0	62	Picture	full0n	736338	0	1	4666	2	0	4620
08_S0305_v0	63	Picture	full0i	748504	0	1	2667	2	0	2620
08_S0305_v0	64	Picture	full1i	761338	0	1	4666	3	0	4620
08_S0305_v0	65	Picture	full0n	772838	0	1	2833	2	0	2790
08_S0305_v0	66	Picture	full1n	785005	0	1	4000	2	0	3950
08_S0305_v0	67	Picture	full1i	797838	0	1	3500	2	0	3450
08_S0305_v0	68	Picture	full1n	810171	0	2	4000	4	0	3950
08_S0305_v0	69	Picture	full0i	822338	0	1	4500	2	0	4450
08_S0305_v0	69	Response	10	826094	3756	1
08_S0305_v0	70	Picture	blue0n	834505	0	1	2500	2	0	2450
08_S0305_v0	70	Response	10	839394	4889	1
08_S0305_v0	71	Picture	full0i	846672	0	1	4166	2	0	4120
08_S0305_v0	72	Picture	full0n	857505	0	1	4833	2	0	4790
08_S0305_v0	73	Picture	full0i	868505	0	1	2500	2	0	2450
08_S0305_v0	74	Picture	full0n	881339	0	1	4833	2	0	4790
08_S0305_v0	75	Picture	full0i	894005	0	1	3334	2	0	3290
08_S0305_v0	76	Picture	full1i	907505	0	2	3500	3	0	3450
08_S0305_v0	77	Picture	full1n	920172	0	1	3833	3	0	3790
08_S0305_v0	78	Picture	full0n	933006	0	1	4500	2	0	4450
08_S0305_v0	79	Picture	full0i	945172	0	1	2500	2	0	2450
08_S0305_v0	80	Picture	full1i	956006	0	1	4166	2	0	4120
08_S0305_v0	81	Picture	blue0n	968839	0	1	4667	2	0	4620
08_S0305_v0	81	Response	10	971892	3053	2
08_S0305_v0	82	Picture	full1n	979839	0	1	2500	2	0	2450
08_S0305_v0	83	Picture	full1i	992173	0	1	3500	2	0	3450
08_S0305_v0	84	Picture	full1n	1003173	0	1	3166	2	0	3120
08_S0305_v0	85	Picture	full1i	1016339	0	2	3000	4	0	2950
08_S0305_v0	86	Picture	full0i	1027840	0	1	3333	2	0	3290
08_S0305_v0	87	Picture	full0n	1039340	0	1	3000	2	0	2950
08_S0305_v0	88	Picture	full1n	1051673	0	1	3000	2	0	2950
08_S0305_v0	89	Picture	full1i	1063840	0	1	3666	2	0	3620
08_S0305_v0	90	Picture	full1n	1077007	0	1	4000	2	0	3950
08_S0305_v0	91	Picture	full1i	1088340	0	1	4833	2	0	4790
08_S0305_v0	92	Picture	full1n	1101507	0	1	2500	2	0	2450
08_S0305_v0	93	Picture	full0i	1112840	0	1	4500	2	0	4450
08_S0305_v0	93	Response	10	1116391	3551	1
08_S0305_v0	94	Picture	blue1i	1124173	0	2	3334	3	0	3290
08_S0305_v0	94	Response	10	1127291	3118	1
08_S0305_v0	95	Picture	full1n	1136007	0	1	4500	2	0	4450
08_S0305_v0	96	Picture	full0n	1149174	0	1	4166	2	0	4120
08_S0305_v0	97	Picture	full1i	1160674	0	1	3833	2	0	3790
08_S0305_v0	98	Picture	full1n	1171674	0	1	4500	2	0	4450
08_S0305_v0	99	Picture	full1i	1184841	0	1	2833	2	0	2790
08_S0305_v0	100	Picture	full1n	1195674	0	1	3833	2	0	3790
08_S0305_v0	101	Picture	full1i	1207841	0	1	4500	2	0	4450
08_S0305_v0	102	Picture	full0i	1218674	0	1	3667	2	0	3620
08_S0305_v0	102	Response	10	1222489	3815	1
08_S0305_v0	103	Picture	blue1n	1229674	0	1	4500	2	0	4450
08_S0305_v0	103	Response	10	1234489	4815	1
08_S0305_v0	104	Picture	full1i	1240674	0	1	4500	2	0	4450
08_S0305_v0	105	Picture	full1n	1254174	0	1	4667	2	0	4620
08_S0305_v0	106	Picture	full1i	1266008	0	1	3166	2	0	3120
08_S0305_v0	107	Picture	full1n	1279508	0	1	2667	2	0	2620
08_S0305_v0	108	Picture	full0n	1291341	0	1	4667	2	0	4620
08_S0305_v0	109	Picture	full0i	1303508	0	1	5000	2	0	4950
08_S0305_v0	110	Picture	full1i	1315841	0	1	3500	2	0	3450
08_S0305_v0	111	Picture	full1n	1329342	0	1	4833	2	0	4790
08_S0305_v0	112	Picture	blue0n	1341675	0	1	4500	2	0	4450
08_S0305_v0	112	Response	10	1345688	4013	1
08_S0305_v0	113	Picture	full0i	1353008	0	1	2667	2	0	2620
08_S0305_v0	114	Picture	full1i	1364508	0	1	3167	2	0	3120
08_S0305_v0	115	Picture	full0n	1377175	0	1	3167	2	0	3120
08_S0305_v0	116	Picture	full0i	1388009	0	1	3166	2	0	3120
08_S0305_v0	117	Picture	full0n	1399842	0	1	3167	2	0	3120
08_S0305_v0	117	Response	10	1404087	4245	1
08_S0305_v0	118	Picture	full1n	1412675	0	1	3834	2	0	3790
08_S0305_v0	119	Picture	full1i	1426175	0	2	4834	3	0	4790
08_S0305_v0	120	Picture	full1n	1439009	0	1	4500	2	0	4450
08_S0305_v0	121	Picture	blue0i	1450342	0	1	4500	2	0	4450
08_S0305_v0	121	Response	10	1455586	5244	2
08_S0305_v0	122	Picture	full0n	1462176	0	1	5000	2	0	4950
08_S0305_v0	123	Picture	full1i	1473176	0	1	2500	2	0	2450
08_S0305_v0	124	Picture	full0i	1485509	0	1	4667	2	0	4620
08_S0305_v0	125	Picture	full0n	1496843	0	1	3166	2	0	3120
08_S0305_v0	125	Response	10	1501286	4443	1
08_S0305_v0	126	Picture	full0i	1508176	0	1	4333	2	0	4290
08_S0305_v0	127	Picture	full0n	1519676	0	1	3667	2	0	3620
08_S0305_v0	128	Picture	full0i	1531509	0	2	2667	3	0	2620
08_S0305_v0	129	Picture	blue1n	1545010	0	1	2833	2	0	2790
08_S0305_v0	129	Response	10	1548985	3975	1
08_S0305_v0	130	Picture	full0n	1558510	0	1	5000	2	0	4950
08_S0305_v0	131	Picture	full1i	1569510	0	1	3333	2	0	3290
08_S0305_v0	132	Picture	full0i	1582176	0	2	2834	3	0	2790
08_S0305_v0	133	Picture	full0n	1593677	0	1	3833	2	0	3790
08_S0305_v0	134	Picture	full0i	1605843	0	1	2834	2	0	2790
08_S0305_v0	135	Picture	full1n	1616677	0	1	3333	2	0	3290
08_S0305_v0	136	Picture	82	1628010	0	1	100167	2	0	next
08_S0305_v0	136	Picture	82	1728177	100167	1	10001	2	100000	next
08_S0305_v0	136	Picture	82	1738178	110168	1	10000	2	110000	next
08_S0305_v0	136	Picture	82	1748178	120168	1	10000	2	120000	next
08_S0305_v0	136	Picture	82	1758178	130168	1	10000	2	130000	next
08_S0305_v0	136	Picture	82	1768178	140168	1	10000	2	140000	next
08_S0305_v0	136	Picture	82	1778178	150168	1	10000	2	150000	next
08_S0305_v0	136	Picture	82	1788178	160168	1	10000	2	160000	next
08_S0305_v0	136	Picture	82	1798178	170168	1	10000	2	170000	next
08_S0305_v0	136	Picture	82	1808178	180168	1	10000	2	180000	next
08_S0305_v0	136	Picture	82	1818178	190168	1	10000	2	190000	10000
08_S0305_v0	137	Picture	full0n	1828178	0	1	3167	2	0	3120
08_S0305_v0	138	Picture	full0i	1840512	0	1	2833	2	0	2790
08_S0305_v0	139	Picture	full0n	1853345	0	1	4500	2	0	4450
08_S0305_v0	140	Picture	full1n	1864845	0	1	3500	2	0	3450
08_S0305_v0	141	Picture	blue0i	1878345	0	1	4833	3	0	4790
08_S0305_v0	141	Response	10	1882181	3836	1
08_S0305_v0	142	Picture	full0n	1890512	0	1	4333	2	0	4290
08_S0305_v0	143	Picture	full1i	1902845	0	1	3500	2	0	3450
08_S0305_v0	144	Picture	full1n	1913845	0	1	4167	2	0	4120
08_S0305_v0	145	Picture	full1i	1925179	0	1	3000	2	0	2950
08_S0305_v0	146	Picture	full0i	1937345	0	2	3834	3	0	3790
08_S0305_v0	147	Picture	full1n	1948346	0	1	5000	2	0	4950
08_S0305_v0	148	Picture	full1i	1961012	0	1	4167	2	0	4120
08_S0305_v0	149	Picture	blue0n	1973179	0	1	4167	2	0	4120
08_S0305_v0	149	Response	10	1976780	3601	1
08_S0305_v0	150	Picture	full0i	1985846	0	1	3666	3	0	3620
08_S0305_v0	151	Picture	full0n	1996679	0	1	4500	2	0	4450
08_S0305_v0	152	Picture	full0i	2009013	0	1	3333	2	0	3290
08_S0305_v0	153	Picture	full0n	2021346	0	1	4333	2	0	4290
08_S0305_v0	154	Picture	full1n	2033513	0	1	4666	3	0	4620
08_S0305_v0	155	Picture	full0i	2046680	0	1	2500	2	0	2450
08_S0305_v0	156	Picture	full1i	2057513	0	1	3000	2	0	2950
08_S0305_v0	157	Picture	full0n	2068513	0	1	5000	2	0	4950
08_S0305_v0	158	Picture	full1n	2081180	0	1	4500	2	0	4450
08_S0305_v0	159	Picture	blue1i	2094347	0	1	3000	2	0	2950
08_S0305_v0	159	Response	10	2098368	4021	2
08_S0305_v0	160	Picture	full0i	2105847	0	1	3333	2	0	3290
08_S0305_v0	161	Picture	full0n	2119347	0	1	3166	2	0	3120
08_S0305_v0	162	Picture	full1n	2132513	0	2	3834	3	0	3790
08_S0305_v0	163	Picture	full1i	2144680	0	1	5000	2	0	4950
08_S0305_v0	164	Picture	full1n	2156514	0	1	2500	2	0	2450
08_S0305_v0	165	Picture	full0i	2169680	0	1	4334	2	0	4290
08_S0305_v0	166	Picture	full0n	2183180	0	2	2834	3	0	2790
08_S0305_v0	167	Picture	full1i	2195514	0	1	2833	2	0	2790
08_S0305_v0	168	Picture	full0i	2208347	0	1	4167	2	0	4120
08_S0305_v0	169	Picture	full0n	2219847	0	1	3667	2	0	3620
08_S0305_v0	170	Picture	full0i	2231681	0	1	3666	2	0	3620
08_S0305_v0	171	Picture	full1n	2245181	0	1	5000	2	0	4950
08_S0305_v0	172	Picture	full0n	2256014	0	1	2834	2	0	2790
08_S0305_v0	173	Picture	blue0i	2267348	0	1	3000	2	0	2950
08_S0305_v0	173	Response	10	2271067	3719	1
08_S0305_v0	174	Picture	full1i	2279181	0	1	2833	2	0	2790
08_S0305_v0	175	Picture	full1n	2290181	0	1	4000	2	0	3950
08_S0305_v0	176	Picture	full1i	2302348	0	1	3667	2	0	3620
08_S0305_v0	177	Picture	full1n	2314181	0	1	2834	2	0	2790
08_S0305_v0	178	Picture	blue1i	2326515	0	1	4333	2	0	4290
08_S0305_v0	178	Response	10	2332965	6450	2
08_S0305_v0	179	Picture	full0n	2338681	0	2	3667	3	0	3620
08_S0305_v0	180	Picture	full1n	2351515	0	1	3667	2	0	3620
08_S0305_v0	181	Picture	full0i	2362515	0	1	4500	2	0	4450
08_S0305_v0	182	Picture	full1i	2375182	0	1	3166	2	0	3120
08_S0305_v0	183	Picture	full0n	2387848	0	2	3000	4	0	2950
08_S0305_v0	184	Picture	full1n	2400515	0	1	3167	2	0	3120
08_S0305_v0	185	Picture	full1i	2412682	0	1	3833	2	0	3790
08_S0305_v0	186	Picture	full1n	2425515	0	1	3000	2	0	2950
08_S0305_v0	187	Picture	full1i	2439015	0	2	4834	3	0	4790
08_S0305_v0	188	Picture	full0i	2450516	0	1	2500	2	0	2450
08_S0305_v0	189	Picture	blue0n	2461849	0	1	3000	2	0	2950
08_S0305_v0	189	Response	10	2465464	3615	1
08_S0305_v0	190	Picture	full1n	2474016	0	1	3000	2	0	2950
08_S0305_v0	191	Picture	full1i	2486849	0	1	3667	2	0	3620
08_S0305_v0	192	Picture	full0i	2500349	0	1	3334	2	0	3290
08_S0305_v0	193	Picture	full0n	2511183	0	1	4500	2	0	4450
08_S0305_v0	194	Picture	full0i	2523849	0	1	4167	2	0	4120
08_S0305_v0	195	Picture	full1n	2534849	0	2	2667	3	0	2620
08_S0305_v0	196	Picture	full1i	2547016	0	1	4667	2	0	4620
08_S0305_v0	197	Picture	blue1n	2558016	0	1	2667	2	0	2620
08_S0305_v0	197	Response	10	2562363	4347	1
08_S0305_v0	198	Picture	full0n	2570350	0	1	4666	2	0	4620
08_S0305_v0	199	Picture	full1i	2583516	0	1	2834	2	0	2790
08_S0305_v0	200	Picture	full0i	2594350	0	1	4000	2	0	3950
08_S0305_v0	201	Picture	full0n	2606517	0	1	3500	2	0	3450
08_S0305_v0	202	Picture	full0i	2618350	0	1	4000	2	0	3950
08_S0305_v0	203	Picture	full1n	2629350	0	1	4500	2	0	4450
08_S0305_v0	204	Picture	full1i	2642850	0	1	2500	2	0	2450
08_S0305_v0	205	Picture	full1n	2654684	0	1	4166	2	0	4120
08_S0305_v0	206	Picture	blue1i	2667850	0	1	4834	2	0	4790
08_S0305_v0	206	Response	10	2671962	4112	1
08_S0305_v0	207	Picture	full1n	2678850	0	1	2500	2	0	2450
08_S0305_v0	208	Picture	full1i	2691684	0	1	4833	2	0	4790
08_S0305_v0	209	Picture	full1n	2703017	0	1	3334	2	0	3290
08_S0305_v0	210	Picture	full0n	2715684	0	1	3500	2	0	3450
08_S0305_v0	211	Picture	full0i	2728351	0	1	3833	2	0	3790
08_S0305_v0	212	Picture	full1i	2741517	0	2	4500	4	0	4450
08_S0305_v0	213	Picture	full1n	2752351	0	1	2500	2	0	2450
08_S0305_v0	214	Picture	full0n	2763851	0	1	4167	2	0	4120
08_S0305_v0	215	Picture	full1i	2776684	0	1	4667	2	0	4620
08_S0305_v0	216	Picture	blue0i	2788518	0	1	2500	2	0	2450
08_S0305_v0	216	Response	10	2792960	4442	1
08_S0305_v0	217	Picture	full0n	2800351	0	1	3500	2	0	3450
08_S0305_v0	218	Picture	full0i	2811851	0	1	3167	2	0	3120
08_S0305_v0	219	Picture	full0n	2822685	0	1	3000	2	0	2950
08_S0305_v0	220	Picture	full1n	2835018	0	1	3333	2	0	3290
08_S0305_v0	221	Picture	full1i	2847851	0	2	3000	4	0	2950
08_S0305_v0	222	Picture	full0i	2860185	0	1	3000	2	0	2950
08_S0305_v0	223	Picture	full0n	2873685	0	1	3667	2	0	3620
08_S0305_v0	224	Picture	full0i	2887185	0	1	4000	2	0	3950
08_S0305_v0	225	Picture	blue1n	2899352	0	1	4833	2	0	4790
08_S0305_v0	225	Response	10	2903359	4007	1
08_S0305_v0	226	Picture	full0n	2912852	0	1	2500	2	0	2450
08_S0305_v0	227	Picture	full1i	2924185	0	1	4500	2	0	4450
08_S0305_v0	228	Picture	full0i	2937352	0	1	3333	2	0	3290
08_S0305_v0	229	Picture	full0n	2950019	0	1	4500	2	0	4450
08_S0305_v0	230	Picture	full1n	2960852	0	1	4167	2	0	4120
08_S0305_v0	231	Picture	full0i	2974019	0	1	3833	2	0	3790
08_S0305_v0	232	Picture	full0n	2986852	0	1	4500	2	0	4450
08_S0305_v0	233	Picture	full0i	2999019	0	1	2833	3	0	2790
08_S0305_v0	234	Picture	full0n	3010519	0	1	3834	2	0	3790
08_S0305_v0	235	Picture	full0i	3022019	0	1	4500	2	0	4450
08_S0305_v0	236	Picture	full1i	3034853	0	1	3666	2	0	3620
08_S0305_v0	237	Picture	full0n	3046186	0	1	4500	2	0	4450
08_S0305_v0	238	Picture	full0i	3057520	0	1	4500	2	0	4450
08_S0305_v0	239	Picture	full0n	3069686	0	1	4667	2	0	4620
08_S0305_v0	240	Picture	full0i	3083186	0	1	3167	2	0	3120
08_S0305_v0	241	Picture	blue0n	3096353	0	1	2667	2	0	2620
08_S0305_v0	241	Response	10	3100256	3903	2
08_S0305_v0	242	Picture	full1n	3107687	0	1	4666	2	0	4620
08_S0305_v0	243	Picture	full1i	3119853	0	1	5000	2	0	4950
08_S0305_v0	244	Picture	full0i	3131353	0	1	3500	2	0	3450
08_S0305_v0	245	Picture	full0n	3144520	0	1	4833	2	0	4790
08_S0305_v0	246	Picture	full1n	3156687	0	1	4500	2	0	4450
08_S0305_v0	247	Picture	full1i	3169020	0	1	2667	2	0	2620
08_S0305_v0	248	Picture	full0i	3181687	0	1	3167	2	0	3120
08_S0305_v0	249	Picture	full1n	3194520	0	2	3167	3	0	3120
08_S0305_v0	250	Picture	blue1i	3206021	0	1	3166	2	0	3120
08_S0305_v0	250	Response	10	3214255	8234	1
08_S0305_v0	251	Picture	full1n	3217021	0	1	3166	2	0	3120
08_S0305_v0	252	Picture	full0n	3229187	0	1	3834	2	0	3790
08_S0305_v0	253	Picture	full0i	3241021	0	1	4833	2	0	4790
08_S0305_v0	254	Picture	full0n	3253187	0	2	4501	3	0	4450
08_S0305_v0	255	Picture	full1i	3264021	0	1	4500	2	0	4450
08_S0305_v0	256	Picture	full1n	3276188	0	1	5000	2	0	4950
08_S0305_v0	257	Picture	full0i	3288354	0	1	2500	2	0	2450
08_S0305_v0	258	Picture	full1i	3300521	0	1	4667	2	0	4620
08_S0305_v0	259	Picture	full1n	3311855	0	1	3166	2	0	3120
08_S0305_v0	260	Picture	full1i	3323355	0	1	4333	2	0	4290
08_S0305_v0	261	Picture	full1n	3335521	0	1	3667	2	0	3620
08_S0305_v0	262	Picture	full1i	3347855	0	1	2666	2	0	2620
08_S0305_v0	263	Picture	blue0n	3359688	0	1	2834	2	0	2790
08_S0305_v0	263	Response	10	3363443	3755	1
08_S0305_v0	264	Picture	full1n	3370688	0	1	5000	2	0	4950
08_S0305_v0	265	Picture	full0i	3382188	0	1	3334	2	0	3290
08_S0305_v0	266	Picture	full1i	3393522	0	1	2833	2	0	2790
08_S0305_v0	267	Picture	full1n	3405355	0	1	3834	2	0	3790
08_S0305_v0	268	Picture	full1i	3416689	0	1	2833	2	0	2790
08_S0305_v0	269	Picture	full0n	3427522	0	1	3333	2	0	3290
08_S0305_v0	270	Picture	default	3438855	0	1	2667	2	0	2500
08_S0305_v0	271	Picture	default	3459022	0	1	6833	2	0	2500


Event Type	Code	Type	Response	RT	RT Uncertainty	Time	Uncertainty	Duration	Uncertainty	ReqTime	ReqDur

Picture	full1n	other				17500	1	3166	2	0	3120
Picture	full1i	other				28430	238	2903	239	0	2790
Picture	full1n	other				41666	2	4500	4	0	4450
Picture	full0n	other				54833	1	3500	2	0	3450
Picture	full1i	other				65667	1	4833	2	0	4790
Picture	full1n	other				77833	1	4334	2	0	4290
Picture	full0i	other				90000	1	3500	2	0	3450
Picture	full0n	other				102333	2	4167	3	0	4120
Picture	blue0i	false alarm	2	3910	199	113803	198	3031	199	0	2950
Picture	full1i	other				125834	1	3833	2	0	3790
Picture	full0n	other				138667	1	5000	2	0	4950
Picture	full0i	other				151334	1	4166	3	0	4120
Picture	full1n	other				164834	1	4167	2	0	4120
Picture	full1i	other				177501	1	3666	2	0	3620
Picture	full1n	other				188834	1	4500	2	0	4450
Picture	blue1i	false alarm	2	3811	2	201001	1	3333	2	0	3290
Picture	full1n	other				213168	1	4333	2	0	4290
Picture	full0n	other				225334	1	4667	2	0	4620
Picture	full1i	other				237168	1	2500	2	0	2450
Picture	full0i	other				249501	1	3000	2	0	2950
Picture	full0n	other				263001	1	5000	2	0	4950
Picture	full0i	other				276501	1	4500	2	0	4450
Picture	full0n	other				289335	1	3000	2	0	2950
Picture	full1n	other				302001	2	3334	3	0	3290
Picture	blue1i	false alarm	2	3675	3	313835	1	3167	2	0	3120
Picture	full0i	other				326502	1	3833	2	0	3790
Picture	full0n	other				338835	1	5000	2	0	4950
Picture	full0i	other				350668	2	2500	3	0	2450
Picture	full1n	other				362002	1	4333	2	0	4290
Picture	full1i	other				374169	1	2833	2	0	2790
Picture	full0n	other				385669	1	2833	2	0	2790
Picture	full1n	other				396502	1	4167	2	0	4120
Picture	full1i	other				408669	1	3667	2	0	3620
Picture	full1n	other				421502	1	3667	2	0	3620
Picture	full0i	other				433669	1	5000	2	0	4950
Picture	blue1i	false alarm	2	3407	2	445002	1	2834	2	0	2790
Picture	full1n	other				456002	2	3000	4	0	2950
Picture	full0n	other				468669	1	2834	2	0	2790
Picture	full0i	other				479669	1	4000	2	0	3950
Picture	full0n	other				491836	1	3667	2	0	3620
Picture	full0i	other				504669	2	2834	3	0	2790
Picture	full0n	other				517836	1	4334	2	0	4290
Picture	full1i	other				531003	1	3667	2	0	3620
Picture	full0i	other				543670	1	3666	2	0	3620
Picture	full1n	other				554503	1	4500	2	0	4450
Picture	full0n	other				566670	1	3167	2	0	3120
Picture	full1i	other				578170	1	3000	2	0	2950
Picture	blue0i	false alarm	2	4104	2	590003	1	3167	2	0	3120
Picture	full0n	other				601503	2	3834	3	0	3790
Picture	full0i	other				613837	1	3000	2	0	2950
Picture	full0n	other				625337	1	4833	2	0	4790
Picture	full1n	other				638504	1	2500	2	0	2450
Picture	full1i	other				649337	1	3000	2	0	2950
Picture	full0i	other				662837	1	3000	2	0	2950
Picture	full0n	other				674171	1	3666	2	0	3620
Picture	full1n	other				687337	1	3334	2	0	3290
Picture	full1i	other				699504	1	4500	2	0	4450
Picture	blue1n	false alarm	2	5759	3	711337	2	4167	3	0	4120
Picture	full0i	other				723671	1	2667	2	0	2620
Picture	full0n	other				736338	1	4666	2	0	4620
Picture	full0i	other				748504	1	2667	2	0	2620
Picture	full1i	other				761338	1	4666	3	0	4620
Picture	full0n	other				772838	1	2833	2	0	2790
Picture	full1n	other				785005	1	4000	2	0	3950
Picture	full1i	other				797838	1	3500	2	0	3450
Picture	full1n	other				810171	2	4000	4	0	3950
Picture	full0i	other				822338	1	4500	2	0	4450
Picture	blue0n	false alarm	2	4889	2	834505	1	2500	2	0	2450
Picture	full0i	other				846672	1	4166	2	0	4120
Picture	full0n	other				857505	1	4833	2	0	4790
Picture	full0i	other				868505	1	2500	2	0	2450
Picture	full0n	other				881339	1	4833	2	0	4790
Picture	full0i	other				894005	1	3334	2	0	3290
Picture	full1i	other				907505	2	3500	3	0	3450
Picture	full1n	other				920172	1	3833	3	0	3790
Picture	full0n	other				933006	1	4500	2	0	4450
Picture	full0i	other				945172	1	2500	2	0	2450
Picture	full1i	other				956006	1	4166	2	0	4120
Picture	blue0n	false alarm	2	3053	3	968839	1	4667	2	0	4620
Picture	full1n	other				979839	1	2500	2	0	2450
Picture	full1i	other				992173	1	3500	2	0	3450
Picture	full1n	other				1003173	1	3166	2	0	3120
Picture	full1i	other				1016339	2	3000	4	0	2950
Picture	full0i	other				1027840	1	3333	2	0	3290
Picture	full0n	other				1039340	1	3000	2	0	2950
Picture	full1n	other				1051673	1	3000	2	0	2950
Picture	full1i	other				1063840	1	3666	2	0	3620
Picture	full1n	other				1077007	1	4000	2	0	3950
Picture	full1i	other				1088340	1	4833	2	0	4790
Picture	full1n	other				1101507	1	2500	2	0	2450
Picture	full0i	other				1112840	1	4500	2	0	4450
Picture	blue1i	false alarm	2	3118	3	1124173	2	3334	3	0	3290
Picture	full1n	other				1136007	1	4500	2	0	4450
Picture	full0n	other				1149174	1	4166	2	0	4120
Picture	full1i	other				1160674	1	3833	2	0	3790
Picture	full1n	other				1171674	1	4500	2	0	4450
Picture	full1i	other				1184841	1	2833	2	0	2790
Picture	full1n	other				1195674	1	3833	2	0	3790
Picture	full1i	other				1207841	1	4500	2	0	4450
Picture	full0i	other				1218674	1	3667	2	0	3620
Picture	blue1n	false alarm	2	4815	2	1229674	1	4500	2	0	4450
Picture	full1i	other				1240674	1	4500	2	0	4450
Picture	full1n	other				1254174	1	4667	2	0	4620
Picture	full1i	other				1266008	1	3166	2	0	3120
Picture	full1n	other				1279508	1	2667	2	0	2620
Picture	full0n	other				1291341	1	4667	2	0	4620
Picture	full0i	other				1303508	1	5000	2	0	4950
Picture	full1i	other				1315841	1	3500	2	0	3450
Picture	full1n	other				1329342	1	4833	2	0	4790
Picture	blue0n	false alarm	2	4013	2	1341675	1	4500	2	0	4450
Picture	full0i	other				1353008	1	2667	2	0	2620
Picture	full1i	other				1364508	1	3167	2	0	3120
Picture	full0n	other				1377175	1	3167	2	0	3120
Picture	full0i	other				1388009	1	3166	2	0	3120
Picture	full0n	other				1399842	1	3167	2	0	3120
Picture	full1n	other				1412675	1	3834	2	0	3790
Picture	full1i	other				1426175	2	4834	3	0	4790
Picture	full1n	other				1439009	1	4500	2	0	4450
Picture	blue0i	false alarm	2	5244	3	1450342	1	4500	2	0	4450
Picture	full0n	other				1462176	1	5000	2	0	4950
Picture	full1i	other				1473176	1	2500	2	0	2450
Picture	full0i	other				1485509	1	4667	2	0	4620
Picture	full0n	other				1496843	1	3166	2	0	3120
Picture	full0i	other				1508176	1	4333	2	0	4290
Picture	full0n	other				1519676	1	3667	2	0	3620
Picture	full0i	other				1531509	2	2667	3	0	2620
Picture	blue1n	false alarm	2	3975	2	1545010	1	2833	2	0	2790
Picture	full0n	other				1558510	1	5000	2	0	4950
Picture	full1i	other				1569510	1	3333	2	0	3290
Picture	full0i	other				1582176	2	2834	3	0	2790
Picture	full0n	other				1593677	1	3833	2	0	3790
Picture	full0i	other				1605843	1	2834	2	0	2790
Picture	full1n	other				1616677	1	3333	2	0	3290
Picture	82	other				1628010	1	100167	2	0	next
Picture	82	other				1728177	1	10001	2	100000	next
Picture	82	other				1738178	1	10000	2	110000	next
Picture	82	other				1748178	1	10000	2	120000	next
Picture	82	other				1758178	1	10000	2	130000	next
Picture	82	other				1768178	1	10000	2	140000	next
Picture	82	other				1778178	1	10000	2	150000	next
Picture	82	other				1788178	1	10000	2	160000	next
Picture	82	other				1798178	1	10000	2	170000	next
Picture	82	other				1808178	1	10000	2	180000	next
Picture	82	other				1818178	1	10000	2	190000	10000
Picture	full0n	other				1828178	1	3167	2	0	3120
Picture	full0i	other				1840512	1	2833	2	0	2790
Picture	full0n	other				1853345	1	4500	2	0	4450
Picture	full1n	other				1864845	1	3500	2	0	3450
Picture	blue0i	false alarm	2	3836	2	1878345	1	4833	3	0	4790
Picture	full0n	other				1890512	1	4333	2	0	4290
Picture	full1i	other				1902845	1	3500	2	0	3450
Picture	full1n	other				1913845	1	4167	2	0	4120
Picture	full1i	other				1925179	1	3000	2	0	2950
Picture	full0i	other				1937345	2	3834	3	0	3790
Picture	full1n	other				1948346	1	5000	2	0	4950
Picture	full1i	other				1961012	1	4167	2	0	4120
Picture	blue0n	false alarm	2	3601	2	1973179	1	4167	2	0	4120
Picture	full0i	other				1985846	1	3666	3	0	3620
Picture	full0n	other				1996679	1	4500	2	0	4450
Picture	full0i	other				2009013	1	3333	2	0	3290
Picture	full0n	other				2021346	1	4333	2	0	4290
Picture	full1n	other				2033513	1	4666	3	0	4620
Picture	full0i	other				2046680	1	2500	2	0	2450
Picture	full1i	other				2057513	1	3000	2	0	2950
Picture	full0n	other				2068513	1	5000	2	0	4950
Picture	full1n	other				2081180	1	4500	2	0	4450
Picture	blue1i	false alarm	2	4021	3	2094347	1	3000	2	0	2950
Picture	full0i	other				2105847	1	3333	2	0	3290
Picture	full0n	other				2119347	1	3166	2	0	3120
Picture	full1n	other				2132513	2	3834	3	0	3790
Picture	full1i	other				2144680	1	5000	2	0	4950
Picture	full1n	other				2156514	1	2500	2	0	2450
Picture	full0i	other				2169680	1	4334	2	0	4290
Picture	full0n	other				2183180	2	2834	3	0	2790
Picture	full1i	other				2195514	1	2833	2	0	2790
Picture	full0i	other				2208347	1	4167	2	0	4120
Picture	full0n	other				2219847	1	3667	2	0	3620
Picture	full0i	other				2231681	1	3666	2	0	3620
Picture	full1n	other				2245181	1	5000	2	0	4950
Picture	full0n	other				2256014	1	2834	2	0	2790
Picture	blue0i	false alarm	2	3719	2	2267348	1	3000	2	0	2950
Picture	full1i	other				2279181	1	2833	2	0	2790
Picture	full1n	other				2290181	1	4000	2	0	3950
Picture	full1i	other				2302348	1	3667	2	0	3620
Picture	full1n	other				2314181	1	2834	2	0	2790
Picture	blue1i	false alarm	2	6450	3	2326515	1	4333	2	0	4290
Picture	full0n	other				2338681	2	3667	3	0	3620
Picture	full1n	other				2351515	1	3667	2	0	3620
Picture	full0i	other				2362515	1	4500	2	0	4450
Picture	full1i	other				2375182	1	3166	2	0	3120
Picture	full0n	other				2387848	2	3000	4	0	2950
Picture	full1n	other				2400515	1	3167	2	0	3120
Picture	full1i	other				2412682	1	3833	2	0	3790
Picture	full1n	other				2425515	1	3000	2	0	2950
Picture	full1i	other				2439015	2	4834	3	0	4790
Picture	full0i	other				2450516	1	2500	2	0	2450
Picture	blue0n	false alarm	2	3615	2	2461849	1	3000	2	0	2950
Picture	full1n	other				2474016	1	3000	2	0	2950
Picture	full1i	other				2486849	1	3667	2	0	3620
Picture	full0i	other				2500349	1	3334	2	0	3290
Picture	full0n	other				2511183	1	4500	2	0	4450
Picture	full0i	other				2523849	1	4167	2	0	4120
Picture	full1n	other				2534849	2	2667	3	0	2620
Picture	full1i	other				2547016	1	4667	2	0	4620
Picture	blue1n	false alarm	2	4347	2	2558016	1	2667	2	0	2620
Picture	full0n	other				2570350	1	4666	2	0	4620
Picture	full1i	other				2583516	1	2834	2	0	2790
Picture	full0i	other				2594350	1	4000	2	0	3950
Picture	full0n	other				2606517	1	3500	2	0	3450
Picture	full0i	other				2618350	1	4000	2	0	3950
Picture	full1n	other				2629350	1	4500	2	0	4450
Picture	full1i	other				2642850	1	2500	2	0	2450
Picture	full1n	other				2654684	1	4166	2	0	4120
Picture	blue1i	false alarm	2	4112	2	2667850	1	4834	2	0	4790
Picture	full1n	other				2678850	1	2500	2	0	2450
Picture	full1i	other				2691684	1	4833	2	0	4790
Picture	full1n	other				2703017	1	3334	2	0	3290
Picture	full0n	other				2715684	1	3500	2	0	3450
Picture	full0i	other				2728351	1	3833	2	0	3790
Picture	full1i	other				2741517	2	4500	4	0	4450
Picture	full1n	other				2752351	1	2500	2	0	2450
Picture	full0n	other				2763851	1	4167	2	0	4120
Picture	full1i	other				2776684	1	4667	2	0	4620
Picture	blue0i	false alarm	2	4442	2	2788518	1	2500	2	0	2450
Picture	full0n	other				2800351	1	3500	2	0	3450
Picture	full0i	other				2811851	1	3167	2	0	3120
Picture	full0n	other				2822685	1	3000	2	0	2950
Picture	full1n	other				2835018	1	3333	2	0	3290
Picture	full1i	other				2847851	2	3000	4	0	2950
Picture	full0i	other				2860185	1	3000	2	0	2950
Picture	full0n	other				2873685	1	3667	2	0	3620
Picture	full0i	other				2887185	1	4000	2	0	3950
Picture	blue1n	false alarm	2	4007	2	2899352	1	4833	2	0	4790
Picture	full0n	other				2912852	1	2500	2	0	2450
Picture	full1i	other				2924185	1	4500	2	0	4450
Picture	full0i	other				2937352	1	3333	2	0	3290
Picture	full0n	other				2950019	1	4500	2	0	4450
Picture	full1n	other				2960852	1	4167	2	0	4120
Picture	full0i	other				2974019	1	3833	2	0	3790
Picture	full0n	other				2986852	1	4500	2	0	4450
Picture	full0i	other				2999019	1	2833	3	0	2790
Picture	full0n	other				3010519	1	3834	2	0	3790
Picture	full0i	other				3022019	1	4500	2	0	4450
Picture	full1i	other				3034853	1	3666	2	0	3620
Picture	full0n	other				3046186	1	4500	2	0	4450
Picture	full0i	other				3057520	1	4500	2	0	4450
Picture	full0n	other				3069686	1	4667	2	0	4620
Picture	full0i	other				3083186	1	3167	2	0	3120
Picture	blue0n	false alarm	2	3903	3	3096353	1	2667	2	0	2620
Picture	full1n	other				3107687	1	4666	2	0	4620
Picture	full1i	other				3119853	1	5000	2	0	4950
Picture	full0i	other				3131353	1	3500	2	0	3450
Picture	full0n	other				3144520	1	4833	2	0	4790
Picture	full1n	other				3156687	1	4500	2	0	4450
Picture	full1i	other				3169020	1	2667	2	0	2620
Picture	full0i	other				3181687	1	3167	2	0	3120
Picture	full1n	other				3194520	2	3167	3	0	3120
Picture	blue1i	false alarm	2	8234	2	3206021	1	3166	2	0	3120
Picture	full1n	other				3217021	1	3166	2	0	3120
Picture	full0n	other				3229187	1	3834	2	0	3790
Picture	full0i	other				3241021	1	4833	2	0	4790
Picture	full0n	other				3253187	2	4501	3	0	4450
Picture	full1i	other				3264021	1	4500	2	0	4450
Picture	full1n	other				3276188	1	5000	2	0	4950
Picture	full0i	other				3288354	1	2500	2	0	2450
Picture	full1i	other				3300521	1	4667	2	0	4620
Picture	full1n	other				3311855	1	3166	2	0	3120
Picture	full1i	other				3323355	1	4333	2	0	4290
Picture	full1n	other				3335521	1	3667	2	0	3620
Picture	full1i	other				3347855	1	2666	2	0	2620
Picture	blue0n	false alarm	2	3755	2	3359688	1	2834	2	0	2790
Picture	full1n	other				3370688	1	5000	2	0	4950
Picture	full0i	other				3382188	1	3334	2	0	3290
Picture	full1i	other				3393522	1	2833	2	0	2790
Picture	full1n	other				3405355	1	3834	2	0	3790
Picture	full1i	other				3416689	1	2833	2	0	2790
Picture	full0n	other				3427522	1	3333	2	0	3290
Picture	default	other				3438855	1	2667	2	0	2500
Picture	default	other				3459022	1	6833	2	0	2500
