Scenario - visual LTP Rap V4.0 HVB (based on combined block 1+2 from old 45 135 degree pilot)
Logfile written - 04/24/2015 13:42:12

Subject	Trial	Event Type	Code	Time	TTime	Uncertainty	Duration	Uncertainty	ReqTime	ReqDur

08_S0305_v0	1	Response	128	-3334	6499	1
08_S0305_v0	3	Picture	full1n	7166	0	1	4667	2	0	4620
08_S0305_v0	4	Picture	full0n	18636	0	198	2697	199	0	2620
08_S0305_v0	5	Picture	full0i	30500	0	1	4333	2	0	4290
08_S0305_v0	6	Picture	blue0n	43300	0	201	2700	202	0	2620
08_S0305_v0	6	Response	10	47744	4444	2
08_S0305_v0	7	Picture	full1i	55300	0	201	4033	202	0	3950
08_S0305_v0	8	Picture	full1n	66333	0	1	2500	2	0	2450
08_S0305_v0	9	Picture	full0i	77667	0	1	4833	2	0	4790
08_S0305_v0	10	Picture	full1i	88500	0	1	2500	2	0	2450
08_S0305_v0	11	Picture	full0n	100667	0	1	2833	2	0	2790
08_S0305_v0	12	Picture	full1n	114167	0	1	4667	2	0	4620
08_S0305_v0	13	Picture	full1i	126334	0	1	4833	2	0	4790
08_S0305_v0	14	Picture	full1n	137167	0	1	4167	2	0	4120
08_S0305_v0	15	Picture	full1i	150000	0	2	4667	3	0	4620
08_S0305_v0	16	Picture	full0i	163167	0	1	4000	2	0	3950
08_S0305_v0	17	Picture	blue0n	175834	0	1	3000	2	0	2950
08_S0305_v0	17	Response	10	179742	3908	2
08_S0305_v0	18	Picture	full0i	188001	0	1	4333	2	0	4290
08_S0305_v0	19	Picture	full0n	198834	0	1	4167	2	0	4120
08_S0305_v0	20	Picture	full1n	211501	0	1	3167	2	0	3120
08_S0305_v0	21	Picture	full0i	222501	0	1	3833	2	0	3790
08_S0305_v0	22	Picture	full0n	235334	0	1	4167	2	0	4120
08_S0305_v0	23	Picture	full1i	246834	0	2	2500	4	0	2450
08_S0305_v0	24	Picture	full1n	258668	0	1	4167	2	0	4120
08_S0305_v0	25	Picture	full0i	269501	0	1	3000	2	0	2950
08_S0305_v0	26	Picture	full0n	282168	0	1	2833	2	0	2790
08_S0305_v0	27	Picture	full0i	294001	0	2	3167	3	0	3120
08_S0305_v0	28	Picture	full1i	305502	0	1	4833	2	0	4790
08_S0305_v0	29	Picture	blue1n	316835	0	1	4167	2	0	4120
08_S0305_v0	29	Response	10	320541	3706	1
08_S0305_v0	30	Picture	full0n	328335	0	1	5000	2	0	4950
08_S0305_v0	31	Picture	full1i	340502	0	1	4500	2	0	4450
08_S0305_v0	32	Picture	full1n	351835	0	1	4500	2	0	4450
08_S0305_v0	33	Picture	full1i	363169	0	1	4166	2	0	4120
08_S0305_v0	34	Picture	full1n	376669	0	1	4500	2	0	4450
08_S0305_v0	35	Picture	full0i	389502	0	1	2500	2	0	2450
08_S0305_v0	36	Picture	full0n	400835	0	2	4000	4	0	3950
08_S0305_v0	37	Picture	full0i	413502	0	1	4834	2	0	4790
08_S0305_v0	38	Picture	full1i	425002	0	1	2834	2	0	2790
08_S0305_v0	39	Picture	full1n	438169	0	1	4333	2	0	4290
08_S0305_v0	40	Picture	full1i	450336	0	1	3333	2	0	3290
08_S0305_v0	41	Picture	full1n	462669	0	1	5000	2	0	4950
08_S0305_v0	42	Picture	full0n	475003	0	1	3166	2	0	3120
08_S0305_v0	42	Response	10	479539	4536	1
08_S0305_v0	43	Picture	full0i	486503	0	1	4000	2	0	3950
08_S0305_v0	44	Picture	full0n	500003	0	1	4000	2	0	3950
08_S0305_v0	45	Picture	blue1i	513503	0	1	4833	2	0	4790
08_S0305_v0	45	Response	10	518039	4536	1
08_S0305_v0	46	Picture	full0i	525336	0	1	3000	2	0	2950
08_S0305_v0	47	Picture	full1n	538170	0	1	3166	2	0	3120
08_S0305_v0	48	Picture	full1i	551336	0	2	3334	3	0	3290
08_S0305_v0	49	Picture	full0n	564003	0	1	2834	2	0	2790
08_S0305_v0	50	Picture	blue1n	575337	0	1	4166	2	0	4120
08_S0305_v0	50	Response	10	581938	6601	1
08_S0305_v0	51	Picture	full1i	586337	0	1	3666	2	0	3620
08_S0305_v0	52	Picture	blue0i	597170	0	1	3833	3	0	3790
08_S0305_v0	52	Response	10	602637	5467	2
08_S0305_v0	53	Picture	full1n	608170	0	1	3000	2	0	2950
08_S0305_v0	54	Picture	full1i	620004	0	1	4833	2	0	4790
08_S0305_v0	55	Picture	full1n	632170	0	1	4500	2	0	4450
08_S0305_v0	56	Picture	full1i	644004	0	1	4500	2	0	4450
08_S0305_v0	57	Picture	blue1n	656337	0	1	3167	2	0	3120
08_S0305_v0	57	Response	10	660627	4290	1
08_S0305_v0	58	Picture	full0n	667671	0	1	4500	2	0	4450
08_S0305_v0	59	Picture	full1i	679171	0	1	3166	2	0	3120
08_S0305_v0	60	Picture	full1n	690504	0	1	3500	2	0	3450
08_S0305_v0	61	Picture	full1i	701337	0	2	4334	3	0	4290
08_S0305_v0	62	Picture	full1n	712338	0	1	3000	2	0	2950
08_S0305_v0	63	Picture	full1i	723671	0	1	3500	2	0	3450
08_S0305_v0	64	Picture	blue1n	735504	0	1	3334	2	0	3290
08_S0305_v0	64	Response	10	739225	3721	2
08_S0305_v0	65	Picture	full0i	747838	0	1	3166	3	0	3120
08_S0305_v0	66	Picture	full1i	761005	0	1	4666	2	0	4620
08_S0305_v0	67	Picture	full0n	773171	0	1	2667	2	0	2620
08_S0305_v0	68	Picture	full1n	786005	0	1	3666	2	0	3620
08_S0305_v0	69	Picture	full1i	797505	0	1	4833	2	0	4790
08_S0305_v0	70	Picture	full1n	808338	0	1	3334	2	0	3290
08_S0305_v0	71	Picture	full1i	820505	0	1	3833	2	0	3790
08_S0305_v0	72	Picture	full0i	831505	0	1	3833	2	0	3790
08_S0305_v0	72	Response	10	835925	4420	1
08_S0305_v0	73	Picture	full1n	845005	0	1	4500	2	0	4450
08_S0305_v0	74	Picture	full0n	857338	0	2	4834	3	0	4790
08_S0305_v0	74	Response	10	861524	4186	1
08_S0305_v0	75	Picture	full1i	868172	0	1	2667	2	0	2620
08_S0305_v0	76	Picture	full0i	879672	0	1	4500	2	0	4450
08_S0305_v0	76	Response	10	883624	3952	1
08_S0305_v0	77	Picture	full1n	891839	0	1	4333	2	0	4290
08_S0305_v0	78	Picture	full0n	904005	0	2	3834	3	0	3790
08_S0305_v0	79	Picture	blue0i	916339	0	1	2833	2	0	2790
08_S0305_v0	79	Response	10	920623	4284	2
08_S0305_v0	80	Picture	full0n	929839	0	1	4167	2	0	4120
08_S0305_v0	81	Picture	full0i	942006	0	1	2500	2	0	2450
08_S0305_v0	82	Picture	full1i	954839	0	1	4834	2	0	4790
08_S0305_v0	83	Picture	full1n	965839	0	1	2834	2	0	2790
08_S0305_v0	84	Picture	full1i	978506	0	1	4000	2	0	3950
08_S0305_v0	85	Picture	full0n	992006	0	1	3833	2	0	3790
08_S0305_v0	86	Picture	full1n	1003339	0	2	4667	3	0	4620
08_S0305_v0	87	Picture	full1i	1015173	0	1	4000	2	0	3950
08_S0305_v0	88	Picture	full1n	1026173	0	1	3167	2	0	3120
08_S0305_v0	89	Picture	full0i	1039673	0	1	3833	2	0	3790
08_S0305_v0	89	Response	10	1043522	3849	1
08_S0305_v0	90	Picture	full1i	1052840	0	1	2500	2	0	2450
08_S0305_v0	91	Picture	full0n	1065007	0	1	4333	2	0	4290
08_S0305_v0	91	Response	10	1068921	3914	2
08_S0305_v0	92	Picture	full0i	1077840	0	1	4000	2	0	3950
08_S0305_v0	93	Picture	full0n	1090007	0	1	4166	2	0	4120
08_S0305_v0	94	Picture	full1n	1102173	0	2	4167	3	0	4120
08_S0305_v0	95	Picture	full0i	1115340	0	1	4334	2	0	4290
08_S0305_v0	96	Picture	blue1i	1126840	0	1	4000	2	0	3950
08_S0305_v0	96	Response	10	1131721	4881	1
08_S0305_v0	97	Picture	full0n	1137840	0	1	2834	2	0	2790
08_S0305_v0	98	Picture	full1n	1149174	0	1	4166	2	0	4120
08_S0305_v0	99	Picture	full0i	1161841	0	1	3166	2	0	3120
08_S0305_v0	100	Picture	full0n	1174507	0	1	3667	2	0	3620
08_S0305_v0	101	Picture	full1i	1187341	0	1	3833	2	0	3790
08_S0305_v0	102	Picture	full0i	1200841	0	1	3500	2	0	3450
08_S0305_v0	103	Picture	full0n	1213174	0	1	2500	2	0	2450
08_S0305_v0	104	Picture	full0i	1224674	0	1	2834	2	0	2790
08_S0305_v0	105	Picture	full0n	1236008	0	1	3500	2	0	3450
08_S0305_v0	106	Picture	full0i	1248341	0	1	3000	2	0	2950
08_S0305_v0	107	Picture	full1n	1260508	0	1	5000	2	0	4950
08_S0305_v0	108	Picture	full0n	1272675	0	1	4333	2	0	4290
08_S0305_v0	109	Picture	full0i	1285008	0	1	4833	2	0	4790
08_S0305_v0	109	Response	10	1289119	4111	1
08_S0305_v0	110	Picture	full0n	1298508	0	1	3500	2	0	3450
08_S0305_v0	111	Picture	blue0i	1310341	0	2	3834	3	0	3790
08_S0305_v0	111	Response	10	1314119	3778	1
08_S0305_v0	112	Picture	full0n	1322508	0	1	3334	2	0	3290
08_S0305_v0	113	Picture	full0i	1335675	0	1	3000	2	0	2950
08_S0305_v0	114	Picture	full1i	1346675	0	1	2667	2	0	2620
08_S0305_v0	115	Picture	full1n	1359842	0	1	3333	2	0	3290
08_S0305_v0	116	Picture	full0n	1373009	0	1	4833	2	0	4790
08_S0305_v0	117	Picture	full1i	1386509	0	1	4333	2	0	4290
08_S0305_v0	118	Picture	full1n	1398675	0	1	3834	2	0	3790
08_S0305_v0	119	Picture	full1i	1410509	0	1	4000	2	0	3950
08_S0305_v0	120	Picture	full1n	1421342	0	1	3167	2	0	3120
08_S0305_v0	121	Picture	blue0i	1433509	0	1	4333	2	0	4290
08_S0305_v0	121	Response	10	1439017	5508	1
08_S0305_v0	122	Picture	full0n	1445342	0	1	3000	2	0	2950
08_S0305_v0	123	Picture	full0i	1457676	0	1	4333	2	0	4290
08_S0305_v0	124	Picture	full1i	1470843	0	1	2666	2	0	2620
08_S0305_v0	125	Picture	full0n	1481676	0	1	4167	2	0	4120
08_S0305_v0	126	Picture	full0i	1493843	0	1	4833	2	0	4790
08_S0305_v0	127	Picture	full0n	1506509	0	2	2667	3	0	2620
08_S0305_v0	128	Picture	full0i	1519343	0	1	3167	2	0	3120
08_S0305_v0	129	Picture	full0n	1532176	0	1	4834	2	0	4790
08_S0305_v0	130	Picture	full0i	1544343	0	1	3667	2	0	3620
08_S0305_v0	131	Picture	blue1n	1556676	0	2	4500	4	0	4450
08_S0305_v0	131	Response	10	1562616	5940	1
08_S0305_v0	132	Picture	full0n	1569343	0	1	4167	2	0	4120
08_S0305_v0	133	Picture	full0i	1582010	0	1	4667	2	0	4620
08_S0305_v0	134	Picture	full1i	1595177	0	1	4333	2	0	4290
08_S0305_v0	135	Picture	full1n	1606677	0	1	3666	3	0	3620
08_S0305_v0	136	Picture	82	1617677	0	1	100167	2	0	next
08_S0305_v0	136	Picture	82	1717844	100167	1	10000	2	100000	next
08_S0305_v0	136	Picture	82	1727844	110167	1	10000	2	110000	next
08_S0305_v0	136	Picture	82	1737844	120167	1	10000	2	120000	next
08_S0305_v0	136	Picture	82	1747844	130167	1	10000	2	130000	next
08_S0305_v0	136	Picture	82	1757844	140167	1	10001	2	140000	next
08_S0305_v0	136	Picture	82	1767845	150168	1	10000	2	150000	next
08_S0305_v0	136	Picture	82	1777845	160168	1	10000	2	160000	next
08_S0305_v0	136	Picture	82	1787845	170168	1	10000	2	170000	next
08_S0305_v0	136	Picture	82	1797845	180168	1	10000	2	180000	next
08_S0305_v0	136	Picture	82	1807845	190168	1	10000	2	190000	10000
08_S0305_v0	137	Picture	full0n	1817845	0	1	4667	2	0	4620
08_S0305_v0	138	Picture	full1n	1829178	0	1	2667	2	0	2620
08_S0305_v0	139	Picture	full1i	1841345	0	1	4333	2	0	4290
08_S0305_v0	140	Picture	full1n	1853178	0	2	2667	3	0	2620
08_S0305_v0	141	Picture	full0i	1864012	0	1	4000	2	0	3950
08_S0305_v0	142	Picture	full0n	1876845	0	1	2500	2	0	2450
08_S0305_v0	143	Picture	full1i	1888345	0	1	4834	2	0	4790
08_S0305_v0	144	Picture	full0i	1900679	0	1	2500	2	0	2450
08_S0305_v0	145	Picture	blue0n	1912845	0	2	2834	3	0	2790
08_S0305_v0	145	Response	10	1917311	4466	2
08_S0305_v0	146	Picture	full0i	1924679	0	1	4667	2	0	4620
08_S0305_v0	147	Picture	full1n	1937512	0	1	4834	2	0	4790
08_S0305_v0	148	Picture	full0n	1948846	0	1	4166	2	0	4120
08_S0305_v0	149	Picture	full0i	1961512	0	2	4667	3	0	4620
08_S0305_v0	150	Picture	blue1i	1973846	0	1	4000	2	0	3950
08_S0305_v0	150	Response	10	1979200	5354	2
08_S0305_v0	151	Picture	full1n	1985679	0	1	3000	2	0	2950
08_S0305_v0	152	Picture	full1i	1996513	0	1	4333	2	0	4290
08_S0305_v0	153	Picture	full1n	2008013	0	1	4166	2	0	4120
08_S0305_v0	154	Picture	full0n	2020180	0	1	3166	2	0	3120
08_S0305_v0	155	Picture	full1i	2032846	0	1	3834	2	0	3790
08_S0305_v0	156	Picture	full1n	2046013	0	1	4167	2	0	4120
08_S0305_v0	157	Picture	full0i	2058180	0	1	2500	2	0	2450
08_S0305_v0	158	Picture	blue0n	2070347	0	1	4166	2	0	4120
08_S0305_v0	158	Response	10	2074000	3653	1
08_S0305_v0	159	Picture	full1i	2081347	0	1	3000	2	0	2950
08_S0305_v0	160	Picture	full1n	2094013	0	1	2834	2	0	2790
08_S0305_v0	161	Picture	full1i	2104847	0	1	3166	2	0	3120
08_S0305_v0	162	Picture	full0i	2118013	0	2	4834	3	0	4790
08_S0305_v0	163	Picture	full0n	2130180	0	1	4167	2	0	4120
08_S0305_v0	164	Picture	full1n	2141180	0	1	5000	2	0	4950
08_S0305_v0	165	Picture	full0i	2154680	0	1	4500	2	0	4450
08_S0305_v0	166	Picture	full1i	2166014	0	1	4500	2	0	4450
08_S0305_v0	167	Picture	full0n	2179181	0	1	4166	2	0	4120
08_S0305_v0	168	Picture	full0i	2190681	0	1	4500	2	0	4450
08_S0305_v0	169	Picture	blue0n	2202847	0	1	2500	2	0	2450
08_S0305_v0	169	Response	10	2206498	3651	1
08_S0305_v0	170	Picture	full1n	2214347	0	2	4001	3	0	3950
08_S0305_v0	171	Picture	full1i	2225848	0	1	4833	2	0	4790
08_S0305_v0	172	Picture	full0i	2239348	0	1	2833	2	0	2790
08_S0305_v0	173	Picture	full0n	2252014	0	1	4334	2	0	4290
08_S0305_v0	174	Picture	full0i	2263348	0	1	3333	2	0	3290
08_S0305_v0	175	Picture	full0n	2275181	0	1	5000	2	0	4950
08_S0305_v0	176	Picture	full1n	2287348	0	1	3167	2	0	3120
08_S0305_v0	177	Picture	full1i	2298348	0	1	4000	2	0	3950
08_S0305_v0	178	Picture	full1n	2309348	0	1	4000	2	0	3950
08_S0305_v0	179	Picture	full0i	2320348	0	1	4834	2	0	4790
08_S0305_v0	180	Picture	full1i	2331182	0	1	3000	2	0	2950
08_S0305_v0	181	Picture	full0n	2343515	0	1	3167	2	0	3120
08_S0305_v0	182	Picture	full0i	2356182	0	1	3333	2	0	3290
08_S0305_v0	183	Picture	blue1n	2368348	0	2	2834	3	0	2790
08_S0305_v0	183	Response	10	2372496	4148	1
08_S0305_v0	184	Picture	full0n	2380682	0	1	4167	2	0	4120
08_S0305_v0	185	Picture	full0i	2392515	0	1	3667	2	0	3620
08_S0305_v0	186	Picture	full1i	2404682	0	1	3833	2	0	3790
08_S0305_v0	187	Picture	full0n	2418182	0	1	3000	2	0	2950
08_S0305_v0	188	Picture	full0i	2430016	0	1	4833	2	0	4790
08_S0305_v0	189	Picture	full0n	2443516	0	1	4500	2	0	4450
08_S0305_v0	190	Picture	full0i	2455016	0	1	4500	2	0	4450
08_S0305_v0	191	Picture	full0n	2466349	0	1	3167	2	0	3120
08_S0305_v0	192	Picture	full1n	2479516	0	1	4500	2	0	4450
08_S0305_v0	193	Picture	blue0i	2491849	0	1	3167	2	0	3120
08_S0305_v0	193	Response	10	2496394	4545	2
08_S0305_v0	194	Picture	full0n	2504516	0	1	3500	2	0	3450
08_S0305_v0	195	Picture	full0i	2516849	0	2	4334	3	0	4290
08_S0305_v0	196	Picture	full0n	2527683	0	1	3000	2	0	2950
08_S0305_v0	197	Picture	full0i	2540516	0	1	3500	2	0	3450
08_S0305_v0	198	Picture	full0n	2552683	0	1	3333	2	0	3290
08_S0305_v0	199	Picture	full1i	2564850	0	1	3166	3	0	3120
08_S0305_v0	200	Picture	blue0i	2577017	0	1	4666	2	0	4620
08_S0305_v0	200	Response	10	2581993	4976	2
08_S0305_v0	201	Picture	full1n	2589183	0	1	2667	2	0	2620
08_S0305_v0	202	Picture	full0n	2600017	0	1	3666	2	0	3620
08_S0305_v0	203	Picture	full0i	2612350	0	1	4833	3	0	4790
08_S0305_v0	204	Picture	full0n	2625517	0	1	3333	2	0	3290
08_S0305_v0	205	Picture	full0i	2638684	0	1	3833	2	0	3790
08_S0305_v0	206	Picture	full1i	2650850	0	1	3834	2	0	3790
08_S0305_v0	207	Picture	full0n	2662684	0	1	4500	2	0	4450
08_S0305_v0	208	Picture	full1n	2673684	0	1	4833	2	0	4790
08_S0305_v0	209	Picture	full0i	2685517	0	1	2667	2	0	2620
08_S0305_v0	210	Picture	full1i	2697017	0	1	4500	2	0	4450
08_S0305_v0	211	Picture	full0n	2710517	0	2	4334	3	0	4290
08_S0305_v0	211	Response	10	2714891	4374	2
08_S0305_v0	212	Picture	full1n	2722017	0	2	3834	3	0	3790
08_S0305_v0	213	Picture	full1i	2734351	0	1	2833	2	0	2790
08_S0305_v0	214	Picture	blue1n	2745684	0	1	4167	2	0	4120
08_S0305_v0	214	Response	10	2756191	10507	1
08_S0305_v0	215	Picture	full1i	2756684	0	1	2500	2	0	2450
08_S0305_v0	216	Picture	full0i	2769351	0	1	4834	2	0	4790
08_S0305_v0	217	Picture	full0n	2782185	0	1	2833	2	0	2790
08_S0305_v0	218	Picture	full0i	2794851	0	1	4000	2	0	3950
08_S0305_v0	219	Picture	blue1n	2805851	0	1	3834	2	0	3790
08_S0305_v0	219	Response	10	2811191	5340	1
08_S0305_v0	220	Picture	full0n	2816851	0	2	4667	3	0	4620
08_S0305_v0	221	Picture	full0i	2830352	0	1	4000	2	0	3950
08_S0305_v0	222	Picture	full0n	2841685	0	1	3167	2	0	3120
08_S0305_v0	223	Picture	full1i	2855185	0	1	3833	2	0	3790
08_S0305_v0	224	Picture	full0i	2867852	0	1	2500	2	0	2450
08_S0305_v0	225	Picture	full1n	2879185	0	1	4334	2	0	4290
08_S0305_v0	226	Picture	full1i	2891852	0	1	4000	2	0	3950
08_S0305_v0	227	Picture	full1n	2903352	0	1	4167	2	0	4120
08_S0305_v0	228	Picture	full0n	2914352	0	1	4167	2	0	4120
08_S0305_v0	229	Picture	full1i	2927186	0	1	4333	2	0	4290
08_S0305_v0	230	Picture	full0i	2939352	0	1	4000	2	0	3950
08_S0305_v0	231	Picture	full1n	2950686	0	1	2833	2	0	2790
08_S0305_v0	232	Picture	blue0n	2961519	0	1	4167	2	0	4120
08_S0305_v0	232	Response	10	2965188	3669	2
08_S0305_v0	233	Picture	full1i	2973686	0	1	3167	2	0	3120
08_S0305_v0	234	Picture	full1n	2985019	0	1	3667	2	0	3620
08_S0305_v0	235	Picture	full0i	2997853	0	1	3833	2	0	3790
08_S0305_v0	236	Picture	full1i	3009353	0	1	3500	2	0	3450
08_S0305_v0	237	Picture	full1n	3021686	0	1	2500	2	0	2450
08_S0305_v0	238	Picture	full1i	3035186	0	1	2834	2	0	2790
08_S0305_v0	239	Picture	full1n	3048020	0	1	3500	2	0	3450
08_S0305_v0	240	Picture	full1i	3059853	0	1	3000	2	0	2950
08_S0305_v0	241	Picture	full0n	3073020	0	1	5000	2	0	4950
08_S0305_v0	242	Picture	full1n	3083853	0	1	4334	2	0	4290
08_S0305_v0	243	Picture	full1i	3097020	0	1	4833	2	0	4790
08_S0305_v0	244	Picture	full1n	3109353	0	1	3500	2	0	3450
08_S0305_v0	245	Picture	full1i	3122520	0	1	3833	3	0	3790
08_S0305_v0	246	Picture	full1n	3135687	0	1	3333	2	0	3290
08_S0305_v0	247	Picture	full1i	3147854	0	1	3000	2	0	2950
08_S0305_v0	248	Picture	full0i	3160687	0	1	2667	2	0	2620
08_S0305_v0	249	Picture	full0n	3171687	0	1	3333	3	0	3290
08_S0305_v0	250	Picture	blue1n	3184354	0	1	4833	2	0	4790
08_S0305_v0	250	Response	10	3188486	4132	1
08_S0305_v0	251	Picture	full0i	3195687	0	1	4334	2	0	4290
08_S0305_v0	252	Picture	full0n	3207854	0	1	3833	2	0	3790
08_S0305_v0	253	Picture	full0i	3219354	0	1	4000	2	0	3950
08_S0305_v0	254	Picture	full0n	3231188	0	1	3166	2	0	3120
08_S0305_v0	255	Picture	full1i	3244688	0	1	4333	2	0	4290
08_S0305_v0	256	Picture	full1n	3256854	0	1	3000	2	0	2950
08_S0305_v0	257	Picture	full1i	3267688	0	1	4333	2	0	4290
08_S0305_v0	258	Picture	blue0i	3281188	0	1	2667	2	0	2620
08_S0305_v0	258	Response	10	3284974	3786	2
08_S0305_v0	259	Picture	full1n	3294688	0	1	4167	2	0	4120
08_S0305_v0	260	Picture	full1i	3305521	0	1	4834	2	0	4790
08_S0305_v0	261	Picture	full1n	3317021	0	1	2667	2	0	2620
08_S0305_v0	262	Picture	full1i	3329355	0	1	3167	2	0	3120
08_S0305_v0	263	Picture	full1n	3342188	0	1	4834	2	0	4790
08_S0305_v0	264	Picture	full1i	3353522	0	1	3666	2	0	3620
08_S0305_v0	265	Picture	full0n	3366355	0	1	4500	2	0	4450
08_S0305_v0	266	Picture	full1n	3379188	0	2	4167	3	0	4120
08_S0305_v0	267	Picture	blue1i	3391022	0	1	4667	2	0	4620
08_S0305_v0	267	Response	10	3396573	5551	2
08_S0305_v0	268	Picture	full0i	3403189	0	1	4333	2	0	4290
08_S0305_v0	269	Picture	full0n	3416355	0	2	3667	3	0	3620
08_S0305_v0	270	Picture	default	3428522	0	1	2667	2	0	2500
08_S0305_v0	271	Picture	default	3448689	0	1	6872	2	0	2500


Event Type	Code	Type	Response	RT	RT Uncertainty	Time	Uncertainty	Duration	Uncertainty	ReqTime	ReqDur

Picture	full1n	other				7166	1	4667	2	0	4620
Picture	full0n	other				18636	198	2697	199	0	2620
Picture	full0i	other				30500	1	4333	2	0	4290
Picture	blue0n	false alarm	2	4444	203	43300	201	2700	202	0	2620
Picture	full1i	other				55300	201	4033	202	0	3950
Picture	full1n	other				66333	1	2500	2	0	2450
Picture	full0i	other				77667	1	4833	2	0	4790
Picture	full1i	other				88500	1	2500	2	0	2450
Picture	full0n	other				100667	1	2833	2	0	2790
Picture	full1n	other				114167	1	4667	2	0	4620
Picture	full1i	other				126334	1	4833	2	0	4790
Picture	full1n	other				137167	1	4167	2	0	4120
Picture	full1i	other				150000	2	4667	3	0	4620
Picture	full0i	other				163167	1	4000	2	0	3950
Picture	blue0n	false alarm	2	3908	3	175834	1	3000	2	0	2950
Picture	full0i	other				188001	1	4333	2	0	4290
Picture	full0n	other				198834	1	4167	2	0	4120
Picture	full1n	other				211501	1	3167	2	0	3120
Picture	full0i	other				222501	1	3833	2	0	3790
Picture	full0n	other				235334	1	4167	2	0	4120
Picture	full1i	other				246834	2	2500	4	0	2450
Picture	full1n	other				258668	1	4167	2	0	4120
Picture	full0i	other				269501	1	3000	2	0	2950
Picture	full0n	other				282168	1	2833	2	0	2790
Picture	full0i	other				294001	2	3167	3	0	3120
Picture	full1i	other				305502	1	4833	2	0	4790
Picture	blue1n	false alarm	2	3706	2	316835	1	4167	2	0	4120
Picture	full0n	other				328335	1	5000	2	0	4950
Picture	full1i	other				340502	1	4500	2	0	4450
Picture	full1n	other				351835	1	4500	2	0	4450
Picture	full1i	other				363169	1	4166	2	0	4120
Picture	full1n	other				376669	1	4500	2	0	4450
Picture	full0i	other				389502	1	2500	2	0	2450
Picture	full0n	other				400835	2	4000	4	0	3950
Picture	full0i	other				413502	1	4834	2	0	4790
Picture	full1i	other				425002	1	2834	2	0	2790
Picture	full1n	other				438169	1	4333	2	0	4290
Picture	full1i	other				450336	1	3333	2	0	3290
Picture	full1n	other				462669	1	5000	2	0	4950
Picture	full0n	other				475003	1	3166	2	0	3120
Picture	full0i	other				486503	1	4000	2	0	3950
Picture	full0n	other				500003	1	4000	2	0	3950
Picture	blue1i	false alarm	2	4536	2	513503	1	4833	2	0	4790
Picture	full0i	other				525336	1	3000	2	0	2950
Picture	full1n	other				538170	1	3166	2	0	3120
Picture	full1i	other				551336	2	3334	3	0	3290
Picture	full0n	other				564003	1	2834	2	0	2790
Picture	blue1n	false alarm	2	6601	2	575337	1	4166	2	0	4120
Picture	full1i	other				586337	1	3666	2	0	3620
Picture	blue0i	false alarm	2	5467	3	597170	1	3833	3	0	3790
Picture	full1n	other				608170	1	3000	2	0	2950
Picture	full1i	other				620004	1	4833	2	0	4790
Picture	full1n	other				632170	1	4500	2	0	4450
Picture	full1i	other				644004	1	4500	2	0	4450
Picture	blue1n	false alarm	2	4290	2	656337	1	3167	2	0	3120
Picture	full0n	other				667671	1	4500	2	0	4450
Picture	full1i	other				679171	1	3166	2	0	3120
Picture	full1n	other				690504	1	3500	2	0	3450
Picture	full1i	other				701337	2	4334	3	0	4290
Picture	full1n	other				712338	1	3000	2	0	2950
Picture	full1i	other				723671	1	3500	2	0	3450
Picture	blue1n	false alarm	2	3721	3	735504	1	3334	2	0	3290
Picture	full0i	other				747838	1	3166	3	0	3120
Picture	full1i	other				761005	1	4666	2	0	4620
Picture	full0n	other				773171	1	2667	2	0	2620
Picture	full1n	other				786005	1	3666	2	0	3620
Picture	full1i	other				797505	1	4833	2	0	4790
Picture	full1n	other				808338	1	3334	2	0	3290
Picture	full1i	other				820505	1	3833	2	0	3790
Picture	full0i	other				831505	1	3833	2	0	3790
Picture	full1n	other				845005	1	4500	2	0	4450
Picture	full0n	other				857338	2	4834	3	0	4790
Picture	full1i	other				868172	1	2667	2	0	2620
Picture	full0i	other				879672	1	4500	2	0	4450
Picture	full1n	other				891839	1	4333	2	0	4290
Picture	full0n	other				904005	2	3834	3	0	3790
Picture	blue0i	false alarm	2	4284	3	916339	1	2833	2	0	2790
Picture	full0n	other				929839	1	4167	2	0	4120
Picture	full0i	other				942006	1	2500	2	0	2450
Picture	full1i	other				954839	1	4834	2	0	4790
Picture	full1n	other				965839	1	2834	2	0	2790
Picture	full1i	other				978506	1	4000	2	0	3950
Picture	full0n	other				992006	1	3833	2	0	3790
Picture	full1n	other				1003339	2	4667	3	0	4620
Picture	full1i	other				1015173	1	4000	2	0	3950
Picture	full1n	other				1026173	1	3167	2	0	3120
Picture	full0i	other				1039673	1	3833	2	0	3790
Picture	full1i	other				1052840	1	2500	2	0	2450
Picture	full0n	other				1065007	1	4333	2	0	4290
Picture	full0i	other				1077840	1	4000	2	0	3950
Picture	full0n	other				1090007	1	4166	2	0	4120
Picture	full1n	other				1102173	2	4167	3	0	4120
Picture	full0i	other				1115340	1	4334	2	0	4290
Picture	blue1i	false alarm	2	4881	2	1126840	1	4000	2	0	3950
Picture	full0n	other				1137840	1	2834	2	0	2790
Picture	full1n	other				1149174	1	4166	2	0	4120
Picture	full0i	other				1161841	1	3166	2	0	3120
Picture	full0n	other				1174507	1	3667	2	0	3620
Picture	full1i	other				1187341	1	3833	2	0	3790
Picture	full0i	other				1200841	1	3500	2	0	3450
Picture	full0n	other				1213174	1	2500	2	0	2450
Picture	full0i	other				1224674	1	2834	2	0	2790
Picture	full0n	other				1236008	1	3500	2	0	3450
Picture	full0i	other				1248341	1	3000	2	0	2950
Picture	full1n	other				1260508	1	5000	2	0	4950
Picture	full0n	other				1272675	1	4333	2	0	4290
Picture	full0i	other				1285008	1	4833	2	0	4790
Picture	full0n	other				1298508	1	3500	2	0	3450
Picture	blue0i	false alarm	2	3778	3	1310341	2	3834	3	0	3790
Picture	full0n	other				1322508	1	3334	2	0	3290
Picture	full0i	other				1335675	1	3000	2	0	2950
Picture	full1i	other				1346675	1	2667	2	0	2620
Picture	full1n	other				1359842	1	3333	2	0	3290
Picture	full0n	other				1373009	1	4833	2	0	4790
Picture	full1i	other				1386509	1	4333	2	0	4290
Picture	full1n	other				1398675	1	3834	2	0	3790
Picture	full1i	other				1410509	1	4000	2	0	3950
Picture	full1n	other				1421342	1	3167	2	0	3120
Picture	blue0i	false alarm	2	5508	2	1433509	1	4333	2	0	4290
Picture	full0n	other				1445342	1	3000	2	0	2950
Picture	full0i	other				1457676	1	4333	2	0	4290
Picture	full1i	other				1470843	1	2666	2	0	2620
Picture	full0n	other				1481676	1	4167	2	0	4120
Picture	full0i	other				1493843	1	4833	2	0	4790
Picture	full0n	other				1506509	2	2667	3	0	2620
Picture	full0i	other				1519343	1	3167	2	0	3120
Picture	full0n	other				1532176	1	4834	2	0	4790
Picture	full0i	other				1544343	1	3667	2	0	3620
Picture	blue1n	false alarm	2	5940	3	1556676	2	4500	4	0	4450
Picture	full0n	other				1569343	1	4167	2	0	4120
Picture	full0i	other				1582010	1	4667	2	0	4620
Picture	full1i	other				1595177	1	4333	2	0	4290
Picture	full1n	other				1606677	1	3666	3	0	3620
Picture	82	other				1617677	1	100167	2	0	next
Picture	82	other				1717844	1	10000	2	100000	next
Picture	82	other				1727844	1	10000	2	110000	next
Picture	82	other				1737844	1	10000	2	120000	next
Picture	82	other				1747844	1	10000	2	130000	next
Picture	82	other				1757844	1	10001	2	140000	next
Picture	82	other				1767845	1	10000	2	150000	next
Picture	82	other				1777845	1	10000	2	160000	next
Picture	82	other				1787845	1	10000	2	170000	next
Picture	82	other				1797845	1	10000	2	180000	next
Picture	82	other				1807845	1	10000	2	190000	10000
Picture	full0n	other				1817845	1	4667	2	0	4620
Picture	full1n	other				1829178	1	2667	2	0	2620
Picture	full1i	other				1841345	1	4333	2	0	4290
Picture	full1n	other				1853178	2	2667	3	0	2620
Picture	full0i	other				1864012	1	4000	2	0	3950
Picture	full0n	other				1876845	1	2500	2	0	2450
Picture	full1i	other				1888345	1	4834	2	0	4790
Picture	full0i	other				1900679	1	2500	2	0	2450
Picture	blue0n	false alarm	2	4466	4	1912845	2	2834	3	0	2790
Picture	full0i	other				1924679	1	4667	2	0	4620
Picture	full1n	other				1937512	1	4834	2	0	4790
Picture	full0n	other				1948846	1	4166	2	0	4120
Picture	full0i	other				1961512	2	4667	3	0	4620
Picture	blue1i	false alarm	2	5354	3	1973846	1	4000	2	0	3950
Picture	full1n	other				1985679	1	3000	2	0	2950
Picture	full1i	other				1996513	1	4333	2	0	4290
Picture	full1n	other				2008013	1	4166	2	0	4120
Picture	full0n	other				2020180	1	3166	2	0	3120
Picture	full1i	other				2032846	1	3834	2	0	3790
Picture	full1n	other				2046013	1	4167	2	0	4120
Picture	full0i	other				2058180	1	2500	2	0	2450
Picture	blue0n	false alarm	2	3653	2	2070347	1	4166	2	0	4120
Picture	full1i	other				2081347	1	3000	2	0	2950
Picture	full1n	other				2094013	1	2834	2	0	2790
Picture	full1i	other				2104847	1	3166	2	0	3120
Picture	full0i	other				2118013	2	4834	3	0	4790
Picture	full0n	other				2130180	1	4167	2	0	4120
Picture	full1n	other				2141180	1	5000	2	0	4950
Picture	full0i	other				2154680	1	4500	2	0	4450
Picture	full1i	other				2166014	1	4500	2	0	4450
Picture	full0n	other				2179181	1	4166	2	0	4120
Picture	full0i	other				2190681	1	4500	2	0	4450
Picture	blue0n	false alarm	2	3651	2	2202847	1	2500	2	0	2450
Picture	full1n	other				2214347	2	4001	3	0	3950
Picture	full1i	other				2225848	1	4833	2	0	4790
Picture	full0i	other				2239348	1	2833	2	0	2790
Picture	full0n	other				2252014	1	4334	2	0	4290
Picture	full0i	other				2263348	1	3333	2	0	3290
Picture	full0n	other				2275181	1	5000	2	0	4950
Picture	full1n	other				2287348	1	3167	2	0	3120
Picture	full1i	other				2298348	1	4000	2	0	3950
Picture	full1n	other				2309348	1	4000	2	0	3950
Picture	full0i	other				2320348	1	4834	2	0	4790
Picture	full1i	other				2331182	1	3000	2	0	2950
Picture	full0n	other				2343515	1	3167	2	0	3120
Picture	full0i	other				2356182	1	3333	2	0	3290
Picture	blue1n	false alarm	2	4148	3	2368348	2	2834	3	0	2790
Picture	full0n	other				2380682	1	4167	2	0	4120
Picture	full0i	other				2392515	1	3667	2	0	3620
Picture	full1i	other				2404682	1	3833	2	0	3790
Picture	full0n	other				2418182	1	3000	2	0	2950
Picture	full0i	other				2430016	1	4833	2	0	4790
Picture	full0n	other				2443516	1	4500	2	0	4450
Picture	full0i	other				2455016	1	4500	2	0	4450
Picture	full0n	other				2466349	1	3167	2	0	3120
Picture	full1n	other				2479516	1	4500	2	0	4450
Picture	blue0i	false alarm	2	4545	3	2491849	1	3167	2	0	3120
Picture	full0n	other				2504516	1	3500	2	0	3450
Picture	full0i	other				2516849	2	4334	3	0	4290
Picture	full0n	other				2527683	1	3000	2	0	2950
Picture	full0i	other				2540516	1	3500	2	0	3450
Picture	full0n	other				2552683	1	3333	2	0	3290
Picture	full1i	other				2564850	1	3166	3	0	3120
Picture	blue0i	false alarm	2	4976	3	2577017	1	4666	2	0	4620
Picture	full1n	other				2589183	1	2667	2	0	2620
Picture	full0n	other				2600017	1	3666	2	0	3620
Picture	full0i	other				2612350	1	4833	3	0	4790
Picture	full0n	other				2625517	1	3333	2	0	3290
Picture	full0i	other				2638684	1	3833	2	0	3790
Picture	full1i	other				2650850	1	3834	2	0	3790
Picture	full0n	other				2662684	1	4500	2	0	4450
Picture	full1n	other				2673684	1	4833	2	0	4790
Picture	full0i	other				2685517	1	2667	2	0	2620
Picture	full1i	other				2697017	1	4500	2	0	4450
Picture	full0n	other				2710517	2	4334	3	0	4290
Picture	full1n	other				2722017	2	3834	3	0	3790
Picture	full1i	other				2734351	1	2833	2	0	2790
Picture	blue1n	false alarm	2	10507	2	2745684	1	4167	2	0	4120
Picture	full1i	other				2756684	1	2500	2	0	2450
Picture	full0i	other				2769351	1	4834	2	0	4790
Picture	full0n	other				2782185	1	2833	2	0	2790
Picture	full0i	other				2794851	1	4000	2	0	3950
Picture	blue1n	false alarm	2	5340	2	2805851	1	3834	2	0	3790
Picture	full0n	other				2816851	2	4667	3	0	4620
Picture	full0i	other				2830352	1	4000	2	0	3950
Picture	full0n	other				2841685	1	3167	2	0	3120
Picture	full1i	other				2855185	1	3833	2	0	3790
Picture	full0i	other				2867852	1	2500	2	0	2450
Picture	full1n	other				2879185	1	4334	2	0	4290
Picture	full1i	other				2891852	1	4000	2	0	3950
Picture	full1n	other				2903352	1	4167	2	0	4120
Picture	full0n	other				2914352	1	4167	2	0	4120
Picture	full1i	other				2927186	1	4333	2	0	4290
Picture	full0i	other				2939352	1	4000	2	0	3950
Picture	full1n	other				2950686	1	2833	2	0	2790
Picture	blue0n	false alarm	2	3669	3	2961519	1	4167	2	0	4120
Picture	full1i	other				2973686	1	3167	2	0	3120
Picture	full1n	other				2985019	1	3667	2	0	3620
Picture	full0i	other				2997853	1	3833	2	0	3790
Picture	full1i	other				3009353	1	3500	2	0	3450
Picture	full1n	other				3021686	1	2500	2	0	2450
Picture	full1i	other				3035186	1	2834	2	0	2790
Picture	full1n	other				3048020	1	3500	2	0	3450
Picture	full1i	other				3059853	1	3000	2	0	2950
Picture	full0n	other				3073020	1	5000	2	0	4950
Picture	full1n	other				3083853	1	4334	2	0	4290
Picture	full1i	other				3097020	1	4833	2	0	4790
Picture	full1n	other				3109353	1	3500	2	0	3450
Picture	full1i	other				3122520	1	3833	3	0	3790
Picture	full1n	other				3135687	1	3333	2	0	3290
Picture	full1i	other				3147854	1	3000	2	0	2950
Picture	full0i	other				3160687	1	2667	2	0	2620
Picture	full0n	other				3171687	1	3333	3	0	3290
Picture	blue1n	false alarm	2	4132	2	3184354	1	4833	2	0	4790
Picture	full0i	other				3195687	1	4334	2	0	4290
Picture	full0n	other				3207854	1	3833	2	0	3790
Picture	full0i	other				3219354	1	4000	2	0	3950
Picture	full0n	other				3231188	1	3166	2	0	3120
Picture	full1i	other				3244688	1	4333	2	0	4290
Picture	full1n	other				3256854	1	3000	2	0	2950
Picture	full1i	other				3267688	1	4333	2	0	4290
Picture	blue0i	false alarm	2	3786	3	3281188	1	2667	2	0	2620
Picture	full1n	other				3294688	1	4167	2	0	4120
Picture	full1i	other				3305521	1	4834	2	0	4790
Picture	full1n	other				3317021	1	2667	2	0	2620
Picture	full1i	other				3329355	1	3167	2	0	3120
Picture	full1n	other				3342188	1	4834	2	0	4790
Picture	full1i	other				3353522	1	3666	2	0	3620
Picture	full0n	other				3366355	1	4500	2	0	4450
Picture	full1n	other				3379188	2	4167	3	0	4120
Picture	blue1i	false alarm	2	5551	3	3391022	1	4667	2	0	4620
Picture	full0i	other				3403189	1	4333	2	0	4290
Picture	full0n	other				3416355	2	3667	3	0	3620
Picture	default	other				3428522	1	2667	2	0	2500
Picture	default	other				3448689	1	6872	2	0	2500
