Scenario - visual LTP Rap V4.0 HVB (based on combined block 1+2 from old 45 135 degree pilot)
Logfile written - 11/11/2015 14:05:31

Subject	Trial	Event Type	Code	Time	TTime	Uncertainty	Duration	Uncertainty	ReqTime	ReqDur	Stim Type	Pair Index

09_S0312_v0	1	Response	128	1092	10925	1
09_S0312_v0	3	Picture	full1n	11332	0	1	4667	2	0	4620	other	0
09_S0312_v0	4	Picture	full0n	22832	0	2	2620	217	0	2620	other	0
09_S0312_v0	5	Picture	full0i	34665	0	2	4290	213	0	4290	other	0
09_S0312_v0	6	Picture	blue0n	47498	0	2	2620	217	0	2620	false_alarm	6
09_S0312_v0	6	Response	10	51872	4374	1
09_S0312_v0	7	Picture	full1i	59665	0	1	4000	2	0	3950	other	0
09_S0312_v0	8	Picture	full1n	70665	0	1	2450	218	0	2450	other	0
09_S0312_v0	9	Picture	full0i	81998	0	1	4790	212	0	4790	other	0
09_S0312_v0	10	Picture	full1i	92831	0	1	2500	2	0	2450	other	0
09_S0312_v0	11	Picture	full0n	104997	0	2	2790	214	0	2790	other	0
09_S0312_v0	12	Picture	full1n	118497	0	1	4620	215	0	4620	other	0
09_S0312_v0	13	Picture	full1i	130664	0	1	4790	212	0	4790	other	0
09_S0312_v0	14	Picture	full1n	141497	0	1	4166	2	0	4120	other	0
09_S0312_v0	15	Picture	full1i	154330	0	1	4620	215	0	4620	other	0
09_S0312_v0	16	Picture	full0i	167496	0	2	4000	3	0	3950	other	0
09_S0312_v0	17	Picture	blue0n	180163	0	1	3000	2	0	2950	false_alarm	18
09_S0312_v0	17	Response	10	183431	3268	1
09_S0312_v0	18	Picture	full0i	192329	0	2	4290	213	0	4290	other	0
09_S0312_v0	19	Picture	full0n	203162	0	2	4120	217	0	4120	other	0
09_S0312_v0	20	Picture	full1n	215829	0	1	3120	215	0	3120	other	0
09_S0312_v0	21	Picture	full0i	226829	0	1	3790	212	0	3790	other	0
09_S0312_v0	22	Picture	full0n	239662	0	1	4120	215	0	4120	other	0
09_S0312_v0	23	Picture	full1i	251162	0	1	2500	2	0	2450	other	0
09_S0312_v0	24	Picture	full1n	262995	0	1	4120	215	0	4120	other	0
09_S0312_v0	25	Picture	full0i	273828	0	1	3000	2	0	2950	other	0
09_S0312_v0	26	Picture	full0n	286494	0	2	2790	213	0	2790	other	0
09_S0312_v0	27	Picture	full0i	298328	0	1	3120	215	0	3120	other	0
09_S0312_v0	28	Picture	full1i	309827	0	1	4790	212	0	4790	other	0
09_S0312_v0	29	Picture	blue1n	321160	0	2	4120	217	0	4120	false_alarm	31
09_S0312_v0	29	Response	10	325174	4014	4
09_S0312_v0	30	Picture	full0n	332660	0	1	5000	2	0	4950	other	0
09_S0312_v0	31	Picture	full1i	344827	0	1	4500	2	0	4450	other	0
09_S0312_v0	32	Picture	full1n	356160	0	1	4450	219	0	4450	other	0
09_S0312_v0	33	Picture	full1i	367493	0	1	4120	215	0	4120	other	0
09_S0312_v0	34	Picture	full1n	380993	0	1	4450	219	0	4450	other	0
09_S0312_v0	35	Picture	full0i	393826	0	1	2500	2	0	2450	other	0
09_S0312_v0	36	Picture	full0n	405159	0	1	4000	2	0	3950	other	0
09_S0312_v0	37	Picture	full0i	417825	0	2	4790	213	0	4790	other	0
09_S0312_v0	38	Picture	full1i	429325	0	1	2790	212	0	2790	other	0
09_S0312_v0	39	Picture	full1n	442492	0	1	4290	212	0	4290	other	0
09_S0312_v0	40	Picture	full1i	454658	0	1	3290	212	0	3290	other	0
09_S0312_v0	41	Picture	full1n	466991	0	2	4950	220	0	4950	other	0
09_S0312_v0	42	Picture	full0n	479324	0	2	3167	3	0	3120	other	0
09_S0312_v0	43	Picture	full0i	490824	0	1	3952	217	0	3950	other	0
09_S0312_v0	44	Picture	full0n	504324	0	1	3952	217	0	3950	other	0
09_S0312_v0	45	Picture	blue1i	517824	0	1	4790	212	0	4790	false_alarm	48
09_S0312_v0	45	Response	10	522973	5149	4
09_S0312_v0	46	Picture	full0i	529657	0	1	3000	2	0	2950	other	0
09_S0312_v0	47	Picture	full1n	542490	0	1	3120	215	0	3120	other	0
09_S0312_v0	48	Picture	full1i	555656	0	2	3290	214	0	3290	other	0
09_S0312_v0	49	Picture	full0n	568323	0	1	2790	212	0	2790	other	0
09_S0312_v0	50	Picture	blue1n	579656	0	1	4120	216	0	4120	false_alarm	54
09_S0312_v0	50	Response	10	582973	3317	4
09_S0312_v0	50	Response	10	583106	3450	2
09_S0312_v0	51	Picture	full1i	590656	0	1	3620	215	0	3620	other	0
09_S0312_v0	52	Picture	blue0i	601489	0	1	3790	212	0	3790	false_alarm	58
09_S0312_v0	52	Response	10	609772	8283	4
09_S0312_v0	52	Response	10	609972	8483	4
09_S0312_v0	53	Picture	full1n	612489	0	1	2950	219	0	2950	other	0
09_S0312_v0	54	Picture	full1i	624322	0	1	4790	212	0	4790	other	0
09_S0312_v0	55	Picture	full1n	636488	0	2	4450	220	0	4450	other	0
09_S0312_v0	56	Picture	full1i	648322	0	1	4450	218	0	4450	other	0
09_S0312_v0	57	Picture	blue1n	660655	0	1	3120	215	0	3120	false_alarm	65
09_S0312_v0	57	Response	10	665172	4517	4
09_S0312_v0	57	Response	10	665292	4637	2
09_S0312_v0	58	Picture	full0n	671988	0	1	4500	2	0	4450	other	0
09_S0312_v0	59	Picture	full1i	683488	0	1	3120	215	0	3120	other	0
09_S0312_v0	60	Picture	full1n	694821	0	1	3450	219	0	3450	other	0
09_S0312_v0	61	Picture	full1i	705654	0	1	4290	212	0	4290	other	0
09_S0312_v0	62	Picture	full1n	716654	0	1	3000	2	0	2950	other	0
09_S0312_v0	63	Picture	full1i	727987	0	1	3500	2	0	3450	other	0
09_S0312_v0	64	Picture	blue1n	739820	0	1	3290	212	0	3290	false_alarm	74
09_S0312_v0	64	Response	10	743872	4052	3
09_S0312_v0	65	Picture	full0i	752153	0	1	3120	216	0	3120	other	0
09_S0312_v0	66	Picture	full1i	765320	0	1	4666	2	0	4620	other	0
09_S0312_v0	67	Picture	full0n	777486	0	1	2620	215	0	2620	other	0
09_S0312_v0	68	Picture	full1n	790319	0	1	3620	216	0	3620	other	0
09_S0312_v0	69	Picture	full1i	801819	0	1	4790	212	0	4790	other	0
09_S0312_v0	70	Picture	full1n	812652	0	1	3333	3	0	3290	other	0
09_S0312_v0	71	Picture	full1i	824819	0	1	3790	212	0	3790	other	0
09_S0312_v0	72	Picture	full0i	835818	0	2	3790	214	0	3790	other	0
09_S0312_v0	73	Picture	full1n	849318	0	1	4500	2	0	4450	other	0
09_S0312_v0	74	Picture	full0n	861651	0	2	4790	213	0	4790	other	0
09_S0312_v0	75	Picture	full1i	872484	0	2	2667	3	0	2620	other	0
09_S0312_v0	76	Picture	full0i	883984	0	2	4450	220	0	4450	other	0
09_S0312_v0	77	Picture	full1n	896151	0	1	4290	212	0	4290	other	0
09_S0312_v0	78	Picture	full0n	908317	0	1	3790	212	0	3790	other	0
09_S0312_v0	79	Picture	blue0i	920650	0	2	2790	213	0	2790	false_alarm	90
09_S0312_v0	79	Response	10	924659	4009	4
09_S0312_v0	80	Picture	full0n	934150	0	1	4120	216	0	4120	other	0
09_S0312_v0	81	Picture	full0i	946317	0	1	2500	2	0	2450	other	0
09_S0312_v0	82	Picture	full1i	959150	0	1	4790	212	0	4790	other	0
09_S0312_v0	83	Picture	full1n	970150	0	1	2790	212	0	2790	other	0
09_S0312_v0	84	Picture	full1i	982816	0	1	4000	2	0	3950	other	0
09_S0312_v0	85	Picture	full0n	996316	0	1	3795	207	0	3790	other	0
09_S0312_v0	86	Picture	full1n	1007649	0	1	4620	215	0	4620	other	0
09_S0312_v0	87	Picture	full1i	1019482	0	1	3950	219	0	3950	other	0
09_S0312_v0	88	Picture	full1n	1030482	0	1	3120	215	0	3120	other	0
09_S0312_v0	89	Picture	full0i	1043982	0	1	3790	212	0	3790	other	0
09_S0312_v0	90	Picture	full1i	1057148	0	1	2500	2	0	2450	other	0
09_S0312_v0	91	Picture	full0n	1069314	0	2	4290	214	0	4290	other	0
09_S0312_v0	92	Picture	full0i	1082148	0	1	4000	2	0	3950	other	0
09_S0312_v0	93	Picture	full0n	1094314	0	1	4120	216	0	4120	other	0
09_S0312_v0	94	Picture	full1n	1106481	0	1	4120	215	0	4120	other	0
09_S0312_v0	95	Picture	full0i	1119647	0	1	4290	212	0	4290	other	0
09_S0312_v0	96	Picture	blue1i	1131147	0	1	4000	2	0	3950	false_alarm	108
09_S0312_v0	96	Response	10	1134967	3820	1
09_S0312_v0	97	Picture	full0n	1142147	0	1	2790	212	0	2790	other	0
09_S0312_v0	98	Picture	full1n	1153480	0	1	4120	215	0	4120	other	0
09_S0312_v0	99	Picture	full0i	1166146	0	1	3120	216	0	3120	other	0
09_S0312_v0	100	Picture	full0n	1178813	0	1	3666	2	0	3620	other	0
09_S0312_v0	101	Picture	full1i	1191646	0	1	3790	212	0	3790	other	0
09_S0312_v0	102	Picture	full0i	1205146	0	1	3500	2	0	3450	other	0
09_S0312_v0	103	Picture	full0n	1217479	0	1	2450	218	0	2450	other	0
09_S0312_v0	104	Picture	full0i	1228979	0	1	2790	212	0	2790	other	0
09_S0312_v0	105	Picture	full0n	1240312	0	1	3500	2	0	3450	other	0
09_S0312_v0	106	Picture	full0i	1252645	0	1	3000	2	0	2950	other	0
09_S0312_v0	107	Picture	full1n	1264811	0	2	5000	3	0	4950	other	0
09_S0312_v0	108	Picture	full0n	1276978	0	1	4290	212	0	4290	other	0
09_S0312_v0	109	Picture	full0i	1289311	0	1	4790	212	0	4790	other	0
09_S0312_v0	110	Picture	full0n	1302811	0	1	3500	2	0	3450	other	0
09_S0312_v0	111	Picture	blue0i	1314644	0	1	3790	212	0	3790	false_alarm	124
09_S0312_v0	111	Response	10	1318558	3914	3
09_S0312_v0	112	Picture	full0n	1326810	0	1	3290	212	0	3290	other	0
09_S0312_v0	113	Picture	full0i	1339977	0	1	2950	218	0	2950	other	0
09_S0312_v0	114	Picture	full1i	1350976	0	2	2620	217	0	2620	other	0
09_S0312_v0	115	Picture	full1n	1364143	0	1	3290	212	0	3290	other	0
09_S0312_v0	116	Picture	full0n	1377309	0	2	4790	213	0	4790	other	0
09_S0312_v0	117	Picture	full1i	1390809	0	1	4290	212	0	4290	other	0
09_S0312_v0	118	Picture	full1n	1402976	0	1	3790	212	0	3790	other	0
09_S0312_v0	119	Picture	full1i	1414809	0	1	4000	2	0	3950	other	0
09_S0312_v0	120	Picture	full1n	1425642	0	1	3120	215	0	3120	other	0
09_S0312_v0	121	Picture	blue0i	1437808	0	2	4290	213	0	4290	false_alarm	135
09_S0312_v0	121	Response	10	1440757	2949	3
09_S0312_v0	122	Picture	full0n	1449641	0	2	3000	4	0	2950	other	0
09_S0312_v0	123	Picture	full0i	1461975	0	1	4290	212	0	4290	other	0
09_S0312_v0	124	Picture	full1i	1475141	0	1	2620	215	0	2620	other	0
09_S0312_v0	125	Picture	full0n	1485974	0	2	4120	217	0	4120	other	0
09_S0312_v0	126	Picture	full0i	1498141	0	1	4790	212	0	4790	other	0
09_S0312_v0	127	Picture	full0n	1510807	0	1	2620	216	0	2620	other	0
09_S0312_v0	128	Picture	full0i	1523640	0	1	3120	216	0	3120	other	0
09_S0312_v0	129	Picture	full0n	1536473	0	2	4790	213	0	4790	other	0
09_S0312_v0	130	Picture	full0i	1548640	0	1	3620	215	0	3620	other	0
09_S0312_v0	131	Picture	blue1n	1560973	0	1	4500	2	0	4450	false_alarm	146
09_S0312_v0	131	Response	10	1563856	2883	4
09_S0312_v0	132	Picture	full0n	1573639	0	2	4120	217	0	4120	other	0
09_S0312_v0	133	Picture	full0i	1586306	0	1	4620	215	0	4620	other	0
09_S0312_v0	134	Picture	full1i	1599472	0	2	4290	213	0	4290	other	0
09_S0312_v0	135	Picture	full1n	1610972	0	1	3620	215	0	3620	other	0
09_S0312_v0	136	Picture	82	1621972	0	1	100165	2	0	next	other	0
09_S0312_v0	136	Picture	82	1722137	100165	1	10000	2	100000	next	other	0
09_S0312_v0	136	Picture	82	1732137	110165	1	10000	2	110000	next	other	0
09_S0312_v0	136	Picture	82	1742137	120165	1	9999	3	120000	next	other	0
09_S0312_v0	136	Picture	82	1752136	130164	2	10000	3	130000	next	other	0
09_S0312_v0	136	Picture	82	1762136	140164	1	10000	2	140000	next	other	0
09_S0312_v0	136	Picture	82	1772136	150164	1	10000	2	150000	next	other	0
09_S0312_v0	136	Picture	82	1782136	160164	1	10000	3	160000	next	other	0
09_S0312_v0	136	Picture	82	1792136	170164	2	9999	5	170000	next	other	0
09_S0312_v0	136	Picture	82	1802135	180163	3	10000	5	180000	next	other	0
09_S0312_v0	136	Picture	82	1812135	190163	2	10000	4	190000	10000	other	0
09_S0312_v0	137	Picture	full0n	1822135	0	2	4620	217	0	4620	other	0
09_S0312_v0	138	Picture	full1n	1833468	0	2	2620	217	0	2620	other	0
09_S0312_v0	139	Picture	full1i	1845635	0	1	4290	212	0	4290	other	0
09_S0312_v0	140	Picture	full1n	1857468	0	1	2620	215	0	2620	other	0
09_S0312_v0	141	Picture	full0i	1868301	0	1	4000	2	0	3950	other	0
09_S0312_v0	142	Picture	full0n	1881134	0	1	2500	2	0	2450	other	0
09_S0312_v0	143	Picture	full1i	1892634	0	1	4790	212	0	4790	other	0
09_S0312_v0	144	Picture	full0i	1904967	0	1	2450	219	0	2450	other	0
09_S0312_v0	145	Picture	blue0n	1917134	0	1	2790	212	0	2790	false_alarm	171
09_S0312_v0	145	Response	10	1920743	3609	4
09_S0312_v0	146	Picture	full0i	1928967	0	1	4620	215	0	4620	other	0
09_S0312_v0	147	Picture	full1n	1941800	0	1	4790	212	0	4790	other	0
09_S0312_v0	148	Picture	full0n	1953133	0	1	4120	215	0	4120	other	0
09_S0312_v0	149	Picture	full0i	1965800	0	1	4620	215	0	4620	other	0
09_S0312_v0	150	Picture	blue1i	1978133	0	1	3950	218	0	3950	false_alarm	177
09_S0312_v0	150	Response	10	1981943	3810	4
09_S0312_v0	151	Picture	full1n	1989966	0	1	2950	218	0	2950	other	0
09_S0312_v0	152	Picture	full1i	2000799	0	1	4290	212	0	4290	other	0
09_S0312_v0	153	Picture	full1n	2012299	0	1	4120	215	0	4120	other	0
09_S0312_v0	154	Picture	full0n	2024465	0	1	3120	216	0	3120	other	0
09_S0312_v0	155	Picture	full1i	2037132	0	1	3790	212	0	3790	other	0
09_S0312_v0	156	Picture	full1n	2050298	0	1	4120	216	0	4120	other	0
09_S0312_v0	157	Picture	full0i	2062465	0	1	2450	218	0	2450	other	0
09_S0312_v0	158	Picture	blue0n	2074631	0	1	4120	215	0	4120	false_alarm	186
09_S0312_v0	158	Response	10	2078542	3911	4
09_S0312_v0	159	Picture	full1i	2085631	0	1	3000	2	0	2950	other	0
09_S0312_v0	160	Picture	full1n	2098297	0	2	2790	213	0	2790	other	0
09_S0312_v0	161	Picture	full1i	2109130	0	2	3120	217	0	3120	other	0
09_S0312_v0	162	Picture	full0i	2122297	0	1	4790	212	0	4790	other	0
09_S0312_v0	163	Picture	full0n	2134463	0	2	4120	217	0	4120	other	0
09_S0312_v0	164	Picture	full1n	2145463	0	1	5000	2	0	4950	other	0
09_S0312_v0	165	Picture	full0i	2158963	0	1	4500	2	0	4450	other	0
09_S0312_v0	166	Picture	full1i	2170296	0	1	4500	2	0	4450	other	0
09_S0312_v0	167	Picture	full0n	2183463	0	1	4120	215	0	4120	other	0
09_S0312_v0	168	Picture	full0i	2194962	0	2	4450	220	0	4450	other	0
09_S0312_v0	169	Picture	blue0n	2207129	0	1	2450	218	0	2450	false_alarm	198
09_S0312_v0	169	Response	10	2211341	4212	5
09_S0312_v0	169	Response	10	2211501	4372	1
09_S0312_v0	170	Picture	full1n	2218629	0	1	3950	218	0	3950	other	0
09_S0312_v0	171	Picture	full1i	2230128	0	2	4790	213	0	4790	other	0
09_S0312_v0	172	Picture	full0i	2243628	0	1	2790	212	0	2790	other	0
09_S0312_v0	173	Picture	full0n	2256295	0	1	4290	212	0	4290	other	0
09_S0312_v0	174	Picture	full0i	2267628	0	1	3290	212	0	3290	other	0
09_S0312_v0	175	Picture	full0n	2279461	0	1	4950	219	0	4950	other	0
09_S0312_v0	176	Picture	full1n	2291627	0	2	3120	217	0	3120	other	0
09_S0312_v0	177	Picture	full1i	2302627	0	1	4000	2	0	3950	other	0
09_S0312_v0	178	Picture	full1n	2313627	0	1	3950	219	0	3950	other	0
09_S0312_v0	179	Picture	full0i	2324627	0	1	4790	212	0	4790	other	0
09_S0312_v0	180	Picture	full1i	2335460	0	1	3000	2	0	2950	other	0
09_S0312_v0	181	Picture	full0n	2347793	0	1	3120	216	0	3120	other	0
09_S0312_v0	182	Picture	full0i	2360460	0	1	3290	212	0	3290	other	0
09_S0312_v0	183	Picture	blue1n	2372626	0	1	2790	212	0	2790	false_alarm	214
09_S0312_v0	183	Response	10	2375871	3245	1
09_S0312_v0	184	Picture	full0n	2384959	0	1	4120	216	0	4120	other	0
09_S0312_v0	185	Picture	full0i	2396792	0	1	3667	2	0	3620	other	0
09_S0312_v0	186	Picture	full1i	2408959	0	1	3790	212	0	3790	other	0
09_S0312_v0	187	Picture	full0n	2422459	0	1	3000	2	0	2950	other	0
09_S0312_v0	188	Picture	full0i	2434292	0	1	4790	212	0	4790	other	0
09_S0312_v0	189	Picture	full0n	2447791	0	2	4451	219	0	4450	other	0
09_S0312_v0	190	Picture	full0i	2459291	0	2	4500	3	0	4450	other	0
09_S0312_v0	191	Picture	full0n	2470624	0	2	3120	217	0	3120	other	0
09_S0312_v0	192	Picture	full1n	2483791	0	1	4451	218	0	4450	other	0
09_S0312_v0	193	Picture	blue0i	2496124	0	1	3120	215	0	3120	false_alarm	225
09_S0312_v0	193	Response	10	2500239	4115	5
09_S0312_v0	194	Picture	full0n	2508790	0	2	3452	218	0	3450	other	0
09_S0312_v0	195	Picture	full0i	2521124	0	1	4290	212	0	4290	other	0
09_S0312_v0	196	Picture	full0n	2531957	0	1	2950	218	0	2950	other	0
09_S0312_v0	197	Picture	full0i	2544790	0	1	3452	217	0	3450	other	0
09_S0312_v0	198	Picture	full0n	2556956	0	1	3290	212	0	3290	other	0
09_S0312_v0	199	Picture	full1i	2569123	0	1	3120	215	0	3120	other	0
09_S0312_v0	200	Picture	blue0i	2581289	0	1	4620	216	0	4620	false_alarm	233
09_S0312_v0	200	Response	10	2586178	4889	1
09_S0312_v0	201	Picture	full1n	2593456	0	1	2620	215	0	2620	other	0
09_S0312_v0	202	Picture	full0n	2604289	0	1	3666	3	0	3620	other	0
09_S0312_v0	203	Picture	full0i	2616622	0	1	4790	212	0	4790	other	0
09_S0312_v0	204	Picture	full0n	2629788	0	2	3290	214	0	3290	other	0
09_S0312_v0	205	Picture	full0i	2642955	0	1	3790	212	0	3790	other	0
09_S0312_v0	206	Picture	full1i	2655121	0	2	3790	213	0	3790	other	0
09_S0312_v0	207	Picture	full0n	2666954	0	2	4500	4	0	4450	other	0
09_S0312_v0	208	Picture	full1n	2677954	0	2	4790	213	0	4790	other	0
09_S0312_v0	209	Picture	full0i	2689787	0	2	2620	217	0	2620	other	0
09_S0312_v0	210	Picture	full1i	2701287	0	1	4450	219	0	4450	other	0
09_S0312_v0	211	Picture	full0n	2714787	0	1	4290	212	0	4290	other	0
09_S0312_v0	212	Picture	full1n	2726287	0	1	3790	212	0	3790	other	0
09_S0312_v0	213	Picture	full1i	2738620	0	1	2790	212	0	2790	other	0
09_S0312_v0	214	Picture	blue1n	2749953	0	1	4120	215	0	4120	false_alarm	248
09_S0312_v0	214	Response	10	2753673	3720	1
09_S0312_v0	215	Picture	full1i	2760953	0	1	2500	2	0	2450	other	0
09_S0312_v0	216	Picture	full0i	2773619	0	2	4790	213	0	4790	other	0
09_S0312_v0	217	Picture	full0n	2786452	0	2	2790	214	0	2790	other	0
09_S0312_v0	218	Picture	full0i	2799119	0	1	4000	2	0	3950	other	0
09_S0312_v0	219	Picture	blue1n	2810119	0	1	3790	212	0	3790	false_alarm	254
09_S0312_v0	219	Response	10	2815427	5308	4
09_S0312_v0	220	Picture	full0n	2821119	0	1	4620	215	0	4620	other	0
09_S0312_v0	221	Picture	full0i	2834618	0	2	4000	3	0	3950	other	0
09_S0312_v0	222	Picture	full0n	2845951	0	2	3120	217	0	3120	other	0
09_S0312_v0	223	Picture	full1i	2859451	0	2	3790	213	0	3790	other	0
09_S0312_v0	224	Picture	full0i	2872118	0	1	2450	218	0	2450	other	0
09_S0312_v0	225	Picture	full1n	2883451	0	1	4290	212	0	4290	other	0
09_S0312_v0	226	Picture	full1i	2896117	0	2	4000	3	0	3950	other	0
09_S0312_v0	227	Picture	full1n	2907617	0	1	4120	216	0	4120	other	0
09_S0312_v0	228	Picture	full0n	2918617	0	1	4120	215	0	4120	other	0
09_S0312_v0	229	Picture	full1i	2931450	0	1	4290	212	0	4290	other	0
09_S0312_v0	230	Picture	full0i	2943617	0	1	3950	52	0	3950	other	0
09_S0312_v0	231	Picture	full1n	2954950	0	1	2790	212	0	2790	other	0
09_S0312_v0	232	Picture	blue0n	2965783	0	1	4166	3	0	4120	false_alarm	268
09_S0312_v0	232	Response	10	2969903	4120	47
09_S0312_v0	233	Picture	full1i	2977949	0	1	3120	216	0	3120	other	0
09_S0312_v0	234	Picture	full1n	2989282	0	2	3620	217	0	3620	other	0
09_S0312_v0	235	Picture	full0i	3002116	0	1	3790	212	0	3790	other	0
09_S0312_v0	236	Picture	full1i	3013615	0	2	3450	220	0	3450	other	0
09_S0312_v0	237	Picture	full1n	3025948	0	2	2500	4	0	2450	other	0
09_S0312_v0	238	Picture	full1i	3039448	0	1	2790	212	0	2790	other	0
09_S0312_v0	239	Picture	full1n	3052281	0	2	3500	3	0	3450	other	0
09_S0312_v0	240	Picture	full1i	3064115	0	1	2950	218	0	2950	other	0
09_S0312_v0	241	Picture	full0n	3077281	0	1	5000	2	0	4950	other	0
09_S0312_v0	242	Picture	full1n	3088114	0	1	4333	3	0	4290	other	0
09_S0312_v0	243	Picture	full1i	3101281	0	1	4790	212	0	4790	other	0
09_S0312_v0	244	Picture	full1n	3113614	0	1	3450	218	0	3450	other	0
09_S0312_v0	245	Picture	full1i	3126780	0	1	3790	212	0	3790	other	0
09_S0312_v0	246	Picture	full1n	3139947	0	1	3290	212	0	3290	other	0
09_S0312_v0	247	Picture	full1i	3152113	0	1	2950	219	0	2950	other	0
09_S0312_v0	248	Picture	full0i	3164946	0	1	2620	216	0	2620	other	0
09_S0312_v0	249	Picture	full0n	3175946	0	1	3290	212	0	3290	other	0
09_S0312_v0	250	Picture	blue1n	3188612	0	2	4790	213	0	4790	false_alarm	287
09_S0312_v0	250	Response	10	3192411	3799	2
09_S0312_v0	251	Picture	full0i	3199946	0	1	4290	212	0	4290	other	0
09_S0312_v0	252	Picture	full0n	3212112	0	1	3790	212	0	3790	other	0
09_S0312_v0	253	Picture	full0i	3223612	0	1	4000	2	0	3950	other	0
09_S0312_v0	254	Picture	full0n	3235445	0	1	3120	215	0	3120	other	0
09_S0312_v0	255	Picture	full1i	3248945	0	1	4290	212	0	4290	other	0
09_S0312_v0	256	Picture	full1n	3261111	0	1	3000	2	0	2950	other	0
09_S0312_v0	257	Picture	full1i	3271944	0	2	4290	213	0	4290	other	0
09_S0312_v0	258	Picture	blue0i	3285444	0	1	2620	216	0	2620	false_alarm	296
09_S0312_v0	258	Response	10	3290324	4880	4
09_S0312_v0	258	Response	10	3291924	6480	3
09_S0312_v0	259	Picture	full1n	3298944	0	1	4120	215	0	4120	other	0
09_S0312_v0	260	Picture	full1i	3309777	0	1	4790	212	0	4790	other	0
09_S0312_v0	261	Picture	full1n	3321277	0	1	2620	215	0	2620	other	0
09_S0312_v0	262	Picture	full1i	3333610	0	1	3120	216	0	3120	other	0
09_S0312_v0	263	Picture	full1n	3346443	0	1	4790	212	0	4790	other	0
09_S0312_v0	264	Picture	full1i	3357776	0	2	3620	217	0	3620	other	0
09_S0312_v0	265	Picture	full0n	3370609	0	2	4450	220	0	4450	other	0
09_S0312_v0	266	Picture	full1n	3383443	0	1	4120	215	0	4120	other	0
09_S0312_v0	267	Picture	blue1i	3395276	0	1	4620	215	0	4620	false_alarm	307
09_S0312_v0	267	Response	10	3399123	3847	4
09_S0312_v0	268	Picture	full0i	3407442	0	1	4290	212	0	4290	other	0
09_S0312_v0	269	Picture	full0n	3420609	0	1	3620	215	0	3620	other	0
09_S0312_v0	270	Picture	default	3432775	0	1	2667	2	0	2500	other	0
09_S0312_v0	271	Picture	default	3452941	0	2	7168	3	0	2500	other	0


Event Type	Code	Type	Response	RT	RT Uncertainty	Time	Uncertainty	Duration	Uncertainty	ReqTime	ReqDur

Picture	full1n	other				11332	1	4667	2	0	4620
Picture	full0n	other				22832	2	2620	217	0	2620
Picture	full0i	other				34665	2	4290	213	0	4290
Picture	blue0n	false_alarm	2	4374	3	47498	2	2620	217	0	2620
Picture	full1i	other				59665	1	4000	2	0	3950
Picture	full1n	other				70665	1	2450	218	0	2450
Picture	full0i	other				81998	1	4790	212	0	4790
Picture	full1i	other				92831	1	2500	2	0	2450
Picture	full0n	other				104997	2	2790	214	0	2790
Picture	full1n	other				118497	1	4620	215	0	4620
Picture	full1i	other				130664	1	4790	212	0	4790
Picture	full1n	other				141497	1	4166	2	0	4120
Picture	full1i	other				154330	1	4620	215	0	4620
Picture	full0i	other				167496	2	4000	3	0	3950
Picture	blue0n	false_alarm	2	3268	2	180163	1	3000	2	0	2950
Picture	full0i	other				192329	2	4290	213	0	4290
Picture	full0n	other				203162	2	4120	217	0	4120
Picture	full1n	other				215829	1	3120	215	0	3120
Picture	full0i	other				226829	1	3790	212	0	3790
Picture	full0n	other				239662	1	4120	215	0	4120
Picture	full1i	other				251162	1	2500	2	0	2450
Picture	full1n	other				262995	1	4120	215	0	4120
Picture	full0i	other				273828	1	3000	2	0	2950
Picture	full0n	other				286494	2	2790	213	0	2790
Picture	full0i	other				298328	1	3120	215	0	3120
Picture	full1i	other				309827	1	4790	212	0	4790
Picture	blue1n	false_alarm	2	4014	6	321160	2	4120	217	0	4120
Picture	full0n	other				332660	1	5000	2	0	4950
Picture	full1i	other				344827	1	4500	2	0	4450
Picture	full1n	other				356160	1	4450	219	0	4450
Picture	full1i	other				367493	1	4120	215	0	4120
Picture	full1n	other				380993	1	4450	219	0	4450
Picture	full0i	other				393826	1	2500	2	0	2450
Picture	full0n	other				405159	1	4000	2	0	3950
Picture	full0i	other				417825	2	4790	213	0	4790
Picture	full1i	other				429325	1	2790	212	0	2790
Picture	full1n	other				442492	1	4290	212	0	4290
Picture	full1i	other				454658	1	3290	212	0	3290
Picture	full1n	other				466991	2	4950	220	0	4950
Picture	full0n	other				479324	2	3167	3	0	3120
Picture	full0i	other				490824	1	3952	217	0	3950
Picture	full0n	other				504324	1	3952	217	0	3950
Picture	blue1i	false_alarm	2	5149	5	517824	1	4790	212	0	4790
Picture	full0i	other				529657	1	3000	2	0	2950
Picture	full1n	other				542490	1	3120	215	0	3120
Picture	full1i	other				555656	2	3290	214	0	3290
Picture	full0n	other				568323	1	2790	212	0	2790
Picture	blue1n	false_alarm	2	3317	5	579656	1	4120	216	0	4120
Picture	full1i	other				590656	1	3620	215	0	3620
Picture	blue0i	false_alarm	2	8283	5	601489	1	3790	212	0	3790
Picture	full1n	other				612489	1	2950	219	0	2950
Picture	full1i	other				624322	1	4790	212	0	4790
Picture	full1n	other				636488	2	4450	220	0	4450
Picture	full1i	other				648322	1	4450	218	0	4450
Picture	blue1n	false_alarm	2	4517	5	660655	1	3120	215	0	3120
Picture	full0n	other				671988	1	4500	2	0	4450
Picture	full1i	other				683488	1	3120	215	0	3120
Picture	full1n	other				694821	1	3450	219	0	3450
Picture	full1i	other				705654	1	4290	212	0	4290
Picture	full1n	other				716654	1	3000	2	0	2950
Picture	full1i	other				727987	1	3500	2	0	3450
Picture	blue1n	false_alarm	2	4052	4	739820	1	3290	212	0	3290
Picture	full0i	other				752153	1	3120	216	0	3120
Picture	full1i	other				765320	1	4666	2	0	4620
Picture	full0n	other				777486	1	2620	215	0	2620
Picture	full1n	other				790319	1	3620	216	0	3620
Picture	full1i	other				801819	1	4790	212	0	4790
Picture	full1n	other				812652	1	3333	3	0	3290
Picture	full1i	other				824819	1	3790	212	0	3790
Picture	full0i	other				835818	2	3790	214	0	3790
Picture	full1n	other				849318	1	4500	2	0	4450
Picture	full0n	other				861651	2	4790	213	0	4790
Picture	full1i	other				872484	2	2667	3	0	2620
Picture	full0i	other				883984	2	4450	220	0	4450
Picture	full1n	other				896151	1	4290	212	0	4290
Picture	full0n	other				908317	1	3790	212	0	3790
Picture	blue0i	false_alarm	2	4009	6	920650	2	2790	213	0	2790
Picture	full0n	other				934150	1	4120	216	0	4120
Picture	full0i	other				946317	1	2500	2	0	2450
Picture	full1i	other				959150	1	4790	212	0	4790
Picture	full1n	other				970150	1	2790	212	0	2790
Picture	full1i	other				982816	1	4000	2	0	3950
Picture	full0n	other				996316	1	3795	207	0	3790
Picture	full1n	other				1007649	1	4620	215	0	4620
Picture	full1i	other				1019482	1	3950	219	0	3950
Picture	full1n	other				1030482	1	3120	215	0	3120
Picture	full0i	other				1043982	1	3790	212	0	3790
Picture	full1i	other				1057148	1	2500	2	0	2450
Picture	full0n	other				1069314	2	4290	214	0	4290
Picture	full0i	other				1082148	1	4000	2	0	3950
Picture	full0n	other				1094314	1	4120	216	0	4120
Picture	full1n	other				1106481	1	4120	215	0	4120
Picture	full0i	other				1119647	1	4290	212	0	4290
Picture	blue1i	false_alarm	2	3820	2	1131147	1	4000	2	0	3950
Picture	full0n	other				1142147	1	2790	212	0	2790
Picture	full1n	other				1153480	1	4120	215	0	4120
Picture	full0i	other				1166146	1	3120	216	0	3120
Picture	full0n	other				1178813	1	3666	2	0	3620
Picture	full1i	other				1191646	1	3790	212	0	3790
Picture	full0i	other				1205146	1	3500	2	0	3450
Picture	full0n	other				1217479	1	2450	218	0	2450
Picture	full0i	other				1228979	1	2790	212	0	2790
Picture	full0n	other				1240312	1	3500	2	0	3450
Picture	full0i	other				1252645	1	3000	2	0	2950
Picture	full1n	other				1264811	2	5000	3	0	4950
Picture	full0n	other				1276978	1	4290	212	0	4290
Picture	full0i	other				1289311	1	4790	212	0	4790
Picture	full0n	other				1302811	1	3500	2	0	3450
Picture	blue0i	false_alarm	2	3914	4	1314644	1	3790	212	0	3790
Picture	full0n	other				1326810	1	3290	212	0	3290
Picture	full0i	other				1339977	1	2950	218	0	2950
Picture	full1i	other				1350976	2	2620	217	0	2620
Picture	full1n	other				1364143	1	3290	212	0	3290
Picture	full0n	other				1377309	2	4790	213	0	4790
Picture	full1i	other				1390809	1	4290	212	0	4290
Picture	full1n	other				1402976	1	3790	212	0	3790
Picture	full1i	other				1414809	1	4000	2	0	3950
Picture	full1n	other				1425642	1	3120	215	0	3120
Picture	blue0i	false_alarm	2	2949	5	1437808	2	4290	213	0	4290
Picture	full0n	other				1449641	2	3000	4	0	2950
Picture	full0i	other				1461975	1	4290	212	0	4290
Picture	full1i	other				1475141	1	2620	215	0	2620
Picture	full0n	other				1485974	2	4120	217	0	4120
Picture	full0i	other				1498141	1	4790	212	0	4790
Picture	full0n	other				1510807	1	2620	216	0	2620
Picture	full0i	other				1523640	1	3120	216	0	3120
Picture	full0n	other				1536473	2	4790	213	0	4790
Picture	full0i	other				1548640	1	3620	215	0	3620
Picture	blue1n	false_alarm	2	2883	5	1560973	1	4500	2	0	4450
Picture	full0n	other				1573639	2	4120	217	0	4120
Picture	full0i	other				1586306	1	4620	215	0	4620
Picture	full1i	other				1599472	2	4290	213	0	4290
Picture	full1n	other				1610972	1	3620	215	0	3620
Picture	82	other				1621972	1	100165	2	0	next
Picture	82	other				1722137	1	10000	2	100000	next
Picture	82	other				1732137	1	10000	2	110000	next
Picture	82	other				1742137	1	9999	3	120000	next
Picture	82	other				1752136	2	10000	3	130000	next
Picture	82	other				1762136	1	10000	2	140000	next
Picture	82	other				1772136	1	10000	2	150000	next
Picture	82	other				1782136	1	10000	3	160000	next
Picture	82	other				1792136	2	9999	5	170000	next
Picture	82	other				1802135	3	10000	5	180000	next
Picture	82	other				1812135	2	10000	4	190000	10000
Picture	full0n	other				1822135	2	4620	217	0	4620
Picture	full1n	other				1833468	2	2620	217	0	2620
Picture	full1i	other				1845635	1	4290	212	0	4290
Picture	full1n	other				1857468	1	2620	215	0	2620
Picture	full0i	other				1868301	1	4000	2	0	3950
Picture	full0n	other				1881134	1	2500	2	0	2450
Picture	full1i	other				1892634	1	4790	212	0	4790
Picture	full0i	other				1904967	1	2450	219	0	2450
Picture	blue0n	false_alarm	2	3609	5	1917134	1	2790	212	0	2790
Picture	full0i	other				1928967	1	4620	215	0	4620
Picture	full1n	other				1941800	1	4790	212	0	4790
Picture	full0n	other				1953133	1	4120	215	0	4120
Picture	full0i	other				1965800	1	4620	215	0	4620
Picture	blue1i	false_alarm	2	3810	5	1978133	1	3950	218	0	3950
Picture	full1n	other				1989966	1	2950	218	0	2950
Picture	full1i	other				2000799	1	4290	212	0	4290
Picture	full1n	other				2012299	1	4120	215	0	4120
Picture	full0n	other				2024465	1	3120	216	0	3120
Picture	full1i	other				2037132	1	3790	212	0	3790
Picture	full1n	other				2050298	1	4120	216	0	4120
Picture	full0i	other				2062465	1	2450	218	0	2450
Picture	blue0n	false_alarm	2	3911	5	2074631	1	4120	215	0	4120
Picture	full1i	other				2085631	1	3000	2	0	2950
Picture	full1n	other				2098297	2	2790	213	0	2790
Picture	full1i	other				2109130	2	3120	217	0	3120
Picture	full0i	other				2122297	1	4790	212	0	4790
Picture	full0n	other				2134463	2	4120	217	0	4120
Picture	full1n	other				2145463	1	5000	2	0	4950
Picture	full0i	other				2158963	1	4500	2	0	4450
Picture	full1i	other				2170296	1	4500	2	0	4450
Picture	full0n	other				2183463	1	4120	215	0	4120
Picture	full0i	other				2194962	2	4450	220	0	4450
Picture	blue0n	false_alarm	2	4212	6	2207129	1	2450	218	0	2450
Picture	full1n	other				2218629	1	3950	218	0	3950
Picture	full1i	other				2230128	2	4790	213	0	4790
Picture	full0i	other				2243628	1	2790	212	0	2790
Picture	full0n	other				2256295	1	4290	212	0	4290
Picture	full0i	other				2267628	1	3290	212	0	3290
Picture	full0n	other				2279461	1	4950	219	0	4950
Picture	full1n	other				2291627	2	3120	217	0	3120
Picture	full1i	other				2302627	1	4000	2	0	3950
Picture	full1n	other				2313627	1	3950	219	0	3950
Picture	full0i	other				2324627	1	4790	212	0	4790
Picture	full1i	other				2335460	1	3000	2	0	2950
Picture	full0n	other				2347793	1	3120	216	0	3120
Picture	full0i	other				2360460	1	3290	212	0	3290
Picture	blue1n	false_alarm	2	3245	2	2372626	1	2790	212	0	2790
Picture	full0n	other				2384959	1	4120	216	0	4120
Picture	full0i	other				2396792	1	3667	2	0	3620
Picture	full1i	other				2408959	1	3790	212	0	3790
Picture	full0n	other				2422459	1	3000	2	0	2950
Picture	full0i	other				2434292	1	4790	212	0	4790
Picture	full0n	other				2447791	2	4451	219	0	4450
Picture	full0i	other				2459291	2	4500	3	0	4450
Picture	full0n	other				2470624	2	3120	217	0	3120
Picture	full1n	other				2483791	1	4451	218	0	4450
Picture	blue0i	false_alarm	2	4115	6	2496124	1	3120	215	0	3120
Picture	full0n	other				2508790	2	3452	218	0	3450
Picture	full0i	other				2521124	1	4290	212	0	4290
Picture	full0n	other				2531957	1	2950	218	0	2950
Picture	full0i	other				2544790	1	3452	217	0	3450
Picture	full0n	other				2556956	1	3290	212	0	3290
Picture	full1i	other				2569123	1	3120	215	0	3120
Picture	blue0i	false_alarm	2	4889	2	2581289	1	4620	216	0	4620
Picture	full1n	other				2593456	1	2620	215	0	2620
Picture	full0n	other				2604289	1	3666	3	0	3620
Picture	full0i	other				2616622	1	4790	212	0	4790
Picture	full0n	other				2629788	2	3290	214	0	3290
Picture	full0i	other				2642955	1	3790	212	0	3790
Picture	full1i	other				2655121	2	3790	213	0	3790
Picture	full0n	other				2666954	2	4500	4	0	4450
Picture	full1n	other				2677954	2	4790	213	0	4790
Picture	full0i	other				2689787	2	2620	217	0	2620
Picture	full1i	other				2701287	1	4450	219	0	4450
Picture	full0n	other				2714787	1	4290	212	0	4290
Picture	full1n	other				2726287	1	3790	212	0	3790
Picture	full1i	other				2738620	1	2790	212	0	2790
Picture	blue1n	false_alarm	2	3720	2	2749953	1	4120	215	0	4120
Picture	full1i	other				2760953	1	2500	2	0	2450
Picture	full0i	other				2773619	2	4790	213	0	4790
Picture	full0n	other				2786452	2	2790	214	0	2790
Picture	full0i	other				2799119	1	4000	2	0	3950
Picture	blue1n	false_alarm	2	5308	5	2810119	1	3790	212	0	3790
Picture	full0n	other				2821119	1	4620	215	0	4620
Picture	full0i	other				2834618	2	4000	3	0	3950
Picture	full0n	other				2845951	2	3120	217	0	3120
Picture	full1i	other				2859451	2	3790	213	0	3790
Picture	full0i	other				2872118	1	2450	218	0	2450
Picture	full1n	other				2883451	1	4290	212	0	4290
Picture	full1i	other				2896117	2	4000	3	0	3950
Picture	full1n	other				2907617	1	4120	216	0	4120
Picture	full0n	other				2918617	1	4120	215	0	4120
Picture	full1i	other				2931450	1	4290	212	0	4290
Picture	full0i	other				2943617	1	3950	52	0	3950
Picture	full1n	other				2954950	1	2790	212	0	2790
Picture	blue0n	false_alarm	2	4120	48	2965783	1	4166	3	0	4120
Picture	full1i	other				2977949	1	3120	216	0	3120
Picture	full1n	other				2989282	2	3620	217	0	3620
Picture	full0i	other				3002116	1	3790	212	0	3790
Picture	full1i	other				3013615	2	3450	220	0	3450
Picture	full1n	other				3025948	2	2500	4	0	2450
Picture	full1i	other				3039448	1	2790	212	0	2790
Picture	full1n	other				3052281	2	3500	3	0	3450
Picture	full1i	other				3064115	1	2950	218	0	2950
Picture	full0n	other				3077281	1	5000	2	0	4950
Picture	full1n	other				3088114	1	4333	3	0	4290
Picture	full1i	other				3101281	1	4790	212	0	4790
Picture	full1n	other				3113614	1	3450	218	0	3450
Picture	full1i	other				3126780	1	3790	212	0	3790
Picture	full1n	other				3139947	1	3290	212	0	3290
Picture	full1i	other				3152113	1	2950	219	0	2950
Picture	full0i	other				3164946	1	2620	216	0	2620
Picture	full0n	other				3175946	1	3290	212	0	3290
Picture	blue1n	false_alarm	2	3799	4	3188612	2	4790	213	0	4790
Picture	full0i	other				3199946	1	4290	212	0	4290
Picture	full0n	other				3212112	1	3790	212	0	3790
Picture	full0i	other				3223612	1	4000	2	0	3950
Picture	full0n	other				3235445	1	3120	215	0	3120
Picture	full1i	other				3248945	1	4290	212	0	4290
Picture	full1n	other				3261111	1	3000	2	0	2950
Picture	full1i	other				3271944	2	4290	213	0	4290
Picture	blue0i	false_alarm	2	4880	5	3285444	1	2620	216	0	2620
Picture	full1n	other				3298944	1	4120	215	0	4120
Picture	full1i	other				3309777	1	4790	212	0	4790
Picture	full1n	other				3321277	1	2620	215	0	2620
Picture	full1i	other				3333610	1	3120	216	0	3120
Picture	full1n	other				3346443	1	4790	212	0	4790
Picture	full1i	other				3357776	2	3620	217	0	3620
Picture	full0n	other				3370609	2	4450	220	0	4450
Picture	full1n	other				3383443	1	4120	215	0	4120
Picture	blue1i	false_alarm	2	3847	5	3395276	1	4620	215	0	4620
Picture	full0i	other				3407442	1	4290	212	0	4290
Picture	full0n	other				3420609	1	3620	215	0	3620
Picture	default	other				3432775	1	2667	2	0	2500
Picture	default	other				3452941	2	7168	3	0	2500
